2025-07-23 00:08:06 - [INFO] backup completed
2025-07-23 00:15:56 - [INFO] file uploaded
2025-07-23 00:16:29 - [WARNING] Suspicious activity detected: sql_injection
2025-07-23 00:23:57 - [INFO] user login
2025-07-23 00:36:05 - [WARNING] Suspicious activity detected: port_scan
2025-07-23 00:50:24 - [INFO] file downloaded
2025-07-23 00:53:13 - [WARNING] Suspicious activity detected: ddos
2025-07-23 00:56:30 - [WARNING] Suspicious activity detected: port_scan
2025-07-23 01:03:52 - [INFO] system check passed
2025-07-23 01:04:22 - [INFO] file downloaded
2025-07-23 01:11:52 - [INFO] backup completed
2025-07-23 01:12:50 - [WARNING] Suspicious activity detected: brute_force
2025-07-23 01:19:00 - [INFO] file downloaded
2025-07-23 01:23:27 - [INFO] user login
2025-07-23 01:31:48 - [INFO] system check passed
2025-07-23 01:54:43 - [INFO] system check passed
2025-07-23 01:56:07 - [INFO] system check passed
2025-07-23 02:00:55 - [WARNING] Suspicious activity detected: brute_force
2025-07-23 02:02:08 - [INFO] user login
2025-07-23 02:05:14 - [WARNING] Suspicious activity detected: sql_injection
2025-07-23 02:09:54 - [INFO] file uploaded
2025-07-23 02:12:05 - [WARNING] Suspicious activity detected: port_scan
2025-07-23 02:12:33 - [WARNING] Suspicious activity detected: unauthorized_access
2025-07-23 02:14:32 - [WARNING] Suspicious activity detected: brute_force
2025-07-23 02:16:38 - [INFO] system check passed
2025-07-23 02:17:45 - [INFO] file downloaded
2025-07-23 02:19:08 - [INFO] file uploaded
2025-07-23 02:24:49 - [INFO] backup completed
2025-07-23 02:27:13 - [INFO] file downloaded
2025-07-23 02:31:50 - [WARNING] Suspicious activity detected: unauthorized_access
2025-07-23 02:47:55 - [WARNING] Suspicious activity detected: intrusion
2025-07-23 03:02:14 - [WARNING] Suspicious activity detected: port_scan
2025-07-23 03:02:15 - [INFO] backup completed
2025-07-23 03:07:59 - [INFO] system check passed
2025-07-23 03:08:41 - [WARNING] Suspicious activity detected: ddos
2025-07-23 03:16:03 - [WARNING] Suspicious activity detected: brute_force
2025-07-23 03:26:10 - [INFO] email sent
2025-07-23 03:26:28 - [WARNING] Suspicious activity detected: brute_force
2025-07-23 03:30:22 - [INFO] system check passed
2025-07-23 03:34:22 - [INFO] user login
2025-07-23 03:38:25 - [INFO] config updated
2025-07-23 03:39:29 - [INFO] user login
2025-07-23 03:39:44 - [INFO] backup completed
2025-07-23 03:42:43 - [WARNING] Suspicious activity detected: intrusion
2025-07-23 04:05:17 - [INFO] user login
2025-07-23 04:08:31 - [WARNING] Suspicious activity detected: malware
2025-07-23 04:14:19 - [INFO] user login
2025-07-23 04:21:03 - [INFO] system check passed
2025-07-23 04:26:31 - [WARNING] Suspicious activity detected: malware
2025-07-23 04:27:09 - [INFO] email sent
2025-07-23 04:37:34 - [WARNING] Suspicious activity detected: port_scan
2025-07-23 04:42:21 - [WARNING] Suspicious activity detected: brute_force
2025-07-23 04:44:30 - [INFO] user login
2025-07-23 04:45:09 - [WARNING] Suspicious activity detected: intrusion
2025-07-23 04:55:13 - [INFO] user login
2025-07-23 05:22:32 - [WARNING] Suspicious activity detected: unauthorized_access
2025-07-23 05:31:15 - [INFO] backup completed
2025-07-23 05:33:00 - [INFO] email sent
2025-07-23 05:38:02 - [WARNING] Suspicious activity detected: unauthorized_access
2025-07-23 05:40:23 - [INFO] file downloaded
2025-07-23 05:42:36 - [INFO] system check passed
2025-07-23 05:44:13 - [INFO] email sent
2025-07-23 05:52:46 - [WARNING] Suspicious activity detected: port_scan
2025-07-23 05:58:04 - [INFO] system check passed
2025-07-23 06:06:43 - [INFO] email sent
2025-07-23 06:07:05 - [WARNING] Suspicious activity detected: malware
2025-07-23 06:14:59 - [WARNING] Suspicious activity detected: unauthorized_access
2025-07-23 06:19:35 - [WARNING] Suspicious activity detected: malware
2025-07-23 06:34:00 - [WARNING] Suspicious activity detected: unauthorized_access
2025-07-23 06:47:56 - [INFO] system check passed
2025-07-23 06:52:37 - [INFO] config updated
2025-07-23 07:07:30 - [WARNING] Suspicious activity detected: ddos
2025-07-23 07:10:14 - [INFO] system check passed
2025-07-23 07:29:21 - [WARNING] Suspicious activity detected: malware
2025-07-23 07:32:36 - [INFO] file uploaded
2025-07-23 07:41:46 - [WARNING] Suspicious activity detected: brute_force
2025-07-23 07:43:15 - [INFO] user login
2025-07-23 07:51:09 - [WARNING] Suspicious activity detected: brute_force
2025-07-23 07:54:08 - [INFO] file uploaded
2025-07-23 08:07:35 - [INFO] system check passed
2025-07-23 08:08:56 - [INFO] email sent
2025-07-23 08:11:42 - [WARNING] Suspicious activity detected: brute_force
2025-07-23 08:20:05 - [WARNING] Suspicious activity detected: brute_force
2025-07-23 08:21:12 - [INFO] email sent
2025-07-23 08:31:58 - [WARNING] Suspicious activity detected: malware
2025-07-23 08:59:30 - [INFO] user login
2025-07-23 09:19:21 - [INFO] file uploaded
2025-07-23 09:24:10 - [WARNING] Suspicious activity detected: brute_force
2025-07-23 09:26:32 - [WARNING] Suspicious activity detected: port_scan
2025-07-23 09:32:02 - [WARNING] Suspicious activity detected: brute_force
2025-07-23 09:50:27 - [INFO] file downloaded
2025-07-23 10:03:23 - [WARNING] Suspicious activity detected: brute_force
2025-07-23 10:23:42 - [WARNING] Suspicious activity detected: ip_blocked
2025-07-23 10:31:12 - [INFO] system check passed
2025-07-23 10:37:24 - [WARNING] Suspicious activity detected: sql_injection
2025-07-23 10:38:51 - [WARNING] Suspicious activity detected: ip_blocked
2025-07-23 10:40:05 - [WARNING] Suspicious activity detected: malware
2025-07-23 10:40:32 - [INFO] file uploaded
2025-07-23 10:44:29 - [WARNING] Suspicious activity detected: brute_force
2025-07-23 10:49:49 - [WARNING] Suspicious activity detected: port_scan
2025-07-23 10:50:05 - [WARNING] Suspicious activity detected: ip_blocked
2025-07-23 10:55:42 - [WARNING] Suspicious activity detected: ddos
2025-07-23 10:59:07 - [INFO] email sent
2025-07-23 10:59:31 - [WARNING] Suspicious activity detected: intrusion
2025-07-23 11:03:16 - [INFO] backup completed
2025-07-23 11:13:46 - [WARNING] Suspicious activity detected: brute_force
2025-07-23 11:16:45 - [INFO] file downloaded
2025-07-23 11:17:42 - [WARNING] Suspicious activity detected: malware
2025-07-23 11:22:32 - [INFO] file downloaded
2025-07-23 11:30:04 - [INFO] file uploaded
2025-07-23 11:43:15 - [INFO] system check passed
2025-07-23 11:44:29 - [INFO] email sent
2025-07-23 12:00:41 - [WARNING] Suspicious activity detected: brute_force
2025-07-23 12:04:02 - [INFO] system check passed
2025-07-23 12:04:11 - [INFO] config updated
2025-07-23 12:04:41 - [INFO] config updated
2025-07-23 12:05:05 - [INFO] email sent
2025-07-23 12:14:31 - [WARNING] Suspicious activity detected: intrusion
2025-07-23 12:15:02 - [WARNING] Suspicious activity detected: malware
2025-07-23 12:29:01 - [INFO] config updated
2025-07-23 12:30:38 - [WARNING] Suspicious activity detected: ddos
2025-07-23 12:41:42 - [WARNING] Suspicious activity detected: brute_force
2025-07-23 12:58:19 - [WARNING] Suspicious activity detected: brute_force
2025-07-23 13:12:12 - [WARNING] Suspicious activity detected: intrusion
2025-07-23 13:18:53 - [WARNING] Suspicious activity detected: unauthorized_access
2025-07-23 13:19:10 - [WARNING] Suspicious activity detected: ip_blocked
2025-07-23 13:24:17 - [INFO] backup completed
2025-07-23 13:24:45 - [INFO] system check passed
2025-07-23 13:43:24 - [WARNING] Suspicious activity detected: ddos
2025-07-23 13:44:13 - [WARNING] Suspicious activity detected: port_scan
2025-07-23 13:49:28 - [INFO] file uploaded
2025-07-23 13:50:58 - [INFO] email sent
2025-07-23 13:54:06 - [INFO] file uploaded
2025-07-23 13:58:52 - [WARNING] Suspicious activity detected: port_scan
2025-07-23 13:59:19 - [INFO] user login
2025-07-23 14:22:59 - [INFO] user login
2025-07-23 14:45:21 - [WARNING] Suspicious activity detected: brute_force
2025-07-23 14:47:33 - [WARNING] Suspicious activity detected: brute_force
2025-07-23 14:49:51 - [INFO] backup completed
2025-07-23 14:51:55 - [INFO] config updated
2025-07-23 14:52:47 - [INFO] system check passed
2025-07-23 14:56:25 - [WARNING] Suspicious activity detected: unauthorized_access
2025-07-23 14:56:34 - [INFO] file downloaded
2025-07-23 14:58:45 - [INFO] system check passed
2025-07-23 15:02:58 - [INFO] email sent
2025-07-23 15:11:56 - [INFO] file downloaded
2025-07-23 15:15:55 - [WARNING] Suspicious activity detected: port_scan
2025-07-23 15:19:47 - [INFO] backup completed
2025-07-23 15:23:10 - [INFO] file uploaded
2025-07-23 15:26:14 - [INFO] system check passed
2025-07-23 15:28:29 - [INFO] email sent
2025-07-23 15:29:24 - [WARNING] Suspicious activity detected: malware
2025-07-23 15:40:29 - [WARNING] Suspicious activity detected: malware
2025-07-23 15:40:58 - [WARNING] Suspicious activity detected: ip_blocked
2025-07-23 15:45:55 - [INFO] config updated
2025-07-23 15:51:25 - [INFO] backup completed
2025-07-23 15:51:52 - [WARNING] Suspicious activity detected: malware
2025-07-23 15:58:41 - [INFO] user login
2025-07-23 16:13:01 - [WARNING] Suspicious activity detected: sql_injection
2025-07-23 16:15:42 - [INFO] config updated
2025-07-23 16:21:32 - [WARNING] Suspicious activity detected: intrusion
2025-07-23 16:32:16 - [WARNING] Suspicious activity detected: brute_force
2025-07-23 16:34:02 - [INFO] system check passed
2025-07-23 16:41:05 - [INFO] file uploaded
2025-07-23 16:42:19 - [INFO] backup completed
2025-07-23 16:43:58 - [WARNING] Suspicious activity detected: malware
2025-07-23 16:44:22 - [INFO] backup completed
2025-07-23 16:56:22 - [INFO] backup completed
2025-07-23 17:00:56 - [WARNING] Suspicious activity detected: ddos
2025-07-23 17:02:04 - [WARNING] Suspicious activity detected: ip_blocked
2025-07-23 17:05:42 - [INFO] config updated
2025-07-23 17:05:56 - [WARNING] Suspicious activity detected: ddos
2025-07-23 17:17:29 - [INFO] file downloaded
2025-07-23 17:21:30 - [INFO] backup completed
2025-07-23 17:28:43 - [INFO] config updated
2025-07-23 17:40:13 - [WARNING] Suspicious activity detected: unauthorized_access
2025-07-23 17:40:58 - [WARNING] Suspicious activity detected: brute_force
2025-07-23 17:50:00 - [INFO] email sent
2025-07-23 17:51:18 - [INFO] backup completed
2025-07-23 17:56:33 - [WARNING] Suspicious activity detected: ddos
2025-07-23 18:01:35 - [WARNING] Suspicious activity detected: intrusion
2025-07-23 18:05:28 - [WARNING] Suspicious activity detected: malware
2025-07-23 18:05:30 - [INFO] system check passed
2025-07-23 18:12:18 - [INFO] file downloaded
2025-07-23 18:14:48 - [INFO] file uploaded
2025-07-23 18:16:57 - [WARNING] Suspicious activity detected: port_scan
2025-07-23 18:33:12 - [INFO] file uploaded
2025-07-23 18:33:35 - [WARNING] Suspicious activity detected: ddos
2025-07-23 18:37:35 - [INFO] system check passed
2025-07-23 18:37:49 - [WARNING] Suspicious activity detected: port_scan
2025-07-23 18:49:40 - [INFO] email sent
2025-07-23 18:51:53 - [WARNING] Suspicious activity detected: ip_blocked
2025-07-23 18:59:12 - [INFO] email sent
2025-07-23 18:59:17 - [INFO] file downloaded
2025-07-23 19:02:54 - [INFO] config updated
2025-07-23 19:03:26 - [INFO] config updated
2025-07-23 19:03:40 - [WARNING] Suspicious activity detected: ddos
2025-07-23 19:15:04 - [WARNING] Suspicious activity detected: ip_blocked
2025-07-23 19:37:22 - [WARNING] Suspicious activity detected: ip_blocked
2025-07-23 19:49:24 - [INFO] backup completed
2025-07-23 19:56:23 - [INFO] system check passed
2025-07-23 19:59:10 - [INFO] file uploaded
2025-07-23 19:59:14 - [WARNING] Suspicious activity detected: port_scan
2025-07-23 19:59:32 - [INFO] file downloaded
2025-07-23 20:00:01 - [WARNING] Suspicious activity detected: sql_injection
2025-07-23 20:05:16 - [INFO] user login
2025-07-23 20:18:54 - [WARNING] Suspicious activity detected: sql_injection
2025-07-23 20:21:33 - [INFO] system check passed
2025-07-23 20:25:31 - [INFO] email sent
2025-07-23 20:29:01 - [INFO] config updated
2025-07-23 20:38:28 - [INFO] system check passed
2025-07-23 20:47:04 - [INFO] user login
2025-07-23 20:51:29 - [WARNING] Suspicious activity detected: intrusion
2025-07-23 20:53:38 - [WARNING] Suspicious activity detected: brute_force
2025-07-23 20:55:32 - [WARNING] Suspicious activity detected: ip_blocked
2025-07-23 20:58:53 - [INFO] config updated
2025-07-23 21:03:51 - [INFO] email sent
2025-07-23 21:04:05 - [WARNING] Suspicious activity detected: intrusion
2025-07-23 21:07:50 - [INFO] file downloaded
2025-07-23 21:12:46 - [WARNING] Suspicious activity detected: sql_injection
2025-07-23 21:22:55 - [INFO] system check passed
2025-07-23 21:30:14 - [INFO] config updated
2025-07-23 21:31:58 - [INFO] user login
2025-07-23 21:35:03 - [WARNING] Suspicious activity detected: port_scan
2025-07-23 21:36:56 - [WARNING] Suspicious activity detected: brute_force
2025-07-23 21:37:19 - [INFO] file uploaded
2025-07-23 21:37:30 - [WARNING] Suspicious activity detected: unauthorized_access
2025-07-23 21:45:16 - [INFO] backup completed
2025-07-23 21:50:42 - [WARNING] Suspicious activity detected: malware
2025-07-23 21:58:56 - [INFO] user login
2025-07-23 21:59:24 - [WARNING] Suspicious activity detected: port_scan
2025-07-23 22:17:54 - [INFO] system check passed
2025-07-23 22:20:49 - [INFO] email sent
2025-07-23 22:34:36 - [INFO] config updated
2025-07-23 22:36:47 - [INFO] file uploaded
2025-07-23 22:38:14 - [INFO] email sent
2025-07-23 22:45:37 - [INFO] file uploaded
2025-07-23 22:47:52 - [INFO] backup completed
2025-07-23 22:53:23 - [WARNING] Suspicious activity detected: ip_blocked
2025-07-23 22:56:10 - [INFO] system check passed
2025-07-23 23:02:16 - [WARNING] Suspicious activity detected: unauthorized_access
2025-07-23 23:04:57 - [INFO] file downloaded
2025-07-23 23:24:01 - [WARNING] Suspicious activity detected: port_scan
2025-07-23 23:25:51 - [INFO] file uploaded
2025-07-23 23:26:51 - [INFO] file downloaded
2025-07-23 23:28:54 - [INFO] email sent
2025-07-23 23:33:51 - [WARNING] Suspicious activity detected: intrusion
2025-07-23 23:40:17 - [WARNING] Suspicious activity detected: intrusion
2025-07-23 23:48:52 - [INFO] file downloaded
2025-07-23 23:58:03 - [WARNING] Suspicious activity detected: unauthorized_access
2025-07-23 23:58:59 - [INFO] file uploaded