2025-07-01 00:20:08 - [INFO] email sent
2025-07-01 00:35:14 - [INFO] file downloaded
2025-07-01 00:57:59 - [INFO] file downloaded
2025-07-01 01:03:57 - [WARNING] Suspicious activity detected: malware
2025-07-01 01:11:11 - [INFO] backup completed
2025-07-01 01:14:44 - [INFO] backup completed
2025-07-01 01:35:49 - [WARNING] Suspicious activity detected: ddos
2025-07-01 01:37:32 - [WARNING] Suspicious activity detected: ddos
2025-07-01 01:46:13 - [INFO] backup completed
2025-07-01 01:47:11 - [WARNING] Suspicious activity detected: unauthorized_access
2025-07-01 01:50:25 - [WARNING] Suspicious activity detected: ip_blocked
2025-07-01 02:08:24 - [INFO] backup completed
2025-07-01 02:17:15 - [INFO] file downloaded
2025-07-01 02:18:22 - [WARNING] Suspicious activity detected: sql_injection
2025-07-01 02:26:30 - [INFO] file uploaded
2025-07-01 02:27:27 - [WARNING] Suspicious activity detected: ip_blocked
2025-07-01 02:32:13 - [INFO] config updated
2025-07-01 02:38:40 - [INFO] user login
2025-07-01 02:39:58 - [INFO] file uploaded
2025-07-01 02:52:47 - [INFO] system check passed
2025-07-01 02:57:59 - [INFO] file uploaded
2025-07-01 03:22:32 - [INFO] config updated
2025-07-01 03:40:47 - [INFO] system check passed
2025-07-01 03:44:53 - [INFO] backup completed
2025-07-01 03:57:20 - [INFO] system check passed
2025-07-01 04:00:16 - [INFO] file uploaded
2025-07-01 04:08:13 - [INFO] config updated
2025-07-01 04:20:50 - [INFO] file downloaded
2025-07-01 04:33:09 - [WARNING] Suspicious activity detected: ddos
2025-07-01 04:36:02 - [INFO] file downloaded
2025-07-01 04:48:39 - [INFO] backup completed
2025-07-01 05:10:28 - [WARNING] Suspicious activity detected: brute_force
2025-07-01 05:12:51 - [INFO] backup completed
2025-07-01 05:19:04 - [WARNING] Suspicious activity detected: malware
2025-07-01 05:24:37 - [INFO] email sent
2025-07-01 05:34:58 - [WARNING] Suspicious activity detected: unauthorized_access
2025-07-01 05:39:21 - [WARNING] Suspicious activity detected: brute_force
2025-07-01 05:45:20 - [INFO] email sent
2025-07-01 05:53:33 - [INFO] file uploaded
2025-07-01 05:58:51 - [INFO] system check passed
2025-07-01 06:24:25 - [INFO] user login
2025-07-01 06:28:46 - [INFO] system check passed
2025-07-01 06:40:18 - [INFO] system check passed
2025-07-01 06:40:42 - [INFO] system check passed
2025-07-01 06:48:19 - [WARNING] Suspicious activity detected: ddos
2025-07-01 06:49:55 - [INFO] backup completed
2025-07-01 06:56:46 - [WARNING] Suspicious activity detected: ddos
2025-07-01 06:58:25 - [INFO] system check passed
2025-07-01 07:10:32 - [INFO] config updated
2025-07-01 07:14:20 - [INFO] user login
2025-07-01 07:46:38 - [INFO] email sent
2025-07-01 07:49:02 - [INFO] file uploaded
2025-07-01 08:52:33 - [INFO] backup completed
2025-07-01 09:09:20 - [INFO] config updated
2025-07-01 09:10:22 - [INFO] system check passed
2025-07-01 09:39:48 - [INFO] backup completed
2025-07-01 09:47:51 - [INFO] file uploaded
2025-07-01 10:07:04 - [INFO] system check passed
2025-07-01 10:14:41 - [INFO] user login
2025-07-01 10:21:38 - [INFO] user login
2025-07-01 10:22:43 - [INFO] system check passed
2025-07-01 10:23:42 - [INFO] config updated
2025-07-01 10:32:52 - [WARNING] Suspicious activity detected: ddos
2025-07-01 10:35:13 - [INFO] system check passed
2025-07-01 10:55:09 - [INFO] file downloaded
2025-07-01 10:58:11 - [INFO] file downloaded
2025-07-01 11:01:51 - [WARNING] Suspicious activity detected: intrusion
2025-07-01 11:01:54 - [INFO] email sent
2025-07-01 11:04:58 - [WARNING] Suspicious activity detected: intrusion
2025-07-01 11:18:31 - [INFO] file downloaded
2025-07-01 11:35:09 - [INFO] file downloaded
2025-07-01 11:41:27 - [INFO] config updated
2025-07-01 11:51:22 - [WARNING] Suspicious activity detected: port_scan
2025-07-01 12:01:01 - [WARNING] Suspicious activity detected: port_scan
2025-07-01 12:11:35 - [INFO] system check passed
2025-07-01 12:12:34 - [WARNING] Suspicious activity detected: brute_force
2025-07-01 12:17:15 - [WARNING] Suspicious activity detected: malware
2025-07-01 12:20:40 - [INFO] email sent
2025-07-01 12:27:00 - [WARNING] Suspicious activity detected: intrusion
2025-07-01 12:30:55 - [WARNING] Suspicious activity detected: ddos
2025-07-01 12:32:12 - [INFO] email sent
2025-07-01 12:34:31 - [WARNING] Suspicious activity detected: brute_force
2025-07-01 12:37:35 - [INFO] system check passed
2025-07-01 12:43:56 - [INFO] user login
2025-07-01 12:46:54 - [INFO] backup completed
2025-07-01 13:26:41 - [WARNING] Suspicious activity detected: malware
2025-07-01 13:30:37 - [INFO] system check passed
2025-07-01 13:33:16 - [INFO] config updated
2025-07-01 13:36:14 - [WARNING] Suspicious activity detected: ip_blocked
2025-07-01 14:26:28 - [INFO] backup completed
2025-07-01 14:32:49 - [INFO] backup completed
2025-07-01 14:45:46 - [INFO] email sent
2025-07-01 15:38:09 - [WARNING] Suspicious activity detected: brute_force
2025-07-01 15:51:25 - [WARNING] Suspicious activity detected: unauthorized_access
2025-07-01 15:53:58 - [INFO] system check passed
2025-07-01 16:18:47 - [INFO] file downloaded
2025-07-01 16:27:44 - [WARNING] Suspicious activity detected: sql_injection
2025-07-01 16:35:22 - [INFO] email sent
2025-07-01 16:35:45 - [INFO] email sent
2025-07-01 16:36:14 - [WARNING] Suspicious activity detected: unauthorized_access
2025-07-01 16:40:32 - [INFO] email sent
2025-07-01 16:49:43 - [INFO] config updated
2025-07-01 16:59:51 - [INFO] file downloaded
2025-07-01 17:00:21 - [INFO] user login
2025-07-01 17:07:50 - [WARNING] Suspicious activity detected: intrusion
2025-07-01 17:19:43 - [INFO] file downloaded
2025-07-01 17:22:15 - [INFO] config updated
2025-07-01 17:32:54 - [INFO] config updated
2025-07-01 17:49:22 - [WARNING] Suspicious activity detected: intrusion
2025-07-01 17:55:00 - [INFO] file downloaded
2025-07-01 18:06:18 - [INFO] backup completed
2025-07-01 18:06:24 - [INFO] email sent
2025-07-01 18:07:25 - [INFO] backup completed
2025-07-01 18:09:50 - [INFO] config updated
2025-07-01 18:12:28 - [INFO] backup completed
2025-07-01 18:22:41 - [INFO] system check passed
2025-07-01 18:51:27 - [INFO] file uploaded
2025-07-01 18:53:01 - [WARNING] Suspicious activity detected: malware
2025-07-01 19:01:02 - [INFO] user login
2025-07-01 19:02:56 - [WARNING] Suspicious activity detected: brute_force
2025-07-01 19:03:06 - [INFO] user login
2025-07-01 19:08:30 - [INFO] backup completed
2025-07-01 19:26:51 - [INFO] email sent
2025-07-01 19:59:31 - [WARNING] Suspicious activity detected: sql_injection
2025-07-01 20:15:38 - [INFO] user login
2025-07-01 20:15:56 - [INFO] file downloaded
2025-07-01 20:20:55 - [WARNING] Suspicious activity detected: ddos
2025-07-01 20:22:41 - [INFO] file uploaded
2025-07-01 20:22:51 - [INFO] backup completed
2025-07-01 20:24:19 - [INFO] config updated
2025-07-01 20:33:51 - [INFO] user login
2025-07-01 20:46:03 - [WARNING] Suspicious activity detected: brute_force
2025-07-01 20:46:52 - [INFO] file downloaded
2025-07-01 20:51:24 - [INFO] email sent
2025-07-01 20:54:12 - [INFO] file uploaded
2025-07-01 20:56:22 - [INFO] user login
2025-07-01 21:15:12 - [INFO] backup completed
2025-07-01 21:29:34 - [INFO] file uploaded
2025-07-01 21:35:57 - [INFO] email sent
2025-07-01 21:50:22 - [INFO] config updated
2025-07-01 21:52:33 - [INFO] file downloaded
2025-07-01 22:06:25 - [WARNING] Suspicious activity detected: sql_injection
2025-07-01 22:15:51 - [INFO] file downloaded
2025-07-01 22:22:05 - [INFO] file downloaded
2025-07-01 22:23:25 - [INFO] file uploaded
2025-07-01 22:24:42 - [WARNING] Suspicious activity detected: malware
2025-07-01 22:27:09 - [INFO] file downloaded
2025-07-01 22:30:59 - [WARNING] Suspicious activity detected: brute_force
2025-07-01 22:56:15 - [INFO] backup completed
2025-07-01 22:59:24 - [WARNING] Suspicious activity detected: ip_blocked
2025-07-01 23:03:14 - [INFO] file uploaded
2025-07-01 23:05:54 - [WARNING] Suspicious activity detected: unauthorized_access
2025-07-01 23:06:27 - [INFO] file uploaded
2025-07-01 23:11:39 - [INFO] backup completed
2025-07-01 23:18:16 - [WARNING] Suspicious activity detected: port_scan
2025-07-01 23:19:20 - [INFO] email sent
2025-07-01 23:25:04 - [INFO] backup completed
2025-07-01 23:25:32 - [INFO] file uploaded
2025-07-01 23:30:51 - [INFO] system check passed
2025-07-01 23:42:37 - [WARNING] Suspicious activity detected: port_scan