2025-07-03 00:06:55 - [INFO] user login
2025-07-03 00:22:30 - [WARNING] Suspicious activity detected: brute_force
2025-07-03 00:35:43 - [WARNING] Suspicious activity detected: ip_blocked
2025-07-03 00:39:38 - [INFO] file downloaded
2025-07-03 00:52:37 - [INFO] backup completed
2025-07-03 01:05:58 - [INFO] system check passed
2025-07-03 01:10:36 - [INFO] user login
2025-07-03 01:28:13 - [WARNING] Suspicious activity detected: port_scan
2025-07-03 01:29:11 - [INFO] email sent
2025-07-03 01:29:25 - [WARNING] Suspicious activity detected: unauthorized_access
2025-07-03 01:38:00 - [INFO] system check passed
2025-07-03 01:41:31 - [INFO] file downloaded
2025-07-03 01:46:53 - [INFO] config updated
2025-07-03 01:51:42 - [WARNING] Suspicious activity detected: unauthorized_access
2025-07-03 02:02:25 - [INFO] user login
2025-07-03 02:03:21 - [INFO] email sent
2025-07-03 02:21:53 - [INFO] system check passed
2025-07-03 02:28:13 - [INFO] backup completed
2025-07-03 02:43:32 - [INFO] backup completed
2025-07-03 02:47:15 - [WARNING] Suspicious activity detected: ip_blocked
2025-07-03 03:02:00 - [WARNING] Suspicious activity detected: sql_injection
2025-07-03 03:10:39 - [INFO] user login
2025-07-03 03:12:25 - [INFO] backup completed
2025-07-03 03:19:58 - [INFO] system check passed
2025-07-03 03:21:53 - [WARNING] Suspicious activity detected: ip_blocked
2025-07-03 03:24:23 - [INFO] email sent
2025-07-03 03:25:02 - [INFO] file downloaded
2025-07-03 03:33:09 - [WARNING] Suspicious activity detected: port_scan
2025-07-03 03:44:56 - [WARNING] Suspicious activity detected: malware
2025-07-03 03:49:28 - [INFO] user login
2025-07-03 03:49:47 - [INFO] backup completed
2025-07-03 03:54:25 - [INFO] file downloaded
2025-07-03 03:59:14 - [INFO] file downloaded
2025-07-03 04:03:52 - [INFO] user login
2025-07-03 04:06:00 - [INFO] file uploaded
2025-07-03 04:15:56 - [INFO] file downloaded
2025-07-03 04:24:55 - [INFO] email sent
2025-07-03 04:29:34 - [WARNING] Suspicious activity detected: intrusion
2025-07-03 04:39:21 - [WARNING] Suspicious activity detected: port_scan
2025-07-03 04:41:37 - [WARNING] Suspicious activity detected: ddos
2025-07-03 04:43:46 - [INFO] user login
2025-07-03 04:56:50 - [WARNING] Suspicious activity detected: port_scan
2025-07-03 05:10:01 - [WARNING] Suspicious activity detected: intrusion
2025-07-03 05:13:11 - [WARNING] Suspicious activity detected: unauthorized_access
2025-07-03 05:32:13 - [WARNING] Suspicious activity detected: intrusion
2025-07-03 05:34:11 - [INFO] user login
2025-07-03 06:06:09 - [WARNING] Suspicious activity detected: port_scan
2025-07-03 06:21:43 - [WARNING] Suspicious activity detected: unauthorized_access
2025-07-03 06:37:10 - [INFO] config updated
2025-07-03 06:40:39 - [INFO] file uploaded
2025-07-03 06:49:12 - [WARNING] Suspicious activity detected: ip_blocked
2025-07-03 06:51:19 - [WARNING] Suspicious activity detected: sql_injection
2025-07-03 06:51:40 - [INFO] backup completed
2025-07-03 06:55:57 - [WARNING] Suspicious activity detected: ip_blocked
2025-07-03 06:58:27 - [INFO] backup completed
2025-07-03 07:12:51 - [INFO] config updated
2025-07-03 07:23:15 - [INFO] user login
2025-07-03 07:45:08 - [INFO] backup completed
2025-07-03 08:07:14 - [WARNING] Suspicious activity detected: sql_injection
2025-07-03 08:18:07 - [INFO] user login
2025-07-03 08:29:35 - [INFO] file uploaded
2025-07-03 08:33:16 - [INFO] email sent
2025-07-03 08:38:25 - [WARNING] Suspicious activity detected: sql_injection
2025-07-03 08:45:01 - [INFO] user login
2025-07-03 08:49:14 - [INFO] file downloaded
2025-07-03 08:58:29 - [WARNING] Suspicious activity detected: sql_injection
2025-07-03 09:07:39 - [WARNING] Suspicious activity detected: sql_injection
2025-07-03 09:09:44 - [INFO] config updated
2025-07-03 09:13:50 - [INFO] file downloaded
2025-07-03 09:47:10 - [WARNING] Suspicious activity detected: ip_blocked
2025-07-03 09:51:23 - [INFO] backup completed
2025-07-03 10:00:06 - [INFO] email sent
2025-07-03 10:08:23 - [WARNING] Suspicious activity detected: intrusion
2025-07-03 10:10:42 - [INFO] config updated
2025-07-03 10:12:50 - [WARNING] Suspicious activity detected: malware
2025-07-03 10:24:15 - [INFO] system check passed
2025-07-03 10:45:29 - [WARNING] Suspicious activity detected: unauthorized_access
2025-07-03 10:47:58 - [WARNING] Suspicious activity detected: malware
2025-07-03 11:13:40 - [WARNING] Suspicious activity detected: intrusion
2025-07-03 11:31:00 - [INFO] file downloaded
2025-07-03 11:31:10 - [INFO] email sent
2025-07-03 11:41:10 - [WARNING] Suspicious activity detected: port_scan
2025-07-03 11:45:34 - [INFO] email sent
2025-07-03 11:50:12 - [WARNING] Suspicious activity detected: ip_blocked
2025-07-03 11:59:57 - [WARNING] Suspicious activity detected: unauthorized_access
2025-07-03 12:09:05 - [INFO] file downloaded
2025-07-03 12:14:44 - [WARNING] Suspicious activity detected: intrusion
2025-07-03 12:15:47 - [WARNING] Suspicious activity detected: intrusion
2025-07-03 12:26:10 - [INFO] file uploaded
2025-07-03 12:36:43 - [INFO] user login
2025-07-03 12:48:45 - [INFO] backup completed
2025-07-03 12:54:05 - [WARNING] Suspicious activity detected: intrusion
2025-07-03 12:55:17 - [INFO] file downloaded
2025-07-03 13:00:53 - [WARNING] Suspicious activity detected: ddos
2025-07-03 13:06:20 - [INFO] system check passed
2025-07-03 13:21:44 - [INFO] system check passed
2025-07-03 13:29:15 - [INFO] file uploaded
2025-07-03 13:37:31 - [INFO] backup completed
2025-07-03 13:41:34 - [INFO] config updated
2025-07-03 13:47:47 - [WARNING] Suspicious activity detected: unauthorized_access
2025-07-03 13:50:45 - [INFO] config updated
2025-07-03 13:57:41 - [INFO] config updated
2025-07-03 14:03:09 - [INFO] email sent
2025-07-03 14:10:34 - [INFO] backup completed
2025-07-03 14:59:33 - [INFO] config updated
2025-07-03 15:04:26 - [INFO] file uploaded
2025-07-03 15:08:45 - [WARNING] Suspicious activity detected: sql_injection
2025-07-03 15:18:26 - [WARNING] Suspicious activity detected: port_scan
2025-07-03 15:22:44 - [INFO] config updated
2025-07-03 15:31:05 - [INFO] config updated
2025-07-03 15:38:33 - [WARNING] Suspicious activity detected: unauthorized_access
2025-07-03 15:39:50 - [INFO] config updated
2025-07-03 15:54:02 - [WARNING] Suspicious activity detected: ddos
2025-07-03 16:01:09 - [INFO] system check passed
2025-07-03 16:16:08 - [WARNING] Suspicious activity detected: intrusion
2025-07-03 16:29:57 - [WARNING] Suspicious activity detected: ip_blocked
2025-07-03 16:38:04 - [WARNING] Suspicious activity detected: ip_blocked
2025-07-03 16:40:09 - [INFO] file downloaded
2025-07-03 16:40:34 - [WARNING] Suspicious activity detected: ip_blocked
2025-07-03 16:41:26 - [INFO] file downloaded
2025-07-03 16:57:07 - [WARNING] Suspicious activity detected: brute_force
2025-07-03 17:02:02 - [INFO] backup completed
2025-07-03 17:02:20 - [INFO] system check passed
2025-07-03 17:08:59 - [WARNING] Suspicious activity detected: intrusion
2025-07-03 17:10:44 - [INFO] backup completed
2025-07-03 17:24:50 - [INFO] system check passed
2025-07-03 17:28:43 - [INFO] config updated
2025-07-03 17:33:13 - [WARNING] Suspicious activity detected: sql_injection
2025-07-03 17:40:25 - [INFO] system check passed
2025-07-03 17:52:41 - [INFO] config updated
2025-07-03 17:52:44 - [WARNING] Suspicious activity detected: intrusion
2025-07-03 18:04:13 - [WARNING] Suspicious activity detected: malware
2025-07-03 18:04:19 - [INFO] system check passed
2025-07-03 18:06:41 - [INFO] system check passed
2025-07-03 18:09:53 - [WARNING] Suspicious activity detected: port_scan
2025-07-03 18:14:38 - [INFO] config updated
2025-07-03 18:26:26 - [WARNING] Suspicious activity detected: malware
2025-07-03 18:38:35 - [WARNING] Suspicious activity detected: brute_force
2025-07-03 18:41:40 - [INFO] file downloaded
2025-07-03 18:57:18 - [INFO] config updated
2025-07-03 19:00:39 - [INFO] email sent
2025-07-03 19:07:40 - [INFO] email sent
2025-07-03 19:10:39 - [INFO] system check passed
2025-07-03 19:31:04 - [WARNING] Suspicious activity detected: intrusion
2025-07-03 19:45:02 - [INFO] backup completed
2025-07-03 19:45:39 - [WARNING] Suspicious activity detected: port_scan
2025-07-03 19:48:00 - [WARNING] Suspicious activity detected: brute_force
2025-07-03 19:50:34 - [WARNING] Suspicious activity detected: intrusion
2025-07-03 19:55:24 - [WARNING] Suspicious activity detected: intrusion
2025-07-03 19:56:52 - [INFO] user login
2025-07-03 20:08:12 - [WARNING] Suspicious activity detected: malware
2025-07-03 20:08:53 - [INFO] file downloaded
2025-07-03 20:27:05 - [WARNING] Suspicious activity detected: port_scan
2025-07-03 20:43:03 - [INFO] file uploaded
2025-07-03 21:11:12 - [INFO] config updated
2025-07-03 21:40:24 - [WARNING] Suspicious activity detected: unauthorized_access
2025-07-03 21:44:54 - [INFO] file uploaded
2025-07-03 21:46:36 - [WARNING] Suspicious activity detected: sql_injection
2025-07-03 21:53:20 - [INFO] email sent
2025-07-03 21:55:05 - [WARNING] Suspicious activity detected: brute_force
2025-07-03 21:59:42 - [WARNING] Suspicious activity detected: port_scan
2025-07-03 22:07:03 - [WARNING] Suspicious activity detected: port_scan
2025-07-03 22:11:48 - [INFO] file downloaded
2025-07-03 22:12:38 - [INFO] email sent
2025-07-03 22:13:27 - [INFO] file downloaded
2025-07-03 22:42:47 - [INFO] config updated
2025-07-03 22:57:01 - [WARNING] Suspicious activity detected: unauthorized_access
2025-07-03 23:16:13 - [INFO] system check passed
2025-07-03 23:17:01 - [WARNING] Suspicious activity detected: port_scan
2025-07-03 23:22:30 - [INFO] system check passed
2025-07-03 23:42:25 - [WARNING] Suspicious activity detected: malware
2025-07-03 23:50:54 - [INFO] user login
2025-07-03 23:54:45 - [INFO] backup completed