2025-07-06 00:00:10 - [INFO] email sent
2025-07-06 00:13:58 - [WARNING] Suspicious activity detected: brute_force
2025-07-06 00:36:57 - [INFO] file uploaded
2025-07-06 00:48:04 - [INFO] system check passed
2025-07-06 00:52:28 - [INFO] system check passed
2025-07-06 00:58:40 - [INFO] user login
2025-07-06 00:59:17 - [INFO] user login
2025-07-06 01:00:52 - [WARNING] Suspicious activity detected: malware
2025-07-06 01:01:56 - [INFO] system check passed
2025-07-06 01:06:29 - [WARNING] Suspicious activity detected: port_scan
2025-07-06 01:07:58 - [WARNING] Suspicious activity detected: malware
2025-07-06 01:19:46 - [INFO] file downloaded
2025-07-06 01:39:54 - [INFO] file uploaded
2025-07-06 01:56:23 - [INFO] backup completed
2025-07-06 01:56:57 - [INFO] user login
2025-07-06 02:00:35 - [INFO] file downloaded
2025-07-06 02:13:10 - [INFO] file uploaded
2025-07-06 02:17:54 - [INFO] file uploaded
2025-07-06 02:19:17 - [WARNING] Suspicious activity detected: port_scan
2025-07-06 02:21:11 - [INFO] file downloaded
2025-07-06 02:34:54 - [WARNING] Suspicious activity detected: port_scan
2025-07-06 02:42:12 - [INFO] system check passed
2025-07-06 02:47:37 - [INFO] email sent
2025-07-06 02:52:15 - [INFO] file downloaded
2025-07-06 03:00:45 - [WARNING] Suspicious activity detected: malware
2025-07-06 03:00:48 - [INFO] file uploaded
2025-07-06 03:05:57 - [WARNING] Suspicious activity detected: ddos
2025-07-06 03:27:50 - [INFO] system check passed
2025-07-06 03:30:15 - [INFO] config updated
2025-07-06 03:37:41 - [WARNING] Suspicious activity detected: ip_blocked
2025-07-06 03:39:10 - [INFO] file uploaded
2025-07-06 03:45:54 - [INFO] email sent
2025-07-06 04:01:18 - [WARNING] Suspicious activity detected: intrusion
2025-07-06 04:02:02 - [INFO] file downloaded
2025-07-06 04:09:27 - [INFO] file uploaded
2025-07-06 04:16:56 - [INFO] config updated
2025-07-06 04:26:18 - [WARNING] Suspicious activity detected: port_scan
2025-07-06 04:27:09 - [INFO] file downloaded
2025-07-06 04:32:06 - [WARNING] Suspicious activity detected: ddos
2025-07-06 04:34:38 - [INFO] email sent
2025-07-06 04:42:51 - [INFO] file downloaded
2025-07-06 04:47:03 - [INFO] file downloaded
2025-07-06 04:48:16 - [INFO] backup completed
2025-07-06 04:48:29 - [INFO] email sent
2025-07-06 04:48:35 - [INFO] file uploaded
2025-07-06 04:49:25 - [INFO] file downloaded
2025-07-06 04:52:55 - [INFO] system check passed
2025-07-06 05:12:34 - [INFO] backup completed
2025-07-06 05:13:18 - [INFO] file uploaded
2025-07-06 05:16:54 - [WARNING] Suspicious activity detected: unauthorized_access
2025-07-06 05:19:27 - [WARNING] Suspicious activity detected: intrusion
2025-07-06 05:34:00 - [INFO] config updated
2025-07-06 05:50:27 - [INFO] config updated
2025-07-06 05:50:44 - [INFO] file uploaded
2025-07-06 05:56:20 - [INFO] email sent
2025-07-06 06:01:50 - [INFO] system check passed
2025-07-06 06:09:22 - [INFO] config updated
2025-07-06 06:10:29 - [WARNING] Suspicious activity detected: malware
2025-07-06 06:35:08 - [INFO] file downloaded
2025-07-06 06:41:14 - [INFO] email sent
2025-07-06 06:43:33 - [INFO] backup completed
2025-07-06 06:45:57 - [INFO] file uploaded
2025-07-06 06:51:25 - [WARNING] Suspicious activity detected: ip_blocked
2025-07-06 06:56:12 - [WARNING] Suspicious activity detected: port_scan
2025-07-06 06:58:53 - [INFO] config updated
2025-07-06 07:08:38 - [INFO] user login
2025-07-06 07:15:41 - [INFO] email sent
2025-07-06 07:15:52 - [INFO] user login
2025-07-06 07:19:22 - [INFO] file uploaded
2025-07-06 07:20:27 - [INFO] email sent
2025-07-06 07:23:23 - [INFO] system check passed
2025-07-06 07:23:28 - [INFO] backup completed
2025-07-06 07:27:27 - [INFO] file downloaded
2025-07-06 07:31:03 - [INFO] email sent
2025-07-06 07:31:51 - [WARNING] Suspicious activity detected: ddos
2025-07-06 07:34:17 - [INFO] file downloaded
2025-07-06 07:49:06 - [WARNING] Suspicious activity detected: sql_injection
2025-07-06 07:50:42 - [INFO] user login
2025-07-06 07:51:17 - [INFO] file uploaded
2025-07-06 07:55:21 - [WARNING] Suspicious activity detected: ddos
2025-07-06 07:58:51 - [WARNING] Suspicious activity detected: ip_blocked
2025-07-06 08:05:38 - [INFO] system check passed
2025-07-06 08:07:23 - [INFO] system check passed
2025-07-06 08:08:35 - [INFO] backup completed
2025-07-06 08:12:14 - [WARNING] Suspicious activity detected: ip_blocked
2025-07-06 08:18:27 - [INFO] backup completed
2025-07-06 08:24:11 - [INFO] email sent
2025-07-06 08:28:46 - [INFO] file downloaded
2025-07-06 08:31:29 - [INFO] email sent
2025-07-06 08:38:30 - [WARNING] Suspicious activity detected: ip_blocked
2025-07-06 08:42:49 - [INFO] system check passed
2025-07-06 08:49:05 - [INFO] backup completed
2025-07-06 08:49:55 - [INFO] file uploaded
2025-07-06 08:53:43 - [INFO] system check passed
2025-07-06 08:54:13 - [INFO] user login
2025-07-06 09:01:22 - [WARNING] Suspicious activity detected: brute_force
2025-07-06 09:10:09 - [WARNING] Suspicious activity detected: sql_injection
2025-07-06 09:25:15 - [WARNING] Suspicious activity detected: ip_blocked
2025-07-06 09:41:22 - [INFO] backup completed
2025-07-06 09:44:26 - [WARNING] Suspicious activity detected: intrusion
2025-07-06 09:47:34 - [INFO] system check passed
2025-07-06 10:00:31 - [WARNING] Suspicious activity detected: ddos
2025-07-06 10:01:34 - [INFO] file downloaded
2025-07-06 10:11:48 - [INFO] backup completed
2025-07-06 10:15:51 - [INFO] file uploaded
2025-07-06 10:16:47 - [INFO] system check passed
2025-07-06 10:25:05 - [INFO] email sent
2025-07-06 10:25:54 - [WARNING] Suspicious activity detected: port_scan
2025-07-06 10:36:54 - [INFO] email sent
2025-07-06 10:59:20 - [INFO] backup completed
2025-07-06 11:02:57 - [WARNING] Suspicious activity detected: intrusion
2025-07-06 11:03:25 - [INFO] email sent
2025-07-06 11:08:31 - [INFO] backup completed
2025-07-06 11:26:42 - [INFO] file uploaded
2025-07-06 11:28:17 - [INFO] user login
2025-07-06 11:35:38 - [INFO] file downloaded
2025-07-06 11:40:40 - [WARNING] Suspicious activity detected: intrusion
2025-07-06 11:48:26 - [INFO] file uploaded
2025-07-06 11:48:39 - [INFO] config updated
2025-07-06 11:49:46 - [INFO] backup completed
2025-07-06 11:53:49 - [INFO] email sent
2025-07-06 11:57:40 - [WARNING] Suspicious activity detected: ddos
2025-07-06 11:58:37 - [INFO] system check passed
2025-07-06 11:58:40 - [INFO] file downloaded
2025-07-06 11:59:33 - [WARNING] Suspicious activity detected: intrusion
2025-07-06 12:03:18 - [INFO] config updated
2025-07-06 12:12:38 - [INFO] config updated
2025-07-06 12:19:46 - [WARNING] Suspicious activity detected: malware
2025-07-06 12:21:07 - [INFO] user login
2025-07-06 12:39:05 - [INFO] system check passed
2025-07-06 12:42:02 - [INFO] system check passed
2025-07-06 12:45:58 - [INFO] file uploaded
2025-07-06 12:46:39 - [INFO] file downloaded
2025-07-06 12:50:22 - [INFO] system check passed
2025-07-06 12:50:43 - [WARNING] Suspicious activity detected: unauthorized_access
2025-07-06 12:53:04 - [INFO] email sent
2025-07-06 12:56:33 - [INFO] user login
2025-07-06 13:05:22 - [INFO] config updated
2025-07-06 13:08:09 - [WARNING] Suspicious activity detected: intrusion
2025-07-06 13:08:46 - [INFO] file downloaded
2025-07-06 13:15:54 - [WARNING] Suspicious activity detected: malware
2025-07-06 13:16:24 - [INFO] email sent
2025-07-06 13:29:36 - [WARNING] Suspicious activity detected: sql_injection
2025-07-06 13:32:46 - [WARNING] Suspicious activity detected: brute_force
2025-07-06 13:36:49 - [WARNING] Suspicious activity detected: port_scan
2025-07-06 13:45:23 - [INFO] backup completed
2025-07-06 13:47:00 - [INFO] email sent
2025-07-06 13:50:43 - [INFO] file uploaded
2025-07-06 14:10:45 - [INFO] file uploaded
2025-07-06 14:37:47 - [WARNING] Suspicious activity detected: malware
2025-07-06 14:39:02 - [INFO] config updated
2025-07-06 14:45:36 - [WARNING] Suspicious activity detected: brute_force
2025-07-06 14:49:55 - [INFO] file uploaded
2025-07-06 14:52:44 - [INFO] config updated
2025-07-06 14:52:50 - [INFO] system check passed
2025-07-06 14:58:56 - [INFO] config updated
2025-07-06 15:00:41 - [INFO] file downloaded
2025-07-06 15:02:14 - [WARNING] Suspicious activity detected: port_scan
2025-07-06 15:04:42 - [WARNING] Suspicious activity detected: sql_injection
2025-07-06 15:15:46 - [INFO] backup completed
2025-07-06 15:26:20 - [INFO] system check passed
2025-07-06 15:28:10 - [WARNING] Suspicious activity detected: unauthorized_access
2025-07-06 15:34:45 - [INFO] config updated
2025-07-06 15:39:35 - [INFO] email sent
2025-07-06 15:40:18 - [WARNING] Suspicious activity detected: ip_blocked
2025-07-06 15:45:06 - [INFO] file downloaded
2025-07-06 15:51:00 - [INFO] user login
2025-07-06 15:56:10 - [INFO] backup completed
2025-07-06 16:00:49 - [INFO] config updated
2025-07-06 16:03:00 - [INFO] file downloaded
2025-07-06 16:04:57 - [INFO] system check passed
2025-07-06 16:07:38 - [INFO] system check passed
2025-07-06 16:09:20 - [INFO] user login
2025-07-06 16:11:48 - [WARNING] Suspicious activity detected: port_scan
2025-07-06 16:15:43 - [WARNING] Suspicious activity detected: unauthorized_access
2025-07-06 16:31:57 - [INFO] email sent
2025-07-06 16:38:57 - [INFO] system check passed
2025-07-06 16:45:45 - [INFO] email sent
2025-07-06 16:49:28 - [INFO] backup completed
2025-07-06 16:51:51 - [INFO] backup completed
2025-07-06 16:56:00 - [WARNING] Suspicious activity detected: intrusion
2025-07-06 16:58:34 - [INFO] config updated
2025-07-06 17:01:47 - [INFO] user login
2025-07-06 17:05:24 - [INFO] file uploaded
2025-07-06 17:17:46 - [INFO] config updated
2025-07-06 17:32:44 - [INFO] backup completed
2025-07-06 17:35:28 - [INFO] user login
2025-07-06 17:41:22 - [INFO] system check passed
2025-07-06 17:42:02 - [INFO] config updated
2025-07-06 17:52:49 - [WARNING] Suspicious activity detected: malware
2025-07-06 18:10:43 - [INFO] user login
2025-07-06 18:38:09 - [INFO] file downloaded
2025-07-06 18:57:23 - [INFO] user login
2025-07-06 19:21:26 - [WARNING] Suspicious activity detected: intrusion
2025-07-06 19:44:24 - [INFO] email sent
2025-07-06 19:52:07 - [INFO] user login
2025-07-06 19:54:22 - [WARNING] Suspicious activity detected: port_scan
2025-07-06 19:55:12 - [INFO] file downloaded
2025-07-06 20:10:21 - [WARNING] Suspicious activity detected: malware
2025-07-06 20:13:26 - [WARNING] Suspicious activity detected: brute_force
2025-07-06 20:14:15 - [INFO] backup completed
2025-07-06 20:16:13 - [WARNING] Suspicious activity detected: sql_injection
2025-07-06 20:22:56 - [INFO] config updated
2025-07-06 20:41:24 - [WARNING] Suspicious activity detected: ddos
2025-07-06 20:57:29 - [INFO] backup completed
2025-07-06 20:59:52 - [INFO] email sent
2025-07-06 21:07:57 - [INFO] user login
2025-07-06 21:21:16 - [WARNING] Suspicious activity detected: port_scan
2025-07-06 21:26:18 - [INFO] file downloaded
2025-07-06 21:32:50 - [INFO] user login
2025-07-06 22:08:22 - [INFO] system check passed
2025-07-06 22:11:02 - [WARNING] Suspicious activity detected: port_scan
2025-07-06 22:12:51 - [INFO] email sent
2025-07-06 22:20:00 - [WARNING] Suspicious activity detected: malware
2025-07-06 22:33:16 - [INFO] email sent
2025-07-06 22:34:15 - [INFO] backup completed
2025-07-06 22:35:56 - [INFO] system check passed
2025-07-06 22:36:18 - [WARNING] Suspicious activity detected: port_scan
2025-07-06 22:39:10 - [WARNING] Suspicious activity detected: sql_injection
2025-07-06 22:46:47 - [INFO] file uploaded
2025-07-06 22:54:20 - [INFO] email sent
2025-07-06 22:56:50 - [INFO] system check passed
2025-07-06 22:59:42 - [INFO] backup completed
2025-07-06 23:03:51 - [WARNING] Suspicious activity detected: malware
2025-07-06 23:07:23 - [INFO] config updated
2025-07-06 23:09:05 - [WARNING] Suspicious activity detected: unauthorized_access
2025-07-06 23:10:37 - [INFO] config updated
2025-07-06 23:17:36 - [INFO] system check passed
2025-07-06 23:27:09 - [WARNING] Suspicious activity detected: ddos
2025-07-06 23:32:34 - [INFO] user login
2025-07-06 23:32:37 - [INFO] file uploaded
2025-07-06 23:51:53 - [INFO] backup completed