2025-06-13 00:07:59 - [INFO] file downloaded
2025-06-13 00:08:17 - [INFO] file downloaded
2025-06-13 00:13:56 - [INFO] user login
2025-06-13 00:20:00 - [INFO] email sent
2025-06-13 00:26:57 - [WARNING] Suspicious activity detected: brute_force
2025-06-13 00:36:10 - [WARNING] Suspicious activity detected: unauthorized_access
2025-06-13 00:48:53 - [INFO] user login
2025-06-13 00:49:57 - [WARNING] Suspicious activity detected: intrusion
2025-06-13 00:52:39 - [WARNING] Suspicious activity detected: port_scan
2025-06-13 01:07:02 - [INFO] system check passed
2025-06-13 01:14:04 - [WARNING] Suspicious activity detected: sql_injection
2025-06-13 01:23:54 - [INFO] user login
2025-06-13 01:34:57 - [INFO] backup completed
2025-06-13 01:54:33 - [WARNING] Suspicious activity detected: brute_force
2025-06-13 01:58:02 - [WARNING] Suspicious activity detected: brute_force
2025-06-13 02:03:10 - [WARNING] Suspicious activity detected: ip_blocked
2025-06-13 02:05:56 - [INFO] system check passed
2025-06-13 02:18:27 - [WARNING] Suspicious activity detected: unauthorized_access
2025-06-13 02:40:05 - [INFO] backup completed
2025-06-13 02:45:24 - [WARNING] Suspicious activity detected: intrusion
2025-06-13 02:49:19 - [INFO] config updated
2025-06-13 02:57:21 - [WARNING] Suspicious activity detected: intrusion
2025-06-13 03:00:28 - [INFO] config updated
2025-06-13 03:05:08 - [INFO] system check passed
2025-06-13 03:10:37 - [WARNING] Suspicious activity detected: intrusion
2025-06-13 03:52:46 - [INFO] email sent
2025-06-13 03:52:50 - [INFO] email sent
2025-06-13 03:58:17 - [INFO] backup completed
2025-06-13 04:05:52 - [INFO] email sent
2025-06-13 04:09:17 - [INFO] file downloaded
2025-06-13 04:13:23 - [INFO] file uploaded
2025-06-13 04:14:06 - [INFO] email sent
2025-06-13 04:33:36 - [WARNING] Suspicious activity detected: intrusion
2025-06-13 04:33:47 - [INFO] file downloaded
2025-06-13 04:40:09 - [INFO] file downloaded
2025-06-13 04:42:05 - [WARNING] Suspicious activity detected: port_scan
2025-06-13 04:44:03 - [INFO] backup completed
2025-06-13 04:49:23 - [INFO] system check passed
2025-06-13 04:54:14 - [INFO] file downloaded
2025-06-13 05:09:02 - [INFO] system check passed
2025-06-13 05:17:18 - [INFO] user login
2025-06-13 05:17:50 - [INFO] system check passed
2025-06-13 05:23:12 - [INFO] email sent
2025-06-13 05:25:50 - [WARNING] Suspicious activity detected: unauthorized_access
2025-06-13 05:29:33 - [INFO] system check passed
2025-06-13 05:56:25 - [INFO] backup completed
2025-06-13 06:06:18 - [INFO] file uploaded
2025-06-13 06:52:57 - [INFO] user login
2025-06-13 07:00:58 - [INFO] backup completed
2025-06-13 07:05:17 - [WARNING] Suspicious activity detected: ip_blocked
2025-06-13 07:15:42 - [INFO] config updated
2025-06-13 07:16:21 - [WARNING] Suspicious activity detected: ip_blocked
2025-06-13 07:24:49 - [INFO] backup completed
2025-06-13 07:36:30 - [INFO] config updated
2025-06-13 07:38:05 - [INFO] backup completed
2025-06-13 07:40:05 - [WARNING] Suspicious activity detected: unauthorized_access
2025-06-13 07:40:42 - [INFO] file downloaded
2025-06-13 07:44:35 - [WARNING] Suspicious activity detected: port_scan
2025-06-13 07:52:13 - [WARNING] Suspicious activity detected: sql_injection
2025-06-13 07:58:34 - [WARNING] Suspicious activity detected: unauthorized_access
2025-06-13 08:14:57 - [INFO] system check passed
2025-06-13 08:24:49 - [WARNING] Suspicious activity detected: sql_injection
2025-06-13 08:27:39 - [INFO] user login
2025-06-13 08:48:03 - [INFO] backup completed
2025-06-13 08:57:07 - [WARNING] Suspicious activity detected: sql_injection
2025-06-13 09:02:31 - [WARNING] Suspicious activity detected: unauthorized_access
2025-06-13 09:09:42 - [INFO] config updated
2025-06-13 09:14:11 - [INFO] config updated
2025-06-13 09:17:42 - [INFO] file uploaded
2025-06-13 09:25:45 - [WARNING] Suspicious activity detected: unauthorized_access
2025-06-13 09:36:59 - [INFO] file downloaded
2025-06-13 09:56:55 - [INFO] email sent
2025-06-13 10:09:22 - [INFO] email sent
2025-06-13 10:16:09 - [INFO] file uploaded
2025-06-13 10:18:19 - [WARNING] Suspicious activity detected: malware
2025-06-13 10:23:22 - [WARNING] Suspicious activity detected: brute_force
2025-06-13 10:49:19 - [WARNING] Suspicious activity detected: intrusion
2025-06-13 10:50:39 - [INFO] file uploaded
2025-06-13 10:57:25 - [WARNING] Suspicious activity detected: ddos
2025-06-13 10:58:14 - [WARNING] Suspicious activity detected: ddos
2025-06-13 11:00:22 - [INFO] email sent
2025-06-13 11:04:47 - [INFO] user login
2025-06-13 11:10:48 - [INFO] email sent
2025-06-13 11:19:00 - [WARNING] Suspicious activity detected: intrusion
2025-06-13 11:34:45 - [INFO] backup completed
2025-06-13 11:49:07 - [INFO] email sent
2025-06-13 11:53:57 - [INFO] config updated
2025-06-13 12:16:15 - [INFO] backup completed
2025-06-13 12:24:10 - [INFO] email sent
2025-06-13 12:43:41 - [WARNING] Suspicious activity detected: sql_injection
2025-06-13 12:47:35 - [INFO] system check passed
2025-06-13 12:51:08 - [WARNING] Suspicious activity detected: ip_blocked
2025-06-13 12:57:14 - [INFO] file uploaded
2025-06-13 13:15:49 - [INFO] file uploaded
2025-06-13 13:19:58 - [INFO] backup completed
2025-06-13 13:41:47 - [WARNING] Suspicious activity detected: brute_force
2025-06-13 13:48:37 - [INFO] config updated
2025-06-13 14:00:05 - [INFO] backup completed
2025-06-13 14:03:07 - [INFO] config updated
2025-06-13 14:19:47 - [INFO] file downloaded
2025-06-13 14:21:17 - [WARNING] Suspicious activity detected: brute_force
2025-06-13 15:02:20 - [INFO] system check passed
2025-06-13 15:21:30 - [INFO] backup completed
2025-06-13 15:23:33 - [INFO] config updated
2025-06-13 15:31:40 - [INFO] config updated
2025-06-13 15:36:53 - [WARNING] Suspicious activity detected: sql_injection
2025-06-13 15:40:47 - [INFO] system check passed
2025-06-13 15:45:27 - [WARNING] Suspicious activity detected: sql_injection
2025-06-13 15:50:06 - [INFO] config updated
2025-06-13 15:52:00 - [INFO] config updated
2025-06-13 16:02:28 - [WARNING] Suspicious activity detected: sql_injection
2025-06-13 16:05:51 - [INFO] backup completed
2025-06-13 16:27:13 - [INFO] user login
2025-06-13 16:30:26 - [INFO] file downloaded
2025-06-13 16:36:59 - [WARNING] Suspicious activity detected: port_scan
2025-06-13 16:53:24 - [INFO] user login
2025-06-13 17:02:30 - [INFO] email sent
2025-06-13 17:02:44 - [INFO] file downloaded
2025-06-13 17:11:37 - [INFO] user login
2025-06-13 17:14:44 - [WARNING] Suspicious activity detected: unauthorized_access
2025-06-13 17:17:00 - [WARNING] Suspicious activity detected: ddos
2025-06-13 17:25:16 - [INFO] backup completed
2025-06-13 17:35:27 - [WARNING] Suspicious activity detected: brute_force
2025-06-13 17:38:39 - [WARNING] Suspicious activity detected: port_scan
2025-06-13 17:40:12 - [WARNING] Suspicious activity detected: malware
2025-06-13 17:46:38 - [WARNING] Suspicious activity detected: intrusion
2025-06-13 17:53:48 - [INFO] system check passed
2025-06-13 18:00:06 - [WARNING] Suspicious activity detected: port_scan
2025-06-13 18:04:52 - [INFO] backup completed
2025-06-13 18:07:18 - [INFO] file downloaded
2025-06-13 18:11:49 - [INFO] file downloaded
2025-06-13 18:24:48 - [INFO] system check passed
2025-06-13 18:26:38 - [INFO] system check passed
2025-06-13 18:52:23 - [INFO] file uploaded
2025-06-13 18:55:44 - [INFO] user login
2025-06-13 18:59:21 - [INFO] user login
2025-06-13 19:03:00 - [INFO] config updated
2025-06-13 19:03:56 - [INFO] system check passed
2025-06-13 19:07:59 - [INFO] system check passed
2025-06-13 19:22:32 - [INFO] email sent
2025-06-13 19:22:42 - [WARNING] Suspicious activity detected: sql_injection
2025-06-13 19:23:28 - [WARNING] Suspicious activity detected: unauthorized_access
2025-06-13 19:28:33 - [INFO] user login
2025-06-13 19:35:41 - [INFO] user login
2025-06-13 19:36:05 - [INFO] file uploaded
2025-06-13 19:37:47 - [WARNING] Suspicious activity detected: intrusion
2025-06-13 19:42:37 - [INFO] system check passed
2025-06-13 19:45:51 - [WARNING] Suspicious activity detected: malware
2025-06-13 19:51:42 - [WARNING] Suspicious activity detected: unauthorized_access
2025-06-13 20:09:15 - [INFO] backup completed
2025-06-13 20:12:08 - [WARNING] Suspicious activity detected: intrusion
2025-06-13 20:13:49 - [INFO] config updated
2025-06-13 20:13:53 - [WARNING] Suspicious activity detected: ip_blocked
2025-06-13 20:18:04 - [INFO] file downloaded
2025-06-13 20:22:58 - [WARNING] Suspicious activity detected: sql_injection
2025-06-13 20:31:32 - [WARNING] Suspicious activity detected: brute_force
2025-06-13 20:43:05 - [INFO] file uploaded
2025-06-13 20:45:19 - [INFO] config updated
2025-06-13 20:46:18 - [WARNING] Suspicious activity detected: intrusion
2025-06-13 20:49:36 - [INFO] config updated
2025-06-13 20:59:36 - [INFO] user login
2025-06-13 21:02:42 - [INFO] file uploaded
2025-06-13 21:22:03 - [WARNING] Suspicious activity detected: intrusion
2025-06-13 21:31:58 - [INFO] backup completed
2025-06-13 21:32:53 - [INFO] email sent
2025-06-13 21:42:40 - [INFO] file uploaded
2025-06-13 21:45:20 - [INFO] file uploaded
2025-06-13 21:46:13 - [INFO] system check passed
2025-06-13 22:16:25 - [INFO] config updated
2025-06-13 22:17:55 - [INFO] file uploaded
2025-06-13 22:21:10 - [INFO] config updated
2025-06-13 22:22:52 - [WARNING] Suspicious activity detected: brute_force
2025-06-13 22:25:36 - [INFO] email sent
2025-06-13 22:27:47 - [WARNING] Suspicious activity detected: intrusion
2025-06-13 22:34:20 - [WARNING] Suspicious activity detected: ip_blocked
2025-06-13 22:47:50 - [INFO] file downloaded
2025-06-13 23:07:43 - [INFO] backup completed
2025-06-13 23:09:25 - [INFO] backup completed
2025-06-13 23:15:06 - [INFO] file downloaded
2025-06-13 23:15:54 - [INFO] config updated
2025-06-13 23:19:38 - [INFO] system check passed
2025-06-13 23:22:58 - [WARNING] Suspicious activity detected: ip_blocked
2025-06-13 23:29:28 - [INFO] user login
2025-06-13 23:58:30 - [INFO] backup completed