2025-06-17 00:01:33 - [INFO] email sent
2025-06-17 00:11:26 - [INFO] config updated
2025-06-17 00:11:46 - [INFO] config updated
2025-06-17 00:12:34 - [INFO] email sent
2025-06-17 00:21:43 - [WARNING] Suspicious activity detected: ip_blocked
2025-06-17 00:26:58 - [INFO] file uploaded
2025-06-17 00:29:40 - [INFO] system check passed
2025-06-17 00:29:57 - [INFO] backup completed
2025-06-17 00:41:42 - [INFO] backup completed
2025-06-17 00:51:09 - [INFO] system check passed
2025-06-17 00:53:15 - [INFO] system check passed
2025-06-17 00:54:49 - [INFO] file uploaded
2025-06-17 00:55:38 - [INFO] email sent
2025-06-17 00:57:35 - [INFO] config updated
2025-06-17 01:09:05 - [INFO] system check passed
2025-06-17 01:09:34 - [INFO] config updated
2025-06-17 01:20:42 - [WARNING] Suspicious activity detected: intrusion
2025-06-17 01:33:20 - [INFO] file downloaded
2025-06-17 01:33:53 - [INFO] system check passed
2025-06-17 01:37:33 - [INFO] user login
2025-06-17 01:41:45 - [INFO] backup completed
2025-06-17 01:57:45 - [INFO] system check passed
2025-06-17 02:04:57 - [WARNING] Suspicious activity detected: malware
2025-06-17 02:07:25 - [INFO] backup completed
2025-06-17 02:11:16 - [WARNING] Suspicious activity detected: unauthorized_access
2025-06-17 02:46:47 - [INFO] user login
2025-06-17 02:50:33 - [INFO] file downloaded
2025-06-17 03:00:23 - [INFO] file downloaded
2025-06-17 03:05:19 - [WARNING] Suspicious activity detected: ip_blocked
2025-06-17 03:13:35 - [INFO] config updated
2025-06-17 03:14:52 - [INFO] file uploaded
2025-06-17 03:16:19 - [INFO] system check passed
2025-06-17 03:16:35 - [INFO] system check passed
2025-06-17 03:18:20 - [INFO] system check passed
2025-06-17 03:23:57 - [INFO] file uploaded
2025-06-17 03:27:10 - [WARNING] Suspicious activity detected: ip_blocked
2025-06-17 03:40:54 - [INFO] email sent
2025-06-17 03:41:28 - [INFO] backup completed
2025-06-17 03:49:42 - [INFO] backup completed
2025-06-17 03:54:19 - [INFO] system check passed
2025-06-17 03:56:50 - [WARNING] Suspicious activity detected: ip_blocked
2025-06-17 04:04:20 - [INFO] email sent
2025-06-17 04:05:38 - [INFO] file uploaded
2025-06-17 04:11:22 - [INFO] email sent
2025-06-17 04:13:47 - [INFO] config updated
2025-06-17 04:17:02 - [INFO] user login
2025-06-17 04:18:47 - [INFO] backup completed
2025-06-17 04:22:32 - [INFO] system check passed
2025-06-17 04:26:41 - [WARNING] Suspicious activity detected: ip_blocked
2025-06-17 04:30:33 - [INFO] user login
2025-06-17 04:32:57 - [WARNING] Suspicious activity detected: malware
2025-06-17 04:37:48 - [INFO] config updated
2025-06-17 04:49:32 - [INFO] file uploaded
2025-06-17 04:49:55 - [INFO] system check passed
2025-06-17 04:52:13 - [WARNING] Suspicious activity detected: malware
2025-06-17 04:54:33 - [INFO] system check passed
2025-06-17 05:15:59 - [WARNING] Suspicious activity detected: brute_force
2025-06-17 05:18:34 - [INFO] email sent
2025-06-17 05:24:21 - [WARNING] Suspicious activity detected: ip_blocked
2025-06-17 05:47:46 - [INFO] config updated
2025-06-17 05:58:45 - [INFO] file uploaded
2025-06-17 05:59:17 - [INFO] backup completed
2025-06-17 06:17:03 - [WARNING] Suspicious activity detected: brute_force
2025-06-17 06:19:29 - [WARNING] Suspicious activity detected: ip_blocked
2025-06-17 06:21:08 - [INFO] backup completed
2025-06-17 06:35:36 - [INFO] config updated
2025-06-17 06:43:20 - [INFO] file downloaded
2025-06-17 06:46:14 - [INFO] config updated
2025-06-17 06:51:56 - [INFO] file downloaded
2025-06-17 06:52:06 - [WARNING] Suspicious activity detected: sql_injection
2025-06-17 06:55:41 - [INFO] backup completed
2025-06-17 07:04:36 - [WARNING] Suspicious activity detected: malware
2025-06-17 07:18:01 - [INFO] email sent
2025-06-17 07:19:55 - [INFO] system check passed
2025-06-17 07:21:16 - [INFO] user login
2025-06-17 07:23:42 - [INFO] backup completed
2025-06-17 07:28:50 - [INFO] file uploaded
2025-06-17 07:33:56 - [WARNING] Suspicious activity detected: sql_injection
2025-06-17 07:36:07 - [WARNING] Suspicious activity detected: brute_force
2025-06-17 07:37:21 - [WARNING] Suspicious activity detected: port_scan
2025-06-17 07:39:22 - [WARNING] Suspicious activity detected: brute_force
2025-06-17 07:43:56 - [WARNING] Suspicious activity detected: ip_blocked
2025-06-17 08:06:09 - [WARNING] Suspicious activity detected: brute_force
2025-06-17 08:13:12 - [WARNING] Suspicious activity detected: unauthorized_access
2025-06-17 08:16:36 - [INFO] backup completed
2025-06-17 08:18:36 - [INFO] config updated
2025-06-17 08:19:37 - [INFO] backup completed
2025-06-17 08:21:51 - [INFO] email sent
2025-06-17 08:24:59 - [INFO] file downloaded
2025-06-17 08:33:02 - [INFO] email sent
2025-06-17 08:33:13 - [INFO] file uploaded
2025-06-17 08:33:18 - [INFO] file uploaded
2025-06-17 08:46:23 - [INFO] file uploaded
2025-06-17 08:51:25 - [INFO] user login
2025-06-17 08:53:18 - [INFO] config updated
2025-06-17 09:04:09 - [INFO] file uploaded
2025-06-17 09:09:05 - [INFO] backup completed
2025-06-17 09:33:01 - [WARNING] Suspicious activity detected: malware
2025-06-17 09:33:07 - [INFO] system check passed
2025-06-17 09:56:12 - [WARNING] Suspicious activity detected: ip_blocked
2025-06-17 09:57:39 - [WARNING] Suspicious activity detected: port_scan
2025-06-17 10:01:28 - [INFO] email sent
2025-06-17 10:02:32 - [INFO] file uploaded
2025-06-17 10:13:43 - [INFO] file downloaded
2025-06-17 10:26:35 - [INFO] file uploaded
2025-06-17 10:28:37 - [INFO] file uploaded
2025-06-17 10:30:18 - [INFO] user login
2025-06-17 10:35:00 - [INFO] file downloaded
2025-06-17 10:41:56 - [INFO] file uploaded
2025-06-17 10:49:50 - [INFO] config updated
2025-06-17 10:53:33 - [INFO] user login
2025-06-17 11:02:56 - [INFO] user login
2025-06-17 11:05:00 - [WARNING] Suspicious activity detected: unauthorized_access
2025-06-17 11:18:34 - [INFO] user login
2025-06-17 11:26:55 - [WARNING] Suspicious activity detected: unauthorized_access
2025-06-17 11:37:43 - [INFO] file downloaded
2025-06-17 11:41:29 - [WARNING] Suspicious activity detected: malware
2025-06-17 11:47:39 - [INFO] user login
2025-06-17 11:49:59 - [INFO] file uploaded
2025-06-17 11:54:23 - [INFO] system check passed
2025-06-17 12:05:27 - [INFO] backup completed
2025-06-17 12:12:06 - [INFO] file uploaded
2025-06-17 12:20:16 - [INFO] file downloaded
2025-06-17 12:21:47 - [WARNING] Suspicious activity detected: intrusion
2025-06-17 12:22:59 - [WARNING] Suspicious activity detected: port_scan
2025-06-17 12:27:30 - [INFO] file uploaded
2025-06-17 12:28:48 - [INFO] backup completed
2025-06-17 12:32:02 - [INFO] file uploaded
2025-06-17 12:33:26 - [INFO] user login
2025-06-17 12:38:53 - [INFO] file uploaded
2025-06-17 12:45:05 - [WARNING] Suspicious activity detected: ip_blocked
2025-06-17 12:59:11 - [WARNING] Suspicious activity detected: malware
2025-06-17 13:00:15 - [WARNING] Suspicious activity detected: malware
2025-06-17 13:01:26 - [WARNING] Suspicious activity detected: intrusion
2025-06-17 13:11:22 - [WARNING] Suspicious activity detected: ip_blocked
2025-06-17 13:12:16 - [INFO] user login
2025-06-17 13:16:05 - [INFO] user login
2025-06-17 13:16:40 - [INFO] backup completed
2025-06-17 13:29:56 - [WARNING] Suspicious activity detected: sql_injection
2025-06-17 13:30:40 - [INFO] file downloaded
2025-06-17 13:30:56 - [INFO] system check passed
2025-06-17 13:32:16 - [INFO] user login
2025-06-17 13:38:03 - [INFO] system check passed
2025-06-17 13:45:19 - [INFO] system check passed
2025-06-17 13:50:26 - [WARNING] Suspicious activity detected: ip_blocked
2025-06-17 13:52:18 - [WARNING] Suspicious activity detected: malware
2025-06-17 13:58:58 - [INFO] config updated
2025-06-17 14:02:08 - [INFO] system check passed
2025-06-17 14:03:25 - [INFO] file downloaded
2025-06-17 14:04:15 - [INFO] system check passed
2025-06-17 14:06:54 - [INFO] file downloaded
2025-06-17 14:23:51 - [WARNING] Suspicious activity detected: ddos
2025-06-17 14:24:52 - [INFO] backup completed
2025-06-17 14:25:45 - [INFO] file downloaded
2025-06-17 14:28:27 - [INFO] system check passed
2025-06-17 14:34:34 - [WARNING] Suspicious activity detected: malware
2025-06-17 14:39:51 - [INFO] email sent
2025-06-17 14:46:08 - [INFO] backup completed
2025-06-17 14:50:03 - [INFO] file uploaded
2025-06-17 15:04:39 - [INFO] file downloaded
2025-06-17 15:12:05 - [INFO] file downloaded
2025-06-17 15:17:15 - [INFO] file downloaded
2025-06-17 15:42:02 - [INFO] system check passed
2025-06-17 15:42:07 - [INFO] file uploaded
2025-06-17 15:43:00 - [INFO] user login
2025-06-17 15:46:50 - [INFO] file uploaded
2025-06-17 15:51:03 - [INFO] file uploaded
2025-06-17 16:01:02 - [INFO] file uploaded
2025-06-17 16:01:31 - [INFO] file uploaded
2025-06-17 16:01:54 - [WARNING] Suspicious activity detected: ddos
2025-06-17 16:02:18 - [INFO] system check passed
2025-06-17 16:02:52 - [INFO] config updated
2025-06-17 16:13:42 - [INFO] email sent
2025-06-17 16:17:23 - [INFO] system check passed
2025-06-17 16:17:49 - [INFO] file uploaded
2025-06-17 16:21:05 - [INFO] email sent
2025-06-17 16:23:00 - [INFO] file downloaded
2025-06-17 16:28:24 - [INFO] backup completed
2025-06-17 16:30:34 - [INFO] file downloaded
2025-06-17 16:40:40 - [INFO] backup completed
2025-06-17 16:41:27 - [WARNING] Suspicious activity detected: port_scan
2025-06-17 16:43:40 - [INFO] backup completed
2025-06-17 16:44:39 - [INFO] backup completed
2025-06-17 16:55:34 - [INFO] backup completed
2025-06-17 17:04:19 - [INFO] system check passed
2025-06-17 17:04:52 - [INFO] config updated
2025-06-17 17:12:29 - [INFO] email sent
2025-06-17 17:13:28 - [INFO] email sent
2025-06-17 17:19:56 - [INFO] backup completed
2025-06-17 17:20:05 - [INFO] system check passed
2025-06-17 17:22:00 - [WARNING] Suspicious activity detected: brute_force
2025-06-17 17:23:23 - [INFO] config updated
2025-06-17 17:23:54 - [INFO] config updated
2025-06-17 17:29:21 - [INFO] email sent
2025-06-17 17:32:57 - [INFO] system check passed
2025-06-17 17:37:42 - [INFO] backup completed
2025-06-17 17:44:05 - [INFO] file downloaded
2025-06-17 17:46:17 - [INFO] user login
2025-06-17 18:01:29 - [INFO] user login
2025-06-17 18:01:39 - [INFO] user login
2025-06-17 18:01:57 - [INFO] system check passed
2025-06-17 18:02:13 - [INFO] file uploaded
2025-06-17 18:10:56 - [INFO] config updated
2025-06-17 18:18:18 - [INFO] user login
2025-06-17 18:19:26 - [WARNING] Suspicious activity detected: intrusion
2025-06-17 18:23:47 - [INFO] user login
2025-06-17 18:24:24 - [INFO] file uploaded
2025-06-17 18:25:20 - [WARNING] Suspicious activity detected: malware
2025-06-17 18:25:51 - [INFO] email sent
2025-06-17 18:28:40 - [INFO] file downloaded
2025-06-17 18:29:38 - [INFO] email sent
2025-06-17 18:31:33 - [INFO] file uploaded
2025-06-17 18:45:39 - [INFO] system check passed
2025-06-17 18:50:43 - [INFO] config updated
2025-06-17 18:55:17 - [INFO] config updated
2025-06-17 18:56:23 - [INFO] file downloaded
2025-06-17 19:03:03 - [INFO] backup completed
2025-06-17 19:03:09 - [INFO] file downloaded
2025-06-17 19:07:05 - [INFO] system check passed
2025-06-17 19:08:47 - [INFO] system check passed
2025-06-17 19:22:51 - [INFO] file uploaded
2025-06-17 19:41:39 - [WARNING] Suspicious activity detected: ddos
2025-06-17 19:45:15 - [WARNING] Suspicious activity detected: sql_injection
2025-06-17 19:51:41 - [INFO] file downloaded
2025-06-17 20:06:23 - [INFO] config updated
2025-06-17 20:22:12 - [WARNING] Suspicious activity detected: brute_force
2025-06-17 20:23:43 - [INFO] user login
2025-06-17 20:24:38 - [INFO] system check passed
2025-06-17 20:52:17 - [INFO] config updated
2025-06-17 20:58:58 - [WARNING] Suspicious activity detected: intrusion
2025-06-17 21:01:21 - [WARNING] Suspicious activity detected: port_scan
2025-06-17 21:25:29 - [INFO] file uploaded
2025-06-17 21:27:02 - [INFO] user login
2025-06-17 21:27:35 - [WARNING] Suspicious activity detected: ip_blocked
2025-06-17 21:30:49 - [INFO] file downloaded
2025-06-17 21:32:57 - [INFO] file downloaded
2025-06-17 21:37:34 - [INFO] user login
2025-06-17 21:38:17 - [WARNING] Suspicious activity detected: ddos
2025-06-17 21:48:21 - [INFO] config updated
2025-06-17 21:51:49 - [WARNING] Suspicious activity detected: ddos
2025-06-17 21:59:59 - [INFO] file downloaded
2025-06-17 22:16:36 - [INFO] backup completed
2025-06-17 23:00:41 - [INFO] email sent
2025-06-17 23:45:38 - [INFO] user login
2025-06-17 23:51:08 - [INFO] config updated
2025-06-17 23:52:11 - [INFO] system check passed
2025-06-17 23:56:14 - [WARNING] Suspicious activity detected: port_scan
2025-06-17 23:58:00 - [WARNING] Suspicious activity detected: unauthorized_access