2025-07-11 00:14:36 - [INFO] email sent
2025-07-11 00:14:38 - [WARNING] Suspicious activity detected: malware
2025-07-11 00:21:30 - [INFO] backup completed
2025-07-11 00:26:39 - [INFO] backup completed
2025-07-11 00:27:05 - [WARNING] Suspicious activity detected: sql_injection
2025-07-11 00:29:39 - [INFO] file downloaded
2025-07-11 00:39:16 - [WARNING] Suspicious activity detected: intrusion
2025-07-11 00:46:18 - [INFO] user login
2025-07-11 00:54:47 - [INFO] user login
2025-07-11 01:00:30 - [INFO] backup completed
2025-07-11 01:06:50 - [INFO] backup completed
2025-07-11 01:10:36 - [INFO] file downloaded
2025-07-11 01:18:25 - [WARNING] Suspicious activity detected: brute_force
2025-07-11 01:24:59 - [WARNING] Suspicious activity detected: ddos
2025-07-11 01:26:09 - [INFO] backup completed
2025-07-11 01:28:48 - [INFO] config updated
2025-07-11 01:38:40 - [WARNING] Suspicious activity detected: intrusion
2025-07-11 01:50:17 - [INFO] file uploaded
2025-07-11 01:51:48 - [INFO] user login
2025-07-11 02:20:10 - [INFO] config updated
2025-07-11 02:22:07 - [WARNING] Suspicious activity detected: malware
2025-07-11 02:23:00 - [INFO] config updated
2025-07-11 02:31:14 - [WARNING] Suspicious activity detected: unauthorized_access
2025-07-11 02:44:09 - [WARNING] Suspicious activity detected: ddos
2025-07-11 02:45:59 - [INFO] file uploaded
2025-07-11 02:51:00 - [INFO] user login
2025-07-11 03:06:58 - [INFO] backup completed
2025-07-11 03:26:14 - [INFO] user login
2025-07-11 03:28:56 - [WARNING] Suspicious activity detected: unauthorized_access
2025-07-11 03:37:25 - [WARNING] Suspicious activity detected: unauthorized_access
2025-07-11 03:39:35 - [INFO] backup completed
2025-07-11 03:43:58 - [INFO] backup completed
2025-07-11 04:01:23 - [INFO] file uploaded
2025-07-11 04:03:59 - [WARNING] Suspicious activity detected: brute_force
2025-07-11 04:05:59 - [INFO] email sent
2025-07-11 04:29:36 - [INFO] email sent
2025-07-11 04:34:22 - [INFO] config updated
2025-07-11 04:34:39 - [INFO] system check passed
2025-07-11 04:42:26 - [WARNING] Suspicious activity detected: port_scan
2025-07-11 04:47:16 - [WARNING] Suspicious activity detected: ddos
2025-07-11 04:50:17 - [WARNING] Suspicious activity detected: intrusion
2025-07-11 04:53:20 - [INFO] email sent
2025-07-11 04:55:32 - [WARNING] Suspicious activity detected: brute_force
2025-07-11 05:05:16 - [INFO] file downloaded
2025-07-11 05:07:14 - [WARNING] Suspicious activity detected: ddos
2025-07-11 05:17:56 - [INFO] user login
2025-07-11 05:20:19 - [INFO] email sent
2025-07-11 05:22:19 - [INFO] email sent
2025-07-11 05:32:59 - [WARNING] Suspicious activity detected: malware
2025-07-11 05:37:05 - [INFO] backup completed
2025-07-11 05:38:09 - [INFO] file downloaded
2025-07-11 05:47:58 - [WARNING] Suspicious activity detected: intrusion
2025-07-11 05:53:10 - [INFO] backup completed
2025-07-11 06:25:43 - [WARNING] Suspicious activity detected: ddos
2025-07-11 06:34:30 - [INFO] backup completed
2025-07-11 06:38:12 - [WARNING] Suspicious activity detected: brute_force
2025-07-11 06:44:22 - [INFO] email sent
2025-07-11 06:46:42 - [INFO] email sent
2025-07-11 06:58:08 - [WARNING] Suspicious activity detected: malware
2025-07-11 07:04:07 - [INFO] file uploaded
2025-07-11 07:09:25 - [INFO] email sent
2025-07-11 07:19:05 - [INFO] email sent
2025-07-11 07:22:03 - [INFO] system check passed
2025-07-11 07:33:00 - [INFO] email sent
2025-07-11 07:36:48 - [WARNING] Suspicious activity detected: brute_force
2025-07-11 07:38:00 - [WARNING] Suspicious activity detected: sql_injection
2025-07-11 07:39:40 - [WARNING] Suspicious activity detected: port_scan
2025-07-11 07:40:22 - [WARNING] Suspicious activity detected: ip_blocked
2025-07-11 07:42:08 - [INFO] user login
2025-07-11 07:42:31 - [WARNING] Suspicious activity detected: port_scan
2025-07-11 07:54:41 - [INFO] system check passed
2025-07-11 08:09:35 - [INFO] email sent
2025-07-11 08:13:02 - [INFO] system check passed
2025-07-11 08:22:40 - [WARNING] Suspicious activity detected: malware
2025-07-11 08:28:57 - [INFO] email sent
2025-07-11 08:33:34 - [WARNING] Suspicious activity detected: malware
2025-07-11 08:40:25 - [INFO] file downloaded
2025-07-11 08:45:01 - [WARNING] Suspicious activity detected: ip_blocked
2025-07-11 08:46:26 - [INFO] config updated
2025-07-11 08:51:48 - [INFO] config updated
2025-07-11 09:04:43 - [WARNING] Suspicious activity detected: port_scan
2025-07-11 09:04:43 - [WARNING] Suspicious activity detected: port_scan
2025-07-11 09:06:21 - [INFO] user login
2025-07-11 09:10:13 - [WARNING] Suspicious activity detected: brute_force
2025-07-11 09:10:53 - [INFO] email sent
2025-07-11 09:12:32 - [WARNING] Suspicious activity detected: brute_force
2025-07-11 09:20:50 - [WARNING] Suspicious activity detected: sql_injection
2025-07-11 09:21:53 - [INFO] file downloaded
2025-07-11 09:25:42 - [WARNING] Suspicious activity detected: port_scan
2025-07-11 09:31:21 - [INFO] config updated
2025-07-11 09:37:22 - [INFO] config updated
2025-07-11 09:38:31 - [INFO] file downloaded
2025-07-11 09:50:57 - [INFO] config updated
2025-07-11 10:13:43 - [WARNING] Suspicious activity detected: sql_injection
2025-07-11 10:15:29 - [INFO] file downloaded
2025-07-11 10:33:09 - [INFO] backup completed
2025-07-11 10:38:00 - [WARNING] Suspicious activity detected: brute_force
2025-07-11 10:49:44 - [WARNING] Suspicious activity detected: brute_force
2025-07-11 10:52:36 - [INFO] config updated
2025-07-11 10:54:31 - [WARNING] Suspicious activity detected: brute_force
2025-07-11 10:57:55 - [INFO] backup completed
2025-07-11 11:04:13 - [INFO] user login
2025-07-11 11:08:28 - [WARNING] Suspicious activity detected: ddos
2025-07-11 11:11:04 - [WARNING] Suspicious activity detected: malware
2025-07-11 11:24:09 - [INFO] file uploaded
2025-07-11 11:29:25 - [INFO] backup completed
2025-07-11 11:39:58 - [INFO] email sent
2025-07-11 11:45:56 - [INFO] user login
2025-07-11 11:48:51 - [INFO] email sent
2025-07-11 11:50:43 - [INFO] config updated
2025-07-11 11:59:32 - [INFO] system check passed
2025-07-11 12:10:50 - [WARNING] Suspicious activity detected: sql_injection
2025-07-11 12:21:05 - [INFO] file downloaded
2025-07-11 12:32:29 - [WARNING] Suspicious activity detected: unauthorized_access
2025-07-11 12:35:27 - [INFO] email sent
2025-07-11 12:44:10 - [INFO] email sent
2025-07-11 12:52:10 - [WARNING] Suspicious activity detected: port_scan
2025-07-11 12:53:35 - [INFO] file downloaded
2025-07-11 12:58:22 - [WARNING] Suspicious activity detected: malware
2025-07-11 13:01:28 - [WARNING] Suspicious activity detected: ddos
2025-07-11 13:08:28 - [WARNING] Suspicious activity detected: ddos
2025-07-11 13:12:16 - [WARNING] Suspicious activity detected: ddos
2025-07-11 13:13:48 - [INFO] file downloaded
2025-07-11 13:16:21 - [INFO] backup completed
2025-07-11 13:21:18 - [INFO] system check passed
2025-07-11 13:35:48 - [WARNING] Suspicious activity detected: sql_injection
2025-07-11 13:40:27 - [INFO] system check passed
2025-07-11 13:41:05 - [INFO] file downloaded
2025-07-11 13:42:51 - [INFO] file uploaded
2025-07-11 13:48:36 - [WARNING] Suspicious activity detected: ip_blocked
2025-07-11 14:02:58 - [INFO] user login
2025-07-11 14:03:43 - [INFO] backup completed
2025-07-11 14:08:40 - [WARNING] Suspicious activity detected: ddos
2025-07-11 14:15:30 - [INFO] file downloaded
2025-07-11 14:26:33 - [INFO] config updated
2025-07-11 14:29:30 - [INFO] user login
2025-07-11 14:32:25 - [INFO] config updated
2025-07-11 14:35:26 - [INFO] backup completed
2025-07-11 14:52:56 - [INFO] backup completed
2025-07-11 14:56:08 - [INFO] config updated
2025-07-11 15:03:55 - [WARNING] Suspicious activity detected: unauthorized_access
2025-07-11 15:04:58 - [WARNING] Suspicious activity detected: malware
2025-07-11 15:06:37 - [INFO] email sent
2025-07-11 15:09:32 - [INFO] user login
2025-07-11 15:12:23 - [INFO] system check passed
2025-07-11 15:22:40 - [WARNING] Suspicious activity detected: intrusion
2025-07-11 15:30:52 - [INFO] config updated
2025-07-11 15:33:04 - [WARNING] Suspicious activity detected: port_scan
2025-07-11 15:35:11 - [INFO] config updated
2025-07-11 15:50:25 - [WARNING] Suspicious activity detected: ip_blocked
2025-07-11 15:59:19 - [INFO] file downloaded
2025-07-11 16:01:31 - [WARNING] Suspicious activity detected: ddos
2025-07-11 16:05:50 - [WARNING] Suspicious activity detected: intrusion
2025-07-11 16:08:49 - [INFO] file downloaded
2025-07-11 16:21:22 - [INFO] user login
2025-07-11 16:23:07 - [WARNING] Suspicious activity detected: sql_injection
2025-07-11 16:23:20 - [WARNING] Suspicious activity detected: unauthorized_access
2025-07-11 16:35:26 - [INFO] config updated
2025-07-11 16:48:19 - [INFO] file downloaded
2025-07-11 16:51:29 - [WARNING] Suspicious activity detected: sql_injection
2025-07-11 16:54:39 - [WARNING] Suspicious activity detected: ip_blocked
2025-07-11 17:05:41 - [INFO] backup completed
2025-07-11 17:13:50 - [WARNING] Suspicious activity detected: port_scan
2025-07-11 17:35:28 - [WARNING] Suspicious activity detected: malware
2025-07-11 17:37:00 - [INFO] email sent
2025-07-11 17:49:04 - [INFO] file downloaded
2025-07-11 18:12:26 - [WARNING] Suspicious activity detected: intrusion
2025-07-11 18:20:08 - [INFO] email sent
2025-07-11 18:21:09 - [WARNING] Suspicious activity detected: ip_blocked
2025-07-11 18:23:33 - [WARNING] Suspicious activity detected: unauthorized_access
2025-07-11 18:29:20 - [INFO] file uploaded
2025-07-11 18:32:10 - [INFO] config updated
2025-07-11 18:34:41 - [INFO] user login
2025-07-11 18:36:18 - [WARNING] Suspicious activity detected: ip_blocked
2025-07-11 18:44:10 - [INFO] file downloaded
2025-07-11 18:47:49 - [INFO] user login
2025-07-11 18:48:39 - [INFO] file uploaded
2025-07-11 19:10:29 - [INFO] user login
2025-07-11 19:10:55 - [WARNING] Suspicious activity detected: ip_blocked
2025-07-11 19:24:31 - [WARNING] Suspicious activity detected: port_scan
2025-07-11 19:49:25 - [WARNING] Suspicious activity detected: ip_blocked
2025-07-11 19:51:19 - [WARNING] Suspicious activity detected: brute_force
2025-07-11 19:57:17 - [WARNING] Suspicious activity detected: port_scan
2025-07-11 20:01:49 - [WARNING] Suspicious activity detected: unauthorized_access
2025-07-11 20:05:24 - [INFO] backup completed
2025-07-11 20:05:59 - [INFO] backup completed
2025-07-11 20:06:52 - [INFO] file uploaded
2025-07-11 20:20:59 - [WARNING] Suspicious activity detected: ddos
2025-07-11 20:32:30 - [WARNING] Suspicious activity detected: unauthorized_access
2025-07-11 20:32:38 - [INFO] config updated
2025-07-11 20:42:29 - [WARNING] Suspicious activity detected: port_scan
2025-07-11 20:53:24 - [INFO] file uploaded
2025-07-11 20:53:26 - [INFO] file downloaded
2025-07-11 20:57:02 - [WARNING] Suspicious activity detected: unauthorized_access
2025-07-11 20:58:14 - [INFO] system check passed
2025-07-11 21:02:35 - [WARNING] Suspicious activity detected: ddos
2025-07-11 21:05:19 - [WARNING] Suspicious activity detected: unauthorized_access
2025-07-11 21:05:58 - [WARNING] Suspicious activity detected: sql_injection
2025-07-11 21:23:36 - [INFO] config updated
2025-07-11 21:26:45 - [INFO] file uploaded
2025-07-11 21:39:57 - [WARNING] Suspicious activity detected: intrusion
2025-07-11 21:40:11 - [INFO] email sent
2025-07-11 21:42:26 - [WARNING] Suspicious activity detected: ddos
2025-07-11 21:59:15 - [WARNING] Suspicious activity detected: unauthorized_access
2025-07-11 22:22:15 - [WARNING] Suspicious activity detected: ddos
2025-07-11 22:28:02 - [WARNING] Suspicious activity detected: malware
2025-07-11 22:32:14 - [INFO] file downloaded
2025-07-11 22:33:37 - [WARNING] Suspicious activity detected: sql_injection
2025-07-11 22:45:52 - [WARNING] Suspicious activity detected: unauthorized_access
2025-07-11 23:14:08 - [WARNING] Suspicious activity detected: ip_blocked
2025-07-11 23:14:40 - [WARNING] Suspicious activity detected: ddos
2025-07-11 23:18:32 - [INFO] file uploaded
2025-07-11 23:21:14 - [WARNING] Suspicious activity detected: port_scan
2025-07-11 23:23:24 - [INFO] file uploaded
2025-07-11 23:27:24 - [INFO] system check passed
2025-07-11 23:30:59 - [WARNING] Suspicious activity detected: port_scan
2025-07-11 23:35:28 - [WARNING] Suspicious activity detected: unauthorized_access
2025-07-11 23:36:24 - [WARNING] Suspicious activity detected: brute_force
2025-07-11 23:36:56 - [INFO] backup completed
2025-07-11 23:43:26 - [WARNING] Suspicious activity detected: unauthorized_access
2025-07-11 23:45:27 - [INFO] email sent