2025-07-17 00:04:43 - [INFO] config updated
2025-07-17 00:08:51 - [INFO] config updated
2025-07-17 00:13:48 - [INFO] config updated
2025-07-17 00:15:56 - [INFO] backup completed
2025-07-17 00:17:33 - [WARNING] Suspicious activity detected: sql_injection
2025-07-17 00:21:33 - [INFO] file uploaded
2025-07-17 00:29:06 - [INFO] system check passed
2025-07-17 00:29:25 - [INFO] email sent
2025-07-17 00:32:46 - [WARNING] Suspicious activity detected: ddos
2025-07-17 00:36:14 - [INFO] system check passed
2025-07-17 00:40:59 - [INFO] system check passed
2025-07-17 00:44:50 - [WARNING] Suspicious activity detected: ip_blocked
2025-07-17 00:46:16 - [WARNING] Suspicious activity detected: ip_blocked
2025-07-17 00:56:07 - [WARNING] Suspicious activity detected: ddos
2025-07-17 01:03:22 - [WARNING] Suspicious activity detected: ddos
2025-07-17 01:09:25 - [WARNING] Suspicious activity detected: brute_force
2025-07-17 01:17:48 - [INFO] config updated
2025-07-17 01:32:54 - [INFO] file downloaded
2025-07-17 01:32:54 - [INFO] file uploaded
2025-07-17 01:33:36 - [INFO] backup completed
2025-07-17 01:34:19 - [INFO] backup completed
2025-07-17 01:40:27 - [WARNING] Suspicious activity detected: port_scan
2025-07-17 01:49:24 - [INFO] file uploaded
2025-07-17 01:53:54 - [WARNING] Suspicious activity detected: brute_force
2025-07-17 02:04:02 - [INFO] backup completed
2025-07-17 02:10:36 - [INFO] email sent
2025-07-17 02:12:55 - [INFO] user login
2025-07-17 02:14:27 - [INFO] user login
2025-07-17 02:18:27 - [INFO] email sent
2025-07-17 02:28:10 - [WARNING] Suspicious activity detected: malware
2025-07-17 02:30:54 - [WARNING] Suspicious activity detected: brute_force
2025-07-17 02:31:30 - [INFO] file downloaded
2025-07-17 02:34:59 - [INFO] config updated
2025-07-17 02:43:00 - [INFO] file uploaded
2025-07-17 02:44:19 - [INFO] email sent
2025-07-17 02:56:43 - [INFO] file downloaded
2025-07-17 02:59:12 - [WARNING] Suspicious activity detected: ddos
2025-07-17 03:00:02 - [INFO] backup completed
2025-07-17 03:03:29 - [INFO] file downloaded
2025-07-17 03:09:22 - [WARNING] Suspicious activity detected: port_scan
2025-07-17 03:15:20 - [INFO] config updated
2025-07-17 03:19:22 - [INFO] system check passed
2025-07-17 03:35:25 - [INFO] file uploaded
2025-07-17 03:35:37 - [WARNING] Suspicious activity detected: intrusion
2025-07-17 03:53:54 - [INFO] file downloaded
2025-07-17 03:55:48 - [INFO] user login
2025-07-17 03:59:04 - [INFO] email sent
2025-07-17 04:00:53 - [INFO] backup completed
2025-07-17 04:03:38 - [INFO] user login
2025-07-17 04:05:17 - [INFO] file uploaded
2025-07-17 04:11:51 - [INFO] config updated
2025-07-17 04:14:43 - [INFO] file downloaded
2025-07-17 04:20:40 - [INFO] backup completed
2025-07-17 04:23:18 - [INFO] file uploaded
2025-07-17 04:36:37 - [INFO] user login
2025-07-17 04:42:46 - [WARNING] Suspicious activity detected: ddos
2025-07-17 04:47:01 - [INFO] file downloaded
2025-07-17 04:47:40 - [INFO] email sent
2025-07-17 04:57:20 - [WARNING] Suspicious activity detected: sql_injection
2025-07-17 04:57:21 - [INFO] email sent
2025-07-17 05:06:23 - [WARNING] Suspicious activity detected: unauthorized_access
2025-07-17 05:16:04 - [INFO] backup completed
2025-07-17 05:22:04 - [INFO] file downloaded
2025-07-17 05:24:58 - [INFO] user login
2025-07-17 05:27:26 - [INFO] user login
2025-07-17 05:30:13 - [INFO] user login
2025-07-17 05:31:52 - [INFO] file downloaded
2025-07-17 05:45:42 - [WARNING] Suspicious activity detected: intrusion
2025-07-17 05:46:55 - [WARNING] Suspicious activity detected: unauthorized_access
2025-07-17 05:52:09 - [WARNING] Suspicious activity detected: brute_force
2025-07-17 05:58:41 - [INFO] file uploaded
2025-07-17 06:03:47 - [WARNING] Suspicious activity detected: brute_force
2025-07-17 06:08:57 - [WARNING] Suspicious activity detected: ddos
2025-07-17 06:16:19 - [INFO] user login
2025-07-17 06:30:31 - [WARNING] Suspicious activity detected: brute_force
2025-07-17 06:32:19 - [INFO] system check passed
2025-07-17 06:33:49 - [WARNING] Suspicious activity detected: ip_blocked
2025-07-17 06:39:50 - [INFO] system check passed
2025-07-17 06:41:58 - [INFO] backup completed
2025-07-17 06:47:37 - [INFO] file downloaded
2025-07-17 06:49:44 - [INFO] file uploaded
2025-07-17 06:54:59 - [WARNING] Suspicious activity detected: port_scan
2025-07-17 07:02:20 - [INFO] file downloaded
2025-07-17 07:09:36 - [WARNING] Suspicious activity detected: ip_blocked
2025-07-17 07:10:12 - [INFO] file downloaded
2025-07-17 07:19:10 - [INFO] file downloaded
2025-07-17 07:41:48 - [INFO] backup completed
2025-07-17 07:43:03 - [WARNING] Suspicious activity detected: sql_injection
2025-07-17 08:09:08 - [WARNING] Suspicious activity detected: ddos
2025-07-17 08:15:07 - [INFO] user login
2025-07-17 08:15:27 - [INFO] backup completed
2025-07-17 08:30:00 - [WARNING] Suspicious activity detected: malware
2025-07-17 08:35:01 - [INFO] backup completed
2025-07-17 08:37:29 - [INFO] backup completed
2025-07-17 08:40:16 - [WARNING] Suspicious activity detected: unauthorized_access
2025-07-17 08:41:55 - [INFO] user login
2025-07-17 08:42:18 - [WARNING] Suspicious activity detected: malware
2025-07-17 08:52:36 - [INFO] file uploaded
2025-07-17 08:59:18 - [INFO] email sent
2025-07-17 09:09:01 - [INFO] system check passed
2025-07-17 09:19:49 - [WARNING] Suspicious activity detected: intrusion
2025-07-17 09:26:57 - [INFO] user login
2025-07-17 09:36:07 - [INFO] system check passed
2025-07-17 09:43:37 - [INFO] email sent
2025-07-17 09:50:05 - [INFO] system check passed
2025-07-17 09:58:25 - [WARNING] Suspicious activity detected: ddos
2025-07-17 10:04:17 - [INFO] file downloaded
2025-07-17 10:12:16 - [INFO] backup completed
2025-07-17 10:20:21 - [INFO] config updated
2025-07-17 10:30:42 - [INFO] system check passed
2025-07-17 10:36:15 - [INFO] email sent
2025-07-17 10:54:27 - [INFO] backup completed
2025-07-17 10:58:45 - [INFO] file downloaded
2025-07-17 11:21:41 - [INFO] config updated
2025-07-17 11:21:53 - [WARNING] Suspicious activity detected: unauthorized_access
2025-07-17 11:27:09 - [INFO] file uploaded
2025-07-17 11:33:05 - [INFO] config updated
2025-07-17 11:35:33 - [INFO] system check passed
2025-07-17 11:36:23 - [WARNING] Suspicious activity detected: intrusion
2025-07-17 11:41:45 - [INFO] user login
2025-07-17 11:53:53 - [WARNING] Suspicious activity detected: sql_injection
2025-07-17 12:06:29 - [WARNING] Suspicious activity detected: intrusion
2025-07-17 12:09:36 - [INFO] file uploaded
2025-07-17 12:10:06 - [INFO] config updated
2025-07-17 12:18:48 - [INFO] file downloaded
2025-07-17 12:30:31 - [INFO] file downloaded
2025-07-17 12:31:39 - [INFO] file uploaded
2025-07-17 12:39:10 - [INFO] file uploaded
2025-07-17 12:42:26 - [INFO] email sent
2025-07-17 12:52:56 - [WARNING] Suspicious activity detected: ip_blocked
2025-07-17 12:55:22 - [INFO] system check passed
2025-07-17 12:57:35 - [INFO] backup completed
2025-07-17 13:07:50 - [INFO] user login
2025-07-17 13:09:09 - [INFO] file uploaded
2025-07-17 13:09:24 - [WARNING] Suspicious activity detected: brute_force
2025-07-17 13:13:40 - [INFO] email sent
2025-07-17 13:15:16 - [INFO] backup completed
2025-07-17 13:16:00 - [INFO] backup completed
2025-07-17 13:16:59 - [INFO] config updated
2025-07-17 13:22:14 - [WARNING] Suspicious activity detected: malware
2025-07-17 13:28:52 - [INFO] config updated
2025-07-17 13:34:38 - [INFO] config updated
2025-07-17 13:35:18 - [INFO] config updated
2025-07-17 13:42:03 - [INFO] email sent
2025-07-17 13:44:28 - [INFO] user login
2025-07-17 13:48:05 - [INFO] file uploaded
2025-07-17 13:50:58 - [INFO] user login
2025-07-17 13:56:42 - [INFO] file downloaded
2025-07-17 13:59:38 - [INFO] config updated
2025-07-17 14:00:19 - [WARNING] Suspicious activity detected: ddos
2025-07-17 14:01:19 - [INFO] backup completed
2025-07-17 14:03:06 - [INFO] file downloaded
2025-07-17 14:05:18 - [WARNING] Suspicious activity detected: sql_injection
2025-07-17 14:08:55 - [INFO] user login
2025-07-17 14:09:52 - [INFO] system check passed
2025-07-17 14:14:09 - [INFO] backup completed
2025-07-17 14:15:01 - [INFO] config updated
2025-07-17 14:15:42 - [WARNING] Suspicious activity detected: port_scan
2025-07-17 14:17:49 - [INFO] email sent
2025-07-17 14:23:24 - [INFO] file uploaded
2025-07-17 14:32:01 - [INFO] config updated
2025-07-17 14:36:04 - [WARNING] Suspicious activity detected: unauthorized_access
2025-07-17 14:39:43 - [INFO] file uploaded
2025-07-17 14:46:55 - [INFO] file uploaded
2025-07-17 14:52:40 - [WARNING] Suspicious activity detected: unauthorized_access
2025-07-17 14:59:26 - [INFO] file uploaded
2025-07-17 14:59:45 - [WARNING] Suspicious activity detected: intrusion
2025-07-17 15:03:08 - [INFO] file uploaded
2025-07-17 15:04:46 - [INFO] system check passed
2025-07-17 15:08:22 - [INFO] system check passed
2025-07-17 15:10:29 - [INFO] config updated
2025-07-17 15:17:59 - [WARNING] Suspicious activity detected: ddos
2025-07-17 15:23:07 - [INFO] user login
2025-07-17 15:23:24 - [INFO] file uploaded
2025-07-17 15:30:21 - [INFO] file downloaded
2025-07-17 15:34:11 - [INFO] system check passed
2025-07-17 15:36:22 - [INFO] email sent
2025-07-17 15:36:52 - [INFO] user login
2025-07-17 15:40:08 - [INFO] system check passed
2025-07-17 15:52:34 - [INFO] config updated
2025-07-17 15:53:15 - [INFO] file downloaded
2025-07-17 15:56:10 - [WARNING] Suspicious activity detected: unauthorized_access
2025-07-17 16:06:02 - [INFO] system check passed
2025-07-17 16:14:03 - [INFO] system check passed
2025-07-17 16:18:29 - [INFO] system check passed
2025-07-17 16:25:12 - [INFO] system check passed
2025-07-17 16:26:30 - [INFO] system check passed
2025-07-17 16:38:19 - [INFO] file downloaded
2025-07-17 16:39:18 - [INFO] user login
2025-07-17 16:41:58 - [INFO] file downloaded
2025-07-17 16:45:01 - [INFO] file uploaded
2025-07-17 17:07:06 - [INFO] config updated
2025-07-17 17:10:17 - [INFO] backup completed
2025-07-17 17:11:55 - [INFO] system check passed
2025-07-17 17:23:14 - [INFO] file uploaded
2025-07-17 17:26:23 - [WARNING] Suspicious activity detected: sql_injection
2025-07-17 17:30:16 - [INFO] config updated
2025-07-17 17:34:01 - [INFO] file downloaded
2025-07-17 17:35:03 - [WARNING] Suspicious activity detected: unauthorized_access
2025-07-17 17:38:07 - [INFO] file downloaded
2025-07-17 17:48:58 - [INFO] system check passed
2025-07-17 17:50:30 - [INFO] file uploaded
2025-07-17 17:50:50 - [INFO] file uploaded
2025-07-17 18:03:56 - [INFO] file uploaded
2025-07-17 18:05:32 - [WARNING] Suspicious activity detected: intrusion
2025-07-17 18:05:46 - [INFO] email sent
2025-07-17 18:06:13 - [INFO] file downloaded
2025-07-17 18:08:43 - [WARNING] Suspicious activity detected: brute_force
2025-07-17 18:09:50 - [WARNING] Suspicious activity detected: ddos
2025-07-17 18:33:54 - [INFO] config updated
2025-07-17 18:52:12 - [INFO] file downloaded
2025-07-17 18:54:00 - [WARNING] Suspicious activity detected: port_scan
2025-07-17 18:54:30 - [INFO] file uploaded
2025-07-17 18:54:32 - [INFO] file downloaded
2025-07-17 18:54:48 - [WARNING] Suspicious activity detected: ddos
2025-07-17 18:57:54 - [WARNING] Suspicious activity detected: unauthorized_access
2025-07-17 18:58:39 - [INFO] config updated
2025-07-17 19:01:14 - [INFO] config updated
2025-07-17 19:10:10 - [WARNING] Suspicious activity detected: intrusion
2025-07-17 19:17:17 - [INFO] file downloaded
2025-07-17 19:35:24 - [INFO] user login
2025-07-17 19:39:31 - [INFO] user login
2025-07-17 19:54:11 - [INFO] file uploaded
2025-07-17 19:55:06 - [INFO] config updated
2025-07-17 19:55:34 - [INFO] config updated
2025-07-17 19:58:53 - [INFO] file uploaded
2025-07-17 20:11:23 - [INFO] file downloaded
2025-07-17 20:15:11 - [INFO] system check passed
2025-07-17 20:21:06 - [INFO] file downloaded
2025-07-17 20:24:42 - [INFO] backup completed
2025-07-17 20:35:31 - [INFO] file downloaded
2025-07-17 20:36:39 - [INFO] file uploaded
2025-07-17 20:48:52 - [INFO] config updated
2025-07-17 20:53:44 - [INFO] config updated
2025-07-17 20:58:23 - [INFO] file downloaded
2025-07-17 21:01:20 - [INFO] email sent
2025-07-17 21:02:37 - [WARNING] Suspicious activity detected: sql_injection
2025-07-17 21:09:58 - [WARNING] Suspicious activity detected: ddos
2025-07-17 21:20:29 - [INFO] system check passed
2025-07-17 21:20:47 - [WARNING] Suspicious activity detected: malware
2025-07-17 21:23:18 - [INFO] file uploaded
2025-07-17 21:27:07 - [INFO] backup completed
2025-07-17 21:42:48 - [WARNING] Suspicious activity detected: intrusion
2025-07-17 21:50:29 - [INFO] backup completed
2025-07-17 21:55:32 - [INFO] user login
2025-07-17 22:08:52 - [INFO] system check passed
2025-07-17 22:13:36 - [INFO] backup completed
2025-07-17 22:22:36 - [INFO] config updated
2025-07-17 22:28:13 - [WARNING] Suspicious activity detected: malware
2025-07-17 22:30:42 - [WARNING] Suspicious activity detected: unauthorized_access
2025-07-17 22:33:42 - [INFO] email sent
2025-07-17 22:35:25 - [INFO] file downloaded
2025-07-17 23:07:08 - [INFO] config updated
2025-07-17 23:07:44 - [INFO] email sent
2025-07-17 23:07:46 - [INFO] system check passed
2025-07-17 23:16:16 - [WARNING] Suspicious activity detected: brute_force
2025-07-17 23:17:42 - [WARNING] Suspicious activity detected: ip_blocked
2025-07-17 23:34:46 - [INFO] file downloaded