2025-07-28 00:05:02 - [INFO] file downloaded
2025-07-28 00:09:11 - [WARNING] Suspicious activity detected: ddos
2025-07-28 00:11:21 - [INFO] file uploaded
2025-07-28 00:19:22 - [INFO] email sent
2025-07-28 00:22:00 - [WARNING] Suspicious activity detected: brute_force
2025-07-28 00:25:21 - [WARNING] Suspicious activity detected: port_scan
2025-07-28 00:27:18 - [INFO] backup completed
2025-07-28 00:30:19 - [INFO] user login
2025-07-28 00:39:06 - [WARNING] Suspicious activity detected: malware
2025-07-28 00:40:34 - [INFO] backup completed
2025-07-28 00:42:21 - [INFO] system check passed
2025-07-28 00:47:07 - [WARNING] Suspicious activity detected: ddos
2025-07-28 00:57:42 - [WARNING] Suspicious activity detected: sql_injection
2025-07-28 00:58:39 - [WARNING] Suspicious activity detected: unauthorized_access
2025-07-28 00:59:47 - [WARNING] Suspicious activity detected: brute_force
2025-07-28 01:03:21 - [INFO] file downloaded
2025-07-28 01:03:27 - [WARNING] Suspicious activity detected: unauthorized_access
2025-07-28 01:12:07 - [WARNING] Suspicious activity detected: unauthorized_access
2025-07-28 01:14:58 - [INFO] backup completed
2025-07-28 01:30:55 - [WARNING] Suspicious activity detected: ddos
2025-07-28 01:31:34 - [WARNING] Suspicious activity detected: ddos
2025-07-28 01:39:24 - [WARNING] Suspicious activity detected: intrusion
2025-07-28 01:44:00 - [INFO] backup completed
2025-07-28 01:54:46 - [WARNING] Suspicious activity detected: brute_force
2025-07-28 02:06:33 - [INFO] file uploaded
2025-07-28 02:15:40 - [WARNING] Suspicious activity detected: sql_injection
2025-07-28 02:27:21 - [INFO] config updated
2025-07-28 02:28:53 - [INFO] system check passed
2025-07-28 02:31:04 - [INFO] system check passed
2025-07-28 02:33:19 - [WARNING] Suspicious activity detected: ddos
2025-07-28 02:45:49 - [WARNING] Suspicious activity detected: ddos
2025-07-28 02:49:11 - [WARNING] Suspicious activity detected: port_scan
2025-07-28 02:56:24 - [INFO] file uploaded
2025-07-28 02:57:31 - [WARNING] Suspicious activity detected: unauthorized_access
2025-07-28 03:06:47 - [WARNING] Suspicious activity detected: unauthorized_access
2025-07-28 03:08:19 - [WARNING] Suspicious activity detected: ip_blocked
2025-07-28 03:27:05 - [INFO] system check passed
2025-07-28 03:28:56 - [INFO] file uploaded
2025-07-28 03:33:00 - [WARNING] Suspicious activity detected: sql_injection
2025-07-28 03:40:10 - [INFO] file uploaded
2025-07-28 03:40:16 - [INFO] user login
2025-07-28 03:50:55 - [INFO] file uploaded
2025-07-28 04:02:58 - [INFO] file uploaded
2025-07-28 04:10:18 - [WARNING] Suspicious activity detected: ddos
2025-07-28 04:11:55 - [INFO] system check passed
2025-07-28 04:16:15 - [INFO] file uploaded
2025-07-28 04:26:42 - [INFO] email sent
2025-07-28 04:27:56 - [WARNING] Suspicious activity detected: intrusion
2025-07-28 04:29:21 - [INFO] backup completed
2025-07-28 04:35:40 - [WARNING] Suspicious activity detected: intrusion
2025-07-28 04:36:32 - [INFO] system check passed
2025-07-28 04:41:32 - [WARNING] Suspicious activity detected: sql_injection
2025-07-28 05:02:24 - [WARNING] Suspicious activity detected: brute_force
2025-07-28 05:05:13 - [WARNING] Suspicious activity detected: ip_blocked
2025-07-28 05:13:30 - [INFO] file downloaded
2025-07-28 05:29:45 - [INFO] file uploaded
2025-07-28 05:53:54 - [WARNING] Suspicious activity detected: unauthorized_access
2025-07-28 05:56:16 - [INFO] user login
2025-07-28 05:56:29 - [WARNING] Suspicious activity detected: ddos
2025-07-28 06:03:20 - [INFO] file downloaded
2025-07-28 06:10:31 - [WARNING] Suspicious activity detected: ddos
2025-07-28 06:11:48 - [WARNING] Suspicious activity detected: brute_force
2025-07-28 06:15:31 - [INFO] config updated
2025-07-28 06:22:39 - [INFO] email sent
2025-07-28 06:25:28 - [INFO] user login
2025-07-28 06:25:52 - [WARNING] Suspicious activity detected: malware
2025-07-28 06:30:48 - [INFO] user login
2025-07-28 06:36:14 - [INFO] user login
2025-07-28 06:41:32 - [WARNING] Suspicious activity detected: ip_blocked
2025-07-28 06:41:53 - [INFO] file uploaded
2025-07-28 06:43:42 - [INFO] backup completed
2025-07-28 06:45:53 - [WARNING] Suspicious activity detected: intrusion
2025-07-28 07:06:32 - [INFO] config updated
2025-07-28 07:20:53 - [WARNING] Suspicious activity detected: brute_force
2025-07-28 07:23:24 - [WARNING] Suspicious activity detected: intrusion
2025-07-28 07:26:09 - [WARNING] Suspicious activity detected: port_scan
2025-07-28 07:27:13 - [INFO] email sent
2025-07-28 07:27:57 - [INFO] system check passed
2025-07-28 07:31:21 - [WARNING] Suspicious activity detected: sql_injection
2025-07-28 07:31:45 - [INFO] config updated
2025-07-28 07:35:43 - [WARNING] Suspicious activity detected: unauthorized_access
2025-07-28 07:39:12 - [WARNING] Suspicious activity detected: ddos
2025-07-28 07:41:24 - [WARNING] Suspicious activity detected: intrusion
2025-07-28 07:52:32 - [INFO] config updated
2025-07-28 07:54:27 - [WARNING] Suspicious activity detected: ddos
2025-07-28 07:54:28 - [INFO] file downloaded
2025-07-28 07:57:36 - [WARNING] Suspicious activity detected: ip_blocked
2025-07-28 07:57:37 - [INFO] user login
2025-07-28 08:03:58 - [WARNING] Suspicious activity detected: port_scan
2025-07-28 08:11:30 - [INFO] file downloaded
2025-07-28 08:22:58 - [INFO] config updated
2025-07-28 08:24:22 - [INFO] file uploaded
2025-07-28 08:34:49 - [INFO] email sent
2025-07-28 08:38:13 - [INFO] system check passed
2025-07-28 08:52:39 - [INFO] email sent
2025-07-28 08:52:40 - [INFO] backup completed
2025-07-28 09:17:30 - [WARNING] Suspicious activity detected: intrusion
2025-07-28 09:17:48 - [INFO] file uploaded
2025-07-28 09:26:49 - [WARNING] Suspicious activity detected: brute_force
2025-07-28 09:38:04 - [INFO] config updated
2025-07-28 09:40:32 - [INFO] backup completed
2025-07-28 09:42:16 - [INFO] config updated
2025-07-28 09:51:29 - [INFO] email sent
2025-07-28 09:54:40 - [WARNING] Suspicious activity detected: ddos
2025-07-28 09:54:48 - [INFO] system check passed
2025-07-28 09:55:50 - [INFO] file uploaded
2025-07-28 10:03:42 - [INFO] email sent
2025-07-28 10:12:52 - [INFO] email sent
2025-07-28 10:14:00 - [WARNING] Suspicious activity detected: ddos
2025-07-28 10:14:16 - [INFO] backup completed
2025-07-28 10:17:16 - [INFO] system check passed
2025-07-28 10:20:50 - [INFO] email sent
2025-07-28 10:27:27 - [WARNING] Suspicious activity detected: unauthorized_access
2025-07-28 10:33:33 - [INFO] email sent
2025-07-28 10:40:23 - [INFO] backup completed
2025-07-28 10:51:19 - [WARNING] Suspicious activity detected: brute_force
2025-07-28 10:57:25 - [INFO] config updated
2025-07-28 11:12:05 - [WARNING] Suspicious activity detected: malware
2025-07-28 11:14:18 - [WARNING] Suspicious activity detected: sql_injection
2025-07-28 11:16:12 - [WARNING] Suspicious activity detected: port_scan
2025-07-28 11:29:06 - [INFO] system check passed
2025-07-28 11:31:39 - [WARNING] Suspicious activity detected: malware
2025-07-28 11:33:07 - [INFO] user login
2025-07-28 11:47:56 - [WARNING] Suspicious activity detected: brute_force
2025-07-28 11:52:52 - [WARNING] Suspicious activity detected: ddos
2025-07-28 11:58:52 - [WARNING] Suspicious activity detected: ddos
2025-07-28 12:05:28 - [INFO] backup completed
2025-07-28 12:06:28 - [INFO] file uploaded
2025-07-28 12:12:22 - [INFO] config updated
2025-07-28 12:18:35 - [INFO] backup completed
2025-07-28 12:35:51 - [WARNING] Suspicious activity detected: unauthorized_access
2025-07-28 13:03:30 - [INFO] email sent
2025-07-28 13:15:24 - [INFO] email sent
2025-07-28 13:24:56 - [INFO] email sent
2025-07-28 13:36:38 - [INFO] file downloaded
2025-07-28 13:43:37 - [WARNING] Suspicious activity detected: port_scan
2025-07-28 13:44:12 - [INFO] system check passed
2025-07-28 13:45:50 - [INFO] email sent
2025-07-28 13:50:08 - [INFO] backup completed
2025-07-28 13:50:57 - [INFO] user login
2025-07-28 13:51:16 - [WARNING] Suspicious activity detected: port_scan
2025-07-28 13:54:58 - [INFO] system check passed
2025-07-28 13:55:48 - [INFO] config updated
2025-07-28 14:01:11 - [INFO] config updated
2025-07-28 14:09:19 - [INFO] user login
2025-07-28 14:10:20 - [INFO] file uploaded
2025-07-28 14:27:34 - [WARNING] Suspicious activity detected: ip_blocked
2025-07-28 14:29:20 - [INFO] user login
2025-07-28 14:47:25 - [INFO] config updated
2025-07-28 14:54:57 - [INFO] email sent
2025-07-28 14:55:32 - [INFO] system check passed
2025-07-28 15:03:24 - [WARNING] Suspicious activity detected: intrusion
2025-07-28 15:04:15 - [INFO] file downloaded
2025-07-28 15:24:38 - [WARNING] Suspicious activity detected: ip_blocked
2025-07-28 15:32:04 - [INFO] file downloaded
2025-07-28 15:36:32 - [INFO] file downloaded
2025-07-28 15:40:20 - [WARNING] Suspicious activity detected: unauthorized_access
2025-07-28 15:47:30 - [INFO] file uploaded
2025-07-28 15:51:01 - [WARNING] Suspicious activity detected: unauthorized_access
2025-07-28 15:54:26 - [INFO] system check passed
2025-07-28 16:11:02 - [INFO] backup completed
2025-07-28 16:11:52 - [WARNING] Suspicious activity detected: sql_injection
2025-07-28 16:28:25 - [INFO] backup completed
2025-07-28 16:30:05 - [WARNING] Suspicious activity detected: brute_force
2025-07-28 16:33:33 - [WARNING] Suspicious activity detected: malware
2025-07-28 16:47:09 - [WARNING] Suspicious activity detected: malware
2025-07-28 17:05:15 - [WARNING] Suspicious activity detected: ddos
2025-07-28 17:05:17 - [WARNING] Suspicious activity detected: ip_blocked
2025-07-28 17:08:09 - [WARNING] Suspicious activity detected: sql_injection
2025-07-28 17:09:39 - [INFO] file downloaded
2025-07-28 17:23:05 - [INFO] config updated
2025-07-28 17:24:00 - [INFO] file uploaded
2025-07-28 17:29:14 - [WARNING] Suspicious activity detected: unauthorized_access
2025-07-28 17:46:08 - [INFO] user login
2025-07-28 17:47:42 - [INFO] config updated
2025-07-28 17:55:13 - [WARNING] Suspicious activity detected: sql_injection
2025-07-28 18:01:47 - [INFO] system check passed
2025-07-28 18:07:06 - [WARNING] Suspicious activity detected: unauthorized_access
2025-07-28 18:08:50 - [WARNING] Suspicious activity detected: ddos
2025-07-28 18:12:18 - [WARNING] Suspicious activity detected: unauthorized_access
2025-07-28 18:17:29 - [INFO] config updated
2025-07-28 18:24:53 - [INFO] email sent
2025-07-28 18:27:13 - [INFO] config updated
2025-07-28 18:31:17 - [INFO] file uploaded
2025-07-28 18:32:13 - [INFO] system check passed
2025-07-28 18:33:16 - [WARNING] Suspicious activity detected: unauthorized_access
2025-07-28 18:33:29 - [INFO] system check passed
2025-07-28 18:34:15 - [INFO] file downloaded
2025-07-28 18:38:34 - [INFO] system check passed
2025-07-28 18:56:37 - [INFO] user login
2025-07-28 18:57:17 - [WARNING] Suspicious activity detected: ip_blocked
2025-07-28 18:58:14 - [WARNING] Suspicious activity detected: unauthorized_access
2025-07-28 18:59:41 - [WARNING] Suspicious activity detected: malware
2025-07-28 19:15:06 - [WARNING] Suspicious activity detected: brute_force
2025-07-28 19:28:48 - [INFO] backup completed
2025-07-28 19:34:09 - [INFO] user login
2025-07-28 19:38:09 - [INFO] file downloaded
2025-07-28 19:47:04 - [INFO] file uploaded
2025-07-28 19:49:38 - [WARNING] Suspicious activity detected: brute_force
2025-07-28 20:04:11 - [WARNING] Suspicious activity detected: port_scan
2025-07-28 20:05:43 - [INFO] backup completed
2025-07-28 20:09:45 - [WARNING] Suspicious activity detected: sql_injection
2025-07-28 20:10:28 - [INFO] email sent
2025-07-28 20:15:18 - [WARNING] Suspicious activity detected: ddos
2025-07-28 20:17:17 - [WARNING] Suspicious activity detected: sql_injection
2025-07-28 20:27:37 - [INFO] file downloaded
2025-07-28 20:34:14 - [INFO] email sent
2025-07-28 20:36:40 - [WARNING] Suspicious activity detected: intrusion
2025-07-28 20:43:46 - [WARNING] Suspicious activity detected: port_scan
2025-07-28 20:44:46 - [INFO] user login
2025-07-28 21:26:28 - [WARNING] Suspicious activity detected: unauthorized_access
2025-07-28 21:38:53 - [INFO] system check passed
2025-07-28 21:40:54 - [INFO] config updated
2025-07-28 21:42:34 - [INFO] file uploaded
2025-07-28 21:45:36 - [WARNING] Suspicious activity detected: ip_blocked
2025-07-28 21:47:50 - [INFO] user login
2025-07-28 21:51:17 - [WARNING] Suspicious activity detected: malware
2025-07-28 21:53:08 - [INFO] config updated
2025-07-28 21:58:37 - [WARNING] Suspicious activity detected: unauthorized_access
2025-07-28 22:01:29 - [WARNING] Suspicious activity detected: ddos
2025-07-28 22:02:21 - [WARNING] Suspicious activity detected: intrusion
2025-07-28 22:08:50 - [INFO] system check passed
2025-07-28 22:14:10 - [INFO] user login
2025-07-28 22:15:06 - [WARNING] Suspicious activity detected: intrusion
2025-07-28 22:17:59 - [WARNING] Suspicious activity detected: malware
2025-07-28 22:44:19 - [INFO] file downloaded
2025-07-28 22:48:11 - [WARNING] Suspicious activity detected: intrusion
2025-07-28 23:05:24 - [WARNING] Suspicious activity detected: ip_blocked
2025-07-28 23:10:23 - [INFO] backup completed
2025-07-28 23:11:18 - [WARNING] Suspicious activity detected: port_scan
2025-07-28 23:22:55 - [INFO] system check passed
2025-07-28 23:28:20 - [WARNING] Suspicious activity detected: ddos
2025-07-28 23:29:24 - [INFO] user login
2025-07-28 23:33:39 - [INFO] system check passed