2025-07-29 00:04:02 - [WARNING] Suspicious activity detected: sql_injection
2025-07-29 00:23:58 - [INFO] file uploaded
2025-07-29 00:24:28 - [INFO] file uploaded
2025-07-29 00:28:07 - [WARNING] Suspicious activity detected: intrusion
2025-07-29 00:33:28 - [INFO] system check passed
2025-07-29 00:34:43 - [WARNING] Suspicious activity detected: ip_blocked
2025-07-29 00:57:39 - [INFO] config updated
2025-07-29 01:29:00 - [INFO] email sent
2025-07-29 01:30:28 - [WARNING] Suspicious activity detected: ddos
2025-07-29 01:44:52 - [INFO] config updated
2025-07-29 01:51:55 - [WARNING] Suspicious activity detected: intrusion
2025-07-29 02:05:38 - [INFO] backup completed
2025-07-29 02:10:39 - [WARNING] Suspicious activity detected: intrusion
2025-07-29 02:13:12 - [WARNING] Suspicious activity detected: sql_injection
2025-07-29 02:15:21 - [INFO] user login
2025-07-29 02:17:24 - [INFO] file downloaded
2025-07-29 02:20:37 - [INFO] system check passed
2025-07-29 02:20:38 - [INFO] config updated
2025-07-29 02:30:41 - [WARNING] Suspicious activity detected: intrusion
2025-07-29 03:04:21 - [INFO] file downloaded
2025-07-29 03:12:45 - [INFO] file uploaded
2025-07-29 03:23:36 - [INFO] user login
2025-07-29 03:29:02 - [WARNING] Suspicious activity detected: intrusion
2025-07-29 03:54:11 - [WARNING] Suspicious activity detected: intrusion
2025-07-29 04:10:08 - [INFO] file downloaded
2025-07-29 04:11:41 - [INFO] user login
2025-07-29 04:15:19 - [INFO] system check passed
2025-07-29 04:17:01 - [INFO] system check passed
2025-07-29 04:29:54 - [INFO] file uploaded
2025-07-29 04:35:08 - [INFO] backup completed
2025-07-29 04:38:11 - [INFO] email sent
2025-07-29 04:52:53 - [WARNING] Suspicious activity detected: malware
2025-07-29 04:54:38 - [INFO] backup completed
2025-07-29 05:17:30 - [INFO] user login
2025-07-29 05:19:28 - [INFO] email sent
2025-07-29 05:26:41 - [INFO] file uploaded
2025-07-29 05:31:47 - [WARNING] Suspicious activity detected: ddos
2025-07-29 05:43:33 - [WARNING] Suspicious activity detected: intrusion
2025-07-29 05:46:41 - [INFO] user login
2025-07-29 06:00:57 - [INFO] config updated
2025-07-29 06:01:49 - [INFO] backup completed
2025-07-29 06:05:23 - [INFO] system check passed
2025-07-29 06:38:07 - [WARNING] Suspicious activity detected: ip_blocked
2025-07-29 06:39:43 - [INFO] config updated
2025-07-29 07:04:14 - [INFO] file uploaded
2025-07-29 07:12:33 - [INFO] system check passed
2025-07-29 07:22:14 - [WARNING] Suspicious activity detected: ddos
2025-07-29 07:27:28 - [INFO] email sent
2025-07-29 07:35:14 - [INFO] user login
2025-07-29 07:45:12 - [INFO] system check passed
2025-07-29 07:46:35 - [WARNING] Suspicious activity detected: malware
2025-07-29 07:51:49 - [INFO] config updated
2025-07-29 07:53:12 - [INFO] config updated
2025-07-29 07:53:28 - [INFO] backup completed
2025-07-29 08:06:05 - [WARNING] Suspicious activity detected: malware
2025-07-29 08:06:59 - [INFO] config updated
2025-07-29 08:07:45 - [INFO] system check passed
2025-07-29 08:09:48 - [INFO] system check passed
2025-07-29 08:15:05 - [INFO] email sent
2025-07-29 08:49:56 - [INFO] file downloaded
2025-07-29 08:54:36 - [INFO] user login
2025-07-29 08:59:28 - [INFO] user login
2025-07-29 09:01:21 - [WARNING] Suspicious activity detected: malware
2025-07-29 09:17:00 - [INFO] file downloaded
2025-07-29 09:21:55 - [WARNING] Suspicious activity detected: brute_force
2025-07-29 09:27:42 - [WARNING] Suspicious activity detected: sql_injection
2025-07-29 09:31:17 - [WARNING] Suspicious activity detected: malware
2025-07-29 09:33:28 - [WARNING] Suspicious activity detected: intrusion
2025-07-29 09:37:03 - [WARNING] Suspicious activity detected: sql_injection
2025-07-29 09:42:39 - [WARNING] Suspicious activity detected: malware
2025-07-29 09:44:16 - [WARNING] Suspicious activity detected: ip_blocked
2025-07-29 09:49:49 - [INFO] file uploaded
2025-07-29 10:13:10 - [WARNING] Suspicious activity detected: brute_force
2025-07-29 10:13:19 - [INFO] file downloaded
2025-07-29 10:26:04 - [INFO] backup completed
2025-07-29 11:11:35 - [INFO] user login
2025-07-29 11:13:28 - [WARNING] Suspicious activity detected: ddos
2025-07-29 11:16:22 - [WARNING] Suspicious activity detected: port_scan
2025-07-29 11:27:20 - [WARNING] Suspicious activity detected: ip_blocked
2025-07-29 11:32:04 - [WARNING] Suspicious activity detected: port_scan
2025-07-29 11:33:11 - [INFO] email sent
2025-07-29 11:38:11 - [INFO] config updated
2025-07-29 11:39:45 - [INFO] email sent
2025-07-29 12:37:47 - [INFO] system check passed
2025-07-29 12:41:30 - [INFO] file uploaded
2025-07-29 12:50:09 - [INFO] user login
2025-07-29 12:55:11 - [WARNING] Suspicious activity detected: port_scan
2025-07-29 13:08:45 - [WARNING] Suspicious activity detected: sql_injection
2025-07-29 13:10:38 - [INFO] system check passed
2025-07-29 13:15:18 - [INFO] file downloaded
2025-07-29 13:30:22 - [INFO] backup completed
2025-07-29 13:38:05 - [INFO] backup completed
2025-07-29 13:52:55 - [WARNING] Suspicious activity detected: ddos
2025-07-29 13:56:45 - [WARNING] Suspicious activity detected: ip_blocked
2025-07-29 13:59:26 - [INFO] email sent
2025-07-29 14:00:18 - [INFO] file downloaded
2025-07-29 14:01:44 - [INFO] backup completed
2025-07-29 14:03:24 - [WARNING] Suspicious activity detected: ip_blocked
2025-07-29 14:11:33 - [INFO] file downloaded
2025-07-29 14:18:12 - [INFO] system check passed
2025-07-29 14:28:58 - [WARNING] Suspicious activity detected: unauthorized_access
2025-07-29 14:44:36 - [INFO] backup completed
2025-07-29 14:47:06 - [WARNING] Suspicious activity detected: malware
2025-07-29 14:59:11 - [INFO] user login
2025-07-29 14:59:33 - [INFO] backup completed
2025-07-29 15:00:45 - [INFO] file uploaded
2025-07-29 15:03:37 - [WARNING] Suspicious activity detected: ip_blocked
2025-07-29 15:05:14 - [INFO] user login
2025-07-29 15:07:58 - [WARNING] Suspicious activity detected: ip_blocked
2025-07-29 15:12:00 - [INFO] file downloaded
2025-07-29 15:17:27 - [INFO] system check passed
2025-07-29 15:19:42 - [WARNING] Suspicious activity detected: ip_blocked
2025-07-29 15:19:56 - [WARNING] Suspicious activity detected: port_scan
2025-07-29 15:24:47 - [INFO] file uploaded
2025-07-29 15:31:04 - [WARNING] Suspicious activity detected: brute_force
2025-07-29 15:58:15 - [WARNING] Suspicious activity detected: sql_injection
2025-07-29 16:14:02 - [WARNING] Suspicious activity detected: intrusion
2025-07-29 16:14:56 - [INFO] user login
2025-07-29 16:21:47 - [INFO] user login
2025-07-29 16:31:04 - [INFO] config updated
2025-07-29 16:56:24 - [INFO] system check passed
2025-07-29 16:59:21 - [WARNING] Suspicious activity detected: malware
2025-07-29 17:05:43 - [WARNING] Suspicious activity detected: malware
2025-07-29 17:06:24 - [INFO] backup completed
2025-07-29 17:09:18 - [INFO] file uploaded
2025-07-29 17:28:43 - [WARNING] Suspicious activity detected: unauthorized_access
2025-07-29 17:41:07 - [INFO] file uploaded
2025-07-29 17:59:54 - [INFO] file uploaded
2025-07-29 18:10:46 - [INFO] file downloaded
2025-07-29 18:20:10 - [INFO] user login
2025-07-29 19:07:41 - [INFO] system check passed
2025-07-29 19:14:24 - [WARNING] Suspicious activity detected: ip_blocked
2025-07-29 19:19:04 - [INFO] user login
2025-07-29 19:30:31 - [INFO] backup completed
2025-07-29 19:38:34 - [INFO] system check passed
2025-07-29 19:40:16 - [INFO] email sent
2025-07-29 19:48:24 - [INFO] file uploaded
2025-07-29 19:50:49 - [WARNING] Suspicious activity detected: brute_force
2025-07-29 20:02:37 - [INFO] user login
2025-07-29 20:06:48 - [WARNING] Suspicious activity detected: sql_injection
2025-07-29 20:13:56 - [INFO] system check passed
2025-07-29 20:19:35 - [INFO] file uploaded
2025-07-29 20:24:47 - [WARNING] Suspicious activity detected: sql_injection
2025-07-29 20:41:21 - [WARNING] Suspicious activity detected: ddos
2025-07-29 20:42:19 - [INFO] backup completed
2025-07-29 20:44:26 - [WARNING] Suspicious activity detected: malware
2025-07-29 20:54:25 - [INFO] email sent
2025-07-29 21:01:47 - [INFO] system check passed
2025-07-29 21:03:01 - [INFO] email sent
2025-07-29 21:07:05 - [INFO] config updated
2025-07-29 21:20:03 - [WARNING] Suspicious activity detected: unauthorized_access
2025-07-29 21:25:52 - [INFO] file uploaded
2025-07-29 21:30:40 - [WARNING] Suspicious activity detected: port_scan
2025-07-29 21:35:08 - [WARNING] Suspicious activity detected: port_scan
2025-07-29 21:35:20 - [INFO] email sent
2025-07-29 21:36:47 - [WARNING] Suspicious activity detected: malware
2025-07-29 21:41:31 - [WARNING] Suspicious activity detected: intrusion
2025-07-29 21:42:04 - [WARNING] Suspicious activity detected: port_scan
2025-07-29 21:47:35 - [INFO] backup completed
2025-07-29 21:52:16 - [INFO] system check passed
2025-07-29 21:58:20 - [INFO] email sent
2025-07-29 22:06:39 - [WARNING] Suspicious activity detected: sql_injection
2025-07-29 22:29:45 - [WARNING] Suspicious activity detected: brute_force
2025-07-29 22:34:40 - [INFO] file downloaded
2025-07-29 22:35:19 - [WARNING] Suspicious activity detected: malware
2025-07-29 22:41:44 - [INFO] backup completed
2025-07-29 22:43:23 - [WARNING] Suspicious activity detected: ip_blocked
2025-07-29 23:03:29 - [WARNING] Suspicious activity detected: intrusion
2025-07-29 23:26:54 - [WARNING] Suspicious activity detected: ip_blocked
2025-07-29 23:32:22 - [INFO] config updated
2025-07-29 23:40:15 - [WARNING] Suspicious activity detected: ip_blocked
2025-07-29 23:46:45 - [INFO] email sent