2025-07-14 00:13:59 - [WARNING] Suspicious activity detected: brute_force
2025-07-14 00:16:40 - [WARNING] Suspicious activity detected: sql_injection
2025-07-14 00:19:23 - [WARNING] Suspicious activity detected: ddos
2025-07-14 00:20:34 - [WARNING] Suspicious activity detected: intrusion
2025-07-14 00:26:52 - [INFO] config updated
2025-07-14 00:31:02 - [INFO] file uploaded
2025-07-14 00:32:41 - [INFO] email sent
2025-07-14 00:35:15 - [INFO] file downloaded
2025-07-14 00:39:04 - [INFO] system check passed
2025-07-14 00:54:46 - [WARNING] Suspicious activity detected: intrusion
2025-07-14 01:17:25 - [WARNING] Suspicious activity detected: malware
2025-07-14 01:35:07 - [INFO] config updated
2025-07-14 01:39:53 - [INFO] file downloaded
2025-07-14 01:57:56 - [INFO] file uploaded
2025-07-14 02:00:37 - [WARNING] Suspicious activity detected: port_scan
2025-07-14 02:04:45 - [WARNING] Suspicious activity detected: sql_injection
2025-07-14 02:08:25 - [INFO] email sent
2025-07-14 02:15:40 - [INFO] file downloaded
2025-07-14 02:18:23 - [INFO] system check passed
2025-07-14 02:21:45 - [WARNING] Suspicious activity detected: intrusion
2025-07-14 02:23:52 - [INFO] file downloaded
2025-07-14 02:45:30 - [INFO] file downloaded
2025-07-14 02:49:30 - [INFO] user login
2025-07-14 03:02:43 - [WARNING] Suspicious activity detected: ip_blocked
2025-07-14 03:03:57 - [INFO] backup completed
2025-07-14 03:07:30 - [INFO] backup completed
2025-07-14 03:10:35 - [INFO] email sent
2025-07-14 03:14:18 - [INFO] system check passed
2025-07-14 03:15:35 - [WARNING] Suspicious activity detected: intrusion
2025-07-14 03:18:40 - [INFO] config updated
2025-07-14 03:20:13 - [INFO] user login
2025-07-14 03:24:35 - [INFO] config updated
2025-07-14 03:27:21 - [INFO] config updated
2025-07-14 03:44:20 - [INFO] user login
2025-07-14 03:46:37 - [INFO] file downloaded
2025-07-14 04:04:04 - [INFO] config updated
2025-07-14 04:07:40 - [INFO] config updated
2025-07-14 04:08:02 - [WARNING] Suspicious activity detected: brute_force
2025-07-14 04:12:19 - [INFO] system check passed
2025-07-14 04:23:45 - [INFO] backup completed
2025-07-14 04:32:10 - [INFO] file downloaded
2025-07-14 05:02:42 - [WARNING] Suspicious activity detected: sql_injection
2025-07-14 05:02:53 - [INFO] file uploaded
2025-07-14 05:13:04 - [INFO] user login
2025-07-14 05:15:47 - [INFO] backup completed
2025-07-14 05:31:25 - [INFO] backup completed
2025-07-14 05:38:32 - [WARNING] Suspicious activity detected: ip_blocked
2025-07-14 05:50:07 - [INFO] system check passed
2025-07-14 05:53:36 - [INFO] user login
2025-07-14 06:18:10 - [INFO] backup completed
2025-07-14 06:20:32 - [WARNING] Suspicious activity detected: port_scan
2025-07-14 06:37:28 - [WARNING] Suspicious activity detected: ip_blocked
2025-07-14 06:47:52 - [INFO] backup completed
2025-07-14 06:49:14 - [WARNING] Suspicious activity detected: brute_force
2025-07-14 07:11:43 - [WARNING] Suspicious activity detected: brute_force
2025-07-14 07:22:18 - [INFO] file downloaded
2025-07-14 07:25:08 - [INFO] file downloaded
2025-07-14 07:29:53 - [WARNING] Suspicious activity detected: sql_injection
2025-07-14 07:34:38 - [INFO] email sent
2025-07-14 07:43:58 - [INFO] system check passed
2025-07-14 07:46:28 - [INFO] file downloaded
2025-07-14 07:48:12 - [INFO] config updated
2025-07-14 08:24:59 - [INFO] file uploaded
2025-07-14 08:32:23 - [INFO] email sent
2025-07-14 08:38:04 - [WARNING] Suspicious activity detected: unauthorized_access
2025-07-14 08:40:47 - [INFO] file uploaded
2025-07-14 08:46:45 - [WARNING] Suspicious activity detected: sql_injection
2025-07-14 08:48:38 - [INFO] file uploaded
2025-07-14 09:10:12 - [INFO] backup completed
2025-07-14 09:11:15 - [INFO] config updated
2025-07-14 09:34:46 - [WARNING] Suspicious activity detected: ddos
2025-07-14 09:37:38 - [INFO] user login
2025-07-14 09:42:27 - [INFO] email sent
2025-07-14 09:43:02 - [WARNING] Suspicious activity detected: sql_injection
2025-07-14 09:50:11 - [INFO] system check passed
2025-07-14 09:57:33 - [INFO] email sent
2025-07-14 09:59:54 - [INFO] config updated
2025-07-14 10:23:17 - [INFO] system check passed
2025-07-14 10:27:54 - [WARNING] Suspicious activity detected: intrusion
2025-07-14 10:40:47 - [WARNING] Suspicious activity detected: intrusion
2025-07-14 10:48:41 - [INFO] config updated
2025-07-14 11:06:25 - [INFO] file downloaded
2025-07-14 11:07:55 - [WARNING] Suspicious activity detected: port_scan
2025-07-14 11:16:11 - [INFO] user login
2025-07-14 11:18:25 - [WARNING] Suspicious activity detected: malware
2025-07-14 11:38:55 - [INFO] file uploaded
2025-07-14 11:44:53 - [WARNING] Suspicious activity detected: ip_blocked
2025-07-14 11:58:07 - [WARNING] Suspicious activity detected: ip_blocked
2025-07-14 12:09:23 - [INFO] system check passed
2025-07-14 12:54:19 - [INFO] user login
2025-07-14 12:54:49 - [INFO] backup completed
2025-07-14 12:56:12 - [INFO] file uploaded
2025-07-14 12:56:26 - [INFO] email sent
2025-07-14 12:57:25 - [INFO] email sent
2025-07-14 13:06:00 - [INFO] system check passed
2025-07-14 13:13:02 - [INFO] config updated
2025-07-14 13:13:37 - [INFO] backup completed
2025-07-14 13:17:23 - [INFO] backup completed
2025-07-14 13:17:43 - [INFO] user login
2025-07-14 13:18:37 - [INFO] user login
2025-07-14 13:27:12 - [INFO] file downloaded
2025-07-14 13:32:17 - [INFO] email sent
2025-07-14 13:35:36 - [WARNING] Suspicious activity detected: malware
2025-07-14 13:55:07 - [INFO] user login
2025-07-14 14:13:29 - [WARNING] Suspicious activity detected: malware
2025-07-14 14:26:17 - [INFO] user login
2025-07-14 14:26:59 - [WARNING] Suspicious activity detected: unauthorized_access
2025-07-14 14:38:02 - [WARNING] Suspicious activity detected: malware
2025-07-14 14:42:17 - [INFO] user login
2025-07-14 14:45:10 - [INFO] email sent
2025-07-14 14:56:16 - [INFO] config updated
2025-07-14 15:02:03 - [INFO] config updated
2025-07-14 15:02:33 - [INFO] user login
2025-07-14 15:08:46 - [INFO] system check passed
2025-07-14 15:10:11 - [INFO] file uploaded
2025-07-14 15:26:29 - [INFO] file downloaded
2025-07-14 15:32:08 - [INFO] config updated
2025-07-14 15:32:50 - [WARNING] Suspicious activity detected: ddos
2025-07-14 15:40:07 - [INFO] file downloaded
2025-07-14 15:44:21 - [INFO] user login
2025-07-14 15:53:03 - [INFO] system check passed
2025-07-14 15:55:25 - [INFO] user login
2025-07-14 16:10:21 - [INFO] email sent
2025-07-14 16:12:36 - [INFO] user login
2025-07-14 16:28:08 - [WARNING] Suspicious activity detected: sql_injection
2025-07-14 16:33:08 - [INFO] backup completed
2025-07-14 16:43:28 - [INFO] system check passed
2025-07-14 16:50:44 - [WARNING] Suspicious activity detected: malware
2025-07-14 17:01:39 - [INFO] email sent
2025-07-14 17:13:06 - [INFO] user login
2025-07-14 17:24:59 - [INFO] user login
2025-07-14 17:28:52 - [INFO] file uploaded
2025-07-14 17:31:02 - [WARNING] Suspicious activity detected: intrusion
2025-07-14 17:32:10 - [INFO] file downloaded
2025-07-14 17:33:15 - [INFO] email sent
2025-07-14 17:47:14 - [INFO] file uploaded
2025-07-14 17:55:39 - [WARNING] Suspicious activity detected: intrusion
2025-07-14 17:55:41 - [WARNING] Suspicious activity detected: port_scan
2025-07-14 18:00:32 - [INFO] backup completed
2025-07-14 18:07:36 - [INFO] backup completed
2025-07-14 18:11:46 - [WARNING] Suspicious activity detected: ddos
2025-07-14 18:37:54 - [INFO] file uploaded
2025-07-14 18:40:37 - [INFO] file downloaded
2025-07-14 18:52:15 - [WARNING] Suspicious activity detected: brute_force
2025-07-14 19:04:38 - [INFO] file uploaded
2025-07-14 19:05:02 - [INFO] user login
2025-07-14 19:08:05 - [INFO] file downloaded
2025-07-14 19:34:42 - [INFO] backup completed
2025-07-14 19:37:34 - [WARNING] Suspicious activity detected: malware
2025-07-14 19:43:13 - [INFO] file uploaded
2025-07-14 19:48:35 - [INFO] file downloaded
2025-07-14 19:58:11 - [INFO] backup completed
2025-07-14 20:10:26 - [INFO] file uploaded
2025-07-14 20:34:16 - [INFO] file downloaded
2025-07-14 20:38:39 - [INFO] user login
2025-07-14 20:51:48 - [WARNING] Suspicious activity detected: brute_force
2025-07-14 20:52:19 - [INFO] backup completed
2025-07-14 21:04:00 - [WARNING] Suspicious activity detected: unauthorized_access
2025-07-14 21:07:51 - [INFO] backup completed
2025-07-14 21:10:03 - [INFO] user login
2025-07-14 21:13:34 - [INFO] system check passed
2025-07-14 21:32:49 - [WARNING] Suspicious activity detected: ip_blocked
2025-07-14 21:33:25 - [INFO] user login
2025-07-14 21:33:26 - [INFO] user login
2025-07-14 21:40:21 - [WARNING] Suspicious activity detected: port_scan
2025-07-14 21:55:59 - [INFO] file uploaded
2025-07-14 22:01:06 - [WARNING] Suspicious activity detected: unauthorized_access
2025-07-14 22:08:10 - [INFO] user login
2025-07-14 22:13:22 - [INFO] email sent
2025-07-14 22:15:16 - [INFO] config updated
2025-07-14 22:24:17 - [INFO] file downloaded
2025-07-14 22:28:42 - [INFO] email sent
2025-07-14 22:36:50 - [INFO] email sent
2025-07-14 22:41:49 - [WARNING] Suspicious activity detected: intrusion
2025-07-14 22:55:20 - [INFO] config updated
2025-07-14 23:07:25 - [INFO] email sent
2025-07-14 23:13:02 - [INFO] file downloaded
2025-07-14 23:15:51 - [INFO] backup completed
2025-07-14 23:24:32 - [INFO] config updated
2025-07-14 23:29:30 - [WARNING] Suspicious activity detected: malware
2025-07-14 23:40:26 - [WARNING] Suspicious activity detected: ip_blocked
2025-07-14 23:48:26 - [INFO] email sent
2025-07-14 23:58:15 - [INFO] backup completed