2025-07-18 00:15:23 - [INFO] system check passed
2025-07-18 00:18:30 - [INFO] user login
2025-07-18 00:21:08 - [INFO] config updated
2025-07-18 00:29:36 - [INFO] user login
2025-07-18 00:30:45 - [INFO] system check passed
2025-07-18 00:37:22 - [WARNING] Suspicious activity detected: brute_force
2025-07-18 00:41:34 - [INFO] backup completed
2025-07-18 00:43:43 - [INFO] backup completed
2025-07-18 00:45:39 - [INFO] email sent
2025-07-18 00:46:44 - [INFO] file uploaded
2025-07-18 00:48:42 - [WARNING] Suspicious activity detected: intrusion
2025-07-18 00:49:40 - [INFO] config updated
2025-07-18 00:54:56 - [WARNING] Suspicious activity detected: malware
2025-07-18 00:55:14 - [INFO] system check passed
2025-07-18 01:04:19 - [INFO] system check passed
2025-07-18 01:15:03 - [INFO] user login
2025-07-18 01:25:02 - [WARNING] Suspicious activity detected: ddos
2025-07-18 01:28:28 - [INFO] file downloaded
2025-07-18 01:29:01 - [INFO] backup completed
2025-07-18 01:34:12 - [INFO] backup completed
2025-07-18 01:37:05 - [WARNING] Suspicious activity detected: unauthorized_access
2025-07-18 01:37:22 - [INFO] file uploaded
2025-07-18 01:40:29 - [WARNING] Suspicious activity detected: port_scan
2025-07-18 01:55:26 - [INFO] backup completed
2025-07-18 01:57:37 - [INFO] user login
2025-07-18 02:00:33 - [WARNING] Suspicious activity detected: sql_injection
2025-07-18 02:04:03 - [INFO] user login
2025-07-18 02:06:37 - [INFO] system check passed
2025-07-18 02:12:12 - [WARNING] Suspicious activity detected: ip_blocked
2025-07-18 02:12:25 - [WARNING] Suspicious activity detected: port_scan
2025-07-18 02:13:00 - [INFO] file downloaded
2025-07-18 02:13:23 - [INFO] file uploaded
2025-07-18 02:30:02 - [WARNING] Suspicious activity detected: malware
2025-07-18 02:33:52 - [INFO] config updated
2025-07-18 02:57:35 - [WARNING] Suspicious activity detected: ddos
2025-07-18 03:12:23 - [INFO] file downloaded
2025-07-18 03:14:45 - [INFO] user login
2025-07-18 03:24:46 - [WARNING] Suspicious activity detected: port_scan
2025-07-18 03:37:06 - [WARNING] Suspicious activity detected: malware
2025-07-18 03:40:50 - [INFO] file downloaded
2025-07-18 03:41:11 - [INFO] backup completed
2025-07-18 03:46:48 - [INFO] user login
2025-07-18 03:48:35 - [INFO] system check passed
2025-07-18 03:49:00 - [INFO] config updated
2025-07-18 03:59:25 - [INFO] file uploaded
2025-07-18 04:04:21 - [INFO] backup completed
2025-07-18 04:08:05 - [INFO] user login
2025-07-18 04:11:00 - [INFO] file uploaded
2025-07-18 04:18:07 - [WARNING] Suspicious activity detected: brute_force
2025-07-18 04:18:59 - [WARNING] Suspicious activity detected: malware
2025-07-18 04:24:35 - [INFO] system check passed
2025-07-18 04:26:47 - [INFO] config updated
2025-07-18 04:31:45 - [WARNING] Suspicious activity detected: ip_blocked
2025-07-18 04:34:59 - [INFO] file downloaded
2025-07-18 04:40:26 - [INFO] file downloaded
2025-07-18 04:55:24 - [INFO] system check passed
2025-07-18 05:01:34 - [INFO] system check passed
2025-07-18 05:04:22 - [INFO] email sent
2025-07-18 05:10:33 - [INFO] system check passed
2025-07-18 05:15:57 - [INFO] email sent
2025-07-18 05:30:01 - [INFO] config updated
2025-07-18 05:31:59 - [INFO] backup completed
2025-07-18 05:32:27 - [INFO] backup completed
2025-07-18 05:33:07 - [INFO] system check passed
2025-07-18 05:33:40 - [WARNING] Suspicious activity detected: sql_injection
2025-07-18 05:37:01 - [INFO] file uploaded
2025-07-18 05:41:59 - [INFO] config updated
2025-07-18 05:48:58 - [INFO] user login
2025-07-18 05:52:03 - [INFO] email sent
2025-07-18 06:11:14 - [INFO] file downloaded
2025-07-18 06:28:29 - [WARNING] Suspicious activity detected: ddos
2025-07-18 06:29:22 - [INFO] backup completed
2025-07-18 06:29:51 - [INFO] backup completed
2025-07-18 06:50:11 - [INFO] backup completed
2025-07-18 06:50:43 - [WARNING] Suspicious activity detected: brute_force
2025-07-18 06:51:55 - [INFO] email sent
2025-07-18 07:02:29 - [INFO] user login
2025-07-18 07:05:11 - [INFO] backup completed
2025-07-18 07:18:39 - [WARNING] Suspicious activity detected: brute_force
2025-07-18 07:20:34 - [INFO] system check passed
2025-07-18 07:21:42 - [INFO] file uploaded
2025-07-18 07:35:43 - [INFO] backup completed
2025-07-18 07:37:46 - [INFO] backup completed
2025-07-18 07:49:36 - [INFO] user login
2025-07-18 07:50:25 - [INFO] email sent
2025-07-18 08:03:23 - [INFO] system check passed
2025-07-18 08:04:41 - [INFO] backup completed
2025-07-18 08:05:20 - [INFO] file uploaded
2025-07-18 08:16:22 - [INFO] file downloaded
2025-07-18 08:16:55 - [INFO] backup completed
2025-07-18 08:22:11 - [WARNING] Suspicious activity detected: malware
2025-07-18 08:24:34 - [INFO] config updated
2025-07-18 08:25:23 - [INFO] backup completed
2025-07-18 09:11:21 - [INFO] system check passed
2025-07-18 09:11:52 - [INFO] file downloaded
2025-07-18 09:14:53 - [INFO] backup completed
2025-07-18 09:16:00 - [INFO] config updated
2025-07-18 09:25:38 - [INFO] email sent
2025-07-18 09:25:58 - [INFO] system check passed
2025-07-18 09:29:03 - [INFO] system check passed
2025-07-18 09:29:06 - [INFO] file downloaded
2025-07-18 09:29:38 - [INFO] backup completed
2025-07-18 09:31:49 - [INFO] email sent
2025-07-18 09:34:28 - [INFO] config updated
2025-07-18 09:42:06 - [INFO] email sent
2025-07-18 09:52:48 - [INFO] email sent
2025-07-18 09:55:44 - [WARNING] Suspicious activity detected: port_scan
2025-07-18 09:56:30 - [INFO] backup completed
2025-07-18 09:57:03 - [INFO] file downloaded
2025-07-18 09:59:21 - [INFO] system check passed
2025-07-18 10:02:37 - [INFO] file uploaded
2025-07-18 10:17:26 - [WARNING] Suspicious activity detected: intrusion
2025-07-18 10:17:58 - [INFO] system check passed
2025-07-18 10:29:02 - [INFO] system check passed
2025-07-18 10:31:39 - [INFO] file uploaded
2025-07-18 10:32:02 - [WARNING] Suspicious activity detected: intrusion
2025-07-18 10:37:39 - [INFO] user login
2025-07-18 10:50:27 - [INFO] file uploaded
2025-07-18 10:57:47 - [INFO] system check passed
2025-07-18 11:05:06 - [WARNING] Suspicious activity detected: brute_force
2025-07-18 11:18:32 - [INFO] file downloaded
2025-07-18 11:20:36 - [INFO] user login
2025-07-18 11:24:11 - [INFO] system check passed
2025-07-18 11:25:31 - [WARNING] Suspicious activity detected: ip_blocked
2025-07-18 11:26:51 - [WARNING] Suspicious activity detected: port_scan
2025-07-18 11:41:32 - [INFO] system check passed
2025-07-18 12:06:42 - [INFO] backup completed
2025-07-18 12:15:45 - [INFO] email sent
2025-07-18 12:18:30 - [INFO] backup completed
2025-07-18 12:37:30 - [INFO] user login
2025-07-18 12:37:34 - [INFO] email sent
2025-07-18 12:39:18 - [INFO] file uploaded
2025-07-18 12:39:37 - [INFO] backup completed
2025-07-18 12:42:57 - [INFO] config updated
2025-07-18 12:44:07 - [WARNING] Suspicious activity detected: intrusion
2025-07-18 12:49:02 - [INFO] file downloaded
2025-07-18 12:49:13 - [INFO] email sent
2025-07-18 12:53:33 - [INFO] system check passed
2025-07-18 12:55:33 - [INFO] backup completed
2025-07-18 13:01:38 - [WARNING] Suspicious activity detected: malware
2025-07-18 13:10:45 - [INFO] config updated
2025-07-18 13:18:00 - [WARNING] Suspicious activity detected: unauthorized_access
2025-07-18 13:21:28 - [INFO] backup completed
2025-07-18 13:22:21 - [INFO] backup completed
2025-07-18 13:22:38 - [INFO] backup completed
2025-07-18 13:29:08 - [WARNING] Suspicious activity detected: unauthorized_access
2025-07-18 13:30:27 - [INFO] backup completed
2025-07-18 13:30:30 - [INFO] file uploaded
2025-07-18 13:30:50 - [INFO] user login
2025-07-18 13:32:30 - [WARNING] Suspicious activity detected: unauthorized_access
2025-07-18 13:36:03 - [INFO] system check passed
2025-07-18 13:36:23 - [INFO] backup completed
2025-07-18 13:44:18 - [INFO] config updated
2025-07-18 13:54:29 - [INFO] email sent
2025-07-18 13:59:56 - [INFO] system check passed
2025-07-18 14:06:02 - [INFO] email sent
2025-07-18 14:14:14 - [WARNING] Suspicious activity detected: intrusion
2025-07-18 14:22:05 - [INFO] file uploaded
2025-07-18 14:29:57 - [WARNING] Suspicious activity detected: ddos
2025-07-18 14:37:14 - [INFO] backup completed
2025-07-18 14:46:04 - [INFO] config updated
2025-07-18 14:50:33 - [INFO] config updated
2025-07-18 14:50:48 - [INFO] system check passed
2025-07-18 14:50:51 - [INFO] file downloaded
2025-07-18 15:01:37 - [INFO] system check passed
2025-07-18 15:45:02 - [INFO] file downloaded
2025-07-18 15:54:53 - [WARNING] Suspicious activity detected: sql_injection
2025-07-18 16:00:35 - [INFO] user login
2025-07-18 16:01:23 - [INFO] email sent
2025-07-18 16:05:59 - [INFO] config updated
2025-07-18 16:07:49 - [INFO] system check passed
2025-07-18 16:09:36 - [INFO] file uploaded
2025-07-18 16:10:29 - [INFO] user login
2025-07-18 16:18:49 - [INFO] file uploaded
2025-07-18 16:22:06 - [INFO] backup completed
2025-07-18 16:27:13 - [INFO] system check passed
2025-07-18 16:35:40 - [INFO] email sent
2025-07-18 16:41:58 - [WARNING] Suspicious activity detected: intrusion
2025-07-18 16:49:15 - [WARNING] Suspicious activity detected: intrusion
2025-07-18 16:59:58 - [INFO] config updated
2025-07-18 17:01:51 - [WARNING] Suspicious activity detected: malware
2025-07-18 17:02:33 - [INFO] backup completed
2025-07-18 17:07:08 - [INFO] file downloaded
2025-07-18 17:08:30 - [INFO] file uploaded
2025-07-18 17:13:43 - [WARNING] Suspicious activity detected: brute_force
2025-07-18 17:15:12 - [WARNING] Suspicious activity detected: sql_injection
2025-07-18 17:27:52 - [INFO] file downloaded
2025-07-18 17:39:29 - [INFO] backup completed
2025-07-18 17:41:53 - [INFO] user login
2025-07-18 17:43:59 - [INFO] file downloaded
2025-07-18 17:50:39 - [INFO] file uploaded
2025-07-18 17:51:15 - [INFO] file uploaded
2025-07-18 18:00:18 - [INFO] file downloaded
2025-07-18 18:00:33 - [INFO] system check passed
2025-07-18 18:02:29 - [WARNING] Suspicious activity detected: ip_blocked
2025-07-18 18:07:51 - [INFO] backup completed
2025-07-18 18:08:33 - [WARNING] Suspicious activity detected: unauthorized_access
2025-07-18 18:08:40 - [INFO] file uploaded
2025-07-18 18:19:39 - [INFO] user login
2025-07-18 18:21:16 - [INFO] email sent
2025-07-18 18:23:58 - [INFO] user login
2025-07-18 18:34:33 - [INFO] user login
2025-07-18 18:45:32 - [INFO] file downloaded
2025-07-18 18:48:06 - [INFO] email sent
2025-07-18 18:50:17 - [INFO] user login
2025-07-18 18:52:36 - [INFO] system check passed
2025-07-18 18:58:39 - [WARNING] Suspicious activity detected: brute_force
2025-07-18 19:01:59 - [INFO] email sent
2025-07-18 19:02:46 - [WARNING] Suspicious activity detected: sql_injection
2025-07-18 19:06:49 - [INFO] config updated
2025-07-18 19:11:39 - [INFO] email sent
2025-07-18 19:16:52 - [INFO] email sent
2025-07-18 19:22:10 - [INFO] backup completed
2025-07-18 19:40:31 - [INFO] backup completed
2025-07-18 19:48:05 - [WARNING] Suspicious activity detected: ip_blocked
2025-07-18 19:51:59 - [INFO] backup completed
2025-07-18 19:56:31 - [INFO] email sent
2025-07-18 19:58:29 - [WARNING] Suspicious activity detected: malware
2025-07-18 20:02:04 - [INFO] email sent
2025-07-18 20:08:18 - [WARNING] Suspicious activity detected: ddos
2025-07-18 20:16:59 - [WARNING] Suspicious activity detected: port_scan
2025-07-18 20:22:56 - [INFO] file downloaded
2025-07-18 20:25:51 - [INFO] file downloaded
2025-07-18 20:27:41 - [INFO] user login
2025-07-18 20:38:51 - [INFO] email sent
2025-07-18 21:01:57 - [INFO] file downloaded
2025-07-18 21:08:26 - [INFO] user login
2025-07-18 21:20:13 - [INFO] file uploaded
2025-07-18 21:32:29 - [INFO] system check passed
2025-07-18 21:35:15 - [INFO] file downloaded
2025-07-18 21:57:20 - [INFO] user login
2025-07-18 22:05:36 - [WARNING] Suspicious activity detected: port_scan
2025-07-18 22:08:48 - [WARNING] Suspicious activity detected: malware
2025-07-18 22:14:10 - [INFO] backup completed
2025-07-18 22:14:46 - [INFO] file downloaded
2025-07-18 22:31:21 - [WARNING] Suspicious activity detected: sql_injection
2025-07-18 22:43:02 - [INFO] email sent
2025-07-18 22:47:35 - [WARNING] Suspicious activity detected: ddos
2025-07-18 22:51:09 - [INFO] user login
2025-07-18 22:55:15 - [INFO] system check passed
2025-07-18 23:00:16 - [INFO] email sent
2025-07-18 23:11:02 - [INFO] backup completed
2025-07-18 23:13:45 - [INFO] file uploaded
2025-07-18 23:19:40 - [INFO] config updated
2025-07-18 23:26:38 - [INFO] file downloaded
2025-07-18 23:31:21 - [INFO] system check passed
2025-07-18 23:33:35 - [WARNING] Suspicious activity detected: ddos
2025-07-18 23:47:24 - [INFO] system check passed
2025-07-18 23:52:55 - [INFO] config updated
2025-07-18 23:59:04 - [INFO] config updated