2025-04-20 00:17:10 - [WARNING] Suspicious activity detected: ddos
2025-04-20 00:28:10 - [INFO] file downloaded
2025-04-20 00:31:10 - [WARNING] Suspicious activity detected: malware
2025-04-20 00:32:51 - [INFO] system check passed
2025-04-20 00:59:25 - [INFO] user login
2025-04-20 01:04:48 - [INFO] file downloaded
2025-04-20 01:09:50 - [WARNING] Suspicious activity detected: unauthorized_access
2025-04-20 01:11:20 - [INFO] backup completed
2025-04-20 01:15:40 - [INFO] file uploaded
2025-04-20 01:19:09 - [INFO] file downloaded
2025-04-20 01:19:46 - [INFO] file downloaded
2025-04-20 01:22:43 - [WARNING] Suspicious activity detected: sql_injection
2025-04-20 01:26:45 - [INFO] system check passed
2025-04-20 02:01:43 - [INFO] config updated
2025-04-20 02:19:44 - [INFO] backup completed
2025-04-20 02:24:53 - [INFO] system check passed
2025-04-20 02:37:19 - [INFO] config updated
2025-04-20 02:56:00 - [INFO] email sent
2025-04-20 03:05:47 - [INFO] backup completed
2025-04-20 03:06:02 - [WARNING] Suspicious activity detected: ip_blocked
2025-04-20 03:08:48 - [INFO] config updated
2025-04-20 03:10:04 - [INFO] email sent
2025-04-20 03:15:56 - [INFO] email sent
2025-04-20 03:18:09 - [INFO] config updated
2025-04-20 03:24:57 - [WARNING] Suspicious activity detected: brute_force
2025-04-20 03:26:32 - [INFO] backup completed
2025-04-20 03:36:33 - [WARNING] Suspicious activity detected: brute_force
2025-04-20 03:39:28 - [WARNING] Suspicious activity detected: sql_injection
2025-04-20 03:45:19 - [INFO] config updated
2025-04-20 03:45:49 - [WARNING] Suspicious activity detected: sql_injection
2025-04-20 04:04:48 - [WARNING] Suspicious activity detected: ddos
2025-04-20 04:06:08 - [INFO] config updated
2025-04-20 04:17:51 - [INFO] email sent
2025-04-20 04:27:04 - [INFO] backup completed
2025-04-20 04:33:53 - [WARNING] Suspicious activity detected: brute_force
2025-04-20 04:38:09 - [WARNING] Suspicious activity detected: port_scan
2025-04-20 04:48:21 - [INFO] system check passed
2025-04-20 04:58:28 - [INFO] file downloaded
2025-04-20 05:17:53 - [INFO] config updated
2025-04-20 05:19:49 - [INFO] config updated
2025-04-20 05:31:17 - [INFO] file uploaded
2025-04-20 05:38:01 - [INFO] file downloaded
2025-04-20 05:57:16 - [INFO] file uploaded
2025-04-20 05:58:00 - [WARNING] Suspicious activity detected: intrusion
2025-04-20 06:02:26 - [WARNING] Suspicious activity detected: sql_injection
2025-04-20 06:05:25 - [WARNING] Suspicious activity detected: port_scan
2025-04-20 06:17:04 - [WARNING] Suspicious activity detected: port_scan
2025-04-20 06:17:14 - [INFO] config updated
2025-04-20 06:39:45 - [INFO] email sent
2025-04-20 06:41:32 - [WARNING] Suspicious activity detected: unauthorized_access
2025-04-20 06:46:45 - [WARNING] Suspicious activity detected: malware
2025-04-20 06:48:09 - [INFO] user login
2025-04-20 06:56:29 - [WARNING] Suspicious activity detected: brute_force
2025-04-20 07:05:58 - [INFO] file uploaded
2025-04-20 07:08:44 - [WARNING] Suspicious activity detected: ip_blocked
2025-04-20 07:09:23 - [WARNING] Suspicious activity detected: ddos
2025-04-20 07:14:08 - [INFO] file downloaded
2025-04-20 07:37:50 - [WARNING] Suspicious activity detected: intrusion
2025-04-20 08:40:12 - [INFO] system check passed
2025-04-20 08:42:20 - [WARNING] Suspicious activity detected: brute_force
2025-04-20 08:54:00 - [WARNING] Suspicious activity detected: unauthorized_access
2025-04-20 09:15:01 - [INFO] config updated
2025-04-20 09:19:59 - [INFO] user login
2025-04-20 09:22:02 - [WARNING] Suspicious activity detected: ip_blocked
2025-04-20 09:41:58 - [INFO] system check passed
2025-04-20 09:48:05 - [INFO] email sent
2025-04-20 09:48:26 - [INFO] config updated
2025-04-20 10:07:08 - [WARNING] Suspicious activity detected: ip_blocked
2025-04-20 10:14:01 - [WARNING] Suspicious activity detected: sql_injection
2025-04-20 10:16:34 - [WARNING] Suspicious activity detected: ip_blocked
2025-04-20 10:19:41 - [INFO] file downloaded
2025-04-20 10:24:51 - [WARNING] Suspicious activity detected: unauthorized_access
2025-04-20 10:50:49 - [WARNING] Suspicious activity detected: sql_injection
2025-04-20 11:00:09 - [INFO] config updated
2025-04-20 11:01:59 - [INFO] file downloaded
2025-04-20 11:12:05 - [INFO] system check passed
2025-04-20 11:14:34 - [WARNING] Suspicious activity detected: malware
2025-04-20 11:24:18 - [INFO] email sent
2025-04-20 11:25:37 - [INFO] backup completed
2025-04-20 11:42:33 - [INFO] file uploaded
2025-04-20 11:46:25 - [WARNING] Suspicious activity detected: port_scan
2025-04-20 11:52:02 - [INFO] user login
2025-04-20 12:00:28 - [INFO] file uploaded
2025-04-20 12:03:16 - [INFO] email sent
2025-04-20 12:04:17 - [INFO] file downloaded
2025-04-20 12:05:58 - [INFO] backup completed
2025-04-20 12:07:59 - [INFO] system check passed
2025-04-20 12:10:05 - [INFO] system check passed
2025-04-20 12:17:10 - [INFO] file downloaded
2025-04-20 12:36:03 - [WARNING] Suspicious activity detected: malware
2025-04-20 12:51:58 - [WARNING] Suspicious activity detected: intrusion
2025-04-20 13:27:29 - [INFO] email sent
2025-04-20 13:38:53 - [WARNING] Suspicious activity detected: ip_blocked
2025-04-20 13:47:37 - [INFO] user login
2025-04-20 13:49:58 - [INFO] backup completed
2025-04-20 13:53:36 - [INFO] email sent
2025-04-20 14:03:22 - [WARNING] Suspicious activity detected: sql_injection
2025-04-20 14:17:30 - [INFO] email sent
2025-04-20 14:31:12 - [WARNING] Suspicious activity detected: brute_force
2025-04-20 14:34:49 - [INFO] file uploaded
2025-04-20 14:57:25 - [INFO] email sent
2025-04-20 15:10:16 - [INFO] backup completed
2025-04-20 15:11:03 - [INFO] file downloaded
2025-04-20 15:13:09 - [INFO] file uploaded
2025-04-20 15:24:24 - [INFO] backup completed
2025-04-20 15:30:46 - [INFO] email sent
2025-04-20 15:32:19 - [INFO] backup completed
2025-04-20 15:43:37 - [INFO] backup completed
2025-04-20 15:45:35 - [WARNING] Suspicious activity detected: ip_blocked
2025-04-20 15:56:03 - [INFO] backup completed
2025-04-20 16:09:27 - [INFO] user login
2025-04-20 16:13:29 - [INFO] file downloaded
2025-04-20 16:25:43 - [INFO] system check passed
2025-04-20 16:27:34 - [INFO] backup completed
2025-04-20 16:29:12 - [WARNING] Suspicious activity detected: malware
2025-04-20 16:33:34 - [WARNING] Suspicious activity detected: malware
2025-04-20 16:43:48 - [INFO] user login
2025-04-20 16:48:35 - [WARNING] Suspicious activity detected: malware
2025-04-20 17:21:27 - [INFO] config updated
2025-04-20 17:24:31 - [WARNING] Suspicious activity detected: ddos
2025-04-20 17:29:28 - [INFO] system check passed
2025-04-20 17:40:42 - [WARNING] Suspicious activity detected: ip_blocked
2025-04-20 17:42:31 - [INFO] config updated
2025-04-20 17:46:21 - [WARNING] Suspicious activity detected: ip_blocked
2025-04-20 17:57:32 - [WARNING] Suspicious activity detected: port_scan
2025-04-20 17:59:28 - [WARNING] Suspicious activity detected: unauthorized_access
2025-04-20 18:14:13 - [WARNING] Suspicious activity detected: ddos
2025-04-20 18:18:33 - [INFO] config updated
2025-04-20 18:31:37 - [WARNING] Suspicious activity detected: sql_injection
2025-04-20 18:38:54 - [INFO] file downloaded
2025-04-20 18:39:55 - [INFO] backup completed
2025-04-20 18:40:23 - [WARNING] Suspicious activity detected: malware
2025-04-20 18:42:38 - [INFO] user login
2025-04-20 18:45:45 - [INFO] file uploaded
2025-04-20 18:48:59 - [WARNING] Suspicious activity detected: brute_force
2025-04-20 19:10:41 - [INFO] user login
2025-04-20 19:25:20 - [WARNING] Suspicious activity detected: ip_blocked
2025-04-20 19:28:48 - [WARNING] Suspicious activity detected: port_scan
2025-04-20 19:32:54 - [WARNING] Suspicious activity detected: brute_force
2025-04-20 19:40:40 - [INFO] file downloaded
2025-04-20 19:40:53 - [WARNING] Suspicious activity detected: malware
2025-04-20 19:51:52 - [INFO] system check passed
2025-04-20 20:09:30 - [WARNING] Suspicious activity detected: unauthorized_access
2025-04-20 20:11:16 - [WARNING] Suspicious activity detected: intrusion
2025-04-20 20:18:25 - [INFO] user login
2025-04-20 20:45:10 - [INFO] email sent
2025-04-20 20:46:19 - [INFO] config updated
2025-04-20 20:48:19 - [INFO] file uploaded
2025-04-20 20:49:44 - [INFO] user login
2025-04-20 20:56:55 - [INFO] file uploaded
2025-04-20 21:12:24 - [INFO] file uploaded
2025-04-20 21:26:20 - [INFO] email sent
2025-04-20 21:28:43 - [INFO] backup completed
2025-04-20 21:50:19 - [INFO] user login
2025-04-20 21:53:53 - [INFO] system check passed
2025-04-20 22:00:58 - [INFO] file downloaded
2025-04-20 22:04:11 - [INFO] backup completed
2025-04-20 22:13:04 - [INFO] backup completed
2025-04-20 22:28:37 - [WARNING] Suspicious activity detected: port_scan
2025-04-20 22:33:30 - [INFO] backup completed
2025-04-20 22:52:14 - [INFO] system check passed
2025-04-20 23:11:15 - [INFO] file uploaded
2025-04-20 23:31:14 - [INFO] user login
2025-04-20 23:38:50 - [INFO] file uploaded
2025-04-20 23:44:26 - [INFO] system check passed