2025-07-30 00:21:27 - [WARNING] Suspicious activity detected: intrusion
2025-07-30 00:23:03 - [INFO] file downloaded
2025-07-30 00:27:26 - [INFO] system check passed
2025-07-30 00:41:33 - [WARNING] Suspicious activity detected: sql_injection
2025-07-30 00:57:42 - [WARNING] Suspicious activity detected: ddos
2025-07-30 01:15:04 - [WARNING] Suspicious activity detected: unauthorized_access
2025-07-30 01:17:13 - [INFO] backup completed
2025-07-30 01:20:39 - [WARNING] Suspicious activity detected: ip_blocked
2025-07-30 01:36:55 - [WARNING] Suspicious activity detected: ip_blocked
2025-07-30 01:37:45 - [WARNING] Suspicious activity detected: brute_force
2025-07-30 01:42:01 - [INFO] email sent
2025-07-30 01:43:18 - [INFO] file uploaded
2025-07-30 01:58:36 - [WARNING] Suspicious activity detected: port_scan
2025-07-30 02:20:04 - [WARNING] Suspicious activity detected: ddos
2025-07-30 02:46:34 - [WARNING] Suspicious activity detected: malware
2025-07-30 02:53:33 - [INFO] email sent
2025-07-30 03:05:11 - [INFO] user login
2025-07-30 03:09:20 - [WARNING] Suspicious activity detected: port_scan
2025-07-30 03:32:09 - [INFO] config updated
2025-07-30 03:35:39 - [INFO] user login
2025-07-30 03:42:06 - [INFO] file uploaded
2025-07-30 03:47:33 - [WARNING] Suspicious activity detected: brute_force
2025-07-30 03:47:37 - [INFO] file uploaded
2025-07-30 04:00:26 - [INFO] backup completed
2025-07-30 04:02:11 - [INFO] system check passed
2025-07-30 04:26:47 - [INFO] file downloaded
2025-07-30 04:31:54 - [INFO] config updated
2025-07-30 04:53:49 - [WARNING] Suspicious activity detected: intrusion
2025-07-30 05:12:08 - [WARNING] Suspicious activity detected: unauthorized_access
2025-07-30 05:12:30 - [INFO] system check passed
2025-07-30 05:18:08 - [INFO] email sent
2025-07-30 05:31:39 - [WARNING] Suspicious activity detected: brute_force
2025-07-30 05:32:29 - [WARNING] Suspicious activity detected: intrusion
2025-07-30 05:39:30 - [WARNING] Suspicious activity detected: port_scan
2025-07-30 06:05:30 - [INFO] backup completed
2025-07-30 06:09:52 - [WARNING] Suspicious activity detected: unauthorized_access
2025-07-30 06:23:39 - [WARNING] Suspicious activity detected: malware
2025-07-30 06:24:15 - [INFO] config updated
2025-07-30 06:47:48 - [INFO] file uploaded
2025-07-30 06:48:31 - [WARNING] Suspicious activity detected: ddos
2025-07-30 07:13:32 - [INFO] user login
2025-07-30 07:22:14 - [WARNING] Suspicious activity detected: sql_injection
2025-07-30 07:24:27 - [INFO] system check passed
2025-07-30 07:52:52 - [INFO] file uploaded
2025-07-30 07:53:49 - [INFO] config updated
2025-07-30 08:12:22 - [INFO] file uploaded
2025-07-30 08:24:18 - [WARNING] Suspicious activity detected: ddos
2025-07-30 08:30:26 - [INFO] backup completed
2025-07-30 08:51:54 - [INFO] config updated
2025-07-30 08:56:16 - [INFO] config updated
2025-07-30 08:57:08 - [INFO] backup completed
2025-07-30 09:04:11 - [INFO] file downloaded
2025-07-30 09:05:52 - [INFO] backup completed
2025-07-30 09:11:00 - [INFO] email sent
2025-07-30 09:11:47 - [INFO] user login
2025-07-30 09:13:38 - [WARNING] Suspicious activity detected: ddos
2025-07-30 09:18:44 - [INFO] backup completed
2025-07-30 09:25:14 - [INFO] file downloaded
2025-07-30 09:29:42 - [INFO] file downloaded
2025-07-30 09:45:43 - [INFO] file downloaded
2025-07-30 09:52:31 - [INFO] user login
2025-07-30 10:10:17 - [INFO] user login
2025-07-30 10:11:43 - [WARNING] Suspicious activity detected: intrusion
2025-07-30 10:15:22 - [INFO] system check passed
2025-07-30 10:17:01 - [INFO] system check passed
2025-07-30 10:37:19 - [WARNING] Suspicious activity detected: port_scan
2025-07-30 10:46:29 - [INFO] backup completed
2025-07-30 10:48:01 - [WARNING] Suspicious activity detected: port_scan
2025-07-30 11:03:14 - [INFO] config updated
2025-07-30 11:10:42 - [INFO] user login
2025-07-30 11:11:02 - [INFO] email sent
2025-07-30 11:21:09 - [INFO] email sent
2025-07-30 11:30:03 - [INFO] file downloaded
2025-07-30 11:38:04 - [INFO] backup completed
2025-07-30 11:45:46 - [INFO] file downloaded
2025-07-30 11:48:58 - [INFO] backup completed
2025-07-30 11:51:35 - [INFO] user login
2025-07-30 12:02:16 - [INFO] system check passed
2025-07-30 12:08:01 - [INFO] user login
2025-07-30 12:09:59 - [INFO] email sent
2025-07-30 12:15:30 - [INFO] backup completed
2025-07-30 12:17:18 - [INFO] system check passed
2025-07-30 12:31:23 - [WARNING] Suspicious activity detected: unauthorized_access
2025-07-30 12:52:38 - [WARNING] Suspicious activity detected: sql_injection
2025-07-30 12:57:13 - [INFO] system check passed
2025-07-30 13:02:08 - [INFO] file downloaded
2025-07-30 13:06:45 - [INFO] backup completed
2025-07-30 13:09:29 - [INFO] file downloaded
2025-07-30 13:15:00 - [INFO] user login
2025-07-30 13:16:54 - [WARNING] Suspicious activity detected: intrusion
2025-07-30 13:24:34 - [INFO] system check passed
2025-07-30 13:28:24 - [INFO] config updated
2025-07-30 13:51:58 - [INFO] backup completed
2025-07-30 13:55:49 - [INFO] config updated
2025-07-30 13:59:42 - [WARNING] Suspicious activity detected: brute_force
2025-07-30 14:06:37 - [WARNING] Suspicious activity detected: ip_blocked
2025-07-30 14:23:09 - [INFO] email sent
2025-07-30 14:27:20 - [WARNING] Suspicious activity detected: intrusion
2025-07-30 14:33:42 - [INFO] file uploaded
2025-07-30 14:36:39 - [WARNING] Suspicious activity detected: ddos
2025-07-30 14:41:17 - [INFO] file downloaded
2025-07-30 14:53:01 - [WARNING] Suspicious activity detected: unauthorized_access
2025-07-30 14:53:04 - [WARNING] Suspicious activity detected: unauthorized_access
2025-07-30 14:57:40 - [INFO] config updated
2025-07-30 15:17:40 - [INFO] file downloaded
2025-07-30 15:26:53 - [WARNING] Suspicious activity detected: malware
2025-07-30 15:28:20 - [WARNING] Suspicious activity detected: ip_blocked
2025-07-30 15:30:32 - [WARNING] Suspicious activity detected: port_scan
2025-07-30 15:35:44 - [INFO] system check passed
2025-07-30 15:41:35 - [WARNING] Suspicious activity detected: intrusion
2025-07-30 15:45:13 - [INFO] file downloaded
2025-07-30 15:48:16 - [INFO] config updated
2025-07-30 15:51:46 - [INFO] file uploaded
2025-07-30 16:00:31 - [INFO] user login
2025-07-30 16:06:21 - [WARNING] Suspicious activity detected: sql_injection
2025-07-30 16:13:42 - [WARNING] Suspicious activity detected: intrusion
2025-07-30 16:14:50 - [WARNING] Suspicious activity detected: ddos
2025-07-30 16:25:26 - [WARNING] Suspicious activity detected: sql_injection
2025-07-30 16:29:28 - [WARNING] Suspicious activity detected: unauthorized_access
2025-07-30 16:30:17 - [WARNING] Suspicious activity detected: intrusion
2025-07-30 16:38:47 - [INFO] backup completed
2025-07-30 16:42:03 - [INFO] config updated
2025-07-30 16:44:18 - [WARNING] Suspicious activity detected: unauthorized_access
2025-07-30 16:50:24 - [INFO] user login
2025-07-30 17:03:00 - [INFO] user login
2025-07-30 17:04:07 - [INFO] email sent
2025-07-30 17:13:25 - [INFO] file uploaded
2025-07-30 17:27:53 - [WARNING] Suspicious activity detected: ip_blocked
2025-07-30 17:34:54 - [WARNING] Suspicious activity detected: unauthorized_access
2025-07-30 17:56:23 - [INFO] config updated
2025-07-30 18:00:46 - [INFO] backup completed
2025-07-30 18:01:29 - [INFO] user login
2025-07-30 18:02:51 - [INFO] user login
2025-07-30 18:10:15 - [INFO] backup completed
2025-07-30 18:13:33 - [INFO] system check passed
2025-07-30 18:40:24 - [WARNING] Suspicious activity detected: port_scan
2025-07-30 18:42:55 - [INFO] backup completed
2025-07-30 18:53:45 - [INFO] email sent
2025-07-30 18:57:40 - [WARNING] Suspicious activity detected: ddos
2025-07-30 19:00:45 - [INFO] file uploaded
2025-07-30 19:04:28 - [INFO] backup completed
2025-07-30 19:05:41 - [INFO] file downloaded
2025-07-30 19:38:33 - [WARNING] Suspicious activity detected: port_scan
2025-07-30 20:06:59 - [INFO] email sent
2025-07-30 20:07:00 - [INFO] email sent
2025-07-30 20:10:58 - [WARNING] Suspicious activity detected: brute_force
2025-07-30 20:16:47 - [INFO] system check passed
2025-07-30 20:18:29 - [INFO] email sent
2025-07-30 20:18:36 - [INFO] system check passed
2025-07-30 20:19:04 - [INFO] config updated
2025-07-30 20:27:04 - [WARNING] Suspicious activity detected: ip_blocked
2025-07-30 20:35:13 - [INFO] system check passed
2025-07-30 20:44:56 - [WARNING] Suspicious activity detected: intrusion
2025-07-30 20:55:22 - [WARNING] Suspicious activity detected: ddos
2025-07-30 21:10:22 - [WARNING] Suspicious activity detected: ip_blocked
2025-07-30 21:13:10 - [INFO] user login
2025-07-30 21:22:37 - [INFO] backup completed
2025-07-30 21:36:48 - [WARNING] Suspicious activity detected: unauthorized_access
2025-07-30 21:37:37 - [WARNING] Suspicious activity detected: intrusion
2025-07-30 21:42:57 - [WARNING] Suspicious activity detected: malware
2025-07-30 21:48:01 - [WARNING] Suspicious activity detected: intrusion
2025-07-30 21:56:03 - [INFO] file uploaded
2025-07-30 22:14:06 - [INFO] file downloaded
2025-07-30 22:20:42 - [WARNING] Suspicious activity detected: intrusion
2025-07-30 22:21:58 - [INFO] user login
2025-07-30 22:22:37 - [WARNING] Suspicious activity detected: sql_injection
2025-07-30 22:32:45 - [WARNING] Suspicious activity detected: ddos
2025-07-30 22:34:40 - [INFO] system check passed
2025-07-30 22:58:46 - [INFO] email sent
2025-07-30 23:04:05 - [INFO] file downloaded
2025-07-30 23:04:55 - [WARNING] Suspicious activity detected: sql_injection
2025-07-30 23:15:30 - [INFO] config updated
2025-07-30 23:16:23 - [WARNING] Suspicious activity detected: ip_blocked
2025-07-30 23:23:49 - [INFO] config updated
2025-07-30 23:24:32 - [WARNING] Suspicious activity detected: intrusion
2025-07-30 23:29:03 - [INFO] file uploaded
2025-07-30 23:32:58 - [INFO] user login
2025-07-30 23:33:31 - [INFO] config updated
2025-07-30 23:43:59 - [INFO] backup completed