2025-04-12 00:03:59 - [INFO] file uploaded
2025-04-12 00:05:42 - [INFO] backup completed
2025-04-12 00:12:35 - [INFO] backup completed
2025-04-12 00:21:36 - [WARNING] Suspicious activity detected: brute_force
2025-04-12 00:28:32 - [INFO] backup completed
2025-04-12 00:34:24 - [INFO] file downloaded
2025-04-12 00:48:58 - [WARNING] Suspicious activity detected: ddos
2025-04-12 00:53:15 - [INFO] user login
2025-04-12 00:53:50 - [INFO] system check passed
2025-04-12 01:00:26 - [WARNING] Suspicious activity detected: ip_blocked
2025-04-12 01:02:29 - [WARNING] Suspicious activity detected: port_scan
2025-04-12 01:04:02 - [INFO] system check passed
2025-04-12 01:10:20 - [INFO] backup completed
2025-04-12 01:26:51 - [INFO] email sent
2025-04-12 01:40:45 - [INFO] config updated
2025-04-12 02:04:20 - [INFO] file uploaded
2025-04-12 02:16:36 - [INFO] backup completed
2025-04-12 02:25:30 - [WARNING] Suspicious activity detected: sql_injection
2025-04-12 02:29:40 - [INFO] email sent
2025-04-12 02:42:32 - [WARNING] Suspicious activity detected: port_scan
2025-04-12 02:53:44 - [INFO] backup completed
2025-04-12 03:01:43 - [INFO] backup completed
2025-04-12 03:01:51 - [INFO] backup completed
2025-04-12 03:04:21 - [WARNING] Suspicious activity detected: malware
2025-04-12 03:06:31 - [INFO] user login
2025-04-12 03:12:21 - [INFO] config updated
2025-04-12 03:30:13 - [WARNING] Suspicious activity detected: ddos
2025-04-12 03:32:09 - [INFO] backup completed
2025-04-12 03:34:59 - [INFO] backup completed
2025-04-12 03:36:08 - [INFO] file uploaded
2025-04-12 03:46:49 - [INFO] user login
2025-04-12 03:52:06 - [WARNING] Suspicious activity detected: brute_force
2025-04-12 03:54:57 - [WARNING] Suspicious activity detected: ip_blocked
2025-04-12 04:52:45 - [INFO] backup completed
2025-04-12 04:54:57 - [WARNING] Suspicious activity detected: port_scan
2025-04-12 05:03:05 - [INFO] system check passed
2025-04-12 05:12:17 - [WARNING] Suspicious activity detected: brute_force
2025-04-12 05:17:53 - [WARNING] Suspicious activity detected: malware
2025-04-12 05:18:11 - [INFO] file uploaded
2025-04-12 05:19:17 - [INFO] system check passed
2025-04-12 05:20:21 - [INFO] system check passed
2025-04-12 05:21:50 - [INFO] file uploaded
2025-04-12 05:47:38 - [INFO] user login
2025-04-12 05:54:26 - [INFO] file downloaded
2025-04-12 05:57:26 - [INFO] user login
2025-04-12 06:01:31 - [INFO] config updated
2025-04-12 06:08:10 - [INFO] user login
2025-04-12 06:08:50 - [INFO] email sent
2025-04-12 06:18:00 - [INFO] backup completed
2025-04-12 06:26:28 - [INFO] backup completed
2025-04-12 06:43:06 - [INFO] backup completed
2025-04-12 06:46:31 - [INFO] file downloaded
2025-04-12 06:59:57 - [WARNING] Suspicious activity detected: ddos
2025-04-12 07:05:13 - [WARNING] Suspicious activity detected: intrusion
2025-04-12 07:07:48 - [INFO] user login
2025-04-12 07:10:24 - [WARNING] Suspicious activity detected: ip_blocked
2025-04-12 07:15:24 - [INFO] file downloaded
2025-04-12 07:16:58 - [INFO] email sent
2025-04-12 07:23:12 - [WARNING] Suspicious activity detected: ddos
2025-04-12 07:28:05 - [INFO] email sent
2025-04-12 07:48:04 - [INFO] file uploaded
2025-04-12 08:01:48 - [WARNING] Suspicious activity detected: brute_force
2025-04-12 08:08:52 - [INFO] email sent
2025-04-12 08:19:08 - [INFO] file downloaded
2025-04-12 08:23:48 - [INFO] user login
2025-04-12 08:25:02 - [INFO] user login
2025-04-12 08:41:19 - [INFO] file uploaded
2025-04-12 08:44:45 - [INFO] file downloaded
2025-04-12 08:55:42 - [INFO] file uploaded
2025-04-12 08:58:36 - [WARNING] Suspicious activity detected: ip_blocked
2025-04-12 09:01:49 - [INFO] email sent
2025-04-12 09:19:54 - [INFO] system check passed
2025-04-12 09:23:44 - [INFO] email sent
2025-04-12 09:35:07 - [WARNING] Suspicious activity detected: malware
2025-04-12 09:37:21 - [INFO] backup completed
2025-04-12 09:39:17 - [WARNING] Suspicious activity detected: brute_force
2025-04-12 09:42:55 - [WARNING] Suspicious activity detected: sql_injection
2025-04-12 10:04:28 - [WARNING] Suspicious activity detected: port_scan
2025-04-12 10:11:41 - [INFO] user login
2025-04-12 10:16:19 - [INFO] backup completed
2025-04-12 10:16:56 - [INFO] system check passed
2025-04-12 10:19:13 - [INFO] system check passed
2025-04-12 10:19:59 - [INFO] config updated
2025-04-12 10:21:31 - [INFO] file downloaded
2025-04-12 10:25:18 - [INFO] config updated
2025-04-12 10:30:37 - [INFO] system check passed
2025-04-12 10:31:05 - [INFO] file uploaded
2025-04-12 10:32:04 - [INFO] backup completed
2025-04-12 10:38:10 - [INFO] backup completed
2025-04-12 10:42:37 - [WARNING] Suspicious activity detected: ip_blocked
2025-04-12 10:48:40 - [WARNING] Suspicious activity detected: port_scan
2025-04-12 11:05:38 - [INFO] email sent
2025-04-12 11:06:11 - [INFO] user login
2025-04-12 11:09:53 - [INFO] user login
2025-04-12 11:18:55 - [WARNING] Suspicious activity detected: ddos
2025-04-12 11:20:34 - [WARNING] Suspicious activity detected: unauthorized_access
2025-04-12 11:34:19 - [INFO] backup completed
2025-04-12 11:38:10 - [INFO] system check passed
2025-04-12 11:38:28 - [INFO] email sent
2025-04-12 11:38:45 - [WARNING] Suspicious activity detected: malware
2025-04-12 11:44:09 - [INFO] backup completed
2025-04-12 11:45:34 - [INFO] file uploaded
2025-04-12 11:54:06 - [INFO] system check passed
2025-04-12 11:55:53 - [INFO] config updated
2025-04-12 12:19:14 - [INFO] file uploaded
2025-04-12 12:24:12 - [INFO] config updated
2025-04-12 12:29:27 - [INFO] backup completed
2025-04-12 12:37:35 - [WARNING] Suspicious activity detected: brute_force
2025-04-12 12:39:34 - [WARNING] Suspicious activity detected: port_scan
2025-04-12 12:41:24 - [WARNING] Suspicious activity detected: unauthorized_access
2025-04-12 12:45:22 - [INFO] user login
2025-04-12 12:47:25 - [INFO] email sent
2025-04-12 12:51:24 - [WARNING] Suspicious activity detected: malware
2025-04-12 12:52:14 - [WARNING] Suspicious activity detected: ip_blocked
2025-04-12 12:57:26 - [INFO] system check passed
2025-04-12 13:08:15 - [INFO] config updated
2025-04-12 13:10:41 - [INFO] config updated
2025-04-12 13:11:53 - [INFO] config updated
2025-04-12 13:14:20 - [INFO] user login
2025-04-12 13:15:35 - [WARNING] Suspicious activity detected: sql_injection
2025-04-12 13:15:52 - [WARNING] Suspicious activity detected: port_scan
2025-04-12 13:22:15 - [INFO] system check passed
2025-04-12 13:24:46 - [INFO] config updated
2025-04-12 13:26:10 - [INFO] file uploaded
2025-04-12 13:33:35 - [INFO] system check passed
2025-04-12 13:40:16 - [INFO] file uploaded
2025-04-12 13:47:24 - [INFO] system check passed
2025-04-12 13:48:35 - [INFO] config updated
2025-04-12 14:02:40 - [INFO] backup completed
2025-04-12 14:07:03 - [WARNING] Suspicious activity detected: port_scan
2025-04-12 14:07:48 - [INFO] backup completed
2025-04-12 14:21:24 - [INFO] file downloaded
2025-04-12 14:29:26 - [INFO] user login
2025-04-12 14:30:50 - [INFO] email sent
2025-04-12 14:36:42 - [INFO] backup completed
2025-04-12 14:39:24 - [WARNING] Suspicious activity detected: ip_blocked
2025-04-12 14:42:55 - [WARNING] Suspicious activity detected: intrusion
2025-04-12 14:49:45 - [INFO] backup completed
2025-04-12 15:00:25 - [INFO] file downloaded
2025-04-12 15:05:50 - [WARNING] Suspicious activity detected: malware
2025-04-12 15:28:35 - [INFO] file uploaded
2025-04-12 15:49:26 - [INFO] system check passed
2025-04-12 15:58:48 - [INFO] backup completed
2025-04-12 16:02:29 - [INFO] user login
2025-04-12 16:02:38 - [WARNING] Suspicious activity detected: port_scan
2025-04-12 16:06:50 - [INFO] file uploaded
2025-04-12 16:07:03 - [WARNING] Suspicious activity detected: unauthorized_access
2025-04-12 16:07:29 - [INFO] config updated
2025-04-12 16:14:20 - [INFO] backup completed
2025-04-12 16:14:52 - [INFO] system check passed
2025-04-12 16:16:34 - [INFO] backup completed
2025-04-12 16:29:48 - [INFO] user login
2025-04-12 17:04:06 - [INFO] file uploaded
2025-04-12 17:07:05 - [INFO] config updated
2025-04-12 17:08:13 - [INFO] file uploaded
2025-04-12 17:29:03 - [WARNING] Suspicious activity detected: unauthorized_access
2025-04-12 17:34:12 - [INFO] config updated
2025-04-12 17:34:55 - [INFO] user login
2025-04-12 17:38:13 - [WARNING] Suspicious activity detected: brute_force
2025-04-12 17:56:29 - [INFO] file downloaded
2025-04-12 17:58:42 - [WARNING] Suspicious activity detected: unauthorized_access
2025-04-12 18:06:16 - [INFO] email sent
2025-04-12 18:09:07 - [INFO] file downloaded
2025-04-12 18:17:22 - [INFO] config updated
2025-04-12 18:26:16 - [INFO] file downloaded
2025-04-12 19:01:54 - [INFO] user login
2025-04-12 19:09:07 - [WARNING] Suspicious activity detected: intrusion
2025-04-12 19:09:46 - [WARNING] Suspicious activity detected: unauthorized_access
2025-04-12 19:10:28 - [INFO] backup completed
2025-04-12 19:12:05 - [INFO] system check passed
2025-04-12 19:13:45 - [INFO] user login
2025-04-12 19:16:38 - [WARNING] Suspicious activity detected: port_scan
2025-04-12 19:22:13 - [INFO] email sent
2025-04-12 19:29:52 - [INFO] backup completed
2025-04-12 19:34:44 - [WARNING] Suspicious activity detected: ddos
2025-04-12 19:39:39 - [INFO] email sent
2025-04-12 19:41:14 - [INFO] file downloaded
2025-04-12 19:46:11 - [INFO] file uploaded
2025-04-12 19:51:05 - [WARNING] Suspicious activity detected: brute_force
2025-04-12 20:04:30 - [INFO] system check passed
2025-04-12 20:07:10 - [INFO] config updated
2025-04-12 20:23:56 - [INFO] email sent
2025-04-12 20:27:17 - [WARNING] Suspicious activity detected: brute_force
2025-04-12 20:31:04 - [WARNING] Suspicious activity detected: ip_blocked
2025-04-12 20:37:31 - [WARNING] Suspicious activity detected: ip_blocked
2025-04-12 20:40:58 - [INFO] user login
2025-04-12 20:47:10 - [INFO] user login
2025-04-12 20:49:18 - [INFO] file downloaded
2025-04-12 20:49:54 - [INFO] file uploaded
2025-04-12 20:57:13 - [WARNING] Suspicious activity detected: malware
2025-04-12 20:59:51 - [INFO] config updated
2025-04-12 21:03:29 - [INFO] email sent
2025-04-12 21:05:57 - [INFO] file uploaded
2025-04-12 21:14:02 - [INFO] file downloaded
2025-04-12 21:15:16 - [INFO] email sent
2025-04-12 21:37:13 - [INFO] config updated
2025-04-12 21:39:59 - [WARNING] Suspicious activity detected: ip_blocked
2025-04-12 21:40:11 - [INFO] file uploaded
2025-04-12 21:41:17 - [WARNING] Suspicious activity detected: ddos
2025-04-12 21:45:16 - [INFO] user login
2025-04-12 21:46:12 - [INFO] config updated
2025-04-12 21:51:39 - [INFO] email sent
2025-04-12 22:03:28 - [WARNING] Suspicious activity detected: ip_blocked
2025-04-12 22:04:37 - [INFO] file downloaded
2025-04-12 22:05:36 - [WARNING] Suspicious activity detected: brute_force
2025-04-12 22:08:36 - [WARNING] Suspicious activity detected: intrusion
2025-04-12 22:13:17 - [WARNING] Suspicious activity detected: ddos
2025-04-12 22:17:07 - [INFO] config updated
2025-04-12 22:22:58 - [INFO] user login
2025-04-12 22:24:09 - [INFO] file downloaded
2025-04-12 22:40:42 - [INFO] file uploaded
2025-04-12 22:50:01 - [INFO] user login
2025-04-12 22:50:23 - [INFO] file uploaded
2025-04-12 22:55:15 - [INFO] user login
2025-04-12 22:56:37 - [INFO] user login
2025-04-12 23:07:00 - [INFO] email sent
2025-04-12 23:08:02 - [INFO] file uploaded
2025-04-12 23:13:50 - [INFO] system check passed
2025-04-12 23:25:30 - [INFO] config updated
2025-04-12 23:32:03 - [INFO] backup completed
2025-04-12 23:35:55 - [INFO] email sent
2025-04-12 23:45:27 - [INFO] file downloaded
2025-04-12 23:45:53 - [INFO] system check passed
2025-04-12 23:52:36 - [WARNING] Suspicious activity detected: ip_blocked