2025-05-06 00:03:57 - [INFO] email sent
2025-05-06 00:13:31 - [WARNING] Suspicious activity detected: malware
2025-05-06 00:22:16 - [INFO] system check passed
2025-05-06 00:22:18 - [INFO] user login
2025-05-06 00:32:29 - [WARNING] Suspicious activity detected: brute_force
2025-05-06 00:47:37 - [INFO] system check passed
2025-05-06 01:03:03 - [INFO] file downloaded
2025-05-06 01:03:37 - [INFO] backup completed
2025-05-06 01:03:44 - [WARNING] Suspicious activity detected: intrusion
2025-05-06 01:04:30 - [INFO] file uploaded
2025-05-06 01:12:16 - [WARNING] Suspicious activity detected: ddos
2025-05-06 01:15:08 - [INFO] email sent
2025-05-06 01:52:03 - [WARNING] Suspicious activity detected: ip_blocked
2025-05-06 01:56:14 - [INFO] system check passed
2025-05-06 02:03:32 - [WARNING] Suspicious activity detected: brute_force
2025-05-06 02:05:30 - [INFO] email sent
2025-05-06 02:12:24 - [WARNING] Suspicious activity detected: port_scan
2025-05-06 02:14:56 - [INFO] user login
2025-05-06 02:19:16 - [WARNING] Suspicious activity detected: unauthorized_access
2025-05-06 02:19:16 - [INFO] file uploaded
2025-05-06 02:20:54 - [INFO] file uploaded
2025-05-06 02:23:44 - [INFO] user login
2025-05-06 02:42:10 - [INFO] file uploaded
2025-05-06 02:57:39 - [INFO] file uploaded
2025-05-06 03:07:48 - [INFO] backup completed
2025-05-06 03:08:10 - [WARNING] Suspicious activity detected: ddos
2025-05-06 03:14:05 - [INFO] user login
2025-05-06 03:21:08 - [INFO] user login
2025-05-06 03:23:22 - [INFO] config updated
2025-05-06 03:23:54 - [WARNING] Suspicious activity detected: ddos
2025-05-06 03:45:30 - [INFO] backup completed
2025-05-06 03:48:10 - [INFO] backup completed
2025-05-06 03:51:09 - [WARNING] Suspicious activity detected: brute_force
2025-05-06 04:04:49 - [INFO] system check passed
2025-05-06 04:14:00 - [INFO] config updated
2025-05-06 04:17:55 - [INFO] backup completed
2025-05-06 04:22:05 - [INFO] backup completed
2025-05-06 04:23:23 - [INFO] system check passed
2025-05-06 04:23:26 - [INFO] file uploaded
2025-05-06 04:24:01 - [WARNING] Suspicious activity detected: ip_blocked
2025-05-06 04:24:02 - [INFO] file downloaded
2025-05-06 04:24:53 - [WARNING] Suspicious activity detected: unauthorized_access
2025-05-06 04:24:54 - [INFO] backup completed
2025-05-06 04:28:10 - [INFO] file downloaded
2025-05-06 04:41:32 - [INFO] user login
2025-05-06 04:46:44 - [WARNING] Suspicious activity detected: ip_blocked
2025-05-06 04:50:40 - [INFO] config updated
2025-05-06 04:55:08 - [INFO] email sent
2025-05-06 05:06:54 - [INFO] backup completed
2025-05-06 05:10:40 - [INFO] email sent
2025-05-06 05:38:20 - [WARNING] Suspicious activity detected: ip_blocked
2025-05-06 05:38:52 - [INFO] config updated
2025-05-06 05:39:43 - [WARNING] Suspicious activity detected: ddos
2025-05-06 05:45:52 - [INFO] email sent
2025-05-06 06:08:40 - [INFO] system check passed
2025-05-06 06:27:31 - [INFO] file uploaded
2025-05-06 06:36:39 - [WARNING] Suspicious activity detected: sql_injection
2025-05-06 06:45:14 - [INFO] backup completed
2025-05-06 07:13:06 - [INFO] file uploaded
2025-05-06 07:14:00 - [WARNING] Suspicious activity detected: sql_injection
2025-05-06 07:26:27 - [WARNING] Suspicious activity detected: brute_force
2025-05-06 07:40:54 - [INFO] system check passed
2025-05-06 07:55:59 - [INFO] backup completed
2025-05-06 07:58:39 - [INFO] file uploaded
2025-05-06 07:59:17 - [INFO] email sent
2025-05-06 08:05:42 - [INFO] user login
2025-05-06 08:06:55 - [WARNING] Suspicious activity detected: ddos
2025-05-06 08:26:30 - [WARNING] Suspicious activity detected: intrusion
2025-05-06 08:27:16 - [INFO] file uploaded
2025-05-06 08:43:05 - [WARNING] Suspicious activity detected: port_scan
2025-05-06 08:43:15 - [INFO] config updated
2025-05-06 08:44:00 - [INFO] config updated
2025-05-06 08:47:39 - [INFO] system check passed
2025-05-06 08:50:06 - [WARNING] Suspicious activity detected: unauthorized_access
2025-05-06 08:58:34 - [WARNING] Suspicious activity detected: ip_blocked
2025-05-06 09:02:17 - [INFO] backup completed
2025-05-06 09:10:50 - [INFO] user login
2025-05-06 09:20:12 - [INFO] system check passed
2025-05-06 09:21:53 - [INFO] file downloaded
2025-05-06 09:31:23 - [WARNING] Suspicious activity detected: brute_force
2025-05-06 09:37:11 - [INFO] file uploaded
2025-05-06 09:43:33 - [INFO] email sent
2025-05-06 09:46:43 - [INFO] email sent
2025-05-06 09:46:47 - [WARNING] Suspicious activity detected: unauthorized_access
2025-05-06 09:50:36 - [WARNING] Suspicious activity detected: port_scan
2025-05-06 09:51:54 - [INFO] backup completed
2025-05-06 09:55:12 - [WARNING] Suspicious activity detected: sql_injection
2025-05-06 10:12:46 - [INFO] email sent
2025-05-06 10:13:45 - [INFO] system check passed
2025-05-06 10:14:32 - [INFO] file downloaded
2025-05-06 10:26:48 - [INFO] backup completed
2025-05-06 10:29:32 - [WARNING] Suspicious activity detected: ip_blocked
2025-05-06 10:36:37 - [INFO] user login
2025-05-06 10:38:18 - [INFO] user login
2025-05-06 10:50:06 - [WARNING] Suspicious activity detected: brute_force
2025-05-06 10:52:51 - [WARNING] Suspicious activity detected: sql_injection
2025-05-06 10:54:40 - [WARNING] Suspicious activity detected: intrusion
2025-05-06 11:03:27 - [WARNING] Suspicious activity detected: malware
2025-05-06 11:06:17 - [INFO] system check passed
2025-05-06 11:07:18 - [INFO] file downloaded
2025-05-06 11:08:22 - [WARNING] Suspicious activity detected: unauthorized_access
2025-05-06 11:22:34 - [INFO] system check passed
2025-05-06 11:24:01 - [WARNING] Suspicious activity detected: ddos
2025-05-06 11:50:55 - [INFO] system check passed
2025-05-06 11:50:57 - [WARNING] Suspicious activity detected: ip_blocked
2025-05-06 12:08:44 - [WARNING] Suspicious activity detected: ddos
2025-05-06 12:59:37 - [WARNING] Suspicious activity detected: ddos
2025-05-06 13:00:36 - [INFO] system check passed
2025-05-06 13:01:12 - [INFO] user login
2025-05-06 13:06:57 - [INFO] backup completed
2025-05-06 13:08:33 - [WARNING] Suspicious activity detected: malware
2025-05-06 13:13:25 - [WARNING] Suspicious activity detected: ip_blocked
2025-05-06 13:19:57 - [WARNING] Suspicious activity detected: unauthorized_access
2025-05-06 13:20:59 - [INFO] backup completed
2025-05-06 13:21:33 - [INFO] config updated
2025-05-06 13:22:55 - [WARNING] Suspicious activity detected: intrusion
2025-05-06 13:27:51 - [INFO] user login
2025-05-06 13:34:46 - [INFO] email sent
2025-05-06 13:42:39 - [WARNING] Suspicious activity detected: unauthorized_access
2025-05-06 14:04:24 - [INFO] file downloaded
2025-05-06 14:19:20 - [INFO] file uploaded
2025-05-06 14:43:59 - [INFO] file downloaded
2025-05-06 14:46:31 - [INFO] user login
2025-05-06 14:48:18 - [INFO] file downloaded
2025-05-06 14:51:56 - [WARNING] Suspicious activity detected: port_scan
2025-05-06 14:54:43 - [WARNING] Suspicious activity detected: ip_blocked
2025-05-06 14:59:05 - [WARNING] Suspicious activity detected: ip_blocked
2025-05-06 15:02:30 - [INFO] file uploaded
2025-05-06 15:09:52 - [WARNING] Suspicious activity detected: port_scan
2025-05-06 15:10:11 - [WARNING] Suspicious activity detected: malware
2025-05-06 15:27:41 - [INFO] file downloaded
2025-05-06 15:41:09 - [WARNING] Suspicious activity detected: unauthorized_access
2025-05-06 15:41:18 - [INFO] backup completed
2025-05-06 15:55:22 - [INFO] email sent
2025-05-06 16:21:22 - [WARNING] Suspicious activity detected: port_scan
2025-05-06 16:25:46 - [WARNING] Suspicious activity detected: ddos
2025-05-06 16:32:01 - [WARNING] Suspicious activity detected: brute_force
2025-05-06 16:36:48 - [INFO] user login
2025-05-06 16:49:23 - [INFO] user login
2025-05-06 16:49:27 - [INFO] file uploaded
2025-05-06 17:11:29 - [INFO] file uploaded
2025-05-06 17:16:15 - [INFO] backup completed
2025-05-06 17:27:49 - [INFO] system check passed
2025-05-06 17:41:35 - [WARNING] Suspicious activity detected: intrusion
2025-05-06 17:52:13 - [INFO] file uploaded
2025-05-06 17:55:16 - [INFO] config updated
2025-05-06 17:56:03 - [INFO] user login
2025-05-06 17:59:24 - [INFO] email sent
2025-05-06 18:17:15 - [WARNING] Suspicious activity detected: intrusion
2025-05-06 18:20:38 - [WARNING] Suspicious activity detected: brute_force
2025-05-06 18:21:07 - [WARNING] Suspicious activity detected: brute_force
2025-05-06 18:29:13 - [INFO] backup completed
2025-05-06 18:43:18 - [WARNING] Suspicious activity detected: intrusion
2025-05-06 18:45:56 - [WARNING] Suspicious activity detected: intrusion
2025-05-06 18:46:20 - [WARNING] Suspicious activity detected: unauthorized_access
2025-05-06 18:47:07 - [INFO] config updated
2025-05-06 18:57:13 - [INFO] file downloaded
2025-05-06 18:58:14 - [INFO] config updated
2025-05-06 19:15:24 - [INFO] file uploaded
2025-05-06 19:25:16 - [INFO] file uploaded
2025-05-06 19:26:59 - [WARNING] Suspicious activity detected: unauthorized_access
2025-05-06 19:33:40 - [INFO] backup completed
2025-05-06 19:34:35 - [INFO] config updated
2025-05-06 19:37:20 - [INFO] file uploaded
2025-05-06 19:39:23 - [INFO] file downloaded
2025-05-06 19:41:02 - [WARNING] Suspicious activity detected: port_scan
2025-05-06 19:42:04 - [WARNING] Suspicious activity detected: brute_force
2025-05-06 19:53:44 - [WARNING] Suspicious activity detected: brute_force
2025-05-06 20:00:30 - [INFO] file downloaded
2025-05-06 20:02:21 - [WARNING] Suspicious activity detected: ddos
2025-05-06 20:09:57 - [INFO] config updated
2025-05-06 20:10:52 - [INFO] email sent
2025-05-06 20:14:59 - [WARNING] Suspicious activity detected: malware
2025-05-06 20:19:49 - [INFO] config updated
2025-05-06 20:34:30 - [INFO] user login
2025-05-06 20:40:21 - [WARNING] Suspicious activity detected: intrusion
2025-05-06 20:40:54 - [WARNING] Suspicious activity detected: sql_injection
2025-05-06 20:42:22 - [INFO] backup completed
2025-05-06 20:57:28 - [INFO] email sent
2025-05-06 21:03:03 - [WARNING] Suspicious activity detected: ddos
2025-05-06 21:06:40 - [INFO] user login
2025-05-06 22:05:27 - [WARNING] Suspicious activity detected: brute_force
2025-05-06 22:17:06 - [INFO] file downloaded
2025-05-06 22:31:32 - [INFO] backup completed
2025-05-06 22:39:04 - [WARNING] Suspicious activity detected: malware
2025-05-06 22:43:16 - [WARNING] Suspicious activity detected: ip_blocked
2025-05-06 22:50:54 - [INFO] system check passed
2025-05-06 22:53:38 - [WARNING] Suspicious activity detected: unauthorized_access
2025-05-06 22:56:06 - [WARNING] Suspicious activity detected: ip_blocked
2025-05-06 22:57:12 - [INFO] file uploaded
2025-05-06 23:00:27 - [WARNING] Suspicious activity detected: malware
2025-05-06 23:06:03 - [WARNING] Suspicious activity detected: ddos
2025-05-06 23:12:34 - [INFO] user login
2025-05-06 23:25:36 - [INFO] email sent
2025-05-06 23:38:56 - [INFO] file uploaded
2025-05-06 23:53:58 - [INFO] user login
2025-05-06 23:57:54 - [INFO] config updated