2025-05-15 00:05:36 - [INFO] backup completed
2025-05-15 00:12:18 - [INFO] user login
2025-05-15 00:26:05 - [WARNING] Suspicious activity detected: brute_force
2025-05-15 00:46:22 - [WARNING] Suspicious activity detected: malware
2025-05-15 00:48:20 - [WARNING] Suspicious activity detected: brute_force
2025-05-15 00:50:06 - [INFO] file uploaded
2025-05-15 00:56:30 - [WARNING] Suspicious activity detected: port_scan
2025-05-15 01:38:22 - [INFO] user login
2025-05-15 01:51:28 - [INFO] user login
2025-05-15 01:54:00 - [WARNING] Suspicious activity detected: intrusion
2025-05-15 02:13:52 - [INFO] config updated
2025-05-15 02:15:03 - [WARNING] Suspicious activity detected: unauthorized_access
2025-05-15 02:23:53 - [WARNING] Suspicious activity detected: unauthorized_access
2025-05-15 02:26:43 - [INFO] file uploaded
2025-05-15 02:29:30 - [INFO] config updated
2025-05-15 02:43:51 - [INFO] file uploaded
2025-05-15 02:45:28 - [INFO] email sent
2025-05-15 03:06:31 - [INFO] user login
2025-05-15 03:15:36 - [WARNING] Suspicious activity detected: ddos
2025-05-15 03:23:23 - [WARNING] Suspicious activity detected: unauthorized_access
2025-05-15 03:25:07 - [INFO] user login
2025-05-15 03:27:08 - [INFO] system check passed
2025-05-15 03:29:37 - [INFO] file downloaded
2025-05-15 03:30:46 - [INFO] system check passed
2025-05-15 03:33:26 - [WARNING] Suspicious activity detected: sql_injection
2025-05-15 03:35:29 - [INFO] file uploaded
2025-05-15 03:42:36 - [WARNING] Suspicious activity detected: brute_force
2025-05-15 03:46:43 - [INFO] email sent
2025-05-15 04:09:28 - [INFO] config updated
2025-05-15 04:25:49 - [INFO] file uploaded
2025-05-15 04:31:19 - [INFO] user login
2025-05-15 04:32:05 - [INFO] user login
2025-05-15 04:48:37 - [INFO] file downloaded
2025-05-15 04:54:07 - [WARNING] Suspicious activity detected: unauthorized_access
2025-05-15 04:55:02 - [WARNING] Suspicious activity detected: ddos
2025-05-15 05:04:22 - [WARNING] Suspicious activity detected: ip_blocked
2025-05-15 05:07:10 - [WARNING] Suspicious activity detected: brute_force
2025-05-15 05:07:56 - [WARNING] Suspicious activity detected: unauthorized_access
2025-05-15 05:15:07 - [INFO] system check passed
2025-05-15 05:15:08 - [WARNING] Suspicious activity detected: port_scan
2025-05-15 05:25:13 - [WARNING] Suspicious activity detected: malware
2025-05-15 05:27:20 - [INFO] user login
2025-05-15 05:32:56 - [WARNING] Suspicious activity detected: brute_force
2025-05-15 05:38:19 - [WARNING] Suspicious activity detected: sql_injection
2025-05-15 05:38:52 - [WARNING] Suspicious activity detected: port_scan
2025-05-15 05:42:39 - [INFO] user login
2025-05-15 06:04:40 - [INFO] file uploaded
2025-05-15 06:06:02 - [INFO] file downloaded
2025-05-15 06:18:21 - [WARNING] Suspicious activity detected: unauthorized_access
2025-05-15 06:23:39 - [WARNING] Suspicious activity detected: sql_injection
2025-05-15 06:28:02 - [INFO] config updated
2025-05-15 06:35:09 - [WARNING] Suspicious activity detected: port_scan
2025-05-15 06:49:30 - [WARNING] Suspicious activity detected: ddos
2025-05-15 07:01:50 - [WARNING] Suspicious activity detected: port_scan
2025-05-15 07:32:18 - [WARNING] Suspicious activity detected: ddos
2025-05-15 07:32:54 - [WARNING] Suspicious activity detected: unauthorized_access
2025-05-15 07:45:21 - [WARNING] Suspicious activity detected: port_scan
2025-05-15 08:04:43 - [INFO] email sent
2025-05-15 08:20:16 - [WARNING] Suspicious activity detected: brute_force
2025-05-15 08:20:17 - [INFO] backup completed
2025-05-15 08:33:54 - [INFO] config updated
2025-05-15 08:35:21 - [INFO] backup completed
2025-05-15 08:39:49 - [WARNING] Suspicious activity detected: brute_force
2025-05-15 08:48:06 - [WARNING] Suspicious activity detected: intrusion
2025-05-15 08:49:09 - [INFO] file downloaded
2025-05-15 08:52:34 - [INFO] file downloaded
2025-05-15 09:01:18 - [INFO] config updated
2025-05-15 09:08:20 - [WARNING] Suspicious activity detected: brute_force
2025-05-15 09:08:40 - [WARNING] Suspicious activity detected: brute_force
2025-05-15 09:14:25 - [INFO] file uploaded
2025-05-15 09:20:11 - [WARNING] Suspicious activity detected: ddos
2025-05-15 09:49:22 - [WARNING] Suspicious activity detected: brute_force
2025-05-15 10:08:31 - [WARNING] Suspicious activity detected: malware
2025-05-15 10:08:37 - [INFO] email sent
2025-05-15 10:10:24 - [INFO] file downloaded
2025-05-15 10:28:59 - [INFO] file uploaded
2025-05-15 10:32:04 - [INFO] user login
2025-05-15 10:32:13 - [INFO] user login
2025-05-15 10:50:23 - [WARNING] Suspicious activity detected: ddos
2025-05-15 10:53:48 - [WARNING] Suspicious activity detected: unauthorized_access
2025-05-15 11:34:08 - [WARNING] Suspicious activity detected: unauthorized_access
2025-05-15 11:43:34 - [INFO] backup completed
2025-05-15 11:53:24 - [INFO] file downloaded
2025-05-15 12:27:07 - [INFO] file uploaded
2025-05-15 12:31:33 - [INFO] file downloaded
2025-05-15 12:35:20 - [INFO] user login
2025-05-15 12:42:58 - [INFO] email sent
2025-05-15 12:47:02 - [WARNING] Suspicious activity detected: ip_blocked
2025-05-15 12:53:03 - [INFO] email sent
2025-05-15 12:53:38 - [INFO] file uploaded
2025-05-15 13:00:00 - [WARNING] Suspicious activity detected: port_scan
2025-05-15 13:00:38 - [WARNING] Suspicious activity detected: brute_force
2025-05-15 13:06:22 - [INFO] system check passed
2025-05-15 13:18:10 - [INFO] backup completed
2025-05-15 13:20:19 - [WARNING] Suspicious activity detected: intrusion
2025-05-15 13:25:04 - [WARNING] Suspicious activity detected: port_scan
2025-05-15 13:31:55 - [INFO] config updated
2025-05-15 13:59:46 - [INFO] file downloaded
2025-05-15 14:11:36 - [INFO] system check passed
2025-05-15 14:18:13 - [INFO] backup completed
2025-05-15 14:27:20 - [WARNING] Suspicious activity detected: malware
2025-05-15 14:29:55 - [WARNING] Suspicious activity detected: ip_blocked
2025-05-15 14:30:07 - [INFO] system check passed
2025-05-15 14:33:57 - [WARNING] Suspicious activity detected: port_scan
2025-05-15 14:44:45 - [INFO] file downloaded
2025-05-15 15:01:30 - [WARNING] Suspicious activity detected: brute_force
2025-05-15 15:14:30 - [INFO] file downloaded
2025-05-15 15:22:23 - [WARNING] Suspicious activity detected: port_scan
2025-05-15 15:22:52 - [WARNING] Suspicious activity detected: malware
2025-05-15 15:23:43 - [WARNING] Suspicious activity detected: port_scan
2025-05-15 15:29:41 - [INFO] backup completed
2025-05-15 15:34:41 - [INFO] config updated
2025-05-15 15:44:18 - [INFO] file uploaded
2025-05-15 15:44:59 - [INFO] config updated
2025-05-15 15:47:18 - [WARNING] Suspicious activity detected: sql_injection
2025-05-15 15:49:03 - [INFO] config updated
2025-05-15 15:55:26 - [WARNING] Suspicious activity detected: sql_injection
2025-05-15 15:57:57 - [INFO] file downloaded
2025-05-15 15:58:15 - [INFO] system check passed
2025-05-15 16:03:12 - [WARNING] Suspicious activity detected: brute_force
2025-05-15 16:03:23 - [INFO] file uploaded
2025-05-15 16:16:41 - [INFO] backup completed
2025-05-15 16:17:42 - [INFO] file downloaded
2025-05-15 16:34:41 - [INFO] file downloaded
2025-05-15 16:47:53 - [WARNING] Suspicious activity detected: sql_injection
2025-05-15 16:55:54 - [WARNING] Suspicious activity detected: intrusion
2025-05-15 17:04:13 - [INFO] file uploaded
2025-05-15 17:43:52 - [INFO] config updated
2025-05-15 17:50:07 - [INFO] system check passed
2025-05-15 18:03:15 - [INFO] system check passed
2025-05-15 18:09:25 - [INFO] user login
2025-05-15 18:13:45 - [WARNING] Suspicious activity detected: ip_blocked
2025-05-15 18:48:48 - [WARNING] Suspicious activity detected: malware
2025-05-15 18:59:06 - [WARNING] Suspicious activity detected: ip_blocked
2025-05-15 19:04:51 - [INFO] system check passed
2025-05-15 19:09:19 - [WARNING] Suspicious activity detected: brute_force
2025-05-15 19:28:54 - [INFO] user login
2025-05-15 19:30:22 - [INFO] email sent
2025-05-15 19:33:11 - [INFO] file downloaded
2025-05-15 19:33:14 - [WARNING] Suspicious activity detected: sql_injection
2025-05-15 19:34:37 - [WARNING] Suspicious activity detected: intrusion
2025-05-15 19:43:23 - [INFO] file downloaded
2025-05-15 19:55:52 - [INFO] backup completed
2025-05-15 20:03:14 - [INFO] system check passed
2025-05-15 20:13:13 - [WARNING] Suspicious activity detected: ddos
2025-05-15 20:16:46 - [WARNING] Suspicious activity detected: malware
2025-05-15 20:17:38 - [WARNING] Suspicious activity detected: brute_force
2025-05-15 20:35:28 - [INFO] backup completed
2025-05-15 20:39:32 - [WARNING] Suspicious activity detected: unauthorized_access
2025-05-15 20:49:28 - [INFO] config updated
2025-05-15 20:51:19 - [INFO] file downloaded
2025-05-15 20:59:36 - [INFO] user login
2025-05-15 21:08:18 - [INFO] file downloaded
2025-05-15 21:08:23 - [WARNING] Suspicious activity detected: ip_blocked
2025-05-15 21:13:33 - [WARNING] Suspicious activity detected: intrusion
2025-05-15 21:26:18 - [WARNING] Suspicious activity detected: intrusion
2025-05-15 21:28:12 - [WARNING] Suspicious activity detected: port_scan
2025-05-15 22:05:05 - [INFO] system check passed
2025-05-15 22:24:55 - [WARNING] Suspicious activity detected: port_scan
2025-05-15 22:30:09 - [WARNING] Suspicious activity detected: brute_force
2025-05-15 22:32:19 - [WARNING] Suspicious activity detected: unauthorized_access
2025-05-15 22:33:11 - [INFO] backup completed
2025-05-15 22:46:19 - [INFO] backup completed
2025-05-15 22:47:47 - [INFO] file downloaded
2025-05-15 22:48:13 - [INFO] file uploaded
2025-05-15 22:51:35 - [WARNING] Suspicious activity detected: port_scan
2025-05-15 23:00:08 - [INFO] user login
2025-05-15 23:16:19 - [INFO] user login
2025-05-15 23:16:22 - [INFO] email sent
2025-05-15 23:55:34 - [INFO] user login