2025-04-16 00:08:06 - [INFO] system check passed
2025-04-16 00:21:33 - [INFO] email sent
2025-04-16 00:29:20 - [INFO] user login
2025-04-16 00:40:15 - [INFO] config updated
2025-04-16 00:52:52 - [INFO] email sent
2025-04-16 00:59:21 - [INFO] file downloaded
2025-04-16 00:59:36 - [INFO] system check passed
2025-04-16 01:08:06 - [INFO] file downloaded
2025-04-16 01:13:37 - [WARNING] Suspicious activity detected: intrusion
2025-04-16 01:24:03 - [INFO] file downloaded
2025-04-16 01:25:28 - [INFO] email sent
2025-04-16 01:27:48 - [INFO] email sent
2025-04-16 01:27:55 - [WARNING] Suspicious activity detected: ddos
2025-04-16 01:46:19 - [INFO] user login
2025-04-16 01:55:49 - [WARNING] Suspicious activity detected: unauthorized_access
2025-04-16 02:23:35 - [INFO] system check passed
2025-04-16 02:27:24 - [WARNING] Suspicious activity detected: brute_force
2025-04-16 02:28:08 - [INFO] backup completed
2025-04-16 02:33:44 - [INFO] email sent
2025-04-16 02:38:13 - [WARNING] Suspicious activity detected: sql_injection
2025-04-16 02:44:18 - [WARNING] Suspicious activity detected: sql_injection
2025-04-16 02:46:11 - [INFO] email sent
2025-04-16 02:46:32 - [INFO] email sent
2025-04-16 02:47:03 - [INFO] config updated
2025-04-16 02:54:43 - [INFO] config updated
2025-04-16 03:01:43 - [INFO] config updated
2025-04-16 03:14:06 - [INFO] file uploaded
2025-04-16 03:14:59 - [INFO] email sent
2025-04-16 03:15:22 - [INFO] config updated
2025-04-16 03:25:39 - [INFO] backup completed
2025-04-16 03:41:35 - [INFO] backup completed
2025-04-16 03:45:51 - [INFO] system check passed
2025-04-16 03:54:02 - [WARNING] Suspicious activity detected: port_scan
2025-04-16 04:10:22 - [WARNING] Suspicious activity detected: sql_injection
2025-04-16 04:21:28 - [INFO] file downloaded
2025-04-16 04:36:33 - [INFO] backup completed
2025-04-16 04:37:29 - [INFO] user login
2025-04-16 04:44:52 - [WARNING] Suspicious activity detected: unauthorized_access
2025-04-16 04:47:49 - [INFO] user login
2025-04-16 04:54:11 - [WARNING] Suspicious activity detected: sql_injection
2025-04-16 04:54:25 - [INFO] system check passed
2025-04-16 05:08:10 - [INFO] email sent
2025-04-16 05:10:57 - [INFO] file downloaded
2025-04-16 05:15:51 - [INFO] user login
2025-04-16 05:16:03 - [WARNING] Suspicious activity detected: malware
2025-04-16 05:28:59 - [INFO] email sent
2025-04-16 05:55:08 - [WARNING] Suspicious activity detected: ip_blocked
2025-04-16 06:05:18 - [INFO] file downloaded
2025-04-16 06:14:43 - [INFO] backup completed
2025-04-16 06:22:53 - [INFO] user login
2025-04-16 06:26:55 - [INFO] file downloaded
2025-04-16 06:32:50 - [WARNING] Suspicious activity detected: port_scan
2025-04-16 06:34:10 - [WARNING] Suspicious activity detected: intrusion
2025-04-16 06:46:17 - [INFO] file downloaded
2025-04-16 06:46:29 - [WARNING] Suspicious activity detected: ddos
2025-04-16 06:49:52 - [INFO] user login
2025-04-16 06:53:46 - [INFO] email sent
2025-04-16 06:55:19 - [INFO] system check passed
2025-04-16 07:04:58 - [WARNING] Suspicious activity detected: intrusion
2025-04-16 07:21:01 - [INFO] file uploaded
2025-04-16 07:33:03 - [WARNING] Suspicious activity detected: ip_blocked
2025-04-16 07:48:39 - [INFO] file downloaded
2025-04-16 07:54:00 - [WARNING] Suspicious activity detected: port_scan
2025-04-16 07:57:47 - [WARNING] Suspicious activity detected: sql_injection
2025-04-16 08:02:42 - [WARNING] Suspicious activity detected: unauthorized_access
2025-04-16 08:08:59 - [INFO] user login
2025-04-16 08:11:51 - [INFO] file uploaded
2025-04-16 08:13:13 - [WARNING] Suspicious activity detected: brute_force
2025-04-16 08:38:35 - [WARNING] Suspicious activity detected: intrusion
2025-04-16 08:41:25 - [INFO] config updated
2025-04-16 08:57:17 - [INFO] file downloaded
2025-04-16 08:57:26 - [WARNING] Suspicious activity detected: malware
2025-04-16 09:19:09 - [WARNING] Suspicious activity detected: sql_injection
2025-04-16 09:33:13 - [WARNING] Suspicious activity detected: intrusion
2025-04-16 09:39:04 - [INFO] system check passed
2025-04-16 09:41:09 - [INFO] user login
2025-04-16 09:59:18 - [INFO] file downloaded
2025-04-16 10:08:10 - [INFO] file uploaded
2025-04-16 10:17:15 - [INFO] file downloaded
2025-04-16 10:25:05 - [INFO] user login
2025-04-16 10:34:19 - [INFO] user login
2025-04-16 10:34:22 - [WARNING] Suspicious activity detected: sql_injection
2025-04-16 10:40:22 - [WARNING] Suspicious activity detected: ddos
2025-04-16 11:01:43 - [INFO] file downloaded
2025-04-16 11:08:45 - [WARNING] Suspicious activity detected: unauthorized_access
2025-04-16 11:18:57 - [INFO] email sent
2025-04-16 11:19:59 - [WARNING] Suspicious activity detected: unauthorized_access
2025-04-16 11:20:33 - [WARNING] Suspicious activity detected: malware
2025-04-16 11:42:33 - [INFO] file downloaded
2025-04-16 11:48:02 - [WARNING] Suspicious activity detected: brute_force
2025-04-16 11:48:25 - [INFO] file uploaded
2025-04-16 11:51:06 - [INFO] user login
2025-04-16 12:32:18 - [WARNING] Suspicious activity detected: unauthorized_access
2025-04-16 13:16:48 - [INFO] email sent
2025-04-16 13:30:23 - [WARNING] Suspicious activity detected: brute_force
2025-04-16 13:33:39 - [INFO] system check passed
2025-04-16 13:35:44 - [INFO] user login
2025-04-16 13:36:17 - [INFO] config updated
2025-04-16 14:08:19 - [INFO] system check passed
2025-04-16 14:15:21 - [INFO] file uploaded
2025-04-16 14:19:39 - [WARNING] Suspicious activity detected: malware
2025-04-16 14:21:23 - [WARNING] Suspicious activity detected: unauthorized_access
2025-04-16 14:26:07 - [INFO] system check passed
2025-04-16 14:28:24 - [WARNING] Suspicious activity detected: ip_blocked
2025-04-16 14:37:12 - [INFO] backup completed
2025-04-16 14:39:14 - [WARNING] Suspicious activity detected: port_scan
2025-04-16 14:41:27 - [WARNING] Suspicious activity detected: ddos
2025-04-16 14:53:08 - [INFO] backup completed
2025-04-16 14:56:46 - [INFO] file downloaded
2025-04-16 14:56:51 - [WARNING] Suspicious activity detected: unauthorized_access
2025-04-16 15:08:21 - [INFO] file uploaded
2025-04-16 15:12:16 - [INFO] backup completed
2025-04-16 15:26:39 - [INFO] user login
2025-04-16 15:31:21 - [WARNING] Suspicious activity detected: brute_force
2025-04-16 15:34:54 - [INFO] file uploaded
2025-04-16 15:48:32 - [INFO] file downloaded
2025-04-16 15:59:19 - [INFO] backup completed
2025-04-16 16:13:41 - [INFO] user login
2025-04-16 16:16:10 - [INFO] file downloaded
2025-04-16 16:16:31 - [INFO] backup completed
2025-04-16 16:24:46 - [INFO] system check passed
2025-04-16 16:59:06 - [INFO] file downloaded
2025-04-16 17:12:00 - [INFO] email sent
2025-04-16 17:12:25 - [INFO] email sent
2025-04-16 17:19:23 - [INFO] backup completed
2025-04-16 17:20:44 - [WARNING] Suspicious activity detected: sql_injection
2025-04-16 17:30:40 - [INFO] file uploaded
2025-04-16 17:33:25 - [INFO] backup completed
2025-04-16 17:41:00 - [INFO] backup completed
2025-04-16 17:54:16 - [INFO] config updated
2025-04-16 18:00:12 - [INFO] file uploaded
2025-04-16 18:15:33 - [WARNING] Suspicious activity detected: unauthorized_access
2025-04-16 18:30:34 - [INFO] config updated
2025-04-16 18:31:14 - [INFO] config updated
2025-04-16 18:37:57 - [WARNING] Suspicious activity detected: ddos
2025-04-16 19:01:04 - [INFO] email sent
2025-04-16 19:12:06 - [INFO] system check passed
2025-04-16 19:36:48 - [INFO] backup completed
2025-04-16 19:37:04 - [INFO] file downloaded
2025-04-16 19:40:34 - [INFO] user login
2025-04-16 19:52:56 - [INFO] file downloaded
2025-04-16 19:53:08 - [INFO] user login
2025-04-16 19:55:24 - [INFO] user login
2025-04-16 19:57:22 - [WARNING] Suspicious activity detected: sql_injection
2025-04-16 20:03:20 - [INFO] email sent
2025-04-16 20:04:36 - [INFO] system check passed
2025-04-16 20:09:13 - [INFO] config updated
2025-04-16 20:17:53 - [INFO] email sent
2025-04-16 20:19:40 - [INFO] backup completed
2025-04-16 20:19:58 - [WARNING] Suspicious activity detected: intrusion
2025-04-16 20:37:17 - [INFO] file uploaded
2025-04-16 20:41:47 - [INFO] file uploaded
2025-04-16 20:55:16 - [INFO] file uploaded
2025-04-16 20:56:04 - [INFO] backup completed
2025-04-16 21:10:46 - [INFO] user login
2025-04-16 21:15:11 - [INFO] email sent
2025-04-16 21:20:29 - [WARNING] Suspicious activity detected: intrusion
2025-04-16 21:24:44 - [INFO] file uploaded
2025-04-16 21:40:56 - [INFO] system check passed
2025-04-16 21:45:31 - [INFO] config updated
2025-04-16 21:46:26 - [INFO] file uploaded
2025-04-16 21:49:43 - [INFO] config updated
2025-04-16 22:00:28 - [INFO] backup completed
2025-04-16 22:01:03 - [WARNING] Suspicious activity detected: intrusion
2025-04-16 22:06:02 - [INFO] backup completed
2025-04-16 22:12:26 - [INFO] system check passed
2025-04-16 22:13:24 - [WARNING] Suspicious activity detected: sql_injection
2025-04-16 22:16:36 - [INFO] backup completed
2025-04-16 22:16:51 - [INFO] file uploaded
2025-04-16 22:22:49 - [INFO] file downloaded
2025-04-16 22:28:05 - [INFO] system check passed
2025-04-16 22:30:50 - [INFO] file uploaded
2025-04-16 22:59:01 - [WARNING] Suspicious activity detected: malware
2025-04-16 23:00:44 - [INFO] file uploaded
2025-04-16 23:01:46 - [WARNING] Suspicious activity detected: ddos
2025-04-16 23:18:57 - [WARNING] Suspicious activity detected: port_scan
2025-04-16 23:19:13 - [WARNING] Suspicious activity detected: ddos
2025-04-16 23:29:55 - [INFO] user login
2025-04-16 23:30:24 - [INFO] config updated
2025-04-16 23:46:52 - [INFO] file downloaded
2025-04-16 23:53:00 - [INFO] backup completed