2025-04-23 00:02:05 - [WARNING] Suspicious activity detected: ip_blocked
2025-04-23 00:33:59 - [WARNING] Suspicious activity detected: sql_injection
2025-04-23 00:34:32 - [WARNING] Suspicious activity detected: malware
2025-04-23 00:37:29 - [INFO] file uploaded
2025-04-23 00:59:01 - [INFO] file uploaded
2025-04-23 01:03:19 - [WARNING] Suspicious activity detected: unauthorized_access
2025-04-23 01:09:56 - [INFO] user login
2025-04-23 01:10:00 - [INFO] user login
2025-04-23 01:13:34 - [INFO] email sent
2025-04-23 01:14:54 - [INFO] system check passed
2025-04-23 01:16:22 - [INFO] file downloaded
2025-04-23 01:18:39 - [INFO] email sent
2025-04-23 01:22:06 - [WARNING] Suspicious activity detected: ddos
2025-04-23 01:40:40 - [INFO] backup completed
2025-04-23 01:40:56 - [INFO] file uploaded
2025-04-23 02:01:32 - [INFO] user login
2025-04-23 02:10:12 - [INFO] email sent
2025-04-23 02:10:15 - [WARNING] Suspicious activity detected: malware
2025-04-23 02:12:27 - [INFO] email sent
2025-04-23 02:19:10 - [INFO] email sent
2025-04-23 02:28:31 - [INFO] backup completed
2025-04-23 02:38:40 - [INFO] backup completed
2025-04-23 02:39:03 - [INFO] user login
2025-04-23 02:42:11 - [INFO] email sent
2025-04-23 02:51:08 - [INFO] email sent
2025-04-23 02:52:58 - [INFO] file downloaded
2025-04-23 03:01:17 - [INFO] file downloaded
2025-04-23 03:05:00 - [INFO] user login
2025-04-23 03:20:17 - [WARNING] Suspicious activity detected: port_scan
2025-04-23 03:20:22 - [WARNING] Suspicious activity detected: brute_force
2025-04-23 03:27:04 - [INFO] config updated
2025-04-23 03:58:17 - [WARNING] Suspicious activity detected: sql_injection
2025-04-23 04:04:45 - [INFO] system check passed
2025-04-23 04:11:39 - [WARNING] Suspicious activity detected: brute_force
2025-04-23 04:24:55 - [INFO] file uploaded
2025-04-23 04:28:56 - [INFO] system check passed
2025-04-23 04:43:34 - [WARNING] Suspicious activity detected: malware
2025-04-23 04:50:18 - [INFO] system check passed
2025-04-23 04:55:01 - [INFO] user login
2025-04-23 04:56:18 - [WARNING] Suspicious activity detected: ddos
2025-04-23 05:01:06 - [WARNING] Suspicious activity detected: sql_injection
2025-04-23 05:02:37 - [WARNING] Suspicious activity detected: malware
2025-04-23 05:20:34 - [WARNING] Suspicious activity detected: ip_blocked
2025-04-23 05:22:26 - [INFO] file downloaded
2025-04-23 05:37:45 - [WARNING] Suspicious activity detected: malware
2025-04-23 05:45:17 - [INFO] backup completed
2025-04-23 05:51:14 - [INFO] file uploaded
2025-04-23 05:58:37 - [INFO] system check passed
2025-04-23 06:04:44 - [INFO] file uploaded
2025-04-23 06:05:30 - [INFO] email sent
2025-04-23 06:11:53 - [INFO] file uploaded
2025-04-23 06:12:57 - [INFO] user login
2025-04-23 06:18:07 - [WARNING] Suspicious activity detected: ddos
2025-04-23 06:36:21 - [WARNING] Suspicious activity detected: malware
2025-04-23 06:38:14 - [INFO] file downloaded
2025-04-23 06:47:55 - [WARNING] Suspicious activity detected: ip_blocked
2025-04-23 06:52:12 - [INFO] user login
2025-04-23 06:54:31 - [INFO] file uploaded
2025-04-23 06:54:46 - [INFO] system check passed
2025-04-23 07:16:11 - [WARNING] Suspicious activity detected: sql_injection
2025-04-23 07:23:06 - [INFO] user login
2025-04-23 07:26:31 - [INFO] email sent
2025-04-23 07:32:56 - [INFO] file downloaded
2025-04-23 07:37:20 - [INFO] backup completed
2025-04-23 07:42:37 - [INFO] file downloaded
2025-04-23 07:42:59 - [INFO] file downloaded
2025-04-23 07:51:20 - [WARNING] Suspicious activity detected: ip_blocked
2025-04-23 08:03:23 - [INFO] file downloaded
2025-04-23 08:03:42 - [INFO] config updated
2025-04-23 08:08:23 - [INFO] file uploaded
2025-04-23 08:11:01 - [INFO] backup completed
2025-04-23 08:15:23 - [WARNING] Suspicious activity detected: ddos
2025-04-23 08:19:01 - [WARNING] Suspicious activity detected: sql_injection
2025-04-23 08:49:57 - [INFO] config updated
2025-04-23 09:01:40 - [WARNING] Suspicious activity detected: port_scan
2025-04-23 09:05:19 - [INFO] file downloaded
2025-04-23 09:07:06 - [INFO] file uploaded
2025-04-23 09:11:05 - [INFO] email sent
2025-04-23 09:15:26 - [WARNING] Suspicious activity detected: brute_force
2025-04-23 09:15:35 - [WARNING] Suspicious activity detected: intrusion
2025-04-23 09:19:47 - [WARNING] Suspicious activity detected: sql_injection
2025-04-23 09:23:28 - [INFO] user login
2025-04-23 09:34:35 - [INFO] system check passed
2025-04-23 09:38:07 - [INFO] email sent
2025-04-23 09:48:36 - [INFO] system check passed
2025-04-23 09:50:58 - [WARNING] Suspicious activity detected: brute_force
2025-04-23 09:55:05 - [WARNING] Suspicious activity detected: ip_blocked
2025-04-23 09:55:30 - [INFO] system check passed
2025-04-23 09:58:19 - [INFO] backup completed
2025-04-23 10:17:22 - [WARNING] Suspicious activity detected: brute_force
2025-04-23 10:22:47 - [WARNING] Suspicious activity detected: malware
2025-04-23 10:27:00 - [WARNING] Suspicious activity detected: malware
2025-04-23 10:31:06 - [WARNING] Suspicious activity detected: ddos
2025-04-23 10:36:07 - [INFO] file uploaded
2025-04-23 10:44:23 - [INFO] file downloaded
2025-04-23 10:44:31 - [WARNING] Suspicious activity detected: brute_force
2025-04-23 11:01:30 - [WARNING] Suspicious activity detected: unauthorized_access
2025-04-23 11:03:22 - [INFO] user login
2025-04-23 11:06:19 - [WARNING] Suspicious activity detected: port_scan
2025-04-23 11:08:53 - [INFO] file uploaded
2025-04-23 11:42:37 - [INFO] file downloaded
2025-04-23 11:46:33 - [INFO] user login
2025-04-23 11:47:09 - [INFO] email sent
2025-04-23 11:47:51 - [WARNING] Suspicious activity detected: brute_force
2025-04-23 11:49:14 - [INFO] email sent
2025-04-23 12:02:03 - [WARNING] Suspicious activity detected: intrusion
2025-04-23 12:02:32 - [INFO] config updated
2025-04-23 12:03:54 - [INFO] user login
2025-04-23 12:14:57 - [INFO] file uploaded
2025-04-23 12:23:12 - [INFO] file downloaded
2025-04-23 12:25:56 - [INFO] file uploaded
2025-04-23 12:34:14 - [WARNING] Suspicious activity detected: malware
2025-04-23 12:36:23 - [WARNING] Suspicious activity detected: malware
2025-04-23 12:39:33 - [INFO] system check passed
2025-04-23 12:47:04 - [WARNING] Suspicious activity detected: intrusion
2025-04-23 12:47:44 - [WARNING] Suspicious activity detected: intrusion
2025-04-23 12:55:03 - [INFO] file downloaded
2025-04-23 12:56:13 - [INFO] backup completed
2025-04-23 13:08:18 - [INFO] file downloaded
2025-04-23 13:20:02 - [INFO] system check passed
2025-04-23 13:33:18 - [INFO] backup completed
2025-04-23 13:47:10 - [WARNING] Suspicious activity detected: sql_injection
2025-04-23 13:54:16 - [WARNING] Suspicious activity detected: port_scan
2025-04-23 13:55:24 - [INFO] email sent
2025-04-23 13:58:59 - [INFO] file uploaded
2025-04-23 14:02:31 - [WARNING] Suspicious activity detected: brute_force
2025-04-23 14:09:13 - [WARNING] Suspicious activity detected: brute_force
2025-04-23 14:16:36 - [WARNING] Suspicious activity detected: intrusion
2025-04-23 14:23:23 - [WARNING] Suspicious activity detected: unauthorized_access
2025-04-23 14:23:23 - [WARNING] Suspicious activity detected: malware
2025-04-23 14:24:50 - [INFO] user login
2025-04-23 14:29:46 - [WARNING] Suspicious activity detected: intrusion
2025-04-23 14:45:23 - [WARNING] Suspicious activity detected: port_scan
2025-04-23 14:47:31 - [INFO] backup completed
2025-04-23 14:48:59 - [WARNING] Suspicious activity detected: unauthorized_access
2025-04-23 14:58:00 - [INFO] config updated
2025-04-23 15:02:54 - [WARNING] Suspicious activity detected: malware
2025-04-23 15:12:16 - [INFO] file uploaded
2025-04-23 15:12:59 - [INFO] config updated
2025-04-23 15:14:32 - [INFO] file downloaded
2025-04-23 15:16:36 - [INFO] email sent
2025-04-23 15:21:47 - [INFO] file uploaded
2025-04-23 15:26:46 - [WARNING] Suspicious activity detected: brute_force
2025-04-23 15:34:30 - [INFO] file downloaded
2025-04-23 16:05:22 - [INFO] backup completed
2025-04-23 16:06:54 - [INFO] system check passed
2025-04-23 16:16:30 - [INFO] config updated
2025-04-23 16:18:36 - [INFO] email sent
2025-04-23 16:34:00 - [WARNING] Suspicious activity detected: unauthorized_access
2025-04-23 16:37:22 - [INFO] email sent
2025-04-23 16:42:32 - [INFO] file downloaded
2025-04-23 16:58:54 - [WARNING] Suspicious activity detected: ip_blocked
2025-04-23 17:01:56 - [INFO] user login
2025-04-23 17:07:07 - [INFO] config updated
2025-04-23 17:11:14 - [INFO] file uploaded
2025-04-23 17:13:14 - [INFO] system check passed
2025-04-23 17:15:58 - [WARNING] Suspicious activity detected: ip_blocked
2025-04-23 17:38:50 - [INFO] backup completed
2025-04-23 17:48:25 - [WARNING] Suspicious activity detected: brute_force
2025-04-23 17:50:55 - [WARNING] Suspicious activity detected: ip_blocked
2025-04-23 18:12:15 - [WARNING] Suspicious activity detected: intrusion
2025-04-23 18:21:01 - [WARNING] Suspicious activity detected: ddos
2025-04-23 18:22:34 - [INFO] system check passed
2025-04-23 18:42:54 - [INFO] system check passed
2025-04-23 18:55:43 - [WARNING] Suspicious activity detected: unauthorized_access
2025-04-23 18:58:58 - [WARNING] Suspicious activity detected: port_scan
2025-04-23 18:59:04 - [INFO] user login
2025-04-23 19:06:12 - [INFO] file downloaded
2025-04-23 19:14:23 - [WARNING] Suspicious activity detected: port_scan
2025-04-23 19:24:22 - [WARNING] Suspicious activity detected: ddos
2025-04-23 19:27:26 - [INFO] backup completed
2025-04-23 19:35:22 - [WARNING] Suspicious activity detected: unauthorized_access
2025-04-23 19:41:04 - [INFO] config updated
2025-04-23 19:52:58 - [WARNING] Suspicious activity detected: malware
2025-04-23 19:59:33 - [INFO] email sent
2025-04-23 20:09:24 - [WARNING] Suspicious activity detected: port_scan
2025-04-23 20:12:27 - [WARNING] Suspicious activity detected: ddos
2025-04-23 20:16:49 - [WARNING] Suspicious activity detected: ddos
2025-04-23 20:18:12 - [INFO] email sent
2025-04-23 20:18:24 - [INFO] user login
2025-04-23 20:20:57 - [WARNING] Suspicious activity detected: sql_injection
2025-04-23 20:31:43 - [WARNING] Suspicious activity detected: brute_force
2025-04-23 20:34:05 - [INFO] backup completed
2025-04-23 20:37:13 - [INFO] user login
2025-04-23 20:42:14 - [INFO] file downloaded
2025-04-23 20:42:30 - [WARNING] Suspicious activity detected: ddos
2025-04-23 20:47:39 - [WARNING] Suspicious activity detected: ip_blocked
2025-04-23 20:47:57 - [INFO] system check passed
2025-04-23 20:49:44 - [INFO] user login
2025-04-23 20:55:25 - [INFO] file downloaded
2025-04-23 20:58:50 - [INFO] file downloaded
2025-04-23 21:04:45 - [INFO] user login
2025-04-23 21:17:38 - [WARNING] Suspicious activity detected: ip_blocked
2025-04-23 21:18:24 - [INFO] file downloaded
2025-04-23 21:34:57 - [INFO] backup completed
2025-04-23 21:37:30 - [INFO] file downloaded
2025-04-23 21:59:24 - [INFO] backup completed
2025-04-23 22:00:52 - [INFO] file downloaded
2025-04-23 22:10:11 - [INFO] file downloaded
2025-04-23 22:25:35 - [INFO] backup completed
2025-04-23 22:33:44 - [INFO] backup completed
2025-04-23 22:44:29 - [WARNING] Suspicious activity detected: ddos
2025-04-23 22:59:57 - [INFO] email sent
2025-04-23 23:02:06 - [INFO] backup completed
2025-04-23 23:04:55 - [INFO] config updated
2025-04-23 23:06:29 - [WARNING] Suspicious activity detected: sql_injection
2025-04-23 23:11:50 - [INFO] email sent
2025-04-23 23:16:36 - [INFO] config updated
2025-04-23 23:20:31 - [INFO] email sent
2025-04-23 23:32:19 - [INFO] system check passed
2025-04-23 23:35:33 - [INFO] email sent
2025-04-23 23:36:54 - [INFO] config updated
2025-04-23 23:38:08 - [INFO] email sent