2025-05-24 00:00:48 - [WARNING] Suspicious activity detected: ddos
2025-05-24 00:01:14 - [INFO] config updated
2025-05-24 00:01:19 - [WARNING] Suspicious activity detected: ip_blocked
2025-05-24 00:01:53 - [WARNING] Suspicious activity detected: ddos
2025-05-24 00:22:47 - [INFO] file downloaded
2025-05-24 00:27:36 - [INFO] backup completed
2025-05-24 00:30:27 - [INFO] user login
2025-05-24 00:32:15 - [INFO] file uploaded
2025-05-24 00:44:09 - [WARNING] Suspicious activity detected: ip_blocked
2025-05-24 00:57:48 - [INFO] user login
2025-05-24 01:01:50 - [INFO] file uploaded
2025-05-24 01:03:12 - [WARNING] Suspicious activity detected: unauthorized_access
2025-05-24 01:05:51 - [INFO] config updated
2025-05-24 01:16:17 - [INFO] backup completed
2025-05-24 01:29:56 - [INFO] file uploaded
2025-05-24 01:30:38 - [INFO] config updated
2025-05-24 01:36:24 - [INFO] email sent
2025-05-24 01:37:07 - [INFO] system check passed
2025-05-24 02:05:18 - [WARNING] Suspicious activity detected: unauthorized_access
2025-05-24 02:09:33 - [WARNING] Suspicious activity detected: malware
2025-05-24 02:11:35 - [INFO] user login
2025-05-24 02:11:43 - [WARNING] Suspicious activity detected: malware
2025-05-24 02:24:10 - [WARNING] Suspicious activity detected: ddos
2025-05-24 02:33:26 - [INFO] config updated
2025-05-24 02:38:08 - [INFO] config updated
2025-05-24 02:44:58 - [INFO] email sent
2025-05-24 03:00:13 - [INFO] backup completed
2025-05-24 03:09:07 - [WARNING] Suspicious activity detected: brute_force
2025-05-24 03:20:42 - [INFO] file uploaded
2025-05-24 03:24:51 - [WARNING] Suspicious activity detected: port_scan
2025-05-24 03:31:03 - [INFO] config updated
2025-05-24 03:33:37 - [INFO] backup completed
2025-05-24 03:35:50 - [INFO] system check passed
2025-05-24 03:37:33 - [INFO] backup completed
2025-05-24 03:45:33 - [INFO] system check passed
2025-05-24 03:50:09 - [INFO] system check passed
2025-05-24 03:52:16 - [INFO] config updated
2025-05-24 03:53:21 - [INFO] file downloaded
2025-05-24 03:55:38 - [WARNING] Suspicious activity detected: port_scan
2025-05-24 03:59:38 - [INFO] file downloaded
2025-05-24 04:07:17 - [INFO] file uploaded
2025-05-24 04:17:08 - [INFO] user login
2025-05-24 04:20:58 - [WARNING] Suspicious activity detected: unauthorized_access
2025-05-24 04:23:05 - [WARNING] Suspicious activity detected: ddos
2025-05-24 04:29:32 - [INFO] system check passed
2025-05-24 04:37:42 - [INFO] file downloaded
2025-05-24 04:49:03 - [INFO] email sent
2025-05-24 04:55:09 - [WARNING] Suspicious activity detected: port_scan
2025-05-24 04:56:06 - [INFO] file downloaded
2025-05-24 04:57:48 - [WARNING] Suspicious activity detected: unauthorized_access
2025-05-24 05:02:37 - [INFO] backup completed
2025-05-24 05:03:22 - [INFO] email sent
2025-05-24 05:10:36 - [INFO] email sent
2025-05-24 05:22:55 - [INFO] system check passed
2025-05-24 05:24:10 - [INFO] user login
2025-05-24 05:30:44 - [WARNING] Suspicious activity detected: ip_blocked
2025-05-24 05:37:04 - [INFO] file downloaded
2025-05-24 05:57:15 - [WARNING] Suspicious activity detected: sql_injection
2025-05-24 06:01:25 - [WARNING] Suspicious activity detected: unauthorized_access
2025-05-24 06:02:27 - [INFO] config updated
2025-05-24 06:19:43 - [INFO] file downloaded
2025-05-24 06:26:44 - [INFO] file uploaded
2025-05-24 06:27:51 - [INFO] user login
2025-05-24 06:35:50 - [INFO] config updated
2025-05-24 06:42:56 - [INFO] file downloaded
2025-05-24 06:44:32 - [WARNING] Suspicious activity detected: unauthorized_access
2025-05-24 06:53:36 - [INFO] file downloaded
2025-05-24 06:58:45 - [INFO] user login
2025-05-24 07:12:17 - [WARNING] Suspicious activity detected: malware
2025-05-24 07:17:11 - [WARNING] Suspicious activity detected: sql_injection
2025-05-24 07:19:37 - [INFO] file uploaded
2025-05-24 07:32:43 - [WARNING] Suspicious activity detected: intrusion
2025-05-24 07:36:31 - [INFO] file uploaded
2025-05-24 07:39:11 - [INFO] user login
2025-05-24 07:40:10 - [INFO] backup completed
2025-05-24 07:49:53 - [INFO] user login
2025-05-24 07:52:01 - [WARNING] Suspicious activity detected: malware
2025-05-24 07:56:50 - [INFO] config updated
2025-05-24 07:59:18 - [INFO] email sent
2025-05-24 08:03:32 - [INFO] config updated
2025-05-24 08:07:30 - [INFO] email sent
2025-05-24 08:13:03 - [INFO] email sent
2025-05-24 08:17:04 - [WARNING] Suspicious activity detected: sql_injection
2025-05-24 08:17:49 - [WARNING] Suspicious activity detected: ddos
2025-05-24 08:19:26 - [INFO] system check passed
2025-05-24 08:30:08 - [INFO] system check passed
2025-05-24 08:32:03 - [INFO] user login
2025-05-24 08:33:05 - [INFO] file uploaded
2025-05-24 09:08:22 - [WARNING] Suspicious activity detected: malware
2025-05-24 09:16:04 - [INFO] file downloaded
2025-05-24 09:19:09 - [INFO] user login
2025-05-24 09:36:55 - [WARNING] Suspicious activity detected: port_scan
2025-05-24 09:52:36 - [INFO] file downloaded
2025-05-24 09:54:03 - [INFO] email sent
2025-05-24 09:59:38 - [INFO] system check passed
2025-05-24 10:00:55 - [WARNING] Suspicious activity detected: unauthorized_access
2025-05-24 10:07:49 - [INFO] user login
2025-05-24 10:08:10 - [INFO] email sent
2025-05-24 10:11:48 - [WARNING] Suspicious activity detected: malware
2025-05-24 10:12:57 - [WARNING] Suspicious activity detected: unauthorized_access
2025-05-24 10:14:01 - [INFO] file downloaded
2025-05-24 10:16:47 - [INFO] config updated
2025-05-24 10:23:38 - [INFO] email sent
2025-05-24 10:37:31 - [WARNING] Suspicious activity detected: brute_force
2025-05-24 10:37:53 - [INFO] file downloaded
2025-05-24 10:41:21 - [WARNING] Suspicious activity detected: unauthorized_access
2025-05-24 10:41:45 - [WARNING] Suspicious activity detected: port_scan
2025-05-24 10:56:19 - [WARNING] Suspicious activity detected: brute_force
2025-05-24 10:56:31 - [INFO] backup completed
2025-05-24 11:05:47 - [WARNING] Suspicious activity detected: ddos
2025-05-24 11:11:57 - [INFO] user login
2025-05-24 11:23:22 - [WARNING] Suspicious activity detected: brute_force
2025-05-24 11:37:17 - [WARNING] Suspicious activity detected: ip_blocked
2025-05-24 11:47:23 - [INFO] file uploaded
2025-05-24 11:49:50 - [INFO] user login
2025-05-24 11:54:19 - [INFO] backup completed
2025-05-24 11:55:51 - [WARNING] Suspicious activity detected: unauthorized_access
2025-05-24 12:14:37 - [INFO] user login
2025-05-24 12:24:37 - [INFO] email sent
2025-05-24 12:24:46 - [INFO] config updated
2025-05-24 12:27:11 - [INFO] backup completed
2025-05-24 12:27:58 - [WARNING] Suspicious activity detected: brute_force
2025-05-24 12:34:43 - [INFO] file uploaded
2025-05-24 12:42:38 - [WARNING] Suspicious activity detected: brute_force
2025-05-24 12:42:56 - [INFO] backup completed
2025-05-24 12:45:32 - [WARNING] Suspicious activity detected: unauthorized_access
2025-05-24 13:07:41 - [WARNING] Suspicious activity detected: port_scan
2025-05-24 13:10:38 - [INFO] backup completed
2025-05-24 13:13:09 - [WARNING] Suspicious activity detected: intrusion
2025-05-24 13:23:26 - [INFO] config updated
2025-05-24 13:31:15 - [WARNING] Suspicious activity detected: sql_injection
2025-05-24 13:32:31 - [INFO] backup completed
2025-05-24 13:35:01 - [INFO] file downloaded
2025-05-24 13:40:35 - [INFO] user login
2025-05-24 13:47:03 - [WARNING] Suspicious activity detected: unauthorized_access
2025-05-24 13:55:12 - [INFO] config updated
2025-05-24 14:06:10 - [WARNING] Suspicious activity detected: ddos
2025-05-24 14:09:45 - [INFO] email sent
2025-05-24 14:23:02 - [INFO] config updated
2025-05-24 14:24:56 - [WARNING] Suspicious activity detected: port_scan
2025-05-24 14:29:16 - [INFO] user login
2025-05-24 14:30:09 - [WARNING] Suspicious activity detected: intrusion
2025-05-24 14:50:25 - [INFO] system check passed
2025-05-24 15:00:56 - [INFO] user login
2025-05-24 15:05:19 - [WARNING] Suspicious activity detected: sql_injection
2025-05-24 15:08:46 - [WARNING] Suspicious activity detected: brute_force
2025-05-24 15:09:30 - [INFO] config updated
2025-05-24 15:16:45 - [INFO] backup completed
2025-05-24 15:22:45 - [INFO] file uploaded
2025-05-24 15:26:34 - [WARNING] Suspicious activity detected: malware
2025-05-24 15:31:59 - [INFO] config updated
2025-05-24 15:34:37 - [WARNING] Suspicious activity detected: malware
2025-05-24 15:37:52 - [INFO] email sent
2025-05-24 15:40:46 - [INFO] file downloaded
2025-05-24 15:43:09 - [INFO] user login
2025-05-24 15:44:13 - [INFO] file downloaded
2025-05-24 15:48:03 - [WARNING] Suspicious activity detected: unauthorized_access
2025-05-24 15:55:27 - [INFO] backup completed
2025-05-24 15:59:40 - [INFO] user login
2025-05-24 16:01:41 - [INFO] backup completed
2025-05-24 16:18:42 - [WARNING] Suspicious activity detected: ddos
2025-05-24 16:19:24 - [INFO] config updated
2025-05-24 16:25:02 - [INFO] email sent
2025-05-24 16:31:25 - [INFO] email sent
2025-05-24 16:33:45 - [INFO] system check passed
2025-05-24 16:34:47 - [WARNING] Suspicious activity detected: ddos
2025-05-24 16:36:54 - [INFO] file uploaded
2025-05-24 16:45:39 - [INFO] backup completed
2025-05-24 16:48:10 - [WARNING] Suspicious activity detected: ddos
2025-05-24 16:53:15 - [INFO] config updated
2025-05-24 17:01:18 - [INFO] file downloaded
2025-05-24 17:05:49 - [INFO] config updated
2025-05-24 17:21:32 - [INFO] system check passed
2025-05-24 17:23:36 - [INFO] email sent
2025-05-24 17:40:13 - [INFO] file uploaded
2025-05-24 17:49:01 - [INFO] user login
2025-05-24 17:56:37 - [INFO] system check passed
2025-05-24 18:00:57 - [INFO] backup completed
2025-05-24 18:03:49 - [INFO] config updated
2025-05-24 18:04:55 - [INFO] file downloaded
2025-05-24 18:06:17 - [WARNING] Suspicious activity detected: brute_force
2025-05-24 18:08:25 - [INFO] system check passed
2025-05-24 18:12:42 - [INFO] file uploaded
2025-05-24 18:14:48 - [INFO] backup completed
2025-05-24 18:18:36 - [INFO] config updated
2025-05-24 18:33:43 - [INFO] file downloaded
2025-05-24 18:34:52 - [INFO] user login
2025-05-24 18:40:55 - [WARNING] Suspicious activity detected: ip_blocked
2025-05-24 18:44:35 - [WARNING] Suspicious activity detected: port_scan
2025-05-24 18:44:37 - [INFO] file downloaded
2025-05-24 18:56:54 - [INFO] user login
2025-05-24 19:03:22 - [INFO] file uploaded
2025-05-24 19:03:54 - [INFO] backup completed
2025-05-24 19:12:17 - [WARNING] Suspicious activity detected: ddos
2025-05-24 19:16:01 - [INFO] file uploaded
2025-05-24 19:17:54 - [INFO] backup completed
2025-05-24 19:22:18 - [WARNING] Suspicious activity detected: port_scan
2025-05-24 19:23:39 - [INFO] user login
2025-05-24 19:28:59 - [INFO] file downloaded
2025-05-24 19:33:35 - [WARNING] Suspicious activity detected: port_scan
2025-05-24 19:36:22 - [INFO] user login
2025-05-24 19:36:39 - [INFO] config updated
2025-05-24 19:38:15 - [INFO] email sent
2025-05-24 19:54:30 - [INFO] backup completed
2025-05-24 19:55:07 - [WARNING] Suspicious activity detected: ip_blocked
2025-05-24 19:59:40 - [INFO] config updated
2025-05-24 20:03:40 - [INFO] config updated
2025-05-24 20:03:50 - [INFO] backup completed
2025-05-24 20:05:38 - [WARNING] Suspicious activity detected: unauthorized_access
2025-05-24 20:10:55 - [WARNING] Suspicious activity detected: brute_force
2025-05-24 20:11:09 - [INFO] email sent
2025-05-24 20:22:07 - [INFO] file downloaded
2025-05-24 20:25:32 - [INFO] user login
2025-05-24 20:25:47 - [WARNING] Suspicious activity detected: unauthorized_access
2025-05-24 20:44:11 - [INFO] user login
2025-05-24 20:56:39 - [INFO] email sent
2025-05-24 20:58:04 - [INFO] system check passed
2025-05-24 21:03:38 - [WARNING] Suspicious activity detected: brute_force
2025-05-24 21:15:46 - [INFO] file downloaded
2025-05-24 21:17:57 - [WARNING] Suspicious activity detected: sql_injection
2025-05-24 21:34:29 - [INFO] user login
2025-05-24 21:35:36 - [INFO] user login
2025-05-24 21:36:01 - [WARNING] Suspicious activity detected: sql_injection
2025-05-24 21:36:12 - [WARNING] Suspicious activity detected: brute_force
2025-05-24 21:36:12 - [INFO] system check passed
2025-05-24 21:56:05 - [INFO] email sent
2025-05-24 22:00:56 - [INFO] email sent
2025-05-24 22:07:39 - [INFO] user login
2025-05-24 22:09:32 - [WARNING] Suspicious activity detected: ddos
2025-05-24 22:10:38 - [WARNING] Suspicious activity detected: port_scan
2025-05-24 22:24:39 - [INFO] file uploaded
2025-05-24 22:25:32 - [INFO] config updated
2025-05-24 22:41:24 - [INFO] email sent
2025-05-24 22:55:19 - [INFO] backup completed
2025-05-24 22:57:12 - [WARNING] Suspicious activity detected: unauthorized_access
2025-05-24 22:58:31 - [INFO] user login
2025-05-24 23:00:12 - [WARNING] Suspicious activity detected: sql_injection
2025-05-24 23:01:46 - [WARNING] Suspicious activity detected: brute_force
2025-05-24 23:11:03 - [WARNING] Suspicious activity detected: ip_blocked
2025-05-24 23:11:37 - [INFO] file downloaded
2025-05-24 23:16:02 - [INFO] file uploaded
2025-05-24 23:26:22 - [INFO] user login
2025-05-24 23:31:20 - [INFO] file downloaded
2025-05-24 23:34:11 - [INFO] email sent
2025-05-24 23:35:49 - [INFO] system check passed
2025-05-24 23:41:52 - [INFO] user login
2025-05-24 23:54:52 - [INFO] file downloaded
2025-05-24 23:58:46 - [INFO] file uploaded