2025-05-14 00:09:03 - [INFO] backup completed
2025-05-14 00:11:10 - [INFO] backup completed
2025-05-14 00:11:56 - [INFO] file downloaded
2025-05-14 00:14:28 - [INFO] backup completed
2025-05-14 00:15:16 - [INFO] user login
2025-05-14 00:20:38 - [WARNING] Suspicious activity detected: ip_blocked
2025-05-14 00:22:09 - [INFO] system check passed
2025-05-14 00:25:13 - [WARNING] Suspicious activity detected: port_scan
2025-05-14 00:26:08 - [INFO] user login
2025-05-14 00:29:46 - [INFO] backup completed
2025-05-14 00:29:50 - [WARNING] Suspicious activity detected: unauthorized_access
2025-05-14 00:36:57 - [WARNING] Suspicious activity detected: malware
2025-05-14 00:41:04 - [WARNING] Suspicious activity detected: intrusion
2025-05-14 00:41:48 - [INFO] file downloaded
2025-05-14 00:50:51 - [INFO] email sent
2025-05-14 00:51:06 - [INFO] email sent
2025-05-14 00:54:19 - [INFO] email sent
2025-05-14 01:04:59 - [INFO] email sent
2025-05-14 01:06:22 - [INFO] config updated
2025-05-14 01:14:57 - [WARNING] Suspicious activity detected: ddos
2025-05-14 01:15:27 - [INFO] config updated
2025-05-14 01:16:48 - [WARNING] Suspicious activity detected: sql_injection
2025-05-14 01:25:45 - [WARNING] Suspicious activity detected: unauthorized_access
2025-05-14 01:27:09 - [INFO] system check passed
2025-05-14 01:38:11 - [WARNING] Suspicious activity detected: brute_force
2025-05-14 01:39:06 - [WARNING] Suspicious activity detected: port_scan
2025-05-14 01:45:29 - [INFO] file uploaded
2025-05-14 01:46:22 - [INFO] email sent
2025-05-14 01:52:35 - [WARNING] Suspicious activity detected: ip_blocked
2025-05-14 01:54:10 - [INFO] file downloaded
2025-05-14 02:01:08 - [INFO] config updated
2025-05-14 02:10:09 - [INFO] system check passed
2025-05-14 02:17:58 - [WARNING] Suspicious activity detected: port_scan
2025-05-14 02:22:10 - [INFO] config updated
2025-05-14 02:32:45 - [INFO] system check passed
2025-05-14 02:39:34 - [INFO] email sent
2025-05-14 02:39:59 - [INFO] file uploaded
2025-05-14 03:10:46 - [INFO] backup completed
2025-05-14 03:12:54 - [WARNING] Suspicious activity detected: brute_force
2025-05-14 03:16:00 - [WARNING] Suspicious activity detected: malware
2025-05-14 03:20:45 - [INFO] user login
2025-05-14 03:27:09 - [INFO] config updated
2025-05-14 03:28:19 - [WARNING] Suspicious activity detected: malware
2025-05-14 03:34:19 - [INFO] file downloaded
2025-05-14 03:34:54 - [INFO] file downloaded
2025-05-14 03:43:24 - [WARNING] Suspicious activity detected: ip_blocked
2025-05-14 03:55:42 - [WARNING] Suspicious activity detected: unauthorized_access
2025-05-14 04:00:20 - [INFO] file uploaded
2025-05-14 04:02:26 - [WARNING] Suspicious activity detected: unauthorized_access
2025-05-14 04:06:43 - [INFO] user login
2025-05-14 04:29:44 - [WARNING] Suspicious activity detected: brute_force
2025-05-14 04:30:13 - [INFO] system check passed
2025-05-14 04:37:48 - [INFO] config updated
2025-05-14 04:40:29 - [INFO] config updated
2025-05-14 04:47:48 - [INFO] email sent
2025-05-14 05:08:58 - [INFO] backup completed
2025-05-14 05:15:23 - [WARNING] Suspicious activity detected: ddos
2025-05-14 05:21:21 - [WARNING] Suspicious activity detected: unauthorized_access
2025-05-14 05:30:58 - [INFO] email sent
2025-05-14 05:35:07 - [INFO] file uploaded
2025-05-14 05:49:22 - [WARNING] Suspicious activity detected: intrusion
2025-05-14 06:08:39 - [WARNING] Suspicious activity detected: ip_blocked
2025-05-14 06:11:46 - [INFO] backup completed
2025-05-14 06:11:51 - [INFO] file uploaded
2025-05-14 06:22:31 - [WARNING] Suspicious activity detected: malware
2025-05-14 06:29:18 - [INFO] config updated
2025-05-14 06:56:55 - [WARNING] Suspicious activity detected: intrusion
2025-05-14 06:57:51 - [WARNING] Suspicious activity detected: brute_force
2025-05-14 07:02:46 - [WARNING] Suspicious activity detected: ddos
2025-05-14 07:09:24 - [INFO] email sent
2025-05-14 07:19:41 - [INFO] file uploaded
2025-05-14 07:35:09 - [WARNING] Suspicious activity detected: port_scan
2025-05-14 07:53:30 - [WARNING] Suspicious activity detected: port_scan
2025-05-14 07:55:47 - [INFO] config updated
2025-05-14 07:59:40 - [INFO] file downloaded
2025-05-14 08:18:54 - [WARNING] Suspicious activity detected: brute_force
2025-05-14 08:32:09 - [INFO] file uploaded
2025-05-14 08:34:57 - [INFO] user login
2025-05-14 08:36:29 - [INFO] system check passed
2025-05-14 08:38:46 - [WARNING] Suspicious activity detected: sql_injection
2025-05-14 08:43:46 - [WARNING] Suspicious activity detected: unauthorized_access
2025-05-14 08:47:51 - [WARNING] Suspicious activity detected: brute_force
2025-05-14 08:48:13 - [INFO] backup completed
2025-05-14 08:50:53 - [INFO] config updated
2025-05-14 08:52:19 - [INFO] backup completed
2025-05-14 08:54:37 - [WARNING] Suspicious activity detected: intrusion
2025-05-14 09:00:24 - [WARNING] Suspicious activity detected: sql_injection
2025-05-14 09:02:54 - [INFO] backup completed
2025-05-14 09:03:36 - [INFO] user login
2025-05-14 09:09:35 - [WARNING] Suspicious activity detected: unauthorized_access
2025-05-14 09:15:36 - [INFO] file uploaded
2025-05-14 09:15:45 - [INFO] file uploaded
2025-05-14 09:18:04 - [WARNING] Suspicious activity detected: ddos
2025-05-14 09:41:17 - [INFO] email sent
2025-05-14 09:43:16 - [INFO] file downloaded
2025-05-14 09:51:54 - [INFO] user login
2025-05-14 09:54:48 - [WARNING] Suspicious activity detected: ddos
2025-05-14 10:09:25 - [WARNING] Suspicious activity detected: ddos
2025-05-14 10:13:50 - [INFO] system check passed
2025-05-14 10:34:41 - [WARNING] Suspicious activity detected: sql_injection
2025-05-14 10:36:59 - [WARNING] Suspicious activity detected: brute_force
2025-05-14 10:37:22 - [INFO] config updated
2025-05-14 10:37:32 - [INFO] backup completed
2025-05-14 10:38:02 - [INFO] user login
2025-05-14 10:39:08 - [WARNING] Suspicious activity detected: ip_blocked
2025-05-14 10:52:52 - [INFO] email sent
2025-05-14 10:55:01 - [INFO] user login
2025-05-14 10:55:09 - [INFO] backup completed
2025-05-14 10:57:28 - [INFO] file uploaded
2025-05-14 10:59:33 - [INFO] email sent
2025-05-14 11:00:00 - [WARNING] Suspicious activity detected: ddos
2025-05-14 11:02:08 - [INFO] config updated
2025-05-14 11:03:53 - [INFO] backup completed
2025-05-14 11:04:25 - [INFO] system check passed
2025-05-14 11:28:19 - [WARNING] Suspicious activity detected: ddos
2025-05-14 11:31:45 - [INFO] file downloaded
2025-05-14 11:32:58 - [INFO] file downloaded
2025-05-14 11:38:51 - [INFO] file downloaded
2025-05-14 11:40:14 - [INFO] file uploaded
2025-05-14 11:42:12 - [WARNING] Suspicious activity detected: malware
2025-05-14 11:44:34 - [WARNING] Suspicious activity detected: ddos
2025-05-14 11:50:54 - [INFO] system check passed
2025-05-14 11:54:13 - [WARNING] Suspicious activity detected: port_scan
2025-05-14 11:55:49 - [WARNING] Suspicious activity detected: intrusion
2025-05-14 11:58:00 - [WARNING] Suspicious activity detected: brute_force
2025-05-14 12:00:34 - [INFO] file downloaded
2025-05-14 12:01:02 - [WARNING] Suspicious activity detected: ip_blocked
2025-05-14 12:01:06 - [WARNING] Suspicious activity detected: ddos
2025-05-14 12:03:28 - [INFO] file uploaded
2025-05-14 12:04:32 - [WARNING] Suspicious activity detected: ip_blocked
2025-05-14 12:10:48 - [INFO] backup completed
2025-05-14 12:11:08 - [INFO] file downloaded
2025-05-14 12:22:17 - [INFO] file downloaded
2025-05-14 12:28:03 - [WARNING] Suspicious activity detected: unauthorized_access
2025-05-14 12:29:54 - [WARNING] Suspicious activity detected: brute_force
2025-05-14 12:35:50 - [INFO] file downloaded
2025-05-14 12:38:00 - [WARNING] Suspicious activity detected: unauthorized_access
2025-05-14 12:48:06 - [WARNING] Suspicious activity detected: intrusion
2025-05-14 12:48:37 - [INFO] file downloaded
2025-05-14 13:05:13 - [INFO] email sent
2025-05-14 13:32:36 - [WARNING] Suspicious activity detected: unauthorized_access
2025-05-14 13:38:53 - [INFO] user login
2025-05-14 13:47:04 - [WARNING] Suspicious activity detected: intrusion
2025-05-14 13:49:35 - [INFO] file uploaded
2025-05-14 13:56:01 - [INFO] config updated
2025-05-14 13:59:02 - [INFO] system check passed
2025-05-14 14:10:00 - [INFO] email sent
2025-05-14 14:12:07 - [INFO] file uploaded
2025-05-14 14:13:15 - [WARNING] Suspicious activity detected: brute_force
2025-05-14 14:20:20 - [WARNING] Suspicious activity detected: intrusion
2025-05-14 14:27:53 - [WARNING] Suspicious activity detected: port_scan
2025-05-14 14:34:46 - [INFO] file downloaded
2025-05-14 14:39:12 - [WARNING] Suspicious activity detected: ddos
2025-05-14 14:43:18 - [INFO] backup completed
2025-05-14 15:12:24 - [INFO] file uploaded
2025-05-14 15:17:10 - [INFO] config updated
2025-05-14 15:21:39 - [INFO] user login
2025-05-14 15:25:31 - [WARNING] Suspicious activity detected: intrusion
2025-05-14 15:33:20 - [INFO] file uploaded
2025-05-14 15:38:59 - [INFO] system check passed
2025-05-14 15:39:35 - [INFO] backup completed
2025-05-14 15:39:38 - [WARNING] Suspicious activity detected: brute_force
2025-05-14 16:04:51 - [WARNING] Suspicious activity detected: malware
2025-05-14 16:09:20 - [INFO] backup completed
2025-05-14 16:18:21 - [INFO] backup completed
2025-05-14 16:27:32 - [WARNING] Suspicious activity detected: intrusion
2025-05-14 16:38:50 - [INFO] file uploaded
2025-05-14 16:40:16 - [WARNING] Suspicious activity detected: ddos
2025-05-14 16:46:09 - [WARNING] Suspicious activity detected: sql_injection
2025-05-14 16:59:34 - [WARNING] Suspicious activity detected: sql_injection
2025-05-14 17:15:04 - [INFO] config updated
2025-05-14 17:23:56 - [INFO] backup completed
2025-05-14 17:28:50 - [INFO] user login
2025-05-14 17:31:34 - [INFO] system check passed
2025-05-14 17:34:00 - [WARNING] Suspicious activity detected: port_scan
2025-05-14 17:36:32 - [INFO] user login
2025-05-14 17:41:37 - [INFO] user login
2025-05-14 17:42:18 - [INFO] system check passed
2025-05-14 17:44:05 - [WARNING] Suspicious activity detected: brute_force
2025-05-14 17:50:57 - [INFO] user login
2025-05-14 17:58:50 - [WARNING] Suspicious activity detected: intrusion
2025-05-14 18:06:43 - [INFO] config updated
2025-05-14 18:12:48 - [WARNING] Suspicious activity detected: unauthorized_access
2025-05-14 18:17:58 - [INFO] system check passed
2025-05-14 18:42:20 - [INFO] backup completed
2025-05-14 18:50:20 - [INFO] config updated
2025-05-14 18:50:52 - [INFO] file uploaded
2025-05-14 18:51:49 - [INFO] config updated
2025-05-14 19:03:30 - [WARNING] Suspicious activity detected: ddos
2025-05-14 19:07:17 - [INFO] backup completed
2025-05-14 19:12:12 - [INFO] config updated
2025-05-14 19:13:48 - [WARNING] Suspicious activity detected: brute_force
2025-05-14 19:20:32 - [INFO] system check passed
2025-05-14 19:21:32 - [INFO] config updated
2025-05-14 19:24:57 - [INFO] file downloaded
2025-05-14 19:31:08 - [WARNING] Suspicious activity detected: brute_force
2025-05-14 19:45:05 - [WARNING] Suspicious activity detected: brute_force
2025-05-14 19:45:56 - [INFO] user login
2025-05-14 19:51:05 - [INFO] email sent
2025-05-14 19:54:14 - [INFO] system check passed
2025-05-14 19:59:11 - [INFO] file uploaded
2025-05-14 20:01:26 - [INFO] email sent
2025-05-14 20:03:16 - [WARNING] Suspicious activity detected: ddos
2025-05-14 20:07:00 - [WARNING] Suspicious activity detected: unauthorized_access
2025-05-14 20:22:54 - [INFO] email sent
2025-05-14 20:32:10 - [INFO] user login
2025-05-14 20:44:02 - [INFO] user login
2025-05-14 20:52:23 - [WARNING] Suspicious activity detected: sql_injection
2025-05-14 21:03:52 - [INFO] config updated
2025-05-14 21:24:58 - [WARNING] Suspicious activity detected: malware
2025-05-14 21:36:32 - [WARNING] Suspicious activity detected: port_scan
2025-05-14 21:43:16 - [INFO] backup completed
2025-05-14 21:45:14 - [INFO] backup completed
2025-05-14 21:48:53 - [INFO] file uploaded
2025-05-14 21:54:13 - [WARNING] Suspicious activity detected: sql_injection
2025-05-14 22:00:10 - [WARNING] Suspicious activity detected: intrusion
2025-05-14 22:24:38 - [WARNING] Suspicious activity detected: ip_blocked
2025-05-14 22:28:36 - [INFO] file downloaded
2025-05-14 22:34:20 - [WARNING] Suspicious activity detected: malware
2025-05-14 22:42:48 - [WARNING] Suspicious activity detected: ddos
2025-05-14 22:47:04 - [INFO] backup completed
2025-05-14 22:47:32 - [INFO] config updated
2025-05-14 22:48:20 - [WARNING] Suspicious activity detected: intrusion
2025-05-14 23:14:12 - [INFO] email sent
2025-05-14 23:15:49 - [WARNING] Suspicious activity detected: ip_blocked
2025-05-14 23:18:25 - [INFO] file downloaded
2025-05-14 23:28:33 - [WARNING] Suspicious activity detected: malware