2025-07-21 00:11:30 - [WARNING] Suspicious activity detected: unauthorized_access
2025-07-21 00:12:18 - [INFO] user login
2025-07-21 00:14:58 - [INFO] file downloaded
2025-07-21 00:20:48 - [WARNING] Suspicious activity detected: ip_blocked
2025-07-21 00:26:41 - [INFO] user login
2025-07-21 00:45:43 - [INFO] backup completed
2025-07-21 01:02:58 - [INFO] email sent
2025-07-21 01:10:10 - [WARNING] Suspicious activity detected: intrusion
2025-07-21 01:28:26 - [INFO] email sent
2025-07-21 01:31:11 - [INFO] config updated
2025-07-21 01:31:48 - [WARNING] Suspicious activity detected: unauthorized_access
2025-07-21 01:33:44 - [INFO] user login
2025-07-21 01:35:08 - [INFO] user login
2025-07-21 01:35:10 - [INFO] email sent
2025-07-21 01:37:36 - [INFO] file uploaded
2025-07-21 01:42:42 - [INFO] system check passed
2025-07-21 01:51:22 - [WARNING] Suspicious activity detected: intrusion
2025-07-21 02:02:14 - [INFO] user login
2025-07-21 02:20:04 - [WARNING] Suspicious activity detected: port_scan
2025-07-21 02:23:59 - [INFO] user login
2025-07-21 02:25:51 - [INFO] backup completed
2025-07-21 02:38:49 - [WARNING] Suspicious activity detected: intrusion
2025-07-21 02:46:13 - [INFO] config updated
2025-07-21 02:53:32 - [INFO] email sent
2025-07-21 02:58:11 - [WARNING] Suspicious activity detected: malware
2025-07-21 03:01:47 - [INFO] user login
2025-07-21 03:02:52 - [INFO] backup completed
2025-07-21 03:10:43 - [WARNING] Suspicious activity detected: ip_blocked
2025-07-21 03:15:11 - [INFO] user login
2025-07-21 03:16:12 - [WARNING] Suspicious activity detected: ip_blocked
2025-07-21 03:17:59 - [INFO] file downloaded
2025-07-21 03:21:18 - [INFO] config updated
2025-07-21 03:33:20 - [INFO] email sent
2025-07-21 03:39:38 - [INFO] user login
2025-07-21 03:45:19 - [INFO] file uploaded
2025-07-21 03:53:25 - [INFO] file downloaded
2025-07-21 03:58:23 - [INFO] file downloaded
2025-07-21 03:59:45 - [WARNING] Suspicious activity detected: ip_blocked
2025-07-21 03:59:53 - [INFO] email sent
2025-07-21 04:00:48 - [INFO] system check passed
2025-07-21 04:09:00 - [INFO] file uploaded
2025-07-21 04:09:45 - [WARNING] Suspicious activity detected: sql_injection
2025-07-21 04:22:04 - [INFO] file uploaded
2025-07-21 04:28:17 - [INFO] backup completed
2025-07-21 04:29:52 - [INFO] config updated
2025-07-21 04:38:06 - [INFO] backup completed
2025-07-21 04:44:58 - [INFO] backup completed
2025-07-21 04:45:36 - [WARNING] Suspicious activity detected: brute_force
2025-07-21 04:45:44 - [INFO] email sent
2025-07-21 05:11:00 - [INFO] user login
2025-07-21 05:17:46 - [INFO] file downloaded
2025-07-21 05:27:18 - [INFO] config updated
2025-07-21 05:34:20 - [INFO] file uploaded
2025-07-21 05:51:39 - [INFO] config updated
2025-07-21 05:52:33 - [WARNING] Suspicious activity detected: brute_force
2025-07-21 05:58:38 - [WARNING] Suspicious activity detected: intrusion
2025-07-21 06:02:48 - [INFO] file uploaded
2025-07-21 06:12:36 - [INFO] file downloaded
2025-07-21 06:12:41 - [INFO] system check passed
2025-07-21 06:14:27 - [INFO] system check passed
2025-07-21 06:16:50 - [WARNING] Suspicious activity detected: brute_force
2025-07-21 06:33:23 - [WARNING] Suspicious activity detected: ddos
2025-07-21 06:34:43 - [INFO] backup completed
2025-07-21 06:45:11 - [WARNING] Suspicious activity detected: ip_blocked
2025-07-21 06:46:47 - [INFO] backup completed
2025-07-21 06:52:09 - [INFO] email sent
2025-07-21 06:59:26 - [INFO] config updated
2025-07-21 07:08:46 - [WARNING] Suspicious activity detected: intrusion
2025-07-21 07:17:07 - [INFO] file uploaded
2025-07-21 07:24:03 - [INFO] config updated
2025-07-21 07:28:04 - [INFO] user login
2025-07-21 07:32:46 - [INFO] config updated
2025-07-21 07:34:05 - [INFO] config updated
2025-07-21 07:44:50 - [INFO] email sent
2025-07-21 08:11:15 - [INFO] backup completed
2025-07-21 08:13:13 - [INFO] config updated
2025-07-21 08:14:17 - [INFO] file uploaded
2025-07-21 08:16:38 - [WARNING] Suspicious activity detected: ddos
2025-07-21 08:19:21 - [WARNING] Suspicious activity detected: malware
2025-07-21 08:20:00 - [INFO] email sent
2025-07-21 08:22:29 - [INFO] config updated
2025-07-21 08:25:03 - [INFO] email sent
2025-07-21 08:31:59 - [INFO] user login
2025-07-21 08:35:46 - [WARNING] Suspicious activity detected: intrusion
2025-07-21 08:36:58 - [INFO] file uploaded
2025-07-21 08:37:07 - [WARNING] Suspicious activity detected: ddos
2025-07-21 08:46:06 - [INFO] backup completed
2025-07-21 08:47:09 - [INFO] backup completed
2025-07-21 08:53:40 - [WARNING] Suspicious activity detected: port_scan
2025-07-21 08:56:07 - [INFO] file downloaded
2025-07-21 08:57:25 - [WARNING] Suspicious activity detected: unauthorized_access
2025-07-21 09:05:30 - [INFO] config updated
2025-07-21 09:06:15 - [WARNING] Suspicious activity detected: ddos
2025-07-21 09:11:55 - [INFO] user login
2025-07-21 09:17:03 - [WARNING] Suspicious activity detected: port_scan
2025-07-21 09:19:46 - [INFO] system check passed
2025-07-21 09:44:57 - [WARNING] Suspicious activity detected: unauthorized_access
2025-07-21 09:46:37 - [WARNING] Suspicious activity detected: sql_injection
2025-07-21 09:56:01 - [INFO] user login
2025-07-21 10:01:08 - [WARNING] Suspicious activity detected: ddos
2025-07-21 10:06:10 - [INFO] config updated
2025-07-21 10:16:59 - [WARNING] Suspicious activity detected: sql_injection
2025-07-21 10:21:03 - [WARNING] Suspicious activity detected: ip_blocked
2025-07-21 10:21:32 - [INFO] system check passed
2025-07-21 10:29:53 - [INFO] config updated
2025-07-21 10:33:23 - [INFO] file uploaded
2025-07-21 10:49:18 - [INFO] system check passed
2025-07-21 10:50:26 - [WARNING] Suspicious activity detected: brute_force
2025-07-21 10:50:50 - [INFO] user login
2025-07-21 10:51:44 - [WARNING] Suspicious activity detected: brute_force
2025-07-21 11:06:12 - [WARNING] Suspicious activity detected: port_scan
2025-07-21 11:13:32 - [INFO] config updated
2025-07-21 11:13:42 - [INFO] file uploaded
2025-07-21 11:15:48 - [INFO] email sent
2025-07-21 11:17:56 - [INFO] user login
2025-07-21 11:39:49 - [WARNING] Suspicious activity detected: ip_blocked
2025-07-21 11:41:54 - [WARNING] Suspicious activity detected: intrusion
2025-07-21 11:52:17 - [INFO] file downloaded
2025-07-21 11:52:24 - [INFO] file uploaded
2025-07-21 11:55:44 - [INFO] email sent
2025-07-21 12:02:12 - [WARNING] Suspicious activity detected: malware
2025-07-21 12:03:10 - [INFO] user login
2025-07-21 12:04:31 - [WARNING] Suspicious activity detected: brute_force
2025-07-21 12:09:19 - [INFO] email sent
2025-07-21 12:14:41 - [INFO] system check passed
2025-07-21 12:18:56 - [INFO] user login
2025-07-21 12:19:38 - [INFO] system check passed
2025-07-21 12:42:50 - [INFO] file downloaded
2025-07-21 12:58:22 - [WARNING] Suspicious activity detected: malware
2025-07-21 12:58:42 - [INFO] backup completed
2025-07-21 12:59:14 - [INFO] backup completed
2025-07-21 13:01:54 - [WARNING] Suspicious activity detected: malware
2025-07-21 13:03:41 - [INFO] email sent
2025-07-21 13:05:07 - [INFO] system check passed
2025-07-21 13:11:54 - [INFO] email sent
2025-07-21 13:30:22 - [INFO] file uploaded
2025-07-21 13:34:06 - [INFO] file uploaded
2025-07-21 13:43:39 - [INFO] email sent
2025-07-21 13:50:59 - [WARNING] Suspicious activity detected: intrusion
2025-07-21 13:51:33 - [INFO] file uploaded
2025-07-21 13:53:04 - [INFO] system check passed
2025-07-21 14:15:59 - [WARNING] Suspicious activity detected: sql_injection
2025-07-21 14:35:52 - [INFO] file downloaded
2025-07-21 14:40:37 - [INFO] config updated
2025-07-21 14:41:09 - [INFO] file uploaded
2025-07-21 14:55:23 - [WARNING] Suspicious activity detected: ddos
2025-07-21 15:04:36 - [INFO] config updated
2025-07-21 15:19:46 - [INFO] email sent
2025-07-21 15:21:40 - [INFO] config updated
2025-07-21 15:29:23 - [INFO] file downloaded
2025-07-21 15:35:15 - [WARNING] Suspicious activity detected: port_scan
2025-07-21 15:39:04 - [INFO] user login
2025-07-21 15:39:50 - [INFO] file downloaded
2025-07-21 15:50:31 - [INFO] system check passed
2025-07-21 15:50:32 - [INFO] file downloaded
2025-07-21 15:56:54 - [WARNING] Suspicious activity detected: brute_force
2025-07-21 15:58:52 - [INFO] user login
2025-07-21 16:05:32 - [WARNING] Suspicious activity detected: malware
2025-07-21 16:06:04 - [INFO] email sent
2025-07-21 16:14:28 - [INFO] file downloaded
2025-07-21 16:26:19 - [WARNING] Suspicious activity detected: intrusion
2025-07-21 16:29:23 - [INFO] user login
2025-07-21 16:40:24 - [WARNING] Suspicious activity detected: sql_injection
2025-07-21 16:46:27 - [INFO] config updated
2025-07-21 16:50:10 - [INFO] email sent
2025-07-21 17:02:29 - [INFO] file downloaded
2025-07-21 17:06:01 - [INFO] config updated
2025-07-21 17:07:55 - [INFO] file uploaded
2025-07-21 17:28:02 - [INFO] file uploaded
2025-07-21 17:32:32 - [INFO] email sent
2025-07-21 17:36:20 - [INFO] system check passed
2025-07-21 17:38:42 - [INFO] config updated
2025-07-21 17:55:36 - [INFO] config updated
2025-07-21 17:58:41 - [INFO] email sent
2025-07-21 17:59:49 - [INFO] file downloaded
2025-07-21 18:05:17 - [WARNING] Suspicious activity detected: intrusion
2025-07-21 18:06:57 - [INFO] system check passed
2025-07-21 18:10:52 - [INFO] backup completed
2025-07-21 18:13:58 - [WARNING] Suspicious activity detected: intrusion
2025-07-21 18:15:13 - [INFO] user login
2025-07-21 18:19:07 - [WARNING] Suspicious activity detected: malware
2025-07-21 18:30:33 - [INFO] system check passed
2025-07-21 18:31:08 - [INFO] file uploaded
2025-07-21 18:33:34 - [INFO] file downloaded
2025-07-21 18:35:11 - [INFO] user login
2025-07-21 18:37:21 - [WARNING] Suspicious activity detected: sql_injection
2025-07-21 18:38:55 - [INFO] email sent
2025-07-21 18:41:48 - [INFO] file downloaded
2025-07-21 18:47:41 - [WARNING] Suspicious activity detected: intrusion
2025-07-21 18:48:11 - [INFO] backup completed
2025-07-21 18:49:26 - [INFO] system check passed
2025-07-21 18:51:24 - [INFO] file downloaded
2025-07-21 18:52:11 - [WARNING] Suspicious activity detected: malware
2025-07-21 18:55:31 - [INFO] file downloaded
2025-07-21 19:06:21 - [INFO] file downloaded
2025-07-21 19:07:18 - [INFO] user login
2025-07-21 19:11:05 - [INFO] file uploaded
2025-07-21 19:13:12 - [WARNING] Suspicious activity detected: intrusion
2025-07-21 19:17:32 - [INFO] system check passed
2025-07-21 19:18:44 - [INFO] system check passed
2025-07-21 19:21:31 - [WARNING] Suspicious activity detected: ip_blocked
2025-07-21 19:27:07 - [INFO] email sent
2025-07-21 19:29:38 - [INFO] config updated
2025-07-21 19:43:55 - [INFO] system check passed
2025-07-21 19:51:16 - [INFO] user login
2025-07-21 20:01:13 - [INFO] user login
2025-07-21 20:04:53 - [WARNING] Suspicious activity detected: port_scan
2025-07-21 20:16:03 - [INFO] user login
2025-07-21 20:19:07 - [INFO] email sent
2025-07-21 20:20:37 - [WARNING] Suspicious activity detected: unauthorized_access
2025-07-21 20:28:14 - [INFO] user login
2025-07-21 20:49:02 - [INFO] file downloaded
2025-07-21 20:49:37 - [INFO] email sent
2025-07-21 21:14:59 - [WARNING] Suspicious activity detected: port_scan
2025-07-21 21:20:26 - [INFO] file uploaded
2025-07-21 21:28:24 - [INFO] system check passed
2025-07-21 21:33:43 - [INFO] file downloaded
2025-07-21 21:36:11 - [WARNING] Suspicious activity detected: malware
2025-07-21 21:38:08 - [WARNING] Suspicious activity detected: sql_injection
2025-07-21 21:50:45 - [INFO] email sent
2025-07-21 21:51:54 - [INFO] user login
2025-07-21 22:05:56 - [INFO] system check passed
2025-07-21 22:16:00 - [INFO] config updated
2025-07-21 22:21:42 - [INFO] system check passed
2025-07-21 22:32:04 - [INFO] config updated
2025-07-21 22:38:03 - [INFO] backup completed
2025-07-21 22:41:04 - [INFO] file downloaded
2025-07-21 22:46:39 - [INFO] file uploaded
2025-07-21 22:52:32 - [INFO] user login
2025-07-21 22:53:20 - [WARNING] Suspicious activity detected: unauthorized_access
2025-07-21 22:53:56 - [INFO] system check passed
2025-07-21 22:53:57 - [INFO] user login
2025-07-21 23:02:55 - [INFO] file uploaded
2025-07-21 23:05:06 - [INFO] file downloaded
2025-07-21 23:07:00 - [INFO] backup completed
2025-07-21 23:07:06 - [WARNING] Suspicious activity detected: ip_blocked
2025-07-21 23:22:24 - [INFO] user login
2025-07-21 23:25:50 - [INFO] user login
2025-07-21 23:25:55 - [INFO] file downloaded
2025-07-21 23:28:15 - [INFO] user login
2025-07-21 23:32:09 - [INFO] backup completed
2025-07-21 23:40:46 - [INFO] user login
2025-07-21 23:45:48 - [INFO] file downloaded
2025-07-21 23:50:20 - [INFO] system check passed
2025-07-21 23:51:20 - [INFO] email sent
2025-07-21 23:54:25 - [INFO] file downloaded
2025-07-21 23:58:18 - [INFO] file downloaded