2025-04-05 00:08:29 - [WARNING] Suspicious activity detected: ip_blocked
2025-04-05 00:10:31 - [INFO] system check passed
2025-04-05 00:13:19 - [INFO] email sent
2025-04-05 00:15:01 - [INFO] config updated
2025-04-05 00:22:47 - [WARNING] Suspicious activity detected: unauthorized_access
2025-04-05 00:24:42 - [INFO] user login
2025-04-05 00:25:15 - [WARNING] Suspicious activity detected: ip_blocked
2025-04-05 00:37:07 - [INFO] user login
2025-04-05 00:37:39 - [WARNING] Suspicious activity detected: unauthorized_access
2025-04-05 00:39:00 - [INFO] email sent
2025-04-05 00:43:24 - [WARNING] Suspicious activity detected: ddos
2025-04-05 00:49:41 - [WARNING] Suspicious activity detected: sql_injection
2025-04-05 00:50:19 - [INFO] config updated
2025-04-05 00:53:27 - [WARNING] Suspicious activity detected: ddos
2025-04-05 00:53:32 - [INFO] backup completed
2025-04-05 00:55:28 - [INFO] file uploaded
2025-04-05 01:00:09 - [WARNING] Suspicious activity detected: intrusion
2025-04-05 01:00:29 - [WARNING] Suspicious activity detected: sql_injection
2025-04-05 01:01:11 - [INFO] email sent
2025-04-05 01:01:25 - [WARNING] Suspicious activity detected: port_scan
2025-04-05 01:16:44 - [WARNING] Suspicious activity detected: ip_blocked
2025-04-05 01:20:24 - [WARNING] Suspicious activity detected: brute_force
2025-04-05 01:24:07 - [INFO] system check passed
2025-04-05 01:32:05 - [INFO] backup completed
2025-04-05 01:47:42 - [INFO] file downloaded
2025-04-05 01:50:52 - [INFO] backup completed
2025-04-05 01:58:05 - [INFO] backup completed
2025-04-05 02:12:17 - [INFO] user login
2025-04-05 02:24:52 - [INFO] system check passed
2025-04-05 02:29:52 - [WARNING] Suspicious activity detected: ddos
2025-04-05 02:40:12 - [INFO] user login
2025-04-05 02:55:17 - [WARNING] Suspicious activity detected: brute_force
2025-04-05 02:56:38 - [INFO] config updated
2025-04-05 03:04:52 - [INFO] config updated
2025-04-05 03:08:53 - [INFO] backup completed
2025-04-05 03:16:22 - [WARNING] Suspicious activity detected: ddos
2025-04-05 03:19:47 - [WARNING] Suspicious activity detected: malware
2025-04-05 03:23:00 - [INFO] backup completed
2025-04-05 03:36:23 - [INFO] email sent
2025-04-05 03:43:39 - [INFO] system check passed
2025-04-05 03:50:14 - [INFO] backup completed
2025-04-05 03:51:18 - [INFO] system check passed
2025-04-05 03:52:06 - [INFO] email sent
2025-04-05 03:59:27 - [WARNING] Suspicious activity detected: port_scan
2025-04-05 04:04:32 - [WARNING] Suspicious activity detected: ip_blocked
2025-04-05 04:14:57 - [INFO] backup completed
2025-04-05 04:15:31 - [INFO] email sent
2025-04-05 04:21:07 - [INFO] user login
2025-04-05 04:29:27 - [INFO] backup completed
2025-04-05 04:32:36 - [WARNING] Suspicious activity detected: ddos
2025-04-05 04:33:54 - [WARNING] Suspicious activity detected: intrusion
2025-04-05 04:44:27 - [WARNING] Suspicious activity detected: malware
2025-04-05 04:48:56 - [WARNING] Suspicious activity detected: brute_force
2025-04-05 04:55:16 - [WARNING] Suspicious activity detected: malware
2025-04-05 04:58:25 - [INFO] email sent
2025-04-05 05:01:06 - [INFO] backup completed
2025-04-05 05:10:13 - [INFO] backup completed
2025-04-05 05:11:24 - [INFO] email sent
2025-04-05 05:13:11 - [WARNING] Suspicious activity detected: sql_injection
2025-04-05 05:14:49 - [INFO] system check passed
2025-04-05 05:15:31 - [INFO] system check passed
2025-04-05 05:32:28 - [INFO] file downloaded
2025-04-05 05:38:25 - [INFO] email sent
2025-04-05 06:03:15 - [WARNING] Suspicious activity detected: port_scan
2025-04-05 06:05:42 - [INFO] file downloaded
2025-04-05 06:09:37 - [WARNING] Suspicious activity detected: malware
2025-04-05 06:28:10 - [INFO] config updated
2025-04-05 06:30:27 - [INFO] system check passed
2025-04-05 06:34:07 - [INFO] file downloaded
2025-04-05 06:40:45 - [INFO] backup completed
2025-04-05 06:40:59 - [INFO] system check passed
2025-04-05 06:51:12 - [INFO] config updated
2025-04-05 07:00:39 - [INFO] system check passed
2025-04-05 07:01:54 - [INFO] backup completed
2025-04-05 07:06:16 - [INFO] file downloaded
2025-04-05 07:17:18 - [INFO] backup completed
2025-04-05 07:32:41 - [WARNING] Suspicious activity detected: ip_blocked
2025-04-05 07:47:18 - [INFO] file downloaded
2025-04-05 07:57:33 - [INFO] system check passed
2025-04-05 08:00:46 - [INFO] system check passed
2025-04-05 08:21:20 - [INFO] user login
2025-04-05 08:22:45 - [INFO] config updated
2025-04-05 08:27:43 - [INFO] user login
2025-04-05 08:31:04 - [INFO] backup completed
2025-04-05 08:32:54 - [INFO] file downloaded
2025-04-05 08:39:59 - [INFO] config updated
2025-04-05 08:42:12 - [INFO] user login
2025-04-05 08:49:05 - [WARNING] Suspicious activity detected: ddos
2025-04-05 08:53:13 - [INFO] file uploaded
2025-04-05 09:02:45 - [WARNING] Suspicious activity detected: port_scan
2025-04-05 09:06:23 - [INFO] file uploaded
2025-04-05 09:11:16 - [INFO] config updated
2025-04-05 09:17:27 - [INFO] email sent
2025-04-05 09:17:40 - [INFO] email sent
2025-04-05 09:20:13 - [INFO] file uploaded
2025-04-05 09:29:53 - [INFO] system check passed
2025-04-05 09:30:12 - [INFO] file downloaded
2025-04-05 09:31:17 - [INFO] file uploaded
2025-04-05 09:32:48 - [WARNING] Suspicious activity detected: intrusion
2025-04-05 09:33:08 - [INFO] backup completed
2025-04-05 09:33:30 - [INFO] user login
2025-04-05 09:53:23 - [INFO] user login
2025-04-05 09:54:50 - [INFO] file downloaded
2025-04-05 10:03:26 - [INFO] email sent
2025-04-05 10:08:34 - [WARNING] Suspicious activity detected: intrusion
2025-04-05 10:15:24 - [WARNING] Suspicious activity detected: malware
2025-04-05 10:16:39 - [WARNING] Suspicious activity detected: port_scan
2025-04-05 10:17:14 - [INFO] config updated
2025-04-05 10:22:27 - [WARNING] Suspicious activity detected: ip_blocked
2025-04-05 10:25:24 - [INFO] file uploaded
2025-04-05 10:27:37 - [WARNING] Suspicious activity detected: ip_blocked
2025-04-05 10:29:34 - [INFO] user login
2025-04-05 10:37:03 - [INFO] file downloaded
2025-04-05 10:44:43 - [INFO] config updated
2025-04-05 10:53:09 - [INFO] file uploaded
2025-04-05 10:55:09 - [INFO] user login
2025-04-05 10:59:15 - [WARNING] Suspicious activity detected: ddos
2025-04-05 11:01:22 - [INFO] system check passed
2025-04-05 11:06:17 - [INFO] system check passed
2025-04-05 11:06:19 - [INFO] system check passed
2025-04-05 11:16:32 - [INFO] email sent
2025-04-05 11:16:37 - [INFO] file uploaded
2025-04-05 11:17:14 - [WARNING] Suspicious activity detected: malware
2025-04-05 11:19:29 - [WARNING] Suspicious activity detected: port_scan
2025-04-05 11:23:33 - [WARNING] Suspicious activity detected: ip_blocked
2025-04-05 11:24:39 - [INFO] user login
2025-04-05 11:33:34 - [INFO] file downloaded
2025-04-05 11:41:23 - [INFO] config updated
2025-04-05 11:42:48 - [INFO] backup completed
2025-04-05 11:55:13 - [INFO] system check passed
2025-04-05 11:56:30 - [INFO] file uploaded
2025-04-05 12:00:37 - [INFO] config updated
2025-04-05 12:04:39 - [INFO] config updated
2025-04-05 12:17:16 - [INFO] file downloaded
2025-04-05 12:26:48 - [INFO] system check passed
2025-04-05 12:36:38 - [WARNING] Suspicious activity detected: ddos
2025-04-05 12:43:19 - [INFO] user login
2025-04-05 12:46:43 - [WARNING] Suspicious activity detected: port_scan
2025-04-05 12:54:13 - [WARNING] Suspicious activity detected: ip_blocked
2025-04-05 12:56:10 - [INFO] system check passed
2025-04-05 13:20:25 - [INFO] system check passed
2025-04-05 13:27:23 - [INFO] system check passed
2025-04-05 13:34:35 - [INFO] file downloaded
2025-04-05 13:35:10 - [INFO] file uploaded
2025-04-05 13:48:52 - [INFO] config updated
2025-04-05 13:51:55 - [WARNING] Suspicious activity detected: intrusion
2025-04-05 13:53:03 - [INFO] backup completed
2025-04-05 13:54:49 - [INFO] user login
2025-04-05 13:57:07 - [WARNING] Suspicious activity detected: port_scan
2025-04-05 13:57:43 - [WARNING] Suspicious activity detected: sql_injection
2025-04-05 13:58:23 - [INFO] email sent
2025-04-05 14:05:02 - [INFO] user login
2025-04-05 14:09:09 - [WARNING] Suspicious activity detected: sql_injection
2025-04-05 14:09:56 - [INFO] system check passed
2025-04-05 14:14:22 - [INFO] file uploaded
2025-04-05 14:19:28 - [INFO] file downloaded
2025-04-05 14:27:21 - [INFO] email sent
2025-04-05 14:31:37 - [INFO] system check passed
2025-04-05 14:39:58 - [INFO] config updated
2025-04-05 14:45:10 - [INFO] file uploaded
2025-04-05 14:56:12 - [INFO] backup completed
2025-04-05 15:11:16 - [WARNING] Suspicious activity detected: intrusion
2025-04-05 15:14:53 - [INFO] email sent
2025-04-05 15:19:00 - [INFO] system check passed
2025-04-05 15:21:55 - [WARNING] Suspicious activity detected: brute_force
2025-04-05 15:22:26 - [INFO] file downloaded
2025-04-05 15:36:44 - [INFO] file uploaded
2025-04-05 15:44:22 - [INFO] backup completed
2025-04-05 15:48:09 - [WARNING] Suspicious activity detected: unauthorized_access
2025-04-05 15:53:23 - [INFO] backup completed
2025-04-05 15:54:13 - [INFO] email sent
2025-04-05 15:59:51 - [INFO] email sent
2025-04-05 16:02:38 - [INFO] file downloaded
2025-04-05 16:03:34 - [INFO] file downloaded
2025-04-05 16:09:04 - [WARNING] Suspicious activity detected: malware
2025-04-05 16:14:25 - [INFO] file uploaded
2025-04-05 16:27:15 - [INFO] file downloaded
2025-04-05 16:30:14 - [INFO] file uploaded
2025-04-05 16:37:38 - [WARNING] Suspicious activity detected: unauthorized_access
2025-04-05 16:49:55 - [WARNING] Suspicious activity detected: brute_force
2025-04-05 16:55:51 - [INFO] user login
2025-04-05 17:02:02 - [INFO] user login
2025-04-05 17:02:55 - [INFO] email sent
2025-04-05 17:06:53 - [INFO] email sent
2025-04-05 17:16:00 - [INFO] user login
2025-04-05 17:17:17 - [WARNING] Suspicious activity detected: brute_force
2025-04-05 17:18:03 - [WARNING] Suspicious activity detected: ip_blocked
2025-04-05 17:24:41 - [WARNING] Suspicious activity detected: brute_force
2025-04-05 17:40:03 - [INFO] email sent
2025-04-05 17:44:02 - [WARNING] Suspicious activity detected: ip_blocked
2025-04-05 17:44:47 - [INFO] backup completed
2025-04-05 17:49:12 - [INFO] system check passed
2025-04-05 17:57:36 - [INFO] file uploaded
2025-04-05 17:59:12 - [WARNING] Suspicious activity detected: port_scan
2025-04-05 17:59:43 - [WARNING] Suspicious activity detected: malware
2025-04-05 18:02:45 - [INFO] file uploaded
2025-04-05 18:03:08 - [INFO] email sent
2025-04-05 18:06:09 - [WARNING] Suspicious activity detected: unauthorized_access
2025-04-05 18:06:59 - [INFO] system check passed
2025-04-05 18:14:55 - [WARNING] Suspicious activity detected: sql_injection
2025-04-05 18:42:22 - [INFO] config updated
2025-04-05 18:46:59 - [INFO] email sent
2025-04-05 18:57:42 - [INFO] file uploaded
2025-04-05 18:58:02 - [WARNING] Suspicious activity detected: intrusion
2025-04-05 19:02:10 - [INFO] config updated
2025-04-05 19:21:16 - [INFO] user login
2025-04-05 19:23:45 - [WARNING] Suspicious activity detected: port_scan
2025-04-05 19:30:09 - [INFO] system check passed
2025-04-05 19:36:25 - [WARNING] Suspicious activity detected: port_scan
2025-04-05 19:38:02 - [INFO] email sent
2025-04-05 19:41:06 - [INFO] system check passed
2025-04-05 19:49:11 - [WARNING] Suspicious activity detected: intrusion
2025-04-05 19:51:49 - [WARNING] Suspicious activity detected: ip_blocked
2025-04-05 19:54:20 - [INFO] user login
2025-04-05 19:55:15 - [WARNING] Suspicious activity detected: unauthorized_access
2025-04-05 19:56:22 - [INFO] system check passed
2025-04-05 19:58:07 - [INFO] file downloaded
2025-04-05 20:05:58 - [WARNING] Suspicious activity detected: intrusion
2025-04-05 20:06:42 - [INFO] file downloaded
2025-04-05 20:09:51 - [INFO] file downloaded
2025-04-05 20:14:10 - [INFO] user login
2025-04-05 20:23:55 - [INFO] email sent
2025-04-05 20:24:56 - [INFO] user login
2025-04-05 20:25:06 - [INFO] file downloaded
2025-04-05 20:26:06 - [INFO] config updated
2025-04-05 20:26:48 - [INFO] config updated
2025-04-05 20:31:32 - [INFO] user login
2025-04-05 20:42:24 - [INFO] file downloaded
2025-04-05 20:43:25 - [INFO] file uploaded
2025-04-05 20:50:53 - [INFO] user login
2025-04-05 20:52:24 - [INFO] file uploaded
2025-04-05 20:54:03 - [INFO] config updated
2025-04-05 20:56:01 - [INFO] backup completed
2025-04-05 21:12:22 - [INFO] email sent
2025-04-05 21:21:15 - [INFO] backup completed
2025-04-05 21:23:48 - [INFO] file uploaded
2025-04-05 21:28:03 - [INFO] backup completed
2025-04-05 21:33:59 - [INFO] backup completed
2025-04-05 21:44:33 - [WARNING] Suspicious activity detected: ip_blocked
2025-04-05 21:49:46 - [INFO] file uploaded
2025-04-05 22:01:59 - [WARNING] Suspicious activity detected: ip_blocked
2025-04-05 22:03:31 - [WARNING] Suspicious activity detected: intrusion
2025-04-05 22:08:51 - [INFO] email sent
2025-04-05 22:17:41 - [WARNING] Suspicious activity detected: ip_blocked
2025-04-05 22:21:34 - [INFO] user login
2025-04-05 22:23:58 - [INFO] system check passed
2025-04-05 22:27:44 - [WARNING] Suspicious activity detected: ddos
2025-04-05 22:41:22 - [INFO] file downloaded
2025-04-05 22:50:49 - [INFO] backup completed
2025-04-05 23:03:53 - [INFO] file downloaded
2025-04-05 23:03:54 - [WARNING] Suspicious activity detected: intrusion
2025-04-05 23:04:54 - [INFO] backup completed
2025-04-05 23:07:30 - [INFO] backup completed
2025-04-05 23:14:22 - [WARNING] Suspicious activity detected: intrusion
2025-04-05 23:33:36 - [WARNING] Suspicious activity detected: unauthorized_access
2025-04-05 23:58:36 - [WARNING] Suspicious activity detected: intrusion