2025-07-31 00:17:13 - [INFO] config updated
2025-07-31 00:28:15 - [INFO] email sent
2025-07-31 00:33:04 - [WARNING] Suspicious activity detected: ddos
2025-07-31 00:50:38 - [INFO] file uploaded
2025-07-31 01:05:32 - [WARNING] Suspicious activity detected: brute_force
2025-07-31 01:07:59 - [INFO] file uploaded
2025-07-31 01:27:21 - [INFO] user login
2025-07-31 01:29:45 - [WARNING] Suspicious activity detected: ddos
2025-07-31 01:38:06 - [WARNING] Suspicious activity detected: ddos
2025-07-31 01:41:59 - [INFO] system check passed
2025-07-31 01:52:53 - [INFO] config updated
2025-07-31 01:55:53 - [INFO] backup completed
2025-07-31 01:55:58 - [INFO] system check passed
2025-07-31 01:56:41 - [INFO] email sent
2025-07-31 01:59:50 - [WARNING] Suspicious activity detected: ip_blocked
2025-07-31 02:12:32 - [INFO] config updated
2025-07-31 02:14:08 - [INFO] file uploaded
2025-07-31 02:23:01 - [WARNING] Suspicious activity detected: unauthorized_access
2025-07-31 02:35:05 - [INFO] file downloaded
2025-07-31 02:35:55 - [INFO] user login
2025-07-31 02:36:12 - [INFO] config updated
2025-07-31 02:42:39 - [INFO] backup completed
2025-07-31 02:43:08 - [INFO] email sent
2025-07-31 02:44:56 - [WARNING] Suspicious activity detected: sql_injection
2025-07-31 02:46:30 - [INFO] file downloaded
2025-07-31 02:57:10 - [INFO] file downloaded
2025-07-31 02:57:41 - [INFO] system check passed
2025-07-31 02:57:53 - [WARNING] Suspicious activity detected: ip_blocked
2025-07-31 02:58:34 - [WARNING] Suspicious activity detected: ip_blocked
2025-07-31 02:59:36 - [INFO] config updated
2025-07-31 03:02:45 - [INFO] file downloaded
2025-07-31 03:11:21 - [INFO] email sent
2025-07-31 03:29:12 - [WARNING] Suspicious activity detected: intrusion
2025-07-31 03:31:07 - [INFO] backup completed
2025-07-31 03:32:08 - [WARNING] Suspicious activity detected: brute_force
2025-07-31 03:39:40 - [WARNING] Suspicious activity detected: brute_force
2025-07-31 03:42:06 - [INFO] system check passed
2025-07-31 03:43:16 - [INFO] backup completed
2025-07-31 03:50:34 - [WARNING] Suspicious activity detected: sql_injection
2025-07-31 03:51:07 - [INFO] email sent
2025-07-31 03:52:16 - [INFO] file uploaded
2025-07-31 03:56:40 - [INFO] user login
2025-07-31 04:06:13 - [INFO] email sent
2025-07-31 04:10:15 - [INFO] user login
2025-07-31 04:18:02 - [INFO] config updated
2025-07-31 04:39:15 - [INFO] system check passed
2025-07-31 04:46:19 - [INFO] file uploaded
2025-07-31 04:46:51 - [INFO] file uploaded
2025-07-31 04:48:39 - [INFO] system check passed
2025-07-31 05:02:32 - [INFO] config updated
2025-07-31 05:04:49 - [WARNING] Suspicious activity detected: unauthorized_access
2025-07-31 05:06:06 - [WARNING] Suspicious activity detected: port_scan
2025-07-31 05:08:11 - [INFO] email sent
2025-07-31 05:14:19 - [INFO] config updated
2025-07-31 05:16:21 - [INFO] config updated
2025-07-31 05:21:15 - [INFO] file uploaded
2025-07-31 05:25:05 - [WARNING] Suspicious activity detected: malware
2025-07-31 05:34:29 - [INFO] backup completed
2025-07-31 05:45:43 - [INFO] file downloaded
2025-07-31 05:49:33 - [INFO] email sent
2025-07-31 06:06:24 - [INFO] file uploaded
2025-07-31 06:21:35 - [INFO] config updated
2025-07-31 06:22:04 - [INFO] system check passed
2025-07-31 06:28:45 - [INFO] user login
2025-07-31 06:29:39 - [WARNING] Suspicious activity detected: intrusion
2025-07-31 06:30:57 - [WARNING] Suspicious activity detected: unauthorized_access
2025-07-31 06:33:59 - [INFO] file uploaded
2025-07-31 06:38:47 - [INFO] config updated
2025-07-31 06:44:30 - [WARNING] Suspicious activity detected: ip_blocked
2025-07-31 06:45:22 - [WARNING] Suspicious activity detected: sql_injection
2025-07-31 07:12:50 - [INFO] config updated
2025-07-31 07:14:19 - [INFO] file uploaded
2025-07-31 07:14:37 - [INFO] config updated
2025-07-31 07:20:18 - [WARNING] Suspicious activity detected: sql_injection
2025-07-31 07:27:33 - [INFO] config updated
2025-07-31 07:34:42 - [WARNING] Suspicious activity detected: ddos
2025-07-31 07:43:59 - [WARNING] Suspicious activity detected: intrusion
2025-07-31 07:44:52 - [INFO] system check passed
2025-07-31 07:46:04 - [INFO] system check passed
2025-07-31 07:46:33 - [WARNING] Suspicious activity detected: intrusion
2025-07-31 07:51:16 - [WARNING] Suspicious activity detected: brute_force
2025-07-31 07:56:48 - [INFO] file downloaded
2025-07-31 08:04:31 - [INFO] system check passed
2025-07-31 08:07:49 - [INFO] system check passed
2025-07-31 08:08:06 - [INFO] user login
2025-07-31 08:09:11 - [WARNING] Suspicious activity detected: unauthorized_access
2025-07-31 08:09:39 - [INFO] config updated
2025-07-31 08:11:49 - [INFO] config updated
2025-07-31 08:17:44 - [INFO] email sent
2025-07-31 08:18:05 - [INFO] file uploaded
2025-07-31 08:19:46 - [INFO] config updated
2025-07-31 08:24:56 - [WARNING] Suspicious activity detected: ip_blocked
2025-07-31 08:26:15 - [WARNING] Suspicious activity detected: malware
2025-07-31 08:37:20 - [WARNING] Suspicious activity detected: brute_force
2025-07-31 08:37:52 - [INFO] user login
2025-07-31 08:41:03 - [INFO] file uploaded
2025-07-31 08:50:09 - [WARNING] Suspicious activity detected: intrusion
2025-07-31 09:00:06 - [INFO] user login
2025-07-31 09:02:27 - [WARNING] Suspicious activity detected: sql_injection
2025-07-31 09:27:32 - [WARNING] Suspicious activity detected: sql_injection
2025-07-31 09:29:10 - [INFO] user login
2025-07-31 09:50:23 - [WARNING] Suspicious activity detected: ddos
2025-07-31 09:53:57 - [INFO] system check passed
2025-07-31 10:09:21 - [INFO] file uploaded
2025-07-31 10:19:58 - [INFO] email sent
2025-07-31 10:23:10 - [WARNING] Suspicious activity detected: brute_force
2025-07-31 10:29:51 - [INFO] system check passed
2025-07-31 10:32:51 - [WARNING] Suspicious activity detected: intrusion
2025-07-31 10:34:09 - [WARNING] Suspicious activity detected: intrusion
2025-07-31 10:44:03 - [INFO] config updated
2025-07-31 10:45:58 - [WARNING] Suspicious activity detected: brute_force
2025-07-31 10:53:54 - [WARNING] Suspicious activity detected: port_scan
2025-07-31 10:57:24 - [INFO] user login
2025-07-31 10:58:33 - [WARNING] Suspicious activity detected: ip_blocked
2025-07-31 11:04:55 - [WARNING] Suspicious activity detected: ip_blocked
2025-07-31 11:13:51 - [WARNING] Suspicious activity detected: unauthorized_access
2025-07-31 11:19:20 - [WARNING] Suspicious activity detected: unauthorized_access
2025-07-31 11:39:32 - [WARNING] Suspicious activity detected: ddos
2025-07-31 12:01:57 - [WARNING] Suspicious activity detected: unauthorized_access
2025-07-31 12:16:36 - [INFO] backup completed
2025-07-31 12:19:11 - [WARNING] Suspicious activity detected: intrusion
2025-07-31 12:29:41 - [INFO] config updated
2025-07-31 12:30:29 - [INFO] user login
2025-07-31 12:33:24 - [INFO] file downloaded
2025-07-31 12:37:53 - [WARNING] Suspicious activity detected: intrusion
2025-07-31 12:54:15 - [WARNING] Suspicious activity detected: intrusion
2025-07-31 12:54:16 - [INFO] file uploaded
2025-07-31 12:59:29 - [INFO] email sent
2025-07-31 13:09:01 - [INFO] file downloaded
2025-07-31 13:17:16 - [INFO] email sent
2025-07-31 13:31:32 - [INFO] backup completed
2025-07-31 13:43:20 - [INFO] backup completed
2025-07-31 13:43:47 - [WARNING] Suspicious activity detected: ip_blocked
2025-07-31 13:48:13 - [INFO] user login
2025-07-31 13:53:11 - [INFO] email sent
2025-07-31 14:22:26 - [INFO] config updated
2025-07-31 14:25:57 - [INFO] file downloaded
2025-07-31 14:31:39 - [WARNING] Suspicious activity detected: ip_blocked
2025-07-31 14:32:17 - [INFO] backup completed
2025-07-31 14:37:06 - [INFO] file downloaded
2025-07-31 14:38:18 - [WARNING] Suspicious activity detected: brute_force
2025-07-31 14:39:07 - [INFO] user login
2025-07-31 14:41:55 - [INFO] backup completed
2025-07-31 14:43:27 - [INFO] user login
2025-07-31 14:55:10 - [INFO] user login
2025-07-31 15:09:39 - [INFO] file uploaded
2025-07-31 15:09:39 - [INFO] file uploaded
2025-07-31 15:14:57 - [INFO] file downloaded
2025-07-31 15:20:51 - [INFO] system check passed
2025-07-31 15:23:18 - [WARNING] Suspicious activity detected: ddos
2025-07-31 15:29:35 - [WARNING] Suspicious activity detected: port_scan
2025-07-31 15:30:14 - [INFO] config updated
2025-07-31 15:32:45 - [INFO] email sent
2025-07-31 15:51:20 - [WARNING] Suspicious activity detected: unauthorized_access
2025-07-31 15:54:21 - [WARNING] Suspicious activity detected: unauthorized_access
2025-07-31 16:03:17 - [WARNING] Suspicious activity detected: unauthorized_access
2025-07-31 16:04:08 - [INFO] user login
2025-07-31 16:05:00 - [INFO] file downloaded
2025-07-31 16:24:34 - [INFO] user login
2025-07-31 16:32:25 - [INFO] file downloaded
2025-07-31 16:38:14 - [INFO] email sent
2025-07-31 16:46:38 - [INFO] config updated
2025-07-31 16:49:31 - [INFO] user login
2025-07-31 16:50:07 - [INFO] email sent
2025-07-31 16:58:58 - [INFO] file downloaded
2025-07-31 17:06:51 - [WARNING] Suspicious activity detected: malware
2025-07-31 17:06:55 - [INFO] config updated
2025-07-31 17:13:24 - [WARNING] Suspicious activity detected: sql_injection
2025-07-31 17:13:39 - [INFO] file downloaded
2025-07-31 17:17:00 - [INFO] backup completed
2025-07-31 17:20:59 - [INFO] system check passed
2025-07-31 17:35:24 - [INFO] system check passed
2025-07-31 17:36:22 - [INFO] file downloaded
2025-07-31 17:38:41 - [INFO] config updated
2025-07-31 17:40:01 - [WARNING] Suspicious activity detected: ip_blocked
2025-07-31 17:43:25 - [INFO] backup completed
2025-07-31 17:49:06 - [INFO] file uploaded
2025-07-31 17:54:34 - [WARNING] Suspicious activity detected: ddos
2025-07-31 17:57:44 - [INFO] file downloaded
2025-07-31 18:00:21 - [INFO] system check passed
2025-07-31 18:06:34 - [INFO] email sent
2025-07-31 18:06:51 - [WARNING] Suspicious activity detected: brute_force
2025-07-31 18:12:50 - [INFO] email sent
2025-07-31 18:18:30 - [INFO] system check passed
2025-07-31 18:23:25 - [INFO] file uploaded
2025-07-31 18:25:16 - [WARNING] Suspicious activity detected: sql_injection
2025-07-31 18:28:53 - [INFO] email sent
2025-07-31 18:35:32 - [INFO] backup completed
2025-07-31 18:37:21 - [WARNING] Suspicious activity detected: intrusion
2025-07-31 18:46:34 - [INFO] user login
2025-07-31 18:47:37 - [INFO] backup completed
2025-07-31 18:55:11 - [INFO] file downloaded
2025-07-31 18:59:03 - [WARNING] Suspicious activity detected: sql_injection
2025-07-31 18:59:34 - [INFO] file uploaded
2025-07-31 19:19:10 - [WARNING] Suspicious activity detected: intrusion
2025-07-31 19:21:55 - [INFO] file downloaded
2025-07-31 19:22:29 - [WARNING] Suspicious activity detected: ip_blocked
2025-07-31 19:25:44 - [INFO] system check passed
2025-07-31 19:26:48 - [INFO] email sent
2025-07-31 19:28:47 - [INFO] email sent
2025-07-31 19:29:56 - [WARNING] Suspicious activity detected: sql_injection
2025-07-31 19:32:35 - [WARNING] Suspicious activity detected: unauthorized_access
2025-07-31 19:33:05 - [INFO] backup completed
2025-07-31 19:45:45 - [INFO] email sent
2025-07-31 19:45:56 - [WARNING] Suspicious activity detected: intrusion
2025-07-31 19:53:55 - [INFO] system check passed
2025-07-31 19:56:30 - [WARNING] Suspicious activity detected: sql_injection
2025-07-31 20:01:39 - [WARNING] Suspicious activity detected: brute_force
2025-07-31 20:07:10 - [INFO] backup completed
2025-07-31 20:08:54 - [WARNING] Suspicious activity detected: sql_injection
2025-07-31 20:13:46 - [WARNING] Suspicious activity detected: unauthorized_access
2025-07-31 20:16:11 - [INFO] file uploaded
2025-07-31 20:17:22 - [INFO] backup completed
2025-07-31 20:50:19 - [INFO] file downloaded
2025-07-31 21:05:04 - [INFO] user login
2025-07-31 21:07:18 - [INFO] system check passed
2025-07-31 21:10:59 - [INFO] file downloaded
2025-07-31 21:33:50 - [INFO] backup completed
2025-07-31 21:35:33 - [INFO] user login
2025-07-31 21:50:52 - [INFO] backup completed
2025-07-31 21:53:12 - [INFO] user login
2025-07-31 21:53:32 - [INFO] config updated
2025-07-31 21:58:39 - [INFO] file downloaded
2025-07-31 22:09:36 - [INFO] user login
2025-07-31 22:15:12 - [INFO] config updated
2025-07-31 22:17:33 - [INFO] email sent
2025-07-31 22:20:08 - [INFO] email sent
2025-07-31 22:31:17 - [WARNING] Suspicious activity detected: sql_injection
2025-07-31 22:40:49 - [INFO] config updated
2025-07-31 23:11:19 - [INFO] system check passed
2025-07-31 23:13:03 - [WARNING] Suspicious activity detected: port_scan
2025-07-31 23:19:21 - [INFO] file uploaded
2025-07-31 23:37:39 - [INFO] email sent
2025-07-31 23:46:09 - [INFO] backup completed
2025-07-31 23:48:58 - [INFO] file downloaded
2025-07-31 23:57:18 - [INFO] backup completed