2025-04-18 00:01:09 - [WARNING] Suspicious activity detected: ddos
2025-04-18 00:03:34 - [INFO] user login
2025-04-18 00:13:57 - [WARNING] Suspicious activity detected: brute_force
2025-04-18 00:22:23 - [INFO] backup completed
2025-04-18 00:31:14 - [INFO] backup completed
2025-04-18 00:42:47 - [WARNING] Suspicious activity detected: sql_injection
2025-04-18 00:52:23 - [WARNING] Suspicious activity detected: malware
2025-04-18 01:05:44 - [WARNING] Suspicious activity detected: malware
2025-04-18 01:06:47 - [INFO] user login
2025-04-18 01:13:30 - [WARNING] Suspicious activity detected: intrusion
2025-04-18 01:19:38 - [WARNING] Suspicious activity detected: unauthorized_access
2025-04-18 01:24:22 - [WARNING] Suspicious activity detected: port_scan
2025-04-18 01:32:19 - [WARNING] Suspicious activity detected: ip_blocked
2025-04-18 01:40:02 - [INFO] file uploaded
2025-04-18 01:46:47 - [INFO] system check passed
2025-04-18 02:03:46 - [WARNING] Suspicious activity detected: brute_force
2025-04-18 02:14:29 - [INFO] config updated
2025-04-18 02:34:12 - [INFO] config updated
2025-04-18 02:34:14 - [INFO] file downloaded
2025-04-18 02:37:56 - [INFO] file downloaded
2025-04-18 02:44:30 - [WARNING] Suspicious activity detected: unauthorized_access
2025-04-18 02:53:51 - [INFO] file downloaded
2025-04-18 02:54:26 - [INFO] file uploaded
2025-04-18 03:16:40 - [INFO] user login
2025-04-18 03:23:57 - [INFO] system check passed
2025-04-18 03:30:26 - [WARNING] Suspicious activity detected: sql_injection
2025-04-18 04:33:40 - [INFO] system check passed
2025-04-18 04:35:30 - [INFO] config updated
2025-04-18 04:38:01 - [INFO] file uploaded
2025-04-18 04:44:24 - [INFO] system check passed
2025-04-18 04:52:59 - [INFO] backup completed
2025-04-18 04:57:14 - [INFO] system check passed
2025-04-18 04:57:50 - [WARNING] Suspicious activity detected: brute_force
2025-04-18 04:58:31 - [INFO] user login
2025-04-18 05:02:07 - [INFO] config updated
2025-04-18 05:07:40 - [INFO] file downloaded
2025-04-18 05:27:53 - [WARNING] Suspicious activity detected: malware
2025-04-18 05:32:25 - [WARNING] Suspicious activity detected: brute_force
2025-04-18 05:43:59 - [WARNING] Suspicious activity detected: port_scan
2025-04-18 05:51:27 - [INFO] file downloaded
2025-04-18 05:52:53 - [INFO] system check passed
2025-04-18 05:57:08 - [INFO] user login
2025-04-18 05:59:42 - [INFO] file uploaded
2025-04-18 06:06:03 - [WARNING] Suspicious activity detected: unauthorized_access
2025-04-18 06:06:31 - [INFO] file downloaded
2025-04-18 06:11:06 - [INFO] file downloaded
2025-04-18 06:14:03 - [WARNING] Suspicious activity detected: malware
2025-04-18 06:15:13 - [INFO] user login
2025-04-18 06:20:34 - [WARNING] Suspicious activity detected: sql_injection
2025-04-18 06:21:51 - [WARNING] Suspicious activity detected: brute_force
2025-04-18 06:34:45 - [INFO] file downloaded
2025-04-18 06:44:33 - [INFO] email sent
2025-04-18 06:54:11 - [INFO] backup completed
2025-04-18 06:55:10 - [INFO] file uploaded
2025-04-18 07:00:18 - [INFO] file uploaded
2025-04-18 07:10:10 - [WARNING] Suspicious activity detected: malware
2025-04-18 07:19:57 - [WARNING] Suspicious activity detected: port_scan
2025-04-18 07:21:00 - [INFO] backup completed
2025-04-18 07:43:31 - [INFO] file uploaded
2025-04-18 07:49:07 - [INFO] backup completed
2025-04-18 07:51:45 - [WARNING] Suspicious activity detected: malware
2025-04-18 07:54:39 - [INFO] backup completed
2025-04-18 08:00:42 - [INFO] system check passed
2025-04-18 08:01:00 - [INFO] email sent
2025-04-18 08:01:57 - [INFO] config updated
2025-04-18 08:02:46 - [INFO] email sent
2025-04-18 08:06:24 - [WARNING] Suspicious activity detected: port_scan
2025-04-18 08:08:51 - [WARNING] Suspicious activity detected: brute_force
2025-04-18 08:27:07 - [INFO] config updated
2025-04-18 08:32:19 - [INFO] config updated
2025-04-18 08:39:17 - [INFO] system check passed
2025-04-18 08:49:15 - [INFO] email sent
2025-04-18 08:52:22 - [INFO] backup completed
2025-04-18 08:55:08 - [INFO] file uploaded
2025-04-18 08:56:18 - [INFO] email sent
2025-04-18 09:07:14 - [WARNING] Suspicious activity detected: ddos
2025-04-18 09:09:22 - [WARNING] Suspicious activity detected: brute_force
2025-04-18 09:10:49 - [WARNING] Suspicious activity detected: intrusion
2025-04-18 09:14:21 - [WARNING] Suspicious activity detected: malware
2025-04-18 09:24:14 - [INFO] file downloaded
2025-04-18 09:27:52 - [INFO] system check passed
2025-04-18 09:30:13 - [WARNING] Suspicious activity detected: brute_force
2025-04-18 09:41:15 - [WARNING] Suspicious activity detected: intrusion
2025-04-18 09:52:22 - [WARNING] Suspicious activity detected: ip_blocked
2025-04-18 09:57:04 - [WARNING] Suspicious activity detected: intrusion
2025-04-18 10:13:19 - [INFO] file downloaded
2025-04-18 10:18:09 - [INFO] system check passed
2025-04-18 10:25:49 - [INFO] system check passed
2025-04-18 10:36:12 - [INFO] email sent
2025-04-18 10:38:43 - [WARNING] Suspicious activity detected: unauthorized_access
2025-04-18 10:55:42 - [INFO] user login
2025-04-18 10:57:07 - [WARNING] Suspicious activity detected: ip_blocked
2025-04-18 10:59:08 - [WARNING] Suspicious activity detected: unauthorized_access
2025-04-18 11:01:50 - [INFO] system check passed
2025-04-18 11:05:40 - [INFO] system check passed
2025-04-18 11:14:41 - [INFO] backup completed
2025-04-18 11:23:36 - [INFO] email sent
2025-04-18 11:28:58 - [WARNING] Suspicious activity detected: port_scan
2025-04-18 11:42:32 - [WARNING] Suspicious activity detected: ip_blocked
2025-04-18 11:50:45 - [WARNING] Suspicious activity detected: port_scan
2025-04-18 11:53:34 - [INFO] config updated
2025-04-18 11:56:38 - [INFO] user login
2025-04-18 12:46:14 - [INFO] config updated
2025-04-18 13:08:38 - [INFO] file uploaded
2025-04-18 13:11:29 - [WARNING] Suspicious activity detected: malware
2025-04-18 13:13:48 - [INFO] config updated
2025-04-18 13:36:01 - [WARNING] Suspicious activity detected: ip_blocked
2025-04-18 14:38:23 - [INFO] user login
2025-04-18 14:41:37 - [INFO] file uploaded
2025-04-18 14:46:18 - [WARNING] Suspicious activity detected: unauthorized_access
2025-04-18 14:50:04 - [INFO] backup completed
2025-04-18 14:50:27 - [WARNING] Suspicious activity detected: unauthorized_access
2025-04-18 14:51:15 - [INFO] file downloaded
2025-04-18 14:55:59 - [INFO] file downloaded
2025-04-18 15:18:18 - [INFO] file uploaded
2025-04-18 15:41:39 - [INFO] email sent
2025-04-18 15:45:33 - [INFO] config updated
2025-04-18 15:52:43 - [INFO] config updated
2025-04-18 15:57:03 - [WARNING] Suspicious activity detected: ddos
2025-04-18 16:14:48 - [INFO] file uploaded
2025-04-18 16:46:09 - [WARNING] Suspicious activity detected: ip_blocked
2025-04-18 16:53:28 - [WARNING] Suspicious activity detected: intrusion
2025-04-18 17:06:59 - [INFO] email sent
2025-04-18 17:24:06 - [INFO] backup completed
2025-04-18 17:28:11 - [INFO] user login
2025-04-18 17:46:51 - [INFO] config updated
2025-04-18 17:49:05 - [WARNING] Suspicious activity detected: port_scan
2025-04-18 17:50:27 - [INFO] file uploaded
2025-04-18 17:58:32 - [INFO] backup completed
2025-04-18 18:08:55 - [INFO] system check passed
2025-04-18 18:26:08 - [WARNING] Suspicious activity detected: brute_force
2025-04-18 18:31:23 - [INFO] config updated
2025-04-18 18:40:11 - [WARNING] Suspicious activity detected: ddos
2025-04-18 18:41:54 - [INFO] backup completed
2025-04-18 18:45:51 - [WARNING] Suspicious activity detected: sql_injection
2025-04-18 18:56:44 - [INFO] file uploaded
2025-04-18 18:57:32 - [INFO] file uploaded
2025-04-18 18:58:07 - [WARNING] Suspicious activity detected: sql_injection
2025-04-18 19:05:04 - [INFO] user login
2025-04-18 19:17:39 - [INFO] user login
2025-04-18 19:46:36 - [INFO] email sent
2025-04-18 19:50:53 - [INFO] backup completed
2025-04-18 19:55:05 - [WARNING] Suspicious activity detected: brute_force
2025-04-18 20:18:46 - [WARNING] Suspicious activity detected: ddos
2025-04-18 20:19:00 - [INFO] email sent
2025-04-18 20:34:01 - [INFO] file downloaded
2025-04-18 20:34:28 - [WARNING] Suspicious activity detected: sql_injection
2025-04-18 20:57:30 - [INFO] file downloaded
2025-04-18 21:02:45 - [INFO] backup completed
2025-04-18 21:03:02 - [INFO] file uploaded
2025-04-18 21:05:30 - [WARNING] Suspicious activity detected: brute_force
2025-04-18 21:05:47 - [WARNING] Suspicious activity detected: ip_blocked
2025-04-18 21:12:20 - [WARNING] Suspicious activity detected: brute_force
2025-04-18 21:32:34 - [INFO] backup completed
2025-04-18 21:41:26 - [INFO] config updated
2025-04-18 21:42:53 - [WARNING] Suspicious activity detected: ip_blocked
2025-04-18 21:50:00 - [INFO] file uploaded
2025-04-18 21:54:52 - [INFO] file uploaded
2025-04-18 22:12:47 - [INFO] config updated
2025-04-18 22:21:54 - [INFO] system check passed
2025-04-18 22:32:19 - [INFO] user login
2025-04-18 22:58:49 - [INFO] backup completed
2025-04-18 23:17:25 - [INFO] file downloaded
2025-04-18 23:18:14 - [INFO] user login
2025-04-18 23:41:29 - [INFO] user login
2025-04-18 23:54:12 - [INFO] system check passed
2025-04-18 23:55:54 - [INFO] file downloaded