2025-05-13 00:08:11 - [WARNING] Suspicious activity detected: malware
2025-05-13 00:15:17 - [WARNING] Suspicious activity detected: sql_injection
2025-05-13 00:22:14 - [WARNING] Suspicious activity detected: ip_blocked
2025-05-13 00:27:46 - [INFO] config updated
2025-05-13 00:36:49 - [WARNING] Suspicious activity detected: unauthorized_access
2025-05-13 00:49:11 - [WARNING] Suspicious activity detected: ddos
2025-05-13 00:49:28 - [WARNING] Suspicious activity detected: ip_blocked
2025-05-13 01:01:46 - [INFO] email sent
2025-05-13 01:02:23 - [INFO] file uploaded
2025-05-13 01:03:52 - [INFO] file downloaded
2025-05-13 01:12:55 - [INFO] backup completed
2025-05-13 01:15:49 - [INFO] backup completed
2025-05-13 01:36:43 - [INFO] system check passed
2025-05-13 01:49:04 - [WARNING] Suspicious activity detected: port_scan
2025-05-13 01:49:34 - [INFO] system check passed
2025-05-13 01:57:27 - [INFO] system check passed
2025-05-13 02:03:12 - [INFO] file downloaded
2025-05-13 02:06:01 - [INFO] email sent
2025-05-13 02:13:25 - [WARNING] Suspicious activity detected: ddos
2025-05-13 02:14:21 - [INFO] config updated
2025-05-13 02:23:26 - [INFO] file uploaded
2025-05-13 02:30:08 - [INFO] email sent
2025-05-13 02:32:27 - [WARNING] Suspicious activity detected: brute_force
2025-05-13 02:35:26 - [INFO] email sent
2025-05-13 02:43:06 - [INFO] email sent
2025-05-13 02:52:44 - [INFO] file uploaded
2025-05-13 03:10:48 - [INFO] email sent
2025-05-13 03:18:33 - [INFO] file downloaded
2025-05-13 03:30:10 - [INFO] backup completed
2025-05-13 03:32:59 - [INFO] system check passed
2025-05-13 03:53:01 - [WARNING] Suspicious activity detected: intrusion
2025-05-13 03:57:50 - [WARNING] Suspicious activity detected: port_scan
2025-05-13 03:57:52 - [INFO] user login
2025-05-13 04:03:01 - [WARNING] Suspicious activity detected: sql_injection
2025-05-13 04:04:09 - [INFO] backup completed
2025-05-13 04:08:31 - [WARNING] Suspicious activity detected: unauthorized_access
2025-05-13 04:14:08 - [WARNING] Suspicious activity detected: ip_blocked
2025-05-13 04:17:21 - [INFO] system check passed
2025-05-13 04:19:11 - [INFO] file uploaded
2025-05-13 04:21:32 - [WARNING] Suspicious activity detected: ddos
2025-05-13 04:22:03 - [INFO] user login
2025-05-13 04:38:26 - [INFO] user login
2025-05-13 04:40:33 - [WARNING] Suspicious activity detected: intrusion
2025-05-13 04:43:59 - [INFO] email sent
2025-05-13 04:46:51 - [INFO] user login
2025-05-13 04:48:44 - [INFO] config updated
2025-05-13 04:49:12 - [INFO] file uploaded
2025-05-13 04:55:00 - [WARNING] Suspicious activity detected: ddos
2025-05-13 04:59:07 - [INFO] system check passed
2025-05-13 05:17:45 - [INFO] file uploaded
2025-05-13 05:27:21 - [INFO] file downloaded
2025-05-13 05:28:53 - [WARNING] Suspicious activity detected: ddos
2025-05-13 05:29:02 - [INFO] file downloaded
2025-05-13 05:47:49 - [INFO] system check passed
2025-05-13 05:50:14 - [INFO] config updated
2025-05-13 05:59:08 - [WARNING] Suspicious activity detected: unauthorized_access
2025-05-13 06:01:48 - [WARNING] Suspicious activity detected: sql_injection
2025-05-13 06:08:05 - [WARNING] Suspicious activity detected: ddos
2025-05-13 06:12:47 - [WARNING] Suspicious activity detected: unauthorized_access
2025-05-13 06:13:30 - [INFO] config updated
2025-05-13 06:18:40 - [WARNING] Suspicious activity detected: ddos
2025-05-13 06:46:58 - [INFO] email sent
2025-05-13 06:51:57 - [INFO] config updated
2025-05-13 07:07:05 - [INFO] config updated
2025-05-13 07:10:57 - [WARNING] Suspicious activity detected: sql_injection
2025-05-13 07:15:46 - [WARNING] Suspicious activity detected: ip_blocked
2025-05-13 07:18:04 - [INFO] email sent
2025-05-13 07:19:13 - [INFO] system check passed
2025-05-13 07:21:42 - [INFO] file downloaded
2025-05-13 07:25:39 - [INFO] user login
2025-05-13 07:26:04 - [INFO] file downloaded
2025-05-13 07:28:35 - [INFO] email sent
2025-05-13 07:32:00 - [INFO] file uploaded
2025-05-13 07:33:30 - [WARNING] Suspicious activity detected: malware
2025-05-13 07:37:06 - [WARNING] Suspicious activity detected: malware
2025-05-13 07:43:52 - [INFO] user login
2025-05-13 07:44:01 - [WARNING] Suspicious activity detected: ddos
2025-05-13 07:48:02 - [WARNING] Suspicious activity detected: brute_force
2025-05-13 07:50:35 - [INFO] file uploaded
2025-05-13 07:59:49 - [WARNING] Suspicious activity detected: sql_injection
2025-05-13 08:04:44 - [INFO] user login
2025-05-13 08:10:05 - [INFO] backup completed
2025-05-13 08:42:24 - [INFO] config updated
2025-05-13 08:43:18 - [INFO] email sent
2025-05-13 08:44:35 - [INFO] file downloaded
2025-05-13 08:49:21 - [INFO] config updated
2025-05-13 08:56:48 - [INFO] file uploaded
2025-05-13 09:01:06 - [INFO] file uploaded
2025-05-13 09:09:33 - [INFO] file uploaded
2025-05-13 09:12:07 - [INFO] file uploaded
2025-05-13 09:14:31 - [WARNING] Suspicious activity detected: ddos
2025-05-13 09:15:04 - [INFO] backup completed
2025-05-13 09:20:19 - [INFO] email sent
2025-05-13 09:20:55 - [INFO] system check passed
2025-05-13 09:31:46 - [INFO] config updated
2025-05-13 09:32:03 - [INFO] backup completed
2025-05-13 09:38:10 - [INFO] system check passed
2025-05-13 09:42:43 - [INFO] user login
2025-05-13 09:48:20 - [INFO] email sent
2025-05-13 09:58:01 - [INFO] file uploaded
2025-05-13 10:05:54 - [WARNING] Suspicious activity detected: port_scan
2025-05-13 10:08:29 - [WARNING] Suspicious activity detected: ddos
2025-05-13 10:14:25 - [INFO] user login
2025-05-13 10:22:25 - [WARNING] Suspicious activity detected: ddos
2025-05-13 10:37:46 - [INFO] email sent
2025-05-13 10:52:09 - [INFO] config updated
2025-05-13 11:10:07 - [INFO] user login
2025-05-13 11:22:36 - [INFO] backup completed
2025-05-13 11:26:29 - [WARNING] Suspicious activity detected: ip_blocked
2025-05-13 11:33:09 - [INFO] file downloaded
2025-05-13 11:39:16 - [INFO] user login
2025-05-13 11:42:16 - [WARNING] Suspicious activity detected: ddos
2025-05-13 11:43:48 - [INFO] system check passed
2025-05-13 11:43:58 - [WARNING] Suspicious activity detected: intrusion
2025-05-13 11:45:05 - [INFO] backup completed
2025-05-13 11:46:02 - [INFO] config updated
2025-05-13 11:53:55 - [INFO] file uploaded
2025-05-13 11:56:54 - [WARNING] Suspicious activity detected: ddos
2025-05-13 12:00:39 - [INFO] user login
2025-05-13 12:01:09 - [INFO] config updated
2025-05-13 12:06:28 - [INFO] file uploaded
2025-05-13 12:13:43 - [INFO] config updated
2025-05-13 12:15:51 - [WARNING] Suspicious activity detected: intrusion
2025-05-13 12:16:34 - [INFO] email sent
2025-05-13 12:19:03 - [INFO] email sent
2025-05-13 12:36:39 - [INFO] backup completed
2025-05-13 12:40:04 - [WARNING] Suspicious activity detected: ddos
2025-05-13 12:43:53 - [INFO] file downloaded
2025-05-13 12:47:33 - [INFO] user login
2025-05-13 12:55:09 - [INFO] file uploaded
2025-05-13 13:01:20 - [WARNING] Suspicious activity detected: brute_force
2025-05-13 13:07:23 - [INFO] config updated
2025-05-13 13:15:00 - [WARNING] Suspicious activity detected: brute_force
2025-05-13 13:35:34 - [INFO] email sent
2025-05-13 13:36:34 - [INFO] config updated
2025-05-13 13:45:10 - [WARNING] Suspicious activity detected: ddos
2025-05-13 13:45:32 - [INFO] file downloaded
2025-05-13 13:46:11 - [INFO] file downloaded
2025-05-13 13:46:29 - [INFO] email sent
2025-05-13 13:49:39 - [INFO] user login
2025-05-13 13:50:55 - [WARNING] Suspicious activity detected: brute_force
2025-05-13 13:52:24 - [WARNING] Suspicious activity detected: intrusion
2025-05-13 14:00:15 - [INFO] system check passed
2025-05-13 14:03:26 - [INFO] user login
2025-05-13 14:04:13 - [WARNING] Suspicious activity detected: brute_force
2025-05-13 14:09:45 - [INFO] email sent
2025-05-13 14:30:41 - [INFO] config updated
2025-05-13 14:33:54 - [INFO] file uploaded
2025-05-13 14:46:13 - [INFO] file uploaded
2025-05-13 14:49:02 - [INFO] config updated
2025-05-13 14:59:38 - [INFO] config updated
2025-05-13 15:04:51 - [INFO] backup completed
2025-05-13 15:07:30 - [INFO] system check passed
2025-05-13 15:19:00 - [INFO] system check passed
2025-05-13 15:23:49 - [INFO] email sent
2025-05-13 15:25:18 - [INFO] file uploaded
2025-05-13 15:42:28 - [INFO] file uploaded
2025-05-13 15:45:20 - [WARNING] Suspicious activity detected: brute_force
2025-05-13 15:49:16 - [WARNING] Suspicious activity detected: port_scan
2025-05-13 15:56:53 - [INFO] config updated
2025-05-13 16:19:14 - [WARNING] Suspicious activity detected: intrusion
2025-05-13 16:19:21 - [WARNING] Suspicious activity detected: ddos
2025-05-13 16:22:14 - [INFO] email sent
2025-05-13 16:23:26 - [INFO] config updated
2025-05-13 16:29:58 - [INFO] config updated
2025-05-13 16:37:00 - [WARNING] Suspicious activity detected: brute_force
2025-05-13 16:39:57 - [INFO] email sent
2025-05-13 16:48:43 - [WARNING] Suspicious activity detected: brute_force
2025-05-13 16:57:07 - [INFO] system check passed
2025-05-13 16:59:46 - [INFO] email sent
2025-05-13 17:12:18 - [INFO] system check passed
2025-05-13 17:18:19 - [WARNING] Suspicious activity detected: sql_injection
2025-05-13 17:18:47 - [WARNING] Suspicious activity detected: ddos
2025-05-13 17:35:33 - [INFO] file downloaded
2025-05-13 17:40:38 - [INFO] file downloaded
2025-05-13 17:44:40 - [INFO] system check passed
2025-05-13 17:48:57 - [WARNING] Suspicious activity detected: malware
2025-05-13 17:53:29 - [INFO] file downloaded
2025-05-13 17:56:18 - [INFO] user login
2025-05-13 17:56:54 - [INFO] config updated
2025-05-13 18:08:02 - [INFO] file downloaded
2025-05-13 18:17:12 - [INFO] user login
2025-05-13 18:19:48 - [INFO] system check passed
2025-05-13 18:21:55 - [WARNING] Suspicious activity detected: intrusion
2025-05-13 18:24:00 - [INFO] backup completed
2025-05-13 18:26:30 - [INFO] file downloaded
2025-05-13 18:33:35 - [INFO] email sent
2025-05-13 18:38:16 - [INFO] file downloaded
2025-05-13 18:38:49 - [WARNING] Suspicious activity detected: malware
2025-05-13 19:12:43 - [WARNING] Suspicious activity detected: brute_force
2025-05-13 19:19:04 - [INFO] backup completed
2025-05-13 19:21:24 - [WARNING] Suspicious activity detected: brute_force
2025-05-13 19:23:15 - [INFO] config updated
2025-05-13 19:26:08 - [WARNING] Suspicious activity detected: intrusion
2025-05-13 19:28:57 - [WARNING] Suspicious activity detected: unauthorized_access
2025-05-13 19:38:08 - [WARNING] Suspicious activity detected: intrusion
2025-05-13 19:40:46 - [WARNING] Suspicious activity detected: port_scan
2025-05-13 19:40:54 - [WARNING] Suspicious activity detected: malware
2025-05-13 19:43:33 - [WARNING] Suspicious activity detected: port_scan
2025-05-13 19:52:48 - [INFO] system check passed
2025-05-13 20:03:18 - [WARNING] Suspicious activity detected: sql_injection
2025-05-13 20:04:17 - [INFO] system check passed
2025-05-13 20:05:25 - [INFO] file downloaded
2025-05-13 20:11:01 - [WARNING] Suspicious activity detected: sql_injection
2025-05-13 20:12:16 - [WARNING] Suspicious activity detected: sql_injection
2025-05-13 20:15:26 - [WARNING] Suspicious activity detected: sql_injection
2025-05-13 20:15:58 - [INFO] backup completed
2025-05-13 20:16:19 - [WARNING] Suspicious activity detected: intrusion
2025-05-13 20:20:59 - [WARNING] Suspicious activity detected: sql_injection
2025-05-13 20:24:17 - [WARNING] Suspicious activity detected: ip_blocked
2025-05-13 20:25:44 - [INFO] backup completed
2025-05-13 20:29:37 - [INFO] config updated
2025-05-13 20:37:56 - [INFO] file downloaded
2025-05-13 20:42:33 - [INFO] file downloaded
2025-05-13 20:42:46 - [INFO] email sent
2025-05-13 20:43:44 - [WARNING] Suspicious activity detected: intrusion
2025-05-13 20:46:35 - [WARNING] Suspicious activity detected: brute_force
2025-05-13 20:50:05 - [WARNING] Suspicious activity detected: sql_injection
2025-05-13 20:50:07 - [WARNING] Suspicious activity detected: malware
2025-05-13 20:51:04 - [INFO] system check passed
2025-05-13 20:55:14 - [WARNING] Suspicious activity detected: brute_force
2025-05-13 20:57:32 - [INFO] user login
2025-05-13 21:19:12 - [WARNING] Suspicious activity detected: brute_force
2025-05-13 21:21:41 - [INFO] user login
2025-05-13 21:34:09 - [INFO] backup completed
2025-05-13 21:34:49 - [INFO] file downloaded
2025-05-13 21:35:50 - [INFO] backup completed
2025-05-13 21:38:57 - [INFO] backup completed
2025-05-13 21:46:39 - [INFO] file uploaded
2025-05-13 21:48:08 - [INFO] config updated
2025-05-13 21:49:13 - [WARNING] Suspicious activity detected: sql_injection
2025-05-13 21:51:07 - [INFO] file downloaded
2025-05-13 21:56:35 - [INFO] email sent
2025-05-13 22:01:30 - [INFO] file downloaded
2025-05-13 22:08:18 - [INFO] config updated
2025-05-13 22:23:37 - [INFO] file downloaded
2025-05-13 22:25:08 - [INFO] user login
2025-05-13 22:26:14 - [INFO] file downloaded
2025-05-13 22:35:19 - [INFO] file uploaded
2025-05-13 22:39:26 - [INFO] file uploaded
2025-05-13 22:40:52 - [INFO] file uploaded
2025-05-13 22:49:04 - [INFO] file downloaded
2025-05-13 23:00:01 - [WARNING] Suspicious activity detected: intrusion
2025-05-13 23:03:27 - [INFO] config updated
2025-05-13 23:04:43 - [INFO] file uploaded
2025-05-13 23:06:46 - [INFO] file uploaded
2025-05-13 23:07:30 - [INFO] config updated
2025-05-13 23:10:06 - [WARNING] Suspicious activity detected: ddos
2025-05-13 23:15:22 - [WARNING] Suspicious activity detected: intrusion
2025-05-13 23:26:59 - [INFO] file uploaded
2025-05-13 23:28:01 - [INFO] email sent
2025-05-13 23:37:00 - [WARNING] Suspicious activity detected: malware
2025-05-13 23:37:31 - [WARNING] Suspicious activity detected: unauthorized_access
2025-05-13 23:53:35 - [WARNING] Suspicious activity detected: intrusion
2025-05-13 23:54:17 - [INFO] user login