2025-05-21 00:00:18 - [WARNING] Suspicious activity detected: brute_force
2025-05-21 00:22:02 - [WARNING] Suspicious activity detected: brute_force
2025-05-21 00:22:02 - [INFO] system check passed
2025-05-21 00:26:54 - [INFO] file uploaded
2025-05-21 00:27:38 - [INFO] email sent
2025-05-21 00:28:21 - [INFO] backup completed
2025-05-21 00:35:00 - [WARNING] Suspicious activity detected: ip_blocked
2025-05-21 01:03:19 - [WARNING] Suspicious activity detected: malware
2025-05-21 01:04:33 - [WARNING] Suspicious activity detected: sql_injection
2025-05-21 01:12:00 - [WARNING] Suspicious activity detected: intrusion
2025-05-21 01:52:37 - [INFO] backup completed
2025-05-21 02:02:53 - [INFO] file downloaded
2025-05-21 02:05:23 - [INFO] file downloaded
2025-05-21 02:11:35 - [INFO] system check passed
2025-05-21 02:17:04 - [WARNING] Suspicious activity detected: port_scan
2025-05-21 02:23:54 - [INFO] file downloaded
2025-05-21 02:32:47 - [INFO] email sent
2025-05-21 02:32:54 - [WARNING] Suspicious activity detected: unauthorized_access
2025-05-21 02:33:47 - [INFO] email sent
2025-05-21 02:33:59 - [INFO] system check passed
2025-05-21 02:34:54 - [WARNING] Suspicious activity detected: ip_blocked
2025-05-21 02:42:39 - [WARNING] Suspicious activity detected: ip_blocked
2025-05-21 02:55:13 - [INFO] email sent
2025-05-21 02:56:06 - [INFO] config updated
2025-05-21 03:14:41 - [INFO] file downloaded
2025-05-21 03:31:12 - [WARNING] Suspicious activity detected: ddos
2025-05-21 03:31:43 - [INFO] file uploaded
2025-05-21 03:40:10 - [WARNING] Suspicious activity detected: unauthorized_access
2025-05-21 03:41:21 - [WARNING] Suspicious activity detected: malware
2025-05-21 03:44:14 - [INFO] user login
2025-05-21 03:50:21 - [WARNING] Suspicious activity detected: intrusion
2025-05-21 03:53:56 - [WARNING] Suspicious activity detected: intrusion
2025-05-21 03:55:41 - [WARNING] Suspicious activity detected: ip_blocked
2025-05-21 03:59:54 - [INFO] file uploaded
2025-05-21 04:00:10 - [WARNING] Suspicious activity detected: port_scan
2025-05-21 04:01:30 - [WARNING] Suspicious activity detected: unauthorized_access
2025-05-21 04:07:18 - [WARNING] Suspicious activity detected: ip_blocked
2025-05-21 04:15:41 - [INFO] config updated
2025-05-21 04:27:31 - [INFO] system check passed
2025-05-21 04:29:26 - [INFO] config updated
2025-05-21 04:32:31 - [INFO] config updated
2025-05-21 04:35:10 - [INFO] email sent
2025-05-21 04:41:22 - [WARNING] Suspicious activity detected: sql_injection
2025-05-21 05:03:07 - [WARNING] Suspicious activity detected: port_scan
2025-05-21 05:14:24 - [INFO] backup completed
2025-05-21 05:15:09 - [WARNING] Suspicious activity detected: unauthorized_access
2025-05-21 05:21:44 - [INFO] config updated
2025-05-21 05:24:58 - [INFO] file uploaded
2025-05-21 05:37:53 - [INFO] system check passed
2025-05-21 05:56:56 - [INFO] config updated
2025-05-21 05:59:43 - [INFO] system check passed
2025-05-21 06:00:32 - [INFO] file uploaded
2025-05-21 06:00:57 - [INFO] user login
2025-05-21 06:09:59 - [INFO] file uploaded
2025-05-21 06:30:01 - [WARNING] Suspicious activity detected: intrusion
2025-05-21 06:54:53 - [INFO] email sent
2025-05-21 06:59:08 - [INFO] file uploaded
2025-05-21 07:05:28 - [INFO] file uploaded
2025-05-21 07:12:35 - [INFO] config updated
2025-05-21 07:13:40 - [INFO] system check passed
2025-05-21 07:21:42 - [INFO] file uploaded
2025-05-21 07:23:00 - [INFO] system check passed
2025-05-21 07:23:18 - [INFO] file downloaded
2025-05-21 07:39:41 - [WARNING] Suspicious activity detected: ip_blocked
2025-05-21 07:41:24 - [INFO] file uploaded
2025-05-21 07:42:32 - [WARNING] Suspicious activity detected: brute_force
2025-05-21 07:45:17 - [WARNING] Suspicious activity detected: ip_blocked
2025-05-21 07:48:24 - [WARNING] Suspicious activity detected: ddos
2025-05-21 08:01:36 - [INFO] user login
2025-05-21 08:14:16 - [INFO] file uploaded
2025-05-21 08:22:32 - [INFO] email sent
2025-05-21 08:33:25 - [WARNING] Suspicious activity detected: port_scan
2025-05-21 08:42:07 - [WARNING] Suspicious activity detected: ip_blocked
2025-05-21 08:43:55 - [WARNING] Suspicious activity detected: ddos
2025-05-21 08:44:15 - [INFO] backup completed
2025-05-21 08:45:35 - [INFO] user login
2025-05-21 08:49:16 - [INFO] system check passed
2025-05-21 08:53:59 - [WARNING] Suspicious activity detected: unauthorized_access
2025-05-21 08:59:30 - [WARNING] Suspicious activity detected: malware
2025-05-21 09:08:55 - [INFO] user login
2025-05-21 09:13:21 - [INFO] backup completed
2025-05-21 09:20:06 - [INFO] user login
2025-05-21 09:24:45 - [INFO] file downloaded
2025-05-21 09:27:37 - [INFO] backup completed
2025-05-21 09:52:01 - [WARNING] Suspicious activity detected: malware
2025-05-21 09:54:52 - [WARNING] Suspicious activity detected: brute_force
2025-05-21 09:57:13 - [INFO] system check passed
2025-05-21 10:01:10 - [INFO] file downloaded
2025-05-21 10:01:23 - [INFO] email sent
2025-05-21 10:07:34 - [INFO] system check passed
2025-05-21 10:11:18 - [INFO] email sent
2025-05-21 10:17:32 - [INFO] file uploaded
2025-05-21 10:18:23 - [INFO] file uploaded
2025-05-21 10:28:02 - [WARNING] Suspicious activity detected: port_scan
2025-05-21 10:36:13 - [WARNING] Suspicious activity detected: sql_injection
2025-05-21 10:42:01 - [WARNING] Suspicious activity detected: port_scan
2025-05-21 10:42:04 - [INFO] system check passed
2025-05-21 10:46:27 - [WARNING] Suspicious activity detected: ip_blocked
2025-05-21 11:03:44 - [INFO] email sent
2025-05-21 11:14:10 - [WARNING] Suspicious activity detected: port_scan
2025-05-21 11:15:28 - [WARNING] Suspicious activity detected: brute_force
2025-05-21 11:16:34 - [WARNING] Suspicious activity detected: ddos
2025-05-21 11:17:08 - [INFO] file uploaded
2025-05-21 11:26:59 - [WARNING] Suspicious activity detected: port_scan
2025-05-21 11:37:33 - [INFO] email sent
2025-05-21 11:46:34 - [INFO] file uploaded
2025-05-21 11:49:28 - [INFO] file downloaded
2025-05-21 12:14:08 - [INFO] file downloaded
2025-05-21 12:14:38 - [INFO] system check passed
2025-05-21 12:18:18 - [INFO] config updated
2025-05-21 12:19:21 - [WARNING] Suspicious activity detected: brute_force
2025-05-21 12:25:45 - [INFO] email sent
2025-05-21 12:33:10 - [WARNING] Suspicious activity detected: port_scan
2025-05-21 12:33:56 - [INFO] user login
2025-05-21 12:40:06 - [INFO] email sent
2025-05-21 12:47:43 - [INFO] file uploaded
2025-05-21 12:58:49 - [INFO] system check passed
2025-05-21 13:00:28 - [INFO] config updated
2025-05-21 13:00:44 - [WARNING] Suspicious activity detected: unauthorized_access
2025-05-21 13:01:06 - [WARNING] Suspicious activity detected: unauthorized_access
2025-05-21 13:04:30 - [INFO] file downloaded
2025-05-21 13:31:06 - [WARNING] Suspicious activity detected: port_scan
2025-05-21 13:34:33 - [INFO] user login
2025-05-21 13:46:06 - [WARNING] Suspicious activity detected: intrusion
2025-05-21 13:54:34 - [INFO] system check passed
2025-05-21 13:58:48 - [INFO] user login
2025-05-21 14:02:03 - [INFO] file uploaded
2025-05-21 14:02:31 - [INFO] email sent
2025-05-21 14:02:49 - [INFO] system check passed
2025-05-21 14:10:56 - [INFO] email sent
2025-05-21 14:14:57 - [INFO] system check passed
2025-05-21 14:21:37 - [WARNING] Suspicious activity detected: port_scan
2025-05-21 14:36:35 - [INFO] backup completed
2025-05-21 14:40:11 - [INFO] system check passed
2025-05-21 14:52:34 - [INFO] email sent
2025-05-21 14:53:45 - [INFO] file downloaded
2025-05-21 15:01:05 - [INFO] system check passed
2025-05-21 15:01:49 - [WARNING] Suspicious activity detected: ip_blocked
2025-05-21 15:08:42 - [INFO] backup completed
2025-05-21 15:18:11 - [WARNING] Suspicious activity detected: ip_blocked
2025-05-21 15:19:19 - [WARNING] Suspicious activity detected: port_scan
2025-05-21 15:23:33 - [INFO] config updated
2025-05-21 15:37:18 - [INFO] system check passed
2025-05-21 15:39:28 - [WARNING] Suspicious activity detected: unauthorized_access
2025-05-21 15:41:05 - [WARNING] Suspicious activity detected: unauthorized_access
2025-05-21 15:51:19 - [WARNING] Suspicious activity detected: sql_injection
2025-05-21 16:04:18 - [INFO] backup completed
2025-05-21 16:09:58 - [WARNING] Suspicious activity detected: unauthorized_access
2025-05-21 16:18:57 - [INFO] config updated
2025-05-21 16:21:47 - [INFO] config updated
2025-05-21 16:24:06 - [WARNING] Suspicious activity detected: ddos
2025-05-21 16:30:01 - [WARNING] Suspicious activity detected: ddos
2025-05-21 16:33:13 - [WARNING] Suspicious activity detected: ip_blocked
2025-05-21 16:38:57 - [INFO] file downloaded
2025-05-21 16:43:23 - [INFO] email sent
2025-05-21 17:02:56 - [WARNING] Suspicious activity detected: brute_force
2025-05-21 17:23:47 - [INFO] backup completed
2025-05-21 17:25:38 - [WARNING] Suspicious activity detected: ddos
2025-05-21 17:31:49 - [INFO] file uploaded
2025-05-21 17:31:56 - [INFO] backup completed
2025-05-21 17:32:30 - [WARNING] Suspicious activity detected: ddos
2025-05-21 17:34:55 - [INFO] file uploaded
2025-05-21 17:35:30 - [WARNING] Suspicious activity detected: brute_force
2025-05-21 17:36:55 - [WARNING] Suspicious activity detected: ddos
2025-05-21 17:38:09 - [WARNING] Suspicious activity detected: sql_injection
2025-05-21 17:45:16 - [WARNING] Suspicious activity detected: port_scan
2025-05-21 17:54:49 - [WARNING] Suspicious activity detected: port_scan
2025-05-21 18:03:51 - [WARNING] Suspicious activity detected: malware
2025-05-21 18:05:02 - [INFO] file uploaded
2025-05-21 18:07:13 - [INFO] system check passed
2025-05-21 18:13:54 - [INFO] backup completed
2025-05-21 18:19:10 - [WARNING] Suspicious activity detected: ip_blocked
2025-05-21 18:21:15 - [INFO] file downloaded
2025-05-21 18:32:20 - [INFO] user login
2025-05-21 18:34:04 - [INFO] user login
2025-05-21 18:36:50 - [INFO] file uploaded
2025-05-21 18:39:41 - [INFO] email sent
2025-05-21 18:43:32 - [INFO] config updated
2025-05-21 18:49:41 - [WARNING] Suspicious activity detected: unauthorized_access
2025-05-21 19:19:09 - [WARNING] Suspicious activity detected: brute_force
2025-05-21 19:19:51 - [INFO] backup completed
2025-05-21 19:29:44 - [WARNING] Suspicious activity detected: ip_blocked
2025-05-21 19:29:47 - [WARNING] Suspicious activity detected: ip_blocked
2025-05-21 19:32:19 - [INFO] config updated
2025-05-21 19:38:00 - [WARNING] Suspicious activity detected: unauthorized_access
2025-05-21 19:44:44 - [INFO] email sent
2025-05-21 20:02:01 - [INFO] backup completed
2025-05-21 20:03:00 - [WARNING] Suspicious activity detected: unauthorized_access
2025-05-21 20:03:27 - [WARNING] Suspicious activity detected: brute_force
2025-05-21 20:05:13 - [INFO] system check passed
2025-05-21 20:08:56 - [INFO] config updated
2025-05-21 20:13:45 - [INFO] backup completed
2025-05-21 20:16:53 - [INFO] file downloaded
2025-05-21 20:18:21 - [WARNING] Suspicious activity detected: intrusion
2025-05-21 20:20:42 - [INFO] user login
2025-05-21 20:23:55 - [WARNING] Suspicious activity detected: sql_injection
2025-05-21 20:26:58 - [WARNING] Suspicious activity detected: unauthorized_access
2025-05-21 20:32:50 - [WARNING] Suspicious activity detected: ddos
2025-05-21 20:40:16 - [WARNING] Suspicious activity detected: brute_force
2025-05-21 20:42:17 - [WARNING] Suspicious activity detected: malware
2025-05-21 20:44:23 - [INFO] config updated
2025-05-21 20:45:38 - [WARNING] Suspicious activity detected: malware
2025-05-21 20:48:41 - [WARNING] Suspicious activity detected: ddos
2025-05-21 20:49:56 - [WARNING] Suspicious activity detected: ddos
2025-05-21 21:08:48 - [INFO] user login
2025-05-21 21:12:52 - [WARNING] Suspicious activity detected: brute_force
2025-05-21 21:15:02 - [WARNING] Suspicious activity detected: ip_blocked
2025-05-21 21:20:24 - [WARNING] Suspicious activity detected: sql_injection
2025-05-21 21:26:24 - [WARNING] Suspicious activity detected: intrusion
2025-05-21 21:30:20 - [INFO] user login
2025-05-21 21:32:46 - [WARNING] Suspicious activity detected: unauthorized_access
2025-05-21 21:34:15 - [INFO] email sent
2025-05-21 21:36:39 - [INFO] file uploaded
2025-05-21 21:41:18 - [INFO] file downloaded
2025-05-21 21:41:33 - [WARNING] Suspicious activity detected: malware
2025-05-21 21:42:00 - [INFO] backup completed
2025-05-21 21:42:37 - [WARNING] Suspicious activity detected: ip_blocked
2025-05-21 21:53:40 - [WARNING] Suspicious activity detected: unauthorized_access
2025-05-21 22:04:14 - [WARNING] Suspicious activity detected: port_scan
2025-05-21 22:15:20 - [WARNING] Suspicious activity detected: sql_injection
2025-05-21 22:18:22 - [INFO] user login
2025-05-21 22:24:22 - [WARNING] Suspicious activity detected: ip_blocked
2025-05-21 22:30:37 - [WARNING] Suspicious activity detected: malware
2025-05-21 22:32:57 - [INFO] file uploaded
2025-05-21 22:36:20 - [INFO] email sent
2025-05-21 22:43:02 - [INFO] file uploaded
2025-05-21 22:52:30 - [WARNING] Suspicious activity detected: brute_force
2025-05-21 23:05:51 - [INFO] user login
2025-05-21 23:10:53 - [INFO] backup completed
2025-05-21 23:15:58 - [INFO] file uploaded
2025-05-21 23:26:18 - [INFO] system check passed
2025-05-21 23:36:32 - [WARNING] Suspicious activity detected: malware
2025-05-21 23:40:54 - [WARNING] Suspicious activity detected: unauthorized_access
2025-05-21 23:43:55 - [INFO] user login
2025-05-21 23:46:38 - [WARNING] Suspicious activity detected: brute_force
2025-05-21 23:54:41 - [INFO] file uploaded