2025-06-05 00:04:11 - [INFO] file downloaded
2025-06-05 00:16:29 - [WARNING] Suspicious activity detected: malware
2025-06-05 00:23:43 - [INFO] system check passed
2025-06-05 00:25:25 - [INFO] email sent
2025-06-05 00:30:54 - [WARNING] Suspicious activity detected: sql_injection
2025-06-05 00:31:23 - [WARNING] Suspicious activity detected: brute_force
2025-06-05 00:35:18 - [INFO] system check passed
2025-06-05 00:42:58 - [WARNING] Suspicious activity detected: port_scan
2025-06-05 01:24:40 - [INFO] backup completed
2025-06-05 01:29:10 - [WARNING] Suspicious activity detected: ip_blocked
2025-06-05 01:45:17 - [WARNING] Suspicious activity detected: ip_blocked
2025-06-05 01:49:06 - [INFO] file uploaded
2025-06-05 02:03:06 - [INFO] email sent
2025-06-05 02:04:25 - [WARNING] Suspicious activity detected: intrusion
2025-06-05 02:05:25 - [INFO] user login
2025-06-05 02:19:25 - [WARNING] Suspicious activity detected: port_scan
2025-06-05 02:19:39 - [INFO] user login
2025-06-05 02:20:09 - [INFO] file uploaded
2025-06-05 02:22:41 - [INFO] config updated
2025-06-05 02:32:44 - [INFO] file uploaded
2025-06-05 02:34:37 - [INFO] user login
2025-06-05 02:45:32 - [INFO] user login
2025-06-05 02:48:47 - [INFO] email sent
2025-06-05 03:01:39 - [WARNING] Suspicious activity detected: ddos
2025-06-05 03:11:30 - [INFO] backup completed
2025-06-05 03:14:00 - [INFO] config updated
2025-06-05 03:19:29 - [WARNING] Suspicious activity detected: unauthorized_access
2025-06-05 03:27:18 - [INFO] system check passed
2025-06-05 03:29:49 - [WARNING] Suspicious activity detected: intrusion
2025-06-05 03:43:50 - [INFO] system check passed
2025-06-05 03:49:14 - [INFO] backup completed
2025-06-05 04:08:16 - [INFO] config updated
2025-06-05 04:10:33 - [WARNING] Suspicious activity detected: sql_injection
2025-06-05 04:12:42 - [INFO] file uploaded
2025-06-05 04:13:55 - [INFO] email sent
2025-06-05 04:23:34 - [INFO] user login
2025-06-05 04:28:53 - [INFO] system check passed
2025-06-05 04:29:13 - [WARNING] Suspicious activity detected: unauthorized_access
2025-06-05 04:44:39 - [WARNING] Suspicious activity detected: brute_force
2025-06-05 05:20:11 - [INFO] file downloaded
2025-06-05 05:27:35 - [INFO] file uploaded
2025-06-05 05:28:08 - [INFO] email sent
2025-06-05 05:36:12 - [INFO] backup completed
2025-06-05 05:40:20 - [INFO] email sent
2025-06-05 05:47:02 - [INFO] email sent
2025-06-05 05:55:28 - [INFO] config updated
2025-06-05 06:10:00 - [INFO] file downloaded
2025-06-05 06:11:00 - [INFO] file downloaded
2025-06-05 06:29:06 - [INFO] config updated
2025-06-05 06:33:14 - [WARNING] Suspicious activity detected: intrusion
2025-06-05 06:40:02 - [INFO] file uploaded
2025-06-05 06:43:41 - [INFO] config updated
2025-06-05 06:51:56 - [WARNING] Suspicious activity detected: unauthorized_access
2025-06-05 06:54:37 - [INFO] email sent
2025-06-05 06:57:06 - [WARNING] Suspicious activity detected: brute_force
2025-06-05 07:37:00 - [WARNING] Suspicious activity detected: brute_force
2025-06-05 07:48:45 - [INFO] file uploaded
2025-06-05 07:56:48 - [WARNING] Suspicious activity detected: ip_blocked
2025-06-05 08:25:52 - [WARNING] Suspicious activity detected: port_scan
2025-06-05 08:29:59 - [WARNING] Suspicious activity detected: port_scan
2025-06-05 08:31:06 - [WARNING] Suspicious activity detected: malware
2025-06-05 08:36:38 - [INFO] backup completed
2025-06-05 08:41:24 - [INFO] user login
2025-06-05 08:49:11 - [INFO] user login
2025-06-05 09:02:51 - [INFO] backup completed
2025-06-05 09:03:49 - [INFO] file uploaded
2025-06-05 09:07:28 - [INFO] user login
2025-06-05 09:27:15 - [WARNING] Suspicious activity detected: ip_blocked
2025-06-05 09:34:56 - [INFO] backup completed
2025-06-05 09:51:25 - [INFO] config updated
2025-06-05 10:02:13 - [INFO] backup completed
2025-06-05 10:06:35 - [INFO] file downloaded
2025-06-05 10:30:40 - [INFO] user login
2025-06-05 10:36:37 - [WARNING] Suspicious activity detected: ddos
2025-06-05 10:48:05 - [INFO] config updated
2025-06-05 10:49:01 - [INFO] email sent
2025-06-05 10:50:22 - [WARNING] Suspicious activity detected: malware
2025-06-05 10:50:48 - [INFO] backup completed
2025-06-05 10:58:27 - [INFO] email sent
2025-06-05 11:11:39 - [INFO] file uploaded
2025-06-05 11:13:06 - [INFO] email sent
2025-06-05 11:32:03 - [INFO] file downloaded
2025-06-05 11:36:57 - [INFO] file uploaded
2025-06-05 11:40:30 - [WARNING] Suspicious activity detected: port_scan
2025-06-05 11:42:52 - [INFO] email sent
2025-06-05 11:51:16 - [INFO] config updated
2025-06-05 11:56:49 - [INFO] backup completed
2025-06-05 12:20:20 - [INFO] file uploaded
2025-06-05 12:25:41 - [INFO] file downloaded
2025-06-05 12:29:57 - [WARNING] Suspicious activity detected: sql_injection
2025-06-05 12:31:53 - [WARNING] Suspicious activity detected: unauthorized_access
2025-06-05 12:47:31 - [WARNING] Suspicious activity detected: ip_blocked
2025-06-05 12:58:46 - [WARNING] Suspicious activity detected: unauthorized_access
2025-06-05 13:00:48 - [INFO] file uploaded
2025-06-05 13:06:33 - [WARNING] Suspicious activity detected: ddos
2025-06-05 13:07:28 - [WARNING] Suspicious activity detected: ip_blocked
2025-06-05 13:13:15 - [WARNING] Suspicious activity detected: sql_injection
2025-06-05 13:37:13 - [INFO] system check passed
2025-06-05 13:44:20 - [WARNING] Suspicious activity detected: port_scan
2025-06-05 14:07:33 - [WARNING] Suspicious activity detected: ip_blocked
2025-06-05 14:07:34 - [WARNING] Suspicious activity detected: sql_injection
2025-06-05 14:25:40 - [INFO] file downloaded
2025-06-05 14:54:00 - [WARNING] Suspicious activity detected: sql_injection
2025-06-05 15:07:59 - [WARNING] Suspicious activity detected: ddos
2025-06-05 15:14:09 - [INFO] backup completed
2025-06-05 15:16:50 - [INFO] system check passed
2025-06-05 15:19:06 - [WARNING] Suspicious activity detected: ddos
2025-06-05 15:27:31 - [INFO] file uploaded
2025-06-05 15:30:49 - [INFO] backup completed
2025-06-05 15:31:07 - [INFO] system check passed
2025-06-05 15:37:07 - [INFO] file uploaded
2025-06-05 15:43:35 - [WARNING] Suspicious activity detected: sql_injection
2025-06-05 15:44:34 - [INFO] file uploaded
2025-06-05 15:46:08 - [INFO] email sent
2025-06-05 15:49:51 - [INFO] config updated
2025-06-05 16:02:34 - [INFO] user login
2025-06-05 16:09:52 - [INFO] config updated
2025-06-05 16:11:48 - [INFO] config updated
2025-06-05 16:18:18 - [INFO] file downloaded
2025-06-05 16:20:13 - [INFO] backup completed
2025-06-05 16:24:10 - [INFO] file downloaded
2025-06-05 16:40:40 - [WARNING] Suspicious activity detected: intrusion
2025-06-05 16:47:33 - [INFO] email sent
2025-06-05 16:49:40 - [INFO] backup completed
2025-06-05 16:54:19 - [INFO] backup completed
2025-06-05 17:03:35 - [WARNING] Suspicious activity detected: brute_force
2025-06-05 17:07:33 - [WARNING] Suspicious activity detected: unauthorized_access
2025-06-05 17:13:11 - [INFO] config updated
2025-06-05 17:34:56 - [WARNING] Suspicious activity detected: sql_injection
2025-06-05 18:13:39 - [WARNING] Suspicious activity detected: port_scan
2025-06-05 18:16:22 - [INFO] user login
2025-06-05 18:22:10 - [INFO] config updated
2025-06-05 18:30:50 - [INFO] file uploaded
2025-06-05 18:38:23 - [INFO] user login
2025-06-05 18:42:15 - [INFO] config updated
2025-06-05 18:42:53 - [INFO] user login
2025-06-05 18:50:19 - [WARNING] Suspicious activity detected: malware
2025-06-05 18:51:05 - [INFO] config updated
2025-06-05 18:53:17 - [INFO] user login
2025-06-05 18:59:11 - [WARNING] Suspicious activity detected: unauthorized_access
2025-06-05 19:21:20 - [WARNING] Suspicious activity detected: port_scan
2025-06-05 19:27:55 - [WARNING] Suspicious activity detected: malware
2025-06-05 19:33:05 - [INFO] user login
2025-06-05 20:05:37 - [INFO] file uploaded
2025-06-05 20:19:10 - [INFO] file uploaded
2025-06-05 20:21:51 - [INFO] email sent
2025-06-05 20:22:18 - [INFO] file downloaded
2025-06-05 20:40:58 - [WARNING] Suspicious activity detected: sql_injection
2025-06-05 20:47:53 - [INFO] file uploaded
2025-06-05 20:54:40 - [INFO] file downloaded
2025-06-05 20:55:08 - [INFO] backup completed
2025-06-05 20:56:27 - [INFO] email sent
2025-06-05 20:57:58 - [WARNING] Suspicious activity detected: brute_force
2025-06-05 20:58:32 - [WARNING] Suspicious activity detected: ip_blocked
2025-06-05 21:09:27 - [INFO] backup completed
2025-06-05 21:10:55 - [INFO] file uploaded
2025-06-05 21:24:29 - [INFO] system check passed
2025-06-05 21:34:08 - [INFO] backup completed
2025-06-05 21:53:29 - [INFO] user login
2025-06-05 22:08:59 - [WARNING] Suspicious activity detected: sql_injection
2025-06-05 22:13:34 - [INFO] user login
2025-06-05 22:16:41 - [WARNING] Suspicious activity detected: ip_blocked
2025-06-05 22:17:11 - [WARNING] Suspicious activity detected: brute_force
2025-06-05 22:19:21 - [WARNING] Suspicious activity detected: brute_force
2025-06-05 22:21:26 - [INFO] email sent
2025-06-05 22:31:37 - [INFO] config updated
2025-06-05 22:40:38 - [WARNING] Suspicious activity detected: intrusion
2025-06-05 22:42:37 - [WARNING] Suspicious activity detected: sql_injection
2025-06-05 22:43:46 - [INFO] file uploaded
2025-06-05 22:48:32 - [WARNING] Suspicious activity detected: malware
2025-06-05 22:51:08 - [INFO] file uploaded
2025-06-05 22:57:49 - [INFO] user login
2025-06-05 23:12:36 - [WARNING] Suspicious activity detected: ip_blocked
2025-06-05 23:17:08 - [WARNING] Suspicious activity detected: malware
2025-06-05 23:33:42 - [INFO] email sent
2025-06-05 23:49:15 - [INFO] file downloaded
2025-06-05 23:50:36 - [INFO] system check passed