2025-06-23 00:07:40 - [INFO] config updated
2025-06-23 00:11:55 - [INFO] file downloaded
2025-06-23 00:32:34 - [WARNING] Suspicious activity detected: ip_blocked
2025-06-23 00:39:57 - [INFO] email sent
2025-06-23 00:41:31 - [INFO] user login
2025-06-23 00:51:41 - [INFO] user login
2025-06-23 00:51:53 - [INFO] config updated
2025-06-23 00:58:36 - [INFO] backup completed
2025-06-23 01:01:52 - [INFO] email sent
2025-06-23 01:06:31 - [INFO] config updated
2025-06-23 01:14:47 - [INFO] user login
2025-06-23 01:16:11 - [INFO] user login
2025-06-23 01:24:36 - [WARNING] Suspicious activity detected: sql_injection
2025-06-23 01:51:17 - [INFO] backup completed
2025-06-23 02:12:08 - [INFO] email sent
2025-06-23 02:19:42 - [INFO] backup completed
2025-06-23 02:22:46 - [INFO] email sent
2025-06-23 02:39:12 - [INFO] config updated
2025-06-23 02:43:14 - [INFO] file downloaded
2025-06-23 02:43:16 - [INFO] email sent
2025-06-23 02:50:34 - [WARNING] Suspicious activity detected: malware
2025-06-23 03:08:47 - [INFO] config updated
2025-06-23 03:16:35 - [INFO] backup completed
2025-06-23 03:22:36 - [INFO] system check passed
2025-06-23 03:33:43 - [INFO] user login
2025-06-23 03:45:10 - [INFO] email sent
2025-06-23 03:54:23 - [INFO] backup completed
2025-06-23 03:54:52 - [INFO] file uploaded
2025-06-23 03:55:08 - [INFO] config updated
2025-06-23 03:56:48 - [INFO] file downloaded
2025-06-23 03:58:15 - [INFO] config updated
2025-06-23 04:01:29 - [WARNING] Suspicious activity detected: ip_blocked
2025-06-23 04:10:27 - [INFO] email sent
2025-06-23 04:11:46 - [INFO] system check passed
2025-06-23 04:49:09 - [WARNING] Suspicious activity detected: malware
2025-06-23 04:50:56 - [INFO] config updated
2025-06-23 04:51:40 - [INFO] email sent
2025-06-23 04:55:19 - [INFO] user login
2025-06-23 05:06:17 - [INFO] user login
2025-06-23 05:09:27 - [INFO] backup completed
2025-06-23 05:20:40 - [INFO] config updated
2025-06-23 05:35:38 - [INFO] backup completed
2025-06-23 05:42:06 - [WARNING] Suspicious activity detected: sql_injection
2025-06-23 05:42:41 - [INFO] user login
2025-06-23 05:44:42 - [INFO] system check passed
2025-06-23 06:01:46 - [WARNING] Suspicious activity detected: unauthorized_access
2025-06-23 06:30:57 - [INFO] config updated
2025-06-23 06:33:41 - [INFO] system check passed
2025-06-23 06:55:34 - [INFO] user login
2025-06-23 06:58:24 - [WARNING] Suspicious activity detected: ip_blocked
2025-06-23 07:01:37 - [WARNING] Suspicious activity detected: brute_force
2025-06-23 07:01:54 - [WARNING] Suspicious activity detected: unauthorized_access
2025-06-23 07:13:40 - [INFO] system check passed
2025-06-23 07:20:57 - [INFO] config updated
2025-06-23 07:37:02 - [WARNING] Suspicious activity detected: ip_blocked
2025-06-23 07:40:37 - [INFO] email sent
2025-06-23 07:44:54 - [WARNING] Suspicious activity detected: ip_blocked
2025-06-23 07:50:01 - [INFO] email sent
2025-06-23 08:12:58 - [WARNING] Suspicious activity detected: malware
2025-06-23 08:19:31 - [INFO] file uploaded
2025-06-23 08:47:51 - [INFO] user login
2025-06-23 09:01:33 - [INFO] file downloaded
2025-06-23 09:05:50 - [INFO] system check passed
2025-06-23 09:05:50 - [INFO] backup completed
2025-06-23 09:27:35 - [INFO] file downloaded
2025-06-23 09:31:24 - [WARNING] Suspicious activity detected: unauthorized_access
2025-06-23 09:41:54 - [INFO] email sent
2025-06-23 09:49:38 - [INFO] file uploaded
2025-06-23 09:52:01 - [INFO] file uploaded
2025-06-23 10:12:26 - [INFO] file uploaded
2025-06-23 10:12:47 - [INFO] file uploaded
2025-06-23 10:13:59 - [INFO] backup completed
2025-06-23 10:19:13 - [INFO] system check passed
2025-06-23 10:20:41 - [WARNING] Suspicious activity detected: malware
2025-06-23 10:25:42 - [WARNING] Suspicious activity detected: ddos
2025-06-23 10:31:08 - [WARNING] Suspicious activity detected: ddos
2025-06-23 10:34:40 - [INFO] config updated
2025-06-23 10:35:42 - [INFO] user login
2025-06-23 10:41:27 - [INFO] file downloaded
2025-06-23 10:57:59 - [INFO] file downloaded
2025-06-23 11:12:39 - [INFO] user login
2025-06-23 11:21:28 - [INFO] system check passed
2025-06-23 11:25:05 - [INFO] user login
2025-06-23 11:27:54 - [INFO] user login
2025-06-23 11:40:39 - [INFO] file uploaded
2025-06-23 11:41:33 - [INFO] file uploaded
2025-06-23 11:44:57 - [INFO] email sent
2025-06-23 11:51:09 - [INFO] file downloaded
2025-06-23 12:04:01 - [INFO] file uploaded
2025-06-23 12:04:15 - [WARNING] Suspicious activity detected: brute_force
2025-06-23 12:11:22 - [INFO] file downloaded
2025-06-23 12:12:23 - [WARNING] Suspicious activity detected: brute_force
2025-06-23 12:14:00 - [INFO] system check passed
2025-06-23 12:21:37 - [INFO] email sent
2025-06-23 12:28:31 - [WARNING] Suspicious activity detected: ddos
2025-06-23 13:03:00 - [INFO] backup completed
2025-06-23 13:04:28 - [INFO] email sent
2025-06-23 13:06:09 - [INFO] email sent
2025-06-23 13:18:53 - [WARNING] Suspicious activity detected: brute_force
2025-06-23 13:46:16 - [INFO] system check passed
2025-06-23 14:11:30 - [INFO] file uploaded
2025-06-23 14:25:28 - [INFO] file downloaded
2025-06-23 14:30:56 - [WARNING] Suspicious activity detected: unauthorized_access
2025-06-23 14:34:54 - [INFO] email sent
2025-06-23 14:38:10 - [INFO] config updated
2025-06-23 14:38:59 - [INFO] backup completed
2025-06-23 14:40:15 - [INFO] config updated
2025-06-23 14:43:16 - [INFO] config updated
2025-06-23 15:01:39 - [INFO] file uploaded
2025-06-23 15:09:23 - [INFO] config updated
2025-06-23 15:11:32 - [INFO] system check passed
2025-06-23 15:20:03 - [WARNING] Suspicious activity detected: port_scan
2025-06-23 15:34:38 - [WARNING] Suspicious activity detected: ddos
2025-06-23 15:35:46 - [INFO] file uploaded
2025-06-23 15:36:23 - [INFO] system check passed
2025-06-23 15:40:56 - [INFO] email sent
2025-06-23 15:46:50 - [INFO] backup completed
2025-06-23 16:04:10 - [WARNING] Suspicious activity detected: ip_blocked
2025-06-23 16:04:33 - [INFO] user login
2025-06-23 16:05:49 - [INFO] user login
2025-06-23 16:15:26 - [INFO] email sent
2025-06-23 16:17:46 - [INFO] config updated
2025-06-23 16:21:50 - [INFO] user login
2025-06-23 16:27:07 - [WARNING] Suspicious activity detected: sql_injection
2025-06-23 16:41:42 - [INFO] config updated
2025-06-23 16:41:54 - [INFO] email sent
2025-06-23 16:50:02 - [INFO] backup completed
2025-06-23 16:50:21 - [INFO] file uploaded
2025-06-23 16:58:31 - [INFO] user login
2025-06-23 17:13:03 - [WARNING] Suspicious activity detected: unauthorized_access
2025-06-23 17:18:14 - [INFO] backup completed
2025-06-23 17:32:24 - [INFO] system check passed
2025-06-23 17:48:20 - [INFO] config updated
2025-06-23 17:50:05 - [INFO] config updated
2025-06-23 18:08:13 - [INFO] email sent
2025-06-23 18:21:57 - [WARNING] Suspicious activity detected: sql_injection
2025-06-23 18:25:21 - [INFO] email sent
2025-06-23 18:35:16 - [INFO] email sent
2025-06-23 18:44:28 - [WARNING] Suspicious activity detected: ip_blocked
2025-06-23 18:57:35 - [INFO] backup completed
2025-06-23 19:01:45 - [WARNING] Suspicious activity detected: ip_blocked
2025-06-23 19:03:36 - [INFO] email sent
2025-06-23 19:24:09 - [INFO] system check passed
2025-06-23 19:26:44 - [INFO] config updated
2025-06-23 19:30:07 - [INFO] backup completed
2025-06-23 19:30:44 - [INFO] system check passed
2025-06-23 19:33:37 - [INFO] user login
2025-06-23 19:37:43 - [INFO] user login
2025-06-23 19:48:12 - [INFO] email sent
2025-06-23 19:55:28 - [INFO] file uploaded
2025-06-23 20:00:06 - [WARNING] Suspicious activity detected: ip_blocked
2025-06-23 20:18:33 - [INFO] backup completed
2025-06-23 20:23:23 - [INFO] file uploaded
2025-06-23 20:37:22 - [INFO] system check passed
2025-06-23 21:05:37 - [INFO] email sent
2025-06-23 21:16:04 - [WARNING] Suspicious activity detected: unauthorized_access
2025-06-23 21:29:58 - [INFO] config updated
2025-06-23 21:55:39 - [INFO] file downloaded
2025-06-23 21:58:54 - [INFO] system check passed
2025-06-23 22:05:42 - [INFO] config updated
2025-06-23 22:12:02 - [WARNING] Suspicious activity detected: sql_injection
2025-06-23 22:23:13 - [INFO] user login
2025-06-23 22:27:22 - [WARNING] Suspicious activity detected: sql_injection
2025-06-23 22:30:44 - [INFO] file downloaded
2025-06-23 22:34:11 - [WARNING] Suspicious activity detected: malware
2025-06-23 22:35:22 - [INFO] backup completed
2025-06-23 22:42:48 - [WARNING] Suspicious activity detected: brute_force
2025-06-23 22:45:13 - [INFO] file downloaded
2025-06-23 22:50:38 - [INFO] user login
2025-06-23 22:58:26 - [INFO] config updated
2025-06-23 23:05:05 - [INFO] file downloaded
2025-06-23 23:11:15 - [INFO] file downloaded
2025-06-23 23:23:18 - [WARNING] Suspicious activity detected: ddos
2025-06-23 23:28:15 - [INFO] email sent
2025-06-23 23:38:28 - [INFO] file uploaded
2025-06-23 23:40:41 - [INFO] file uploaded
2025-06-23 23:48:16 - [INFO] user login
2025-06-23 23:52:02 - [INFO] file uploaded