2025-06-22 00:00:27 - [INFO] system check passed
2025-06-22 00:04:50 - [WARNING] Suspicious activity detected: ip_blocked
2025-06-22 00:20:10 - [WARNING] Suspicious activity detected: port_scan
2025-06-22 00:20:58 - [INFO] email sent
2025-06-22 00:27:30 - [WARNING] Suspicious activity detected: port_scan
2025-06-22 00:28:40 - [WARNING] Suspicious activity detected: intrusion
2025-06-22 00:30:16 - [INFO] system check passed
2025-06-22 01:19:17 - [INFO] system check passed
2025-06-22 01:23:16 - [INFO] user login
2025-06-22 01:29:07 - [INFO] file uploaded
2025-06-22 01:29:41 - [WARNING] Suspicious activity detected: sql_injection
2025-06-22 01:30:47 - [INFO] file uploaded
2025-06-22 01:32:52 - [WARNING] Suspicious activity detected: sql_injection
2025-06-22 01:38:00 - [INFO] email sent
2025-06-22 01:51:58 - [INFO] email sent
2025-06-22 01:53:17 - [WARNING] Suspicious activity detected: intrusion
2025-06-22 01:56:54 - [WARNING] Suspicious activity detected: intrusion
2025-06-22 01:59:20 - [INFO] config updated
2025-06-22 02:04:40 - [INFO] file uploaded
2025-06-22 02:08:06 - [INFO] user login
2025-06-22 02:20:38 - [INFO] config updated
2025-06-22 02:33:04 - [WARNING] Suspicious activity detected: brute_force
2025-06-22 02:41:17 - [INFO] config updated
2025-06-22 02:51:08 - [INFO] user login
2025-06-22 02:56:32 - [INFO] user login
2025-06-22 03:07:51 - [WARNING] Suspicious activity detected: malware
2025-06-22 03:16:21 - [INFO] file downloaded
2025-06-22 03:17:55 - [WARNING] Suspicious activity detected: brute_force
2025-06-22 03:43:20 - [WARNING] Suspicious activity detected: port_scan
2025-06-22 03:49:00 - [INFO] user login
2025-06-22 03:54:37 - [INFO] config updated
2025-06-22 04:00:41 - [INFO] user login
2025-06-22 04:07:44 - [INFO] system check passed
2025-06-22 04:14:51 - [WARNING] Suspicious activity detected: malware
2025-06-22 04:20:58 - [INFO] file uploaded
2025-06-22 04:24:21 - [INFO] user login
2025-06-22 04:31:14 - [INFO] file uploaded
2025-06-22 04:33:04 - [WARNING] Suspicious activity detected: port_scan
2025-06-22 04:33:32 - [INFO] file uploaded
2025-06-22 04:37:02 - [WARNING] Suspicious activity detected: port_scan
2025-06-22 04:39:43 - [WARNING] Suspicious activity detected: sql_injection
2025-06-22 04:47:14 - [INFO] config updated
2025-06-22 04:51:31 - [INFO] file downloaded
2025-06-22 04:55:53 - [INFO] email sent
2025-06-22 04:56:44 - [INFO] backup completed
2025-06-22 05:00:29 - [INFO] file uploaded
2025-06-22 05:10:22 - [INFO] config updated
2025-06-22 05:13:25 - [INFO] file uploaded
2025-06-22 05:13:49 - [INFO] file downloaded
2025-06-22 05:18:00 - [INFO] system check passed
2025-06-22 05:26:20 - [INFO] user login
2025-06-22 05:30:49 - [INFO] user login
2025-06-22 05:33:52 - [INFO] system check passed
2025-06-22 05:45:31 - [INFO] file uploaded
2025-06-22 05:49:57 - [INFO] config updated
2025-06-22 05:54:01 - [WARNING] Suspicious activity detected: ddos
2025-06-22 05:58:23 - [WARNING] Suspicious activity detected: malware
2025-06-22 06:01:39 - [WARNING] Suspicious activity detected: ip_blocked
2025-06-22 06:06:42 - [INFO] user login
2025-06-22 06:14:35 - [WARNING] Suspicious activity detected: malware
2025-06-22 06:22:07 - [INFO] file downloaded
2025-06-22 06:36:48 - [WARNING] Suspicious activity detected: intrusion
2025-06-22 06:40:24 - [INFO] user login
2025-06-22 06:40:59 - [WARNING] Suspicious activity detected: unauthorized_access
2025-06-22 06:42:58 - [INFO] file uploaded
2025-06-22 06:51:18 - [INFO] file uploaded
2025-06-22 06:52:12 - [INFO] file downloaded
2025-06-22 07:02:59 - [INFO] config updated
2025-06-22 07:03:41 - [INFO] config updated
2025-06-22 07:07:43 - [INFO] file downloaded
2025-06-22 07:16:27 - [INFO] system check passed
2025-06-22 07:17:12 - [INFO] file uploaded
2025-06-22 07:19:45 - [INFO] email sent
2025-06-22 07:20:25 - [INFO] system check passed
2025-06-22 07:24:12 - [INFO] backup completed
2025-06-22 07:26:51 - [WARNING] Suspicious activity detected: unauthorized_access
2025-06-22 07:31:30 - [WARNING] Suspicious activity detected: ddos
2025-06-22 07:31:51 - [WARNING] Suspicious activity detected: sql_injection
2025-06-22 07:42:04 - [WARNING] Suspicious activity detected: malware
2025-06-22 07:42:10 - [INFO] email sent
2025-06-22 07:45:18 - [WARNING] Suspicious activity detected: unauthorized_access
2025-06-22 07:46:59 - [INFO] system check passed
2025-06-22 08:04:13 - [INFO] config updated
2025-06-22 08:27:38 - [INFO] system check passed
2025-06-22 08:29:31 - [INFO] user login
2025-06-22 08:29:46 - [WARNING] Suspicious activity detected: sql_injection
2025-06-22 08:46:48 - [INFO] backup completed
2025-06-22 08:53:31 - [INFO] config updated
2025-06-22 09:02:24 - [WARNING] Suspicious activity detected: sql_injection
2025-06-22 09:02:34 - [WARNING] Suspicious activity detected: port_scan
2025-06-22 09:04:07 - [INFO] system check passed
2025-06-22 09:09:31 - [INFO] file uploaded
2025-06-22 09:10:26 - [INFO] file uploaded
2025-06-22 09:18:44 - [INFO] file uploaded
2025-06-22 09:23:03 - [INFO] config updated
2025-06-22 09:24:19 - [INFO] file downloaded
2025-06-22 09:25:08 - [INFO] email sent
2025-06-22 09:32:54 - [INFO] config updated
2025-06-22 09:33:55 - [INFO] system check passed
2025-06-22 09:35:41 - [INFO] email sent
2025-06-22 09:38:03 - [INFO] backup completed
2025-06-22 10:04:25 - [INFO] user login
2025-06-22 10:10:13 - [INFO] backup completed
2025-06-22 10:11:26 - [INFO] email sent
2025-06-22 10:26:11 - [WARNING] Suspicious activity detected: intrusion
2025-06-22 10:38:50 - [INFO] file uploaded
2025-06-22 10:40:25 - [INFO] system check passed
2025-06-22 10:41:13 - [INFO] email sent
2025-06-22 10:42:39 - [WARNING] Suspicious activity detected: intrusion
2025-06-22 10:51:52 - [INFO] backup completed
2025-06-22 10:52:03 - [WARNING] Suspicious activity detected: ddos
2025-06-22 10:52:30 - [INFO] system check passed
2025-06-22 11:06:50 - [WARNING] Suspicious activity detected: ddos
2025-06-22 11:11:11 - [INFO] config updated
2025-06-22 11:17:15 - [INFO] backup completed
2025-06-22 11:23:54 - [INFO] file downloaded
2025-06-22 11:25:22 - [INFO] email sent
2025-06-22 11:42:24 - [INFO] config updated
2025-06-22 11:44:29 - [INFO] file downloaded
2025-06-22 11:57:56 - [INFO] config updated
2025-06-22 12:07:36 - [WARNING] Suspicious activity detected: intrusion
2025-06-22 12:16:55 - [WARNING] Suspicious activity detected: intrusion
2025-06-22 12:31:20 - [INFO] email sent
2025-06-22 12:35:33 - [INFO] config updated
2025-06-22 12:39:41 - [INFO] file downloaded
2025-06-22 12:41:38 - [WARNING] Suspicious activity detected: unauthorized_access
2025-06-22 12:47:45 - [INFO] system check passed
2025-06-22 12:51:37 - [INFO] email sent
2025-06-22 12:54:17 - [INFO] file downloaded
2025-06-22 12:59:20 - [INFO] file uploaded
2025-06-22 13:01:30 - [INFO] email sent
2025-06-22 13:04:20 - [INFO] system check passed
2025-06-22 13:06:01 - [INFO] system check passed
2025-06-22 13:08:21 - [INFO] user login
2025-06-22 13:19:54 - [INFO] backup completed
2025-06-22 13:24:35 - [INFO] user login
2025-06-22 13:25:39 - [INFO] system check passed
2025-06-22 13:32:01 - [INFO] system check passed
2025-06-22 13:37:20 - [WARNING] Suspicious activity detected: malware
2025-06-22 13:47:15 - [WARNING] Suspicious activity detected: port_scan
2025-06-22 13:56:42 - [INFO] backup completed
2025-06-22 14:03:42 - [INFO] backup completed
2025-06-22 14:04:42 - [INFO] file downloaded
2025-06-22 14:09:40 - [INFO] email sent
2025-06-22 14:11:15 - [INFO] config updated
2025-06-22 14:11:48 - [INFO] email sent
2025-06-22 14:12:08 - [INFO] backup completed
2025-06-22 14:24:07 - [WARNING] Suspicious activity detected: sql_injection
2025-06-22 14:35:36 - [INFO] file uploaded
2025-06-22 14:40:07 - [WARNING] Suspicious activity detected: malware
2025-06-22 14:53:58 - [INFO] backup completed
2025-06-22 15:07:13 - [WARNING] Suspicious activity detected: unauthorized_access
2025-06-22 15:13:42 - [WARNING] Suspicious activity detected: port_scan
2025-06-22 15:14:26 - [INFO] file downloaded
2025-06-22 15:17:40 - [INFO] config updated
2025-06-22 15:25:12 - [INFO] file uploaded
2025-06-22 15:27:05 - [INFO] email sent
2025-06-22 15:29:02 - [INFO] system check passed
2025-06-22 15:56:52 - [INFO] email sent
2025-06-22 16:01:52 - [WARNING] Suspicious activity detected: malware
2025-06-22 16:02:24 - [INFO] user login
2025-06-22 16:03:49 - [INFO] file downloaded
2025-06-22 16:12:06 - [INFO] email sent
2025-06-22 16:26:58 - [INFO] config updated
2025-06-22 16:27:13 - [INFO] email sent
2025-06-22 16:36:53 - [WARNING] Suspicious activity detected: ip_blocked
2025-06-22 16:37:21 - [WARNING] Suspicious activity detected: malware
2025-06-22 16:40:35 - [WARNING] Suspicious activity detected: malware
2025-06-22 16:43:00 - [INFO] file downloaded
2025-06-22 16:48:56 - [WARNING] Suspicious activity detected: port_scan
2025-06-22 16:51:56 - [INFO] system check passed
2025-06-22 16:59:06 - [INFO] config updated
2025-06-22 17:05:54 - [WARNING] Suspicious activity detected: malware
2025-06-22 17:19:00 - [INFO] config updated
2025-06-22 17:30:41 - [INFO] file uploaded
2025-06-22 17:31:33 - [INFO] user login
2025-06-22 17:44:19 - [WARNING] Suspicious activity detected: port_scan
2025-06-22 17:47:06 - [WARNING] Suspicious activity detected: brute_force
2025-06-22 17:47:11 - [INFO] email sent
2025-06-22 17:47:13 - [WARNING] Suspicious activity detected: port_scan
2025-06-22 17:48:09 - [INFO] config updated
2025-06-22 17:56:14 - [INFO] backup completed
2025-06-22 18:02:36 - [INFO] config updated
2025-06-22 18:15:56 - [WARNING] Suspicious activity detected: sql_injection
2025-06-22 18:17:35 - [WARNING] Suspicious activity detected: ddos
2025-06-22 18:19:29 - [INFO] file downloaded
2025-06-22 18:33:18 - [WARNING] Suspicious activity detected: ddos
2025-06-22 18:41:25 - [WARNING] Suspicious activity detected: port_scan
2025-06-22 18:47:06 - [WARNING] Suspicious activity detected: intrusion
2025-06-22 19:03:01 - [INFO] user login
2025-06-22 19:07:57 - [INFO] file downloaded
2025-06-22 19:19:14 - [INFO] file downloaded
2025-06-22 19:22:20 - [INFO] file downloaded
2025-06-22 19:24:28 - [INFO] email sent
2025-06-22 19:31:56 - [INFO] file downloaded
2025-06-22 19:35:34 - [INFO] user login
2025-06-22 19:42:13 - [WARNING] Suspicious activity detected: intrusion
2025-06-22 19:42:16 - [WARNING] Suspicious activity detected: sql_injection
2025-06-22 19:46:09 - [INFO] file uploaded
2025-06-22 19:47:39 - [INFO] file downloaded
2025-06-22 20:05:46 - [INFO] config updated
2025-06-22 20:12:26 - [WARNING] Suspicious activity detected: port_scan
2025-06-22 20:23:59 - [INFO] user login
2025-06-22 20:26:58 - [INFO] user login
2025-06-22 20:33:18 - [INFO] backup completed
2025-06-22 20:33:26 - [WARNING] Suspicious activity detected: malware
2025-06-22 20:35:05 - [INFO] file uploaded
2025-06-22 20:49:00 - [INFO] email sent
2025-06-22 21:01:56 - [WARNING] Suspicious activity detected: ip_blocked
2025-06-22 21:06:50 - [INFO] file uploaded
2025-06-22 21:19:45 - [INFO] system check passed
2025-06-22 21:38:52 - [INFO] email sent
2025-06-22 21:39:24 - [INFO] config updated
2025-06-22 21:54:24 - [INFO] email sent
2025-06-22 21:55:31 - [WARNING] Suspicious activity detected: intrusion
2025-06-22 21:56:51 - [WARNING] Suspicious activity detected: intrusion
2025-06-22 22:12:23 - [INFO] file uploaded
2025-06-22 22:16:31 - [INFO] email sent
2025-06-22 22:23:57 - [INFO] email sent
2025-06-22 22:25:15 - [INFO] file uploaded
2025-06-22 22:31:45 - [WARNING] Suspicious activity detected: intrusion
2025-06-22 22:35:15 - [INFO] config updated
2025-06-22 22:45:20 - [INFO] backup completed
2025-06-22 23:01:13 - [INFO] email sent
2025-06-22 23:04:10 - [INFO] email sent
2025-06-22 23:10:04 - [INFO] config updated
2025-06-22 23:14:27 - [INFO] user login
2025-06-22 23:21:48 - [WARNING] Suspicious activity detected: ip_blocked
2025-06-22 23:23:46 - [INFO] user login
2025-06-22 23:49:44 - [WARNING] Suspicious activity detected: sql_injection
2025-06-22 23:57:24 - [INFO] file uploaded