2025-04-27 00:02:43 - [WARNING] Suspicious activity detected: unauthorized_access
2025-04-27 00:07:44 - [INFO] config updated
2025-04-27 00:11:10 - [INFO] config updated
2025-04-27 00:21:35 - [WARNING] Suspicious activity detected: port_scan
2025-04-27 00:38:42 - [INFO] file downloaded
2025-04-27 00:40:02 - [INFO] system check passed
2025-04-27 00:44:46 - [INFO] backup completed
2025-04-27 00:48:08 - [WARNING] Suspicious activity detected: port_scan
2025-04-27 01:05:19 - [INFO] email sent
2025-04-27 01:05:47 - [WARNING] Suspicious activity detected: ip_blocked
2025-04-27 01:11:17 - [INFO] file downloaded
2025-04-27 01:14:52 - [WARNING] Suspicious activity detected: intrusion
2025-04-27 01:20:21 - [INFO] file downloaded
2025-04-27 01:23:53 - [INFO] file downloaded
2025-04-27 01:27:43 - [WARNING] Suspicious activity detected: port_scan
2025-04-27 01:29:29 - [INFO] file downloaded
2025-04-27 01:30:02 - [INFO] email sent
2025-04-27 01:33:44 - [INFO] system check passed
2025-04-27 01:38:41 - [INFO] backup completed
2025-04-27 01:42:37 - [WARNING] Suspicious activity detected: unauthorized_access
2025-04-27 01:50:15 - [WARNING] Suspicious activity detected: sql_injection
2025-04-27 02:01:53 - [WARNING] Suspicious activity detected: port_scan
2025-04-27 02:05:33 - [INFO] email sent
2025-04-27 02:12:33 - [INFO] backup completed
2025-04-27 02:16:05 - [INFO] file uploaded
2025-04-27 02:34:06 - [INFO] email sent
2025-04-27 02:50:41 - [WARNING] Suspicious activity detected: ddos
2025-04-27 03:04:06 - [INFO] system check passed
2025-04-27 03:06:16 - [INFO] backup completed
2025-04-27 03:09:28 - [WARNING] Suspicious activity detected: port_scan
2025-04-27 03:19:22 - [WARNING] Suspicious activity detected: brute_force
2025-04-27 03:21:57 - [INFO] system check passed
2025-04-27 03:32:26 - [WARNING] Suspicious activity detected: intrusion
2025-04-27 03:51:57 - [INFO] config updated
2025-04-27 03:58:33 - [WARNING] Suspicious activity detected: port_scan
2025-04-27 04:01:47 - [INFO] config updated
2025-04-27 04:03:30 - [WARNING] Suspicious activity detected: ip_blocked
2025-04-27 04:10:32 - [INFO] file downloaded
2025-04-27 04:19:04 - [WARNING] Suspicious activity detected: ip_blocked
2025-04-27 04:23:41 - [WARNING] Suspicious activity detected: unauthorized_access
2025-04-27 04:24:13 - [INFO] file uploaded
2025-04-27 04:25:05 - [WARNING] Suspicious activity detected: intrusion
2025-04-27 04:27:41 - [INFO] file uploaded
2025-04-27 04:49:21 - [INFO] system check passed
2025-04-27 04:56:01 - [WARNING] Suspicious activity detected: port_scan
2025-04-27 04:59:57 - [INFO] config updated
2025-04-27 05:01:54 - [INFO] backup completed
2025-04-27 05:58:18 - [WARNING] Suspicious activity detected: brute_force
2025-04-27 06:00:22 - [INFO] email sent
2025-04-27 06:12:19 - [INFO] user login
2025-04-27 06:13:12 - [INFO] backup completed
2025-04-27 06:16:35 - [WARNING] Suspicious activity detected: port_scan
2025-04-27 06:34:29 - [WARNING] Suspicious activity detected: ddos
2025-04-27 06:41:22 - [INFO] system check passed
2025-04-27 06:41:48 - [INFO] file uploaded
2025-04-27 06:42:46 - [INFO] user login
2025-04-27 06:47:12 - [INFO] config updated
2025-04-27 06:48:20 - [INFO] config updated
2025-04-27 06:52:25 - [INFO] file uploaded
2025-04-27 06:52:40 - [INFO] file downloaded
2025-04-27 06:56:14 - [INFO] file uploaded
2025-04-27 06:58:05 - [INFO] user login
2025-04-27 07:01:48 - [WARNING] Suspicious activity detected: intrusion
2025-04-27 07:01:53 - [WARNING] Suspicious activity detected: brute_force
2025-04-27 07:01:59 - [INFO] system check passed
2025-04-27 07:06:04 - [INFO] user login
2025-04-27 07:08:42 - [WARNING] Suspicious activity detected: ip_blocked
2025-04-27 07:47:41 - [WARNING] Suspicious activity detected: ddos
2025-04-27 07:53:17 - [INFO] system check passed
2025-04-27 07:56:23 - [INFO] system check passed
2025-04-27 08:01:48 - [INFO] file uploaded
2025-04-27 08:29:05 - [WARNING] Suspicious activity detected: ddos
2025-04-27 08:35:37 - [INFO] system check passed
2025-04-27 08:47:00 - [INFO] file uploaded
2025-04-27 08:56:21 - [INFO] file downloaded
2025-04-27 08:59:27 - [WARNING] Suspicious activity detected: unauthorized_access
2025-04-27 09:13:27 - [INFO] user login
2025-04-27 09:20:28 - [INFO] config updated
2025-04-27 09:34:42 - [INFO] config updated
2025-04-27 09:43:15 - [WARNING] Suspicious activity detected: unauthorized_access
2025-04-27 09:44:05 - [INFO] file uploaded
2025-04-27 09:48:45 - [WARNING] Suspicious activity detected: ddos
2025-04-27 09:55:56 - [INFO] file uploaded
2025-04-27 10:04:18 - [WARNING] Suspicious activity detected: sql_injection
2025-04-27 10:12:27 - [WARNING] Suspicious activity detected: unauthorized_access
2025-04-27 10:15:26 - [INFO] email sent
2025-04-27 10:28:25 - [INFO] system check passed
2025-04-27 11:08:02 - [INFO] email sent
2025-04-27 11:11:11 - [INFO] backup completed
2025-04-27 11:16:09 - [INFO] backup completed
2025-04-27 11:20:18 - [INFO] backup completed
2025-04-27 11:27:47 - [WARNING] Suspicious activity detected: malware
2025-04-27 11:33:21 - [INFO] backup completed
2025-04-27 11:43:28 - [INFO] user login
2025-04-27 11:46:40 - [INFO] file uploaded
2025-04-27 11:56:20 - [INFO] system check passed
2025-04-27 12:05:33 - [WARNING] Suspicious activity detected: ddos
2025-04-27 12:17:32 - [INFO] file downloaded
2025-04-27 12:22:48 - [INFO] system check passed
2025-04-27 12:26:43 - [INFO] system check passed
2025-04-27 12:26:51 - [INFO] user login
2025-04-27 12:34:36 - [INFO] system check passed
2025-04-27 12:41:04 - [WARNING] Suspicious activity detected: sql_injection
2025-04-27 12:47:12 - [INFO] file uploaded
2025-04-27 12:55:32 - [INFO] file uploaded
2025-04-27 12:57:07 - [INFO] backup completed
2025-04-27 13:12:13 - [INFO] file downloaded
2025-04-27 13:16:17 - [INFO] file uploaded
2025-04-27 13:16:34 - [WARNING] Suspicious activity detected: ip_blocked
2025-04-27 13:22:39 - [INFO] config updated
2025-04-27 13:24:23 - [INFO] system check passed
2025-04-27 13:28:51 - [INFO] file downloaded
2025-04-27 13:30:45 - [INFO] config updated
2025-04-27 13:32:02 - [INFO] email sent
2025-04-27 13:35:31 - [INFO] system check passed
2025-04-27 13:38:44 - [INFO] config updated
2025-04-27 13:42:58 - [INFO] config updated
2025-04-27 13:52:59 - [INFO] user login
2025-04-27 13:54:06 - [INFO] file uploaded
2025-04-27 13:57:31 - [WARNING] Suspicious activity detected: sql_injection
2025-04-27 14:09:09 - [WARNING] Suspicious activity detected: unauthorized_access
2025-04-27 14:14:17 - [WARNING] Suspicious activity detected: ip_blocked
2025-04-27 14:14:29 - [WARNING] Suspicious activity detected: intrusion
2025-04-27 14:44:50 - [INFO] system check passed
2025-04-27 14:46:16 - [INFO] user login
2025-04-27 14:51:09 - [WARNING] Suspicious activity detected: malware
2025-04-27 15:01:56 - [INFO] file uploaded
2025-04-27 15:08:13 - [INFO] config updated
2025-04-27 15:10:25 - [INFO] file uploaded
2025-04-27 15:22:53 - [INFO] system check passed
2025-04-27 15:24:16 - [INFO] system check passed
2025-04-27 15:30:32 - [INFO] config updated
2025-04-27 15:42:52 - [INFO] system check passed
2025-04-27 16:09:35 - [INFO] system check passed
2025-04-27 16:15:54 - [WARNING] Suspicious activity detected: intrusion
2025-04-27 16:22:15 - [INFO] config updated
2025-04-27 16:26:11 - [INFO] system check passed
2025-04-27 16:30:37 - [INFO] system check passed
2025-04-27 16:34:05 - [INFO] file downloaded
2025-04-27 16:37:28 - [WARNING] Suspicious activity detected: ip_blocked
2025-04-27 16:42:04 - [INFO] user login
2025-04-27 16:44:50 - [WARNING] Suspicious activity detected: unauthorized_access
2025-04-27 16:46:40 - [INFO] config updated
2025-04-27 16:55:56 - [INFO] file downloaded
2025-04-27 17:05:44 - [WARNING] Suspicious activity detected: unauthorized_access
2025-04-27 17:07:17 - [INFO] file uploaded
2025-04-27 17:18:26 - [INFO] file uploaded
2025-04-27 17:20:48 - [WARNING] Suspicious activity detected: malware
2025-04-27 17:30:35 - [WARNING] Suspicious activity detected: ip_blocked
2025-04-27 17:31:44 - [WARNING] Suspicious activity detected: unauthorized_access
2025-04-27 17:33:49 - [INFO] email sent
2025-04-27 17:58:04 - [INFO] backup completed
2025-04-27 18:01:36 - [INFO] system check passed
2025-04-27 18:02:51 - [INFO] email sent
2025-04-27 18:04:45 - [WARNING] Suspicious activity detected: malware
2025-04-27 18:07:42 - [WARNING] Suspicious activity detected: ip_blocked
2025-04-27 18:11:43 - [INFO] backup completed
2025-04-27 18:22:47 - [WARNING] Suspicious activity detected: port_scan
2025-04-27 18:26:00 - [INFO] email sent
2025-04-27 18:28:51 - [INFO] config updated
2025-04-27 18:42:30 - [INFO] file uploaded
2025-04-27 18:45:43 - [INFO] email sent
2025-04-27 18:50:51 - [INFO] file downloaded
2025-04-27 18:52:56 - [INFO] backup completed
2025-04-27 19:03:32 - [INFO] file uploaded
2025-04-27 19:27:49 - [WARNING] Suspicious activity detected: unauthorized_access
2025-04-27 19:45:16 - [INFO] backup completed
2025-04-27 20:06:01 - [WARNING] Suspicious activity detected: malware
2025-04-27 20:31:03 - [WARNING] Suspicious activity detected: brute_force
2025-04-27 20:38:05 - [INFO] config updated
2025-04-27 20:38:35 - [INFO] backup completed
2025-04-27 20:43:38 - [INFO] backup completed
2025-04-27 20:50:03 - [INFO] file uploaded
2025-04-27 21:03:07 - [INFO] file downloaded
2025-04-27 21:04:35 - [WARNING] Suspicious activity detected: port_scan
2025-04-27 21:17:59 - [INFO] system check passed
2025-04-27 21:41:44 - [INFO] file uploaded
2025-04-27 21:42:52 - [WARNING] Suspicious activity detected: unauthorized_access
2025-04-27 22:02:02 - [WARNING] Suspicious activity detected: ip_blocked
2025-04-27 22:09:36 - [WARNING] Suspicious activity detected: unauthorized_access
2025-04-27 22:10:04 - [WARNING] Suspicious activity detected: sql_injection
2025-04-27 22:14:06 - [INFO] system check passed
2025-04-27 22:18:19 - [INFO] config updated
2025-04-27 22:18:39 - [INFO] email sent
2025-04-27 22:22:30 - [INFO] user login
2025-04-27 22:24:22 - [WARNING] Suspicious activity detected: port_scan
2025-04-27 22:35:00 - [INFO] file downloaded
2025-04-27 22:40:58 - [INFO] file downloaded
2025-04-27 22:43:25 - [INFO] config updated
2025-04-27 22:58:08 - [INFO] backup completed
2025-04-27 23:05:49 - [INFO] email sent
2025-04-27 23:06:17 - [INFO] user login
2025-04-27 23:07:13 - [INFO] config updated
2025-04-27 23:08:43 - [INFO] email sent
2025-04-27 23:17:34 - [INFO] system check passed
2025-04-27 23:19:02 - [INFO] user login
2025-04-27 23:20:23 - [INFO] file uploaded
2025-04-27 23:32:40 - [INFO] user login
2025-04-27 23:33:54 - [INFO] file downloaded
2025-04-27 23:38:54 - [WARNING] Suspicious activity detected: ip_blocked
2025-04-27 23:59:09 - [INFO] user login