2025-04-21 00:07:26 - [WARNING] Suspicious activity detected: unauthorized_access
2025-04-21 00:17:53 - [INFO] config updated
2025-04-21 00:21:16 - [WARNING] Suspicious activity detected: port_scan
2025-04-21 00:23:35 - [WARNING] Suspicious activity detected: brute_force
2025-04-21 00:24:54 - [WARNING] Suspicious activity detected: sql_injection
2025-04-21 00:28:18 - [INFO] system check passed
2025-04-21 00:38:24 - [INFO] file downloaded
2025-04-21 01:00:27 - [INFO] config updated
2025-04-21 01:02:16 - [INFO] file downloaded
2025-04-21 01:02:27 - [INFO] email sent
2025-04-21 01:10:07 - [WARNING] Suspicious activity detected: port_scan
2025-04-21 01:14:18 - [INFO] config updated
2025-04-21 01:37:06 - [INFO] email sent
2025-04-21 02:43:59 - [INFO] email sent
2025-04-21 02:47:49 - [INFO] user login
2025-04-21 03:19:17 - [INFO] file uploaded
2025-04-21 03:26:42 - [INFO] email sent
2025-04-21 03:51:31 - [INFO] system check passed
2025-04-21 03:52:45 - [INFO] email sent
2025-04-21 03:53:14 - [INFO] email sent
2025-04-21 03:55:54 - [INFO] file downloaded
2025-04-21 04:00:45 - [INFO] email sent
2025-04-21 04:06:30 - [INFO] file downloaded
2025-04-21 04:20:50 - [WARNING] Suspicious activity detected: unauthorized_access
2025-04-21 04:27:29 - [INFO] system check passed
2025-04-21 04:31:01 - [WARNING] Suspicious activity detected: unauthorized_access
2025-04-21 04:55:08 - [INFO] backup completed
2025-04-21 04:55:53 - [INFO] user login
2025-04-21 04:58:01 - [WARNING] Suspicious activity detected: sql_injection
2025-04-21 05:04:59 - [INFO] email sent
2025-04-21 05:09:23 - [WARNING] Suspicious activity detected: intrusion
2025-04-21 05:24:59 - [INFO] file uploaded
2025-04-21 05:27:29 - [INFO] user login
2025-04-21 05:27:39 - [INFO] email sent
2025-04-21 05:35:21 - [INFO] file uploaded
2025-04-21 05:37:01 - [WARNING] Suspicious activity detected: malware
2025-04-21 05:39:52 - [INFO] system check passed
2025-04-21 05:43:39 - [INFO] email sent
2025-04-21 05:49:49 - [INFO] email sent
2025-04-21 05:52:34 - [WARNING] Suspicious activity detected: sql_injection
2025-04-21 06:00:07 - [INFO] backup completed
2025-04-21 06:35:55 - [INFO] user login
2025-04-21 06:41:01 - [INFO] file uploaded
2025-04-21 06:43:49 - [INFO] system check passed
2025-04-21 06:49:52 - [INFO] system check passed
2025-04-21 06:51:30 - [WARNING] Suspicious activity detected: ip_blocked
2025-04-21 07:02:16 - [INFO] email sent
2025-04-21 07:13:11 - [INFO] backup completed
2025-04-21 07:24:24 - [INFO] backup completed
2025-04-21 07:45:35 - [WARNING] Suspicious activity detected: ip_blocked
2025-04-21 07:54:01 - [INFO] config updated
2025-04-21 08:29:04 - [WARNING] Suspicious activity detected: unauthorized_access
2025-04-21 08:39:32 - [INFO] system check passed
2025-04-21 08:43:48 - [INFO] system check passed
2025-04-21 08:52:20 - [WARNING] Suspicious activity detected: port_scan
2025-04-21 09:12:26 - [INFO] system check passed
2025-04-21 09:23:29 - [INFO] system check passed
2025-04-21 09:25:53 - [INFO] file downloaded
2025-04-21 09:29:49 - [WARNING] Suspicious activity detected: intrusion
2025-04-21 09:37:12 - [INFO] file downloaded
2025-04-21 09:49:38 - [INFO] email sent
2025-04-21 09:52:17 - [INFO] user login
2025-04-21 09:52:54 - [WARNING] Suspicious activity detected: brute_force
2025-04-21 09:53:14 - [INFO] config updated
2025-04-21 10:04:59 - [WARNING] Suspicious activity detected: sql_injection
2025-04-21 10:15:35 - [INFO] file uploaded
2025-04-21 10:18:55 - [WARNING] Suspicious activity detected: ddos
2025-04-21 10:33:40 - [WARNING] Suspicious activity detected: ddos
2025-04-21 10:39:11 - [INFO] file uploaded
2025-04-21 10:40:27 - [INFO] config updated
2025-04-21 10:51:25 - [INFO] email sent
2025-04-21 10:54:02 - [WARNING] Suspicious activity detected: brute_force
2025-04-21 10:59:22 - [INFO] email sent
2025-04-21 11:07:05 - [INFO] backup completed
2025-04-21 11:14:17 - [INFO] user login
2025-04-21 11:18:05 - [INFO] backup completed
2025-04-21 11:22:47 - [INFO] backup completed
2025-04-21 11:27:37 - [INFO] user login
2025-04-21 11:30:44 - [INFO] config updated
2025-04-21 11:34:51 - [WARNING] Suspicious activity detected: unauthorized_access
2025-04-21 11:34:52 - [INFO] config updated
2025-04-21 11:41:25 - [INFO] file downloaded
2025-04-21 11:41:59 - [WARNING] Suspicious activity detected: port_scan
2025-04-21 11:49:15 - [WARNING] Suspicious activity detected: port_scan
2025-04-21 11:50:08 - [WARNING] Suspicious activity detected: brute_force
2025-04-21 11:58:25 - [WARNING] Suspicious activity detected: ddos
2025-04-21 11:59:27 - [INFO] user login
2025-04-21 12:09:07 - [INFO] user login
2025-04-21 12:17:24 - [INFO] user login
2025-04-21 12:42:52 - [WARNING] Suspicious activity detected: brute_force
2025-04-21 12:44:08 - [WARNING] Suspicious activity detected: ddos
2025-04-21 12:51:23 - [INFO] system check passed
2025-04-21 12:58:22 - [INFO] email sent
2025-04-21 12:59:50 - [INFO] file downloaded
2025-04-21 13:01:48 - [INFO] backup completed
2025-04-21 13:03:09 - [INFO] user login
2025-04-21 13:26:33 - [INFO] email sent
2025-04-21 13:30:06 - [INFO] file uploaded
2025-04-21 13:34:47 - [WARNING] Suspicious activity detected: unauthorized_access
2025-04-21 13:44:10 - [INFO] file uploaded
2025-04-21 13:50:33 - [INFO] file uploaded
2025-04-21 14:22:25 - [WARNING] Suspicious activity detected: port_scan
2025-04-21 14:25:33 - [INFO] email sent
2025-04-21 14:36:38 - [INFO] email sent
2025-04-21 14:44:18 - [INFO] file uploaded
2025-04-21 14:49:40 - [INFO] backup completed
2025-04-21 14:51:00 - [INFO] user login
2025-04-21 15:06:34 - [INFO] backup completed
2025-04-21 15:12:04 - [INFO] system check passed
2025-04-21 15:20:26 - [INFO] file uploaded
2025-04-21 15:43:06 - [INFO] file downloaded
2025-04-21 15:55:25 - [INFO] file uploaded
2025-04-21 16:04:48 - [INFO] file uploaded
2025-04-21 16:17:06 - [INFO] backup completed
2025-04-21 16:17:33 - [WARNING] Suspicious activity detected: port_scan
2025-04-21 16:31:54 - [INFO] email sent
2025-04-21 16:44:53 - [INFO] backup completed
2025-04-21 16:56:25 - [INFO] system check passed
2025-04-21 16:56:54 - [WARNING] Suspicious activity detected: port_scan
2025-04-21 17:01:42 - [INFO] email sent
2025-04-21 17:07:48 - [INFO] file downloaded
2025-04-21 17:24:55 - [INFO] user login
2025-04-21 17:27:30 - [WARNING] Suspicious activity detected: ddos
2025-04-21 17:27:35 - [INFO] file downloaded
2025-04-21 17:34:17 - [INFO] file uploaded
2025-04-21 17:37:58 - [INFO] config updated
2025-04-21 17:41:04 - [INFO] email sent
2025-04-21 17:44:39 - [INFO] email sent
2025-04-21 18:20:36 - [WARNING] Suspicious activity detected: sql_injection
2025-04-21 18:27:06 - [INFO] config updated
2025-04-21 18:57:39 - [INFO] email sent
2025-04-21 18:57:40 - [INFO] system check passed
2025-04-21 18:58:26 - [INFO] file downloaded
2025-04-21 19:26:59 - [INFO] email sent
2025-04-21 19:31:46 - [INFO] config updated
2025-04-21 19:34:00 - [INFO] config updated
2025-04-21 19:50:55 - [INFO] system check passed
2025-04-21 19:57:05 - [INFO] email sent
2025-04-21 19:59:23 - [WARNING] Suspicious activity detected: sql_injection
2025-04-21 20:03:05 - [INFO] system check passed
2025-04-21 20:08:33 - [INFO] user login
2025-04-21 20:14:54 - [INFO] file uploaded
2025-04-21 20:16:13 - [WARNING] Suspicious activity detected: port_scan
2025-04-21 20:19:46 - [INFO] config updated
2025-04-21 20:24:48 - [WARNING] Suspicious activity detected: unauthorized_access
2025-04-21 20:28:19 - [INFO] config updated
2025-04-21 20:50:01 - [INFO] config updated
2025-04-21 20:54:48 - [WARNING] Suspicious activity detected: unauthorized_access
2025-04-21 20:54:49 - [INFO] file downloaded
2025-04-21 21:00:13 - [INFO] file downloaded
2025-04-21 21:01:08 - [INFO] user login
2025-04-21 21:03:23 - [INFO] email sent
2025-04-21 21:15:12 - [WARNING] Suspicious activity detected: unauthorized_access
2025-04-21 21:37:42 - [INFO] backup completed
2025-04-21 21:44:24 - [INFO] file downloaded
2025-04-21 22:08:57 - [INFO] email sent
2025-04-21 22:12:24 - [INFO] backup completed
2025-04-21 22:21:32 - [INFO] file uploaded
2025-04-21 22:40:49 - [INFO] system check passed
2025-04-21 22:43:25 - [INFO] file downloaded
2025-04-21 22:57:42 - [INFO] system check passed
2025-04-21 23:00:18 - [WARNING] Suspicious activity detected: brute_force
2025-04-21 23:01:09 - [INFO] email sent
2025-04-21 23:03:01 - [INFO] backup completed
2025-04-21 23:04:30 - [INFO] system check passed
2025-04-21 23:30:32 - [WARNING] Suspicious activity detected: unauthorized_access
2025-04-21 23:40:30 - [INFO] file uploaded
2025-04-21 23:43:39 - [INFO] email sent
2025-04-21 23:43:40 - [INFO] config updated
2025-04-21 23:49:16 - [INFO] config updated
2025-04-21 23:49:17 - [INFO] backup completed
2025-04-21 23:50:01 - [WARNING] Suspicious activity detected: unauthorized_access
2025-04-21 23:51:50 - [INFO] email sent
2025-04-21 23:55:04 - [INFO] user login
2025-04-21 23:59:35 - [INFO] email sent