2025-07-07 00:22:05 - [WARNING] Suspicious activity detected: ddos
2025-07-07 00:31:33 - [WARNING] Suspicious activity detected: ddos
2025-07-07 00:33:55 - [INFO] backup completed
2025-07-07 00:44:23 - [WARNING] Suspicious activity detected: ddos
2025-07-07 00:44:26 - [WARNING] Suspicious activity detected: intrusion
2025-07-07 00:51:50 - [WARNING] Suspicious activity detected: malware
2025-07-07 00:58:23 - [WARNING] Suspicious activity detected: intrusion
2025-07-07 01:26:47 - [WARNING] Suspicious activity detected: ddos
2025-07-07 01:28:32 - [INFO] system check passed
2025-07-07 01:29:30 - [WARNING] Suspicious activity detected: ip_blocked
2025-07-07 01:39:14 - [WARNING] Suspicious activity detected: unauthorized_access
2025-07-07 01:43:20 - [INFO] file uploaded
2025-07-07 01:43:28 - [WARNING] Suspicious activity detected: port_scan
2025-07-07 02:00:44 - [INFO] file uploaded
2025-07-07 02:00:54 - [INFO] config updated
2025-07-07 02:04:01 - [WARNING] Suspicious activity detected: intrusion
2025-07-07 02:10:12 - [INFO] file uploaded
2025-07-07 02:31:16 - [INFO] user login
2025-07-07 02:37:54 - [INFO] config updated
2025-07-07 02:46:50 - [INFO] system check passed
2025-07-07 02:53:53 - [INFO] file downloaded
2025-07-07 02:56:42 - [WARNING] Suspicious activity detected: sql_injection
2025-07-07 03:10:25 - [WARNING] Suspicious activity detected: sql_injection
2025-07-07 03:10:28 - [INFO] file downloaded
2025-07-07 03:11:13 - [INFO] user login
2025-07-07 03:12:32 - [WARNING] Suspicious activity detected: unauthorized_access
2025-07-07 03:16:43 - [INFO] backup completed
2025-07-07 03:21:33 - [WARNING] Suspicious activity detected: sql_injection
2025-07-07 03:31:36 - [WARNING] Suspicious activity detected: malware
2025-07-07 03:33:48 - [WARNING] Suspicious activity detected: port_scan
2025-07-07 03:35:10 - [INFO] system check passed
2025-07-07 03:36:13 - [INFO] system check passed
2025-07-07 03:39:00 - [WARNING] Suspicious activity detected: ip_blocked
2025-07-07 03:44:45 - [INFO] system check passed
2025-07-07 03:46:56 - [WARNING] Suspicious activity detected: intrusion
2025-07-07 04:02:04 - [WARNING] Suspicious activity detected: port_scan
2025-07-07 04:10:15 - [WARNING] Suspicious activity detected: sql_injection
2025-07-07 04:13:18 - [INFO] user login
2025-07-07 04:13:24 - [WARNING] Suspicious activity detected: malware
2025-07-07 04:20:48 - [WARNING] Suspicious activity detected: unauthorized_access
2025-07-07 04:27:26 - [INFO] user login
2025-07-07 04:28:00 - [INFO] backup completed
2025-07-07 04:39:05 - [INFO] file downloaded
2025-07-07 04:46:12 - [WARNING] Suspicious activity detected: unauthorized_access
2025-07-07 04:46:53 - [INFO] user login
2025-07-07 04:55:13 - [WARNING] Suspicious activity detected: ip_blocked
2025-07-07 04:56:52 - [INFO] file downloaded
2025-07-07 04:57:32 - [WARNING] Suspicious activity detected: malware
2025-07-07 05:13:32 - [INFO] backup completed
2025-07-07 05:20:43 - [WARNING] Suspicious activity detected: malware
2025-07-07 05:31:00 - [WARNING] Suspicious activity detected: intrusion
2025-07-07 05:40:23 - [INFO] backup completed
2025-07-07 05:53:50 - [WARNING] Suspicious activity detected: sql_injection
2025-07-07 06:02:12 - [INFO] file downloaded
2025-07-07 06:02:47 - [INFO] config updated
2025-07-07 06:11:18 - [INFO] user login
2025-07-07 06:12:12 - [WARNING] Suspicious activity detected: ip_blocked
2025-07-07 06:17:16 - [INFO] backup completed
2025-07-07 06:42:19 - [WARNING] Suspicious activity detected: sql_injection
2025-07-07 06:49:10 - [WARNING] Suspicious activity detected: malware
2025-07-07 06:56:03 - [WARNING] Suspicious activity detected: ip_blocked
2025-07-07 07:02:34 - [WARNING] Suspicious activity detected: unauthorized_access
2025-07-07 07:02:47 - [INFO] config updated
2025-07-07 07:02:53 - [INFO] backup completed
2025-07-07 07:05:02 - [WARNING] Suspicious activity detected: brute_force
2025-07-07 07:20:30 - [INFO] file downloaded
2025-07-07 07:23:44 - [INFO] config updated
2025-07-07 07:36:12 - [WARNING] Suspicious activity detected: unauthorized_access
2025-07-07 07:36:28 - [INFO] config updated
2025-07-07 07:59:00 - [INFO] user login
2025-07-07 08:07:53 - [INFO] email sent
2025-07-07 08:31:21 - [INFO] file downloaded
2025-07-07 09:04:57 - [INFO] config updated
2025-07-07 09:30:53 - [WARNING] Suspicious activity detected: brute_force
2025-07-07 09:32:31 - [INFO] config updated
2025-07-07 09:39:03 - [INFO] backup completed
2025-07-07 09:48:04 - [WARNING] Suspicious activity detected: port_scan
2025-07-07 10:03:30 - [WARNING] Suspicious activity detected: port_scan
2025-07-07 10:12:41 - [INFO] user login
2025-07-07 10:23:34 - [WARNING] Suspicious activity detected: port_scan
2025-07-07 10:26:45 - [INFO] config updated
2025-07-07 10:31:30 - [INFO] file downloaded
2025-07-07 10:34:26 - [INFO] config updated
2025-07-07 10:35:51 - [INFO] backup completed
2025-07-07 10:45:29 - [WARNING] Suspicious activity detected: intrusion
2025-07-07 10:58:42 - [INFO] email sent
2025-07-07 11:02:17 - [WARNING] Suspicious activity detected: port_scan
2025-07-07 11:24:25 - [WARNING] Suspicious activity detected: sql_injection
2025-07-07 11:39:02 - [INFO] backup completed
2025-07-07 12:01:30 - [INFO] file uploaded
2025-07-07 12:02:13 - [INFO] file uploaded
2025-07-07 12:04:56 - [INFO] system check passed
2025-07-07 12:12:57 - [INFO] user login
2025-07-07 12:25:09 - [WARNING] Suspicious activity detected: sql_injection
2025-07-07 12:30:54 - [WARNING] Suspicious activity detected: port_scan
2025-07-07 12:43:48 - [WARNING] Suspicious activity detected: ip_blocked
2025-07-07 12:49:18 - [INFO] config updated
2025-07-07 12:53:00 - [WARNING] Suspicious activity detected: brute_force
2025-07-07 13:00:34 - [INFO] system check passed
2025-07-07 13:03:04 - [INFO] backup completed
2025-07-07 13:06:51 - [INFO] email sent
2025-07-07 13:11:33 - [INFO] file uploaded
2025-07-07 13:12:29 - [INFO] file downloaded
2025-07-07 13:15:23 - [WARNING] Suspicious activity detected: ddos
2025-07-07 13:34:30 - [WARNING] Suspicious activity detected: sql_injection
2025-07-07 13:46:41 - [INFO] email sent
2025-07-07 13:56:31 - [INFO] file uploaded
2025-07-07 14:00:31 - [INFO] file uploaded
2025-07-07 14:04:06 - [INFO] email sent
2025-07-07 14:09:37 - [WARNING] Suspicious activity detected: ddos
2025-07-07 14:26:30 - [WARNING] Suspicious activity detected: brute_force
2025-07-07 14:37:24 - [WARNING] Suspicious activity detected: ip_blocked
2025-07-07 14:48:31 - [INFO] config updated
2025-07-07 14:49:05 - [INFO] user login
2025-07-07 15:11:09 - [INFO] email sent
2025-07-07 15:27:41 - [INFO] user login
2025-07-07 15:32:00 - [INFO] backup completed
2025-07-07 15:35:41 - [WARNING] Suspicious activity detected: ip_blocked
2025-07-07 15:40:41 - [INFO] file uploaded
2025-07-07 15:41:02 - [INFO] config updated
2025-07-07 15:46:29 - [WARNING] Suspicious activity detected: unauthorized_access
2025-07-07 15:52:56 - [WARNING] Suspicious activity detected: port_scan
2025-07-07 15:57:50 - [INFO] user login
2025-07-07 15:59:25 - [INFO] backup completed
2025-07-07 16:04:27 - [WARNING] Suspicious activity detected: port_scan
2025-07-07 16:07:10 - [WARNING] Suspicious activity detected: sql_injection
2025-07-07 16:08:27 - [INFO] config updated
2025-07-07 16:08:47 - [WARNING] Suspicious activity detected: ip_blocked
2025-07-07 16:19:46 - [INFO] user login
2025-07-07 16:26:05 - [INFO] backup completed
2025-07-07 16:26:13 - [WARNING] Suspicious activity detected: unauthorized_access
2025-07-07 16:27:34 - [WARNING] Suspicious activity detected: brute_force
2025-07-07 16:28:14 - [WARNING] Suspicious activity detected: malware
2025-07-07 16:56:08 - [WARNING] Suspicious activity detected: malware
2025-07-07 17:01:00 - [INFO] backup completed
2025-07-07 17:21:27 - [INFO] system check passed
2025-07-07 17:42:32 - [WARNING] Suspicious activity detected: sql_injection
2025-07-07 17:58:42 - [WARNING] Suspicious activity detected: ip_blocked
2025-07-07 18:09:37 - [INFO] file uploaded
2025-07-07 18:09:39 - [WARNING] Suspicious activity detected: sql_injection
2025-07-07 18:13:05 - [WARNING] Suspicious activity detected: malware
2025-07-07 18:13:26 - [WARNING] Suspicious activity detected: ddos
2025-07-07 18:17:50 - [WARNING] Suspicious activity detected: unauthorized_access
2025-07-07 18:28:43 - [WARNING] Suspicious activity detected: brute_force
2025-07-07 18:43:00 - [INFO] backup completed
2025-07-07 18:48:45 - [INFO] backup completed
2025-07-07 18:54:44 - [INFO] system check passed
2025-07-07 19:04:15 - [INFO] user login
2025-07-07 19:05:47 - [WARNING] Suspicious activity detected: intrusion
2025-07-07 19:07:11 - [INFO] config updated
2025-07-07 19:15:50 - [INFO] user login
2025-07-07 19:23:11 - [WARNING] Suspicious activity detected: ddos
2025-07-07 19:28:02 - [INFO] system check passed
2025-07-07 19:36:57 - [INFO] file downloaded
2025-07-07 19:43:29 - [WARNING] Suspicious activity detected: ip_blocked
2025-07-07 19:46:50 - [INFO] file downloaded
2025-07-07 20:02:58 - [INFO] backup completed
2025-07-07 20:13:53 - [WARNING] Suspicious activity detected: brute_force
2025-07-07 20:29:46 - [WARNING] Suspicious activity detected: malware
2025-07-07 20:35:41 - [WARNING] Suspicious activity detected: ddos
2025-07-07 20:38:34 - [INFO] file downloaded
2025-07-07 20:39:11 - [INFO] system check passed
2025-07-07 20:53:02 - [INFO] backup completed
2025-07-07 20:57:43 - [INFO] system check passed
2025-07-07 21:00:59 - [INFO] backup completed
2025-07-07 21:06:09 - [INFO] file uploaded
2025-07-07 21:07:36 - [WARNING] Suspicious activity detected: malware
2025-07-07 21:11:35 - [WARNING] Suspicious activity detected: port_scan
2025-07-07 21:34:10 - [WARNING] Suspicious activity detected: ddos
2025-07-07 21:38:40 - [INFO] file uploaded
2025-07-07 21:42:22 - [WARNING] Suspicious activity detected: unauthorized_access
2025-07-07 21:49:54 - [INFO] system check passed
2025-07-07 21:55:42 - [INFO] file uploaded
2025-07-07 22:00:11 - [WARNING] Suspicious activity detected: malware
2025-07-07 22:03:52 - [INFO] system check passed
2025-07-07 22:20:43 - [INFO] system check passed
2025-07-07 22:21:02 - [WARNING] Suspicious activity detected: ip_blocked
2025-07-07 22:21:07 - [WARNING] Suspicious activity detected: port_scan
2025-07-07 22:32:52 - [INFO] user login
2025-07-07 22:44:12 - [INFO] config updated
2025-07-07 22:53:41 - [INFO] config updated
2025-07-07 23:02:14 - [INFO] user login
2025-07-07 23:03:32 - [INFO] email sent
2025-07-07 23:03:58 - [WARNING] Suspicious activity detected: ip_blocked
2025-07-07 23:07:57 - [INFO] config updated
2025-07-07 23:31:42 - [INFO] file uploaded
2025-07-07 23:35:40 - [INFO] config updated
2025-07-07 23:40:31 - [INFO] backup completed
2025-07-07 23:55:00 - [INFO] backup completed