2025-04-07 00:06:25 - [WARNING] Suspicious activity detected: ddos
2025-04-07 00:06:50 - [INFO] file downloaded
2025-04-07 00:11:33 - [INFO] file uploaded
2025-04-07 00:27:18 - [WARNING] Suspicious activity detected: port_scan
2025-04-07 00:33:17 - [INFO] file uploaded
2025-04-07 00:40:21 - [INFO] user login
2025-04-07 00:43:24 - [WARNING] Suspicious activity detected: malware
2025-04-07 00:56:28 - [WARNING] Suspicious activity detected: ip_blocked
2025-04-07 01:06:18 - [INFO] email sent
2025-04-07 01:08:12 - [INFO] backup completed
2025-04-07 01:27:36 - [WARNING] Suspicious activity detected: brute_force
2025-04-07 01:34:07 - [INFO] backup completed
2025-04-07 02:00:41 - [INFO] backup completed
2025-04-07 02:04:13 - [INFO] user login
2025-04-07 02:11:03 - [WARNING] Suspicious activity detected: sql_injection
2025-04-07 02:18:54 - [WARNING] Suspicious activity detected: malware
2025-04-07 02:22:52 - [WARNING] Suspicious activity detected: unauthorized_access
2025-04-07 02:43:24 - [INFO] system check passed
2025-04-07 02:44:40 - [INFO] email sent
2025-04-07 02:48:00 - [WARNING] Suspicious activity detected: unauthorized_access
2025-04-07 02:51:27 - [INFO] file uploaded
2025-04-07 03:15:40 - [INFO] backup completed
2025-04-07 03:19:47 - [WARNING] Suspicious activity detected: intrusion
2025-04-07 03:25:35 - [INFO] system check passed
2025-04-07 03:26:18 - [INFO] backup completed
2025-04-07 03:38:36 - [WARNING] Suspicious activity detected: unauthorized_access
2025-04-07 03:49:03 - [INFO] file uploaded
2025-04-07 03:50:50 - [INFO] email sent
2025-04-07 03:52:12 - [INFO] file uploaded
2025-04-07 03:53:06 - [INFO] system check passed
2025-04-07 03:53:28 - [WARNING] Suspicious activity detected: brute_force
2025-04-07 04:09:12 - [INFO] user login
2025-04-07 04:12:59 - [WARNING] Suspicious activity detected: port_scan
2025-04-07 04:31:39 - [WARNING] Suspicious activity detected: sql_injection
2025-04-07 04:31:40 - [WARNING] Suspicious activity detected: brute_force
2025-04-07 04:44:15 - [INFO] file downloaded
2025-04-07 04:52:01 - [INFO] email sent
2025-04-07 05:09:26 - [WARNING] Suspicious activity detected: unauthorized_access
2025-04-07 05:17:53 - [INFO] user login
2025-04-07 05:26:54 - [INFO] config updated
2025-04-07 05:28:06 - [INFO] backup completed
2025-04-07 05:29:33 - [INFO] config updated
2025-04-07 05:32:29 - [WARNING] Suspicious activity detected: ip_blocked
2025-04-07 05:41:26 - [WARNING] Suspicious activity detected: intrusion
2025-04-07 05:46:21 - [WARNING] Suspicious activity detected: intrusion
2025-04-07 05:53:37 - [INFO] system check passed
2025-04-07 05:58:55 - [WARNING] Suspicious activity detected: unauthorized_access
2025-04-07 06:01:37 - [WARNING] Suspicious activity detected: brute_force
2025-04-07 06:03:52 - [WARNING] Suspicious activity detected: ddos
2025-04-07 06:05:23 - [WARNING] Suspicious activity detected: malware
2025-04-07 06:08:56 - [WARNING] Suspicious activity detected: ip_blocked
2025-04-07 06:15:23 - [INFO] config updated
2025-04-07 06:24:31 - [WARNING] Suspicious activity detected: unauthorized_access
2025-04-07 06:41:17 - [WARNING] Suspicious activity detected: port_scan
2025-04-07 06:41:41 - [WARNING] Suspicious activity detected: malware
2025-04-07 06:43:26 - [INFO] backup completed
2025-04-07 07:00:40 - [INFO] system check passed
2025-04-07 07:19:31 - [INFO] config updated
2025-04-07 07:32:06 - [INFO] file uploaded
2025-04-07 07:34:52 - [INFO] config updated
2025-04-07 07:55:33 - [WARNING] Suspicious activity detected: ip_blocked
2025-04-07 08:06:55 - [WARNING] Suspicious activity detected: brute_force
2025-04-07 08:12:01 - [INFO] email sent
2025-04-07 08:43:16 - [INFO] backup completed
2025-04-07 08:43:20 - [WARNING] Suspicious activity detected: malware
2025-04-07 08:45:27 - [INFO] email sent
2025-04-07 09:04:02 - [INFO] file uploaded
2025-04-07 09:15:54 - [INFO] backup completed
2025-04-07 09:16:29 - [WARNING] Suspicious activity detected: ddos
2025-04-07 09:47:47 - [WARNING] Suspicious activity detected: intrusion
2025-04-07 09:51:36 - [INFO] system check passed
2025-04-07 09:57:05 - [INFO] system check passed
2025-04-07 10:03:55 - [INFO] file downloaded
2025-04-07 10:05:47 - [WARNING] Suspicious activity detected: malware
2025-04-07 10:10:11 - [WARNING] Suspicious activity detected: sql_injection
2025-04-07 10:17:02 - [WARNING] Suspicious activity detected: sql_injection
2025-04-07 10:30:45 - [INFO] config updated
2025-04-07 10:31:33 - [INFO] user login
2025-04-07 10:38:17 - [INFO] user login
2025-04-07 10:55:07 - [INFO] config updated
2025-04-07 11:04:06 - [INFO] config updated
2025-04-07 11:05:38 - [WARNING] Suspicious activity detected: unauthorized_access
2025-04-07 11:11:07 - [WARNING] Suspicious activity detected: intrusion
2025-04-07 11:27:07 - [WARNING] Suspicious activity detected: unauthorized_access
2025-04-07 11:28:29 - [WARNING] Suspicious activity detected: ip_blocked
2025-04-07 11:33:05 - [INFO] user login
2025-04-07 12:00:40 - [INFO] system check passed
2025-04-07 12:03:09 - [INFO] email sent
2025-04-07 12:04:43 - [WARNING] Suspicious activity detected: ip_blocked
2025-04-07 12:19:26 - [WARNING] Suspicious activity detected: ddos
2025-04-07 12:30:40 - [WARNING] Suspicious activity detected: sql_injection
2025-04-07 12:31:52 - [INFO] email sent
2025-04-07 12:38:32 - [WARNING] Suspicious activity detected: unauthorized_access
2025-04-07 13:14:51 - [INFO] user login
2025-04-07 13:21:06 - [INFO] file downloaded
2025-04-07 13:31:05 - [WARNING] Suspicious activity detected: ddos
2025-04-07 13:32:56 - [WARNING] Suspicious activity detected: sql_injection
2025-04-07 13:59:19 - [WARNING] Suspicious activity detected: sql_injection
2025-04-07 14:05:34 - [INFO] user login
2025-04-07 14:32:49 - [INFO] config updated
2025-04-07 14:38:10 - [INFO] email sent
2025-04-07 14:47:02 - [INFO] file downloaded
2025-04-07 14:48:17 - [INFO] system check passed
2025-04-07 14:59:09 - [WARNING] Suspicious activity detected: port_scan
2025-04-07 15:00:57 - [INFO] config updated
2025-04-07 15:13:01 - [WARNING] Suspicious activity detected: sql_injection
2025-04-07 15:26:59 - [INFO] file uploaded
2025-04-07 16:04:19 - [INFO] config updated
2025-04-07 16:10:32 - [INFO] system check passed
2025-04-07 16:14:39 - [WARNING] Suspicious activity detected: malware
2025-04-07 16:17:41 - [INFO] file downloaded
2025-04-07 16:17:51 - [INFO] email sent
2025-04-07 16:24:21 - [INFO] email sent
2025-04-07 16:38:02 - [WARNING] Suspicious activity detected: ip_blocked
2025-04-07 16:41:49 - [WARNING] Suspicious activity detected: intrusion
2025-04-07 16:42:20 - [WARNING] Suspicious activity detected: sql_injection
2025-04-07 16:47:33 - [INFO] backup completed
2025-04-07 16:49:54 - [INFO] backup completed
2025-04-07 17:09:14 - [INFO] file uploaded
2025-04-07 17:13:33 - [INFO] file downloaded
2025-04-07 17:15:41 - [WARNING] Suspicious activity detected: ddos
2025-04-07 17:18:37 - [WARNING] Suspicious activity detected: ip_blocked
2025-04-07 17:29:24 - [INFO] email sent
2025-04-07 17:35:17 - [INFO] backup completed
2025-04-07 17:48:50 - [WARNING] Suspicious activity detected: malware
2025-04-07 17:52:10 - [INFO] file uploaded
2025-04-07 18:10:36 - [INFO] system check passed
2025-04-07 18:26:15 - [INFO] file uploaded
2025-04-07 18:34:39 - [INFO] config updated
2025-04-07 18:49:24 - [INFO] backup completed
2025-04-07 19:06:54 - [WARNING] Suspicious activity detected: ip_blocked
2025-04-07 19:10:39 - [WARNING] Suspicious activity detected: ddos
2025-04-07 19:12:54 - [INFO] system check passed
2025-04-07 19:27:30 - [WARNING] Suspicious activity detected: malware
2025-04-07 19:37:31 - [INFO] backup completed
2025-04-07 19:40:25 - [WARNING] Suspicious activity detected: ddos
2025-04-07 19:41:06 - [INFO] file downloaded
2025-04-07 20:00:09 - [INFO] config updated
2025-04-07 20:07:37 - [INFO] system check passed
2025-04-07 20:09:02 - [INFO] email sent
2025-04-07 20:13:37 - [INFO] user login
2025-04-07 20:21:12 - [WARNING] Suspicious activity detected: unauthorized_access
2025-04-07 20:27:14 - [INFO] file uploaded
2025-04-07 20:36:53 - [WARNING] Suspicious activity detected: ip_blocked
2025-04-07 20:50:37 - [INFO] email sent
2025-04-07 21:13:53 - [WARNING] Suspicious activity detected: malware
2025-04-07 21:22:08 - [WARNING] Suspicious activity detected: unauthorized_access
2025-04-07 21:54:35 - [INFO] config updated
2025-04-07 21:55:21 - [INFO] config updated
2025-04-07 21:58:39 - [INFO] user login
2025-04-07 22:09:25 - [WARNING] Suspicious activity detected: brute_force
2025-04-07 22:12:00 - [WARNING] Suspicious activity detected: port_scan
2025-04-07 22:14:13 - [WARNING] Suspicious activity detected: ddos
2025-04-07 22:16:38 - [WARNING] Suspicious activity detected: unauthorized_access
2025-04-07 22:18:11 - [INFO] file uploaded
2025-04-07 22:20:08 - [INFO] file downloaded
2025-04-07 22:25:04 - [WARNING] Suspicious activity detected: malware
2025-04-07 22:28:09 - [INFO] user login
2025-04-07 22:35:07 - [INFO] backup completed
2025-04-07 22:36:07 - [WARNING] Suspicious activity detected: ddos
2025-04-07 22:38:28 - [WARNING] Suspicious activity detected: ddos
2025-04-07 22:43:08 - [INFO] system check passed
2025-04-07 22:55:52 - [INFO] user login
2025-04-07 23:02:50 - [WARNING] Suspicious activity detected: ddos
2025-04-07 23:23:15 - [INFO] file downloaded
2025-04-07 23:30:58 - [INFO] backup completed
2025-04-07 23:45:16 - [INFO] email sent
2025-04-07 23:53:52 - [WARNING] Suspicious activity detected: port_scan