2025-05-08 00:01:27 - [INFO] system check passed
2025-05-08 00:02:55 - [INFO] file downloaded
2025-05-08 00:08:37 - [INFO] user login
2025-05-08 00:11:41 - [INFO] backup completed
2025-05-08 00:16:10 - [INFO] system check passed
2025-05-08 00:23:14 - [INFO] file downloaded
2025-05-08 00:30:51 - [INFO] config updated
2025-05-08 00:32:03 - [INFO] config updated
2025-05-08 00:33:47 - [INFO] system check passed
2025-05-08 00:36:31 - [INFO] email sent
2025-05-08 00:37:39 - [WARNING] Suspicious activity detected: ddos
2025-05-08 00:39:50 - [INFO] file downloaded
2025-05-08 00:41:18 - [INFO] file uploaded
2025-05-08 00:41:45 - [INFO] file uploaded
2025-05-08 00:59:16 - [INFO] backup completed
2025-05-08 01:05:21 - [WARNING] Suspicious activity detected: malware
2025-05-08 01:17:59 - [INFO] config updated
2025-05-08 01:19:08 - [INFO] backup completed
2025-05-08 01:29:15 - [WARNING] Suspicious activity detected: malware
2025-05-08 01:38:09 - [WARNING] Suspicious activity detected: unauthorized_access
2025-05-08 01:39:26 - [INFO] file uploaded
2025-05-08 01:47:42 - [INFO] file downloaded
2025-05-08 01:51:13 - [INFO] backup completed
2025-05-08 01:56:54 - [WARNING] Suspicious activity detected: brute_force
2025-05-08 02:07:00 - [INFO] config updated
2025-05-08 02:12:25 - [INFO] email sent
2025-05-08 02:40:02 - [INFO] file downloaded
2025-05-08 02:44:48 - [INFO] system check passed
2025-05-08 02:44:51 - [INFO] user login
2025-05-08 02:49:03 - [INFO] email sent
2025-05-08 02:56:21 - [INFO] file uploaded
2025-05-08 03:20:21 - [WARNING] Suspicious activity detected: unauthorized_access
2025-05-08 03:24:35 - [INFO] user login
2025-05-08 03:27:51 - [WARNING] Suspicious activity detected: ddos
2025-05-08 03:41:44 - [INFO] email sent
2025-05-08 03:47:31 - [INFO] system check passed
2025-05-08 03:51:58 - [WARNING] Suspicious activity detected: ip_blocked
2025-05-08 03:59:45 - [INFO] backup completed
2025-05-08 04:04:28 - [WARNING] Suspicious activity detected: ddos
2025-05-08 04:08:04 - [INFO] user login
2025-05-08 04:14:47 - [INFO] file uploaded
2025-05-08 04:15:44 - [INFO] file uploaded
2025-05-08 04:18:21 - [INFO] user login
2025-05-08 04:27:43 - [INFO] file downloaded
2025-05-08 04:28:15 - [INFO] email sent
2025-05-08 04:33:58 - [INFO] config updated
2025-05-08 04:53:35 - [INFO] file downloaded
2025-05-08 04:56:17 - [INFO] email sent
2025-05-08 04:56:42 - [WARNING] Suspicious activity detected: sql_injection
2025-05-08 05:01:52 - [WARNING] Suspicious activity detected: malware
2025-05-08 05:18:10 - [INFO] file uploaded
2025-05-08 05:29:37 - [INFO] system check passed
2025-05-08 05:31:45 - [INFO] system check passed
2025-05-08 05:31:47 - [INFO] user login
2025-05-08 05:57:52 - [INFO] config updated
2025-05-08 05:58:20 - [INFO] file downloaded
2025-05-08 06:02:43 - [INFO] system check passed
2025-05-08 06:12:40 - [INFO] config updated
2025-05-08 06:13:28 - [INFO] config updated
2025-05-08 06:17:40 - [INFO] file downloaded
2025-05-08 06:21:33 - [INFO] user login
2025-05-08 06:33:29 - [INFO] file uploaded
2025-05-08 06:37:43 - [INFO] config updated
2025-05-08 06:40:22 - [INFO] email sent
2025-05-08 06:46:55 - [INFO] file downloaded
2025-05-08 06:48:35 - [INFO] backup completed
2025-05-08 06:53:15 - [INFO] file downloaded
2025-05-08 06:56:41 - [INFO] backup completed
2025-05-08 07:05:36 - [WARNING] Suspicious activity detected: brute_force
2025-05-08 07:17:22 - [INFO] email sent
2025-05-08 07:20:58 - [WARNING] Suspicious activity detected: ddos
2025-05-08 07:27:10 - [INFO] backup completed
2025-05-08 07:37:09 - [INFO] file downloaded
2025-05-08 07:46:14 - [INFO] system check passed
2025-05-08 07:47:13 - [WARNING] Suspicious activity detected: sql_injection
2025-05-08 07:52:44 - [INFO] system check passed
2025-05-08 07:53:00 - [INFO] file uploaded
2025-05-08 07:55:35 - [INFO] config updated
2025-05-08 08:01:43 - [INFO] file downloaded
2025-05-08 08:05:59 - [INFO] email sent
2025-05-08 08:09:25 - [INFO] system check passed
2025-05-08 08:12:40 - [INFO] system check passed
2025-05-08 08:15:09 - [WARNING] Suspicious activity detected: sql_injection
2025-05-08 08:33:01 - [INFO] email sent
2025-05-08 08:37:06 - [INFO] system check passed
2025-05-08 09:01:03 - [INFO] file downloaded
2025-05-08 09:08:54 - [INFO] file uploaded
2025-05-08 09:32:20 - [INFO] user login
2025-05-08 09:33:36 - [WARNING] Suspicious activity detected: unauthorized_access
2025-05-08 09:36:50 - [WARNING] Suspicious activity detected: ddos
2025-05-08 09:50:30 - [WARNING] Suspicious activity detected: port_scan
2025-05-08 10:00:12 - [INFO] file downloaded
2025-05-08 10:04:22 - [INFO] file downloaded
2025-05-08 10:06:36 - [INFO] file downloaded
2025-05-08 10:22:59 - [INFO] file uploaded
2025-05-08 10:29:37 - [INFO] backup completed
2025-05-08 10:31:10 - [INFO] backup completed
2025-05-08 10:42:10 - [WARNING] Suspicious activity detected: ip_blocked
2025-05-08 10:59:02 - [INFO] email sent
2025-05-08 11:02:14 - [INFO] config updated
2025-05-08 11:03:06 - [INFO] email sent
2025-05-08 11:04:55 - [INFO] file uploaded
2025-05-08 11:09:19 - [INFO] config updated
2025-05-08 11:14:40 - [INFO] user login
2025-05-08 11:19:11 - [INFO] user login
2025-05-08 11:30:29 - [WARNING] Suspicious activity detected: sql_injection
2025-05-08 11:35:56 - [INFO] system check passed
2025-05-08 11:39:41 - [INFO] backup completed
2025-05-08 11:48:52 - [INFO] file uploaded
2025-05-08 12:05:19 - [INFO] file downloaded
2025-05-08 12:08:20 - [INFO] config updated
2025-05-08 12:11:03 - [INFO] email sent
2025-05-08 12:12:16 - [WARNING] Suspicious activity detected: ddos
2025-05-08 12:12:31 - [INFO] system check passed
2025-05-08 12:19:14 - [INFO] user login
2025-05-08 12:36:28 - [WARNING] Suspicious activity detected: sql_injection
2025-05-08 12:36:32 - [INFO] config updated
2025-05-08 13:12:57 - [INFO] backup completed
2025-05-08 13:15:25 - [INFO] file downloaded
2025-05-08 13:31:17 - [INFO] email sent
2025-05-08 13:49:35 - [WARNING] Suspicious activity detected: brute_force
2025-05-08 13:53:20 - [INFO] config updated
2025-05-08 13:55:01 - [INFO] email sent
2025-05-08 14:02:17 - [INFO] backup completed
2025-05-08 14:04:27 - [INFO] file uploaded
2025-05-08 14:12:03 - [INFO] user login
2025-05-08 14:12:57 - [INFO] email sent
2025-05-08 14:19:27 - [INFO] file downloaded
2025-05-08 14:19:36 - [WARNING] Suspicious activity detected: brute_force
2025-05-08 14:20:09 - [INFO] user login
2025-05-08 14:26:56 - [INFO] config updated
2025-05-08 14:27:55 - [INFO] user login
2025-05-08 14:31:49 - [INFO] system check passed
2025-05-08 14:32:01 - [WARNING] Suspicious activity detected: ddos
2025-05-08 14:37:36 - [INFO] email sent
2025-05-08 14:41:34 - [INFO] file uploaded
2025-05-08 14:44:05 - [WARNING] Suspicious activity detected: sql_injection
2025-05-08 14:50:00 - [INFO] file downloaded
2025-05-08 14:50:02 - [INFO] user login
2025-05-08 14:53:19 - [INFO] backup completed
2025-05-08 14:55:35 - [INFO] backup completed
2025-05-08 14:59:00 - [INFO] backup completed
2025-05-08 15:05:31 - [WARNING] Suspicious activity detected: intrusion
2025-05-08 15:06:20 - [INFO] file uploaded
2025-05-08 15:08:16 - [INFO] file downloaded
2025-05-08 15:16:23 - [INFO] user login
2025-05-08 15:17:26 - [WARNING] Suspicious activity detected: intrusion
2025-05-08 15:22:17 - [INFO] email sent
2025-05-08 15:32:06 - [INFO] user login
2025-05-08 15:33:18 - [INFO] user login
2025-05-08 15:39:12 - [INFO] file downloaded
2025-05-08 15:41:57 - [INFO] file downloaded
2025-05-08 15:42:10 - [INFO] email sent
2025-05-08 15:44:44 - [INFO] user login
2025-05-08 15:46:03 - [INFO] backup completed
2025-05-08 15:53:18 - [INFO] system check passed
2025-05-08 15:56:52 - [WARNING] Suspicious activity detected: ddos
2025-05-08 16:03:20 - [INFO] backup completed
2025-05-08 16:04:18 - [INFO] system check passed
2025-05-08 16:06:34 - [WARNING] Suspicious activity detected: ip_blocked
2025-05-08 16:07:07 - [INFO] file uploaded
2025-05-08 16:08:16 - [WARNING] Suspicious activity detected: brute_force
2025-05-08 16:16:48 - [INFO] user login
2025-05-08 16:20:57 - [INFO] config updated
2025-05-08 16:27:07 - [INFO] email sent
2025-05-08 16:27:39 - [INFO] config updated
2025-05-08 16:30:03 - [INFO] file downloaded
2025-05-08 16:31:13 - [INFO] config updated
2025-05-08 16:48:27 - [INFO] file uploaded
2025-05-08 17:00:20 - [INFO] system check passed
2025-05-08 17:07:03 - [WARNING] Suspicious activity detected: port_scan
2025-05-08 17:10:39 - [INFO] config updated
2025-05-08 17:11:02 - [WARNING] Suspicious activity detected: port_scan
2025-05-08 17:13:11 - [INFO] system check passed
2025-05-08 17:15:23 - [WARNING] Suspicious activity detected: ip_blocked
2025-05-08 17:19:16 - [INFO] system check passed
2025-05-08 17:21:28 - [WARNING] Suspicious activity detected: malware
2025-05-08 17:21:47 - [INFO] system check passed
2025-05-08 17:27:33 - [INFO] backup completed
2025-05-08 17:30:31 - [WARNING] Suspicious activity detected: unauthorized_access
2025-05-08 17:36:27 - [WARNING] Suspicious activity detected: malware
2025-05-08 17:37:00 - [INFO] user login
2025-05-08 17:38:39 - [WARNING] Suspicious activity detected: unauthorized_access
2025-05-08 17:39:15 - [INFO] file uploaded
2025-05-08 17:40:06 - [WARNING] Suspicious activity detected: ip_blocked
2025-05-08 17:41:29 - [INFO] file uploaded
2025-05-08 17:55:37 - [WARNING] Suspicious activity detected: unauthorized_access
2025-05-08 17:57:39 - [INFO] user login
2025-05-08 18:00:15 - [INFO] file uploaded
2025-05-08 18:12:51 - [INFO] user login
2025-05-08 18:14:10 - [INFO] email sent
2025-05-08 18:17:59 - [WARNING] Suspicious activity detected: malware
2025-05-08 18:24:14 - [WARNING] Suspicious activity detected: port_scan
2025-05-08 18:29:01 - [INFO] backup completed
2025-05-08 18:37:36 - [INFO] user login
2025-05-08 18:37:48 - [INFO] email sent
2025-05-08 18:42:01 - [INFO] backup completed
2025-05-08 18:51:15 - [INFO] system check passed
2025-05-08 18:56:15 - [INFO] system check passed
2025-05-08 18:59:33 - [INFO] system check passed
2025-05-08 19:00:07 - [INFO] email sent
2025-05-08 19:03:12 - [WARNING] Suspicious activity detected: port_scan
2025-05-08 19:06:09 - [INFO] config updated
2025-05-08 19:09:39 - [INFO] file downloaded
2025-05-08 19:19:17 - [INFO] config updated
2025-05-08 19:34:15 - [INFO] file uploaded
2025-05-08 19:35:19 - [INFO] file uploaded
2025-05-08 19:45:13 - [INFO] file uploaded
2025-05-08 19:47:56 - [INFO] user login
2025-05-08 19:48:59 - [WARNING] Suspicious activity detected: unauthorized_access
2025-05-08 19:58:46 - [WARNING] Suspicious activity detected: ip_blocked
2025-05-08 20:10:12 - [INFO] file uploaded
2025-05-08 20:17:28 - [INFO] email sent
2025-05-08 20:21:30 - [INFO] system check passed
2025-05-08 20:21:58 - [INFO] system check passed
2025-05-08 20:51:49 - [INFO] file uploaded
2025-05-08 20:55:34 - [WARNING] Suspicious activity detected: malware
2025-05-08 21:14:20 - [INFO] config updated
2025-05-08 21:28:13 - [INFO] user login
2025-05-08 21:28:54 - [INFO] user login
2025-05-08 21:33:52 - [WARNING] Suspicious activity detected: intrusion
2025-05-08 21:35:22 - [WARNING] Suspicious activity detected: intrusion
2025-05-08 21:40:16 - [INFO] file downloaded
2025-05-08 21:40:31 - [WARNING] Suspicious activity detected: brute_force
2025-05-08 21:51:23 - [INFO] file downloaded
2025-05-08 21:53:20 - [INFO] backup completed
2025-05-08 22:10:46 - [INFO] file uploaded
2025-05-08 22:13:17 - [WARNING] Suspicious activity detected: unauthorized_access
2025-05-08 22:16:49 - [WARNING] Suspicious activity detected: unauthorized_access
2025-05-08 22:21:36 - [INFO] config updated
2025-05-08 22:29:21 - [WARNING] Suspicious activity detected: intrusion
2025-05-08 22:35:43 - [INFO] backup completed
2025-05-08 22:40:28 - [INFO] file downloaded
2025-05-08 22:41:40 - [WARNING] Suspicious activity detected: sql_injection
2025-05-08 22:50:08 - [WARNING] Suspicious activity detected: unauthorized_access
2025-05-08 22:50:13 - [INFO] config updated
2025-05-08 23:03:54 - [INFO] user login
2025-05-08 23:04:35 - [INFO] email sent
2025-05-08 23:04:57 - [INFO] user login
2025-05-08 23:20:44 - [WARNING] Suspicious activity detected: ddos
2025-05-08 23:21:49 - [INFO] file downloaded
2025-05-08 23:25:50 - [INFO] file downloaded
2025-05-08 23:30:04 - [INFO] user login
2025-05-08 23:38:13 - [WARNING] Suspicious activity detected: malware
2025-05-08 23:39:37 - [INFO] backup completed
2025-05-08 23:46:36 - [INFO] backup completed
2025-05-08 23:47:46 - [INFO] config updated
2025-05-08 23:56:59 - [INFO] file uploaded