2025-05-05 00:25:35 - [INFO] user login
2025-05-05 00:29:21 - [INFO] email sent
2025-05-05 00:30:14 - [WARNING] Suspicious activity detected: unauthorized_access
2025-05-05 00:41:20 - [INFO] email sent
2025-05-05 00:43:16 - [INFO] file downloaded
2025-05-05 01:09:50 - [INFO] email sent
2025-05-05 01:27:35 - [INFO] file downloaded
2025-05-05 01:34:39 - [INFO] config updated
2025-05-05 01:37:13 - [INFO] user login
2025-05-05 01:47:01 - [INFO] email sent
2025-05-05 01:53:55 - [INFO] backup completed
2025-05-05 01:56:27 - [INFO] config updated
2025-05-05 02:00:37 - [INFO] config updated
2025-05-05 02:05:58 - [INFO] config updated
2025-05-05 02:34:24 - [INFO] system check passed
2025-05-05 02:37:04 - [INFO] config updated
2025-05-05 02:37:31 - [INFO] config updated
2025-05-05 02:42:46 - [WARNING] Suspicious activity detected: sql_injection
2025-05-05 02:44:47 - [INFO] config updated
2025-05-05 02:45:07 - [INFO] config updated
2025-05-05 02:46:08 - [INFO] system check passed
2025-05-05 02:51:22 - [WARNING] Suspicious activity detected: port_scan
2025-05-05 02:54:52 - [WARNING] Suspicious activity detected: ddos
2025-05-05 02:55:54 - [INFO] file downloaded
2025-05-05 03:18:11 - [INFO] email sent
2025-05-05 03:20:48 - [INFO] backup completed
2025-05-05 03:44:04 - [INFO] backup completed
2025-05-05 03:50:05 - [WARNING] Suspicious activity detected: ddos
2025-05-05 03:51:08 - [WARNING] Suspicious activity detected: intrusion
2025-05-05 04:01:05 - [INFO] file downloaded
2025-05-05 04:19:14 - [INFO] backup completed
2025-05-05 04:27:31 - [WARNING] Suspicious activity detected: unauthorized_access
2025-05-05 04:45:46 - [INFO] system check passed
2025-05-05 04:45:51 - [INFO] email sent
2025-05-05 04:46:18 - [INFO] user login
2025-05-05 04:52:12 - [INFO] file downloaded
2025-05-05 05:02:19 - [WARNING] Suspicious activity detected: brute_force
2025-05-05 05:12:24 - [WARNING] Suspicious activity detected: sql_injection
2025-05-05 05:30:35 - [INFO] file downloaded
2025-05-05 05:45:08 - [INFO] file uploaded
2025-05-05 05:46:26 - [INFO] user login
2025-05-05 05:55:27 - [INFO] email sent
2025-05-05 05:58:11 - [INFO] config updated
2025-05-05 06:01:05 - [INFO] file downloaded
2025-05-05 06:38:36 - [INFO] backup completed
2025-05-05 06:41:25 - [INFO] backup completed
2025-05-05 06:43:50 - [INFO] file uploaded
2025-05-05 06:48:01 - [INFO] email sent
2025-05-05 07:21:13 - [INFO] config updated
2025-05-05 08:04:27 - [WARNING] Suspicious activity detected: sql_injection
2025-05-05 08:07:14 - [INFO] user login
2025-05-05 08:10:07 - [INFO] file downloaded
2025-05-05 08:39:43 - [WARNING] Suspicious activity detected: intrusion
2025-05-05 08:45:57 - [INFO] user login
2025-05-05 08:57:45 - [INFO] config updated
2025-05-05 09:02:59 - [INFO] email sent
2025-05-05 09:04:04 - [INFO] backup completed
2025-05-05 09:10:27 - [INFO] config updated
2025-05-05 09:33:43 - [INFO] config updated
2025-05-05 09:42:04 - [INFO] file uploaded
2025-05-05 09:49:12 - [INFO] email sent
2025-05-05 09:54:03 - [INFO] email sent
2025-05-05 09:58:22 - [INFO] file uploaded
2025-05-05 09:59:30 - [INFO] backup completed
2025-05-05 10:01:21 - [INFO] config updated
2025-05-05 10:07:12 - [INFO] config updated
2025-05-05 10:19:34 - [WARNING] Suspicious activity detected: ip_blocked
2025-05-05 10:24:42 - [INFO] file downloaded
2025-05-05 10:38:47 - [INFO] file downloaded
2025-05-05 10:43:08 - [INFO] file downloaded
2025-05-05 10:44:00 - [WARNING] Suspicious activity detected: intrusion
2025-05-05 10:55:37 - [INFO] backup completed
2025-05-05 11:18:47 - [INFO] file downloaded
2025-05-05 11:30:17 - [INFO] user login
2025-05-05 11:55:26 - [INFO] user login
2025-05-05 11:55:50 - [INFO] file downloaded
2025-05-05 12:05:51 - [WARNING] Suspicious activity detected: unauthorized_access
2025-05-05 12:09:49 - [INFO] config updated
2025-05-05 12:19:10 - [INFO] backup completed
2025-05-05 12:23:46 - [INFO] config updated
2025-05-05 12:24:31 - [WARNING] Suspicious activity detected: port_scan
2025-05-05 12:26:50 - [INFO] backup completed
2025-05-05 12:34:29 - [INFO] backup completed
2025-05-05 12:40:15 - [INFO] backup completed
2025-05-05 12:44:11 - [INFO] config updated
2025-05-05 12:44:58 - [INFO] file uploaded
2025-05-05 12:53:15 - [WARNING] Suspicious activity detected: sql_injection
2025-05-05 12:58:49 - [INFO] user login
2025-05-05 13:03:03 - [INFO] config updated
2025-05-05 13:06:08 - [WARNING] Suspicious activity detected: unauthorized_access
2025-05-05 13:10:14 - [INFO] email sent
2025-05-05 13:16:19 - [INFO] system check passed
2025-05-05 13:31:56 - [INFO] system check passed
2025-05-05 13:39:09 - [INFO] config updated
2025-05-05 13:42:44 - [WARNING] Suspicious activity detected: ip_blocked
2025-05-05 13:43:21 - [INFO] config updated
2025-05-05 13:45:40 - [INFO] config updated
2025-05-05 13:48:54 - [INFO] backup completed
2025-05-05 13:49:28 - [INFO] email sent
2025-05-05 14:13:59 - [WARNING] Suspicious activity detected: sql_injection
2025-05-05 14:14:06 - [WARNING] Suspicious activity detected: unauthorized_access
2025-05-05 14:14:51 - [INFO] file uploaded
2025-05-05 14:19:06 - [INFO] file downloaded
2025-05-05 14:42:56 - [INFO] user login
2025-05-05 14:57:07 - [WARNING] Suspicious activity detected: intrusion
2025-05-05 15:00:06 - [WARNING] Suspicious activity detected: malware
2025-05-05 15:06:58 - [INFO] config updated
2025-05-05 15:09:39 - [INFO] file downloaded
2025-05-05 15:13:53 - [WARNING] Suspicious activity detected: malware
2025-05-05 15:25:27 - [INFO] file downloaded
2025-05-05 15:33:45 - [INFO] backup completed
2025-05-05 15:35:51 - [INFO] user login
2025-05-05 15:44:17 - [INFO] backup completed
2025-05-05 16:04:24 - [WARNING] Suspicious activity detected: sql_injection
2025-05-05 16:24:31 - [INFO] system check passed
2025-05-05 16:26:57 - [INFO] backup completed
2025-05-05 16:30:27 - [INFO] email sent
2025-05-05 16:34:30 - [INFO] email sent
2025-05-05 16:35:21 - [INFO] backup completed
2025-05-05 16:52:30 - [WARNING] Suspicious activity detected: ddos
2025-05-05 16:54:17 - [WARNING] Suspicious activity detected: brute_force
2025-05-05 17:03:32 - [INFO] email sent
2025-05-05 17:24:06 - [INFO] file downloaded
2025-05-05 17:42:04 - [INFO] backup completed
2025-05-05 17:44:13 - [INFO] email sent
2025-05-05 17:51:07 - [INFO] system check passed
2025-05-05 18:11:06 - [INFO] file downloaded
2025-05-05 18:14:52 - [INFO] config updated
2025-05-05 18:27:50 - [WARNING] Suspicious activity detected: intrusion
2025-05-05 18:31:02 - [WARNING] Suspicious activity detected: brute_force
2025-05-05 18:39:09 - [WARNING] Suspicious activity detected: malware
2025-05-05 18:39:59 - [WARNING] Suspicious activity detected: port_scan
2025-05-05 19:00:45 - [INFO] file uploaded
2025-05-05 19:03:16 - [INFO] user login
2025-05-05 19:05:46 - [INFO] file uploaded
2025-05-05 19:10:26 - [INFO] email sent
2025-05-05 19:32:14 - [INFO] file uploaded
2025-05-05 19:37:03 - [INFO] user login
2025-05-05 19:43:17 - [INFO] file uploaded
2025-05-05 19:47:53 - [INFO] file uploaded
2025-05-05 19:51:28 - [WARNING] Suspicious activity detected: brute_force
2025-05-05 19:53:25 - [WARNING] Suspicious activity detected: sql_injection
2025-05-05 20:07:08 - [WARNING] Suspicious activity detected: brute_force
2025-05-05 20:17:04 - [INFO] user login
2025-05-05 20:18:13 - [INFO] file uploaded
2025-05-05 20:32:06 - [WARNING] Suspicious activity detected: intrusion
2025-05-05 20:37:52 - [INFO] file downloaded
2025-05-05 20:46:13 - [WARNING] Suspicious activity detected: unauthorized_access
2025-05-05 20:50:04 - [INFO] user login
2025-05-05 20:53:41 - [INFO] file downloaded
2025-05-05 21:08:31 - [INFO] config updated
2025-05-05 21:16:50 - [INFO] system check passed
2025-05-05 21:37:13 - [INFO] email sent
2025-05-05 22:01:25 - [INFO] email sent
2025-05-05 22:03:51 - [INFO] file uploaded
2025-05-05 22:04:09 - [INFO] file downloaded
2025-05-05 22:09:30 - [INFO] email sent
2025-05-05 22:14:20 - [INFO] config updated
2025-05-05 22:19:33 - [INFO] email sent
2025-05-05 22:20:40 - [INFO] email sent
2025-05-05 22:22:33 - [INFO] email sent
2025-05-05 22:23:33 - [INFO] config updated
2025-05-05 22:33:13 - [INFO] email sent
2025-05-05 22:36:43 - [INFO] system check passed
2025-05-05 23:01:40 - [INFO] system check passed
2025-05-05 23:05:52 - [WARNING] Suspicious activity detected: intrusion
2025-05-05 23:06:56 - [INFO] email sent
2025-05-05 23:09:29 - [INFO] config updated
2025-05-05 23:09:39 - [INFO] config updated
2025-05-05 23:09:43 - [INFO] file downloaded
2025-05-05 23:21:24 - [INFO] file downloaded
2025-05-05 23:23:43 - [INFO] user login
2025-05-05 23:58:10 - [WARNING] Suspicious activity detected: intrusion