2025-03-05 00:00:29 - [INFO] config updated
2025-03-05 00:01:35 - [INFO] backup completed
2025-03-05 00:10:13 - [WARNING] Suspicious activity detected: ddos
2025-03-05 00:17:28 - [INFO] user login
2025-03-05 00:22:00 - [WARNING] Suspicious activity detected: sql_injection
2025-03-05 00:31:28 - [WARNING] Suspicious activity detected: sql_injection
2025-03-05 00:37:21 - [INFO] system check passed
2025-03-05 00:38:03 - [WARNING] Suspicious activity detected: intrusion
2025-03-05 00:42:51 - [WARNING] Suspicious activity detected: ip_blocked
2025-03-05 00:47:20 - [INFO] file downloaded
2025-03-05 00:47:31 - [INFO] backup completed
2025-03-05 00:56:55 - [INFO] file downloaded
2025-03-05 01:00:08 - [WARNING] Suspicious activity detected: unauthorized_access
2025-03-05 01:04:10 - [INFO] file downloaded
2025-03-05 01:17:46 - [WARNING] Suspicious activity detected: unauthorized_access
2025-03-05 01:18:36 - [INFO] system check passed
2025-03-05 01:25:41 - [INFO] backup completed
2025-03-05 01:27:02 - [INFO] user login
2025-03-05 01:28:32 - [WARNING] Suspicious activity detected: unauthorized_access
2025-03-05 01:30:39 - [WARNING] Suspicious activity detected: ddos
2025-03-05 01:30:49 - [WARNING] Suspicious activity detected: malware
2025-03-05 01:57:49 - [WARNING] Suspicious activity detected: sql_injection
2025-03-05 02:09:54 - [INFO] file uploaded
2025-03-05 02:10:35 - [WARNING] Suspicious activity detected: unauthorized_access
2025-03-05 02:16:12 - [WARNING] Suspicious activity detected: malware
2025-03-05 02:23:57 - [WARNING] Suspicious activity detected: ip_blocked
2025-03-05 02:29:21 - [WARNING] Suspicious activity detected: brute_force
2025-03-05 02:35:29 - [WARNING] Suspicious activity detected: ddos
2025-03-05 02:51:32 - [INFO] backup completed
2025-03-05 02:52:22 - [WARNING] Suspicious activity detected: port_scan
2025-03-05 02:55:10 - [WARNING] Suspicious activity detected: port_scan
2025-03-05 02:58:22 - [INFO] email sent
2025-03-05 03:08:39 - [WARNING] Suspicious activity detected: intrusion
2025-03-05 03:13:55 - [INFO] file uploaded
2025-03-05 03:14:59 - [WARNING] Suspicious activity detected: brute_force
2025-03-05 03:19:21 - [INFO] user login
2025-03-05 03:23:14 - [INFO] file uploaded
2025-03-05 03:27:47 - [INFO] file downloaded
2025-03-05 03:46:46 - [INFO] system check passed
2025-03-05 04:00:32 - [INFO] config updated
2025-03-05 04:06:31 - [INFO] email sent
2025-03-05 04:11:01 - [WARNING] Suspicious activity detected: intrusion
2025-03-05 04:15:13 - [WARNING] Suspicious activity detected: port_scan
2025-03-05 04:37:35 - [INFO] system check passed
2025-03-05 04:54:09 - [WARNING] Suspicious activity detected: malware
2025-03-05 05:00:27 - [INFO] user login
2025-03-05 05:04:31 - [INFO] file downloaded
2025-03-05 05:07:20 - [INFO] system check passed
2025-03-05 05:13:39 - [WARNING] Suspicious activity detected: ddos
2025-03-05 05:28:46 - [WARNING] Suspicious activity detected: ddos
2025-03-05 05:31:32 - [INFO] file downloaded
2025-03-05 05:38:52 - [INFO] system check passed
2025-03-05 05:50:46 - [WARNING] Suspicious activity detected: malware
2025-03-05 05:50:59 - [WARNING] Suspicious activity detected: sql_injection
2025-03-05 05:57:15 - [INFO] email sent
2025-03-05 06:08:37 - [INFO] system check passed
2025-03-05 06:10:12 - [WARNING] Suspicious activity detected: brute_force
2025-03-05 06:46:50 - [WARNING] Suspicious activity detected: sql_injection
2025-03-05 06:56:17 - [WARNING] Suspicious activity detected: port_scan
2025-03-05 07:29:28 - [WARNING] Suspicious activity detected: ddos
2025-03-05 07:32:05 - [WARNING] Suspicious activity detected: port_scan
2025-03-05 07:36:05 - [INFO] user login
2025-03-05 07:40:04 - [INFO] file downloaded
2025-03-05 07:41:35 - [INFO] file downloaded
2025-03-05 07:42:46 - [INFO] file uploaded
2025-03-05 07:52:40 - [WARNING] Suspicious activity detected: intrusion
2025-03-05 07:59:28 - [INFO] system check passed
2025-03-05 08:04:52 - [INFO] file uploaded
2025-03-05 08:39:56 - [INFO] config updated
2025-03-05 08:42:12 - [INFO] file downloaded
2025-03-05 08:46:37 - [INFO] user login
2025-03-05 08:50:15 - [INFO] file uploaded
2025-03-05 09:02:30 - [INFO] config updated
2025-03-05 09:21:56 - [INFO] file downloaded
2025-03-05 09:23:28 - [INFO] config updated
2025-03-05 09:39:53 - [INFO] email sent
2025-03-05 09:47:17 - [INFO] file uploaded
2025-03-05 09:48:34 - [INFO] config updated
2025-03-05 09:57:18 - [INFO] file uploaded
2025-03-05 10:13:29 - [INFO] email sent
2025-03-05 10:13:55 - [WARNING] Suspicious activity detected: intrusion
2025-03-05 10:21:43 - [WARNING] Suspicious activity detected: ip_blocked
2025-03-05 10:27:46 - [INFO] system check passed
2025-03-05 10:29:42 - [INFO] system check passed
2025-03-05 10:42:23 - [WARNING] Suspicious activity detected: port_scan
2025-03-05 10:44:16 - [WARNING] Suspicious activity detected: ddos
2025-03-05 10:51:39 - [WARNING] Suspicious activity detected: intrusion
2025-03-05 11:07:29 - [WARNING] Suspicious activity detected: ip_blocked
2025-03-05 11:11:00 - [WARNING] Suspicious activity detected: ddos
2025-03-05 11:11:15 - [WARNING] Suspicious activity detected: ip_blocked
2025-03-05 11:26:29 - [INFO] backup completed
2025-03-05 11:43:42 - [INFO] system check passed
2025-03-05 11:53:32 - [INFO] email sent
2025-03-05 12:00:18 - [INFO] file downloaded
2025-03-05 12:02:35 - [INFO] file downloaded
2025-03-05 12:08:28 - [INFO] file uploaded
2025-03-05 12:15:32 - [INFO] config updated
2025-03-05 12:24:01 - [INFO] user login
2025-03-05 12:28:16 - [INFO] user login
2025-03-05 12:31:58 - [INFO] backup completed
2025-03-05 12:35:28 - [INFO] user login
2025-03-05 12:43:52 - [INFO] config updated
2025-03-05 12:55:16 - [INFO] email sent
2025-03-05 12:55:42 - [WARNING] Suspicious activity detected: sql_injection
2025-03-05 12:57:30 - [INFO] file uploaded
2025-03-05 12:59:23 - [INFO] backup completed
2025-03-05 13:07:33 - [INFO] file uploaded
2025-03-05 13:13:45 - [INFO] file downloaded
2025-03-05 13:18:05 - [INFO] system check passed
2025-03-05 13:29:41 - [INFO] file uploaded
2025-03-05 13:35:37 - [INFO] backup completed
2025-03-05 13:36:32 - [INFO] config updated
2025-03-05 13:39:18 - [INFO] config updated
2025-03-05 13:41:38 - [INFO] user login
2025-03-05 13:50:56 - [INFO] config updated
2025-03-05 13:55:00 - [WARNING] Suspicious activity detected: malware
2025-03-05 13:58:52 - [WARNING] Suspicious activity detected: malware
2025-03-05 14:02:03 - [INFO] backup completed
2025-03-05 14:23:25 - [INFO] backup completed
2025-03-05 14:27:11 - [INFO] backup completed
2025-03-05 14:35:57 - [INFO] config updated
2025-03-05 14:39:15 - [INFO] config updated
2025-03-05 14:41:44 - [INFO] email sent
2025-03-05 14:46:06 - [WARNING] Suspicious activity detected: ddos
2025-03-05 14:46:32 - [WARNING] Suspicious activity detected: port_scan
2025-03-05 14:49:59 - [WARNING] Suspicious activity detected: unauthorized_access
2025-03-05 14:50:39 - [WARNING] Suspicious activity detected: brute_force
2025-03-05 14:50:43 - [INFO] file uploaded
2025-03-05 15:04:23 - [INFO] backup completed
2025-03-05 15:07:09 - [INFO] file downloaded
2025-03-05 15:09:29 - [INFO] file downloaded
2025-03-05 15:13:21 - [INFO] backup completed
2025-03-05 15:15:07 - [WARNING] Suspicious activity detected: brute_force
2025-03-05 15:17:24 - [INFO] user login
2025-03-05 15:19:04 - [INFO] file downloaded
2025-03-05 15:24:06 - [WARNING] Suspicious activity detected: intrusion
2025-03-05 15:30:50 - [WARNING] Suspicious activity detected: malware
2025-03-05 15:41:22 - [WARNING] Suspicious activity detected: intrusion
2025-03-05 15:46:27 - [INFO] email sent
2025-03-05 15:51:34 - [INFO] file uploaded
2025-03-05 16:09:26 - [WARNING] Suspicious activity detected: brute_force
2025-03-05 16:09:59 - [INFO] file downloaded
2025-03-05 16:27:21 - [INFO] user login
2025-03-05 16:32:30 - [INFO] file uploaded
2025-03-05 16:37:54 - [WARNING] Suspicious activity detected: malware
2025-03-05 17:20:28 - [INFO] file downloaded
2025-03-05 17:33:31 - [INFO] system check passed
2025-03-05 17:33:34 - [WARNING] Suspicious activity detected: brute_force
2025-03-05 17:43:56 - [INFO] config updated
2025-03-05 17:45:38 - [WARNING] Suspicious activity detected: sql_injection
2025-03-05 17:58:07 - [INFO] file downloaded
2025-03-05 18:08:48 - [INFO] user login
2025-03-05 18:11:27 - [INFO] config updated
2025-03-05 18:12:24 - [INFO] file downloaded
2025-03-05 18:13:56 - [INFO] backup completed
2025-03-05 18:22:50 - [INFO] system check passed
2025-03-05 18:26:49 - [WARNING] Suspicious activity detected: brute_force
2025-03-05 18:28:34 - [INFO] system check passed
2025-03-05 18:34:50 - [INFO] config updated
2025-03-05 18:53:51 - [INFO] system check passed
2025-03-05 18:57:18 - [INFO] user login
2025-03-05 19:04:48 - [INFO] user login
2025-03-05 19:26:49 - [WARNING] Suspicious activity detected: sql_injection
2025-03-05 19:40:53 - [WARNING] Suspicious activity detected: brute_force
2025-03-05 19:54:28 - [INFO] backup completed
2025-03-05 19:55:12 - [INFO] backup completed
2025-03-05 20:08:37 - [INFO] email sent
2025-03-05 20:10:08 - [INFO] file uploaded
2025-03-05 20:25:21 - [INFO] config updated
2025-03-05 20:33:27 - [INFO] backup completed
2025-03-05 21:17:07 - [INFO] config updated
2025-03-05 21:20:58 - [INFO] user login
2025-03-05 21:28:48 - [INFO] backup completed
2025-03-05 21:36:11 - [INFO] user login
2025-03-05 21:40:21 - [WARNING] Suspicious activity detected: ip_blocked
2025-03-05 21:44:00 - [INFO] file downloaded
2025-03-05 21:44:16 - [INFO] email sent
2025-03-05 21:44:29 - [WARNING] Suspicious activity detected: ip_blocked
2025-03-05 21:44:35 - [INFO] file downloaded
2025-03-05 21:46:40 - [INFO] backup completed
2025-03-05 21:46:55 - [WARNING] Suspicious activity detected: sql_injection
2025-03-05 22:01:49 - [WARNING] Suspicious activity detected: malware
2025-03-05 22:02:26 - [INFO] system check passed
2025-03-05 22:08:02 - [INFO] file downloaded
2025-03-05 22:13:01 - [INFO] file uploaded
2025-03-05 22:14:36 - [INFO] backup completed
2025-03-05 22:17:32 - [INFO] file downloaded
2025-03-05 22:19:11 - [INFO] file downloaded
2025-03-05 22:28:33 - [WARNING] Suspicious activity detected: ddos
2025-03-05 22:31:51 - [INFO] file downloaded
2025-03-05 22:33:24 - [WARNING] Suspicious activity detected: unauthorized_access
2025-03-05 22:55:51 - [WARNING] Suspicious activity detected: sql_injection
2025-03-05 22:57:53 - [INFO] file downloaded
2025-03-05 23:06:31 - [WARNING] Suspicious activity detected: malware
2025-03-05 23:19:33 - [WARNING] Suspicious activity detected: ip_blocked
2025-03-05 23:51:28 - [INFO] backup completed
2025-03-05 23:55:42 - [INFO] email sent
2025-03-05 23:57:22 - [WARNING] Suspicious activity detected: ip_blocked
2025-03-05 23:59:21 - [INFO] backup completed