2025-03-02 00:20:30 - [INFO] config updated
2025-03-02 00:36:52 - [INFO] system check passed
2025-03-02 00:45:11 - [WARNING] Suspicious activity detected: ip_blocked
2025-03-02 00:47:07 - [INFO] user login
2025-03-02 00:56:22 - [WARNING] Suspicious activity detected: unauthorized_access
2025-03-02 01:09:17 - [INFO] file uploaded
2025-03-02 01:19:55 - [WARNING] Suspicious activity detected: brute_force
2025-03-02 01:23:09 - [WARNING] Suspicious activity detected: sql_injection
2025-03-02 01:24:43 - [WARNING] Suspicious activity detected: port_scan
2025-03-02 01:34:05 - [WARNING] Suspicious activity detected: malware
2025-03-02 01:40:41 - [INFO] file uploaded
2025-03-02 01:53:05 - [INFO] system check passed
2025-03-02 01:55:12 - [INFO] file uploaded
2025-03-02 01:56:22 - [WARNING] Suspicious activity detected: ip_blocked
2025-03-02 01:57:28 - [INFO] system check passed
2025-03-02 01:58:47 - [WARNING] Suspicious activity detected: port_scan
2025-03-02 02:00:38 - [WARNING] Suspicious activity detected: sql_injection
2025-03-02 02:03:43 - [INFO] file downloaded
2025-03-02 02:20:45 - [INFO] file downloaded
2025-03-02 02:41:29 - [INFO] user login
2025-03-02 02:44:33 - [INFO] user login
2025-03-02 02:49:04 - [INFO] file uploaded
2025-03-02 02:54:47 - [WARNING] Suspicious activity detected: sql_injection
2025-03-02 02:54:49 - [INFO] config updated
2025-03-02 02:57:26 - [WARNING] Suspicious activity detected: ip_blocked
2025-03-02 03:09:24 - [INFO] backup completed
2025-03-02 03:11:22 - [INFO] file uploaded
2025-03-02 03:13:23 - [INFO] email sent
2025-03-02 03:14:02 - [WARNING] Suspicious activity detected: unauthorized_access
2025-03-02 03:29:24 - [INFO] system check passed
2025-03-02 03:31:46 - [INFO] email sent
2025-03-02 03:35:08 - [INFO] config updated
2025-03-02 03:37:52 - [INFO] file uploaded
2025-03-02 03:42:34 - [WARNING] Suspicious activity detected: sql_injection
2025-03-02 03:45:33 - [INFO] file uploaded
2025-03-02 03:50:29 - [INFO] user login
2025-03-02 03:51:18 - [WARNING] Suspicious activity detected: ddos
2025-03-02 03:52:11 - [INFO] file downloaded
2025-03-02 04:02:22 - [INFO] backup completed
2025-03-02 04:06:25 - [WARNING] Suspicious activity detected: intrusion
2025-03-02 04:11:57 - [WARNING] Suspicious activity detected: brute_force
2025-03-02 04:16:29 - [WARNING] Suspicious activity detected: ip_blocked
2025-03-02 04:36:50 - [WARNING] Suspicious activity detected: sql_injection
2025-03-02 04:40:24 - [WARNING] Suspicious activity detected: brute_force
2025-03-02 04:44:24 - [INFO] system check passed
2025-03-02 04:46:02 - [INFO] file downloaded
2025-03-02 04:56:06 - [INFO] user login
2025-03-02 05:14:12 - [WARNING] Suspicious activity detected: unauthorized_access
2025-03-02 05:22:02 - [INFO] user login
2025-03-02 05:26:27 - [WARNING] Suspicious activity detected: unauthorized_access
2025-03-02 05:33:01 - [INFO] file downloaded
2025-03-02 05:35:57 - [INFO] config updated
2025-03-02 05:54:31 - [WARNING] Suspicious activity detected: brute_force
2025-03-02 06:03:44 - [INFO] email sent
2025-03-02 06:32:26 - [WARNING] Suspicious activity detected: intrusion
2025-03-02 06:36:51 - [INFO] file uploaded
2025-03-02 06:39:17 - [WARNING] Suspicious activity detected: brute_force
2025-03-02 06:58:11 - [WARNING] Suspicious activity detected: sql_injection
2025-03-02 07:01:48 - [INFO] config updated
2025-03-02 07:10:29 - [WARNING] Suspicious activity detected: brute_force
2025-03-02 07:12:18 - [INFO] email sent
2025-03-02 07:14:20 - [WARNING] Suspicious activity detected: ip_blocked
2025-03-02 07:23:24 - [INFO] system check passed
2025-03-02 07:23:51 - [INFO] backup completed
2025-03-02 07:29:13 - [WARNING] Suspicious activity detected: ddos
2025-03-02 07:42:49 - [WARNING] Suspicious activity detected: sql_injection
2025-03-02 07:44:49 - [INFO] system check passed
2025-03-02 07:45:41 - [INFO] user login
2025-03-02 07:53:09 - [WARNING] Suspicious activity detected: brute_force
2025-03-02 07:54:59 - [INFO] config updated
2025-03-02 07:55:13 - [INFO] config updated
2025-03-02 08:08:13 - [WARNING] Suspicious activity detected: ddos
2025-03-02 08:11:02 - [WARNING] Suspicious activity detected: brute_force
2025-03-02 08:14:28 - [INFO] email sent
2025-03-02 08:24:35 - [WARNING] Suspicious activity detected: intrusion
2025-03-02 08:27:40 - [INFO] system check passed
2025-03-02 08:32:28 - [INFO] file downloaded
2025-03-02 08:42:37 - [INFO] email sent
2025-03-02 08:46:19 - [INFO] user login
2025-03-02 08:49:37 - [WARNING] Suspicious activity detected: unauthorized_access
2025-03-02 08:50:21 - [WARNING] Suspicious activity detected: ip_blocked
2025-03-02 09:07:25 - [INFO] backup completed
2025-03-02 09:09:05 - [WARNING] Suspicious activity detected: unauthorized_access
2025-03-02 09:12:09 - [INFO] backup completed
2025-03-02 09:15:05 - [WARNING] Suspicious activity detected: sql_injection
2025-03-02 09:21:51 - [WARNING] Suspicious activity detected: ddos
2025-03-02 09:41:31 - [INFO] user login
2025-03-02 09:45:56 - [WARNING] Suspicious activity detected: ip_blocked
2025-03-02 10:05:40 - [WARNING] Suspicious activity detected: port_scan
2025-03-02 10:06:03 - [INFO] system check passed
2025-03-02 10:21:09 - [WARNING] Suspicious activity detected: unauthorized_access
2025-03-02 10:26:23 - [WARNING] Suspicious activity detected: port_scan
2025-03-02 10:27:09 - [INFO] config updated
2025-03-02 10:32:01 - [WARNING] Suspicious activity detected: unauthorized_access
2025-03-02 10:36:12 - [INFO] backup completed
2025-03-02 10:38:23 - [INFO] email sent
2025-03-02 10:54:08 - [WARNING] Suspicious activity detected: intrusion
2025-03-02 10:57:32 - [WARNING] Suspicious activity detected: ddos
2025-03-02 11:00:36 - [INFO] file downloaded
2025-03-02 11:08:03 - [WARNING] Suspicious activity detected: ddos
2025-03-02 11:25:54 - [WARNING] Suspicious activity detected: brute_force
2025-03-02 11:26:06 - [WARNING] Suspicious activity detected: malware
2025-03-02 11:29:01 - [INFO] config updated
2025-03-02 11:29:57 - [WARNING] Suspicious activity detected: malware
2025-03-02 11:39:38 - [WARNING] Suspicious activity detected: brute_force
2025-03-02 11:44:19 - [INFO] file uploaded
2025-03-02 11:46:15 - [INFO] file uploaded
2025-03-02 11:52:09 - [INFO] config updated
2025-03-02 11:55:39 - [INFO] system check passed
2025-03-02 12:11:55 - [INFO] user login
2025-03-02 12:19:27 - [INFO] user login
2025-03-02 12:19:41 - [WARNING] Suspicious activity detected: sql_injection
2025-03-02 12:22:45 - [INFO] config updated
2025-03-02 12:26:42 - [WARNING] Suspicious activity detected: port_scan
2025-03-02 12:29:55 - [INFO] config updated
2025-03-02 12:40:47 - [WARNING] Suspicious activity detected: intrusion
2025-03-02 12:43:16 - [INFO] email sent
2025-03-02 13:01:48 - [INFO] file uploaded
2025-03-02 13:12:48 - [INFO] file uploaded
2025-03-02 13:21:30 - [INFO] backup completed
2025-03-02 13:22:12 - [WARNING] Suspicious activity detected: malware
2025-03-02 13:26:45 - [WARNING] Suspicious activity detected: ddos
2025-03-02 13:53:00 - [INFO] system check passed
2025-03-02 14:07:18 - [WARNING] Suspicious activity detected: intrusion
2025-03-02 14:08:57 - [WARNING] Suspicious activity detected: brute_force
2025-03-02 14:16:29 - [WARNING] Suspicious activity detected: port_scan
2025-03-02 14:18:15 - [WARNING] Suspicious activity detected: port_scan
2025-03-02 14:23:02 - [INFO] file downloaded
2025-03-02 14:29:52 - [INFO] email sent
2025-03-02 14:32:24 - [WARNING] Suspicious activity detected: brute_force
2025-03-02 14:41:53 - [INFO] backup completed
2025-03-02 14:44:55 - [INFO] user login
2025-03-02 14:47:17 - [INFO] backup completed
2025-03-02 14:51:18 - [INFO] config updated
2025-03-02 15:07:36 - [INFO] user login
2025-03-02 15:12:23 - [INFO] system check passed
2025-03-02 15:22:06 - [INFO] email sent
2025-03-02 15:28:12 - [INFO] config updated
2025-03-02 15:28:38 - [INFO] file uploaded
2025-03-02 15:32:15 - [WARNING] Suspicious activity detected: brute_force
2025-03-02 15:34:56 - [INFO] config updated
2025-03-02 15:37:13 - [INFO] email sent
2025-03-02 15:44:25 - [INFO] config updated
2025-03-02 15:45:35 - [WARNING] Suspicious activity detected: malware
2025-03-02 15:50:03 - [INFO] user login
2025-03-02 15:54:24 - [INFO] backup completed
2025-03-02 16:18:46 - [INFO] system check passed
2025-03-02 16:38:45 - [INFO] backup completed
2025-03-02 16:50:42 - [INFO] system check passed
2025-03-02 17:06:00 - [WARNING] Suspicious activity detected: unauthorized_access
2025-03-02 17:19:13 - [INFO] system check passed
2025-03-02 17:23:24 - [INFO] system check passed
2025-03-02 17:27:32 - [INFO] backup completed
2025-03-02 17:31:02 - [WARNING] Suspicious activity detected: unauthorized_access
2025-03-02 17:32:02 - [INFO] backup completed
2025-03-02 17:36:51 - [WARNING] Suspicious activity detected: unauthorized_access
2025-03-02 18:00:20 - [WARNING] Suspicious activity detected: intrusion
2025-03-02 18:00:52 - [INFO] system check passed
2025-03-02 18:05:49 - [INFO] email sent
2025-03-02 18:21:27 - [INFO] config updated
2025-03-02 18:24:43 - [WARNING] Suspicious activity detected: ip_blocked
2025-03-02 18:33:22 - [WARNING] Suspicious activity detected: brute_force
2025-03-02 18:37:30 - [INFO] backup completed
2025-03-02 18:42:52 - [INFO] file uploaded
2025-03-02 18:47:30 - [INFO] user login
2025-03-02 18:53:49 - [WARNING] Suspicious activity detected: unauthorized_access
2025-03-02 18:59:47 - [INFO] config updated
2025-03-02 19:05:33 - [WARNING] Suspicious activity detected: malware
2025-03-02 19:06:31 - [INFO] config updated
2025-03-02 19:12:51 - [INFO] file uploaded
2025-03-02 19:16:13 - [WARNING] Suspicious activity detected: unauthorized_access
2025-03-02 19:39:27 - [WARNING] Suspicious activity detected: port_scan
2025-03-02 19:49:35 - [INFO] file uploaded
2025-03-02 19:56:50 - [INFO] file uploaded
2025-03-02 20:04:37 - [INFO] file downloaded
2025-03-02 20:18:59 - [INFO] backup completed
2025-03-02 20:27:16 - [WARNING] Suspicious activity detected: malware
2025-03-02 20:30:30 - [WARNING] Suspicious activity detected: ip_blocked
2025-03-02 20:42:24 - [INFO] backup completed
2025-03-02 20:49:47 - [INFO] system check passed
2025-03-02 20:52:42 - [WARNING] Suspicious activity detected: ip_blocked
2025-03-02 20:55:23 - [INFO] file downloaded
2025-03-02 20:59:43 - [INFO] file downloaded
2025-03-02 21:15:25 - [WARNING] Suspicious activity detected: intrusion
2025-03-02 21:42:44 - [INFO] system check passed
2025-03-02 21:43:21 - [INFO] config updated
2025-03-02 21:49:28 - [WARNING] Suspicious activity detected: unauthorized_access
2025-03-02 22:20:05 - [INFO] backup completed
2025-03-02 22:36:32 - [WARNING] Suspicious activity detected: intrusion
2025-03-02 22:44:55 - [INFO] system check passed
2025-03-02 22:51:36 - [INFO] config updated
2025-03-02 22:58:14 - [INFO] user login
2025-03-02 23:03:09 - [WARNING] Suspicious activity detected: intrusion
2025-03-02 23:07:36 - [INFO] user login
2025-03-02 23:11:28 - [INFO] user login
2025-03-02 23:17:28 - [INFO] user login
2025-03-02 23:20:07 - [WARNING] Suspicious activity detected: brute_force
2025-03-02 23:23:57 - [INFO] backup completed
2025-03-02 23:33:26 - [INFO] config updated
2025-03-02 23:33:50 - [INFO] file downloaded
2025-03-02 23:52:04 - [INFO] user login
2025-03-02 23:52:31 - [WARNING] Suspicious activity detected: brute_force