2025-03-15 00:00:53 - [INFO] backup completed
2025-03-15 00:05:56 - [INFO] system check passed
2025-03-15 00:09:45 - [INFO] file uploaded
2025-03-15 00:10:15 - [INFO] email sent
2025-03-15 00:10:18 - [INFO] system check passed
2025-03-15 00:17:53 - [INFO] file downloaded
2025-03-15 00:23:25 - [WARNING] Suspicious activity detected: brute_force
2025-03-15 00:36:42 - [WARNING] Suspicious activity detected: ip_blocked
2025-03-15 00:40:11 - [INFO] config updated
2025-03-15 00:43:24 - [INFO] backup completed
2025-03-15 00:43:26 - [INFO] email sent
2025-03-15 00:50:10 - [WARNING] Suspicious activity detected: unauthorized_access
2025-03-15 00:58:03 - [INFO] file downloaded
2025-03-15 01:05:19 - [INFO] email sent
2025-03-15 01:09:26 - [INFO] config updated
2025-03-15 01:12:04 - [INFO] email sent
2025-03-15 01:33:43 - [INFO] email sent
2025-03-15 01:34:13 - [INFO] email sent
2025-03-15 01:39:37 - [INFO] user login
2025-03-15 02:30:05 - [INFO] config updated
2025-03-15 02:38:57 - [INFO] config updated
2025-03-15 02:42:33 - [INFO] config updated
2025-03-15 02:59:17 - [INFO] backup completed
2025-03-15 02:59:47 - [INFO] email sent
2025-03-15 03:05:04 - [INFO] file downloaded
2025-03-15 03:06:43 - [INFO] file uploaded
2025-03-15 03:23:31 - [INFO] file uploaded
2025-03-15 03:25:52 - [INFO] config updated
2025-03-15 03:32:01 - [INFO] user login
2025-03-15 03:38:42 - [INFO] config updated
2025-03-15 03:40:50 - [INFO] system check passed
2025-03-15 03:55:38 - [INFO] file uploaded
2025-03-15 03:57:45 - [INFO] config updated
2025-03-15 04:04:03 - [INFO] system check passed
2025-03-15 04:06:40 - [INFO] user login
2025-03-15 04:09:59 - [INFO] file downloaded
2025-03-15 04:12:06 - [INFO] user login
2025-03-15 04:28:28 - [WARNING] Suspicious activity detected: unauthorized_access
2025-03-15 04:34:03 - [INFO] backup completed
2025-03-15 04:55:30 - [WARNING] Suspicious activity detected: ip_blocked
2025-03-15 05:07:18 - [INFO] user login
2025-03-15 05:09:38 - [INFO] backup completed
2025-03-15 05:12:23 - [INFO] email sent
2025-03-15 05:15:45 - [INFO] email sent
2025-03-15 05:18:44 - [INFO] backup completed
2025-03-15 05:27:16 - [WARNING] Suspicious activity detected: malware
2025-03-15 05:46:16 - [INFO] user login
2025-03-15 05:51:09 - [INFO] file downloaded
2025-03-15 05:55:27 - [INFO] system check passed
2025-03-15 06:04:24 - [INFO] config updated
2025-03-15 06:11:08 - [INFO] system check passed
2025-03-15 06:12:06 - [INFO] config updated
2025-03-15 06:13:15 - [INFO] user login
2025-03-15 06:13:19 - [WARNING] Suspicious activity detected: brute_force
2025-03-15 06:16:00 - [INFO] user login
2025-03-15 06:18:09 - [WARNING] Suspicious activity detected: ip_blocked
2025-03-15 06:34:16 - [WARNING] Suspicious activity detected: port_scan
2025-03-15 06:37:01 - [INFO] file uploaded
2025-03-15 06:41:56 - [INFO] user login
2025-03-15 06:50:04 - [INFO] file uploaded
2025-03-15 06:55:06 - [INFO] email sent
2025-03-15 07:07:24 - [INFO] user login
2025-03-15 07:10:29 - [INFO] file uploaded
2025-03-15 07:15:09 - [WARNING] Suspicious activity detected: unauthorized_access
2025-03-15 07:19:02 - [INFO] file uploaded
2025-03-15 07:21:02 - [INFO] email sent
2025-03-15 07:36:30 - [INFO] system check passed
2025-03-15 07:38:25 - [WARNING] Suspicious activity detected: ip_blocked
2025-03-15 07:40:22 - [INFO] file uploaded
2025-03-15 07:49:23 - [INFO] system check passed
2025-03-15 07:59:46 - [WARNING] Suspicious activity detected: intrusion
2025-03-15 08:05:42 - [WARNING] Suspicious activity detected: port_scan
2025-03-15 08:07:15 - [INFO] config updated
2025-03-15 08:08:48 - [INFO] email sent
2025-03-15 08:11:24 - [WARNING] Suspicious activity detected: port_scan
2025-03-15 08:49:06 - [WARNING] Suspicious activity detected: ip_blocked
2025-03-15 08:51:05 - [INFO] backup completed
2025-03-15 08:53:58 - [WARNING] Suspicious activity detected: malware
2025-03-15 08:59:08 - [WARNING] Suspicious activity detected: ip_blocked
2025-03-15 09:02:04 - [INFO] file downloaded
2025-03-15 09:03:57 - [INFO] system check passed
2025-03-15 09:15:41 - [INFO] user login
2025-03-15 09:17:38 - [INFO] system check passed
2025-03-15 09:23:38 - [INFO] file downloaded
2025-03-15 09:31:18 - [INFO] system check passed
2025-03-15 09:31:49 - [INFO] file downloaded
2025-03-15 09:37:42 - [INFO] backup completed
2025-03-15 10:02:54 - [WARNING] Suspicious activity detected: malware
2025-03-15 10:11:00 - [INFO] backup completed
2025-03-15 10:12:09 - [INFO] file uploaded
2025-03-15 10:14:25 - [INFO] config updated
2025-03-15 10:16:02 - [INFO] user login
2025-03-15 10:26:49 - [INFO] email sent
2025-03-15 10:33:29 - [INFO] system check passed
2025-03-15 10:37:51 - [INFO] user login
2025-03-15 10:50:42 - [INFO] config updated
2025-03-15 10:57:41 - [INFO] email sent
2025-03-15 11:02:00 - [INFO] backup completed
2025-03-15 11:03:18 - [INFO] email sent
2025-03-15 11:05:30 - [INFO] backup completed
2025-03-15 11:10:25 - [INFO] user login
2025-03-15 11:12:04 - [INFO] user login
2025-03-15 11:17:49 - [INFO] config updated
2025-03-15 11:21:24 - [WARNING] Suspicious activity detected: port_scan
2025-03-15 11:30:05 - [INFO] email sent
2025-03-15 11:43:26 - [INFO] system check passed
2025-03-15 11:43:42 - [WARNING] Suspicious activity detected: sql_injection
2025-03-15 12:03:43 - [INFO] system check passed
2025-03-15 12:08:45 - [INFO] system check passed
2025-03-15 12:25:17 - [INFO] system check passed
2025-03-15 12:26:59 - [INFO] file downloaded
2025-03-15 12:34:28 - [INFO] config updated
2025-03-15 12:50:02 - [INFO] email sent
2025-03-15 12:53:59 - [INFO] file uploaded
2025-03-15 12:56:58 - [INFO] user login
2025-03-15 13:00:32 - [INFO] email sent
2025-03-15 13:08:01 - [WARNING] Suspicious activity detected: ddos
2025-03-15 13:10:11 - [INFO] backup completed
2025-03-15 13:13:25 - [INFO] email sent
2025-03-15 13:14:23 - [INFO] system check passed
2025-03-15 13:15:23 - [INFO] file uploaded
2025-03-15 13:16:01 - [INFO] user login
2025-03-15 13:16:54 - [WARNING] Suspicious activity detected: malware
2025-03-15 13:20:47 - [INFO] email sent
2025-03-15 13:28:13 - [INFO] user login
2025-03-15 13:30:10 - [WARNING] Suspicious activity detected: intrusion
2025-03-15 13:31:22 - [INFO] config updated
2025-03-15 13:32:16 - [INFO] config updated
2025-03-15 13:57:28 - [INFO] config updated
2025-03-15 14:01:24 - [INFO] user login
2025-03-15 14:05:57 - [WARNING] Suspicious activity detected: unauthorized_access
2025-03-15 14:07:38 - [INFO] backup completed
2025-03-15 14:13:34 - [INFO] file uploaded
2025-03-15 14:14:30 - [INFO] file uploaded
2025-03-15 14:18:27 - [WARNING] Suspicious activity detected: ip_blocked
2025-03-15 14:28:18 - [INFO] user login
2025-03-15 14:34:03 - [INFO] user login
2025-03-15 14:38:00 - [INFO] file downloaded
2025-03-15 14:42:43 - [INFO] file uploaded
2025-03-15 15:04:09 - [WARNING] Suspicious activity detected: unauthorized_access
2025-03-15 15:06:03 - [INFO] email sent
2025-03-15 15:06:20 - [INFO] backup completed
2025-03-15 15:10:55 - [INFO] backup completed
2025-03-15 15:33:59 - [WARNING] Suspicious activity detected: port_scan
2025-03-15 15:35:40 - [INFO] system check passed
2025-03-15 15:42:26 - [WARNING] Suspicious activity detected: brute_force
2025-03-15 15:44:50 - [INFO] config updated
2025-03-15 15:47:52 - [INFO] user login
2025-03-15 15:52:40 - [INFO] backup completed
2025-03-15 15:53:22 - [INFO] file downloaded
2025-03-15 15:54:39 - [INFO] system check passed
2025-03-15 15:59:41 - [INFO] user login
2025-03-15 16:04:02 - [INFO] system check passed
2025-03-15 16:13:48 - [INFO] file uploaded
2025-03-15 16:19:23 - [INFO] file downloaded
2025-03-15 16:33:53 - [INFO] config updated
2025-03-15 16:34:25 - [INFO] backup completed
2025-03-15 16:38:51 - [INFO] config updated
2025-03-15 16:39:10 - [INFO] user login
2025-03-15 16:50:32 - [WARNING] Suspicious activity detected: port_scan
2025-03-15 16:50:48 - [INFO] email sent
2025-03-15 16:57:17 - [WARNING] Suspicious activity detected: sql_injection
2025-03-15 17:02:16 - [WARNING] Suspicious activity detected: intrusion
2025-03-15 17:05:48 - [INFO] email sent
2025-03-15 17:07:56 - [INFO] file downloaded
2025-03-15 17:12:09 - [WARNING] Suspicious activity detected: unauthorized_access
2025-03-15 17:15:34 - [INFO] email sent
2025-03-15 17:43:34 - [INFO] file uploaded
2025-03-15 17:51:12 - [WARNING] Suspicious activity detected: intrusion
2025-03-15 17:55:15 - [INFO] user login
2025-03-15 17:59:51 - [INFO] config updated
2025-03-15 18:11:47 - [INFO] file downloaded
2025-03-15 18:18:20 - [INFO] email sent
2025-03-15 18:23:01 - [INFO] system check passed
2025-03-15 18:40:54 - [INFO] file downloaded
2025-03-15 18:43:09 - [INFO] system check passed
2025-03-15 19:00:38 - [INFO] file uploaded
2025-03-15 19:20:19 - [INFO] file downloaded
2025-03-15 19:30:41 - [INFO] file downloaded
2025-03-15 19:33:45 - [INFO] system check passed
2025-03-15 19:45:58 - [INFO] backup completed
2025-03-15 19:53:33 - [INFO] file uploaded
2025-03-15 19:56:00 - [INFO] config updated
2025-03-15 19:57:50 - [WARNING] Suspicious activity detected: unauthorized_access
2025-03-15 19:59:39 - [INFO] backup completed
2025-03-15 20:03:34 - [INFO] file downloaded
2025-03-15 20:06:50 - [INFO] backup completed
2025-03-15 20:41:23 - [INFO] config updated
2025-03-15 20:50:05 - [INFO] email sent
2025-03-15 21:12:58 - [INFO] file uploaded
2025-03-15 21:15:35 - [INFO] config updated
2025-03-15 21:19:37 - [INFO] user login
2025-03-15 21:43:07 - [WARNING] Suspicious activity detected: malware
2025-03-15 21:59:13 - [INFO] email sent
2025-03-15 22:00:28 - [WARNING] Suspicious activity detected: sql_injection
2025-03-15 22:07:12 - [WARNING] Suspicious activity detected: ip_blocked
2025-03-15 22:09:55 - [INFO] email sent
2025-03-15 22:16:05 - [INFO] system check passed
2025-03-15 22:23:22 - [WARNING] Suspicious activity detected: port_scan
2025-03-15 22:29:48 - [INFO] file downloaded
2025-03-15 22:31:55 - [INFO] config updated
2025-03-15 22:32:00 - [INFO] file downloaded
2025-03-15 22:42:11 - [WARNING] Suspicious activity detected: ddos
2025-03-15 22:51:31 - [WARNING] Suspicious activity detected: malware
2025-03-15 23:09:53 - [WARNING] Suspicious activity detected: port_scan
2025-03-15 23:10:19 - [WARNING] Suspicious activity detected: sql_injection
2025-03-15 23:12:07 - [INFO] email sent
2025-03-15 23:16:02 - [INFO] file downloaded
2025-03-15 23:31:47 - [INFO] email sent
2025-03-15 23:38:18 - [WARNING] Suspicious activity detected: ip_blocked
2025-03-15 23:42:25 - [INFO] file uploaded
2025-03-15 23:48:56 - [INFO] email sent
2025-03-15 23:50:15 - [WARNING] Suspicious activity detected: sql_injection
2025-03-15 23:58:39 - [INFO] config updated