2025-03-31 00:12:43 - [INFO] file uploaded
2025-03-31 00:28:17 - [INFO] user login
2025-03-31 00:31:10 - [INFO] backup completed
2025-03-31 00:34:51 - [INFO] user login
2025-03-31 00:41:12 - [INFO] system check passed
2025-03-31 00:42:10 - [INFO] file uploaded
2025-03-31 00:44:17 - [INFO] user login
2025-03-31 00:50:11 - [INFO] file uploaded
2025-03-31 01:04:50 - [INFO] config updated
2025-03-31 01:07:27 - [INFO] backup completed
2025-03-31 01:19:01 - [WARNING] Suspicious activity detected: ip_blocked
2025-03-31 01:25:42 - [INFO] backup completed
2025-03-31 01:27:42 - [WARNING] Suspicious activity detected: ip_blocked
2025-03-31 01:28:50 - [WARNING] Suspicious activity detected: intrusion
2025-03-31 01:37:09 - [INFO] backup completed
2025-03-31 01:41:03 - [INFO] email sent
2025-03-31 02:00:43 - [INFO] user login
2025-03-31 02:01:13 - [INFO] file uploaded
2025-03-31 02:01:24 - [INFO] backup completed
2025-03-31 02:03:09 - [INFO] backup completed
2025-03-31 02:16:20 - [INFO] user login
2025-03-31 02:19:28 - [INFO] file downloaded
2025-03-31 02:31:03 - [INFO] system check passed
2025-03-31 02:36:58 - [INFO] user login
2025-03-31 03:23:46 - [INFO] user login
2025-03-31 03:28:37 - [WARNING] Suspicious activity detected: ddos
2025-03-31 03:31:43 - [INFO] email sent
2025-03-31 03:35:46 - [INFO] backup completed
2025-03-31 03:39:54 - [WARNING] Suspicious activity detected: malware
2025-03-31 03:43:05 - [INFO] config updated
2025-03-31 04:03:14 - [INFO] user login
2025-03-31 04:15:30 - [INFO] system check passed
2025-03-31 04:18:05 - [INFO] file uploaded
2025-03-31 04:19:58 - [WARNING] Suspicious activity detected: sql_injection
2025-03-31 04:21:45 - [WARNING] Suspicious activity detected: malware
2025-03-31 04:27:13 - [INFO] email sent
2025-03-31 04:33:57 - [INFO] email sent
2025-03-31 04:36:09 - [INFO] file uploaded
2025-03-31 04:53:06 - [INFO] config updated
2025-03-31 04:59:55 - [INFO] file uploaded
2025-03-31 05:06:46 - [INFO] config updated
2025-03-31 05:06:54 - [INFO] file uploaded
2025-03-31 05:31:18 - [INFO] email sent
2025-03-31 05:32:48 - [WARNING] Suspicious activity detected: sql_injection
2025-03-31 05:37:44 - [INFO] file downloaded
2025-03-31 05:39:36 - [INFO] user login
2025-03-31 05:47:42 - [WARNING] Suspicious activity detected: intrusion
2025-03-31 06:07:13 - [WARNING] Suspicious activity detected: sql_injection
2025-03-31 06:18:45 - [INFO] config updated
2025-03-31 06:19:23 - [INFO] system check passed
2025-03-31 06:23:16 - [WARNING] Suspicious activity detected: intrusion
2025-03-31 06:23:40 - [INFO] config updated
2025-03-31 06:26:25 - [WARNING] Suspicious activity detected: sql_injection
2025-03-31 06:32:21 - [WARNING] Suspicious activity detected: ip_blocked
2025-03-31 06:38:17 - [WARNING] Suspicious activity detected: ip_blocked
2025-03-31 06:39:01 - [INFO] user login
2025-03-31 06:44:39 - [INFO] user login
2025-03-31 06:45:18 - [INFO] system check passed
2025-03-31 06:48:18 - [INFO] system check passed
2025-03-31 06:50:03 - [INFO] system check passed
2025-03-31 06:58:33 - [INFO] file uploaded
2025-03-31 06:59:22 - [WARNING] Suspicious activity detected: ip_blocked
2025-03-31 07:04:33 - [INFO] email sent
2025-03-31 07:05:19 - [WARNING] Suspicious activity detected: port_scan
2025-03-31 07:17:51 - [INFO] email sent
2025-03-31 07:31:44 - [WARNING] Suspicious activity detected: unauthorized_access
2025-03-31 07:36:40 - [INFO] backup completed
2025-03-31 07:49:57 - [INFO] backup completed
2025-03-31 07:50:51 - [WARNING] Suspicious activity detected: brute_force
2025-03-31 08:07:45 - [INFO] config updated
2025-03-31 08:10:58 - [WARNING] Suspicious activity detected: port_scan
2025-03-31 08:39:58 - [INFO] email sent
2025-03-31 08:42:54 - [INFO] config updated
2025-03-31 08:47:57 - [INFO] config updated
2025-03-31 08:51:37 - [INFO] user login
2025-03-31 09:18:08 - [INFO] backup completed
2025-03-31 09:20:24 - [INFO] system check passed
2025-03-31 09:31:23 - [INFO] file uploaded
2025-03-31 09:31:38 - [INFO] file uploaded
2025-03-31 09:49:19 - [INFO] system check passed
2025-03-31 09:55:19 - [INFO] user login
2025-03-31 10:04:42 - [WARNING] Suspicious activity detected: brute_force
2025-03-31 10:05:48 - [INFO] config updated
2025-03-31 10:22:56 - [INFO] user login
2025-03-31 10:44:40 - [WARNING] Suspicious activity detected: malware
2025-03-31 10:47:11 - [INFO] user login
2025-03-31 10:52:53 - [INFO] email sent
2025-03-31 10:54:38 - [INFO] user login
2025-03-31 11:06:29 - [INFO] email sent
2025-03-31 11:06:51 - [INFO] config updated
2025-03-31 11:16:19 - [WARNING] Suspicious activity detected: brute_force
2025-03-31 11:18:58 - [INFO] backup completed
2025-03-31 11:25:10 - [INFO] user login
2025-03-31 11:27:19 - [INFO] file downloaded
2025-03-31 11:30:44 - [INFO] backup completed
2025-03-31 11:35:22 - [INFO] config updated
2025-03-31 11:55:13 - [WARNING] Suspicious activity detected: ip_blocked
2025-03-31 11:59:42 - [WARNING] Suspicious activity detected: brute_force
2025-03-31 12:14:12 - [INFO] file uploaded
2025-03-31 12:15:37 - [INFO] system check passed
2025-03-31 12:33:39 - [INFO] system check passed
2025-03-31 12:42:01 - [INFO] email sent
2025-03-31 13:24:59 - [WARNING] Suspicious activity detected: ddos
2025-03-31 13:27:53 - [INFO] system check passed
2025-03-31 13:43:46 - [WARNING] Suspicious activity detected: brute_force
2025-03-31 14:24:20 - [INFO] backup completed
2025-03-31 14:26:15 - [WARNING] Suspicious activity detected: ip_blocked
2025-03-31 14:29:21 - [INFO] system check passed
2025-03-31 14:40:42 - [INFO] system check passed
2025-03-31 14:44:11 - [INFO] system check passed
2025-03-31 14:51:07 - [WARNING] Suspicious activity detected: unauthorized_access
2025-03-31 15:08:32 - [INFO] backup completed
2025-03-31 15:40:22 - [INFO] system check passed
2025-03-31 16:13:57 - [WARNING] Suspicious activity detected: malware
2025-03-31 16:31:06 - [WARNING] Suspicious activity detected: port_scan
2025-03-31 16:44:16 - [INFO] system check passed
2025-03-31 16:49:42 - [WARNING] Suspicious activity detected: sql_injection
2025-03-31 16:59:25 - [WARNING] Suspicious activity detected: sql_injection
2025-03-31 17:10:05 - [INFO] backup completed
2025-03-31 17:23:31 - [WARNING] Suspicious activity detected: malware
2025-03-31 17:35:15 - [INFO] email sent
2025-03-31 18:01:25 - [WARNING] Suspicious activity detected: ip_blocked
2025-03-31 18:10:38 - [INFO] config updated
2025-03-31 18:15:55 - [INFO] file downloaded
2025-03-31 18:25:29 - [WARNING] Suspicious activity detected: unauthorized_access
2025-03-31 18:43:30 - [INFO] user login
2025-03-31 18:51:38 - [WARNING] Suspicious activity detected: intrusion
2025-03-31 18:57:46 - [INFO] system check passed
2025-03-31 19:02:38 - [INFO] config updated
2025-03-31 19:03:08 - [INFO] file downloaded
2025-03-31 19:15:39 - [INFO] file downloaded
2025-03-31 19:16:34 - [WARNING] Suspicious activity detected: unauthorized_access
2025-03-31 19:22:25 - [WARNING] Suspicious activity detected: ddos
2025-03-31 19:27:49 - [INFO] config updated
2025-03-31 19:29:11 - [INFO] system check passed
2025-03-31 19:33:15 - [INFO] system check passed
2025-03-31 19:36:46 - [WARNING] Suspicious activity detected: intrusion
2025-03-31 19:37:06 - [WARNING] Suspicious activity detected: intrusion
2025-03-31 19:39:11 - [INFO] user login
2025-03-31 19:39:27 - [WARNING] Suspicious activity detected: intrusion
2025-03-31 19:41:43 - [INFO] file uploaded
2025-03-31 19:48:21 - [WARNING] Suspicious activity detected: ip_blocked
2025-03-31 19:56:20 - [INFO] file uploaded
2025-03-31 20:14:59 - [INFO] backup completed
2025-03-31 20:35:34 - [INFO] file downloaded
2025-03-31 20:39:23 - [INFO] email sent
2025-03-31 20:44:29 - [WARNING] Suspicious activity detected: brute_force
2025-03-31 20:44:57 - [INFO] config updated
2025-03-31 21:03:54 - [INFO] file uploaded
2025-03-31 21:04:57 - [INFO] user login
2025-03-31 21:08:51 - [INFO] backup completed
2025-03-31 21:12:36 - [INFO] file uploaded
2025-03-31 21:23:43 - [INFO] file downloaded
2025-03-31 21:23:49 - [INFO] email sent
2025-03-31 21:50:22 - [INFO] email sent
2025-03-31 21:53:54 - [INFO] email sent
2025-03-31 22:09:33 - [WARNING] Suspicious activity detected: ip_blocked
2025-03-31 22:10:15 - [INFO] system check passed
2025-03-31 22:19:36 - [INFO] email sent
2025-03-31 22:22:23 - [INFO] file downloaded
2025-03-31 22:22:35 - [INFO] file uploaded
2025-03-31 22:25:10 - [INFO] file downloaded
2025-03-31 22:30:14 - [INFO] file uploaded
2025-03-31 22:35:54 - [INFO] email sent
2025-03-31 22:40:02 - [INFO] backup completed
2025-03-31 22:53:49 - [WARNING] Suspicious activity detected: malware
2025-03-31 22:53:58 - [INFO] email sent
2025-03-31 23:03:14 - [INFO] config updated
2025-03-31 23:13:13 - [INFO] config updated
2025-03-31 23:55:26 - [INFO] file downloaded
2025-03-31 23:56:40 - [INFO] file uploaded