2025-05-12 00:03:42 - [INFO] config updated
2025-05-12 00:07:54 - [INFO] user login
2025-05-12 00:15:55 - [INFO] system check passed
2025-05-12 00:21:56 - [INFO] file uploaded
2025-05-12 00:25:20 - [WARNING] Suspicious activity detected: unauthorized_access
2025-05-12 00:28:05 - [WARNING] Suspicious activity detected: sql_injection
2025-05-12 00:35:59 - [INFO] config updated
2025-05-12 00:39:13 - [INFO] file downloaded
2025-05-12 00:41:56 - [INFO] user login
2025-05-12 00:49:43 - [WARNING] Suspicious activity detected: ip_blocked
2025-05-12 00:50:53 - [INFO] user login
2025-05-12 01:05:18 - [INFO] system check passed
2025-05-12 01:05:37 - [INFO] file uploaded
2025-05-12 01:07:35 - [WARNING] Suspicious activity detected: malware
2025-05-12 01:19:56 - [INFO] file uploaded
2025-05-12 01:37:25 - [INFO] config updated
2025-05-12 01:50:54 - [INFO] system check passed
2025-05-12 01:56:01 - [INFO] config updated
2025-05-12 01:57:06 - [INFO] file downloaded
2025-05-12 02:25:12 - [INFO] config updated
2025-05-12 02:36:06 - [INFO] backup completed
2025-05-12 02:38:12 - [INFO] file downloaded
2025-05-12 02:56:47 - [INFO] email sent
2025-05-12 03:00:38 - [INFO] config updated
2025-05-12 03:20:12 - [INFO] file downloaded
2025-05-12 03:22:04 - [INFO] user login
2025-05-12 03:26:44 - [WARNING] Suspicious activity detected: ip_blocked
2025-05-12 03:27:21 - [INFO] user login
2025-05-12 03:29:03 - [INFO] file uploaded
2025-05-12 03:34:19 - [WARNING] Suspicious activity detected: malware
2025-05-12 03:42:44 - [WARNING] Suspicious activity detected: brute_force
2025-05-12 03:51:54 - [INFO] system check passed
2025-05-12 03:55:29 - [INFO] user login
2025-05-12 04:09:33 - [INFO] user login
2025-05-12 04:19:59 - [WARNING] Suspicious activity detected: sql_injection
2025-05-12 04:35:06 - [INFO] email sent
2025-05-12 04:47:52 - [INFO] user login
2025-05-12 04:57:39 - [INFO] file uploaded
2025-05-12 04:59:09 - [WARNING] Suspicious activity detected: sql_injection
2025-05-12 05:18:46 - [INFO] system check passed
2025-05-12 05:23:43 - [INFO] system check passed
2025-05-12 05:29:09 - [INFO] system check passed
2025-05-12 05:40:06 - [INFO] file uploaded
2025-05-12 05:51:50 - [INFO] config updated
2025-05-12 05:52:04 - [INFO] email sent
2025-05-12 05:56:31 - [INFO] user login
2025-05-12 06:00:45 - [INFO] config updated
2025-05-12 06:08:28 - [WARNING] Suspicious activity detected: malware
2025-05-12 06:13:52 - [INFO] email sent
2025-05-12 06:20:10 - [INFO] file downloaded
2025-05-12 06:22:36 - [WARNING] Suspicious activity detected: unauthorized_access
2025-05-12 06:27:05 - [INFO] system check passed
2025-05-12 06:30:39 - [INFO] backup completed
2025-05-12 06:34:02 - [INFO] user login
2025-05-12 06:40:50 - [WARNING] Suspicious activity detected: port_scan
2025-05-12 06:48:19 - [INFO] email sent
2025-05-12 07:00:49 - [WARNING] Suspicious activity detected: brute_force
2025-05-12 07:01:42 - [WARNING] Suspicious activity detected: intrusion
2025-05-12 07:10:47 - [INFO] backup completed
2025-05-12 07:27:37 - [INFO] config updated
2025-05-12 07:29:06 - [INFO] user login
2025-05-12 07:30:07 - [INFO] config updated
2025-05-12 07:32:02 - [INFO] file uploaded
2025-05-12 07:46:43 - [WARNING] Suspicious activity detected: malware
2025-05-12 07:51:44 - [INFO] config updated
2025-05-12 08:04:33 - [INFO] user login
2025-05-12 08:40:00 - [WARNING] Suspicious activity detected: ip_blocked
2025-05-12 08:40:55 - [INFO] email sent
2025-05-12 08:41:24 - [INFO] email sent
2025-05-12 08:43:07 - [INFO] config updated
2025-05-12 08:46:46 - [INFO] backup completed
2025-05-12 08:52:30 - [INFO] file uploaded
2025-05-12 08:56:42 - [INFO] config updated
2025-05-12 08:57:59 - [WARNING] Suspicious activity detected: brute_force
2025-05-12 08:58:26 - [INFO] user login
2025-05-12 09:01:34 - [INFO] user login
2025-05-12 09:10:40 - [INFO] config updated
2025-05-12 09:14:34 - [INFO] file uploaded
2025-05-12 09:26:04 - [INFO] system check passed
2025-05-12 09:39:38 - [INFO] user login
2025-05-12 09:45:56 - [INFO] file downloaded
2025-05-12 09:54:29 - [INFO] email sent
2025-05-12 09:57:53 - [INFO] email sent
2025-05-12 10:00:24 - [INFO] email sent
2025-05-12 10:23:23 - [INFO] system check passed
2025-05-12 10:49:55 - [INFO] file uploaded
2025-05-12 10:57:38 - [INFO] backup completed
2025-05-12 11:18:47 - [WARNING] Suspicious activity detected: brute_force
2025-05-12 11:20:42 - [INFO] file downloaded
2025-05-12 11:39:20 - [INFO] email sent
2025-05-12 11:48:12 - [INFO] backup completed
2025-05-12 11:58:01 - [INFO] file uploaded
2025-05-12 12:11:11 - [WARNING] Suspicious activity detected: malware
2025-05-12 12:12:42 - [INFO] user login
2025-05-12 12:22:06 - [INFO] user login
2025-05-12 12:22:21 - [INFO] system check passed
2025-05-12 12:22:44 - [WARNING] Suspicious activity detected: sql_injection
2025-05-12 12:30:22 - [INFO] user login
2025-05-12 12:34:26 - [INFO] config updated
2025-05-12 12:37:38 - [WARNING] Suspicious activity detected: ip_blocked
2025-05-12 12:41:01 - [INFO] file downloaded
2025-05-12 12:46:42 - [WARNING] Suspicious activity detected: unauthorized_access
2025-05-12 12:52:48 - [INFO] email sent
2025-05-12 13:01:02 - [INFO] system check passed
2025-05-12 13:04:42 - [WARNING] Suspicious activity detected: intrusion
2025-05-12 13:12:11 - [WARNING] Suspicious activity detected: malware
2025-05-12 13:20:03 - [INFO] system check passed
2025-05-12 13:20:30 - [WARNING] Suspicious activity detected: sql_injection
2025-05-12 13:29:43 - [INFO] email sent
2025-05-12 13:32:17 - [INFO] file uploaded
2025-05-12 13:34:02 - [INFO] user login
2025-05-12 13:53:53 - [INFO] email sent
2025-05-12 13:54:43 - [INFO] backup completed
2025-05-12 13:56:58 - [INFO] file uploaded
2025-05-12 13:57:12 - [INFO] backup completed
2025-05-12 14:07:34 - [WARNING] Suspicious activity detected: brute_force
2025-05-12 14:17:22 - [INFO] file downloaded
2025-05-12 14:20:03 - [INFO] email sent
2025-05-12 14:38:51 - [INFO] system check passed
2025-05-12 14:40:41 - [INFO] system check passed
2025-05-12 14:41:25 - [INFO] email sent
2025-05-12 14:42:56 - [INFO] backup completed
2025-05-12 14:51:42 - [WARNING] Suspicious activity detected: unauthorized_access
2025-05-12 14:52:24 - [INFO] email sent
2025-05-12 14:54:41 - [WARNING] Suspicious activity detected: malware
2025-05-12 15:28:23 - [INFO] system check passed
2025-05-12 15:28:52 - [INFO] file downloaded
2025-05-12 15:30:42 - [INFO] backup completed
2025-05-12 15:33:08 - [INFO] backup completed
2025-05-12 15:53:35 - [INFO] user login
2025-05-12 15:56:12 - [WARNING] Suspicious activity detected: brute_force
2025-05-12 15:56:42 - [INFO] user login
2025-05-12 15:57:03 - [INFO] file uploaded
2025-05-12 16:00:26 - [INFO] email sent
2025-05-12 16:04:32 - [INFO] system check passed
2025-05-12 16:06:48 - [WARNING] Suspicious activity detected: ip_blocked
2025-05-12 16:28:56 - [INFO] user login
2025-05-12 16:35:57 - [INFO] config updated
2025-05-12 16:50:54 - [INFO] file downloaded
2025-05-12 17:16:20 - [INFO] file downloaded
2025-05-12 17:16:42 - [WARNING] Suspicious activity detected: intrusion
2025-05-12 17:19:54 - [WARNING] Suspicious activity detected: ip_blocked
2025-05-12 17:29:58 - [INFO] user login
2025-05-12 17:46:59 - [INFO] email sent
2025-05-12 18:06:15 - [INFO] file downloaded
2025-05-12 18:08:31 - [INFO] file downloaded
2025-05-12 18:27:31 - [INFO] file uploaded
2025-05-12 18:37:05 - [INFO] file uploaded
2025-05-12 18:42:58 - [INFO] file uploaded
2025-05-12 18:56:17 - [INFO] file downloaded
2025-05-12 18:59:26 - [WARNING] Suspicious activity detected: port_scan
2025-05-12 19:04:15 - [INFO] email sent
2025-05-12 19:11:54 - [INFO] file uploaded
2025-05-12 19:27:23 - [INFO] file uploaded
2025-05-12 19:28:43 - [INFO] file downloaded
2025-05-12 19:38:57 - [INFO] file uploaded
2025-05-12 19:40:24 - [INFO] file uploaded
2025-05-12 19:46:57 - [INFO] email sent
2025-05-12 19:53:40 - [INFO] system check passed
2025-05-12 20:00:00 - [WARNING] Suspicious activity detected: port_scan
2025-05-12 20:29:08 - [INFO] file downloaded
2025-05-12 20:33:11 - [INFO] email sent
2025-05-12 20:33:46 - [WARNING] Suspicious activity detected: malware
2025-05-12 20:34:43 - [INFO] system check passed
2025-05-12 20:49:41 - [WARNING] Suspicious activity detected: sql_injection
2025-05-12 20:53:18 - [INFO] config updated
2025-05-12 21:03:43 - [INFO] config updated
2025-05-12 21:10:06 - [WARNING] Suspicious activity detected: intrusion
2025-05-12 21:28:25 - [INFO] user login
2025-05-12 21:33:28 - [INFO] file uploaded
2025-05-12 21:46:32 - [INFO] backup completed
2025-05-12 21:48:03 - [INFO] email sent
2025-05-12 21:50:51 - [INFO] backup completed
2025-05-12 22:30:11 - [WARNING] Suspicious activity detected: unauthorized_access
2025-05-12 22:33:58 - [INFO] file uploaded
2025-05-12 22:42:48 - [INFO] system check passed
2025-05-12 22:47:08 - [INFO] config updated
2025-05-12 22:49:36 - [INFO] email sent
2025-05-12 23:14:20 - [WARNING] Suspicious activity detected: intrusion
2025-05-12 23:15:36 - [INFO] backup completed
2025-05-12 23:23:14 - [WARNING] Suspicious activity detected: unauthorized_access
2025-05-12 23:27:15 - [INFO] config updated
2025-05-12 23:27:23 - [INFO] email sent
2025-05-12 23:42:10 - [INFO] system check passed
2025-05-12 23:50:26 - [WARNING] Suspicious activity detected: intrusion
2025-05-12 23:56:43 - [INFO] system check passed
2025-05-12 23:58:11 - [INFO] email sent