2025-07-02 00:01:52 - [WARNING] Suspicious activity detected: port_scan
2025-07-02 00:04:13 - [WARNING] Suspicious activity detected: port_scan
2025-07-02 00:05:46 - [INFO] user login
2025-07-02 00:11:08 - [INFO] backup completed
2025-07-02 00:34:43 - [INFO] user login
2025-07-02 00:48:43 - [INFO] file uploaded
2025-07-02 00:52:41 - [INFO] system check passed
2025-07-02 00:56:42 - [INFO] config updated
2025-07-02 00:57:39 - [INFO] config updated
2025-07-02 01:07:30 - [INFO] config updated
2025-07-02 01:21:45 - [WARNING] Suspicious activity detected: intrusion
2025-07-02 01:24:17 - [INFO] config updated
2025-07-02 01:29:10 - [INFO] backup completed
2025-07-02 01:42:25 - [INFO] config updated
2025-07-02 01:46:33 - [INFO] system check passed
2025-07-02 02:00:25 - [INFO] email sent
2025-07-02 02:05:43 - [INFO] config updated
2025-07-02 02:05:59 - [INFO] file downloaded
2025-07-02 02:29:14 - [INFO] email sent
2025-07-02 02:40:42 - [INFO] backup completed
2025-07-02 02:50:51 - [INFO] config updated
2025-07-02 02:51:51 - [WARNING] Suspicious activity detected: intrusion
2025-07-02 02:55:13 - [INFO] email sent
2025-07-02 03:07:15 - [WARNING] Suspicious activity detected: brute_force
2025-07-02 03:23:42 - [WARNING] Suspicious activity detected: ip_blocked
2025-07-02 03:27:48 - [WARNING] Suspicious activity detected: malware
2025-07-02 03:43:56 - [INFO] email sent
2025-07-02 03:50:45 - [INFO] file uploaded
2025-07-02 03:51:16 - [WARNING] Suspicious activity detected: malware
2025-07-02 03:53:34 - [WARNING] Suspicious activity detected: brute_force
2025-07-02 03:58:13 - [WARNING] Suspicious activity detected: ddos
2025-07-02 04:05:27 - [INFO] config updated
2025-07-02 04:17:48 - [INFO] config updated
2025-07-02 04:17:53 - [WARNING] Suspicious activity detected: port_scan
2025-07-02 04:18:21 - [WARNING] Suspicious activity detected: ip_blocked
2025-07-02 04:29:31 - [WARNING] Suspicious activity detected: port_scan
2025-07-02 04:33:54 - [INFO] user login
2025-07-02 04:37:45 - [INFO] backup completed
2025-07-02 04:49:04 - [INFO] backup completed
2025-07-02 04:52:19 - [INFO] email sent
2025-07-02 05:04:14 - [INFO] file uploaded
2025-07-02 05:12:46 - [WARNING] Suspicious activity detected: port_scan
2025-07-02 05:21:20 - [WARNING] Suspicious activity detected: intrusion
2025-07-02 05:43:53 - [INFO] file uploaded
2025-07-02 05:50:51 - [INFO] system check passed
2025-07-02 05:55:44 - [INFO] file uploaded
2025-07-02 05:59:02 - [INFO] config updated
2025-07-02 06:01:18 - [INFO] file uploaded
2025-07-02 06:48:17 - [INFO] user login
2025-07-02 06:49:08 - [WARNING] Suspicious activity detected: brute_force
2025-07-02 06:56:13 - [WARNING] Suspicious activity detected: ddos
2025-07-02 07:00:41 - [WARNING] Suspicious activity detected: ip_blocked
2025-07-02 07:02:56 - [INFO] user login
2025-07-02 07:16:39 - [INFO] system check passed
2025-07-02 07:17:06 - [INFO] user login
2025-07-02 07:30:53 - [WARNING] Suspicious activity detected: intrusion
2025-07-02 07:36:56 - [WARNING] Suspicious activity detected: port_scan
2025-07-02 07:45:03 - [INFO] system check passed
2025-07-02 07:50:53 - [INFO] backup completed
2025-07-02 07:53:33 - [INFO] user login
2025-07-02 08:03:40 - [INFO] file uploaded
2025-07-02 08:04:33 - [INFO] email sent
2025-07-02 08:09:38 - [INFO] file downloaded
2025-07-02 08:58:44 - [WARNING] Suspicious activity detected: brute_force
2025-07-02 09:18:07 - [WARNING] Suspicious activity detected: brute_force
2025-07-02 09:21:40 - [WARNING] Suspicious activity detected: unauthorized_access
2025-07-02 09:29:12 - [INFO] file uploaded
2025-07-02 09:34:51 - [INFO] file uploaded
2025-07-02 09:40:37 - [INFO] backup completed
2025-07-02 09:41:34 - [WARNING] Suspicious activity detected: malware
2025-07-02 09:52:33 - [WARNING] Suspicious activity detected: sql_injection
2025-07-02 09:56:19 - [INFO] config updated
2025-07-02 09:57:59 - [WARNING] Suspicious activity detected: port_scan
2025-07-02 09:59:35 - [WARNING] Suspicious activity detected: unauthorized_access
2025-07-02 10:12:48 - [WARNING] Suspicious activity detected: malware
2025-07-02 10:13:03 - [INFO] config updated
2025-07-02 10:23:12 - [INFO] system check passed
2025-07-02 10:23:23 - [INFO] user login
2025-07-02 10:27:48 - [INFO] backup completed
2025-07-02 10:30:45 - [INFO] file downloaded
2025-07-02 10:31:00 - [WARNING] Suspicious activity detected: sql_injection
2025-07-02 10:31:22 - [WARNING] Suspicious activity detected: unauthorized_access
2025-07-02 10:52:49 - [INFO] backup completed
2025-07-02 11:01:43 - [INFO] user login
2025-07-02 11:03:06 - [INFO] file downloaded
2025-07-02 11:03:43 - [WARNING] Suspicious activity detected: ddos
2025-07-02 11:16:04 - [WARNING] Suspicious activity detected: brute_force
2025-07-02 11:18:37 - [INFO] file downloaded
2025-07-02 11:20:22 - [INFO] user login
2025-07-02 11:22:44 - [INFO] config updated
2025-07-02 11:23:59 - [INFO] user login
2025-07-02 11:38:54 - [INFO] email sent
2025-07-02 11:55:09 - [INFO] file downloaded
2025-07-02 12:04:46 - [WARNING] Suspicious activity detected: malware
2025-07-02 12:05:11 - [INFO] system check passed
2025-07-02 12:09:17 - [WARNING] Suspicious activity detected: brute_force
2025-07-02 12:11:54 - [INFO] file downloaded
2025-07-02 12:20:37 - [WARNING] Suspicious activity detected: ddos
2025-07-02 12:24:35 - [INFO] system check passed
2025-07-02 12:25:57 - [WARNING] Suspicious activity detected: ddos
2025-07-02 12:26:54 - [WARNING] Suspicious activity detected: brute_force
2025-07-02 12:31:24 - [INFO] config updated
2025-07-02 12:35:27 - [WARNING] Suspicious activity detected: intrusion
2025-07-02 12:38:38 - [INFO] system check passed
2025-07-02 12:48:11 - [INFO] file uploaded
2025-07-02 12:52:44 - [INFO] system check passed
2025-07-02 12:59:26 - [INFO] file uploaded
2025-07-02 13:08:40 - [INFO] backup completed
2025-07-02 13:14:29 - [WARNING] Suspicious activity detected: unauthorized_access
2025-07-02 13:19:27 - [INFO] system check passed
2025-07-02 13:30:15 - [WARNING] Suspicious activity detected: unauthorized_access
2025-07-02 13:43:42 - [INFO] config updated
2025-07-02 13:59:46 - [INFO] system check passed
2025-07-02 14:12:27 - [INFO] file uploaded
2025-07-02 14:28:15 - [INFO] email sent
2025-07-02 14:30:09 - [INFO] backup completed
2025-07-02 14:35:35 - [WARNING] Suspicious activity detected: intrusion
2025-07-02 14:35:49 - [INFO] email sent
2025-07-02 14:36:41 - [INFO] config updated
2025-07-02 14:37:42 - [INFO] file downloaded
2025-07-02 14:41:37 - [INFO] backup completed
2025-07-02 14:56:21 - [WARNING] Suspicious activity detected: unauthorized_access
2025-07-02 14:58:39 - [WARNING] Suspicious activity detected: ddos
2025-07-02 14:58:57 - [INFO] system check passed
2025-07-02 15:08:08 - [INFO] config updated
2025-07-02 15:10:38 - [WARNING] Suspicious activity detected: ip_blocked
2025-07-02 15:42:43 - [WARNING] Suspicious activity detected: malware
2025-07-02 15:42:48 - [INFO] config updated
2025-07-02 16:16:40 - [WARNING] Suspicious activity detected: ddos
2025-07-02 16:29:48 - [INFO] file downloaded
2025-07-02 16:31:21 - [WARNING] Suspicious activity detected: malware
2025-07-02 16:38:12 - [WARNING] Suspicious activity detected: malware
2025-07-02 16:39:49 - [INFO] file uploaded
2025-07-02 16:39:59 - [WARNING] Suspicious activity detected: brute_force
2025-07-02 16:45:47 - [INFO] config updated
2025-07-02 16:48:20 - [INFO] system check passed
2025-07-02 16:52:50 - [WARNING] Suspicious activity detected: ddos
2025-07-02 17:03:19 - [WARNING] Suspicious activity detected: malware
2025-07-02 17:30:51 - [INFO] config updated
2025-07-02 17:48:17 - [INFO] file uploaded
2025-07-02 17:50:51 - [INFO] system check passed
2025-07-02 17:53:39 - [INFO] backup completed
2025-07-02 18:00:03 - [INFO] config updated
2025-07-02 18:06:46 - [INFO] backup completed
2025-07-02 18:15:23 - [WARNING] Suspicious activity detected: ddos
2025-07-02 18:18:26 - [INFO] file uploaded
2025-07-02 18:23:55 - [INFO] file uploaded
2025-07-02 18:39:23 - [INFO] config updated
2025-07-02 18:39:51 - [INFO] config updated
2025-07-02 18:44:46 - [WARNING] Suspicious activity detected: ddos
2025-07-02 18:45:26 - [INFO] file downloaded
2025-07-02 18:55:10 - [INFO] file uploaded
2025-07-02 19:01:36 - [INFO] file uploaded
2025-07-02 19:22:33 - [INFO] backup completed
2025-07-02 19:27:54 - [WARNING] Suspicious activity detected: unauthorized_access
2025-07-02 19:36:20 - [INFO] file uploaded
2025-07-02 19:47:09 - [INFO] file downloaded
2025-07-02 19:48:30 - [WARNING] Suspicious activity detected: unauthorized_access
2025-07-02 20:09:28 - [WARNING] Suspicious activity detected: intrusion
2025-07-02 20:11:38 - [INFO] system check passed
2025-07-02 20:13:48 - [INFO] user login
2025-07-02 20:53:29 - [INFO] file downloaded
2025-07-02 20:58:18 - [WARNING] Suspicious activity detected: malware
2025-07-02 21:03:33 - [INFO] file downloaded
2025-07-02 21:08:50 - [WARNING] Suspicious activity detected: sql_injection
2025-07-02 21:12:40 - [INFO] file uploaded
2025-07-02 21:25:17 - [INFO] config updated
2025-07-02 21:29:58 - [WARNING] Suspicious activity detected: port_scan
2025-07-02 21:42:51 - [INFO] email sent
2025-07-02 21:49:02 - [INFO] email sent
2025-07-02 21:50:01 - [WARNING] Suspicious activity detected: unauthorized_access
2025-07-02 22:08:39 - [INFO] user login
2025-07-02 22:11:40 - [INFO] user login
2025-07-02 22:12:10 - [WARNING] Suspicious activity detected: unauthorized_access
2025-07-02 22:33:50 - [WARNING] Suspicious activity detected: ip_blocked
2025-07-02 22:51:50 - [INFO] backup completed
2025-07-02 23:01:00 - [WARNING] Suspicious activity detected: brute_force
2025-07-02 23:09:35 - [WARNING] Suspicious activity detected: ddos
2025-07-02 23:09:53 - [WARNING] Suspicious activity detected: port_scan
2025-07-02 23:15:19 - [INFO] user login
2025-07-02 23:27:26 - [INFO] config updated
2025-07-02 23:47:16 - [INFO] config updated
2025-07-02 23:50:30 - [WARNING] Suspicious activity detected: malware