2025-05-04 00:24:42 - [WARNING] Suspicious activity detected: brute_force
2025-05-04 00:37:45 - [INFO] email sent
2025-05-04 00:41:19 - [WARNING] Suspicious activity detected: unauthorized_access
2025-05-04 00:43:51 - [INFO] file uploaded
2025-05-04 00:44:57 - [INFO] email sent
2025-05-04 00:56:00 - [WARNING] Suspicious activity detected: sql_injection
2025-05-04 00:56:18 - [WARNING] Suspicious activity detected: malware
2025-05-04 01:01:38 - [INFO] system check passed
2025-05-04 01:06:03 - [INFO] file uploaded
2025-05-04 01:07:28 - [INFO] backup completed
2025-05-04 01:33:04 - [INFO] file downloaded
2025-05-04 01:47:40 - [WARNING] Suspicious activity detected: sql_injection
2025-05-04 01:48:45 - [INFO] user login
2025-05-04 01:51:09 - [WARNING] Suspicious activity detected: unauthorized_access
2025-05-04 01:53:48 - [WARNING] Suspicious activity detected: port_scan
2025-05-04 01:56:36 - [INFO] file downloaded
2025-05-04 01:56:49 - [WARNING] Suspicious activity detected: unauthorized_access
2025-05-04 02:05:55 - [INFO] file uploaded
2025-05-04 02:08:10 - [INFO] config updated
2025-05-04 02:09:54 - [WARNING] Suspicious activity detected: ip_blocked
2025-05-04 02:10:03 - [INFO] config updated
2025-05-04 02:19:30 - [WARNING] Suspicious activity detected: brute_force
2025-05-04 02:20:59 - [INFO] config updated
2025-05-04 02:27:50 - [WARNING] Suspicious activity detected: sql_injection
2025-05-04 02:37:12 - [WARNING] Suspicious activity detected: unauthorized_access
2025-05-04 02:41:14 - [INFO] system check passed
2025-05-04 02:44:34 - [INFO] backup completed
2025-05-04 02:49:14 - [WARNING] Suspicious activity detected: malware
2025-05-04 02:49:26 - [WARNING] Suspicious activity detected: brute_force
2025-05-04 02:50:55 - [WARNING] Suspicious activity detected: sql_injection
2025-05-04 03:00:12 - [INFO] file downloaded
2025-05-04 03:04:19 - [WARNING] Suspicious activity detected: sql_injection
2025-05-04 03:08:06 - [WARNING] Suspicious activity detected: sql_injection
2025-05-04 03:10:49 - [INFO] user login
2025-05-04 03:13:43 - [INFO] user login
2025-05-04 03:19:42 - [INFO] file uploaded
2025-05-04 03:37:42 - [WARNING] Suspicious activity detected: ddos
2025-05-04 03:43:36 - [WARNING] Suspicious activity detected: intrusion
2025-05-04 03:53:04 - [WARNING] Suspicious activity detected: unauthorized_access
2025-05-04 03:55:47 - [INFO] file downloaded
2025-05-04 04:07:59 - [INFO] backup completed
2025-05-04 04:12:02 - [INFO] system check passed
2025-05-04 04:16:58 - [WARNING] Suspicious activity detected: intrusion
2025-05-04 04:18:52 - [INFO] backup completed
2025-05-04 04:22:28 - [WARNING] Suspicious activity detected: brute_force
2025-05-04 04:26:55 - [INFO] email sent
2025-05-04 04:48:36 - [WARNING] Suspicious activity detected: sql_injection
2025-05-04 04:53:38 - [WARNING] Suspicious activity detected: ddos
2025-05-04 05:20:35 - [INFO] email sent
2025-05-04 05:22:53 - [INFO] system check passed
2025-05-04 05:23:22 - [INFO] file uploaded
2025-05-04 05:24:58 - [WARNING] Suspicious activity detected: port_scan
2025-05-04 05:28:51 - [INFO] file uploaded
2025-05-04 05:31:28 - [INFO] config updated
2025-05-04 05:40:32 - [WARNING] Suspicious activity detected: unauthorized_access
2025-05-04 05:55:33 - [INFO] file uploaded
2025-05-04 05:59:39 - [WARNING] Suspicious activity detected: ddos
2025-05-04 06:04:00 - [WARNING] Suspicious activity detected: intrusion
2025-05-04 06:08:18 - [INFO] system check passed
2025-05-04 06:10:58 - [INFO] system check passed
2025-05-04 06:27:33 - [WARNING] Suspicious activity detected: port_scan
2025-05-04 06:43:23 - [INFO] system check passed
2025-05-04 06:57:52 - [INFO] config updated
2025-05-04 07:04:03 - [INFO] user login
2025-05-04 07:05:05 - [WARNING] Suspicious activity detected: ip_blocked
2025-05-04 07:13:49 - [INFO] email sent
2025-05-04 07:17:57 - [WARNING] Suspicious activity detected: brute_force
2025-05-04 07:50:19 - [INFO] config updated
2025-05-04 07:58:21 - [WARNING] Suspicious activity detected: brute_force
2025-05-04 08:01:52 - [INFO] backup completed
2025-05-04 08:03:05 - [WARNING] Suspicious activity detected: port_scan
2025-05-04 08:11:28 - [WARNING] Suspicious activity detected: ddos
2025-05-04 08:11:58 - [WARNING] Suspicious activity detected: sql_injection
2025-05-04 08:33:28 - [WARNING] Suspicious activity detected: unauthorized_access
2025-05-04 08:33:38 - [INFO] user login
2025-05-04 08:33:59 - [INFO] email sent
2025-05-04 08:45:21 - [INFO] backup completed
2025-05-04 08:55:39 - [WARNING] Suspicious activity detected: ddos
2025-05-04 08:56:13 - [WARNING] Suspicious activity detected: port_scan
2025-05-04 09:15:48 - [WARNING] Suspicious activity detected: sql_injection
2025-05-04 09:19:14 - [INFO] user login
2025-05-04 09:20:15 - [INFO] file downloaded
2025-05-04 09:24:43 - [INFO] config updated
2025-05-04 09:25:16 - [INFO] backup completed
2025-05-04 09:27:26 - [WARNING] Suspicious activity detected: sql_injection
2025-05-04 09:30:52 - [WARNING] Suspicious activity detected: intrusion
2025-05-04 09:36:57 - [WARNING] Suspicious activity detected: port_scan
2025-05-04 09:39:04 - [INFO] user login
2025-05-04 09:44:53 - [INFO] config updated
2025-05-04 09:50:41 - [WARNING] Suspicious activity detected: intrusion
2025-05-04 09:54:11 - [INFO] email sent
2025-05-04 09:59:36 - [INFO] backup completed
2025-05-04 10:02:50 - [WARNING] Suspicious activity detected: brute_force
2025-05-04 10:21:30 - [INFO] file uploaded
2025-05-04 10:25:04 - [WARNING] Suspicious activity detected: sql_injection
2025-05-04 10:26:37 - [WARNING] Suspicious activity detected: ip_blocked
2025-05-04 10:28:59 - [INFO] user login
2025-05-04 10:52:14 - [WARNING] Suspicious activity detected: ip_blocked
2025-05-04 11:12:50 - [INFO] system check passed
2025-05-04 11:16:21 - [INFO] backup completed
2025-05-04 11:18:46 - [INFO] system check passed
2025-05-04 11:23:28 - [INFO] file downloaded
2025-05-04 11:26:29 - [WARNING] Suspicious activity detected: malware
2025-05-04 11:30:59 - [INFO] backup completed
2025-05-04 11:39:44 - [INFO] file uploaded
2025-05-04 11:42:57 - [INFO] backup completed
2025-05-04 11:52:06 - [INFO] user login
2025-05-04 12:01:09 - [WARNING] Suspicious activity detected: sql_injection
2025-05-04 12:04:12 - [INFO] email sent
2025-05-04 12:11:53 - [WARNING] Suspicious activity detected: brute_force
2025-05-04 12:14:33 - [INFO] config updated
2025-05-04 12:18:11 - [INFO] system check passed
2025-05-04 12:28:38 - [INFO] file uploaded
2025-05-04 12:40:06 - [WARNING] Suspicious activity detected: unauthorized_access
2025-05-04 12:40:54 - [WARNING] Suspicious activity detected: ddos
2025-05-04 13:00:54 - [INFO] system check passed
2025-05-04 13:01:42 - [WARNING] Suspicious activity detected: port_scan
2025-05-04 13:04:29 - [WARNING] Suspicious activity detected: sql_injection
2025-05-04 13:23:56 - [WARNING] Suspicious activity detected: ip_blocked
2025-05-04 13:24:11 - [INFO] backup completed
2025-05-04 13:26:58 - [WARNING] Suspicious activity detected: ip_blocked
2025-05-04 13:31:22 - [WARNING] Suspicious activity detected: unauthorized_access
2025-05-04 13:33:55 - [INFO] backup completed
2025-05-04 13:36:55 - [INFO] system check passed
2025-05-04 13:49:07 - [WARNING] Suspicious activity detected: port_scan
2025-05-04 13:51:20 - [INFO] user login
2025-05-04 13:51:55 - [WARNING] Suspicious activity detected: intrusion
2025-05-04 13:58:06 - [WARNING] Suspicious activity detected: ip_blocked
2025-05-04 14:06:17 - [WARNING] Suspicious activity detected: port_scan
2025-05-04 14:06:47 - [INFO] file downloaded
2025-05-04 14:14:25 - [INFO] file uploaded
2025-05-04 14:15:10 - [WARNING] Suspicious activity detected: port_scan
2025-05-04 14:16:00 - [INFO] user login
2025-05-04 14:19:02 - [INFO] email sent
2025-05-04 14:24:31 - [INFO] config updated
2025-05-04 14:28:20 - [WARNING] Suspicious activity detected: ddos
2025-05-04 14:29:26 - [INFO] file uploaded
2025-05-04 14:31:09 - [WARNING] Suspicious activity detected: port_scan
2025-05-04 14:31:56 - [INFO] system check passed
2025-05-04 14:32:04 - [WARNING] Suspicious activity detected: sql_injection
2025-05-04 14:41:35 - [INFO] backup completed
2025-05-04 14:49:55 - [INFO] config updated
2025-05-04 14:52:08 - [WARNING] Suspicious activity detected: port_scan
2025-05-04 15:09:51 - [INFO] email sent
2025-05-04 15:14:28 - [INFO] system check passed
2025-05-04 15:15:19 - [INFO] file downloaded
2025-05-04 15:17:20 - [INFO] email sent
2025-05-04 15:18:24 - [WARNING] Suspicious activity detected: intrusion
2025-05-04 15:36:16 - [INFO] file downloaded
2025-05-04 15:38:23 - [INFO] system check passed
2025-05-04 15:38:50 - [INFO] user login
2025-05-04 15:52:46 - [INFO] file downloaded
2025-05-04 15:57:07 - [INFO] system check passed
2025-05-04 15:59:38 - [INFO] user login
2025-05-04 16:01:29 - [INFO] email sent
2025-05-04 16:11:14 - [INFO] file uploaded
2025-05-04 16:11:26 - [INFO] user login
2025-05-04 16:17:22 - [WARNING] Suspicious activity detected: port_scan
2025-05-04 16:22:56 - [WARNING] Suspicious activity detected: port_scan
2025-05-04 16:23:36 - [WARNING] Suspicious activity detected: sql_injection
2025-05-04 16:30:39 - [INFO] system check passed
2025-05-04 16:46:40 - [WARNING] Suspicious activity detected: brute_force
2025-05-04 16:58:42 - [WARNING] Suspicious activity detected: malware
2025-05-04 16:59:53 - [WARNING] Suspicious activity detected: brute_force
2025-05-04 16:59:55 - [INFO] backup completed
2025-05-04 17:07:20 - [WARNING] Suspicious activity detected: port_scan
2025-05-04 17:11:04 - [INFO] config updated
2025-05-04 17:21:10 - [WARNING] Suspicious activity detected: sql_injection
2025-05-04 17:23:29 - [WARNING] Suspicious activity detected: brute_force
2025-05-04 17:29:44 - [WARNING] Suspicious activity detected: malware
2025-05-04 17:35:56 - [WARNING] Suspicious activity detected: intrusion
2025-05-04 17:38:45 - [INFO] email sent
2025-05-04 17:41:26 - [INFO] backup completed
2025-05-04 17:51:16 - [INFO] system check passed
2025-05-04 17:59:07 - [INFO] system check passed
2025-05-04 18:02:12 - [INFO] file downloaded
2025-05-04 18:06:28 - [WARNING] Suspicious activity detected: brute_force
2025-05-04 18:10:03 - [INFO] backup completed
2025-05-04 18:11:59 - [INFO] system check passed
2025-05-04 18:16:27 - [WARNING] Suspicious activity detected: brute_force
2025-05-04 18:18:12 - [INFO] system check passed
2025-05-04 18:29:56 - [WARNING] Suspicious activity detected: ip_blocked
2025-05-04 18:33:07 - [WARNING] Suspicious activity detected: malware
2025-05-04 18:33:11 - [INFO] config updated
2025-05-04 18:44:43 - [INFO] file uploaded
2025-05-04 18:59:15 - [WARNING] Suspicious activity detected: brute_force
2025-05-04 19:02:22 - [WARNING] Suspicious activity detected: malware
2025-05-04 19:06:11 - [INFO] system check passed
2025-05-04 19:06:43 - [INFO] email sent
2025-05-04 19:09:10 - [WARNING] Suspicious activity detected: malware
2025-05-04 19:17:57 - [WARNING] Suspicious activity detected: brute_force
2025-05-04 19:21:57 - [WARNING] Suspicious activity detected: sql_injection
2025-05-04 19:28:58 - [WARNING] Suspicious activity detected: unauthorized_access
2025-05-04 19:30:06 - [INFO] backup completed
2025-05-04 19:30:17 - [INFO] config updated
2025-05-04 19:40:58 - [INFO] user login
2025-05-04 20:03:42 - [WARNING] Suspicious activity detected: ip_blocked
2025-05-04 20:17:17 - [WARNING] Suspicious activity detected: unauthorized_access
2025-05-04 20:40:46 - [WARNING] Suspicious activity detected: sql_injection
2025-05-04 20:41:14 - [INFO] config updated
2025-05-04 20:41:41 - [WARNING] Suspicious activity detected: brute_force
2025-05-04 20:46:55 - [WARNING] Suspicious activity detected: brute_force
2025-05-04 20:48:01 - [WARNING] Suspicious activity detected: intrusion
2025-05-04 20:53:38 - [WARNING] Suspicious activity detected: ddos
2025-05-04 21:01:05 - [WARNING] Suspicious activity detected: unauthorized_access
2025-05-04 21:03:00 - [INFO] file uploaded
2025-05-04 21:15:36 - [INFO] file downloaded
2025-05-04 21:28:59 - [INFO] email sent
2025-05-04 21:37:14 - [INFO] system check passed
2025-05-04 21:39:54 - [WARNING] Suspicious activity detected: ip_blocked
2025-05-04 21:41:59 - [INFO] config updated
2025-05-04 21:42:01 - [WARNING] Suspicious activity detected: sql_injection
2025-05-04 21:44:37 - [INFO] user login
2025-05-04 21:46:09 - [INFO] system check passed
2025-05-04 21:56:31 - [WARNING] Suspicious activity detected: port_scan
2025-05-04 21:58:46 - [INFO] file downloaded
2025-05-04 22:00:46 - [INFO] backup completed
2025-05-04 22:01:25 - [INFO] file uploaded
2025-05-04 22:02:45 - [INFO] file downloaded
2025-05-04 22:05:03 - [INFO] system check passed
2025-05-04 22:23:04 - [INFO] config updated
2025-05-04 22:27:25 - [INFO] file downloaded
2025-05-04 22:40:40 - [WARNING] Suspicious activity detected: unauthorized_access
2025-05-04 22:51:03 - [INFO] email sent
2025-05-04 22:52:37 - [WARNING] Suspicious activity detected: malware
2025-05-04 22:53:45 - [INFO] email sent
2025-05-04 22:57:11 - [WARNING] Suspicious activity detected: port_scan
2025-05-04 23:03:05 - [WARNING] Suspicious activity detected: brute_force
2025-05-04 23:17:55 - [INFO] email sent
2025-05-04 23:29:12 - [INFO] user login
2025-05-04 23:32:41 - [INFO] file downloaded
2025-05-04 23:37:57 - [INFO] config updated
2025-05-04 23:55:52 - [INFO] file uploaded
2025-05-04 23:57:31 - [INFO] backup completed