2025-02-11 00:04:23 - [INFO] file uploaded
2025-02-11 00:08:12 - [INFO] file downloaded
2025-02-11 00:19:07 - [WARNING] Suspicious activity detected: ddos
2025-02-11 00:19:15 - [WARNING] Suspicious activity detected: malware
2025-02-11 00:20:14 - [INFO] system check passed
2025-02-11 00:23:02 - [INFO] file uploaded
2025-02-11 00:24:26 - [WARNING] Suspicious activity detected: unauthorized_access
2025-02-11 00:28:00 - [INFO] file downloaded
2025-02-11 00:37:15 - [INFO] backup completed
2025-02-11 00:40:35 - [INFO] user login
2025-02-11 00:42:28 - [INFO] system check passed
2025-02-11 00:45:19 - [INFO] file downloaded
2025-02-11 00:48:15 - [INFO] system check passed
2025-02-11 01:08:55 - [INFO] email sent
2025-02-11 01:09:44 - [WARNING] Suspicious activity detected: ip_blocked
2025-02-11 01:20:18 - [INFO] config updated
2025-02-11 01:21:10 - [INFO] backup completed
2025-02-11 01:23:08 - [INFO] file uploaded
2025-02-11 01:25:15 - [INFO] user login
2025-02-11 01:33:11 - [WARNING] Suspicious activity detected: ddos
2025-02-11 01:38:10 - [INFO] user login
2025-02-11 01:55:18 - [WARNING] Suspicious activity detected: port_scan
2025-02-11 02:12:43 - [INFO] backup completed
2025-02-11 02:17:22 - [WARNING] Suspicious activity detected: unauthorized_access
2025-02-11 02:18:19 - [WARNING] Suspicious activity detected: brute_force
2025-02-11 02:23:32 - [INFO] file downloaded
2025-02-11 02:27:31 - [INFO] backup completed
2025-02-11 02:28:48 - [INFO] user login
2025-02-11 02:29:59 - [WARNING] Suspicious activity detected: unauthorized_access
2025-02-11 02:30:42 - [WARNING] Suspicious activity detected: ip_blocked
2025-02-11 02:30:44 - [WARNING] Suspicious activity detected: ddos
2025-02-11 02:35:50 - [INFO] file downloaded
2025-02-11 02:41:40 - [INFO] email sent
2025-02-11 02:48:36 - [WARNING] Suspicious activity detected: sql_injection
2025-02-11 02:51:34 - [INFO] user login
2025-02-11 02:59:56 - [WARNING] Suspicious activity detected: brute_force
2025-02-11 03:06:21 - [INFO] system check passed
2025-02-11 03:07:38 - [INFO] config updated
2025-02-11 03:10:03 - [INFO] backup completed
2025-02-11 03:20:27 - [INFO] user login
2025-02-11 03:36:41 - [INFO] backup completed
2025-02-11 03:59:33 - [WARNING] Suspicious activity detected: unauthorized_access
2025-02-11 04:02:37 - [WARNING] Suspicious activity detected: unauthorized_access
2025-02-11 04:07:31 - [INFO] system check passed
2025-02-11 04:19:34 - [INFO] email sent
2025-02-11 04:23:08 - [INFO] user login
2025-02-11 04:49:14 - [WARNING] Suspicious activity detected: ip_blocked
2025-02-11 04:51:24 - [INFO] email sent
2025-02-11 04:55:26 - [INFO] file uploaded
2025-02-11 04:58:36 - [WARNING] Suspicious activity detected: brute_force
2025-02-11 04:58:40 - [INFO] file uploaded
2025-02-11 05:12:57 - [WARNING] Suspicious activity detected: ip_blocked
2025-02-11 05:15:47 - [INFO] config updated
2025-02-11 05:25:02 - [INFO] user login
2025-02-11 05:26:36 - [WARNING] Suspicious activity detected: sql_injection
2025-02-11 06:13:29 - [WARNING] Suspicious activity detected: brute_force
2025-02-11 06:16:02 - [INFO] system check passed
2025-02-11 06:18:56 - [INFO] backup completed
2025-02-11 06:19:07 - [WARNING] Suspicious activity detected: brute_force
2025-02-11 06:19:46 - [WARNING] Suspicious activity detected: sql_injection
2025-02-11 06:20:48 - [WARNING] Suspicious activity detected: intrusion
2025-02-11 06:33:51 - [WARNING] Suspicious activity detected: intrusion
2025-02-11 06:37:02 - [INFO] system check passed
2025-02-11 06:38:29 - [INFO] file downloaded
2025-02-11 07:20:44 - [INFO] backup completed
2025-02-11 07:36:17 - [INFO] email sent
2025-02-11 07:37:20 - [INFO] file downloaded
2025-02-11 07:38:42 - [INFO] user login
2025-02-11 07:40:59 - [WARNING] Suspicious activity detected: brute_force
2025-02-11 07:43:46 - [INFO] config updated
2025-02-11 07:54:00 - [INFO] backup completed
2025-02-11 08:18:30 - [INFO] config updated
2025-02-11 08:19:04 - [INFO] file uploaded
2025-02-11 08:31:27 - [WARNING] Suspicious activity detected: brute_force
2025-02-11 08:33:11 - [WARNING] Suspicious activity detected: brute_force
2025-02-11 08:35:21 - [INFO] system check passed
2025-02-11 08:40:37 - [INFO] file uploaded
2025-02-11 08:40:44 - [INFO] config updated
2025-02-11 08:53:00 - [INFO] system check passed
2025-02-11 08:54:01 - [INFO] system check passed
2025-02-11 09:07:34 - [INFO] file downloaded
2025-02-11 09:10:47 - [WARNING] Suspicious activity detected: sql_injection
2025-02-11 09:24:47 - [INFO] user login
2025-02-11 09:42:20 - [INFO] file downloaded
2025-02-11 09:44:27 - [INFO] config updated
2025-02-11 09:47:41 - [WARNING] Suspicious activity detected: ddos
2025-02-11 09:48:21 - [INFO] email sent
2025-02-11 09:54:19 - [WARNING] Suspicious activity detected: malware
2025-02-11 09:55:14 - [INFO] user login
2025-02-11 09:58:00 - [WARNING] Suspicious activity detected: ip_blocked
2025-02-11 09:59:21 - [INFO] file uploaded
2025-02-11 10:04:49 - [WARNING] Suspicious activity detected: port_scan
2025-02-11 10:05:57 - [INFO] email sent
2025-02-11 10:09:57 - [WARNING] Suspicious activity detected: intrusion
2025-02-11 10:10:38 - [INFO] config updated
2025-02-11 10:12:38 - [WARNING] Suspicious activity detected: ddos
2025-02-11 10:14:04 - [WARNING] Suspicious activity detected: ddos
2025-02-11 10:53:14 - [WARNING] Suspicious activity detected: brute_force
2025-02-11 11:03:14 - [WARNING] Suspicious activity detected: unauthorized_access
2025-02-11 11:14:00 - [INFO] file uploaded
2025-02-11 11:31:52 - [INFO] system check passed
2025-02-11 11:33:28 - [INFO] system check passed
2025-02-11 11:36:29 - [INFO] config updated
2025-02-11 11:40:22 - [INFO] system check passed
2025-02-11 11:58:49 - [WARNING] Suspicious activity detected: unauthorized_access
2025-02-11 11:58:52 - [INFO] email sent
2025-02-11 12:00:01 - [WARNING] Suspicious activity detected: brute_force
2025-02-11 12:02:18 - [INFO] email sent
2025-02-11 12:03:41 - [INFO] email sent
2025-02-11 12:06:00 - [WARNING] Suspicious activity detected: brute_force
2025-02-11 12:09:53 - [WARNING] Suspicious activity detected: port_scan
2025-02-11 12:10:55 - [INFO] file uploaded
2025-02-11 12:15:11 - [INFO] config updated
2025-02-11 12:25:15 - [INFO] email sent
2025-02-11 12:27:47 - [INFO] file downloaded
2025-02-11 12:35:00 - [INFO] file downloaded
2025-02-11 12:35:32 - [WARNING] Suspicious activity detected: intrusion
2025-02-11 12:39:37 - [WARNING] Suspicious activity detected: sql_injection
2025-02-11 12:49:10 - [INFO] backup completed
2025-02-11 13:06:51 - [INFO] email sent
2025-02-11 13:08:12 - [INFO] user login
2025-02-11 13:21:24 - [INFO] user login
2025-02-11 13:24:00 - [INFO] file uploaded
2025-02-11 13:31:02 - [INFO] system check passed
2025-02-11 13:38:51 - [WARNING] Suspicious activity detected: port_scan
2025-02-11 13:57:58 - [INFO] email sent
2025-02-11 14:00:13 - [INFO] email sent
2025-02-11 14:16:17 - [INFO] config updated
2025-02-11 14:18:35 - [WARNING] Suspicious activity detected: brute_force
2025-02-11 14:36:16 - [INFO] user login
2025-02-11 14:37:03 - [INFO] file downloaded
2025-02-11 14:39:26 - [WARNING] Suspicious activity detected: unauthorized_access
2025-02-11 14:47:34 - [WARNING] Suspicious activity detected: unauthorized_access
2025-02-11 14:55:40 - [INFO] file uploaded
2025-02-11 15:00:03 - [INFO] file downloaded
2025-02-11 15:03:20 - [INFO] config updated
2025-02-11 15:16:07 - [WARNING] Suspicious activity detected: sql_injection
2025-02-11 15:17:23 - [INFO] config updated
2025-02-11 15:31:31 - [WARNING] Suspicious activity detected: ddos
2025-02-11 15:40:02 - [WARNING] Suspicious activity detected: ip_blocked
2025-02-11 15:42:39 - [WARNING] Suspicious activity detected: ip_blocked
2025-02-11 15:43:00 - [INFO] email sent
2025-02-11 15:51:24 - [INFO] email sent
2025-02-11 15:54:30 - [INFO] backup completed
2025-02-11 16:00:22 - [INFO] file downloaded
2025-02-11 16:05:07 - [INFO] system check passed
2025-02-11 16:23:58 - [INFO] backup completed
2025-02-11 16:25:03 - [INFO] file downloaded
2025-02-11 16:40:36 - [INFO] system check passed
2025-02-11 16:55:51 - [WARNING] Suspicious activity detected: malware
2025-02-11 16:57:03 - [INFO] backup completed
2025-02-11 17:00:09 - [INFO] email sent
2025-02-11 17:08:56 - [WARNING] Suspicious activity detected: brute_force
2025-02-11 17:15:12 - [INFO] file downloaded
2025-02-11 17:19:01 - [INFO] file uploaded
2025-02-11 17:35:25 - [INFO] config updated
2025-02-11 17:37:07 - [INFO] user login
2025-02-11 17:38:18 - [INFO] config updated
2025-02-11 17:43:57 - [INFO] config updated
2025-02-11 17:47:05 - [INFO] config updated
2025-02-11 18:04:08 - [WARNING] Suspicious activity detected: ip_blocked
2025-02-11 18:12:33 - [WARNING] Suspicious activity detected: intrusion
2025-02-11 18:19:36 - [WARNING] Suspicious activity detected: intrusion
2025-02-11 18:21:30 - [WARNING] Suspicious activity detected: sql_injection
2025-02-11 18:24:59 - [INFO] user login
2025-02-11 18:58:47 - [WARNING] Suspicious activity detected: ddos
2025-02-11 18:59:31 - [WARNING] Suspicious activity detected: unauthorized_access
2025-02-11 19:05:09 - [WARNING] Suspicious activity detected: sql_injection
2025-02-11 19:13:55 - [INFO] file uploaded
2025-02-11 19:16:21 - [INFO] file uploaded
2025-02-11 19:16:35 - [WARNING] Suspicious activity detected: unauthorized_access
2025-02-11 19:23:14 - [INFO] backup completed
2025-02-11 19:25:42 - [INFO] file downloaded
2025-02-11 19:33:24 - [WARNING] Suspicious activity detected: sql_injection
2025-02-11 19:33:26 - [WARNING] Suspicious activity detected: malware
2025-02-11 19:36:21 - [INFO] config updated
2025-02-11 19:45:34 - [INFO] email sent
2025-02-11 19:45:41 - [WARNING] Suspicious activity detected: sql_injection
2025-02-11 19:47:53 - [WARNING] Suspicious activity detected: port_scan
2025-02-11 19:50:43 - [INFO] file downloaded
2025-02-11 19:52:15 - [WARNING] Suspicious activity detected: port_scan
2025-02-11 20:06:36 - [INFO] file uploaded
2025-02-11 20:10:04 - [WARNING] Suspicious activity detected: intrusion
2025-02-11 20:20:53 - [WARNING] Suspicious activity detected: unauthorized_access
2025-02-11 20:42:35 - [INFO] email sent
2025-02-11 20:42:44 - [WARNING] Suspicious activity detected: intrusion
2025-02-11 20:54:23 - [WARNING] Suspicious activity detected: unauthorized_access
2025-02-11 20:58:46 - [WARNING] Suspicious activity detected: malware
2025-02-11 21:00:04 - [INFO] email sent
2025-02-11 21:10:55 - [WARNING] Suspicious activity detected: ip_blocked
2025-02-11 21:13:37 - [INFO] email sent
2025-02-11 21:29:03 - [INFO] backup completed
2025-02-11 21:43:10 - [INFO] file uploaded
2025-02-11 21:45:07 - [INFO] system check passed
2025-02-11 21:51:20 - [INFO] config updated
2025-02-11 21:57:11 - [WARNING] Suspicious activity detected: sql_injection
2025-02-11 22:12:49 - [INFO] email sent
2025-02-11 22:24:16 - [INFO] config updated
2025-02-11 22:25:37 - [INFO] file uploaded
2025-02-11 22:31:28 - [WARNING] Suspicious activity detected: sql_injection
2025-02-11 22:34:09 - [INFO] file uploaded
2025-02-11 22:35:38 - [INFO] email sent
2025-02-11 22:38:31 - [INFO] file downloaded
2025-02-11 22:39:05 - [INFO] system check passed
2025-02-11 22:50:03 - [INFO] backup completed
2025-02-11 22:53:30 - [WARNING] Suspicious activity detected: unauthorized_access
2025-02-11 23:03:16 - [WARNING] Suspicious activity detected: sql_injection
2025-02-11 23:05:34 - [INFO] file downloaded
2025-02-11 23:05:48 - [INFO] config updated
2025-02-11 23:15:21 - [INFO] config updated
2025-02-11 23:15:40 - [INFO] user login
2025-02-11 23:23:13 - [INFO] user login
2025-02-11 23:24:04 - [INFO] config updated
2025-02-11 23:29:07 - [INFO] system check passed
2025-02-11 23:33:56 - [INFO] config updated
2025-02-11 23:38:35 - [INFO] email sent
2025-02-11 23:46:02 - [INFO] file uploaded
2025-02-11 23:51:06 - [INFO] file downloaded
2025-02-11 23:52:44 - [INFO] config updated