2025-02-24 00:00:21 - [INFO] file uploaded
2025-02-24 00:03:43 - [INFO] email sent
2025-02-24 00:05:36 - [INFO] system check passed
2025-02-24 00:11:43 - [INFO] file uploaded
2025-02-24 00:23:24 - [INFO] file downloaded
2025-02-24 00:28:00 - [INFO] backup completed
2025-02-24 00:28:47 - [INFO] email sent
2025-02-24 00:30:05 - [INFO] file uploaded
2025-02-24 00:41:27 - [INFO] backup completed
2025-02-24 00:43:58 - [WARNING] Suspicious activity detected: intrusion
2025-02-24 00:45:19 - [WARNING] Suspicious activity detected: ip_blocked
2025-02-24 00:53:26 - [INFO] file downloaded
2025-02-24 00:54:21 - [INFO] file uploaded
2025-02-24 01:00:58 - [WARNING] Suspicious activity detected: ddos
2025-02-24 01:01:33 - [INFO] file uploaded
2025-02-24 01:09:22 - [INFO] config updated
2025-02-24 01:18:14 - [INFO] file uploaded
2025-02-24 01:20:04 - [INFO] user login
2025-02-24 01:20:47 - [WARNING] Suspicious activity detected: ip_blocked
2025-02-24 01:25:12 - [INFO] file uploaded
2025-02-24 01:26:07 - [WARNING] Suspicious activity detected: intrusion
2025-02-24 01:28:41 - [WARNING] Suspicious activity detected: port_scan
2025-02-24 01:30:52 - [INFO] file downloaded
2025-02-24 01:37:15 - [WARNING] Suspicious activity detected: ip_blocked
2025-02-24 01:52:06 - [INFO] email sent
2025-02-24 01:57:35 - [INFO] file uploaded
2025-02-24 01:58:09 - [WARNING] Suspicious activity detected: brute_force
2025-02-24 01:59:53 - [INFO] system check passed
2025-02-24 02:09:29 - [INFO] system check passed
2025-02-24 02:10:26 - [INFO] system check passed
2025-02-24 02:21:43 - [INFO] user login
2025-02-24 02:24:00 - [WARNING] Suspicious activity detected: ip_blocked
2025-02-24 02:35:41 - [INFO] file uploaded
2025-02-24 02:39:35 - [INFO] config updated
2025-02-24 02:44:53 - [INFO] config updated
2025-02-24 02:47:38 - [INFO] file uploaded
2025-02-24 02:51:56 - [WARNING] Suspicious activity detected: malware
2025-02-24 03:18:39 - [WARNING] Suspicious activity detected: intrusion
2025-02-24 03:24:11 - [INFO] config updated
2025-02-24 03:30:00 - [INFO] config updated
2025-02-24 03:35:36 - [INFO] file uploaded
2025-02-24 03:43:12 - [WARNING] Suspicious activity detected: intrusion
2025-02-24 03:53:34 - [WARNING] Suspicious activity detected: unauthorized_access
2025-02-24 03:56:22 - [WARNING] Suspicious activity detected: sql_injection
2025-02-24 03:57:09 - [INFO] file uploaded
2025-02-24 04:03:36 - [INFO] email sent
2025-02-24 04:11:38 - [WARNING] Suspicious activity detected: ddos
2025-02-24 04:16:38 - [WARNING] Suspicious activity detected: brute_force
2025-02-24 04:26:13 - [INFO] config updated
2025-02-24 04:30:43 - [INFO] config updated
2025-02-24 04:32:14 - [INFO] config updated
2025-02-24 04:32:23 - [WARNING] Suspicious activity detected: unauthorized_access
2025-02-24 04:34:19 - [INFO] file uploaded
2025-02-24 04:35:21 - [WARNING] Suspicious activity detected: brute_force
2025-02-24 04:35:43 - [INFO] file downloaded
2025-02-24 04:42:32 - [WARNING] Suspicious activity detected: ddos
2025-02-24 04:47:56 - [INFO] file downloaded
2025-02-24 04:57:25 - [INFO] config updated
2025-02-24 04:58:34 - [INFO] config updated
2025-02-24 04:59:52 - [WARNING] Suspicious activity detected: unauthorized_access
2025-02-24 05:02:03 - [INFO] file uploaded
2025-02-24 05:07:49 - [WARNING] Suspicious activity detected: ddos
2025-02-24 05:29:49 - [INFO] user login
2025-02-24 05:44:42 - [INFO] system check passed
2025-02-24 05:48:48 - [INFO] file downloaded
2025-02-24 05:57:35 - [INFO] file uploaded
2025-02-24 05:58:26 - [INFO] user login
2025-02-24 06:08:08 - [WARNING] Suspicious activity detected: ddos
2025-02-24 06:12:45 - [WARNING] Suspicious activity detected: ip_blocked
2025-02-24 06:14:41 - [INFO] file uploaded
2025-02-24 06:19:43 - [WARNING] Suspicious activity detected: brute_force
2025-02-24 06:24:45 - [WARNING] Suspicious activity detected: unauthorized_access
2025-02-24 06:28:35 - [INFO] email sent
2025-02-24 07:13:33 - [WARNING] Suspicious activity detected: intrusion
2025-02-24 07:20:44 - [WARNING] Suspicious activity detected: ip_blocked
2025-02-24 07:21:37 - [WARNING] Suspicious activity detected: ddos
2025-02-24 07:23:43 - [INFO] config updated
2025-02-24 07:36:29 - [WARNING] Suspicious activity detected: unauthorized_access
2025-02-24 07:37:47 - [INFO] config updated
2025-02-24 07:41:45 - [INFO] config updated
2025-02-24 08:04:12 - [WARNING] Suspicious activity detected: unauthorized_access
2025-02-24 08:05:53 - [INFO] email sent
2025-02-24 08:20:29 - [WARNING] Suspicious activity detected: malware
2025-02-24 08:20:49 - [WARNING] Suspicious activity detected: port_scan
2025-02-24 08:23:23 - [INFO] file downloaded
2025-02-24 08:24:57 - [WARNING] Suspicious activity detected: port_scan
2025-02-24 08:26:45 - [INFO] email sent
2025-02-24 08:28:09 - [INFO] config updated
2025-02-24 08:29:27 - [WARNING] Suspicious activity detected: port_scan
2025-02-24 08:30:31 - [WARNING] Suspicious activity detected: port_scan
2025-02-24 08:35:01 - [INFO] system check passed
2025-02-24 08:43:52 - [INFO] email sent
2025-02-24 09:00:15 - [WARNING] Suspicious activity detected: ddos
2025-02-24 09:16:59 - [WARNING] Suspicious activity detected: ip_blocked
2025-02-24 09:17:07 - [WARNING] Suspicious activity detected: brute_force
2025-02-24 09:26:05 - [INFO] config updated
2025-02-24 09:26:35 - [INFO] config updated
2025-02-24 09:27:50 - [WARNING] Suspicious activity detected: ip_blocked
2025-02-24 09:36:30 - [INFO] file uploaded
2025-02-24 09:39:02 - [INFO] email sent
2025-02-24 09:41:14 - [WARNING] Suspicious activity detected: malware
2025-02-24 10:11:23 - [INFO] email sent
2025-02-24 10:12:10 - [WARNING] Suspicious activity detected: intrusion
2025-02-24 10:18:39 - [INFO] system check passed
2025-02-24 10:23:22 - [WARNING] Suspicious activity detected: intrusion
2025-02-24 10:27:00 - [INFO] email sent
2025-02-24 10:31:47 - [INFO] system check passed
2025-02-24 10:37:21 - [INFO] user login
2025-02-24 10:42:01 - [WARNING] Suspicious activity detected: brute_force
2025-02-24 11:10:02 - [INFO] email sent
2025-02-24 11:15:42 - [INFO] user login
2025-02-24 11:21:43 - [INFO] user login
2025-02-24 11:32:37 - [INFO] file downloaded
2025-02-24 11:32:54 - [WARNING] Suspicious activity detected: ip_blocked
2025-02-24 11:44:21 - [WARNING] Suspicious activity detected: malware
2025-02-24 12:06:29 - [INFO] backup completed
2025-02-24 12:06:56 - [WARNING] Suspicious activity detected: ddos
2025-02-24 12:07:49 - [INFO] file uploaded
2025-02-24 12:16:07 - [INFO] email sent
2025-02-24 12:24:19 - [INFO] email sent
2025-02-24 12:30:33 - [WARNING] Suspicious activity detected: malware
2025-02-24 12:31:55 - [INFO] user login
2025-02-24 12:33:03 - [INFO] backup completed
2025-02-24 12:36:24 - [INFO] config updated
2025-02-24 12:37:10 - [WARNING] Suspicious activity detected: sql_injection
2025-02-24 13:02:21 - [INFO] email sent
2025-02-24 13:05:09 - [INFO] system check passed
2025-02-24 13:20:30 - [INFO] email sent
2025-02-24 13:35:37 - [INFO] file downloaded
2025-02-24 13:37:37 - [WARNING] Suspicious activity detected: ip_blocked
2025-02-24 13:38:30 - [INFO] file uploaded
2025-02-24 13:56:59 - [INFO] system check passed
2025-02-24 14:00:59 - [INFO] config updated
2025-02-24 14:01:58 - [INFO] config updated
2025-02-24 14:06:40 - [WARNING] Suspicious activity detected: ip_blocked
2025-02-24 14:25:37 - [WARNING] Suspicious activity detected: sql_injection
2025-02-24 14:26:09 - [WARNING] Suspicious activity detected: intrusion
2025-02-24 14:28:47 - [INFO] file downloaded
2025-02-24 14:31:38 - [WARNING] Suspicious activity detected: port_scan
2025-02-24 14:32:48 - [WARNING] Suspicious activity detected: ddos
2025-02-24 14:41:06 - [INFO] config updated
2025-02-24 14:44:09 - [INFO] config updated
2025-02-24 14:49:55 - [INFO] user login
2025-02-24 14:51:38 - [WARNING] Suspicious activity detected: unauthorized_access
2025-02-24 14:53:22 - [WARNING] Suspicious activity detected: port_scan
2025-02-24 15:04:41 - [INFO] system check passed
2025-02-24 15:26:00 - [INFO] backup completed
2025-02-24 15:26:54 - [INFO] file uploaded
2025-02-24 15:31:49 - [INFO] system check passed
2025-02-24 15:32:34 - [WARNING] Suspicious activity detected: ddos
2025-02-24 15:37:18 - [WARNING] Suspicious activity detected: malware
2025-02-24 15:53:44 - [WARNING] Suspicious activity detected: ddos
2025-02-24 16:00:50 - [INFO] file uploaded
2025-02-24 16:12:57 - [INFO] user login
2025-02-24 16:32:38 - [INFO] email sent
2025-02-24 16:36:29 - [WARNING] Suspicious activity detected: brute_force
2025-02-24 16:41:06 - [WARNING] Suspicious activity detected: malware
2025-02-24 16:49:46 - [INFO] config updated
2025-02-24 17:03:57 - [INFO] file downloaded
2025-02-24 17:47:23 - [INFO] user login
2025-02-24 17:56:28 - [INFO] backup completed
2025-02-24 17:57:34 - [INFO] file downloaded
2025-02-24 17:57:51 - [WARNING] Suspicious activity detected: brute_force
2025-02-24 18:17:51 - [WARNING] Suspicious activity detected: intrusion
2025-02-24 18:26:28 - [WARNING] Suspicious activity detected: ip_blocked
2025-02-24 18:26:52 - [INFO] config updated
2025-02-24 18:46:38 - [INFO] user login
2025-02-24 18:51:35 - [WARNING] Suspicious activity detected: ddos
2025-02-24 18:53:23 - [INFO] config updated
2025-02-24 18:54:13 - [INFO] file downloaded
2025-02-24 18:56:55 - [WARNING] Suspicious activity detected: sql_injection
2025-02-24 18:58:24 - [INFO] backup completed
2025-02-24 19:02:27 - [INFO] config updated
2025-02-24 19:08:32 - [INFO] backup completed
2025-02-24 19:33:21 - [WARNING] Suspicious activity detected: brute_force
2025-02-24 19:51:43 - [INFO] file downloaded
2025-02-24 20:00:30 - [WARNING] Suspicious activity detected: ddos
2025-02-24 20:16:58 - [INFO] backup completed
2025-02-24 20:39:09 - [INFO] user login
2025-02-24 20:49:59 - [WARNING] Suspicious activity detected: ip_blocked
2025-02-24 21:15:48 - [INFO] config updated
2025-02-24 21:31:21 - [WARNING] Suspicious activity detected: unauthorized_access
2025-02-24 21:38:05 - [INFO] config updated
2025-02-24 21:46:23 - [WARNING] Suspicious activity detected: sql_injection
2025-02-24 21:48:59 - [INFO] config updated
2025-02-24 21:51:35 - [WARNING] Suspicious activity detected: port_scan
2025-02-24 21:52:53 - [INFO] file uploaded
2025-02-24 21:53:29 - [WARNING] Suspicious activity detected: intrusion
2025-02-24 22:15:03 - [WARNING] Suspicious activity detected: brute_force
2025-02-24 22:16:30 - [INFO] email sent
2025-02-24 22:25:01 - [WARNING] Suspicious activity detected: malware
2025-02-24 22:25:59 - [WARNING] Suspicious activity detected: brute_force
2025-02-24 22:44:38 - [INFO] file downloaded
2025-02-24 22:47:47 - [INFO] user login
2025-02-24 22:47:52 - [INFO] file uploaded
2025-02-24 22:48:37 - [WARNING] Suspicious activity detected: intrusion
2025-02-24 23:04:45 - [INFO] config updated
2025-02-24 23:07:47 - [WARNING] Suspicious activity detected: ddos
2025-02-24 23:11:00 - [INFO] file downloaded
2025-02-24 23:11:14 - [WARNING] Suspicious activity detected: port_scan
2025-02-24 23:27:08 - [WARNING] Suspicious activity detected: unauthorized_access
2025-02-24 23:28:38 - [INFO] email sent
2025-02-24 23:34:56 - [WARNING] Suspicious activity detected: ip_blocked
2025-02-24 23:45:25 - [INFO] system check passed
2025-02-24 23:53:36 - [WARNING] Suspicious activity detected: intrusion