2025-02-16 00:03:29 - [INFO] file uploaded
2025-02-16 00:09:50 - [WARNING] Suspicious activity detected: ip_blocked
2025-02-16 00:20:05 - [WARNING] Suspicious activity detected: brute_force
2025-02-16 00:28:58 - [WARNING] Suspicious activity detected: port_scan
2025-02-16 00:34:25 - [WARNING] Suspicious activity detected: brute_force
2025-02-16 00:36:44 - [INFO] config updated
2025-02-16 00:39:45 - [WARNING] Suspicious activity detected: ip_blocked
2025-02-16 00:45:38 - [INFO] file uploaded
2025-02-16 00:51:34 - [WARNING] Suspicious activity detected: intrusion
2025-02-16 00:55:22 - [INFO] config updated
2025-02-16 00:56:13 - [WARNING] Suspicious activity detected: port_scan
2025-02-16 01:03:46 - [INFO] user login
2025-02-16 01:43:08 - [INFO] config updated
2025-02-16 01:44:29 - [INFO] email sent
2025-02-16 01:48:07 - [WARNING] Suspicious activity detected: ip_blocked
2025-02-16 02:02:22 - [INFO] config updated
2025-02-16 02:08:08 - [INFO] config updated
2025-02-16 02:19:42 - [WARNING] Suspicious activity detected: unauthorized_access
2025-02-16 02:25:45 - [WARNING] Suspicious activity detected: sql_injection
2025-02-16 02:25:52 - [INFO] file downloaded
2025-02-16 02:26:08 - [INFO] file downloaded
2025-02-16 02:58:21 - [WARNING] Suspicious activity detected: brute_force
2025-02-16 03:06:46 - [INFO] file uploaded
2025-02-16 03:24:23 - [WARNING] Suspicious activity detected: unauthorized_access
2025-02-16 03:25:41 - [INFO] file uploaded
2025-02-16 03:32:31 - [INFO] email sent
2025-02-16 03:43:37 - [WARNING] Suspicious activity detected: intrusion
2025-02-16 03:48:39 - [WARNING] Suspicious activity detected: unauthorized_access
2025-02-16 03:56:48 - [WARNING] Suspicious activity detected: malware
2025-02-16 04:01:55 - [INFO] config updated
2025-02-16 04:04:03 - [WARNING] Suspicious activity detected: sql_injection
2025-02-16 04:10:59 - [WARNING] Suspicious activity detected: malware
2025-02-16 04:20:08 - [WARNING] Suspicious activity detected: intrusion
2025-02-16 04:20:21 - [INFO] system check passed
2025-02-16 04:25:22 - [WARNING] Suspicious activity detected: ddos
2025-02-16 04:37:12 - [INFO] user login
2025-02-16 04:37:55 - [INFO] file downloaded
2025-02-16 04:42:27 - [INFO] system check passed
2025-02-16 04:43:24 - [WARNING] Suspicious activity detected: ip_blocked
2025-02-16 04:51:16 - [INFO] backup completed
2025-02-16 04:54:37 - [INFO] file downloaded
2025-02-16 04:56:46 - [WARNING] Suspicious activity detected: brute_force
2025-02-16 04:58:29 - [INFO] system check passed
2025-02-16 05:11:35 - [INFO] config updated
2025-02-16 05:30:48 - [WARNING] Suspicious activity detected: unauthorized_access
2025-02-16 05:34:17 - [INFO] email sent
2025-02-16 05:36:48 - [INFO] user login
2025-02-16 05:37:10 - [INFO] file uploaded
2025-02-16 05:54:26 - [INFO] backup completed
2025-02-16 05:56:02 - [INFO] user login
2025-02-16 05:57:24 - [INFO] config updated
2025-02-16 06:00:49 - [WARNING] Suspicious activity detected: brute_force
2025-02-16 06:00:52 - [WARNING] Suspicious activity detected: ddos
2025-02-16 06:10:57 - [WARNING] Suspicious activity detected: intrusion
2025-02-16 06:18:43 - [WARNING] Suspicious activity detected: malware
2025-02-16 06:23:41 - [INFO] file downloaded
2025-02-16 06:26:59 - [INFO] file uploaded
2025-02-16 06:28:41 - [INFO] email sent
2025-02-16 06:42:47 - [INFO] backup completed
2025-02-16 06:49:29 - [WARNING] Suspicious activity detected: ddos
2025-02-16 06:51:00 - [INFO] user login
2025-02-16 06:52:09 - [WARNING] Suspicious activity detected: intrusion
2025-02-16 06:58:00 - [WARNING] Suspicious activity detected: intrusion
2025-02-16 07:03:59 - [INFO] file downloaded
2025-02-16 07:04:53 - [INFO] backup completed
2025-02-16 07:20:18 - [WARNING] Suspicious activity detected: ddos
2025-02-16 07:30:26 - [INFO] config updated
2025-02-16 07:35:59 - [INFO] user login
2025-02-16 07:39:45 - [WARNING] Suspicious activity detected: brute_force
2025-02-16 07:42:59 - [INFO] file downloaded
2025-02-16 07:48:31 - [INFO] system check passed
2025-02-16 07:54:12 - [INFO] email sent
2025-02-16 07:58:47 - [INFO] email sent
2025-02-16 08:03:46 - [INFO] email sent
2025-02-16 08:04:21 - [INFO] system check passed
2025-02-16 08:11:58 - [INFO] backup completed
2025-02-16 08:17:38 - [INFO] config updated
2025-02-16 08:19:25 - [INFO] config updated
2025-02-16 08:20:04 - [WARNING] Suspicious activity detected: ip_blocked
2025-02-16 08:23:14 - [INFO] file downloaded
2025-02-16 08:24:15 - [WARNING] Suspicious activity detected: unauthorized_access
2025-02-16 08:32:12 - [INFO] backup completed
2025-02-16 08:40:50 - [INFO] file downloaded
2025-02-16 08:49:43 - [INFO] config updated
2025-02-16 08:54:56 - [WARNING] Suspicious activity detected: sql_injection
2025-02-16 09:00:02 - [WARNING] Suspicious activity detected: brute_force
2025-02-16 09:08:06 - [INFO] system check passed
2025-02-16 09:20:51 - [INFO] user login
2025-02-16 09:25:34 - [WARNING] Suspicious activity detected: ip_blocked
2025-02-16 09:27:06 - [WARNING] Suspicious activity detected: ddos
2025-02-16 09:33:20 - [INFO] file uploaded
2025-02-16 09:35:47 - [INFO] backup completed
2025-02-16 09:37:37 - [INFO] file uploaded
2025-02-16 09:49:17 - [WARNING] Suspicious activity detected: brute_force
2025-02-16 10:01:42 - [INFO] file uploaded
2025-02-16 10:01:59 - [INFO] user login
2025-02-16 10:08:55 - [WARNING] Suspicious activity detected: ip_blocked
2025-02-16 10:14:56 - [INFO] user login
2025-02-16 10:36:34 - [INFO] user login
2025-02-16 10:38:29 - [WARNING] Suspicious activity detected: ddos
2025-02-16 10:40:00 - [INFO] user login
2025-02-16 10:46:04 - [INFO] file downloaded
2025-02-16 10:55:34 - [INFO] user login
2025-02-16 10:57:26 - [INFO] backup completed
2025-02-16 11:01:48 - [INFO] config updated
2025-02-16 11:09:11 - [INFO] file uploaded
2025-02-16 11:15:30 - [INFO] backup completed
2025-02-16 11:31:57 - [WARNING] Suspicious activity detected: port_scan
2025-02-16 11:40:29 - [INFO] user login
2025-02-16 11:41:01 - [INFO] backup completed
2025-02-16 11:46:02 - [INFO] system check passed
2025-02-16 11:47:34 - [INFO] user login
2025-02-16 11:47:42 - [WARNING] Suspicious activity detected: intrusion
2025-02-16 11:49:25 - [WARNING] Suspicious activity detected: unauthorized_access
2025-02-16 11:54:55 - [INFO] backup completed
2025-02-16 11:59:55 - [INFO] system check passed
2025-02-16 12:21:30 - [INFO] system check passed
2025-02-16 12:22:51 - [INFO] user login
2025-02-16 12:41:27 - [INFO] system check passed
2025-02-16 12:42:41 - [INFO] system check passed
2025-02-16 12:55:57 - [INFO] file uploaded
2025-02-16 13:00:01 - [WARNING] Suspicious activity detected: brute_force
2025-02-16 13:20:38 - [INFO] backup completed
2025-02-16 13:23:09 - [WARNING] Suspicious activity detected: sql_injection
2025-02-16 13:25:10 - [INFO] system check passed
2025-02-16 13:27:05 - [INFO] file uploaded
2025-02-16 13:27:27 - [INFO] email sent
2025-02-16 13:34:33 - [INFO] config updated
2025-02-16 13:37:35 - [WARNING] Suspicious activity detected: ddos
2025-02-16 14:01:23 - [WARNING] Suspicious activity detected: malware
2025-02-16 14:06:57 - [INFO] backup completed
2025-02-16 14:10:46 - [INFO] backup completed
2025-02-16 14:26:18 - [WARNING] Suspicious activity detected: brute_force
2025-02-16 14:30:23 - [INFO] system check passed
2025-02-16 14:58:47 - [WARNING] Suspicious activity detected: port_scan
2025-02-16 15:00:59 - [INFO] system check passed
2025-02-16 15:13:27 - [INFO] email sent
2025-02-16 15:13:56 - [WARNING] Suspicious activity detected: brute_force
2025-02-16 15:24:18 - [INFO] user login
2025-02-16 15:27:30 - [INFO] config updated
2025-02-16 15:30:29 - [INFO] file uploaded
2025-02-16 15:40:12 - [INFO] user login
2025-02-16 15:42:15 - [WARNING] Suspicious activity detected: unauthorized_access
2025-02-16 15:44:08 - [WARNING] Suspicious activity detected: unauthorized_access
2025-02-16 15:50:30 - [WARNING] Suspicious activity detected: intrusion
2025-02-16 15:50:40 - [WARNING] Suspicious activity detected: port_scan
2025-02-16 16:27:02 - [INFO] user login
2025-02-16 16:53:44 - [INFO] system check passed
2025-02-16 16:54:15 - [WARNING] Suspicious activity detected: ddos
2025-02-16 17:02:11 - [INFO] system check passed
2025-02-16 17:06:19 - [INFO] file uploaded
2025-02-16 17:13:43 - [INFO] backup completed
2025-02-16 17:22:07 - [INFO] file downloaded
2025-02-16 17:28:33 - [INFO] user login
2025-02-16 17:34:28 - [INFO] user login
2025-02-16 17:38:00 - [INFO] email sent
2025-02-16 17:42:52 - [INFO] email sent
2025-02-16 17:49:21 - [WARNING] Suspicious activity detected: malware
2025-02-16 17:53:12 - [INFO] system check passed
2025-02-16 17:53:56 - [INFO] email sent
2025-02-16 17:55:45 - [WARNING] Suspicious activity detected: sql_injection
2025-02-16 17:57:31 - [INFO] backup completed
2025-02-16 18:03:33 - [INFO] backup completed
2025-02-16 18:04:48 - [WARNING] Suspicious activity detected: malware
2025-02-16 18:07:47 - [INFO] file downloaded
2025-02-16 18:12:36 - [INFO] user login
2025-02-16 18:19:49 - [INFO] email sent
2025-02-16 18:25:30 - [WARNING] Suspicious activity detected: port_scan
2025-02-16 19:11:06 - [WARNING] Suspicious activity detected: malware
2025-02-16 19:13:52 - [INFO] user login
2025-02-16 19:18:15 - [INFO] file uploaded
2025-02-16 19:23:57 - [INFO] email sent
2025-02-16 19:27:31 - [INFO] file uploaded
2025-02-16 19:28:39 - [INFO] system check passed
2025-02-16 19:35:13 - [INFO] config updated
2025-02-16 19:37:15 - [INFO] user login
2025-02-16 19:39:46 - [WARNING] Suspicious activity detected: unauthorized_access
2025-02-16 19:43:57 - [INFO] config updated
2025-02-16 19:45:48 - [INFO] backup completed
2025-02-16 19:48:11 - [INFO] system check passed
2025-02-16 19:48:12 - [INFO] system check passed
2025-02-16 20:01:32 - [INFO] backup completed
2025-02-16 20:02:31 - [INFO] file downloaded
2025-02-16 20:07:53 - [INFO] file downloaded
2025-02-16 20:10:29 - [INFO] email sent
2025-02-16 20:11:33 - [INFO] email sent
2025-02-16 20:14:21 - [INFO] config updated
2025-02-16 20:14:41 - [INFO] user login
2025-02-16 20:16:19 - [INFO] file uploaded
2025-02-16 20:23:49 - [INFO] user login
2025-02-16 20:24:54 - [WARNING] Suspicious activity detected: malware
2025-02-16 20:26:49 - [INFO] backup completed
2025-02-16 20:27:33 - [INFO] user login
2025-02-16 20:29:48 - [WARNING] Suspicious activity detected: ddos
2025-02-16 20:32:25 - [INFO] backup completed
2025-02-16 20:32:58 - [WARNING] Suspicious activity detected: unauthorized_access
2025-02-16 20:35:01 - [INFO] email sent
2025-02-16 20:35:27 - [INFO] config updated
2025-02-16 20:58:13 - [INFO] email sent
2025-02-16 21:03:39 - [INFO] config updated
2025-02-16 21:16:54 - [WARNING] Suspicious activity detected: intrusion
2025-02-16 21:22:01 - [INFO] user login
2025-02-16 21:33:34 - [INFO] backup completed
2025-02-16 21:40:43 - [INFO] user login
2025-02-16 21:43:14 - [INFO] backup completed
2025-02-16 21:49:58 - [INFO] email sent
2025-02-16 21:53:15 - [WARNING] Suspicious activity detected: sql_injection
2025-02-16 22:05:51 - [INFO] config updated
2025-02-16 22:11:08 - [WARNING] Suspicious activity detected: port_scan
2025-02-16 22:14:40 - [INFO] email sent
2025-02-16 22:16:49 - [INFO] email sent
2025-02-16 22:27:08 - [INFO] file downloaded
2025-02-16 22:40:00 - [INFO] file downloaded
2025-02-16 22:42:28 - [WARNING] Suspicious activity detected: intrusion
2025-02-16 22:46:12 - [INFO] file uploaded
2025-02-16 22:51:20 - [INFO] email sent
2025-02-16 22:51:36 - [INFO] email sent
2025-02-16 22:54:17 - [WARNING] Suspicious activity detected: sql_injection
2025-02-16 22:56:47 - [WARNING] Suspicious activity detected: sql_injection
2025-02-16 22:59:18 - [INFO] user login
2025-02-16 23:00:51 - [INFO] file downloaded
2025-02-16 23:03:56 - [INFO] config updated
2025-02-16 23:06:25 - [INFO] backup completed
2025-02-16 23:15:00 - [INFO] backup completed
2025-02-16 23:27:38 - [INFO] config updated
2025-02-16 23:31:42 - [WARNING] Suspicious activity detected: sql_injection
2025-02-16 23:40:18 - [INFO] user login
2025-02-16 23:41:25 - [INFO] backup completed
2025-02-16 23:44:06 - [WARNING] Suspicious activity detected: brute_force
2025-02-16 23:45:03 - [WARNING] Suspicious activity detected: sql_injection