2025-04-22 00:06:05 - [INFO] file uploaded
2025-04-22 00:17:08 - [WARNING] Suspicious activity detected: brute_force
2025-04-22 00:31:46 - [WARNING] Suspicious activity detected: sql_injection
2025-04-22 00:35:47 - [INFO] email sent
2025-04-22 00:47:29 - [WARNING] Suspicious activity detected: malware
2025-04-22 01:07:58 - [INFO] file uploaded
2025-04-22 01:11:23 - [INFO] config updated
2025-04-22 01:11:44 - [WARNING] Suspicious activity detected: unauthorized_access
2025-04-22 01:14:46 - [INFO] user login
2025-04-22 01:19:14 - [INFO] system check passed
2025-04-22 01:24:45 - [INFO] config updated
2025-04-22 01:30:52 - [INFO] file uploaded
2025-04-22 01:33:40 - [WARNING] Suspicious activity detected: brute_force
2025-04-22 01:37:16 - [INFO] email sent
2025-04-22 01:45:21 - [INFO] email sent
2025-04-22 01:56:57 - [WARNING] Suspicious activity detected: ip_blocked
2025-04-22 02:02:50 - [INFO] file uploaded
2025-04-22 02:14:07 - [INFO] backup completed
2025-04-22 02:14:37 - [INFO] email sent
2025-04-22 02:16:29 - [INFO] backup completed
2025-04-22 02:24:18 - [INFO] system check passed
2025-04-22 02:24:58 - [WARNING] Suspicious activity detected: intrusion
2025-04-22 02:26:35 - [INFO] config updated
2025-04-22 02:35:12 - [WARNING] Suspicious activity detected: sql_injection
2025-04-22 02:35:23 - [WARNING] Suspicious activity detected: brute_force
2025-04-22 02:37:18 - [INFO] user login
2025-04-22 02:41:14 - [WARNING] Suspicious activity detected: intrusion
2025-04-22 02:43:04 - [INFO] config updated
2025-04-22 02:46:28 - [WARNING] Suspicious activity detected: sql_injection
2025-04-22 02:51:53 - [INFO] config updated
2025-04-22 02:51:55 - [INFO] backup completed
2025-04-22 02:53:38 - [WARNING] Suspicious activity detected: unauthorized_access
2025-04-22 03:00:54 - [INFO] config updated
2025-04-22 03:00:57 - [INFO] system check passed
2025-04-22 03:05:48 - [WARNING] Suspicious activity detected: intrusion
2025-04-22 03:07:54 - [INFO] system check passed
2025-04-22 03:12:21 - [WARNING] Suspicious activity detected: ddos
2025-04-22 03:32:50 - [INFO] system check passed
2025-04-22 03:34:31 - [INFO] config updated
2025-04-22 03:38:33 - [INFO] system check passed
2025-04-22 03:41:42 - [INFO] backup completed
2025-04-22 03:42:29 - [WARNING] Suspicious activity detected: ip_blocked
2025-04-22 03:43:36 - [WARNING] Suspicious activity detected: ip_blocked
2025-04-22 03:45:30 - [WARNING] Suspicious activity detected: sql_injection
2025-04-22 03:45:39 - [INFO] user login
2025-04-22 03:50:27 - [INFO] file uploaded
2025-04-22 03:50:37 - [INFO] file downloaded
2025-04-22 04:09:46 - [INFO] file downloaded
2025-04-22 04:15:57 - [INFO] file uploaded
2025-04-22 04:17:30 - [INFO] system check passed
2025-04-22 04:29:54 - [INFO] user login
2025-04-22 04:36:34 - [INFO] system check passed
2025-04-22 04:51:06 - [WARNING] Suspicious activity detected: unauthorized_access
2025-04-22 05:02:44 - [INFO] user login
2025-04-22 05:05:14 - [WARNING] Suspicious activity detected: sql_injection
2025-04-22 05:10:33 - [INFO] file downloaded
2025-04-22 05:11:16 - [WARNING] Suspicious activity detected: sql_injection
2025-04-22 05:32:12 - [INFO] email sent
2025-04-22 05:34:36 - [INFO] user login
2025-04-22 05:42:12 - [INFO] system check passed
2025-04-22 05:45:29 - [INFO] email sent
2025-04-22 05:52:31 - [INFO] user login
2025-04-22 06:08:15 - [INFO] file uploaded
2025-04-22 06:09:16 - [WARNING] Suspicious activity detected: sql_injection
2025-04-22 06:15:14 - [INFO] user login
2025-04-22 06:19:19 - [WARNING] Suspicious activity detected: malware
2025-04-22 06:42:59 - [INFO] email sent
2025-04-22 06:53:11 - [INFO] user login
2025-04-22 06:55:54 - [INFO] email sent
2025-04-22 06:58:47 - [INFO] user login
2025-04-22 07:01:52 - [INFO] config updated
2025-04-22 07:11:51 - [WARNING] Suspicious activity detected: port_scan
2025-04-22 07:12:14 - [INFO] user login
2025-04-22 07:13:16 - [INFO] file downloaded
2025-04-22 07:18:41 - [INFO] file uploaded
2025-04-22 07:21:09 - [INFO] backup completed
2025-04-22 07:27:26 - [INFO] backup completed
2025-04-22 07:37:59 - [WARNING] Suspicious activity detected: sql_injection
2025-04-22 07:40:07 - [INFO] backup completed
2025-04-22 07:52:49 - [INFO] config updated
2025-04-22 08:01:45 - [WARNING] Suspicious activity detected: unauthorized_access
2025-04-22 08:01:55 - [INFO] file uploaded
2025-04-22 08:06:10 - [WARNING] Suspicious activity detected: unauthorized_access
2025-04-22 08:13:21 - [INFO] config updated
2025-04-22 08:16:34 - [INFO] config updated
2025-04-22 08:17:10 - [INFO] config updated
2025-04-22 08:20:32 - [INFO] file uploaded
2025-04-22 08:21:07 - [INFO] system check passed
2025-04-22 08:22:24 - [WARNING] Suspicious activity detected: brute_force
2025-04-22 08:26:36 - [INFO] file uploaded
2025-04-22 08:29:06 - [INFO] email sent
2025-04-22 08:31:27 - [INFO] system check passed
2025-04-22 08:44:28 - [WARNING] Suspicious activity detected: malware
2025-04-22 08:50:41 - [INFO] email sent
2025-04-22 08:53:04 - [INFO] backup completed
2025-04-22 08:54:26 - [INFO] backup completed
2025-04-22 09:00:26 - [INFO] email sent
2025-04-22 09:02:18 - [INFO] config updated
2025-04-22 09:04:24 - [INFO] file uploaded
2025-04-22 09:09:21 - [INFO] file uploaded
2025-04-22 09:09:54 - [INFO] file uploaded
2025-04-22 09:10:20 - [INFO] file uploaded
2025-04-22 09:37:29 - [INFO] backup completed
2025-04-22 09:52:31 - [INFO] file uploaded
2025-04-22 10:04:01 - [INFO] file uploaded
2025-04-22 10:15:05 - [INFO] file downloaded
2025-04-22 10:16:31 - [INFO] backup completed
2025-04-22 10:28:56 - [INFO] backup completed
2025-04-22 10:34:41 - [INFO] system check passed
2025-04-22 10:46:01 - [WARNING] Suspicious activity detected: ddos
2025-04-22 10:46:17 - [INFO] file uploaded
2025-04-22 10:51:53 - [INFO] file uploaded
2025-04-22 10:54:51 - [WARNING] Suspicious activity detected: brute_force
2025-04-22 10:58:04 - [INFO] user login
2025-04-22 11:02:15 - [INFO] backup completed
2025-04-22 11:04:32 - [WARNING] Suspicious activity detected: sql_injection
2025-04-22 11:10:30 - [WARNING] Suspicious activity detected: ddos
2025-04-22 11:15:47 - [INFO] config updated
2025-04-22 11:15:53 - [INFO] backup completed
2025-04-22 11:22:07 - [INFO] email sent
2025-04-22 11:23:46 - [INFO] file uploaded
2025-04-22 11:26:54 - [INFO] file uploaded
2025-04-22 11:27:40 - [INFO] config updated
2025-04-22 11:36:40 - [WARNING] Suspicious activity detected: sql_injection
2025-04-22 11:51:56 - [WARNING] Suspicious activity detected: ip_blocked
2025-04-22 11:57:41 - [INFO] system check passed
2025-04-22 11:58:59 - [INFO] user login
2025-04-22 12:00:48 - [WARNING] Suspicious activity detected: sql_injection
2025-04-22 12:05:02 - [WARNING] Suspicious activity detected: ddos
2025-04-22 12:19:47 - [INFO] file downloaded
2025-04-22 12:22:26 - [INFO] backup completed
2025-04-22 12:22:55 - [WARNING] Suspicious activity detected: unauthorized_access
2025-04-22 12:27:54 - [WARNING] Suspicious activity detected: unauthorized_access
2025-04-22 13:04:37 - [INFO] user login
2025-04-22 13:04:54 - [INFO] backup completed
2025-04-22 13:10:06 - [INFO] user login
2025-04-22 13:20:26 - [INFO] file downloaded
2025-04-22 13:23:36 - [WARNING] Suspicious activity detected: ip_blocked
2025-04-22 13:37:49 - [INFO] file uploaded
2025-04-22 13:42:07 - [INFO] email sent
2025-04-22 13:43:17 - [INFO] user login
2025-04-22 13:59:57 - [WARNING] Suspicious activity detected: port_scan
2025-04-22 14:03:47 - [WARNING] Suspicious activity detected: ddos
2025-04-22 14:05:39 - [INFO] user login
2025-04-22 14:07:38 - [INFO] file uploaded
2025-04-22 14:25:32 - [INFO] system check passed
2025-04-22 14:39:27 - [INFO] file downloaded
2025-04-22 14:59:29 - [INFO] user login
2025-04-22 15:03:40 - [INFO] file downloaded
2025-04-22 15:16:49 - [INFO] file downloaded
2025-04-22 15:30:50 - [INFO] file uploaded
2025-04-22 15:31:21 - [INFO] file uploaded
2025-04-22 15:42:46 - [INFO] system check passed
2025-04-22 15:52:11 - [INFO] system check passed
2025-04-22 15:52:43 - [INFO] config updated
2025-04-22 15:53:41 - [WARNING] Suspicious activity detected: sql_injection
2025-04-22 15:54:07 - [INFO] system check passed
2025-04-22 15:58:31 - [INFO] file uploaded
2025-04-22 15:59:11 - [WARNING] Suspicious activity detected: sql_injection
2025-04-22 16:00:33 - [WARNING] Suspicious activity detected: intrusion
2025-04-22 16:19:07 - [WARNING] Suspicious activity detected: brute_force
2025-04-22 16:20:54 - [INFO] file downloaded
2025-04-22 16:30:22 - [INFO] file uploaded
2025-04-22 16:30:42 - [INFO] email sent
2025-04-22 16:33:38 - [INFO] file uploaded
2025-04-22 16:34:13 - [WARNING] Suspicious activity detected: brute_force
2025-04-22 16:35:04 - [WARNING] Suspicious activity detected: malware
2025-04-22 16:35:43 - [INFO] file downloaded
2025-04-22 16:38:10 - [INFO] file uploaded
2025-04-22 16:38:37 - [INFO] config updated
2025-04-22 16:45:19 - [WARNING] Suspicious activity detected: intrusion
2025-04-22 16:48:35 - [INFO] user login
2025-04-22 16:50:23 - [INFO] file uploaded
2025-04-22 16:57:01 - [INFO] config updated
2025-04-22 17:02:50 - [INFO] file downloaded
2025-04-22 17:12:57 - [WARNING] Suspicious activity detected: malware
2025-04-22 17:13:00 - [INFO] system check passed
2025-04-22 17:13:10 - [INFO] config updated
2025-04-22 17:14:23 - [INFO] file uploaded
2025-04-22 17:26:07 - [WARNING] Suspicious activity detected: intrusion
2025-04-22 17:29:09 - [WARNING] Suspicious activity detected: unauthorized_access
2025-04-22 17:31:11 - [INFO] user login
2025-04-22 17:41:32 - [INFO] file downloaded
2025-04-22 18:00:00 - [INFO] config updated
2025-04-22 18:05:19 - [INFO] config updated
2025-04-22 18:11:20 - [WARNING] Suspicious activity detected: intrusion
2025-04-22 18:14:00 - [INFO] backup completed
2025-04-22 18:15:34 - [INFO] backup completed
2025-04-22 18:22:08 - [INFO] user login
2025-04-22 18:31:52 - [WARNING] Suspicious activity detected: unauthorized_access
2025-04-22 18:38:40 - [WARNING] Suspicious activity detected: sql_injection
2025-04-22 18:39:04 - [INFO] file uploaded
2025-04-22 18:47:58 - [INFO] config updated
2025-04-22 18:55:11 - [INFO] file uploaded
2025-04-22 18:59:24 - [WARNING] Suspicious activity detected: ddos
2025-04-22 19:00:07 - [INFO] email sent
2025-04-22 19:00:44 - [WARNING] Suspicious activity detected: malware
2025-04-22 19:01:17 - [WARNING] Suspicious activity detected: ip_blocked
2025-04-22 19:20:16 - [INFO] email sent
2025-04-22 19:23:00 - [WARNING] Suspicious activity detected: port_scan
2025-04-22 19:23:58 - [INFO] file downloaded
2025-04-22 19:31:35 - [INFO] system check passed
2025-04-22 19:36:16 - [WARNING] Suspicious activity detected: intrusion
2025-04-22 19:53:40 - [INFO] backup completed
2025-04-22 19:54:10 - [INFO] system check passed
2025-04-22 19:55:05 - [WARNING] Suspicious activity detected: ddos
2025-04-22 19:59:57 - [INFO] config updated
2025-04-22 20:12:36 - [INFO] system check passed
2025-04-22 20:17:50 - [INFO] system check passed
2025-04-22 20:21:51 - [INFO] config updated
2025-04-22 20:32:05 - [WARNING] Suspicious activity detected: unauthorized_access
2025-04-22 20:33:51 - [INFO] config updated
2025-04-22 20:35:01 - [INFO] user login
2025-04-22 20:36:26 - [INFO] config updated
2025-04-22 20:36:42 - [INFO] file uploaded
2025-04-22 20:52:06 - [INFO] email sent
2025-04-22 21:00:52 - [INFO] file uploaded
2025-04-22 21:08:52 - [INFO] backup completed
2025-04-22 21:18:06 - [INFO] file downloaded
2025-04-22 21:25:51 - [INFO] file uploaded
2025-04-22 21:28:17 - [INFO] system check passed
2025-04-22 21:30:43 - [WARNING] Suspicious activity detected: brute_force
2025-04-22 21:52:25 - [INFO] config updated
2025-04-22 21:54:37 - [WARNING] Suspicious activity detected: intrusion
2025-04-22 21:57:30 - [WARNING] Suspicious activity detected: sql_injection
2025-04-22 22:08:08 - [WARNING] Suspicious activity detected: brute_force
2025-04-22 22:17:59 - [INFO] backup completed
2025-04-22 22:21:42 - [WARNING] Suspicious activity detected: port_scan
2025-04-22 22:22:43 - [INFO] config updated
2025-04-22 22:24:18 - [INFO] backup completed
2025-04-22 22:26:37 - [INFO] file downloaded
2025-04-22 22:27:47 - [WARNING] Suspicious activity detected: port_scan
2025-04-22 22:29:40 - [INFO] config updated
2025-04-22 22:37:01 - [INFO] backup completed
2025-04-22 22:37:07 - [WARNING] Suspicious activity detected: malware
2025-04-22 22:43:17 - [WARNING] Suspicious activity detected: unauthorized_access
2025-04-22 22:56:17 - [WARNING] Suspicious activity detected: malware
2025-04-22 22:59:26 - [INFO] config updated
2025-04-22 23:01:24 - [INFO] config updated
2025-04-22 23:02:38 - [INFO] email sent
2025-04-22 23:03:04 - [INFO] system check passed
2025-04-22 23:04:24 - [WARNING] Suspicious activity detected: intrusion
2025-04-22 23:07:39 - [WARNING] Suspicious activity detected: ddos
2025-04-22 23:12:46 - [INFO] user login
2025-04-22 23:24:46 - [INFO] system check passed
2025-04-22 23:28:50 - [INFO] email sent
2025-04-22 23:38:27 - [INFO] file downloaded
2025-04-22 23:50:05 - [INFO] email sent
2025-04-22 23:58:04 - [INFO] system check passed