2025-02-03 00:03:05 - [WARNING] Suspicious activity detected: intrusion
2025-02-03 00:04:31 - [INFO] file uploaded
2025-02-03 00:10:55 - [INFO] email sent
2025-02-03 00:18:57 - [INFO] config updated
2025-02-03 00:25:31 - [INFO] email sent
2025-02-03 00:30:04 - [WARNING] Suspicious activity detected: brute_force
2025-02-03 00:39:11 - [WARNING] Suspicious activity detected: intrusion
2025-02-03 00:42:38 - [INFO] user login
2025-02-03 00:43:23 - [INFO] system check passed
2025-02-03 00:54:36 - [WARNING] Suspicious activity detected: sql_injection
2025-02-03 00:56:44 - [INFO] file uploaded
2025-02-03 00:57:05 - [INFO] config updated
2025-02-03 01:00:25 - [INFO] file downloaded
2025-02-03 01:16:05 - [INFO] file downloaded
2025-02-03 01:16:21 - [WARNING] Suspicious activity detected: brute_force
2025-02-03 01:20:27 - [WARNING] Suspicious activity detected: sql_injection
2025-02-03 01:26:31 - [INFO] system check passed
2025-02-03 01:34:59 - [INFO] file downloaded
2025-02-03 01:36:02 - [INFO] config updated
2025-02-03 01:42:06 - [INFO] system check passed
2025-02-03 01:43:44 - [INFO] file uploaded
2025-02-03 01:52:36 - [WARNING] Suspicious activity detected: sql_injection
2025-02-03 01:53:31 - [INFO] user login
2025-02-03 01:59:22 - [INFO] config updated
2025-02-03 02:00:47 - [INFO] backup completed
2025-02-03 02:06:34 - [WARNING] Suspicious activity detected: sql_injection
2025-02-03 02:07:36 - [WARNING] Suspicious activity detected: ip_blocked
2025-02-03 02:24:25 - [INFO] email sent
2025-02-03 02:24:59 - [WARNING] Suspicious activity detected: ip_blocked
2025-02-03 02:34:19 - [INFO] config updated
2025-02-03 02:43:01 - [INFO] config updated
2025-02-03 02:51:27 - [WARNING] Suspicious activity detected: ip_blocked
2025-02-03 03:05:51 - [INFO] file downloaded
2025-02-03 03:27:06 - [INFO] backup completed
2025-02-03 03:32:27 - [INFO] file uploaded
2025-02-03 03:38:43 - [INFO] user login
2025-02-03 03:52:42 - [WARNING] Suspicious activity detected: port_scan
2025-02-03 04:06:52 - [WARNING] Suspicious activity detected: ip_blocked
2025-02-03 04:08:45 - [INFO] email sent
2025-02-03 04:10:46 - [INFO] backup completed
2025-02-03 04:11:28 - [INFO] file downloaded
2025-02-03 04:14:50 - [INFO] file uploaded
2025-02-03 04:21:51 - [INFO] file downloaded
2025-02-03 04:22:49 - [WARNING] Suspicious activity detected: unauthorized_access
2025-02-03 04:27:17 - [WARNING] Suspicious activity detected: sql_injection
2025-02-03 04:29:38 - [INFO] system check passed
2025-02-03 04:32:05 - [INFO] email sent
2025-02-03 04:54:55 - [WARNING] Suspicious activity detected: ip_blocked
2025-02-03 04:56:57 - [INFO] user login
2025-02-03 05:04:16 - [INFO] email sent
2025-02-03 05:05:10 - [INFO] system check passed
2025-02-03 05:09:38 - [WARNING] Suspicious activity detected: intrusion
2025-02-03 05:13:36 - [INFO] file uploaded
2025-02-03 05:13:52 - [WARNING] Suspicious activity detected: sql_injection
2025-02-03 05:14:45 - [INFO] backup completed
2025-02-03 05:21:20 - [INFO] user login
2025-02-03 05:32:10 - [WARNING] Suspicious activity detected: ip_blocked
2025-02-03 05:35:13 - [INFO] system check passed
2025-02-03 05:40:01 - [INFO] email sent
2025-02-03 05:44:16 - [WARNING] Suspicious activity detected: intrusion
2025-02-03 05:51:32 - [INFO] file downloaded
2025-02-03 06:02:02 - [WARNING] Suspicious activity detected: intrusion
2025-02-03 06:10:40 - [INFO] file downloaded
2025-02-03 06:42:12 - [INFO] system check passed
2025-02-03 06:46:08 - [INFO] config updated
2025-02-03 07:05:08 - [WARNING] Suspicious activity detected: unauthorized_access
2025-02-03 07:06:05 - [INFO] user login
2025-02-03 07:08:42 - [INFO] file uploaded
2025-02-03 07:24:58 - [WARNING] Suspicious activity detected: malware
2025-02-03 07:30:32 - [INFO] file downloaded
2025-02-03 07:43:11 - [WARNING] Suspicious activity detected: port_scan
2025-02-03 07:50:08 - [INFO] system check passed
2025-02-03 07:51:41 - [WARNING] Suspicious activity detected: sql_injection
2025-02-03 07:52:55 - [WARNING] Suspicious activity detected: intrusion
2025-02-03 07:53:15 - [INFO] email sent
2025-02-03 07:58:23 - [INFO] config updated
2025-02-03 07:59:45 - [WARNING] Suspicious activity detected: ip_blocked
2025-02-03 08:02:49 - [INFO] config updated
2025-02-03 08:05:38 - [WARNING] Suspicious activity detected: unauthorized_access
2025-02-03 08:25:12 - [INFO] user login
2025-02-03 08:28:40 - [INFO] system check passed
2025-02-03 08:30:49 - [WARNING] Suspicious activity detected: port_scan
2025-02-03 08:31:17 - [INFO] config updated
2025-02-03 08:34:27 - [WARNING] Suspicious activity detected: brute_force
2025-02-03 08:54:55 - [WARNING] Suspicious activity detected: intrusion
2025-02-03 08:57:44 - [WARNING] Suspicious activity detected: port_scan
2025-02-03 09:10:25 - [INFO] user login
2025-02-03 09:19:37 - [INFO] config updated
2025-02-03 09:21:54 - [INFO] user login
2025-02-03 09:34:08 - [INFO] config updated
2025-02-03 09:45:05 - [WARNING] Suspicious activity detected: sql_injection
2025-02-03 09:59:34 - [WARNING] Suspicious activity detected: ddos
2025-02-03 10:02:28 - [INFO] file downloaded
2025-02-03 10:06:02 - [INFO] email sent
2025-02-03 10:07:21 - [INFO] file uploaded
2025-02-03 10:11:27 - [WARNING] Suspicious activity detected: port_scan
2025-02-03 10:21:03 - [WARNING] Suspicious activity detected: intrusion
2025-02-03 10:32:37 - [WARNING] Suspicious activity detected: port_scan
2025-02-03 10:36:47 - [INFO] email sent
2025-02-03 10:48:56 - [INFO] system check passed
2025-02-03 10:52:58 - [INFO] file downloaded
2025-02-03 10:54:36 - [INFO] backup completed
2025-02-03 10:55:58 - [WARNING] Suspicious activity detected: sql_injection
2025-02-03 10:56:03 - [INFO] email sent
2025-02-03 10:56:19 - [INFO] backup completed
2025-02-03 10:58:15 - [INFO] email sent
2025-02-03 10:59:58 - [INFO] email sent
2025-02-03 11:05:23 - [WARNING] Suspicious activity detected: unauthorized_access
2025-02-03 11:08:02 - [INFO] file uploaded
2025-02-03 11:15:00 - [INFO] config updated
2025-02-03 11:22:48 - [INFO] backup completed
2025-02-03 11:24:04 - [INFO] user login
2025-02-03 11:35:41 - [WARNING] Suspicious activity detected: brute_force
2025-02-03 11:45:12 - [INFO] user login
2025-02-03 11:55:14 - [INFO] user login
2025-02-03 12:11:18 - [INFO] user login
2025-02-03 12:20:16 - [INFO] file uploaded
2025-02-03 12:23:28 - [WARNING] Suspicious activity detected: ip_blocked
2025-02-03 12:36:27 - [INFO] backup completed
2025-02-03 12:45:28 - [INFO] email sent
2025-02-03 12:48:54 - [INFO] backup completed
2025-02-03 12:57:37 - [INFO] user login
2025-02-03 12:58:08 - [WARNING] Suspicious activity detected: brute_force
2025-02-03 13:02:32 - [INFO] system check passed
2025-02-03 13:17:03 - [WARNING] Suspicious activity detected: intrusion
2025-02-03 13:22:08 - [WARNING] Suspicious activity detected: malware
2025-02-03 13:23:36 - [INFO] system check passed
2025-02-03 13:33:03 - [WARNING] Suspicious activity detected: unauthorized_access
2025-02-03 13:44:10 - [INFO] user login
2025-02-03 13:53:43 - [INFO] user login
2025-02-03 13:53:46 - [WARNING] Suspicious activity detected: port_scan
2025-02-03 14:03:51 - [WARNING] Suspicious activity detected: malware
2025-02-03 14:23:22 - [INFO] system check passed
2025-02-03 14:29:29 - [INFO] file downloaded
2025-02-03 14:34:16 - [INFO] file uploaded
2025-02-03 14:45:12 - [INFO] backup completed
2025-02-03 14:49:32 - [INFO] email sent
2025-02-03 14:56:01 - [INFO] config updated
2025-02-03 14:57:18 - [WARNING] Suspicious activity detected: ddos
2025-02-03 14:59:17 - [WARNING] Suspicious activity detected: brute_force
2025-02-03 15:10:00 - [INFO] user login
2025-02-03 15:12:51 - [WARNING] Suspicious activity detected: malware
2025-02-03 15:18:24 - [WARNING] Suspicious activity detected: sql_injection
2025-02-03 15:22:54 - [INFO] file uploaded
2025-02-03 15:53:00 - [WARNING] Suspicious activity detected: brute_force
2025-02-03 16:02:45 - [INFO] user login
2025-02-03 16:16:15 - [INFO] user login
2025-02-03 16:36:50 - [WARNING] Suspicious activity detected: malware
2025-02-03 16:41:58 - [WARNING] Suspicious activity detected: sql_injection
2025-02-03 16:47:07 - [INFO] user login
2025-02-03 16:48:56 - [WARNING] Suspicious activity detected: ddos
2025-02-03 16:50:07 - [INFO] system check passed
2025-02-03 16:58:37 - [INFO] email sent
2025-02-03 17:00:11 - [INFO] file uploaded
2025-02-03 17:03:04 - [INFO] system check passed
2025-02-03 17:05:13 - [WARNING] Suspicious activity detected: port_scan
2025-02-03 17:05:46 - [INFO] system check passed
2025-02-03 17:19:11 - [WARNING] Suspicious activity detected: ip_blocked
2025-02-03 17:23:21 - [INFO] system check passed
2025-02-03 17:24:38 - [INFO] file uploaded
2025-02-03 17:35:58 - [INFO] email sent
2025-02-03 17:45:20 - [WARNING] Suspicious activity detected: malware
2025-02-03 17:48:51 - [INFO] config updated
2025-02-03 17:50:34 - [INFO] email sent
2025-02-03 18:00:41 - [INFO] user login
2025-02-03 18:03:40 - [INFO] file uploaded
2025-02-03 18:07:00 - [INFO] file downloaded
2025-02-03 18:21:09 - [INFO] user login
2025-02-03 18:22:55 - [INFO] user login
2025-02-03 18:33:29 - [WARNING] Suspicious activity detected: unauthorized_access
2025-02-03 18:35:14 - [WARNING] Suspicious activity detected: malware
2025-02-03 18:35:36 - [WARNING] Suspicious activity detected: ddos
2025-02-03 18:58:31 - [INFO] config updated
2025-02-03 19:08:00 - [INFO] email sent
2025-02-03 19:34:14 - [INFO] file uploaded
2025-02-03 19:50:46 - [WARNING] Suspicious activity detected: sql_injection
2025-02-03 19:54:13 - [INFO] user login
2025-02-03 19:57:11 - [INFO] system check passed
2025-02-03 19:58:06 - [INFO] file uploaded
2025-02-03 20:01:58 - [INFO] file uploaded
2025-02-03 20:13:03 - [INFO] file downloaded
2025-02-03 20:21:56 - [INFO] system check passed
2025-02-03 20:43:43 - [INFO] system check passed
2025-02-03 20:44:19 - [INFO] config updated
2025-02-03 20:50:38 - [INFO] config updated
2025-02-03 21:00:00 - [WARNING] Suspicious activity detected: intrusion
2025-02-03 21:08:47 - [INFO] config updated
2025-02-03 21:10:04 - [INFO] file downloaded
2025-02-03 21:18:23 - [WARNING] Suspicious activity detected: intrusion
2025-02-03 21:36:44 - [INFO] backup completed
2025-02-03 21:39:13 - [INFO] file downloaded
2025-02-03 21:48:53 - [INFO] user login
2025-02-03 21:51:56 - [INFO] file uploaded
2025-02-03 21:52:03 - [INFO] file downloaded
2025-02-03 22:05:43 - [INFO] file uploaded
2025-02-03 22:06:24 - [INFO] system check passed
2025-02-03 22:12:44 - [INFO] user login
2025-02-03 22:28:43 - [INFO] email sent
2025-02-03 22:30:10 - [INFO] config updated
2025-02-03 22:39:23 - [INFO] file uploaded
2025-02-03 22:43:08 - [INFO] config updated
2025-02-03 22:44:09 - [INFO] file uploaded
2025-02-03 22:48:18 - [INFO] user login
2025-02-03 22:50:38 - [INFO] file uploaded
2025-02-03 22:56:06 - [INFO] file uploaded
2025-02-03 22:58:03 - [INFO] user login
2025-02-03 23:00:08 - [INFO] user login
2025-02-03 23:00:13 - [INFO] config updated
2025-02-03 23:03:04 - [WARNING] Suspicious activity detected: unauthorized_access
2025-02-03 23:23:28 - [WARNING] Suspicious activity detected: malware
2025-02-03 23:27:28 - [WARNING] Suspicious activity detected: ddos
2025-02-03 23:37:43 - [INFO] file downloaded
2025-02-03 23:37:49 - [INFO] email sent
2025-02-03 23:46:23 - [WARNING] Suspicious activity detected: malware
2025-02-03 23:52:00 - [INFO] system check passed
2025-02-03 23:56:02 - [WARNING] Suspicious activity detected: ip_blocked
2025-02-03 23:56:50 - [WARNING] Suspicious activity detected: malware
2025-02-03 23:59:11 - [INFO] file downloaded