2025-07-13 00:00:55 - [INFO] backup completed
2025-07-13 00:01:47 - [INFO] backup completed
2025-07-13 00:08:14 - [WARNING] Suspicious activity detected: unauthorized_access
2025-07-13 00:21:11 - [INFO] file uploaded
2025-07-13 00:23:16 - [WARNING] Suspicious activity detected: brute_force
2025-07-13 00:24:54 - [INFO] file downloaded
2025-07-13 00:34:13 - [INFO] file downloaded
2025-07-13 00:52:01 - [INFO] email sent
2025-07-13 00:58:30 - [INFO] file downloaded
2025-07-13 00:58:42 - [INFO] user login
2025-07-13 01:06:05 - [INFO] email sent
2025-07-13 01:06:42 - [INFO] email sent
2025-07-13 01:28:44 - [INFO] file downloaded
2025-07-13 01:33:53 - [INFO] config updated
2025-07-13 01:43:30 - [INFO] file downloaded
2025-07-13 01:44:24 - [WARNING] Suspicious activity detected: ddos
2025-07-13 01:53:43 - [INFO] system check passed
2025-07-13 01:59:19 - [INFO] backup completed
2025-07-13 02:09:44 - [WARNING] Suspicious activity detected: port_scan
2025-07-13 02:11:29 - [INFO] config updated
2025-07-13 02:17:45 - [INFO] file uploaded
2025-07-13 02:19:32 - [INFO] backup completed
2025-07-13 02:22:05 - [INFO] user login
2025-07-13 02:22:40 - [WARNING] Suspicious activity detected: unauthorized_access
2025-07-13 02:23:01 - [WARNING] Suspicious activity detected: ddos
2025-07-13 02:27:06 - [WARNING] Suspicious activity detected: unauthorized_access
2025-07-13 02:27:36 - [WARNING] Suspicious activity detected: sql_injection
2025-07-13 02:56:07 - [INFO] email sent
2025-07-13 03:02:15 - [INFO] file uploaded
2025-07-13 03:02:26 - [WARNING] Suspicious activity detected: malware
2025-07-13 03:09:16 - [INFO] backup completed
2025-07-13 03:16:58 - [INFO] user login
2025-07-13 03:18:28 - [WARNING] Suspicious activity detected: unauthorized_access
2025-07-13 03:28:16 - [INFO] system check passed
2025-07-13 03:29:19 - [WARNING] Suspicious activity detected: ddos
2025-07-13 03:31:34 - [WARNING] Suspicious activity detected: unauthorized_access
2025-07-13 03:46:35 - [INFO] email sent
2025-07-13 03:48:37 - [WARNING] Suspicious activity detected: malware
2025-07-13 03:58:46 - [INFO] system check passed
2025-07-13 04:06:10 - [WARNING] Suspicious activity detected: sql_injection
2025-07-13 04:08:37 - [INFO] file downloaded
2025-07-13 04:08:49 - [INFO] system check passed
2025-07-13 04:15:33 - [INFO] file downloaded
2025-07-13 04:20:22 - [INFO] config updated
2025-07-13 04:30:58 - [INFO] config updated
2025-07-13 04:38:43 - [WARNING] Suspicious activity detected: brute_force
2025-07-13 04:45:00 - [INFO] file uploaded
2025-07-13 05:05:21 - [INFO] system check passed
2025-07-13 05:11:32 - [INFO] email sent
2025-07-13 05:22:41 - [INFO] email sent
2025-07-13 05:24:22 - [INFO] user login
2025-07-13 05:27:06 - [INFO] file uploaded
2025-07-13 05:33:01 - [INFO] system check passed
2025-07-13 05:42:34 - [INFO] file uploaded
2025-07-13 05:44:28 - [INFO] file uploaded
2025-07-13 06:01:38 - [WARNING] Suspicious activity detected: port_scan
2025-07-13 06:05:39 - [INFO] user login
2025-07-13 06:06:28 - [INFO] config updated
2025-07-13 06:16:42 - [WARNING] Suspicious activity detected: ddos
2025-07-13 06:32:26 - [INFO] file uploaded
2025-07-13 06:33:49 - [WARNING] Suspicious activity detected: malware
2025-07-13 06:42:33 - [WARNING] Suspicious activity detected: port_scan
2025-07-13 06:42:45 - [INFO] email sent
2025-07-13 06:50:52 - [INFO] email sent
2025-07-13 07:00:03 - [INFO] backup completed
2025-07-13 07:04:56 - [INFO] email sent
2025-07-13 07:06:08 - [INFO] backup completed
2025-07-13 07:08:29 - [WARNING] Suspicious activity detected: malware
2025-07-13 07:27:39 - [INFO] file downloaded
2025-07-13 07:33:37 - [INFO] email sent
2025-07-13 07:35:53 - [INFO] file uploaded
2025-07-13 07:48:01 - [INFO] system check passed
2025-07-13 07:49:16 - [INFO] email sent
2025-07-13 07:50:01 - [INFO] backup completed
2025-07-13 07:50:13 - [INFO] file downloaded
2025-07-13 07:54:05 - [WARNING] Suspicious activity detected: intrusion
2025-07-13 07:57:20 - [INFO] email sent
2025-07-13 08:08:46 - [WARNING] Suspicious activity detected: port_scan
2025-07-13 08:16:45 - [INFO] config updated
2025-07-13 08:16:48 - [INFO] file downloaded
2025-07-13 08:25:27 - [INFO] system check passed
2025-07-13 08:30:05 - [INFO] email sent
2025-07-13 08:33:08 - [WARNING] Suspicious activity detected: port_scan
2025-07-13 08:58:36 - [INFO] file downloaded
2025-07-13 08:59:05 - [INFO] backup completed
2025-07-13 08:59:55 - [INFO] system check passed
2025-07-13 09:02:26 - [INFO] config updated
2025-07-13 09:06:04 - [INFO] user login
2025-07-13 09:12:35 - [INFO] user login
2025-07-13 09:17:41 - [INFO] config updated
2025-07-13 09:22:33 - [INFO] user login
2025-07-13 09:23:03 - [INFO] config updated
2025-07-13 09:29:52 - [INFO] file downloaded
2025-07-13 09:37:52 - [INFO] email sent
2025-07-13 09:41:58 - [INFO] file uploaded
2025-07-13 09:45:03 - [WARNING] Suspicious activity detected: brute_force
2025-07-13 09:46:03 - [INFO] system check passed
2025-07-13 09:49:59 - [INFO] user login
2025-07-13 09:55:26 - [WARNING] Suspicious activity detected: ddos
2025-07-13 10:07:45 - [WARNING] Suspicious activity detected: malware
2025-07-13 10:07:58 - [INFO] system check passed
2025-07-13 10:11:51 - [INFO] config updated
2025-07-13 10:21:33 - [INFO] file uploaded
2025-07-13 10:24:16 - [INFO] email sent
2025-07-13 10:31:58 - [WARNING] Suspicious activity detected: unauthorized_access
2025-07-13 10:34:26 - [INFO] backup completed
2025-07-13 10:42:10 - [INFO] email sent
2025-07-13 10:50:43 - [INFO] user login
2025-07-13 10:51:06 - [INFO] user login
2025-07-13 10:52:27 - [INFO] file uploaded
2025-07-13 10:53:33 - [INFO] system check passed
2025-07-13 10:56:07 - [INFO] email sent
2025-07-13 11:15:58 - [WARNING] Suspicious activity detected: malware
2025-07-13 11:22:39 - [INFO] config updated
2025-07-13 11:28:55 - [INFO] file uploaded
2025-07-13 11:37:04 - [INFO] config updated
2025-07-13 11:49:55 - [INFO] system check passed
2025-07-13 11:56:12 - [INFO] file uploaded
2025-07-13 12:00:50 - [INFO] file uploaded
2025-07-13 12:01:12 - [WARNING] Suspicious activity detected: brute_force
2025-07-13 12:07:46 - [INFO] system check passed
2025-07-13 12:14:12 - [INFO] config updated
2025-07-13 12:23:11 - [INFO] backup completed
2025-07-13 12:42:12 - [INFO] user login
2025-07-13 12:45:02 - [INFO] email sent
2025-07-13 12:57:36 - [INFO] file downloaded
2025-07-13 13:00:41 - [INFO] system check passed
2025-07-13 13:03:05 - [WARNING] Suspicious activity detected: ddos
2025-07-13 13:05:50 - [INFO] file uploaded
2025-07-13 13:09:45 - [INFO] user login
2025-07-13 13:49:10 - [INFO] file uploaded
2025-07-13 13:49:13 - [INFO] file downloaded
2025-07-13 14:14:50 - [INFO] user login
2025-07-13 14:18:51 - [WARNING] Suspicious activity detected: ip_blocked
2025-07-13 14:19:13 - [INFO] file downloaded
2025-07-13 14:20:14 - [INFO] file uploaded
2025-07-13 14:24:35 - [INFO] backup completed
2025-07-13 14:37:00 - [INFO] config updated
2025-07-13 14:38:52 - [INFO] email sent
2025-07-13 14:40:46 - [INFO] system check passed
2025-07-13 14:50:14 - [INFO] file downloaded
2025-07-13 14:50:39 - [INFO] file uploaded
2025-07-13 14:52:49 - [INFO] system check passed
2025-07-13 14:57:50 - [INFO] user login
2025-07-13 15:03:37 - [INFO] backup completed
2025-07-13 15:10:12 - [INFO] config updated
2025-07-13 15:13:47 - [WARNING] Suspicious activity detected: brute_force
2025-07-13 15:19:29 - [WARNING] Suspicious activity detected: ip_blocked
2025-07-13 15:20:56 - [INFO] system check passed
2025-07-13 15:47:47 - [WARNING] Suspicious activity detected: intrusion
2025-07-13 15:56:05 - [INFO] system check passed
2025-07-13 15:57:53 - [INFO] user login
2025-07-13 15:59:35 - [WARNING] Suspicious activity detected: brute_force
2025-07-13 16:18:06 - [INFO] system check passed
2025-07-13 16:22:15 - [INFO] backup completed
2025-07-13 16:40:37 - [WARNING] Suspicious activity detected: port_scan
2025-07-13 16:44:18 - [INFO] user login
2025-07-13 16:48:49 - [INFO] system check passed
2025-07-13 16:52:13 - [WARNING] Suspicious activity detected: unauthorized_access
2025-07-13 17:11:09 - [INFO] file uploaded
2025-07-13 17:12:36 - [INFO] config updated
2025-07-13 17:13:30 - [INFO] config updated
2025-07-13 17:24:25 - [WARNING] Suspicious activity detected: ip_blocked
2025-07-13 17:25:29 - [INFO] email sent
2025-07-13 17:30:26 - [INFO] system check passed
2025-07-13 17:36:10 - [WARNING] Suspicious activity detected: intrusion
2025-07-13 17:43:52 - [INFO] backup completed
2025-07-13 17:51:38 - [INFO] config updated
2025-07-13 17:55:25 - [INFO] email sent
2025-07-13 18:04:26 - [INFO] system check passed
2025-07-13 18:20:26 - [WARNING] Suspicious activity detected: ddos
2025-07-13 18:22:19 - [WARNING] Suspicious activity detected: malware
2025-07-13 18:23:52 - [INFO] email sent
2025-07-13 18:26:30 - [INFO] backup completed
2025-07-13 18:29:10 - [INFO] email sent
2025-07-13 18:36:34 - [WARNING] Suspicious activity detected: ip_blocked
2025-07-13 18:38:18 - [INFO] backup completed
2025-07-13 19:00:04 - [INFO] user login
2025-07-13 19:05:21 - [INFO] backup completed
2025-07-13 19:05:40 - [WARNING] Suspicious activity detected: unauthorized_access
2025-07-13 19:12:52 - [INFO] file uploaded
2025-07-13 19:26:23 - [INFO] user login
2025-07-13 19:26:23 - [INFO] user login
2025-07-13 19:34:05 - [INFO] system check passed
2025-07-13 19:45:46 - [INFO] file downloaded
2025-07-13 19:59:50 - [INFO] user login
2025-07-13 20:35:59 - [WARNING] Suspicious activity detected: unauthorized_access
2025-07-13 20:43:33 - [WARNING] Suspicious activity detected: brute_force
2025-07-13 20:44:09 - [INFO] file downloaded
2025-07-13 20:48:42 - [INFO] file uploaded
2025-07-13 20:57:22 - [INFO] backup completed
2025-07-13 21:01:20 - [INFO] file uploaded
2025-07-13 21:21:49 - [WARNING] Suspicious activity detected: intrusion
2025-07-13 21:55:31 - [INFO] file downloaded
2025-07-13 22:00:00 - [WARNING] Suspicious activity detected: ddos
2025-07-13 22:02:54 - [INFO] config updated
2025-07-13 22:07:17 - [INFO] user login
2025-07-13 22:15:58 - [INFO] user login
2025-07-13 22:19:15 - [INFO] email sent
2025-07-13 22:19:16 - [INFO] backup completed
2025-07-13 22:21:52 - [INFO] file downloaded
2025-07-13 22:38:08 - [INFO] user login
2025-07-13 22:38:13 - [INFO] file uploaded
2025-07-13 22:38:42 - [INFO] file downloaded
2025-07-13 22:43:13 - [INFO] config updated
2025-07-13 22:47:59 - [WARNING] Suspicious activity detected: ddos
2025-07-13 22:57:50 - [INFO] backup completed
2025-07-13 23:09:01 - [INFO] system check passed
2025-07-13 23:18:35 - [INFO] backup completed
2025-07-13 23:37:39 - [INFO] config updated
2025-07-13 23:40:29 - [INFO] config updated
2025-07-13 23:43:28 - [WARNING] Suspicious activity detected: port_scan
2025-07-13 23:47:42 - [INFO] config updated