2025-02-09 00:10:02 - [INFO] system check passed
2025-02-09 00:19:49 - [INFO] system check passed
2025-02-09 00:24:11 - [INFO] system check passed
2025-02-09 00:26:47 - [INFO] email sent
2025-02-09 00:42:45 - [INFO] user login
2025-02-09 00:43:33 - [WARNING] Suspicious activity detected: sql_injection
2025-02-09 00:47:32 - [INFO] file downloaded
2025-02-09 00:48:06 - [INFO] system check passed
2025-02-09 00:51:34 - [INFO] user login
2025-02-09 01:07:09 - [INFO] file uploaded
2025-02-09 01:28:49 - [INFO] file downloaded
2025-02-09 01:33:54 - [INFO] email sent
2025-02-09 01:45:11 - [WARNING] Suspicious activity detected: sql_injection
2025-02-09 02:03:27 - [WARNING] Suspicious activity detected: brute_force
2025-02-09 02:10:57 - [INFO] system check passed
2025-02-09 02:28:29 - [WARNING] Suspicious activity detected: brute_force
2025-02-09 02:44:14 - [INFO] user login
2025-02-09 02:57:23 - [INFO] backup completed
2025-02-09 03:17:13 - [INFO] config updated
2025-02-09 03:18:17 - [WARNING] Suspicious activity detected: unauthorized_access
2025-02-09 03:19:15 - [INFO] config updated
2025-02-09 03:27:10 - [WARNING] Suspicious activity detected: brute_force
2025-02-09 03:37:11 - [INFO] config updated
2025-02-09 03:39:56 - [INFO] config updated
2025-02-09 03:44:38 - [INFO] file uploaded
2025-02-09 03:48:04 - [WARNING] Suspicious activity detected: intrusion
2025-02-09 03:52:24 - [INFO] file uploaded
2025-02-09 03:56:17 - [WARNING] Suspicious activity detected: sql_injection
2025-02-09 04:05:32 - [INFO] system check passed
2025-02-09 04:06:37 - [INFO] config updated
2025-02-09 04:11:25 - [INFO] email sent
2025-02-09 04:17:03 - [INFO] file uploaded
2025-02-09 04:25:50 - [INFO] file uploaded
2025-02-09 04:44:01 - [INFO] system check passed
2025-02-09 04:53:27 - [INFO] config updated
2025-02-09 04:53:50 - [INFO] file downloaded
2025-02-09 04:54:11 - [WARNING] Suspicious activity detected: intrusion
2025-02-09 05:00:10 - [INFO] file uploaded
2025-02-09 05:01:57 - [WARNING] Suspicious activity detected: sql_injection
2025-02-09 05:11:55 - [INFO] file downloaded
2025-02-09 05:16:58 - [WARNING] Suspicious activity detected: malware
2025-02-09 05:22:46 - [INFO] backup completed
2025-02-09 05:26:53 - [WARNING] Suspicious activity detected: intrusion
2025-02-09 05:35:41 - [INFO] file downloaded
2025-02-09 05:37:27 - [INFO] file uploaded
2025-02-09 05:37:37 - [INFO] system check passed
2025-02-09 05:45:06 - [INFO] user login
2025-02-09 05:48:56 - [INFO] file downloaded
2025-02-09 05:49:20 - [INFO] config updated
2025-02-09 06:28:56 - [WARNING] Suspicious activity detected: brute_force
2025-02-09 06:39:12 - [INFO] backup completed
2025-02-09 06:43:41 - [WARNING] Suspicious activity detected: ip_blocked
2025-02-09 06:51:05 - [WARNING] Suspicious activity detected: unauthorized_access
2025-02-09 06:53:47 - [INFO] system check passed
2025-02-09 06:55:25 - [WARNING] Suspicious activity detected: sql_injection
2025-02-09 06:57:28 - [INFO] file downloaded
2025-02-09 07:01:00 - [INFO] system check passed
2025-02-09 07:12:56 - [INFO] file uploaded
2025-02-09 07:21:18 - [INFO] file downloaded
2025-02-09 07:45:52 - [INFO] file downloaded
2025-02-09 07:53:50 - [WARNING] Suspicious activity detected: malware
2025-02-09 07:54:25 - [INFO] system check passed
2025-02-09 08:03:10 - [WARNING] Suspicious activity detected: ip_blocked
2025-02-09 08:05:10 - [INFO] system check passed
2025-02-09 08:10:27 - [WARNING] Suspicious activity detected: port_scan
2025-02-09 08:30:20 - [INFO] file uploaded
2025-02-09 08:39:47 - [INFO] config updated
2025-02-09 08:41:05 - [INFO] system check passed
2025-02-09 08:49:00 - [WARNING] Suspicious activity detected: ip_blocked
2025-02-09 09:10:39 - [WARNING] Suspicious activity detected: ip_blocked
2025-02-09 09:27:17 - [INFO] user login
2025-02-09 09:37:12 - [WARNING] Suspicious activity detected: ddos
2025-02-09 09:54:15 - [INFO] email sent
2025-02-09 09:56:52 - [INFO] file uploaded
2025-02-09 09:59:13 - [INFO] backup completed
2025-02-09 10:22:00 - [INFO] file downloaded
2025-02-09 10:22:54 - [INFO] user login
2025-02-09 10:43:00 - [WARNING] Suspicious activity detected: brute_force
2025-02-09 10:52:10 - [INFO] email sent
2025-02-09 11:04:02 - [INFO] file uploaded
2025-02-09 11:05:50 - [INFO] system check passed
2025-02-09 11:11:06 - [WARNING] Suspicious activity detected: unauthorized_access
2025-02-09 11:12:15 - [INFO] file uploaded
2025-02-09 11:13:37 - [INFO] email sent
2025-02-09 11:17:10 - [INFO] user login
2025-02-09 11:36:47 - [INFO] config updated
2025-02-09 11:41:03 - [INFO] file downloaded
2025-02-09 11:41:56 - [WARNING] Suspicious activity detected: intrusion
2025-02-09 11:44:14 - [INFO] backup completed
2025-02-09 11:47:33 - [INFO] system check passed
2025-02-09 11:48:26 - [INFO] backup completed
2025-02-09 11:57:41 - [INFO] backup completed
2025-02-09 12:08:27 - [INFO] backup completed
2025-02-09 12:10:35 - [INFO] file uploaded
2025-02-09 12:16:24 - [INFO] user login
2025-02-09 12:30:08 - [INFO] config updated
2025-02-09 12:36:14 - [WARNING] Suspicious activity detected: port_scan
2025-02-09 13:07:28 - [INFO] backup completed
2025-02-09 13:22:06 - [INFO] file downloaded
2025-02-09 13:28:03 - [WARNING] Suspicious activity detected: intrusion
2025-02-09 13:28:25 - [INFO] config updated
2025-02-09 13:38:07 - [WARNING] Suspicious activity detected: intrusion
2025-02-09 13:45:50 - [INFO] email sent
2025-02-09 14:10:36 - [WARNING] Suspicious activity detected: malware
2025-02-09 14:27:15 - [WARNING] Suspicious activity detected: brute_force
2025-02-09 14:44:10 - [INFO] backup completed
2025-02-09 14:45:34 - [INFO] config updated
2025-02-09 14:46:13 - [WARNING] Suspicious activity detected: sql_injection
2025-02-09 15:11:34 - [INFO] backup completed
2025-02-09 15:12:36 - [WARNING] Suspicious activity detected: unauthorized_access
2025-02-09 15:23:14 - [INFO] config updated
2025-02-09 15:25:12 - [INFO] user login
2025-02-09 15:29:19 - [INFO] system check passed
2025-02-09 15:31:02 - [INFO] email sent
2025-02-09 15:40:24 - [INFO] backup completed
2025-02-09 15:45:21 - [WARNING] Suspicious activity detected: ip_blocked
2025-02-09 15:58:37 - [INFO] email sent
2025-02-09 16:21:40 - [INFO] system check passed
2025-02-09 16:38:56 - [WARNING] Suspicious activity detected: intrusion
2025-02-09 16:52:35 - [INFO] backup completed
2025-02-09 17:14:36 - [WARNING] Suspicious activity detected: brute_force
2025-02-09 17:18:44 - [INFO] backup completed
2025-02-09 17:27:19 - [INFO] backup completed
2025-02-09 17:36:58 - [INFO] user login
2025-02-09 17:41:14 - [INFO] user login
2025-02-09 17:57:17 - [INFO] file downloaded
2025-02-09 18:00:13 - [WARNING] Suspicious activity detected: sql_injection
2025-02-09 18:10:42 - [INFO] config updated
2025-02-09 18:12:13 - [INFO] file uploaded
2025-02-09 18:14:11 - [INFO] file uploaded
2025-02-09 18:23:01 - [INFO] email sent
2025-02-09 18:35:14 - [WARNING] Suspicious activity detected: brute_force
2025-02-09 18:45:55 - [WARNING] Suspicious activity detected: brute_force
2025-02-09 18:49:10 - [INFO] file downloaded
2025-02-09 18:52:27 - [INFO] user login
2025-02-09 18:53:54 - [INFO] file uploaded
2025-02-09 19:02:10 - [INFO] file uploaded
2025-02-09 19:02:17 - [INFO] file downloaded
2025-02-09 19:03:10 - [INFO] file downloaded
2025-02-09 19:08:23 - [INFO] config updated
2025-02-09 19:25:20 - [INFO] backup completed
2025-02-09 19:38:39 - [INFO] file uploaded
2025-02-09 19:46:39 - [WARNING] Suspicious activity detected: ip_blocked
2025-02-09 19:50:06 - [INFO] system check passed
2025-02-09 19:54:28 - [WARNING] Suspicious activity detected: unauthorized_access
2025-02-09 20:08:16 - [INFO] email sent
2025-02-09 20:09:30 - [WARNING] Suspicious activity detected: port_scan
2025-02-09 20:51:43 - [INFO] file downloaded
2025-02-09 20:55:20 - [INFO] config updated
2025-02-09 21:25:17 - [WARNING] Suspicious activity detected: intrusion
2025-02-09 21:54:32 - [INFO] config updated
2025-02-09 21:59:40 - [INFO] email sent
2025-02-09 22:43:57 - [INFO] user login
2025-02-09 22:59:34 - [INFO] backup completed
2025-02-09 23:00:32 - [INFO] backup completed
2025-02-09 23:05:57 - [WARNING] Suspicious activity detected: ip_blocked
2025-02-09 23:16:55 - [INFO] file uploaded
2025-02-09 23:25:48 - [WARNING] Suspicious activity detected: ip_blocked
2025-02-09 23:26:36 - [WARNING] Suspicious activity detected: brute_force
2025-02-09 23:38:14 - [INFO] file uploaded