2025-02-28 00:02:06 - [INFO] user login
2025-02-28 00:18:28 - [INFO] file uploaded
2025-02-28 00:22:10 - [WARNING] Suspicious activity detected: port_scan
2025-02-28 00:29:01 - [INFO] file uploaded
2025-02-28 00:35:41 - [INFO] system check passed
2025-02-28 00:40:52 - [INFO] user login
2025-02-28 00:51:24 - [INFO] user login
2025-02-28 00:52:25 - [WARNING] Suspicious activity detected: brute_force
2025-02-28 00:56:37 - [WARNING] Suspicious activity detected: unauthorized_access
2025-02-28 00:58:19 - [INFO] config updated
2025-02-28 01:00:33 - [INFO] file downloaded
2025-02-28 01:07:25 - [INFO] file downloaded
2025-02-28 01:15:16 - [INFO] file downloaded
2025-02-28 01:23:32 - [INFO] backup completed
2025-02-28 01:27:50 - [WARNING] Suspicious activity detected: sql_injection
2025-02-28 01:47:13 - [INFO] backup completed
2025-02-28 01:51:11 - [INFO] backup completed
2025-02-28 01:53:41 - [WARNING] Suspicious activity detected: port_scan
2025-02-28 01:56:34 - [WARNING] Suspicious activity detected: port_scan
2025-02-28 01:57:25 - [INFO] email sent
2025-02-28 01:59:56 - [INFO] email sent
2025-02-28 02:00:55 - [INFO] config updated
2025-02-28 02:07:33 - [INFO] config updated
2025-02-28 02:09:48 - [WARNING] Suspicious activity detected: brute_force
2025-02-28 02:13:53 - [INFO] backup completed
2025-02-28 02:14:39 - [INFO] user login
2025-02-28 02:17:55 - [INFO] user login
2025-02-28 02:19:09 - [WARNING] Suspicious activity detected: brute_force
2025-02-28 02:28:11 - [INFO] user login
2025-02-28 02:38:50 - [INFO] system check passed
2025-02-28 02:53:59 - [INFO] email sent
2025-02-28 03:04:57 - [INFO] email sent
2025-02-28 03:05:44 - [INFO] email sent
2025-02-28 03:30:18 - [WARNING] Suspicious activity detected: unauthorized_access
2025-02-28 03:37:53 - [INFO] file uploaded
2025-02-28 03:41:00 - [INFO] user login
2025-02-28 03:44:56 - [WARNING] Suspicious activity detected: brute_force
2025-02-28 04:00:40 - [INFO] file downloaded
2025-02-28 04:06:59 - [INFO] user login
2025-02-28 04:07:23 - [INFO] system check passed
2025-02-28 04:07:55 - [INFO] file uploaded
2025-02-28 04:10:54 - [INFO] system check passed
2025-02-28 04:13:05 - [INFO] config updated
2025-02-28 04:20:09 - [INFO] file downloaded
2025-02-28 04:25:08 - [INFO] user login
2025-02-28 04:34:34 - [INFO] email sent
2025-02-28 04:37:50 - [INFO] backup completed
2025-02-28 04:38:51 - [WARNING] Suspicious activity detected: intrusion
2025-02-28 04:50:43 - [WARNING] Suspicious activity detected: unauthorized_access
2025-02-28 05:00:16 - [INFO] email sent
2025-02-28 05:07:01 - [INFO] backup completed
2025-02-28 05:07:07 - [WARNING] Suspicious activity detected: unauthorized_access
2025-02-28 05:11:14 - [INFO] backup completed
2025-02-28 05:12:16 - [INFO] config updated
2025-02-28 05:12:21 - [INFO] file uploaded
2025-02-28 05:20:54 - [WARNING] Suspicious activity detected: ddos
2025-02-28 05:30:35 - [INFO] backup completed
2025-02-28 05:31:25 - [INFO] email sent
2025-02-28 05:35:01 - [INFO] file downloaded
2025-02-28 05:57:17 - [INFO] file downloaded
2025-02-28 06:02:06 - [WARNING] Suspicious activity detected: unauthorized_access
2025-02-28 06:03:11 - [WARNING] Suspicious activity detected: ip_blocked
2025-02-28 06:13:07 - [INFO] file uploaded
2025-02-28 06:26:16 - [INFO] email sent
2025-02-28 06:29:11 - [INFO] email sent
2025-02-28 06:38:13 - [INFO] file uploaded
2025-02-28 06:38:38 - [INFO] user login
2025-02-28 06:43:53 - [INFO] config updated
2025-02-28 06:47:48 - [INFO] email sent
2025-02-28 06:49:05 - [INFO] file uploaded
2025-02-28 06:49:44 - [INFO] file downloaded
2025-02-28 06:50:27 - [WARNING] Suspicious activity detected: brute_force
2025-02-28 06:51:25 - [INFO] system check passed
2025-02-28 06:58:06 - [INFO] file uploaded
2025-02-28 07:05:13 - [INFO] email sent
2025-02-28 07:07:50 - [WARNING] Suspicious activity detected: malware
2025-02-28 07:09:08 - [INFO] config updated
2025-02-28 07:18:42 - [INFO] file uploaded
2025-02-28 07:31:36 - [INFO] backup completed
2025-02-28 07:32:08 - [INFO] email sent
2025-02-28 07:33:42 - [INFO] user login
2025-02-28 07:49:52 - [INFO] system check passed
2025-02-28 07:52:15 - [INFO] file downloaded
2025-02-28 07:58:03 - [WARNING] Suspicious activity detected: unauthorized_access
2025-02-28 08:02:51 - [WARNING] Suspicious activity detected: ddos
2025-02-28 08:09:38 - [WARNING] Suspicious activity detected: malware
2025-02-28 08:10:04 - [INFO] system check passed
2025-02-28 08:13:21 - [INFO] system check passed
2025-02-28 08:13:29 - [INFO] email sent
2025-02-28 08:16:47 - [WARNING] Suspicious activity detected: unauthorized_access
2025-02-28 08:17:36 - [WARNING] Suspicious activity detected: ip_blocked
2025-02-28 08:27:36 - [WARNING] Suspicious activity detected: ip_blocked
2025-02-28 08:37:38 - [INFO] user login
2025-02-28 08:48:28 - [INFO] file uploaded
2025-02-28 08:50:16 - [INFO] file uploaded
2025-02-28 08:51:25 - [INFO] system check passed
2025-02-28 08:52:29 - [INFO] config updated
2025-02-28 08:58:44 - [INFO] config updated
2025-02-28 08:59:13 - [INFO] file uploaded
2025-02-28 08:59:18 - [INFO] file downloaded
2025-02-28 09:02:10 - [INFO] user login
2025-02-28 09:05:31 - [INFO] file downloaded
2025-02-28 09:10:26 - [INFO] file downloaded
2025-02-28 09:11:27 - [INFO] backup completed
2025-02-28 09:14:43 - [INFO] file uploaded
2025-02-28 09:18:11 - [INFO] config updated
2025-02-28 09:20:45 - [INFO] config updated
2025-02-28 09:31:08 - [WARNING] Suspicious activity detected: unauthorized_access
2025-02-28 09:37:55 - [INFO] user login
2025-02-28 09:38:33 - [INFO] file uploaded
2025-02-28 09:38:38 - [INFO] email sent
2025-02-28 09:39:22 - [WARNING] Suspicious activity detected: intrusion
2025-02-28 09:45:57 - [INFO] user login
2025-02-28 09:47:11 - [INFO] file uploaded
2025-02-28 09:55:51 - [INFO] email sent
2025-02-28 10:19:33 - [INFO] user login
2025-02-28 10:23:32 - [INFO] email sent
2025-02-28 10:39:53 - [INFO] system check passed
2025-02-28 10:52:47 - [INFO] email sent
2025-02-28 11:06:09 - [INFO] file downloaded
2025-02-28 11:14:35 - [INFO] config updated
2025-02-28 11:25:00 - [INFO] user login
2025-02-28 11:37:55 - [WARNING] Suspicious activity detected: intrusion
2025-02-28 11:38:12 - [INFO] user login
2025-02-28 11:41:37 - [INFO] backup completed
2025-02-28 11:45:29 - [INFO] file downloaded
2025-02-28 11:47:45 - [INFO] system check passed
2025-02-28 11:47:52 - [INFO] system check passed
2025-02-28 11:49:48 - [INFO] config updated
2025-02-28 11:50:35 - [INFO] email sent
2025-02-28 11:52:59 - [INFO] email sent
2025-02-28 11:54:03 - [INFO] file downloaded
2025-02-28 11:55:08 - [INFO] email sent
2025-02-28 11:58:26 - [INFO] user login
2025-02-28 12:05:07 - [WARNING] Suspicious activity detected: unauthorized_access
2025-02-28 12:07:23 - [INFO] backup completed
2025-02-28 12:08:49 - [WARNING] Suspicious activity detected: unauthorized_access
2025-02-28 12:10:53 - [INFO] email sent
2025-02-28 12:16:40 - [INFO] system check passed
2025-02-28 12:21:36 - [INFO] email sent
2025-02-28 12:24:26 - [INFO] backup completed
2025-02-28 12:27:38 - [WARNING] Suspicious activity detected: ddos
2025-02-28 12:28:11 - [INFO] user login
2025-02-28 12:29:39 - [INFO] system check passed
2025-02-28 12:29:42 - [INFO] file uploaded
2025-02-28 12:30:27 - [INFO] email sent
2025-02-28 12:36:36 - [INFO] email sent
2025-02-28 12:45:02 - [INFO] system check passed
2025-02-28 12:47:15 - [INFO] email sent
2025-02-28 12:49:52 - [INFO] backup completed
2025-02-28 13:00:49 - [INFO] file uploaded
2025-02-28 13:12:58 - [INFO] config updated
2025-02-28 13:16:45 - [INFO] backup completed
2025-02-28 13:20:31 - [WARNING] Suspicious activity detected: port_scan
2025-02-28 13:33:31 - [INFO] email sent
2025-02-28 13:36:10 - [INFO] config updated
2025-02-28 13:51:13 - [INFO] config updated
2025-02-28 13:59:33 - [INFO] file uploaded
2025-02-28 14:01:05 - [INFO] user login
2025-02-28 14:18:49 - [INFO] backup completed
2025-02-28 14:19:29 - [INFO] email sent
2025-02-28 14:25:48 - [WARNING] Suspicious activity detected: unauthorized_access
2025-02-28 14:33:49 - [INFO] system check passed
2025-02-28 14:39:12 - [INFO] file uploaded
2025-02-28 14:56:53 - [INFO] email sent
2025-02-28 15:06:51 - [INFO] user login
2025-02-28 15:20:13 - [INFO] user login
2025-02-28 15:23:36 - [INFO] file uploaded
2025-02-28 15:54:08 - [INFO] file uploaded
2025-02-28 16:02:26 - [WARNING] Suspicious activity detected: sql_injection
2025-02-28 16:07:25 - [WARNING] Suspicious activity detected: malware
2025-02-28 16:11:32 - [INFO] email sent
2025-02-28 16:14:16 - [INFO] config updated
2025-02-28 16:20:37 - [WARNING] Suspicious activity detected: brute_force
2025-02-28 16:25:03 - [INFO] config updated
2025-02-28 16:25:06 - [INFO] backup completed
2025-02-28 16:26:55 - [INFO] system check passed
2025-02-28 16:28:05 - [INFO] config updated
2025-02-28 16:33:34 - [INFO] file uploaded
2025-02-28 16:43:35 - [INFO] backup completed
2025-02-28 17:03:18 - [WARNING] Suspicious activity detected: ip_blocked
2025-02-28 17:05:57 - [WARNING] Suspicious activity detected: port_scan
2025-02-28 17:22:14 - [INFO] user login
2025-02-28 17:42:44 - [WARNING] Suspicious activity detected: port_scan
2025-02-28 17:43:05 - [INFO] email sent
2025-02-28 17:59:50 - [INFO] email sent
2025-02-28 18:05:21 - [INFO] email sent
2025-02-28 18:09:31 - [INFO] system check passed
2025-02-28 18:17:58 - [INFO] file downloaded
2025-02-28 18:41:02 - [WARNING] Suspicious activity detected: intrusion
2025-02-28 18:43:25 - [INFO] user login
2025-02-28 18:43:51 - [WARNING] Suspicious activity detected: ip_blocked
2025-02-28 18:46:58 - [WARNING] Suspicious activity detected: sql_injection
2025-02-28 18:48:34 - [INFO] file uploaded
2025-02-28 18:53:23 - [WARNING] Suspicious activity detected: port_scan
2025-02-28 18:59:28 - [INFO] file uploaded
2025-02-28 19:01:19 - [INFO] backup completed
2025-02-28 19:04:37 - [INFO] file downloaded
2025-02-28 19:05:56 - [WARNING] Suspicious activity detected: ip_blocked
2025-02-28 19:05:56 - [INFO] file uploaded
2025-02-28 19:10:48 - [INFO] user login
2025-02-28 19:19:38 - [INFO] email sent
2025-02-28 19:20:16 - [INFO] system check passed
2025-02-28 19:24:59 - [INFO] file downloaded
2025-02-28 19:27:53 - [INFO] system check passed
2025-02-28 19:30:06 - [INFO] config updated
2025-02-28 19:36:55 - [INFO] config updated
2025-02-28 19:58:40 - [INFO] backup completed
2025-02-28 20:06:36 - [WARNING] Suspicious activity detected: unauthorized_access
2025-02-28 20:09:20 - [INFO] file downloaded
2025-02-28 20:19:14 - [INFO] file downloaded
2025-02-28 20:20:12 - [INFO] file downloaded
2025-02-28 20:23:23 - [INFO] config updated
2025-02-28 20:28:58 - [WARNING] Suspicious activity detected: unauthorized_access
2025-02-28 20:45:23 - [INFO] system check passed
2025-02-28 20:51:42 - [INFO] system check passed
2025-02-28 21:07:19 - [INFO] config updated
2025-02-28 21:08:03 - [INFO] config updated
2025-02-28 21:21:38 - [WARNING] Suspicious activity detected: unauthorized_access
2025-02-28 21:25:02 - [INFO] file downloaded
2025-02-28 21:26:30 - [INFO] config updated
2025-02-28 21:28:24 - [INFO] config updated
2025-02-28 21:36:24 - [INFO] file uploaded
2025-02-28 21:39:40 - [WARNING] Suspicious activity detected: ip_blocked
2025-02-28 21:39:54 - [WARNING] Suspicious activity detected: ddos
2025-02-28 21:41:02 - [INFO] email sent
2025-02-28 21:41:34 - [INFO] file uploaded
2025-02-28 21:46:08 - [WARNING] Suspicious activity detected: ddos
2025-02-28 21:48:40 - [WARNING] Suspicious activity detected: malware
2025-02-28 21:51:31 - [INFO] backup completed
2025-02-28 21:53:52 - [INFO] file uploaded
2025-02-28 21:54:23 - [INFO] file uploaded
2025-02-28 22:01:19 - [INFO] system check passed
2025-02-28 22:22:52 - [INFO] system check passed
2025-02-28 22:26:40 - [INFO] user login
2025-02-28 22:29:16 - [WARNING] Suspicious activity detected: ip_blocked
2025-02-28 22:39:31 - [WARNING] Suspicious activity detected: port_scan
2025-02-28 22:45:07 - [INFO] user login
2025-02-28 22:46:14 - [INFO] backup completed
2025-02-28 22:55:19 - [INFO] user login
2025-02-28 22:58:24 - [INFO] system check passed
2025-02-28 23:07:32 - [INFO] file downloaded
2025-02-28 23:14:46 - [INFO] user login
2025-02-28 23:17:37 - [INFO] system check passed
2025-02-28 23:21:37 - [INFO] file downloaded
2025-02-28 23:31:52 - [INFO] config updated
2025-02-28 23:33:05 - [INFO] system check passed
2025-02-28 23:33:33 - [INFO] system check passed
2025-02-28 23:53:33 - [INFO] backup completed
2025-02-28 23:54:31 - [INFO] file downloaded
2025-02-28 23:56:57 - [INFO] system check passed
2025-02-28 23:57:14 - [INFO] file downloaded