2025-06-15 00:14:54 - [INFO] system check passed
2025-06-15 00:27:28 - [INFO] file uploaded
2025-06-15 00:30:10 - [INFO] backup completed
2025-06-15 00:31:57 - [INFO] file downloaded
2025-06-15 00:33:06 - [INFO] user login
2025-06-15 00:39:48 - [INFO] file downloaded
2025-06-15 00:43:36 - [INFO] email sent
2025-06-15 01:07:00 - [WARNING] Suspicious activity detected: unauthorized_access
2025-06-15 01:21:48 - [INFO] config updated
2025-06-15 01:25:43 - [INFO] email sent
2025-06-15 01:30:06 - [INFO] config updated
2025-06-15 01:35:17 - [INFO] file uploaded
2025-06-15 01:47:43 - [INFO] file downloaded
2025-06-15 01:48:09 - [INFO] config updated
2025-06-15 01:52:03 - [INFO] backup completed
2025-06-15 01:54:05 - [INFO] email sent
2025-06-15 01:58:57 - [WARNING] Suspicious activity detected: intrusion
2025-06-15 01:59:45 - [WARNING] Suspicious activity detected: port_scan
2025-06-15 02:27:55 - [WARNING] Suspicious activity detected: intrusion
2025-06-15 02:28:29 - [INFO] backup completed
2025-06-15 02:34:40 - [INFO] file downloaded
2025-06-15 02:37:38 - [INFO] user login
2025-06-15 02:42:05 - [INFO] config updated
2025-06-15 02:51:23 - [WARNING] Suspicious activity detected: sql_injection
2025-06-15 03:01:23 - [INFO] file downloaded
2025-06-15 03:03:40 - [INFO] user login
2025-06-15 03:04:39 - [INFO] system check passed
2025-06-15 03:05:26 - [INFO] email sent
2025-06-15 03:11:34 - [WARNING] Suspicious activity detected: malware
2025-06-15 03:30:15 - [INFO] config updated
2025-06-15 03:35:18 - [INFO] system check passed
2025-06-15 03:37:44 - [WARNING] Suspicious activity detected: unauthorized_access
2025-06-15 03:39:06 - [INFO] config updated
2025-06-15 03:46:30 - [WARNING] Suspicious activity detected: unauthorized_access
2025-06-15 03:53:21 - [WARNING] Suspicious activity detected: unauthorized_access
2025-06-15 03:58:28 - [INFO] email sent
2025-06-15 03:58:44 - [WARNING] Suspicious activity detected: ddos
2025-06-15 04:03:35 - [WARNING] Suspicious activity detected: ddos
2025-06-15 04:09:18 - [WARNING] Suspicious activity detected: ddos
2025-06-15 04:20:12 - [INFO] user login
2025-06-15 04:20:57 - [WARNING] Suspicious activity detected: brute_force
2025-06-15 04:30:53 - [INFO] system check passed
2025-06-15 04:49:28 - [INFO] user login
2025-06-15 05:07:58 - [WARNING] Suspicious activity detected: ip_blocked
2025-06-15 05:14:55 - [INFO] config updated
2025-06-15 05:19:52 - [WARNING] Suspicious activity detected: sql_injection
2025-06-15 05:56:11 - [WARNING] Suspicious activity detected: unauthorized_access
2025-06-15 05:58:27 - [WARNING] Suspicious activity detected: sql_injection
2025-06-15 05:58:33 - [WARNING] Suspicious activity detected: malware
2025-06-15 06:01:30 - [WARNING] Suspicious activity detected: brute_force
2025-06-15 06:09:18 - [WARNING] Suspicious activity detected: brute_force
2025-06-15 06:10:50 - [INFO] backup completed
2025-06-15 06:16:16 - [INFO] config updated
2025-06-15 06:18:38 - [INFO] file uploaded
2025-06-15 06:20:17 - [INFO] file downloaded
2025-06-15 07:07:02 - [INFO] file uploaded
2025-06-15 07:32:37 - [INFO] file downloaded
2025-06-15 07:46:03 - [INFO] file downloaded
2025-06-15 08:00:01 - [INFO] system check passed
2025-06-15 08:10:20 - [WARNING] Suspicious activity detected: malware
2025-06-15 08:20:34 - [WARNING] Suspicious activity detected: ip_blocked
2025-06-15 08:21:20 - [INFO] backup completed
2025-06-15 08:25:01 - [INFO] user login
2025-06-15 08:26:21 - [WARNING] Suspicious activity detected: brute_force
2025-06-15 08:26:47 - [INFO] user login
2025-06-15 08:44:48 - [INFO] email sent
2025-06-15 08:45:59 - [WARNING] Suspicious activity detected: intrusion
2025-06-15 08:50:06 - [INFO] system check passed
2025-06-15 08:55:40 - [WARNING] Suspicious activity detected: ip_blocked
2025-06-15 09:02:15 - [INFO] config updated
2025-06-15 09:11:11 - [INFO] backup completed
2025-06-15 09:12:06 - [INFO] file downloaded
2025-06-15 09:13:32 - [INFO] config updated
2025-06-15 09:16:20 - [INFO] file uploaded
2025-06-15 09:17:34 - [INFO] file uploaded
2025-06-15 09:35:49 - [INFO] backup completed
2025-06-15 09:39:22 - [INFO] user login
2025-06-15 09:48:33 - [INFO] system check passed
2025-06-15 09:49:03 - [INFO] config updated
2025-06-15 09:59:31 - [INFO] email sent
2025-06-15 10:08:09 - [WARNING] Suspicious activity detected: ddos
2025-06-15 10:10:33 - [WARNING] Suspicious activity detected: sql_injection
2025-06-15 10:14:44 - [INFO] user login
2025-06-15 10:23:40 - [WARNING] Suspicious activity detected: ddos
2025-06-15 10:35:24 - [INFO] backup completed
2025-06-15 10:56:35 - [WARNING] Suspicious activity detected: brute_force
2025-06-15 11:02:39 - [INFO] config updated
2025-06-15 11:07:58 - [INFO] file uploaded
2025-06-15 11:15:48 - [WARNING] Suspicious activity detected: sql_injection
2025-06-15 11:21:24 - [WARNING] Suspicious activity detected: sql_injection
2025-06-15 11:37:44 - [INFO] user login
2025-06-15 11:47:44 - [WARNING] Suspicious activity detected: brute_force
2025-06-15 11:49:52 - [WARNING] Suspicious activity detected: ddos
2025-06-15 11:55:31 - [INFO] backup completed
2025-06-15 11:57:17 - [INFO] config updated
2025-06-15 12:05:35 - [INFO] file uploaded
2025-06-15 12:10:48 - [INFO] backup completed
2025-06-15 12:18:25 - [INFO] file downloaded
2025-06-15 12:59:34 - [INFO] backup completed
2025-06-15 13:02:59 - [WARNING] Suspicious activity detected: sql_injection
2025-06-15 13:09:35 - [INFO] system check passed
2025-06-15 13:11:35 - [INFO] system check passed
2025-06-15 13:14:13 - [INFO] backup completed
2025-06-15 13:39:53 - [WARNING] Suspicious activity detected: malware
2025-06-15 13:49:17 - [INFO] file uploaded
2025-06-15 13:54:42 - [INFO] config updated
2025-06-15 14:13:24 - [WARNING] Suspicious activity detected: ip_blocked
2025-06-15 14:30:24 - [WARNING] Suspicious activity detected: ip_blocked
2025-06-15 14:32:54 - [INFO] file uploaded
2025-06-15 14:41:53 - [INFO] file uploaded
2025-06-15 14:46:45 - [WARNING] Suspicious activity detected: unauthorized_access
2025-06-15 16:00:22 - [WARNING] Suspicious activity detected: ddos
2025-06-15 16:07:28 - [WARNING] Suspicious activity detected: brute_force
2025-06-15 16:13:48 - [INFO] email sent
2025-06-15 16:18:57 - [INFO] system check passed
2025-06-15 16:28:13 - [WARNING] Suspicious activity detected: sql_injection
2025-06-15 16:31:20 - [INFO] user login
2025-06-15 16:31:22 - [INFO] user login
2025-06-15 16:47:54 - [INFO] backup completed
2025-06-15 17:07:54 - [INFO] backup completed
2025-06-15 17:32:18 - [WARNING] Suspicious activity detected: unauthorized_access
2025-06-15 17:39:46 - [INFO] system check passed
2025-06-15 17:44:56 - [INFO] system check passed
2025-06-15 17:52:21 - [WARNING] Suspicious activity detected: unauthorized_access
2025-06-15 17:58:16 - [INFO] backup completed
2025-06-15 18:14:12 - [WARNING] Suspicious activity detected: malware
2025-06-15 18:20:30 - [WARNING] Suspicious activity detected: unauthorized_access
2025-06-15 18:23:46 - [INFO] backup completed
2025-06-15 18:28:21 - [WARNING] Suspicious activity detected: ip_blocked
2025-06-15 18:41:28 - [WARNING] Suspicious activity detected: ip_blocked
2025-06-15 18:46:04 - [INFO] config updated
2025-06-15 18:52:10 - [WARNING] Suspicious activity detected: intrusion
2025-06-15 19:13:04 - [INFO] config updated
2025-06-15 19:18:00 - [WARNING] Suspicious activity detected: unauthorized_access
2025-06-15 19:44:08 - [INFO] file downloaded
2025-06-15 19:46:12 - [INFO] system check passed
2025-06-15 19:48:14 - [INFO] file uploaded
2025-06-15 19:48:55 - [INFO] email sent
2025-06-15 19:49:34 - [WARNING] Suspicious activity detected: unauthorized_access
2025-06-15 19:50:35 - [INFO] config updated
2025-06-15 19:55:45 - [INFO] system check passed
2025-06-15 20:17:47 - [INFO] config updated
2025-06-15 20:23:42 - [INFO] config updated
2025-06-15 20:26:03 - [INFO] system check passed
2025-06-15 20:40:15 - [INFO] file downloaded
2025-06-15 20:45:12 - [INFO] config updated
2025-06-15 20:49:26 - [INFO] backup completed
2025-06-15 20:53:20 - [WARNING] Suspicious activity detected: port_scan
2025-06-15 20:58:54 - [WARNING] Suspicious activity detected: brute_force
2025-06-15 21:01:33 - [WARNING] Suspicious activity detected: unauthorized_access
2025-06-15 21:06:33 - [WARNING] Suspicious activity detected: intrusion
2025-06-15 21:15:33 - [WARNING] Suspicious activity detected: malware
2025-06-15 21:15:56 - [INFO] file downloaded
2025-06-15 21:17:02 - [WARNING] Suspicious activity detected: ip_blocked
2025-06-15 21:26:50 - [INFO] config updated
2025-06-15 21:28:22 - [INFO] file downloaded
2025-06-15 21:48:25 - [INFO] file downloaded
2025-06-15 21:56:11 - [INFO] file uploaded
2025-06-15 22:05:12 - [INFO] file downloaded
2025-06-15 22:13:05 - [INFO] backup completed
2025-06-15 22:14:02 - [WARNING] Suspicious activity detected: ip_blocked
2025-06-15 22:16:21 - [INFO] file uploaded
2025-06-15 22:40:32 - [INFO] config updated
2025-06-15 22:42:27 - [WARNING] Suspicious activity detected: port_scan
2025-06-15 22:50:28 - [WARNING] Suspicious activity detected: ip_blocked
2025-06-15 22:56:16 - [INFO] user login
2025-06-15 23:02:09 - [INFO] config updated
2025-06-15 23:17:19 - [INFO] system check passed
2025-06-15 23:19:11 - [INFO] config updated
2025-06-15 23:27:27 - [WARNING] Suspicious activity detected: port_scan
2025-06-15 23:35:33 - [WARNING] Suspicious activity detected: malware
2025-06-15 23:43:22 - [WARNING] Suspicious activity detected: sql_injection
2025-06-15 23:43:47 - [WARNING] Suspicious activity detected: port_scan
2025-06-15 23:56:50 - [INFO] system check passed