2025-02-21 00:19:34 - [WARNING] Suspicious activity detected: malware
2025-02-21 00:21:05 - [WARNING] Suspicious activity detected: unauthorized_access
2025-02-21 00:26:23 - [WARNING] Suspicious activity detected: intrusion
2025-02-21 00:27:03 - [INFO] backup completed
2025-02-21 00:30:35 - [INFO] backup completed
2025-02-21 00:38:04 - [INFO] email sent
2025-02-21 00:40:04 - [INFO] system check passed
2025-02-21 00:49:06 - [INFO] file downloaded
2025-02-21 00:53:17 - [INFO] system check passed
2025-02-21 00:56:10 - [WARNING] Suspicious activity detected: port_scan
2025-02-21 01:00:24 - [WARNING] Suspicious activity detected: malware
2025-02-21 01:07:54 - [INFO] system check passed
2025-02-21 01:14:26 - [INFO] backup completed
2025-02-21 01:28:48 - [INFO] file uploaded
2025-02-21 01:39:49 - [WARNING] Suspicious activity detected: intrusion
2025-02-21 01:45:40 - [INFO] user login
2025-02-21 01:46:12 - [INFO] file uploaded
2025-02-21 01:50:09 - [INFO] file uploaded
2025-02-21 01:50:24 - [INFO] backup completed
2025-02-21 01:53:10 - [INFO] system check passed
2025-02-21 02:13:33 - [WARNING] Suspicious activity detected: sql_injection
2025-02-21 02:22:15 - [INFO] backup completed
2025-02-21 02:25:17 - [INFO] system check passed
2025-02-21 02:30:19 - [WARNING] Suspicious activity detected: ip_blocked
2025-02-21 02:33:59 - [INFO] system check passed
2025-02-21 02:40:48 - [WARNING] Suspicious activity detected: intrusion
2025-02-21 02:42:50 - [INFO] user login
2025-02-21 02:44:02 - [INFO] file uploaded
2025-02-21 02:45:17 - [INFO] backup completed
2025-02-21 02:46:56 - [INFO] email sent
2025-02-21 02:54:31 - [WARNING] Suspicious activity detected: brute_force
2025-02-21 02:55:16 - [INFO] file downloaded
2025-02-21 03:06:03 - [WARNING] Suspicious activity detected: intrusion
2025-02-21 03:07:37 - [INFO] config updated
2025-02-21 03:15:56 - [INFO] user login
2025-02-21 03:23:02 - [INFO] config updated
2025-02-21 03:25:39 - [INFO] email sent
2025-02-21 03:31:59 - [WARNING] Suspicious activity detected: intrusion
2025-02-21 03:34:05 - [WARNING] Suspicious activity detected: ip_blocked
2025-02-21 03:36:27 - [INFO] email sent
2025-02-21 04:01:39 - [INFO] file uploaded
2025-02-21 04:10:24 - [WARNING] Suspicious activity detected: ddos
2025-02-21 04:12:21 - [INFO] email sent
2025-02-21 04:18:30 - [INFO] system check passed
2025-02-21 04:25:31 - [INFO] user login
2025-02-21 04:32:21 - [INFO] file uploaded
2025-02-21 04:33:51 - [INFO] user login
2025-02-21 04:34:51 - [INFO] email sent
2025-02-21 04:35:46 - [INFO] config updated
2025-02-21 04:38:19 - [INFO] user login
2025-02-21 04:43:10 - [INFO] config updated
2025-02-21 04:58:34 - [WARNING] Suspicious activity detected: ddos
2025-02-21 05:16:37 - [WARNING] Suspicious activity detected: unauthorized_access
2025-02-21 05:23:22 - [INFO] file downloaded
2025-02-21 05:25:24 - [INFO] config updated
2025-02-21 05:25:43 - [INFO] config updated
2025-02-21 05:27:49 - [INFO] file uploaded
2025-02-21 05:37:58 - [INFO] user login
2025-02-21 05:51:19 - [INFO] system check passed
2025-02-21 05:52:03 - [INFO] file uploaded
2025-02-21 05:58:56 - [INFO] system check passed
2025-02-21 06:02:22 - [WARNING] Suspicious activity detected: unauthorized_access
2025-02-21 06:05:36 - [WARNING] Suspicious activity detected: ip_blocked
2025-02-21 06:12:00 - [INFO] system check passed
2025-02-21 06:15:28 - [WARNING] Suspicious activity detected: unauthorized_access
2025-02-21 06:43:49 - [INFO] file uploaded
2025-02-21 06:43:53 - [WARNING] Suspicious activity detected: port_scan
2025-02-21 07:02:14 - [WARNING] Suspicious activity detected: ddos
2025-02-21 07:06:45 - [INFO] user login
2025-02-21 07:12:48 - [INFO] file uploaded
2025-02-21 07:13:21 - [INFO] system check passed
2025-02-21 07:17:59 - [INFO] system check passed
2025-02-21 07:19:20 - [WARNING] Suspicious activity detected: intrusion
2025-02-21 07:25:20 - [INFO] user login
2025-02-21 07:37:26 - [INFO] file uploaded
2025-02-21 07:43:58 - [INFO] user login
2025-02-21 07:44:04 - [INFO] file uploaded
2025-02-21 07:44:35 - [INFO] file uploaded
2025-02-21 07:56:51 - [WARNING] Suspicious activity detected: ip_blocked
2025-02-21 08:08:58 - [INFO] system check passed
2025-02-21 08:16:33 - [INFO] backup completed
2025-02-21 08:17:24 - [INFO] user login
2025-02-21 08:19:12 - [INFO] config updated
2025-02-21 08:24:36 - [WARNING] Suspicious activity detected: ddos
2025-02-21 08:25:26 - [INFO] file uploaded
2025-02-21 08:31:55 - [INFO] file downloaded
2025-02-21 08:34:51 - [WARNING] Suspicious activity detected: ddos
2025-02-21 08:42:03 - [INFO] config updated
2025-02-21 08:47:42 - [INFO] system check passed
2025-02-21 08:55:21 - [WARNING] Suspicious activity detected: port_scan
2025-02-21 08:58:59 - [WARNING] Suspicious activity detected: unauthorized_access
2025-02-21 09:03:58 - [WARNING] Suspicious activity detected: port_scan
2025-02-21 09:07:27 - [INFO] user login
2025-02-21 09:08:23 - [INFO] file downloaded
2025-02-21 09:10:10 - [INFO] system check passed
2025-02-21 09:10:30 - [WARNING] Suspicious activity detected: brute_force
2025-02-21 09:11:41 - [INFO] file uploaded
2025-02-21 09:12:10 - [INFO] file uploaded
2025-02-21 09:12:40 - [INFO] file downloaded
2025-02-21 09:32:21 - [WARNING] Suspicious activity detected: malware
2025-02-21 09:38:10 - [INFO] user login
2025-02-21 09:39:57 - [INFO] email sent
2025-02-21 09:41:36 - [INFO] backup completed
2025-02-21 09:44:54 - [INFO] user login
2025-02-21 09:47:34 - [INFO] backup completed
2025-02-21 09:58:11 - [INFO] file downloaded
2025-02-21 10:15:28 - [INFO] email sent
2025-02-21 10:32:45 - [INFO] user login
2025-02-21 10:34:40 - [INFO] file downloaded
2025-02-21 10:51:07 - [INFO] user login
2025-02-21 10:51:48 - [WARNING] Suspicious activity detected: intrusion
2025-02-21 10:57:25 - [INFO] backup completed
2025-02-21 10:58:48 - [WARNING] Suspicious activity detected: intrusion
2025-02-21 11:04:36 - [INFO] file uploaded
2025-02-21 11:07:08 - [INFO] system check passed
2025-02-21 11:08:15 - [INFO] file uploaded
2025-02-21 11:16:38 - [INFO] file uploaded
2025-02-21 11:19:23 - [INFO] file downloaded
2025-02-21 11:32:31 - [INFO] file uploaded
2025-02-21 11:32:40 - [WARNING] Suspicious activity detected: intrusion
2025-02-21 11:34:14 - [WARNING] Suspicious activity detected: malware
2025-02-21 11:51:26 - [INFO] file uploaded
2025-02-21 12:01:54 - [WARNING] Suspicious activity detected: ip_blocked
2025-02-21 12:08:22 - [INFO] system check passed
2025-02-21 12:19:58 - [INFO] user login
2025-02-21 12:23:30 - [INFO] user login
2025-02-21 12:29:29 - [WARNING] Suspicious activity detected: unauthorized_access
2025-02-21 12:34:45 - [INFO] config updated
2025-02-21 12:36:16 - [INFO] config updated
2025-02-21 12:39:22 - [INFO] config updated
2025-02-21 12:46:37 - [WARNING] Suspicious activity detected: sql_injection
2025-02-21 12:52:45 - [INFO] user login
2025-02-21 13:03:40 - [INFO] user login
2025-02-21 13:04:55 - [INFO] backup completed
2025-02-21 13:09:24 - [INFO] file uploaded
2025-02-21 13:19:53 - [INFO] email sent
2025-02-21 13:21:29 - [WARNING] Suspicious activity detected: sql_injection
2025-02-21 13:35:33 - [INFO] config updated
2025-02-21 13:36:50 - [INFO] user login
2025-02-21 13:43:26 - [INFO] config updated
2025-02-21 13:50:35 - [WARNING] Suspicious activity detected: intrusion
2025-02-21 13:53:13 - [INFO] backup completed
2025-02-21 14:11:52 - [INFO] file uploaded
2025-02-21 14:20:41 - [INFO] config updated
2025-02-21 14:21:53 - [INFO] email sent
2025-02-21 14:23:18 - [WARNING] Suspicious activity detected: ip_blocked
2025-02-21 14:30:10 - [INFO] backup completed
2025-02-21 14:32:31 - [INFO] file uploaded
2025-02-21 14:34:25 - [INFO] user login
2025-02-21 14:38:09 - [INFO] file uploaded
2025-02-21 14:38:49 - [WARNING] Suspicious activity detected: ip_blocked
2025-02-21 14:56:29 - [WARNING] Suspicious activity detected: intrusion
2025-02-21 15:00:01 - [INFO] file downloaded
2025-02-21 15:02:57 - [INFO] user login
2025-02-21 15:12:52 - [INFO] backup completed
2025-02-21 15:26:08 - [INFO] file downloaded
2025-02-21 15:26:53 - [WARNING] Suspicious activity detected: port_scan
2025-02-21 15:29:37 - [INFO] file uploaded
2025-02-21 15:37:21 - [INFO] system check passed
2025-02-21 15:39:08 - [INFO] config updated
2025-02-21 15:45:53 - [INFO] user login
2025-02-21 15:46:28 - [INFO] file uploaded
2025-02-21 15:49:21 - [INFO] file uploaded
2025-02-21 15:50:30 - [INFO] backup completed
2025-02-21 16:28:58 - [WARNING] Suspicious activity detected: brute_force
2025-02-21 16:31:10 - [INFO] system check passed
2025-02-21 16:31:19 - [INFO] file downloaded
2025-02-21 16:36:50 - [WARNING] Suspicious activity detected: intrusion
2025-02-21 16:47:17 - [INFO] email sent
2025-02-21 16:50:00 - [INFO] file downloaded
2025-02-21 16:55:43 - [INFO] config updated
2025-02-21 17:16:07 - [WARNING] Suspicious activity detected: intrusion
2025-02-21 17:21:18 - [INFO] system check passed
2025-02-21 17:25:26 - [INFO] file uploaded
2025-02-21 17:35:32 - [INFO] user login
2025-02-21 17:40:15 - [INFO] backup completed
2025-02-21 17:51:29 - [INFO] backup completed
2025-02-21 17:54:02 - [WARNING] Suspicious activity detected: malware
2025-02-21 17:56:25 - [INFO] file downloaded
2025-02-21 17:57:41 - [INFO] file uploaded
2025-02-21 17:58:49 - [INFO] file downloaded
2025-02-21 18:00:38 - [WARNING] Suspicious activity detected: malware
2025-02-21 18:03:48 - [INFO] backup completed
2025-02-21 18:19:04 - [WARNING] Suspicious activity detected: sql_injection
2025-02-21 18:28:16 - [INFO] file downloaded
2025-02-21 18:30:25 - [WARNING] Suspicious activity detected: malware
2025-02-21 18:33:49 - [INFO] email sent
2025-02-21 18:37:00 - [WARNING] Suspicious activity detected: ddos
2025-02-21 18:45:56 - [WARNING] Suspicious activity detected: malware
2025-02-21 18:49:36 - [INFO] config updated
2025-02-21 18:52:07 - [INFO] email sent
2025-02-21 19:01:50 - [INFO] file uploaded
2025-02-21 19:09:46 - [INFO] config updated
2025-02-21 19:14:03 - [INFO] system check passed
2025-02-21 19:23:29 - [INFO] user login
2025-02-21 19:26:11 - [INFO] file uploaded
2025-02-21 19:36:01 - [INFO] system check passed
2025-02-21 19:37:59 - [INFO] file uploaded
2025-02-21 19:40:29 - [INFO] user login
2025-02-21 19:41:28 - [INFO] user login
2025-02-21 19:45:57 - [INFO] file downloaded
2025-02-21 19:54:30 - [INFO] config updated
2025-02-21 20:01:41 - [INFO] file downloaded
2025-02-21 20:03:58 - [INFO] user login
2025-02-21 20:13:36 - [INFO] system check passed
2025-02-21 20:19:19 - [INFO] file uploaded
2025-02-21 20:27:45 - [INFO] backup completed
2025-02-21 20:40:35 - [WARNING] Suspicious activity detected: ip_blocked
2025-02-21 20:45:55 - [WARNING] Suspicious activity detected: unauthorized_access
2025-02-21 20:48:20 - [INFO] system check passed
2025-02-21 20:54:12 - [INFO] backup completed
2025-02-21 21:01:48 - [WARNING] Suspicious activity detected: ddos
2025-02-21 21:05:09 - [INFO] user login
2025-02-21 21:11:02 - [INFO] file uploaded
2025-02-21 21:21:09 - [INFO] email sent
2025-02-21 21:24:33 - [WARNING] Suspicious activity detected: ip_blocked
2025-02-21 21:36:25 - [INFO] file downloaded
2025-02-21 21:40:42 - [WARNING] Suspicious activity detected: ddos
2025-02-21 21:50:02 - [INFO] email sent
2025-02-21 22:04:03 - [INFO] backup completed
2025-02-21 22:04:16 - [INFO] backup completed
2025-02-21 22:09:36 - [INFO] email sent
2025-02-21 22:22:30 - [INFO] file uploaded
2025-02-21 22:41:48 - [INFO] user login
2025-02-21 22:45:22 - [WARNING] Suspicious activity detected: port_scan
2025-02-21 22:53:08 - [INFO] file uploaded
2025-02-21 22:54:19 - [INFO] file uploaded
2025-02-21 22:55:28 - [WARNING] Suspicious activity detected: ddos
2025-02-21 23:03:36 - [INFO] file downloaded
2025-02-21 23:03:47 - [INFO] email sent
2025-02-21 23:19:29 - [INFO] config updated
2025-02-21 23:25:03 - [INFO] email sent
2025-02-21 23:26:00 - [WARNING] Suspicious activity detected: unauthorized_access
2025-02-21 23:37:08 - [INFO] file uploaded
2025-02-21 23:45:20 - [INFO] file downloaded
2025-02-21 23:51:48 - [INFO] email sent
2025-02-21 23:53:46 - [WARNING] Suspicious activity detected: intrusion