2025-04-24 00:02:17 - [INFO] backup completed
2025-04-24 00:04:26 - [WARNING] Suspicious activity detected: ip_blocked
2025-04-24 00:12:35 - [WARNING] Suspicious activity detected: ip_blocked
2025-04-24 00:13:28 - [INFO] file downloaded
2025-04-24 00:15:29 - [INFO] file downloaded
2025-04-24 00:18:36 - [INFO] system check passed
2025-04-24 00:31:03 - [INFO] file uploaded
2025-04-24 00:33:20 - [WARNING] Suspicious activity detected: ddos
2025-04-24 00:34:03 - [INFO] email sent
2025-04-24 00:50:55 - [INFO] backup completed
2025-04-24 00:54:42 - [WARNING] Suspicious activity detected: intrusion
2025-04-24 01:12:34 - [WARNING] Suspicious activity detected: port_scan
2025-04-24 01:15:49 - [INFO] file downloaded
2025-04-24 01:17:00 - [WARNING] Suspicious activity detected: unauthorized_access
2025-04-24 01:20:29 - [INFO] system check passed
2025-04-24 01:21:53 - [INFO] system check passed
2025-04-24 01:24:12 - [INFO] user login
2025-04-24 01:27:25 - [WARNING] Suspicious activity detected: intrusion
2025-04-24 01:50:01 - [INFO] file downloaded
2025-04-24 01:52:53 - [WARNING] Suspicious activity detected: port_scan
2025-04-24 01:59:08 - [INFO] system check passed
2025-04-24 02:06:17 - [INFO] user login
2025-04-24 02:06:34 - [WARNING] Suspicious activity detected: port_scan
2025-04-24 02:20:42 - [INFO] file uploaded
2025-04-24 02:24:43 - [WARNING] Suspicious activity detected: intrusion
2025-04-24 02:27:42 - [INFO] user login
2025-04-24 02:36:39 - [INFO] user login
2025-04-24 02:40:09 - [WARNING] Suspicious activity detected: sql_injection
2025-04-24 02:55:14 - [INFO] email sent
2025-04-24 02:55:55 - [WARNING] Suspicious activity detected: ip_blocked
2025-04-24 02:58:37 - [INFO] user login
2025-04-24 03:01:57 - [INFO] file uploaded
2025-04-24 03:10:51 - [INFO] config updated
2025-04-24 03:14:52 - [WARNING] Suspicious activity detected: ip_blocked
2025-04-24 03:17:14 - [INFO] config updated
2025-04-24 03:19:52 - [INFO] system check passed
2025-04-24 03:25:58 - [INFO] system check passed
2025-04-24 03:26:46 - [INFO] file downloaded
2025-04-24 03:35:42 - [WARNING] Suspicious activity detected: brute_force
2025-04-24 03:44:16 - [WARNING] Suspicious activity detected: unauthorized_access
2025-04-24 03:46:27 - [WARNING] Suspicious activity detected: sql_injection
2025-04-24 03:48:39 - [INFO] system check passed
2025-04-24 03:54:00 - [WARNING] Suspicious activity detected: ip_blocked
2025-04-24 03:54:28 - [INFO] user login
2025-04-24 03:54:47 - [INFO] file uploaded
2025-04-24 04:08:53 - [INFO] file uploaded
2025-04-24 04:10:07 - [INFO] email sent
2025-04-24 04:12:06 - [WARNING] Suspicious activity detected: ddos
2025-04-24 04:22:49 - [WARNING] Suspicious activity detected: ip_blocked
2025-04-24 04:28:46 - [INFO] system check passed
2025-04-24 04:28:51 - [WARNING] Suspicious activity detected: sql_injection
2025-04-24 04:36:16 - [INFO] system check passed
2025-04-24 04:36:51 - [INFO] email sent
2025-04-24 04:41:33 - [WARNING] Suspicious activity detected: ip_blocked
2025-04-24 04:46:58 - [INFO] user login
2025-04-24 04:57:36 - [WARNING] Suspicious activity detected: sql_injection
2025-04-24 05:01:49 - [WARNING] Suspicious activity detected: intrusion
2025-04-24 05:12:10 - [INFO] backup completed
2025-04-24 05:14:33 - [WARNING] Suspicious activity detected: intrusion
2025-04-24 05:46:01 - [INFO] file uploaded
2025-04-24 05:47:06 - [INFO] user login
2025-04-24 05:49:17 - [INFO] backup completed
2025-04-24 05:52:43 - [WARNING] Suspicious activity detected: sql_injection
2025-04-24 06:01:58 - [INFO] email sent
2025-04-24 06:03:32 - [WARNING] Suspicious activity detected: port_scan
2025-04-24 06:10:19 - [INFO] backup completed
2025-04-24 06:11:37 - [INFO] file downloaded
2025-04-24 06:11:45 - [WARNING] Suspicious activity detected: intrusion
2025-04-24 06:18:44 - [INFO] file uploaded
2025-04-24 06:20:39 - [INFO] user login
2025-04-24 06:27:23 - [INFO] user login
2025-04-24 06:28:27 - [WARNING] Suspicious activity detected: sql_injection
2025-04-24 06:38:30 - [INFO] user login
2025-04-24 06:44:08 - [INFO] backup completed
2025-04-24 06:48:16 - [INFO] user login
2025-04-24 07:06:06 - [WARNING] Suspicious activity detected: intrusion
2025-04-24 07:19:44 - [INFO] system check passed
2025-04-24 07:28:22 - [WARNING] Suspicious activity detected: intrusion
2025-04-24 08:09:04 - [WARNING] Suspicious activity detected: ddos
2025-04-24 08:18:15 - [INFO] user login
2025-04-24 08:22:01 - [INFO] user login
2025-04-24 08:23:50 - [INFO] backup completed
2025-04-24 08:24:42 - [INFO] email sent
2025-04-24 08:29:05 - [INFO] config updated
2025-04-24 08:30:03 - [WARNING] Suspicious activity detected: intrusion
2025-04-24 08:34:56 - [INFO] file uploaded
2025-04-24 08:36:45 - [INFO] user login
2025-04-24 08:37:44 - [INFO] email sent
2025-04-24 08:38:29 - [INFO] file downloaded
2025-04-24 08:45:21 - [WARNING] Suspicious activity detected: malware
2025-04-24 08:45:54 - [INFO] user login
2025-04-24 08:50:53 - [INFO] config updated
2025-04-24 08:52:02 - [INFO] user login
2025-04-24 09:04:51 - [INFO] user login
2025-04-24 09:05:17 - [WARNING] Suspicious activity detected: sql_injection
2025-04-24 09:08:24 - [INFO] file downloaded
2025-04-24 09:17:24 - [INFO] file uploaded
2025-04-24 09:25:06 - [INFO] user login
2025-04-24 09:25:37 - [INFO] user login
2025-04-24 09:26:41 - [INFO] email sent
2025-04-24 09:26:58 - [INFO] email sent
2025-04-24 09:42:42 - [INFO] system check passed
2025-04-24 09:46:22 - [INFO] email sent
2025-04-24 09:46:29 - [WARNING] Suspicious activity detected: unauthorized_access
2025-04-24 09:58:03 - [INFO] email sent
2025-04-24 09:59:44 - [WARNING] Suspicious activity detected: port_scan
2025-04-24 10:00:19 - [INFO] email sent
2025-04-24 10:12:06 - [WARNING] Suspicious activity detected: unauthorized_access
2025-04-24 10:17:54 - [WARNING] Suspicious activity detected: brute_force
2025-04-24 10:38:42 - [INFO] user login
2025-04-24 10:40:43 - [WARNING] Suspicious activity detected: port_scan
2025-04-24 10:44:28 - [INFO] backup completed
2025-04-24 10:47:19 - [INFO] file downloaded
2025-04-24 10:47:36 - [WARNING] Suspicious activity detected: port_scan
2025-04-24 11:17:56 - [WARNING] Suspicious activity detected: brute_force
2025-04-24 11:36:31 - [WARNING] Suspicious activity detected: ddos
2025-04-24 11:47:36 - [WARNING] Suspicious activity detected: port_scan
2025-04-24 11:52:10 - [INFO] file downloaded
2025-04-24 11:55:41 - [WARNING] Suspicious activity detected: port_scan
2025-04-24 12:13:15 - [INFO] file downloaded
2025-04-24 12:18:50 - [WARNING] Suspicious activity detected: malware
2025-04-24 12:23:28 - [WARNING] Suspicious activity detected: port_scan
2025-04-24 12:29:22 - [INFO] email sent
2025-04-24 12:30:41 - [INFO] backup completed
2025-04-24 12:35:17 - [INFO] email sent
2025-04-24 13:03:29 - [INFO] email sent
2025-04-24 13:03:57 - [WARNING] Suspicious activity detected: port_scan
2025-04-24 13:22:13 - [INFO] system check passed
2025-04-24 13:25:59 - [WARNING] Suspicious activity detected: ip_blocked
2025-04-24 13:28:23 - [WARNING] Suspicious activity detected: intrusion
2025-04-24 13:31:51 - [WARNING] Suspicious activity detected: ip_blocked
2025-04-24 13:35:18 - [WARNING] Suspicious activity detected: ip_blocked
2025-04-24 13:46:11 - [INFO] user login
2025-04-24 13:50:05 - [INFO] file uploaded
2025-04-24 13:54:31 - [WARNING] Suspicious activity detected: port_scan
2025-04-24 13:56:20 - [WARNING] Suspicious activity detected: unauthorized_access
2025-04-24 13:58:55 - [INFO] file uploaded
2025-04-24 14:01:02 - [WARNING] Suspicious activity detected: port_scan
2025-04-24 14:09:00 - [INFO] file uploaded
2025-04-24 14:09:50 - [WARNING] Suspicious activity detected: unauthorized_access
2025-04-24 14:30:02 - [INFO] backup completed
2025-04-24 14:36:48 - [INFO] user login
2025-04-24 14:39:19 - [WARNING] Suspicious activity detected: brute_force
2025-04-24 14:41:35 - [INFO] backup completed
2025-04-24 14:44:39 - [INFO] system check passed
2025-04-24 14:48:14 - [WARNING] Suspicious activity detected: ddos
2025-04-24 14:58:16 - [WARNING] Suspicious activity detected: port_scan
2025-04-24 14:58:50 - [INFO] file uploaded
2025-04-24 15:00:49 - [INFO] system check passed
2025-04-24 15:01:50 - [INFO] system check passed
2025-04-24 15:02:27 - [INFO] user login
2025-04-24 15:03:26 - [INFO] config updated
2025-04-24 15:03:43 - [WARNING] Suspicious activity detected: unauthorized_access
2025-04-24 15:09:37 - [INFO] file downloaded
2025-04-24 15:22:40 - [INFO] system check passed
2025-04-24 15:24:25 - [INFO] email sent
2025-04-24 15:43:13 - [INFO] user login
2025-04-24 15:55:05 - [WARNING] Suspicious activity detected: malware
2025-04-24 15:58:53 - [WARNING] Suspicious activity detected: sql_injection
2025-04-24 16:02:53 - [INFO] user login
2025-04-24 16:03:35 - [WARNING] Suspicious activity detected: ip_blocked
2025-04-24 16:13:06 - [INFO] config updated
2025-04-24 16:23:35 - [INFO] user login
2025-04-24 16:44:24 - [INFO] file downloaded
2025-04-24 16:47:04 - [WARNING] Suspicious activity detected: ip_blocked
2025-04-24 16:47:51 - [WARNING] Suspicious activity detected: brute_force
2025-04-24 16:50:37 - [WARNING] Suspicious activity detected: ip_blocked
2025-04-24 16:51:14 - [INFO] backup completed
2025-04-24 16:54:07 - [INFO] system check passed
2025-04-24 16:55:35 - [INFO] system check passed
2025-04-24 16:57:45 - [INFO] system check passed
2025-04-24 17:06:06 - [INFO] config updated
2025-04-24 17:08:59 - [INFO] email sent
2025-04-24 17:12:39 - [WARNING] Suspicious activity detected: unauthorized_access
2025-04-24 17:25:16 - [INFO] file uploaded
2025-04-24 17:31:12 - [WARNING] Suspicious activity detected: malware
2025-04-24 17:34:57 - [INFO] backup completed
2025-04-24 17:39:43 - [WARNING] Suspicious activity detected: ddos
2025-04-24 17:41:13 - [INFO] user login
2025-04-24 17:43:44 - [INFO] backup completed
2025-04-24 17:45:10 - [INFO] file uploaded
2025-04-24 17:51:45 - [INFO] email sent
2025-04-24 17:58:14 - [INFO] email sent
2025-04-24 18:08:17 - [INFO] file downloaded
2025-04-24 18:11:46 - [INFO] file downloaded
2025-04-24 18:13:51 - [INFO] file uploaded
2025-04-24 18:18:11 - [INFO] email sent
2025-04-24 18:20:18 - [WARNING] Suspicious activity detected: brute_force
2025-04-24 18:28:36 - [INFO] backup completed
2025-04-24 18:39:22 - [WARNING] Suspicious activity detected: intrusion
2025-04-24 18:52:25 - [INFO] system check passed
2025-04-24 19:08:52 - [INFO] system check passed
2025-04-24 19:25:44 - [WARNING] Suspicious activity detected: port_scan
2025-04-24 19:31:17 - [INFO] system check passed
2025-04-24 19:45:30 - [INFO] system check passed
2025-04-24 19:50:44 - [WARNING] Suspicious activity detected: malware
2025-04-24 20:04:16 - [INFO] file uploaded
2025-04-24 20:13:53 - [WARNING] Suspicious activity detected: sql_injection
2025-04-24 20:22:43 - [INFO] system check passed
2025-04-24 20:39:29 - [WARNING] Suspicious activity detected: unauthorized_access
2025-04-24 20:58:46 - [INFO] file uploaded
2025-04-24 21:06:44 - [WARNING] Suspicious activity detected: unauthorized_access
2025-04-24 21:15:30 - [INFO] backup completed
2025-04-24 21:18:46 - [INFO] file downloaded
2025-04-24 21:22:51 - [INFO] email sent
2025-04-24 21:23:01 - [WARNING] Suspicious activity detected: unauthorized_access
2025-04-24 21:24:52 - [INFO] file downloaded
2025-04-24 21:27:43 - [INFO] email sent
2025-04-24 21:42:38 - [WARNING] Suspicious activity detected: malware
2025-04-24 21:46:16 - [INFO] file uploaded
2025-04-24 22:16:47 - [INFO] file downloaded
2025-04-24 22:16:53 - [WARNING] Suspicious activity detected: intrusion
2025-04-24 22:25:35 - [INFO] backup completed
2025-04-24 22:33:13 - [INFO] user login
2025-04-24 22:39:37 - [WARNING] Suspicious activity detected: brute_force
2025-04-24 22:40:08 - [INFO] user login
2025-04-24 22:44:23 - [INFO] email sent
2025-04-24 22:46:33 - [INFO] system check passed
2025-04-24 22:51:20 - [WARNING] Suspicious activity detected: port_scan
2025-04-24 22:56:11 - [WARNING] Suspicious activity detected: unauthorized_access
2025-04-24 22:57:03 - [INFO] system check passed
2025-04-24 23:07:45 - [INFO] email sent
2025-04-24 23:16:09 - [INFO] file downloaded
2025-04-24 23:17:56 - [WARNING] Suspicious activity detected: brute_force
2025-04-24 23:17:58 - [INFO] user login
2025-04-24 23:18:11 - [WARNING] Suspicious activity detected: unauthorized_access
2025-04-24 23:19:43 - [INFO] file uploaded
2025-04-24 23:44:50 - [INFO] email sent
2025-04-24 23:57:19 - [INFO] user login