2025-03-22 00:00:34 - [INFO] backup completed
2025-03-22 00:04:43 - [INFO] system check passed
2025-03-22 00:06:47 - [WARNING] Suspicious activity detected: unauthorized_access
2025-03-22 00:10:11 - [WARNING] Suspicious activity detected: ip_blocked
2025-03-22 00:10:43 - [INFO] file downloaded
2025-03-22 00:14:28 - [INFO] config updated
2025-03-22 00:15:11 - [WARNING] Suspicious activity detected: unauthorized_access
2025-03-22 00:21:44 - [INFO] user login
2025-03-22 00:28:13 - [INFO] file downloaded
2025-03-22 00:32:46 - [INFO] email sent
2025-03-22 00:33:26 - [INFO] backup completed
2025-03-22 00:48:58 - [WARNING] Suspicious activity detected: sql_injection
2025-03-22 00:49:57 - [INFO] config updated
2025-03-22 01:07:19 - [INFO] system check passed
2025-03-22 01:09:40 - [WARNING] Suspicious activity detected: brute_force
2025-03-22 01:12:43 - [INFO] backup completed
2025-03-22 01:14:35 - [WARNING] Suspicious activity detected: malware
2025-03-22 01:28:10 - [INFO] config updated
2025-03-22 01:47:43 - [WARNING] Suspicious activity detected: port_scan
2025-03-22 01:49:35 - [INFO] file uploaded
2025-03-22 02:12:25 - [INFO] email sent
2025-03-22 02:17:45 - [INFO] user login
2025-03-22 02:25:18 - [INFO] email sent
2025-03-22 02:26:03 - [INFO] config updated
2025-03-22 02:33:05 - [INFO] file uploaded
2025-03-22 02:37:06 - [INFO] email sent
2025-03-22 02:40:10 - [INFO] email sent
2025-03-22 02:41:06 - [INFO] backup completed
2025-03-22 02:43:14 - [INFO] file downloaded
2025-03-22 02:56:01 - [WARNING] Suspicious activity detected: ddos
2025-03-22 02:58:46 - [INFO] email sent
2025-03-22 03:04:06 - [INFO] config updated
2025-03-22 03:13:56 - [INFO] file uploaded
2025-03-22 03:16:15 - [WARNING] Suspicious activity detected: sql_injection
2025-03-22 03:17:52 - [INFO] file downloaded
2025-03-22 03:24:15 - [WARNING] Suspicious activity detected: intrusion
2025-03-22 03:31:03 - [WARNING] Suspicious activity detected: unauthorized_access
2025-03-22 03:39:52 - [INFO] system check passed
2025-03-22 03:43:58 - [WARNING] Suspicious activity detected: intrusion
2025-03-22 03:55:43 - [INFO] user login
2025-03-22 03:59:59 - [INFO] file downloaded
2025-03-22 04:07:30 - [INFO] backup completed
2025-03-22 04:15:49 - [INFO] file uploaded
2025-03-22 04:32:31 - [INFO] file downloaded
2025-03-22 04:33:22 - [WARNING] Suspicious activity detected: ip_blocked
2025-03-22 04:35:56 - [INFO] user login
2025-03-22 04:37:47 - [INFO] file uploaded
2025-03-22 04:39:19 - [INFO] user login
2025-03-22 04:46:45 - [WARNING] Suspicious activity detected: intrusion
2025-03-22 04:51:28 - [WARNING] Suspicious activity detected: sql_injection
2025-03-22 05:00:09 - [WARNING] Suspicious activity detected: brute_force
2025-03-22 05:02:35 - [INFO] file uploaded
2025-03-22 05:12:48 - [INFO] system check passed
2025-03-22 05:14:03 - [INFO] backup completed
2025-03-22 05:21:20 - [WARNING] Suspicious activity detected: ddos
2025-03-22 05:22:53 - [INFO] backup completed
2025-03-22 05:36:24 - [INFO] file uploaded
2025-03-22 05:43:30 - [INFO] backup completed
2025-03-22 05:50:28 - [INFO] config updated
2025-03-22 05:55:15 - [INFO] email sent
2025-03-22 06:01:57 - [INFO] email sent
2025-03-22 06:04:33 - [INFO] file downloaded
2025-03-22 06:18:04 - [INFO] file uploaded
2025-03-22 06:42:37 - [INFO] file uploaded
2025-03-22 06:43:05 - [INFO] file uploaded
2025-03-22 06:46:38 - [WARNING] Suspicious activity detected: unauthorized_access
2025-03-22 06:48:54 - [WARNING] Suspicious activity detected: unauthorized_access
2025-03-22 07:02:59 - [INFO] file uploaded
2025-03-22 07:09:36 - [INFO] backup completed
2025-03-22 07:15:32 - [INFO] file downloaded
2025-03-22 07:18:31 - [WARNING] Suspicious activity detected: unauthorized_access
2025-03-22 07:26:04 - [INFO] system check passed
2025-03-22 07:26:35 - [INFO] system check passed
2025-03-22 07:30:40 - [INFO] config updated
2025-03-22 07:32:29 - [INFO] backup completed
2025-03-22 07:34:02 - [INFO] user login
2025-03-22 07:37:05 - [INFO] email sent
2025-03-22 07:46:22 - [INFO] file downloaded
2025-03-22 07:50:53 - [WARNING] Suspicious activity detected: sql_injection
2025-03-22 07:51:51 - [INFO] file uploaded
2025-03-22 08:01:54 - [INFO] email sent
2025-03-22 08:14:31 - [INFO] backup completed
2025-03-22 08:14:35 - [INFO] file uploaded
2025-03-22 08:17:20 - [INFO] user login
2025-03-22 08:18:28 - [INFO] user login
2025-03-22 08:24:31 - [INFO] user login
2025-03-22 08:25:06 - [WARNING] Suspicious activity detected: unauthorized_access
2025-03-22 08:33:32 - [INFO] user login
2025-03-22 08:36:07 - [INFO] config updated
2025-03-22 08:36:12 - [INFO] config updated
2025-03-22 08:44:24 - [INFO] user login
2025-03-22 08:45:27 - [WARNING] Suspicious activity detected: malware
2025-03-22 08:47:05 - [WARNING] Suspicious activity detected: intrusion
2025-03-22 08:54:35 - [WARNING] Suspicious activity detected: intrusion
2025-03-22 08:57:04 - [INFO] system check passed
2025-03-22 09:05:16 - [WARNING] Suspicious activity detected: malware
2025-03-22 09:13:31 - [INFO] file downloaded
2025-03-22 09:21:13 - [WARNING] Suspicious activity detected: port_scan
2025-03-22 09:22:59 - [INFO] config updated
2025-03-22 09:23:37 - [WARNING] Suspicious activity detected: ip_blocked
2025-03-22 09:28:57 - [INFO] file uploaded
2025-03-22 09:29:24 - [INFO] file uploaded
2025-03-22 09:30:12 - [WARNING] Suspicious activity detected: ip_blocked
2025-03-22 09:34:56 - [INFO] system check passed
2025-03-22 09:52:32 - [INFO] email sent
2025-03-22 10:00:41 - [INFO] file uploaded
2025-03-22 10:03:41 - [WARNING] Suspicious activity detected: port_scan
2025-03-22 10:12:00 - [WARNING] Suspicious activity detected: unauthorized_access
2025-03-22 10:15:52 - [INFO] backup completed
2025-03-22 10:20:54 - [INFO] user login
2025-03-22 10:27:51 - [INFO] config updated
2025-03-22 10:30:28 - [INFO] email sent
2025-03-22 10:40:04 - [INFO] config updated
2025-03-22 10:43:21 - [WARNING] Suspicious activity detected: sql_injection
2025-03-22 10:53:36 - [WARNING] Suspicious activity detected: port_scan
2025-03-22 11:00:35 - [WARNING] Suspicious activity detected: brute_force
2025-03-22 11:11:33 - [WARNING] Suspicious activity detected: ddos
2025-03-22 11:26:49 - [INFO] user login
2025-03-22 11:27:34 - [WARNING] Suspicious activity detected: intrusion
2025-03-22 11:29:56 - [WARNING] Suspicious activity detected: brute_force
2025-03-22 11:36:08 - [INFO] config updated
2025-03-22 11:37:18 - [INFO] file uploaded
2025-03-22 11:44:32 - [INFO] system check passed
2025-03-22 11:50:59 - [INFO] email sent
2025-03-22 11:51:46 - [INFO] config updated
2025-03-22 11:55:43 - [INFO] email sent
2025-03-22 11:57:02 - [INFO] user login
2025-03-22 11:57:27 - [INFO] user login
2025-03-22 12:02:18 - [INFO] file uploaded
2025-03-22 12:10:21 - [WARNING] Suspicious activity detected: brute_force
2025-03-22 12:11:13 - [INFO] backup completed
2025-03-22 12:16:29 - [WARNING] Suspicious activity detected: ip_blocked
2025-03-22 12:18:24 - [WARNING] Suspicious activity detected: malware
2025-03-22 12:23:28 - [INFO] file downloaded
2025-03-22 12:31:40 - [INFO] user login
2025-03-22 12:32:34 - [INFO] file downloaded
2025-03-22 12:33:41 - [INFO] backup completed
2025-03-22 12:48:06 - [INFO] config updated
2025-03-22 12:48:20 - [INFO] config updated
2025-03-22 12:50:43 - [WARNING] Suspicious activity detected: ip_blocked
2025-03-22 12:51:45 - [INFO] file uploaded
2025-03-22 12:52:57 - [WARNING] Suspicious activity detected: intrusion
2025-03-22 12:59:45 - [INFO] file uploaded
2025-03-22 13:00:28 - [WARNING] Suspicious activity detected: malware
2025-03-22 13:04:29 - [INFO] file uploaded
2025-03-22 13:06:08 - [WARNING] Suspicious activity detected: brute_force
2025-03-22 13:08:18 - [INFO] system check passed
2025-03-22 13:11:11 - [WARNING] Suspicious activity detected: brute_force
2025-03-22 13:13:48 - [INFO] file uploaded
2025-03-22 13:16:37 - [INFO] file uploaded
2025-03-22 13:30:13 - [INFO] system check passed
2025-03-22 13:37:33 - [INFO] config updated
2025-03-22 13:37:35 - [INFO] file downloaded
2025-03-22 13:44:04 - [INFO] email sent
2025-03-22 13:46:37 - [WARNING] Suspicious activity detected: ip_blocked
2025-03-22 13:53:12 - [INFO] user login
2025-03-22 13:58:44 - [INFO] config updated
2025-03-22 13:58:58 - [WARNING] Suspicious activity detected: malware
2025-03-22 14:02:09 - [WARNING] Suspicious activity detected: ddos
2025-03-22 14:02:38 - [INFO] file downloaded
2025-03-22 14:12:39 - [WARNING] Suspicious activity detected: ddos
2025-03-22 14:19:32 - [INFO] file downloaded
2025-03-22 14:21:07 - [WARNING] Suspicious activity detected: sql_injection
2025-03-22 14:29:26 - [INFO] user login
2025-03-22 14:34:30 - [INFO] backup completed
2025-03-22 14:34:41 - [INFO] system check passed
2025-03-22 14:39:40 - [INFO] file uploaded
2025-03-22 14:58:00 - [INFO] backup completed
2025-03-22 14:58:08 - [INFO] backup completed
2025-03-22 15:14:56 - [WARNING] Suspicious activity detected: brute_force
2025-03-22 15:18:04 - [INFO] config updated
2025-03-22 15:18:58 - [INFO] backup completed
2025-03-22 15:23:17 - [WARNING] Suspicious activity detected: brute_force
2025-03-22 15:27:38 - [INFO] file downloaded
2025-03-22 15:34:04 - [INFO] file uploaded
2025-03-22 15:40:22 - [WARNING] Suspicious activity detected: brute_force
2025-03-22 15:54:46 - [INFO] config updated
2025-03-22 15:56:06 - [INFO] system check passed
2025-03-22 16:06:17 - [INFO] email sent
2025-03-22 16:11:39 - [INFO] file downloaded
2025-03-22 16:13:39 - [INFO] backup completed
2025-03-22 16:17:22 - [INFO] file uploaded
2025-03-22 16:27:07 - [WARNING] Suspicious activity detected: brute_force
2025-03-22 16:28:24 - [INFO] backup completed
2025-03-22 16:29:25 - [INFO] user login
2025-03-22 16:32:42 - [INFO] file uploaded
2025-03-22 16:33:03 - [INFO] config updated
2025-03-22 16:47:00 - [INFO] file downloaded
2025-03-22 16:50:47 - [INFO] file uploaded
2025-03-22 16:52:46 - [INFO] user login
2025-03-22 17:04:23 - [INFO] file downloaded
2025-03-22 17:10:35 - [WARNING] Suspicious activity detected: port_scan
2025-03-22 17:16:58 - [WARNING] Suspicious activity detected: ip_blocked
2025-03-22 17:29:13 - [INFO] backup completed
2025-03-22 17:33:50 - [INFO] file uploaded
2025-03-22 17:48:07 - [WARNING] Suspicious activity detected: brute_force
2025-03-22 18:03:27 - [INFO] file downloaded
2025-03-22 18:07:56 - [INFO] file downloaded
2025-03-22 18:09:44 - [WARNING] Suspicious activity detected: port_scan
2025-03-22 18:11:25 - [INFO] email sent
2025-03-22 18:16:13 - [WARNING] Suspicious activity detected: unauthorized_access
2025-03-22 18:18:00 - [INFO] file uploaded
2025-03-22 18:22:15 - [INFO] system check passed
2025-03-22 18:22:19 - [WARNING] Suspicious activity detected: port_scan
2025-03-22 18:27:41 - [WARNING] Suspicious activity detected: ip_blocked
2025-03-22 18:33:10 - [WARNING] Suspicious activity detected: malware
2025-03-22 18:35:34 - [INFO] user login
2025-03-22 18:37:56 - [WARNING] Suspicious activity detected: sql_injection
2025-03-22 18:55:41 - [INFO] user login
2025-03-22 19:00:30 - [INFO] file uploaded
2025-03-22 19:02:22 - [WARNING] Suspicious activity detected: malware
2025-03-22 19:17:21 - [INFO] system check passed
2025-03-22 19:40:57 - [WARNING] Suspicious activity detected: port_scan
2025-03-22 19:41:34 - [INFO] file downloaded
2025-03-22 19:49:56 - [WARNING] Suspicious activity detected: brute_force
2025-03-22 19:56:41 - [INFO] config updated
2025-03-22 19:57:52 - [INFO] system check passed
2025-03-22 19:58:29 - [INFO] system check passed
2025-03-22 20:05:02 - [WARNING] Suspicious activity detected: brute_force
2025-03-22 20:10:42 - [WARNING] Suspicious activity detected: sql_injection
2025-03-22 20:14:56 - [INFO] email sent
2025-03-22 20:19:15 - [INFO] user login
2025-03-22 20:30:29 - [WARNING] Suspicious activity detected: unauthorized_access
2025-03-22 20:33:56 - [INFO] system check passed
2025-03-22 20:36:14 - [INFO] backup completed
2025-03-22 20:39:05 - [INFO] system check passed
2025-03-22 20:47:27 - [INFO] user login
2025-03-22 20:55:56 - [WARNING] Suspicious activity detected: malware
2025-03-22 21:02:20 - [INFO] email sent
2025-03-22 21:08:18 - [INFO] file downloaded
2025-03-22 21:15:30 - [INFO] config updated
2025-03-22 21:23:30 - [INFO] system check passed
2025-03-22 21:39:02 - [INFO] backup completed
2025-03-22 21:40:58 - [WARNING] Suspicious activity detected: malware
2025-03-22 21:42:05 - [WARNING] Suspicious activity detected: ddos
2025-03-22 21:59:51 - [INFO] system check passed
2025-03-22 22:07:51 - [INFO] email sent
2025-03-22 22:10:40 - [INFO] email sent
2025-03-22 22:12:28 - [INFO] file downloaded
2025-03-22 22:24:31 - [INFO] system check passed
2025-03-22 22:26:35 - [INFO] backup completed
2025-03-22 22:26:48 - [INFO] file uploaded
2025-03-22 22:30:13 - [INFO] file uploaded
2025-03-22 22:31:56 - [INFO] system check passed
2025-03-22 22:35:05 - [INFO] config updated
2025-03-22 22:49:35 - [INFO] user login
2025-03-22 22:59:40 - [INFO] file downloaded
2025-03-22 23:01:21 - [INFO] user login
2025-03-22 23:15:28 - [INFO] file downloaded
2025-03-22 23:26:14 - [INFO] file uploaded
2025-03-22 23:26:53 - [WARNING] Suspicious activity detected: intrusion
2025-03-22 23:30:12 - [INFO] system check passed
2025-03-22 23:30:41 - [INFO] file uploaded
2025-03-22 23:35:09 - [INFO] email sent
2025-03-22 23:42:13 - [INFO] email sent
2025-03-22 23:42:34 - [WARNING] Suspicious activity detected: ddos
2025-03-22 23:51:23 - [INFO] email sent
2025-03-22 23:56:06 - [INFO] email sent