2025-07-24 00:00:56 - [INFO] file uploaded
2025-07-24 00:35:16 - [INFO] file downloaded
2025-07-24 00:44:40 - [INFO] config updated
2025-07-24 00:49:04 - [INFO] file downloaded
2025-07-24 00:51:22 - [INFO] config updated
2025-07-24 00:57:39 - [INFO] backup completed
2025-07-24 01:02:24 - [INFO] file uploaded
2025-07-24 01:05:48 - [INFO] file uploaded
2025-07-24 01:17:23 - [INFO] file uploaded
2025-07-24 01:38:31 - [INFO] config updated
2025-07-24 01:46:06 - [WARNING] Suspicious activity detected: unauthorized_access
2025-07-24 01:51:07 - [WARNING] Suspicious activity detected: ip_blocked
2025-07-24 01:52:59 - [INFO] user login
2025-07-24 02:21:54 - [WARNING] Suspicious activity detected: brute_force
2025-07-24 02:26:36 - [WARNING] Suspicious activity detected: intrusion
2025-07-24 02:34:22 - [INFO] backup completed
2025-07-24 02:36:41 - [WARNING] Suspicious activity detected: unauthorized_access
2025-07-24 02:40:31 - [INFO] user login
2025-07-24 03:35:49 - [INFO] user login
2025-07-24 03:39:45 - [INFO] file downloaded
2025-07-24 03:39:54 - [INFO] system check passed
2025-07-24 03:42:37 - [INFO] file uploaded
2025-07-24 04:03:47 - [INFO] file uploaded
2025-07-24 04:12:22 - [INFO] file uploaded
2025-07-24 04:44:18 - [INFO] file downloaded
2025-07-24 04:45:54 - [WARNING] Suspicious activity detected: unauthorized_access
2025-07-24 04:52:20 - [INFO] file uploaded
2025-07-24 04:54:41 - [WARNING] Suspicious activity detected: malware
2025-07-24 05:10:53 - [INFO] file downloaded
2025-07-24 05:11:21 - [WARNING] Suspicious activity detected: port_scan
2025-07-24 05:30:35 - [INFO] email sent
2025-07-24 05:33:56 - [INFO] system check passed
2025-07-24 05:34:13 - [INFO] config updated
2025-07-24 05:41:00 - [INFO] user login
2025-07-24 05:41:26 - [WARNING] Suspicious activity detected: port_scan
2025-07-24 05:47:29 - [INFO] backup completed
2025-07-24 05:49:38 - [INFO] system check passed
2025-07-24 06:15:35 - [INFO] config updated
2025-07-24 06:15:50 - [WARNING] Suspicious activity detected: unauthorized_access
2025-07-24 06:20:11 - [INFO] user login
2025-07-24 06:23:44 - [WARNING] Suspicious activity detected: unauthorized_access
2025-07-24 06:33:11 - [WARNING] Suspicious activity detected: brute_force
2025-07-24 06:43:30 - [INFO] system check passed
2025-07-24 06:48:51 - [INFO] config updated
2025-07-24 06:49:18 - [INFO] backup completed
2025-07-24 07:03:41 - [WARNING] Suspicious activity detected: ip_blocked
2025-07-24 07:08:10 - [INFO] file uploaded
2025-07-24 07:09:04 - [INFO] user login
2025-07-24 07:15:34 - [INFO] file uploaded
2025-07-24 07:19:32 - [INFO] config updated
2025-07-24 07:30:19 - [INFO] system check passed
2025-07-24 07:30:38 - [INFO] user login
2025-07-24 07:31:54 - [INFO] file downloaded
2025-07-24 07:39:33 - [WARNING] Suspicious activity detected: ip_blocked
2025-07-24 07:46:15 - [WARNING] Suspicious activity detected: brute_force
2025-07-24 07:46:26 - [INFO] config updated
2025-07-24 07:46:43 - [WARNING] Suspicious activity detected: sql_injection
2025-07-24 07:54:33 - [WARNING] Suspicious activity detected: brute_force
2025-07-24 07:59:38 - [WARNING] Suspicious activity detected: ddos
2025-07-24 08:01:29 - [WARNING] Suspicious activity detected: unauthorized_access
2025-07-24 08:09:07 - [INFO] file downloaded
2025-07-24 08:23:52 - [INFO] file downloaded
2025-07-24 08:42:49 - [WARNING] Suspicious activity detected: unauthorized_access
2025-07-24 08:49:15 - [WARNING] Suspicious activity detected: ddos
2025-07-24 08:50:17 - [WARNING] Suspicious activity detected: ip_blocked
2025-07-24 08:58:01 - [WARNING] Suspicious activity detected: ip_blocked
2025-07-24 09:05:18 - [INFO] file uploaded
2025-07-24 09:08:32 - [INFO] config updated
2025-07-24 09:14:16 - [INFO] file downloaded
2025-07-24 09:15:14 - [INFO] file downloaded
2025-07-24 09:28:11 - [INFO] user login
2025-07-24 09:29:56 - [INFO] config updated
2025-07-24 09:31:19 - [INFO] email sent
2025-07-24 09:32:12 - [INFO] file downloaded
2025-07-24 09:43:36 - [WARNING] Suspicious activity detected: brute_force
2025-07-24 10:01:43 - [WARNING] Suspicious activity detected: brute_force
2025-07-24 10:08:45 - [WARNING] Suspicious activity detected: port_scan
2025-07-24 10:09:39 - [WARNING] Suspicious activity detected: sql_injection
2025-07-24 10:20:19 - [WARNING] Suspicious activity detected: unauthorized_access
2025-07-24 10:35:26 - [INFO] backup completed
2025-07-24 10:37:51 - [WARNING] Suspicious activity detected: sql_injection
2025-07-24 10:43:59 - [WARNING] Suspicious activity detected: ip_blocked
2025-07-24 10:45:38 - [INFO] system check passed
2025-07-24 10:48:44 - [INFO] email sent
2025-07-24 10:50:01 - [INFO] system check passed
2025-07-24 10:56:46 - [WARNING] Suspicious activity detected: intrusion
2025-07-24 11:04:03 - [INFO] backup completed
2025-07-24 11:06:06 - [INFO] config updated
2025-07-24 11:11:31 - [WARNING] Suspicious activity detected: sql_injection
2025-07-24 11:18:25 - [INFO] config updated
2025-07-24 11:22:06 - [INFO] file downloaded
2025-07-24 11:22:40 - [INFO] email sent
2025-07-24 11:28:11 - [WARNING] Suspicious activity detected: malware
2025-07-24 11:46:22 - [WARNING] Suspicious activity detected: brute_force
2025-07-24 11:52:42 - [INFO] file downloaded
2025-07-24 11:52:59 - [INFO] backup completed
2025-07-24 11:53:53 - [WARNING] Suspicious activity detected: intrusion
2025-07-24 12:00:37 - [INFO] config updated
2025-07-24 12:04:44 - [WARNING] Suspicious activity detected: port_scan
2025-07-24 12:28:24 - [WARNING] Suspicious activity detected: ip_blocked
2025-07-24 12:52:01 - [WARNING] Suspicious activity detected: malware
2025-07-24 13:37:19 - [INFO] user login
2025-07-24 13:47:52 - [WARNING] Suspicious activity detected: intrusion
2025-07-24 13:52:07 - [INFO] config updated
2025-07-24 13:52:34 - [INFO] file downloaded
2025-07-24 14:00:20 - [INFO] file uploaded
2025-07-24 14:29:51 - [WARNING] Suspicious activity detected: intrusion
2025-07-24 14:40:43 - [INFO] file downloaded
2025-07-24 14:42:26 - [INFO] backup completed
2025-07-24 14:42:39 - [WARNING] Suspicious activity detected: brute_force
2025-07-24 15:04:24 - [INFO] system check passed
2025-07-24 15:22:21 - [WARNING] Suspicious activity detected: ip_blocked
2025-07-24 15:22:48 - [WARNING] Suspicious activity detected: brute_force
2025-07-24 15:27:39 - [INFO] email sent
2025-07-24 15:52:37 - [INFO] backup completed
2025-07-24 15:57:51 - [WARNING] Suspicious activity detected: brute_force
2025-07-24 15:59:57 - [WARNING] Suspicious activity detected: intrusion
2025-07-24 16:13:08 - [INFO] file uploaded
2025-07-24 16:16:31 - [INFO] file uploaded
2025-07-24 16:21:04 - [INFO] backup completed
2025-07-24 16:31:28 - [INFO] config updated
2025-07-24 16:43:56 - [INFO] file downloaded
2025-07-24 16:53:32 - [WARNING] Suspicious activity detected: ip_blocked
2025-07-24 16:55:30 - [INFO] backup completed
2025-07-24 16:58:50 - [INFO] file downloaded
2025-07-24 17:06:57 - [INFO] backup completed
2025-07-24 17:30:54 - [INFO] user login
2025-07-24 17:35:35 - [INFO] file uploaded
2025-07-24 18:18:59 - [WARNING] Suspicious activity detected: malware
2025-07-24 18:19:23 - [INFO] file uploaded
2025-07-24 18:35:12 - [INFO] file downloaded
2025-07-24 18:37:07 - [WARNING] Suspicious activity detected: intrusion
2025-07-24 18:48:05 - [WARNING] Suspicious activity detected: sql_injection
2025-07-24 19:04:06 - [INFO] config updated
2025-07-24 19:17:11 - [WARNING] Suspicious activity detected: sql_injection
2025-07-24 19:34:24 - [WARNING] Suspicious activity detected: port_scan
2025-07-24 19:51:13 - [INFO] backup completed
2025-07-24 19:53:18 - [WARNING] Suspicious activity detected: ddos
2025-07-24 19:59:04 - [WARNING] Suspicious activity detected: brute_force
2025-07-24 20:26:06 - [INFO] system check passed
2025-07-24 20:38:46 - [INFO] file uploaded
2025-07-24 21:10:44 - [INFO] system check passed
2025-07-24 21:15:41 - [INFO] file uploaded
2025-07-24 21:17:50 - [WARNING] Suspicious activity detected: port_scan
2025-07-24 21:26:06 - [INFO] system check passed
2025-07-24 21:29:44 - [INFO] user login
2025-07-24 21:34:51 - [INFO] file uploaded
2025-07-24 21:41:04 - [INFO] user login
2025-07-24 21:56:52 - [WARNING] Suspicious activity detected: brute_force
2025-07-24 22:08:37 - [INFO] email sent
2025-07-24 22:10:29 - [WARNING] Suspicious activity detected: intrusion
2025-07-24 22:17:53 - [INFO] file downloaded
2025-07-24 22:21:55 - [WARNING] Suspicious activity detected: port_scan
2025-07-24 22:26:57 - [INFO] user login
2025-07-24 22:28:20 - [INFO] config updated
2025-07-24 22:32:44 - [WARNING] Suspicious activity detected: intrusion
2025-07-24 22:42:57 - [INFO] config updated
2025-07-24 22:45:16 - [WARNING] Suspicious activity detected: unauthorized_access
2025-07-24 22:45:17 - [INFO] email sent
2025-07-24 23:08:45 - [INFO] user login
2025-07-24 23:29:58 - [INFO] config updated
2025-07-24 23:50:16 - [WARNING] Suspicious activity detected: port_scan
2025-07-24 23:59:08 - [WARNING] Suspicious activity detected: ip_blocked