2025-06-25 00:05:18 - [INFO] file uploaded
2025-06-25 00:12:26 - [WARNING] Suspicious activity detected: port_scan
2025-06-25 00:19:12 - [INFO] email sent
2025-06-25 00:29:40 - [INFO] backup completed
2025-06-25 00:35:22 - [INFO] user login
2025-06-25 00:37:17 - [INFO] file downloaded
2025-06-25 00:40:21 - [WARNING] Suspicious activity detected: port_scan
2025-06-25 00:49:22 - [INFO] system check passed
2025-06-25 00:52:21 - [INFO] config updated
2025-06-25 00:54:17 - [WARNING] Suspicious activity detected: brute_force
2025-06-25 01:00:35 - [INFO] system check passed
2025-06-25 01:00:58 - [INFO] user login
2025-06-25 01:01:43 - [INFO] backup completed
2025-06-25 01:02:46 - [INFO] backup completed
2025-06-25 01:13:16 - [INFO] file uploaded
2025-06-25 01:13:21 - [INFO] config updated
2025-06-25 01:29:38 - [INFO] user login
2025-06-25 01:30:25 - [INFO] email sent
2025-06-25 01:32:58 - [INFO] system check passed
2025-06-25 01:44:40 - [INFO] email sent
2025-06-25 01:53:21 - [WARNING] Suspicious activity detected: intrusion
2025-06-25 01:56:45 - [INFO] file uploaded
2025-06-25 01:57:24 - [INFO] user login
2025-06-25 01:57:34 - [INFO] user login
2025-06-25 02:07:47 - [INFO] email sent
2025-06-25 02:17:37 - [INFO] email sent
2025-06-25 02:25:25 - [INFO] config updated
2025-06-25 02:31:42 - [INFO] file uploaded
2025-06-25 02:31:49 - [INFO] file uploaded
2025-06-25 02:40:00 - [INFO] config updated
2025-06-25 02:43:08 - [INFO] file downloaded
2025-06-25 02:47:53 - [WARNING] Suspicious activity detected: ddos
2025-06-25 03:00:43 - [WARNING] Suspicious activity detected: intrusion
2025-06-25 03:09:08 - [INFO] file uploaded
2025-06-25 03:12:17 - [INFO] email sent
2025-06-25 03:29:19 - [INFO] user login
2025-06-25 03:35:40 - [WARNING] Suspicious activity detected: unauthorized_access
2025-06-25 03:36:57 - [INFO] backup completed
2025-06-25 03:42:22 - [WARNING] Suspicious activity detected: unauthorized_access
2025-06-25 03:52:06 - [INFO] email sent
2025-06-25 03:59:46 - [WARNING] Suspicious activity detected: ddos
2025-06-25 04:00:00 - [INFO] backup completed
2025-06-25 04:00:47 - [INFO] file downloaded
2025-06-25 04:10:19 - [INFO] file uploaded
2025-06-25 04:10:37 - [INFO] file downloaded
2025-06-25 04:44:07 - [INFO] file uploaded
2025-06-25 04:52:10 - [INFO] system check passed
2025-06-25 05:04:26 - [INFO] config updated
2025-06-25 05:10:18 - [WARNING] Suspicious activity detected: unauthorized_access
2025-06-25 05:10:52 - [WARNING] Suspicious activity detected: ddos
2025-06-25 05:12:18 - [INFO] config updated
2025-06-25 05:18:22 - [INFO] file uploaded
2025-06-25 05:18:28 - [INFO] config updated
2025-06-25 05:21:07 - [INFO] file uploaded
2025-06-25 05:23:24 - [INFO] file uploaded
2025-06-25 05:26:13 - [WARNING] Suspicious activity detected: brute_force
2025-06-25 05:32:16 - [INFO] file downloaded
2025-06-25 05:32:49 - [INFO] system check passed
2025-06-25 05:37:32 - [INFO] backup completed
2025-06-25 05:41:18 - [WARNING] Suspicious activity detected: malware
2025-06-25 05:44:19 - [INFO] config updated
2025-06-25 05:47:39 - [WARNING] Suspicious activity detected: malware
2025-06-25 06:06:27 - [INFO] email sent
2025-06-25 06:11:16 - [INFO] file downloaded
2025-06-25 06:12:47 - [INFO] file downloaded
2025-06-25 06:13:18 - [WARNING] Suspicious activity detected: unauthorized_access
2025-06-25 06:17:16 - [INFO] email sent
2025-06-25 06:19:13 - [INFO] backup completed
2025-06-25 06:20:12 - [INFO] file downloaded
2025-06-25 06:28:35 - [WARNING] Suspicious activity detected: unauthorized_access
2025-06-25 06:31:31 - [INFO] config updated
2025-06-25 06:36:05 - [WARNING] Suspicious activity detected: port_scan
2025-06-25 06:38:33 - [INFO] backup completed
2025-06-25 06:41:59 - [INFO] config updated
2025-06-25 06:43:40 - [WARNING] Suspicious activity detected: sql_injection
2025-06-25 06:44:22 - [INFO] system check passed
2025-06-25 07:18:02 - [INFO] file uploaded
2025-06-25 07:24:53 - [WARNING] Suspicious activity detected: sql_injection
2025-06-25 07:30:28 - [WARNING] Suspicious activity detected: malware
2025-06-25 07:32:21 - [INFO] file downloaded
2025-06-25 07:36:00 - [INFO] email sent
2025-06-25 07:40:07 - [INFO] system check passed
2025-06-25 07:42:05 - [INFO] user login
2025-06-25 07:51:20 - [WARNING] Suspicious activity detected: unauthorized_access
2025-06-25 08:01:42 - [WARNING] Suspicious activity detected: sql_injection
2025-06-25 08:04:07 - [INFO] backup completed
2025-06-25 08:13:09 - [INFO] backup completed
2025-06-25 08:17:08 - [WARNING] Suspicious activity detected: intrusion
2025-06-25 08:18:15 - [INFO] user login
2025-06-25 08:19:18 - [INFO] user login
2025-06-25 08:22:41 - [WARNING] Suspicious activity detected: unauthorized_access
2025-06-25 08:29:46 - [INFO] config updated
2025-06-25 08:31:05 - [INFO] file downloaded
2025-06-25 08:33:23 - [INFO] file uploaded
2025-06-25 08:39:09 - [INFO] system check passed
2025-06-25 08:40:58 - [INFO] user login
2025-06-25 08:50:14 - [INFO] file uploaded
2025-06-25 08:59:25 - [INFO] config updated
2025-06-25 08:59:34 - [INFO] email sent
2025-06-25 09:00:00 - [INFO] user login
2025-06-25 09:07:34 - [INFO] config updated
2025-06-25 09:11:31 - [INFO] file downloaded
2025-06-25 09:14:35 - [WARNING] Suspicious activity detected: intrusion
2025-06-25 09:32:00 - [WARNING] Suspicious activity detected: intrusion
2025-06-25 09:34:05 - [INFO] file uploaded
2025-06-25 09:47:02 - [INFO] config updated
2025-06-25 09:47:23 - [INFO] config updated
2025-06-25 09:51:47 - [INFO] file uploaded
2025-06-25 09:53:54 - [INFO] email sent
2025-06-25 09:55:24 - [INFO] backup completed
2025-06-25 09:56:28 - [WARNING] Suspicious activity detected: port_scan
2025-06-25 10:02:10 - [WARNING] Suspicious activity detected: unauthorized_access
2025-06-25 10:11:37 - [INFO] file downloaded
2025-06-25 10:18:52 - [INFO] config updated
2025-06-25 10:27:30 - [INFO] backup completed
2025-06-25 10:35:17 - [INFO] file downloaded
2025-06-25 10:37:30 - [INFO] config updated
2025-06-25 10:44:21 - [INFO] system check passed
2025-06-25 10:50:01 - [WARNING] Suspicious activity detected: malware
2025-06-25 11:02:12 - [INFO] user login
2025-06-25 11:10:28 - [WARNING] Suspicious activity detected: brute_force
2025-06-25 11:16:08 - [INFO] file uploaded
2025-06-25 11:17:05 - [INFO] file uploaded
2025-06-25 11:49:33 - [INFO] email sent
2025-06-25 11:55:09 - [INFO] email sent
2025-06-25 11:59:37 - [INFO] file uploaded
2025-06-25 12:04:51 - [INFO] file downloaded
2025-06-25 12:08:28 - [WARNING] Suspicious activity detected: ddos
2025-06-25 12:09:47 - [INFO] user login
2025-06-25 12:14:36 - [WARNING] Suspicious activity detected: ddos
2025-06-25 12:31:54 - [INFO] config updated
2025-06-25 12:41:10 - [INFO] file downloaded
2025-06-25 12:43:26 - [INFO] email sent
2025-06-25 12:48:08 - [INFO] email sent
2025-06-25 12:51:17 - [INFO] file uploaded
2025-06-25 12:54:08 - [INFO] user login
2025-06-25 13:08:26 - [WARNING] Suspicious activity detected: intrusion
2025-06-25 13:14:00 - [INFO] file uploaded
2025-06-25 13:20:04 - [INFO] email sent
2025-06-25 13:28:13 - [INFO] config updated
2025-06-25 13:33:55 - [INFO] config updated
2025-06-25 13:38:14 - [INFO] backup completed
2025-06-25 13:41:32 - [INFO] file downloaded
2025-06-25 13:52:49 - [INFO] file downloaded
2025-06-25 14:15:57 - [WARNING] Suspicious activity detected: sql_injection
2025-06-25 14:19:42 - [INFO] file uploaded
2025-06-25 14:20:41 - [INFO] file downloaded
2025-06-25 14:24:30 - [INFO] file downloaded
2025-06-25 14:47:18 - [WARNING] Suspicious activity detected: intrusion
2025-06-25 14:53:18 - [WARNING] Suspicious activity detected: malware
2025-06-25 14:53:30 - [INFO] backup completed
2025-06-25 15:07:40 - [INFO] email sent
2025-06-25 15:25:21 - [INFO] email sent
2025-06-25 15:25:40 - [WARNING] Suspicious activity detected: port_scan
2025-06-25 15:38:11 - [WARNING] Suspicious activity detected: ddos
2025-06-25 15:38:39 - [WARNING] Suspicious activity detected: unauthorized_access
2025-06-25 16:00:06 - [INFO] config updated
2025-06-25 16:17:58 - [WARNING] Suspicious activity detected: sql_injection
2025-06-25 16:21:03 - [INFO] backup completed
2025-06-25 16:25:02 - [INFO] file downloaded
2025-06-25 16:26:39 - [WARNING] Suspicious activity detected: ddos
2025-06-25 16:28:10 - [INFO] system check passed
2025-06-25 16:36:16 - [WARNING] Suspicious activity detected: brute_force
2025-06-25 16:43:16 - [INFO] user login
2025-06-25 16:51:24 - [WARNING] Suspicious activity detected: sql_injection
2025-06-25 16:51:27 - [INFO] user login
2025-06-25 16:54:44 - [INFO] file uploaded
2025-06-25 17:03:36 - [INFO] system check passed
2025-06-25 17:08:58 - [WARNING] Suspicious activity detected: port_scan
2025-06-25 17:25:53 - [INFO] file downloaded
2025-06-25 17:31:56 - [INFO] user login
2025-06-25 17:33:00 - [INFO] email sent
2025-06-25 17:38:21 - [INFO] user login
2025-06-25 17:40:52 - [INFO] email sent
2025-06-25 17:46:19 - [INFO] file uploaded
2025-06-25 17:46:50 - [INFO] file uploaded
2025-06-25 17:47:09 - [INFO] file uploaded
2025-06-25 17:48:25 - [INFO] user login
2025-06-25 17:52:40 - [INFO] file downloaded
2025-06-25 17:54:02 - [INFO] config updated
2025-06-25 17:58:18 - [INFO] file uploaded
2025-06-25 18:06:32 - [INFO] file uploaded
2025-06-25 18:10:02 - [INFO] system check passed
2025-06-25 18:12:27 - [INFO] config updated
2025-06-25 18:29:58 - [INFO] file uploaded
2025-06-25 18:30:15 - [INFO] file downloaded
2025-06-25 18:31:47 - [INFO] user login
2025-06-25 18:33:22 - [INFO] file downloaded
2025-06-25 18:34:04 - [INFO] system check passed
2025-06-25 18:35:52 - [WARNING] Suspicious activity detected: unauthorized_access
2025-06-25 18:39:03 - [INFO] user login
2025-06-25 18:45:32 - [INFO] user login
2025-06-25 18:46:04 - [INFO] system check passed
2025-06-25 18:49:22 - [WARNING] Suspicious activity detected: intrusion
2025-06-25 18:55:56 - [INFO] system check passed
2025-06-25 19:06:46 - [INFO] system check passed
2025-06-25 19:08:36 - [INFO] user login
2025-06-25 19:16:59 - [INFO] file uploaded
2025-06-25 19:18:07 - [INFO] user login
2025-06-25 19:22:12 - [WARNING] Suspicious activity detected: unauthorized_access
2025-06-25 19:29:35 - [INFO] email sent
2025-06-25 19:51:48 - [WARNING] Suspicious activity detected: unauthorized_access
2025-06-25 19:54:11 - [INFO] email sent
2025-06-25 20:00:34 - [INFO] email sent
2025-06-25 20:06:59 - [INFO] backup completed
2025-06-25 20:17:05 - [INFO] config updated
2025-06-25 20:18:03 - [WARNING] Suspicious activity detected: ddos
2025-06-25 20:19:03 - [INFO] config updated
2025-06-25 20:19:48 - [INFO] user login
2025-06-25 20:23:13 - [INFO] file uploaded
2025-06-25 20:30:55 - [INFO] user login
2025-06-25 20:32:11 - [INFO] config updated
2025-06-25 20:32:15 - [INFO] user login
2025-06-25 20:39:59 - [INFO] file downloaded
2025-06-25 20:40:40 - [INFO] email sent
2025-06-25 20:53:00 - [INFO] system check passed
2025-06-25 20:58:23 - [INFO] system check passed
2025-06-25 20:59:07 - [INFO] file uploaded
2025-06-25 21:10:25 - [WARNING] Suspicious activity detected: ip_blocked
2025-06-25 21:12:54 - [WARNING] Suspicious activity detected: intrusion
2025-06-25 21:21:34 - [INFO] email sent
2025-06-25 21:30:58 - [INFO] backup completed
2025-06-25 21:36:24 - [INFO] user login
2025-06-25 21:40:23 - [WARNING] Suspicious activity detected: unauthorized_access
2025-06-25 21:43:16 - [INFO] system check passed
2025-06-25 21:46:58 - [INFO] file downloaded
2025-06-25 21:54:21 - [INFO] config updated
2025-06-25 21:56:28 - [INFO] email sent
2025-06-25 22:06:44 - [INFO] config updated
2025-06-25 22:08:09 - [INFO] file uploaded
2025-06-25 22:16:52 - [INFO] backup completed
2025-06-25 22:17:31 - [INFO] system check passed
2025-06-25 22:22:51 - [INFO] system check passed
2025-06-25 22:29:20 - [INFO] config updated
2025-06-25 22:34:32 - [WARNING] Suspicious activity detected: ddos
2025-06-25 22:36:26 - [INFO] file downloaded
2025-06-25 22:37:07 - [WARNING] Suspicious activity detected: port_scan
2025-06-25 22:48:09 - [INFO] config updated
2025-06-25 23:10:55 - [INFO] config updated
2025-06-25 23:29:06 - [INFO] config updated
2025-06-25 23:31:30 - [INFO] file downloaded
2025-06-25 23:34:31 - [INFO] config updated
2025-06-25 23:38:28 - [INFO] config updated
2025-06-25 23:44:16 - [INFO] user login
2025-06-25 23:44:30 - [INFO] user login
2025-06-25 23:48:35 - [INFO] email sent
2025-06-25 23:56:06 - [INFO] config updated
2025-06-25 23:57:23 - [INFO] backup completed
2025-06-25 23:57:51 - [INFO] file downloaded