2025-04-09 00:00:49 - [INFO] system check passed
2025-04-09 00:02:34 - [INFO] backup completed
2025-04-09 00:11:04 - [INFO] user login
2025-04-09 00:12:04 - [WARNING] Suspicious activity detected: intrusion
2025-04-09 00:36:19 - [INFO] email sent
2025-04-09 00:46:46 - [INFO] config updated
2025-04-09 00:51:36 - [INFO] user login
2025-04-09 01:08:19 - [INFO] file uploaded
2025-04-09 01:09:05 - [INFO] config updated
2025-04-09 01:11:48 - [INFO] user login
2025-04-09 01:13:11 - [INFO] file uploaded
2025-04-09 01:24:25 - [INFO] backup completed
2025-04-09 01:24:41 - [INFO] system check passed
2025-04-09 01:37:33 - [INFO] user login
2025-04-09 01:46:48 - [INFO] system check passed
2025-04-09 01:55:26 - [WARNING] Suspicious activity detected: unauthorized_access
2025-04-09 02:09:46 - [INFO] system check passed
2025-04-09 02:12:08 - [INFO] config updated
2025-04-09 02:13:24 - [INFO] system check passed
2025-04-09 02:25:22 - [WARNING] Suspicious activity detected: sql_injection
2025-04-09 02:39:03 - [INFO] backup completed
2025-04-09 02:39:27 - [INFO] config updated
2025-04-09 02:47:08 - [INFO] file downloaded
2025-04-09 02:49:03 - [INFO] backup completed
2025-04-09 03:17:07 - [INFO] file uploaded
2025-04-09 03:23:51 - [INFO] backup completed
2025-04-09 03:31:00 - [INFO] backup completed
2025-04-09 03:45:24 - [INFO] config updated
2025-04-09 03:48:18 - [WARNING] Suspicious activity detected: malware
2025-04-09 03:56:59 - [INFO] system check passed
2025-04-09 03:57:52 - [INFO] config updated
2025-04-09 03:58:40 - [WARNING] Suspicious activity detected: malware
2025-04-09 04:11:08 - [INFO] user login
2025-04-09 04:12:37 - [INFO] file downloaded
2025-04-09 04:14:41 - [WARNING] Suspicious activity detected: intrusion
2025-04-09 04:16:58 - [INFO] file downloaded
2025-04-09 04:17:13 - [INFO] user login
2025-04-09 04:22:23 - [INFO] system check passed
2025-04-09 04:26:41 - [WARNING] Suspicious activity detected: brute_force
2025-04-09 04:30:06 - [INFO] config updated
2025-04-09 04:43:42 - [INFO] user login
2025-04-09 04:44:42 - [INFO] config updated
2025-04-09 05:02:34 - [INFO] system check passed
2025-04-09 05:07:47 - [INFO] user login
2025-04-09 05:09:52 - [WARNING] Suspicious activity detected: port_scan
2025-04-09 05:10:51 - [INFO] email sent
2025-04-09 05:11:24 - [INFO] file downloaded
2025-04-09 05:14:56 - [INFO] system check passed
2025-04-09 05:15:35 - [INFO] backup completed
2025-04-09 05:17:17 - [INFO] backup completed
2025-04-09 05:29:19 - [INFO] system check passed
2025-04-09 05:31:31 - [WARNING] Suspicious activity detected: unauthorized_access
2025-04-09 05:31:40 - [INFO] user login
2025-04-09 05:42:33 - [WARNING] Suspicious activity detected: intrusion
2025-04-09 06:01:30 - [INFO] system check passed
2025-04-09 06:08:13 - [INFO] file uploaded
2025-04-09 06:08:36 - [INFO] backup completed
2025-04-09 06:20:06 - [WARNING] Suspicious activity detected: port_scan
2025-04-09 06:29:03 - [INFO] config updated
2025-04-09 06:45:06 - [INFO] backup completed
2025-04-09 06:53:11 - [WARNING] Suspicious activity detected: malware
2025-04-09 06:54:22 - [INFO] system check passed
2025-04-09 07:03:47 - [INFO] file downloaded
2025-04-09 07:05:08 - [WARNING] Suspicious activity detected: port_scan
2025-04-09 07:08:00 - [INFO] backup completed
2025-04-09 07:10:27 - [INFO] email sent
2025-04-09 07:16:40 - [WARNING] Suspicious activity detected: port_scan
2025-04-09 07:18:48 - [INFO] backup completed
2025-04-09 07:36:17 - [INFO] email sent
2025-04-09 07:36:45 - [INFO] file downloaded
2025-04-09 07:43:36 - [INFO] backup completed
2025-04-09 08:02:20 - [INFO] file downloaded
2025-04-09 08:08:28 - [WARNING] Suspicious activity detected: ddos
2025-04-09 08:14:47 - [INFO] config updated
2025-04-09 08:18:35 - [WARNING] Suspicious activity detected: intrusion
2025-04-09 08:22:36 - [INFO] system check passed
2025-04-09 08:24:34 - [WARNING] Suspicious activity detected: sql_injection
2025-04-09 08:28:43 - [INFO] file downloaded
2025-04-09 08:38:33 - [INFO] user login
2025-04-09 08:48:21 - [INFO] email sent
2025-04-09 08:48:21 - [INFO] system check passed
2025-04-09 08:56:34 - [INFO] file downloaded
2025-04-09 09:16:57 - [INFO] config updated
2025-04-09 09:24:58 - [INFO] file uploaded
2025-04-09 09:57:04 - [WARNING] Suspicious activity detected: ddos
2025-04-09 10:05:34 - [WARNING] Suspicious activity detected: unauthorized_access
2025-04-09 10:07:24 - [INFO] system check passed
2025-04-09 10:10:14 - [INFO] email sent
2025-04-09 10:19:47 - [INFO] backup completed
2025-04-09 10:23:28 - [INFO] config updated
2025-04-09 10:23:44 - [INFO] backup completed
2025-04-09 10:29:01 - [INFO] config updated
2025-04-09 10:32:57 - [INFO] system check passed
2025-04-09 10:37:45 - [INFO] system check passed
2025-04-09 10:41:06 - [INFO] file uploaded
2025-04-09 10:43:44 - [WARNING] Suspicious activity detected: brute_force
2025-04-09 10:49:07 - [WARNING] Suspicious activity detected: ip_blocked
2025-04-09 11:05:49 - [WARNING] Suspicious activity detected: sql_injection
2025-04-09 11:15:08 - [INFO] config updated
2025-04-09 11:33:21 - [WARNING] Suspicious activity detected: intrusion
2025-04-09 11:51:16 - [INFO] file uploaded
2025-04-09 12:13:16 - [WARNING] Suspicious activity detected: unauthorized_access
2025-04-09 12:24:55 - [WARNING] Suspicious activity detected: ip_blocked
2025-04-09 12:42:40 - [INFO] backup completed
2025-04-09 12:49:03 - [INFO] system check passed
2025-04-09 12:51:18 - [INFO] file downloaded
2025-04-09 12:54:39 - [INFO] system check passed
2025-04-09 12:57:23 - [INFO] file downloaded
2025-04-09 13:09:59 - [INFO] backup completed
2025-04-09 13:17:40 - [INFO] file uploaded
2025-04-09 13:18:25 - [INFO] config updated
2025-04-09 13:24:04 - [INFO] backup completed
2025-04-09 13:28:57 - [INFO] user login
2025-04-09 13:53:26 - [WARNING] Suspicious activity detected: brute_force
2025-04-09 14:04:06 - [INFO] file uploaded
2025-04-09 14:26:49 - [WARNING] Suspicious activity detected: ddos
2025-04-09 14:31:30 - [INFO] file downloaded
2025-04-09 14:31:53 - [INFO] system check passed
2025-04-09 14:32:47 - [INFO] file downloaded
2025-04-09 14:42:45 - [WARNING] Suspicious activity detected: malware
2025-04-09 14:45:27 - [INFO] email sent
2025-04-09 14:52:10 - [INFO] backup completed
2025-04-09 14:57:20 - [INFO] system check passed
2025-04-09 15:00:43 - [INFO] user login
2025-04-09 15:08:24 - [INFO] file uploaded
2025-04-09 15:13:07 - [INFO] config updated
2025-04-09 15:15:18 - [INFO] config updated
2025-04-09 15:15:27 - [INFO] email sent
2025-04-09 15:20:41 - [INFO] system check passed
2025-04-09 15:22:02 - [INFO] backup completed
2025-04-09 15:28:22 - [WARNING] Suspicious activity detected: intrusion
2025-04-09 15:30:39 - [WARNING] Suspicious activity detected: malware
2025-04-09 15:34:18 - [WARNING] Suspicious activity detected: unauthorized_access
2025-04-09 15:58:23 - [WARNING] Suspicious activity detected: unauthorized_access
2025-04-09 16:12:03 - [INFO] backup completed
2025-04-09 16:17:24 - [INFO] system check passed
2025-04-09 16:18:23 - [INFO] system check passed
2025-04-09 16:39:33 - [INFO] file uploaded
2025-04-09 16:52:48 - [INFO] email sent
2025-04-09 16:53:35 - [INFO] user login
2025-04-09 17:21:34 - [INFO] file uploaded
2025-04-09 17:23:25 - [WARNING] Suspicious activity detected: malware
2025-04-09 17:28:50 - [INFO] file uploaded
2025-04-09 17:29:30 - [WARNING] Suspicious activity detected: unauthorized_access
2025-04-09 17:59:42 - [INFO] backup completed
2025-04-09 18:28:42 - [WARNING] Suspicious activity detected: port_scan
2025-04-09 18:32:41 - [INFO] user login
2025-04-09 18:33:01 - [INFO] file downloaded
2025-04-09 18:37:35 - [INFO] email sent
2025-04-09 18:51:46 - [INFO] file downloaded
2025-04-09 19:03:34 - [WARNING] Suspicious activity detected: unauthorized_access
2025-04-09 19:09:24 - [INFO] file downloaded
2025-04-09 19:23:45 - [INFO] email sent
2025-04-09 19:26:29 - [INFO] user login
2025-04-09 19:26:34 - [INFO] file uploaded
2025-04-09 19:33:15 - [INFO] file downloaded
2025-04-09 19:46:01 - [INFO] system check passed
2025-04-09 19:46:51 - [INFO] email sent
2025-04-09 20:05:32 - [INFO] user login
2025-04-09 20:07:36 - [INFO] backup completed
2025-04-09 20:13:09 - [INFO] system check passed
2025-04-09 20:15:26 - [INFO] email sent
2025-04-09 20:19:36 - [INFO] email sent
2025-04-09 20:39:42 - [WARNING] Suspicious activity detected: ip_blocked
2025-04-09 20:43:32 - [INFO] file downloaded
2025-04-09 20:52:41 - [INFO] file uploaded
2025-04-09 20:59:18 - [WARNING] Suspicious activity detected: unauthorized_access
2025-04-09 21:05:09 - [INFO] file uploaded
2025-04-09 21:11:44 - [INFO] backup completed
2025-04-09 21:17:50 - [INFO] file uploaded
2025-04-09 21:22:32 - [INFO] config updated
2025-04-09 21:31:28 - [WARNING] Suspicious activity detected: malware
2025-04-09 21:32:27 - [WARNING] Suspicious activity detected: ip_blocked
2025-04-09 21:52:53 - [WARNING] Suspicious activity detected: ip_blocked
2025-04-09 21:59:02 - [INFO] system check passed
2025-04-09 22:04:35 - [INFO] backup completed
2025-04-09 22:07:05 - [INFO] file uploaded
2025-04-09 22:15:22 - [INFO] email sent
2025-04-09 22:26:51 - [INFO] system check passed
2025-04-09 22:33:08 - [WARNING] Suspicious activity detected: intrusion
2025-04-09 22:43:46 - [INFO] config updated
2025-04-09 23:17:33 - [WARNING] Suspicious activity detected: ddos
2025-04-09 23:22:36 - [INFO] file uploaded
2025-04-09 23:27:01 - [INFO] email sent
2025-04-09 23:39:10 - [INFO] config updated
2025-04-09 23:57:49 - [INFO] config updated
2025-04-09 23:58:11 - [WARNING] Suspicious activity detected: brute_force