2025-04-15 00:05:49 - [INFO] system check passed
2025-04-15 00:08:02 - [INFO] config updated
2025-04-15 00:09:54 - [INFO] system check passed
2025-04-15 00:25:02 - [WARNING] Suspicious activity detected: ip_blocked
2025-04-15 00:43:28 - [INFO] email sent
2025-04-15 01:18:26 - [INFO] system check passed
2025-04-15 01:25:43 - [INFO] email sent
2025-04-15 01:29:00 - [INFO] backup completed
2025-04-15 01:30:00 - [WARNING] Suspicious activity detected: malware
2025-04-15 01:47:41 - [INFO] file downloaded
2025-04-15 02:00:02 - [INFO] user login
2025-04-15 02:02:36 - [INFO] user login
2025-04-15 02:09:08 - [INFO] backup completed
2025-04-15 02:15:53 - [INFO] config updated
2025-04-15 02:28:10 - [WARNING] Suspicious activity detected: unauthorized_access
2025-04-15 02:29:35 - [INFO] user login
2025-04-15 02:37:29 - [INFO] backup completed
2025-04-15 02:40:17 - [WARNING] Suspicious activity detected: sql_injection
2025-04-15 02:42:38 - [INFO] config updated
2025-04-15 02:56:02 - [WARNING] Suspicious activity detected: malware
2025-04-15 03:19:06 - [INFO] email sent
2025-04-15 03:27:46 - [INFO] backup completed
2025-04-15 03:28:29 - [INFO] backup completed
2025-04-15 03:36:35 - [WARNING] Suspicious activity detected: intrusion
2025-04-15 03:49:11 - [WARNING] Suspicious activity detected: unauthorized_access
2025-04-15 03:51:56 - [INFO] user login
2025-04-15 04:01:02 - [INFO] system check passed
2025-04-15 04:05:02 - [INFO] user login
2025-04-15 04:11:10 - [INFO] system check passed
2025-04-15 04:28:51 - [INFO] system check passed
2025-04-15 04:29:56 - [INFO] file uploaded
2025-04-15 04:31:44 - [INFO] email sent
2025-04-15 04:34:14 - [WARNING] Suspicious activity detected: ip_blocked
2025-04-15 04:49:59 - [INFO] user login
2025-04-15 04:53:37 - [WARNING] Suspicious activity detected: ddos
2025-04-15 05:06:53 - [INFO] email sent
2025-04-15 05:22:03 - [INFO] backup completed
2025-04-15 05:24:25 - [INFO] backup completed
2025-04-15 05:25:48 - [WARNING] Suspicious activity detected: intrusion
2025-04-15 05:32:51 - [INFO] config updated
2025-04-15 05:39:46 - [WARNING] Suspicious activity detected: port_scan
2025-04-15 05:47:00 - [INFO] backup completed
2025-04-15 05:54:29 - [WARNING] Suspicious activity detected: ip_blocked
2025-04-15 06:06:59 - [INFO] file uploaded
2025-04-15 06:14:07 - [INFO] backup completed
2025-04-15 06:16:31 - [INFO] system check passed
2025-04-15 06:25:04 - [WARNING] Suspicious activity detected: malware
2025-04-15 06:32:34 - [INFO] config updated
2025-04-15 06:33:01 - [INFO] user login
2025-04-15 06:39:45 - [INFO] email sent
2025-04-15 06:46:51 - [INFO] file uploaded
2025-04-15 06:50:11 - [WARNING] Suspicious activity detected: port_scan
2025-04-15 06:55:10 - [INFO] file uploaded
2025-04-15 06:56:30 - [WARNING] Suspicious activity detected: intrusion
2025-04-15 06:57:10 - [INFO] config updated
2025-04-15 07:21:42 - [WARNING] Suspicious activity detected: port_scan
2025-04-15 07:21:48 - [INFO] system check passed
2025-04-15 07:41:05 - [INFO] file downloaded
2025-04-15 08:18:51 - [INFO] user login
2025-04-15 08:28:43 - [WARNING] Suspicious activity detected: unauthorized_access
2025-04-15 08:35:46 - [INFO] config updated
2025-04-15 08:38:31 - [INFO] email sent
2025-04-15 08:59:45 - [INFO] email sent
2025-04-15 09:04:40 - [INFO] user login
2025-04-15 09:05:04 - [WARNING] Suspicious activity detected: ip_blocked
2025-04-15 09:08:04 - [INFO] file uploaded
2025-04-15 09:16:01 - [WARNING] Suspicious activity detected: sql_injection
2025-04-15 09:19:25 - [INFO] user login
2025-04-15 09:20:29 - [WARNING] Suspicious activity detected: malware
2025-04-15 09:33:12 - [INFO] config updated
2025-04-15 09:34:50 - [WARNING] Suspicious activity detected: ip_blocked
2025-04-15 09:41:19 - [WARNING] Suspicious activity detected: intrusion
2025-04-15 10:03:33 - [WARNING] Suspicious activity detected: intrusion
2025-04-15 10:05:29 - [INFO] file downloaded
2025-04-15 10:16:25 - [INFO] file uploaded
2025-04-15 10:19:11 - [INFO] file downloaded
2025-04-15 10:25:12 - [WARNING] Suspicious activity detected: port_scan
2025-04-15 10:36:23 - [INFO] file uploaded
2025-04-15 10:54:43 - [INFO] file uploaded
2025-04-15 10:59:36 - [INFO] config updated
2025-04-15 11:08:20 - [INFO] file uploaded
2025-04-15 11:12:29 - [INFO] file downloaded
2025-04-15 11:21:32 - [WARNING] Suspicious activity detected: ip_blocked
2025-04-15 11:34:16 - [WARNING] Suspicious activity detected: unauthorized_access
2025-04-15 11:43:42 - [INFO] system check passed
2025-04-15 11:54:18 - [INFO] system check passed
2025-04-15 11:57:04 - [WARNING] Suspicious activity detected: port_scan
2025-04-15 11:58:22 - [INFO] config updated
2025-04-15 12:02:10 - [INFO] backup completed
2025-04-15 12:10:18 - [INFO] file uploaded
2025-04-15 12:16:36 - [INFO] user login
2025-04-15 12:16:43 - [INFO] system check passed
2025-04-15 12:21:01 - [WARNING] Suspicious activity detected: ip_blocked
2025-04-15 12:23:17 - [INFO] system check passed
2025-04-15 12:27:27 - [INFO] file downloaded
2025-04-15 12:31:13 - [INFO] system check passed
2025-04-15 12:47:25 - [INFO] user login
2025-04-15 12:50:16 - [INFO] file downloaded
2025-04-15 13:13:56 - [INFO] file downloaded
2025-04-15 13:18:48 - [WARNING] Suspicious activity detected: ddos
2025-04-15 13:22:00 - [INFO] file uploaded
2025-04-15 13:23:09 - [WARNING] Suspicious activity detected: intrusion
2025-04-15 13:25:26 - [INFO] backup completed
2025-04-15 13:39:15 - [WARNING] Suspicious activity detected: brute_force
2025-04-15 13:44:24 - [INFO] system check passed
2025-04-15 13:45:26 - [WARNING] Suspicious activity detected: brute_force
2025-04-15 13:48:36 - [INFO] backup completed
2025-04-15 14:03:58 - [WARNING] Suspicious activity detected: port_scan
2025-04-15 14:05:01 - [INFO] file downloaded
2025-04-15 14:13:29 - [WARNING] Suspicious activity detected: sql_injection
2025-04-15 14:30:01 - [INFO] user login
2025-04-15 14:35:48 - [INFO] backup completed
2025-04-15 14:58:44 - [INFO] backup completed
2025-04-15 15:00:40 - [INFO] email sent
2025-04-15 15:21:21 - [INFO] config updated
2025-04-15 15:23:38 - [WARNING] Suspicious activity detected: ddos
2025-04-15 15:24:17 - [WARNING] Suspicious activity detected: brute_force
2025-04-15 15:38:30 - [INFO] file downloaded
2025-04-15 15:40:28 - [WARNING] Suspicious activity detected: ip_blocked
2025-04-15 15:47:20 - [INFO] user login
2025-04-15 15:56:43 - [INFO] user login
2025-04-15 15:59:43 - [WARNING] Suspicious activity detected: intrusion
2025-04-15 16:18:35 - [INFO] email sent
2025-04-15 16:18:44 - [INFO] system check passed
2025-04-15 16:40:25 - [WARNING] Suspicious activity detected: ddos
2025-04-15 16:45:32 - [INFO] backup completed
2025-04-15 17:00:25 - [WARNING] Suspicious activity detected: unauthorized_access
2025-04-15 17:03:52 - [INFO] file downloaded
2025-04-15 17:13:32 - [INFO] system check passed
2025-04-15 17:14:18 - [INFO] system check passed
2025-04-15 17:59:32 - [WARNING] Suspicious activity detected: port_scan
2025-04-15 18:06:16 - [INFO] file downloaded
2025-04-15 18:07:23 - [INFO] file uploaded
2025-04-15 18:15:41 - [INFO] file uploaded
2025-04-15 18:42:56 - [INFO] config updated
2025-04-15 18:51:05 - [INFO] file downloaded
2025-04-15 18:57:04 - [INFO] email sent
2025-04-15 18:57:10 - [INFO] email sent
2025-04-15 19:05:58 - [WARNING] Suspicious activity detected: ip_blocked
2025-04-15 19:25:21 - [WARNING] Suspicious activity detected: port_scan
2025-04-15 19:36:34 - [INFO] user login
2025-04-15 19:44:37 - [WARNING] Suspicious activity detected: brute_force
2025-04-15 19:48:50 - [INFO] file uploaded
2025-04-15 19:55:18 - [INFO] file downloaded
2025-04-15 19:59:19 - [WARNING] Suspicious activity detected: brute_force
2025-04-15 20:08:03 - [INFO] file downloaded
2025-04-15 20:08:28 - [INFO] system check passed
2025-04-15 20:14:28 - [INFO] file downloaded
2025-04-15 20:19:36 - [INFO] backup completed
2025-04-15 20:22:52 - [WARNING] Suspicious activity detected: unauthorized_access
2025-04-15 20:27:01 - [INFO] backup completed
2025-04-15 20:31:09 - [INFO] config updated
2025-04-15 20:42:49 - [WARNING] Suspicious activity detected: ip_blocked
2025-04-15 21:01:04 - [INFO] file uploaded
2025-04-15 21:03:48 - [INFO] backup completed
2025-04-15 21:21:45 - [INFO] email sent
2025-04-15 21:31:49 - [WARNING] Suspicious activity detected: malware
2025-04-15 21:36:35 - [INFO] file uploaded
2025-04-15 21:37:45 - [INFO] system check passed
2025-04-15 21:55:56 - [INFO] file uploaded
2025-04-15 22:25:02 - [WARNING] Suspicious activity detected: sql_injection
2025-04-15 22:33:24 - [INFO] backup completed
2025-04-15 22:39:58 - [INFO] config updated
2025-04-15 22:55:51 - [INFO] config updated
2025-04-15 23:09:39 - [INFO] file uploaded
2025-04-15 23:12:35 - [INFO] config updated
2025-04-15 23:21:35 - [WARNING] Suspicious activity detected: ddos
2025-04-15 23:31:03 - [INFO] file downloaded
2025-04-15 23:33:17 - [WARNING] Suspicious activity detected: malware
2025-04-15 23:38:48 - [INFO] file downloaded