2025-06-20 00:04:50 - [WARNING] Suspicious activity detected: ddos
2025-06-20 00:10:17 - [INFO] config updated
2025-06-20 00:20:51 - [INFO] email sent
2025-06-20 00:23:05 - [WARNING] Suspicious activity detected: intrusion
2025-06-20 00:24:42 - [INFO] file downloaded
2025-06-20 00:31:06 - [INFO] system check passed
2025-06-20 00:44:49 - [INFO] email sent
2025-06-20 00:46:54 - [INFO] user login
2025-06-20 00:47:11 - [INFO] system check passed
2025-06-20 00:47:31 - [INFO] config updated
2025-06-20 00:57:10 - [WARNING] Suspicious activity detected: intrusion
2025-06-20 00:57:27 - [WARNING] Suspicious activity detected: port_scan
2025-06-20 01:06:44 - [INFO] file downloaded
2025-06-20 01:08:36 - [INFO] system check passed
2025-06-20 01:09:47 - [WARNING] Suspicious activity detected: unauthorized_access
2025-06-20 01:10:53 - [INFO] user login
2025-06-20 01:12:23 - [WARNING] Suspicious activity detected: port_scan
2025-06-20 01:15:21 - [INFO] email sent
2025-06-20 01:22:34 - [INFO] file uploaded
2025-06-20 01:25:09 - [WARNING] Suspicious activity detected: brute_force
2025-06-20 01:29:45 - [WARNING] Suspicious activity detected: port_scan
2025-06-20 01:30:41 - [INFO] user login
2025-06-20 01:36:18 - [INFO] backup completed
2025-06-20 01:40:33 - [INFO] user login
2025-06-20 02:06:06 - [WARNING] Suspicious activity detected: intrusion
2025-06-20 02:08:19 - [WARNING] Suspicious activity detected: unauthorized_access
2025-06-20 02:14:54 - [WARNING] Suspicious activity detected: unauthorized_access
2025-06-20 02:20:37 - [INFO] backup completed
2025-06-20 02:25:30 - [INFO] email sent
2025-06-20 02:30:16 - [WARNING] Suspicious activity detected: ip_blocked
2025-06-20 02:30:45 - [INFO] config updated
2025-06-20 02:33:51 - [WARNING] Suspicious activity detected: ddos
2025-06-20 02:34:10 - [WARNING] Suspicious activity detected: intrusion
2025-06-20 02:37:51 - [INFO] config updated
2025-06-20 02:38:48 - [WARNING] Suspicious activity detected: brute_force
2025-06-20 02:45:59 - [WARNING] Suspicious activity detected: sql_injection
2025-06-20 02:46:04 - [WARNING] Suspicious activity detected: intrusion
2025-06-20 02:46:08 - [WARNING] Suspicious activity detected: brute_force
2025-06-20 02:53:39 - [WARNING] Suspicious activity detected: sql_injection
2025-06-20 03:03:36 - [INFO] system check passed
2025-06-20 03:37:28 - [WARNING] Suspicious activity detected: unauthorized_access
2025-06-20 03:41:57 - [INFO] system check passed
2025-06-20 03:42:22 - [INFO] file downloaded
2025-06-20 03:53:35 - [INFO] backup completed
2025-06-20 03:56:45 - [WARNING] Suspicious activity detected: malware
2025-06-20 03:56:54 - [WARNING] Suspicious activity detected: malware
2025-06-20 04:19:14 - [INFO] system check passed
2025-06-20 04:25:18 - [INFO] backup completed
2025-06-20 04:36:04 - [INFO] system check passed
2025-06-20 04:37:32 - [WARNING] Suspicious activity detected: ip_blocked
2025-06-20 04:37:48 - [INFO] config updated
2025-06-20 04:46:26 - [INFO] system check passed
2025-06-20 05:14:51 - [WARNING] Suspicious activity detected: intrusion
2025-06-20 05:17:50 - [WARNING] Suspicious activity detected: intrusion
2025-06-20 05:19:36 - [WARNING] Suspicious activity detected: malware
2025-06-20 05:24:30 - [INFO] email sent
2025-06-20 05:26:36 - [INFO] config updated
2025-06-20 05:42:10 - [INFO] file downloaded
2025-06-20 05:47:49 - [INFO] email sent
2025-06-20 05:54:23 - [WARNING] Suspicious activity detected: unauthorized_access
2025-06-20 06:02:12 - [WARNING] Suspicious activity detected: malware
2025-06-20 06:08:39 - [INFO] user login
2025-06-20 06:15:39 - [WARNING] Suspicious activity detected: port_scan
2025-06-20 06:17:32 - [INFO] email sent
2025-06-20 06:19:22 - [INFO] backup completed
2025-06-20 06:39:42 - [INFO] email sent
2025-06-20 06:43:07 - [INFO] system check passed
2025-06-20 06:55:27 - [WARNING] Suspicious activity detected: unauthorized_access
2025-06-20 06:56:38 - [INFO] user login
2025-06-20 07:04:18 - [WARNING] Suspicious activity detected: brute_force
2025-06-20 07:06:53 - [INFO] file downloaded
2025-06-20 07:27:16 - [WARNING] Suspicious activity detected: intrusion
2025-06-20 07:38:27 - [WARNING] Suspicious activity detected: unauthorized_access
2025-06-20 07:47:17 - [WARNING] Suspicious activity detected: unauthorized_access
2025-06-20 08:03:46 - [WARNING] Suspicious activity detected: unauthorized_access
2025-06-20 08:15:20 - [INFO] system check passed
2025-06-20 08:21:26 - [INFO] system check passed
2025-06-20 08:24:11 - [INFO] file uploaded
2025-06-20 08:25:09 - [WARNING] Suspicious activity detected: ip_blocked
2025-06-20 08:25:24 - [WARNING] Suspicious activity detected: malware
2025-06-20 08:28:36 - [INFO] system check passed
2025-06-20 08:29:10 - [WARNING] Suspicious activity detected: port_scan
2025-06-20 08:33:23 - [WARNING] Suspicious activity detected: malware
2025-06-20 08:33:33 - [INFO] config updated
2025-06-20 08:34:06 - [INFO] backup completed
2025-06-20 08:35:38 - [WARNING] Suspicious activity detected: intrusion
2025-06-20 08:42:26 - [WARNING] Suspicious activity detected: ip_blocked
2025-06-20 08:54:02 - [WARNING] Suspicious activity detected: brute_force
2025-06-20 08:57:11 - [INFO] backup completed
2025-06-20 08:59:11 - [INFO] system check passed
2025-06-20 09:17:21 - [WARNING] Suspicious activity detected: sql_injection
2025-06-20 09:25:35 - [INFO] file downloaded
2025-06-20 09:31:40 - [WARNING] Suspicious activity detected: port_scan
2025-06-20 09:38:31 - [INFO] config updated
2025-06-20 09:40:05 - [WARNING] Suspicious activity detected: intrusion
2025-06-20 09:40:27 - [INFO] backup completed
2025-06-20 09:43:15 - [INFO] file downloaded
2025-06-20 09:46:47 - [INFO] file downloaded
2025-06-20 10:04:24 - [INFO] system check passed
2025-06-20 10:04:44 - [INFO] backup completed
2025-06-20 10:08:49 - [INFO] system check passed
2025-06-20 10:10:58 - [INFO] config updated
2025-06-20 10:11:47 - [WARNING] Suspicious activity detected: sql_injection
2025-06-20 10:37:23 - [INFO] user login
2025-06-20 10:49:18 - [WARNING] Suspicious activity detected: ddos
2025-06-20 10:51:27 - [INFO] file downloaded
2025-06-20 11:04:04 - [WARNING] Suspicious activity detected: malware
2025-06-20 11:15:00 - [INFO] email sent
2025-06-20 11:18:58 - [INFO] email sent
2025-06-20 11:29:17 - [WARNING] Suspicious activity detected: unauthorized_access
2025-06-20 11:31:08 - [INFO] system check passed
2025-06-20 11:37:48 - [INFO] file downloaded
2025-06-20 11:38:42 - [INFO] email sent
2025-06-20 11:43:57 - [INFO] user login
2025-06-20 11:45:19 - [WARNING] Suspicious activity detected: port_scan
2025-06-20 11:47:21 - [INFO] file uploaded
2025-06-20 12:04:17 - [WARNING] Suspicious activity detected: intrusion
2025-06-20 12:09:07 - [INFO] backup completed
2025-06-20 12:14:05 - [INFO] file downloaded
2025-06-20 12:29:27 - [INFO] file uploaded
2025-06-20 12:32:56 - [WARNING] Suspicious activity detected: brute_force
2025-06-20 12:34:38 - [INFO] file downloaded
2025-06-20 12:44:16 - [INFO] email sent
2025-06-20 12:51:17 - [WARNING] Suspicious activity detected: ip_blocked
2025-06-20 13:12:22 - [INFO] email sent
2025-06-20 13:17:21 - [WARNING] Suspicious activity detected: intrusion
2025-06-20 13:20:57 - [INFO] file downloaded
2025-06-20 13:25:26 - [INFO] backup completed
2025-06-20 13:30:13 - [WARNING] Suspicious activity detected: unauthorized_access
2025-06-20 13:38:41 - [INFO] user login
2025-06-20 13:41:46 - [INFO] config updated
2025-06-20 13:42:59 - [WARNING] Suspicious activity detected: ip_blocked
2025-06-20 14:03:47 - [INFO] backup completed
2025-06-20 14:04:47 - [INFO] system check passed
2025-06-20 14:07:15 - [INFO] email sent
2025-06-20 14:09:20 - [WARNING] Suspicious activity detected: malware
2025-06-20 14:11:25 - [WARNING] Suspicious activity detected: intrusion
2025-06-20 14:13:43 - [INFO] backup completed
2025-06-20 14:24:29 - [INFO] backup completed
2025-06-20 14:25:27 - [INFO] file downloaded
2025-06-20 14:34:00 - [WARNING] Suspicious activity detected: brute_force
2025-06-20 14:44:04 - [INFO] config updated
2025-06-20 14:45:12 - [INFO] email sent
2025-06-20 14:49:04 - [INFO] user login
2025-06-20 15:05:19 - [INFO] config updated
2025-06-20 15:09:00 - [INFO] system check passed
2025-06-20 15:21:05 - [WARNING] Suspicious activity detected: brute_force
2025-06-20 15:26:20 - [INFO] user login
2025-06-20 15:29:36 - [INFO] user login
2025-06-20 15:48:48 - [INFO] system check passed
2025-06-20 15:52:47 - [INFO] user login
2025-06-20 15:54:04 - [WARNING] Suspicious activity detected: malware
2025-06-20 15:59:58 - [INFO] backup completed
2025-06-20 16:03:55 - [INFO] system check passed
2025-06-20 16:08:19 - [INFO] backup completed
2025-06-20 16:12:43 - [INFO] backup completed
2025-06-20 16:13:11 - [INFO] file uploaded
2025-06-20 16:16:41 - [WARNING] Suspicious activity detected: unauthorized_access
2025-06-20 16:20:05 - [INFO] backup completed
2025-06-20 16:24:14 - [INFO] user login
2025-06-20 16:28:51 - [WARNING] Suspicious activity detected: intrusion
2025-06-20 16:30:19 - [WARNING] Suspicious activity detected: ddos
2025-06-20 17:15:09 - [INFO] email sent
2025-06-20 17:17:38 - [INFO] file downloaded
2025-06-20 17:42:44 - [INFO] config updated
2025-06-20 17:43:25 - [INFO] config updated
2025-06-20 17:48:04 - [INFO] file uploaded
2025-06-20 17:54:03 - [WARNING] Suspicious activity detected: intrusion
2025-06-20 18:02:01 - [WARNING] Suspicious activity detected: sql_injection
2025-06-20 18:02:18 - [INFO] file uploaded
2025-06-20 18:13:18 - [WARNING] Suspicious activity detected: brute_force
2025-06-20 18:14:15 - [INFO] user login
2025-06-20 18:17:05 - [INFO] file downloaded
2025-06-20 18:21:21 - [INFO] user login
2025-06-20 18:23:53 - [INFO] system check passed
2025-06-20 18:29:55 - [INFO] system check passed
2025-06-20 18:31:20 - [INFO] file uploaded
2025-06-20 18:33:42 - [WARNING] Suspicious activity detected: unauthorized_access
2025-06-20 18:45:47 - [INFO] backup completed
2025-06-20 18:56:56 - [INFO] config updated
2025-06-20 18:57:50 - [INFO] user login
2025-06-20 19:00:11 - [WARNING] Suspicious activity detected: ip_blocked
2025-06-20 19:06:22 - [INFO] user login
2025-06-20 19:11:58 - [WARNING] Suspicious activity detected: ddos
2025-06-20 19:16:28 - [INFO] backup completed
2025-06-20 19:17:59 - [INFO] file downloaded
2025-06-20 19:20:44 - [WARNING] Suspicious activity detected: unauthorized_access
2025-06-20 19:32:48 - [INFO] email sent
2025-06-20 19:41:51 - [INFO] backup completed
2025-06-20 19:43:42 - [INFO] backup completed
2025-06-20 19:43:43 - [WARNING] Suspicious activity detected: malware
2025-06-20 19:51:12 - [INFO] file uploaded
2025-06-20 19:51:28 - [INFO] backup completed
2025-06-20 19:59:34 - [INFO] system check passed
2025-06-20 20:12:04 - [WARNING] Suspicious activity detected: intrusion
2025-06-20 20:12:09 - [INFO] file downloaded
2025-06-20 20:19:42 - [INFO] user login
2025-06-20 20:38:11 - [INFO] file uploaded
2025-06-20 20:41:40 - [WARNING] Suspicious activity detected: brute_force
2025-06-20 20:41:59 - [WARNING] Suspicious activity detected: unauthorized_access
2025-06-20 20:49:03 - [WARNING] Suspicious activity detected: malware
2025-06-20 20:49:08 - [INFO] file uploaded
2025-06-20 21:04:24 - [INFO] user login
2025-06-20 21:06:16 - [INFO] email sent
2025-06-20 21:16:51 - [INFO] file downloaded
2025-06-20 21:21:41 - [WARNING] Suspicious activity detected: brute_force
2025-06-20 21:42:00 - [INFO] backup completed
2025-06-20 21:45:50 - [WARNING] Suspicious activity detected: port_scan
2025-06-20 21:54:45 - [WARNING] Suspicious activity detected: unauthorized_access
2025-06-20 21:56:35 - [WARNING] Suspicious activity detected: unauthorized_access
2025-06-20 22:03:02 - [WARNING] Suspicious activity detected: sql_injection
2025-06-20 22:07:47 - [INFO] file downloaded
2025-06-20 22:11:46 - [INFO] config updated
2025-06-20 22:12:07 - [INFO] config updated
2025-06-20 22:12:25 - [INFO] email sent
2025-06-20 22:14:04 - [WARNING] Suspicious activity detected: sql_injection
2025-06-20 22:24:05 - [INFO] config updated
2025-06-20 22:25:08 - [INFO] system check passed
2025-06-20 22:32:45 - [INFO] email sent
2025-06-20 22:32:49 - [INFO] system check passed
2025-06-20 22:35:41 - [INFO] config updated
2025-06-20 22:37:03 - [INFO] email sent
2025-06-20 22:39:58 - [INFO] user login
2025-06-20 22:49:00 - [WARNING] Suspicious activity detected: brute_force
2025-06-20 22:54:04 - [INFO] user login
2025-06-20 23:04:43 - [INFO] email sent
2025-06-20 23:16:29 - [WARNING] Suspicious activity detected: sql_injection
2025-06-20 23:17:40 - [INFO] file downloaded
2025-06-20 23:24:07 - [WARNING] Suspicious activity detected: sql_injection
2025-06-20 23:33:30 - [INFO] file uploaded
2025-06-20 23:35:13 - [WARNING] Suspicious activity detected: intrusion
2025-06-20 23:37:34 - [WARNING] Suspicious activity detected: ip_blocked
2025-06-20 23:40:13 - [INFO] system check passed
2025-06-20 23:43:17 - [INFO] backup completed
2025-06-20 23:46:15 - [INFO] file downloaded
2025-06-20 23:49:00 - [WARNING] Suspicious activity detected: unauthorized_access
2025-06-20 23:51:40 - [INFO] file uploaded
2025-06-20 23:52:03 - [WARNING] Suspicious activity detected: port_scan
2025-06-20 23:53:40 - [INFO] system check passed
2025-06-20 23:54:39 - [WARNING] Suspicious activity detected: unauthorized_access
2025-06-20 23:57:21 - [WARNING] Suspicious activity detected: ip_blocked
2025-06-20 23:58:27 - [INFO] system check passed