2025-02-18 00:02:48 - [WARNING] Suspicious activity detected: ip_blocked
2025-02-18 00:41:12 - [WARNING] Suspicious activity detected: ip_blocked
2025-02-18 00:46:53 - [INFO] user login
2025-02-18 00:48:50 - [INFO] file uploaded
2025-02-18 00:49:05 - [INFO] backup completed
2025-02-18 00:55:02 - [INFO] file downloaded
2025-02-18 01:08:52 - [INFO] config updated
2025-02-18 01:26:43 - [WARNING] Suspicious activity detected: ddos
2025-02-18 01:39:37 - [INFO] user login
2025-02-18 01:40:11 - [WARNING] Suspicious activity detected: ddos
2025-02-18 01:40:43 - [INFO] config updated
2025-02-18 01:41:45 - [INFO] user login
2025-02-18 01:42:24 - [INFO] file uploaded
2025-02-18 01:50:26 - [INFO] file downloaded
2025-02-18 01:57:13 - [INFO] email sent
2025-02-18 02:01:48 - [INFO] file uploaded
2025-02-18 02:19:38 - [INFO] email sent
2025-02-18 02:20:48 - [INFO] email sent
2025-02-18 02:43:09 - [INFO] file uploaded
2025-02-18 02:53:04 - [WARNING] Suspicious activity detected: ddos
2025-02-18 03:19:31 - [WARNING] Suspicious activity detected: ip_blocked
2025-02-18 03:42:47 - [WARNING] Suspicious activity detected: unauthorized_access
2025-02-18 03:43:56 - [INFO] file downloaded
2025-02-18 03:57:34 - [WARNING] Suspicious activity detected: port_scan
2025-02-18 04:15:47 - [INFO] file downloaded
2025-02-18 04:28:35 - [INFO] system check passed
2025-02-18 04:42:42 - [WARNING] Suspicious activity detected: brute_force
2025-02-18 05:43:26 - [INFO] file uploaded
2025-02-18 05:44:17 - [WARNING] Suspicious activity detected: ddos
2025-02-18 05:46:15 - [WARNING] Suspicious activity detected: unauthorized_access
2025-02-18 05:47:36 - [WARNING] Suspicious activity detected: sql_injection
2025-02-18 05:48:24 - [INFO] backup completed
2025-02-18 06:21:52 - [WARNING] Suspicious activity detected: brute_force
2025-02-18 06:29:02 - [WARNING] Suspicious activity detected: ip_blocked
2025-02-18 06:39:34 - [WARNING] Suspicious activity detected: port_scan
2025-02-18 06:40:38 - [INFO] file downloaded
2025-02-18 06:41:49 - [INFO] file uploaded
2025-02-18 06:47:27 - [INFO] file uploaded
2025-02-18 06:59:17 - [WARNING] Suspicious activity detected: malware
2025-02-18 07:14:06 - [INFO] system check passed
2025-02-18 07:16:13 - [WARNING] Suspicious activity detected: intrusion
2025-02-18 07:23:28 - [INFO] config updated
2025-02-18 07:31:21 - [INFO] file downloaded
2025-02-18 07:33:41 - [INFO] file downloaded
2025-02-18 07:34:20 - [INFO] backup completed
2025-02-18 07:53:07 - [INFO] email sent
2025-02-18 08:00:39 - [WARNING] Suspicious activity detected: malware
2025-02-18 08:08:35 - [WARNING] Suspicious activity detected: intrusion
2025-02-18 08:10:18 - [WARNING] Suspicious activity detected: malware
2025-02-18 08:19:43 - [INFO] file downloaded
2025-02-18 08:20:48 - [INFO] user login
2025-02-18 08:25:27 - [INFO] user login
2025-02-18 08:26:12 - [WARNING] Suspicious activity detected: ddos
2025-02-18 08:39:28 - [INFO] user login
2025-02-18 08:50:31 - [INFO] backup completed
2025-02-18 08:55:09 - [INFO] user login
2025-02-18 08:56:52 - [INFO] backup completed
2025-02-18 09:00:24 - [WARNING] Suspicious activity detected: unauthorized_access
2025-02-18 09:02:54 - [INFO] file uploaded
2025-02-18 09:08:17 - [WARNING] Suspicious activity detected: sql_injection
2025-02-18 09:15:46 - [WARNING] Suspicious activity detected: sql_injection
2025-02-18 09:17:55 - [INFO] file downloaded
2025-02-18 09:20:13 - [WARNING] Suspicious activity detected: ip_blocked
2025-02-18 09:32:50 - [INFO] user login
2025-02-18 09:41:15 - [INFO] file downloaded
2025-02-18 09:41:58 - [INFO] system check passed
2025-02-18 09:43:33 - [WARNING] Suspicious activity detected: ddos
2025-02-18 09:44:13 - [INFO] file downloaded
2025-02-18 09:46:19 - [INFO] email sent
2025-02-18 09:53:20 - [WARNING] Suspicious activity detected: port_scan
2025-02-18 09:53:40 - [WARNING] Suspicious activity detected: sql_injection
2025-02-18 10:01:28 - [WARNING] Suspicious activity detected: malware
2025-02-18 10:03:55 - [INFO] config updated
2025-02-18 10:05:05 - [INFO] system check passed
2025-02-18 10:11:58 - [INFO] file uploaded
2025-02-18 10:19:57 - [WARNING] Suspicious activity detected: brute_force
2025-02-18 10:26:09 - [INFO] user login
2025-02-18 10:32:22 - [INFO] file uploaded
2025-02-18 10:51:28 - [INFO] user login
2025-02-18 11:00:44 - [WARNING] Suspicious activity detected: malware
2025-02-18 11:06:47 - [WARNING] Suspicious activity detected: unauthorized_access
2025-02-18 11:09:58 - [INFO] backup completed
2025-02-18 11:12:19 - [INFO] user login
2025-02-18 11:39:17 - [INFO] config updated
2025-02-18 11:51:18 - [WARNING] Suspicious activity detected: sql_injection
2025-02-18 12:15:25 - [INFO] email sent
2025-02-18 12:20:39 - [WARNING] Suspicious activity detected: malware
2025-02-18 12:21:02 - [WARNING] Suspicious activity detected: malware
2025-02-18 12:22:46 - [INFO] system check passed
2025-02-18 12:32:49 - [INFO] system check passed
2025-02-18 12:38:21 - [INFO] user login
2025-02-18 12:39:08 - [WARNING] Suspicious activity detected: ip_blocked
2025-02-18 12:47:47 - [INFO] config updated
2025-02-18 12:55:04 - [WARNING] Suspicious activity detected: port_scan
2025-02-18 13:04:05 - [INFO] system check passed
2025-02-18 13:05:30 - [INFO] config updated
2025-02-18 13:28:37 - [WARNING] Suspicious activity detected: malware
2025-02-18 13:37:03 - [INFO] user login
2025-02-18 13:37:42 - [WARNING] Suspicious activity detected: unauthorized_access
2025-02-18 13:46:20 - [INFO] user login
2025-02-18 13:54:45 - [INFO] system check passed
2025-02-18 13:55:35 - [INFO] backup completed
2025-02-18 13:57:39 - [WARNING] Suspicious activity detected: malware
2025-02-18 14:01:26 - [WARNING] Suspicious activity detected: port_scan
2025-02-18 14:01:54 - [INFO] system check passed
2025-02-18 14:06:21 - [INFO] email sent
2025-02-18 14:07:51 - [WARNING] Suspicious activity detected: ddos
2025-02-18 14:26:22 - [WARNING] Suspicious activity detected: port_scan
2025-02-18 14:27:59 - [INFO] user login
2025-02-18 14:29:56 - [INFO] email sent
2025-02-18 14:44:54 - [INFO] backup completed
2025-02-18 14:47:29 - [INFO] backup completed
2025-02-18 15:24:29 - [INFO] email sent
2025-02-18 15:24:45 - [WARNING] Suspicious activity detected: unauthorized_access
2025-02-18 15:26:29 - [INFO] file downloaded
2025-02-18 15:53:22 - [INFO] email sent
2025-02-18 16:13:47 - [INFO] email sent
2025-02-18 16:16:50 - [INFO] config updated
2025-02-18 16:24:48 - [INFO] email sent
2025-02-18 16:39:57 - [INFO] system check passed
2025-02-18 16:45:21 - [INFO] file uploaded
2025-02-18 16:51:21 - [INFO] config updated
2025-02-18 16:56:50 - [WARNING] Suspicious activity detected: ddos
2025-02-18 16:58:52 - [WARNING] Suspicious activity detected: sql_injection
2025-02-18 17:20:44 - [INFO] user login
2025-02-18 17:24:05 - [WARNING] Suspicious activity detected: malware
2025-02-18 17:27:04 - [INFO] email sent
2025-02-18 17:30:18 - [INFO] user login
2025-02-18 17:40:57 - [WARNING] Suspicious activity detected: ip_blocked
2025-02-18 18:15:48 - [INFO] config updated
2025-02-18 18:22:14 - [WARNING] Suspicious activity detected: ddos
2025-02-18 18:22:54 - [INFO] file uploaded
2025-02-18 18:27:51 - [WARNING] Suspicious activity detected: unauthorized_access
2025-02-18 18:33:20 - [INFO] user login
2025-02-18 18:37:47 - [INFO] email sent
2025-02-18 18:48:42 - [INFO] file downloaded
2025-02-18 18:54:17 - [INFO] config updated
2025-02-18 18:55:22 - [WARNING] Suspicious activity detected: sql_injection
2025-02-18 19:06:53 - [WARNING] Suspicious activity detected: intrusion
2025-02-18 19:11:49 - [WARNING] Suspicious activity detected: sql_injection
2025-02-18 19:17:56 - [WARNING] Suspicious activity detected: intrusion
2025-02-18 19:31:52 - [INFO] email sent
2025-02-18 19:41:13 - [INFO] user login
2025-02-18 19:43:01 - [WARNING] Suspicious activity detected: ddos
2025-02-18 19:56:40 - [INFO] email sent
2025-02-18 20:01:55 - [INFO] backup completed
2025-02-18 20:21:04 - [INFO] system check passed
2025-02-18 20:21:50 - [INFO] email sent
2025-02-18 20:26:48 - [INFO] backup completed
2025-02-18 20:50:19 - [WARNING] Suspicious activity detected: malware
2025-02-18 20:55:00 - [WARNING] Suspicious activity detected: ddos
2025-02-18 21:04:21 - [WARNING] Suspicious activity detected: unauthorized_access
2025-02-18 21:06:24 - [INFO] email sent
2025-02-18 21:08:26 - [INFO] email sent
2025-02-18 21:11:32 - [WARNING] Suspicious activity detected: ddos
2025-02-18 21:18:16 - [INFO] system check passed
2025-02-18 21:24:33 - [WARNING] Suspicious activity detected: unauthorized_access
2025-02-18 21:27:23 - [INFO] file uploaded
2025-02-18 21:40:39 - [WARNING] Suspicious activity detected: brute_force
2025-02-18 22:31:27 - [INFO] config updated
2025-02-18 22:31:29 - [INFO] file downloaded
2025-02-18 22:34:37 - [INFO] file uploaded
2025-02-18 22:48:38 - [INFO] system check passed
2025-02-18 23:02:32 - [WARNING] Suspicious activity detected: unauthorized_access
2025-02-18 23:05:04 - [INFO] user login
2025-02-18 23:15:52 - [INFO] file downloaded
2025-02-18 23:16:21 - [INFO] file uploaded
2025-02-18 23:32:27 - [INFO] user login
2025-02-18 23:43:11 - [INFO] file uploaded
2025-02-18 23:46:39 - [WARNING] Suspicious activity detected: unauthorized_access
2025-02-18 23:57:03 - [INFO] email sent
2025-02-18 23:57:16 - [INFO] file uploaded