2025-02-17 00:06:15 - [INFO] system check passed
2025-02-17 00:22:08 - [WARNING] Suspicious activity detected: intrusion
2025-02-17 00:22:08 - [INFO] user login
2025-02-17 00:33:23 - [INFO] user login
2025-02-17 00:50:41 - [INFO] config updated
2025-02-17 00:50:54 - [WARNING] Suspicious activity detected: ddos
2025-02-17 00:51:11 - [INFO] user login
2025-02-17 01:09:23 - [WARNING] Suspicious activity detected: ddos
2025-02-17 01:10:46 - [INFO] file uploaded
2025-02-17 01:15:30 - [INFO] config updated
2025-02-17 01:15:41 - [INFO] backup completed
2025-02-17 01:17:00 - [INFO] system check passed
2025-02-17 01:24:47 - [INFO] config updated
2025-02-17 01:30:58 - [INFO] user login
2025-02-17 01:43:41 - [WARNING] Suspicious activity detected: sql_injection
2025-02-17 01:48:54 - [INFO] user login
2025-02-17 01:51:38 - [WARNING] Suspicious activity detected: port_scan
2025-02-17 01:56:13 - [INFO] config updated
2025-02-17 02:05:36 - [INFO] backup completed
2025-02-17 02:30:42 - [WARNING] Suspicious activity detected: malware
2025-02-17 02:31:13 - [INFO] config updated
2025-02-17 02:34:07 - [INFO] email sent
2025-02-17 02:34:45 - [INFO] config updated
2025-02-17 02:39:16 - [INFO] backup completed
2025-02-17 02:48:22 - [INFO] system check passed
2025-02-17 02:51:46 - [WARNING] Suspicious activity detected: port_scan
2025-02-17 02:56:13 - [INFO] file uploaded
2025-02-17 02:56:15 - [INFO] backup completed
2025-02-17 02:58:28 - [WARNING] Suspicious activity detected: ddos
2025-02-17 03:09:15 - [WARNING] Suspicious activity detected: ip_blocked
2025-02-17 03:10:38 - [INFO] email sent
2025-02-17 03:11:13 - [INFO] email sent
2025-02-17 03:12:34 - [INFO] backup completed
2025-02-17 03:17:34 - [INFO] backup completed
2025-02-17 03:26:12 - [INFO] backup completed
2025-02-17 03:33:12 - [INFO] user login
2025-02-17 03:43:41 - [WARNING] Suspicious activity detected: port_scan
2025-02-17 03:44:48 - [INFO] config updated
2025-02-17 03:45:21 - [WARNING] Suspicious activity detected: malware
2025-02-17 03:56:49 - [INFO] system check passed
2025-02-17 03:57:00 - [INFO] email sent
2025-02-17 04:06:31 - [INFO] user login
2025-02-17 04:07:30 - [INFO] config updated
2025-02-17 04:09:58 - [INFO] file downloaded
2025-02-17 04:15:50 - [INFO] email sent
2025-02-17 04:30:11 - [WARNING] Suspicious activity detected: port_scan
2025-02-17 04:30:54 - [INFO] file downloaded
2025-02-17 04:37:06 - [INFO] user login
2025-02-17 04:39:25 - [INFO] file downloaded
2025-02-17 04:41:10 - [INFO] config updated
2025-02-17 04:43:39 - [WARNING] Suspicious activity detected: port_scan
2025-02-17 04:47:25 - [INFO] backup completed
2025-02-17 04:49:41 - [INFO] email sent
2025-02-17 04:54:05 - [WARNING] Suspicious activity detected: ip_blocked
2025-02-17 04:54:27 - [INFO] file uploaded
2025-02-17 04:58:43 - [WARNING] Suspicious activity detected: unauthorized_access
2025-02-17 05:04:03 - [INFO] backup completed
2025-02-17 05:06:37 - [WARNING] Suspicious activity detected: ddos
2025-02-17 05:32:07 - [WARNING] Suspicious activity detected: unauthorized_access
2025-02-17 05:38:20 - [INFO] system check passed
2025-02-17 05:38:22 - [INFO] config updated
2025-02-17 05:38:39 - [WARNING] Suspicious activity detected: port_scan
2025-02-17 05:44:03 - [INFO] user login
2025-02-17 05:44:06 - [INFO] email sent
2025-02-17 05:47:09 - [INFO] backup completed
2025-02-17 05:47:54 - [INFO] file downloaded
2025-02-17 05:47:55 - [INFO] backup completed
2025-02-17 05:48:13 - [WARNING] Suspicious activity detected: malware
2025-02-17 05:48:27 - [WARNING] Suspicious activity detected: brute_force
2025-02-17 06:24:35 - [INFO] system check passed
2025-02-17 06:33:54 - [INFO] config updated
2025-02-17 06:41:52 - [INFO] user login
2025-02-17 06:43:41 - [INFO] config updated
2025-02-17 06:46:13 - [INFO] user login
2025-02-17 07:00:01 - [INFO] file downloaded
2025-02-17 07:04:30 - [INFO] system check passed
2025-02-17 07:11:02 - [INFO] backup completed
2025-02-17 07:26:53 - [INFO] user login
2025-02-17 07:34:36 - [INFO] config updated
2025-02-17 07:43:38 - [INFO] system check passed
2025-02-17 07:45:18 - [INFO] user login
2025-02-17 07:51:44 - [INFO] file uploaded
2025-02-17 07:52:39 - [WARNING] Suspicious activity detected: sql_injection
2025-02-17 07:52:49 - [WARNING] Suspicious activity detected: brute_force
2025-02-17 08:04:02 - [INFO] file downloaded
2025-02-17 08:04:53 - [INFO] system check passed
2025-02-17 08:06:52 - [INFO] file uploaded
2025-02-17 08:08:30 - [WARNING] Suspicious activity detected: ip_blocked
2025-02-17 08:09:35 - [WARNING] Suspicious activity detected: unauthorized_access
2025-02-17 08:17:20 - [INFO] user login
2025-02-17 08:24:03 - [INFO] user login
2025-02-17 08:24:20 - [INFO] email sent
2025-02-17 08:30:01 - [INFO] backup completed
2025-02-17 08:35:23 - [INFO] backup completed
2025-02-17 08:40:48 - [WARNING] Suspicious activity detected: unauthorized_access
2025-02-17 08:44:45 - [INFO] user login
2025-02-17 08:53:31 - [INFO] backup completed
2025-02-17 08:58:46 - [INFO] user login
2025-02-17 09:19:50 - [INFO] email sent
2025-02-17 09:21:02 - [WARNING] Suspicious activity detected: ip_blocked
2025-02-17 09:23:33 - [INFO] backup completed
2025-02-17 09:32:14 - [INFO] user login
2025-02-17 09:32:22 - [WARNING] Suspicious activity detected: port_scan
2025-02-17 09:38:26 - [INFO] file uploaded
2025-02-17 09:40:22 - [INFO] user login
2025-02-17 09:41:31 - [INFO] email sent
2025-02-17 09:42:24 - [INFO] user login
2025-02-17 09:43:07 - [INFO] user login
2025-02-17 09:44:38 - [INFO] backup completed
2025-02-17 10:01:26 - [WARNING] Suspicious activity detected: sql_injection
2025-02-17 10:06:15 - [INFO] file uploaded
2025-02-17 10:06:28 - [INFO] backup completed
2025-02-17 10:14:06 - [INFO] file downloaded
2025-02-17 10:24:52 - [INFO] user login
2025-02-17 10:26:55 - [INFO] file uploaded
2025-02-17 10:28:13 - [WARNING] Suspicious activity detected: intrusion
2025-02-17 10:32:14 - [INFO] file downloaded
2025-02-17 10:41:48 - [INFO] user login
2025-02-17 11:12:50 - [INFO] config updated
2025-02-17 11:18:21 - [WARNING] Suspicious activity detected: port_scan
2025-02-17 11:26:38 - [INFO] email sent
2025-02-17 11:28:24 - [WARNING] Suspicious activity detected: intrusion
2025-02-17 11:31:13 - [INFO] email sent
2025-02-17 11:33:47 - [INFO] user login
2025-02-17 11:53:22 - [WARNING] Suspicious activity detected: ip_blocked
2025-02-17 11:53:22 - [INFO] email sent
2025-02-17 11:54:38 - [WARNING] Suspicious activity detected: port_scan
2025-02-17 11:55:12 - [WARNING] Suspicious activity detected: brute_force
2025-02-17 11:56:50 - [INFO] system check passed
2025-02-17 12:10:00 - [WARNING] Suspicious activity detected: brute_force
2025-02-17 12:11:31 - [INFO] email sent
2025-02-17 12:13:49 - [INFO] user login
2025-02-17 12:19:23 - [WARNING] Suspicious activity detected: brute_force
2025-02-17 12:21:38 - [INFO] file uploaded
2025-02-17 12:22:11 - [WARNING] Suspicious activity detected: intrusion
2025-02-17 12:28:48 - [INFO] email sent
2025-02-17 12:36:57 - [WARNING] Suspicious activity detected: port_scan
2025-02-17 12:38:00 - [INFO] email sent
2025-02-17 12:46:14 - [INFO] config updated
2025-02-17 12:51:02 - [INFO] user login
2025-02-17 12:59:49 - [INFO] email sent
2025-02-17 13:06:26 - [INFO] system check passed
2025-02-17 13:13:56 - [INFO] email sent
2025-02-17 13:16:56 - [WARNING] Suspicious activity detected: port_scan
2025-02-17 13:25:32 - [INFO] user login
2025-02-17 13:29:12 - [WARNING] Suspicious activity detected: ddos
2025-02-17 13:36:14 - [WARNING] Suspicious activity detected: port_scan
2025-02-17 13:43:44 - [INFO] email sent
2025-02-17 13:44:42 - [INFO] file downloaded
2025-02-17 13:47:31 - [WARNING] Suspicious activity detected: brute_force
2025-02-17 13:49:30 - [WARNING] Suspicious activity detected: port_scan
2025-02-17 13:50:21 - [INFO] email sent
2025-02-17 13:57:11 - [INFO] user login
2025-02-17 13:58:07 - [INFO] backup completed
2025-02-17 14:01:30 - [INFO] config updated
2025-02-17 14:07:27 - [INFO] file uploaded
2025-02-17 14:14:43 - [WARNING] Suspicious activity detected: port_scan
2025-02-17 14:16:24 - [WARNING] Suspicious activity detected: port_scan
2025-02-17 14:26:49 - [INFO] user login
2025-02-17 14:46:43 - [INFO] backup completed
2025-02-17 15:00:28 - [WARNING] Suspicious activity detected: malware
2025-02-17 15:04:27 - [INFO] email sent
2025-02-17 15:05:15 - [INFO] email sent
2025-02-17 15:11:02 - [INFO] user login
2025-02-17 15:21:43 - [INFO] email sent
2025-02-17 15:23:27 - [WARNING] Suspicious activity detected: sql_injection
2025-02-17 15:38:25 - [INFO] system check passed
2025-02-17 15:40:49 - [INFO] file uploaded
2025-02-17 15:58:35 - [INFO] system check passed
2025-02-17 16:10:17 - [INFO] email sent
2025-02-17 16:12:35 - [WARNING] Suspicious activity detected: ip_blocked
2025-02-17 16:16:33 - [WARNING] Suspicious activity detected: port_scan
2025-02-17 16:21:17 - [INFO] system check passed
2025-02-17 16:23:31 - [WARNING] Suspicious activity detected: ddos
2025-02-17 16:30:47 - [INFO] file downloaded
2025-02-17 16:32:26 - [INFO] backup completed
2025-02-17 16:39:46 - [INFO] backup completed
2025-02-17 16:50:41 - [WARNING] Suspicious activity detected: intrusion
2025-02-17 16:54:45 - [WARNING] Suspicious activity detected: ddos
2025-02-17 16:57:30 - [INFO] user login
2025-02-17 17:14:01 - [INFO] file downloaded
2025-02-17 17:14:31 - [INFO] config updated
2025-02-17 17:19:10 - [INFO] file uploaded
2025-02-17 17:28:10 - [INFO] file uploaded
2025-02-17 17:29:08 - [INFO] config updated
2025-02-17 17:31:35 - [INFO] system check passed
2025-02-17 17:32:06 - [INFO] user login
2025-02-17 17:36:24 - [INFO] system check passed
2025-02-17 17:39:34 - [INFO] config updated
2025-02-17 17:42:08 - [INFO] email sent
2025-02-17 17:47:12 - [INFO] config updated
2025-02-17 17:47:39 - [INFO] system check passed
2025-02-17 17:48:53 - [INFO] user login
2025-02-17 17:53:38 - [INFO] file downloaded
2025-02-17 17:56:56 - [INFO] user login
2025-02-17 18:01:17 - [WARNING] Suspicious activity detected: sql_injection
2025-02-17 18:01:47 - [WARNING] Suspicious activity detected: malware
2025-02-17 18:03:25 - [INFO] system check passed
2025-02-17 18:14:20 - [WARNING] Suspicious activity detected: port_scan
2025-02-17 18:22:25 - [INFO] user login
2025-02-17 18:30:57 - [INFO] file downloaded
2025-02-17 18:38:16 - [INFO] file downloaded
2025-02-17 18:39:28 - [INFO] system check passed
2025-02-17 19:02:41 - [INFO] system check passed
2025-02-17 19:03:20 - [INFO] file uploaded
2025-02-17 19:08:24 - [WARNING] Suspicious activity detected: ip_blocked
2025-02-17 19:11:29 - [INFO] email sent
2025-02-17 19:15:00 - [INFO] backup completed
2025-02-17 19:23:14 - [WARNING] Suspicious activity detected: port_scan
2025-02-17 19:25:34 - [INFO] config updated
2025-02-17 19:30:12 - [INFO] email sent
2025-02-17 19:38:21 - [WARNING] Suspicious activity detected: port_scan
2025-02-17 19:53:27 - [WARNING] Suspicious activity detected: ddos
2025-02-17 19:58:41 - [INFO] file uploaded
2025-02-17 20:03:54 - [INFO] backup completed
2025-02-17 20:10:30 - [INFO] user login
2025-02-17 20:16:12 - [WARNING] Suspicious activity detected: port_scan
2025-02-17 20:19:15 - [WARNING] Suspicious activity detected: unauthorized_access
2025-02-17 20:19:23 - [INFO] file downloaded
2025-02-17 20:47:53 - [INFO] backup completed
2025-02-17 21:06:23 - [INFO] file uploaded
2025-02-17 21:09:35 - [WARNING] Suspicious activity detected: sql_injection
2025-02-17 21:14:44 - [WARNING] Suspicious activity detected: intrusion
2025-02-17 21:18:41 - [WARNING] Suspicious activity detected: sql_injection
2025-02-17 21:19:11 - [INFO] config updated
2025-02-17 21:22:07 - [WARNING] Suspicious activity detected: brute_force
2025-02-17 21:22:19 - [INFO] config updated
2025-02-17 21:24:33 - [INFO] user login
2025-02-17 21:24:57 - [WARNING] Suspicious activity detected: sql_injection
2025-02-17 21:35:10 - [INFO] file downloaded
2025-02-17 21:37:07 - [WARNING] Suspicious activity detected: intrusion
2025-02-17 21:37:30 - [WARNING] Suspicious activity detected: intrusion
2025-02-17 21:43:05 - [INFO] config updated
2025-02-17 21:47:21 - [INFO] backup completed
2025-02-17 21:54:55 - [INFO] config updated
2025-02-17 22:02:59 - [WARNING] Suspicious activity detected: unauthorized_access
2025-02-17 22:10:07 - [INFO] email sent
2025-02-17 22:11:45 - [INFO] file uploaded
2025-02-17 22:26:57 - [INFO] backup completed
2025-02-17 22:30:15 - [INFO] config updated
2025-02-17 22:34:25 - [INFO] file uploaded
2025-02-17 22:37:41 - [INFO] system check passed
2025-02-17 22:37:49 - [INFO] email sent
2025-02-17 22:38:07 - [INFO] config updated
2025-02-17 22:47:11 - [INFO] file downloaded
2025-02-17 22:58:11 - [INFO] file downloaded
2025-02-17 23:03:46 - [WARNING] Suspicious activity detected: intrusion
2025-02-17 23:04:56 - [INFO] backup completed
2025-02-17 23:13:38 - [INFO] config updated
2025-02-17 23:15:06 - [WARNING] Suspicious activity detected: ddos
2025-02-17 23:32:37 - [INFO] config updated
2025-02-17 23:33:41 - [INFO] file downloaded
2025-02-17 23:39:52 - [WARNING] Suspicious activity detected: sql_injection
2025-02-17 23:49:35 - [INFO] file downloaded
2025-02-17 23:49:40 - [INFO] email sent
2025-02-17 23:50:13 - [INFO] file downloaded
2025-02-17 23:51:33 - [INFO] file uploaded