2025-02-02 00:04:44 - [INFO] system check passed
2025-02-02 00:05:08 - [INFO] email sent
2025-02-02 00:33:14 - [INFO] system check passed
2025-02-02 00:38:41 - [WARNING] Suspicious activity detected: malware
2025-02-02 00:57:44 - [INFO] user login
2025-02-02 01:00:44 - [WARNING] Suspicious activity detected: unauthorized_access
2025-02-02 01:00:48 - [WARNING] Suspicious activity detected: brute_force
2025-02-02 01:02:43 - [WARNING] Suspicious activity detected: unauthorized_access
2025-02-02 01:06:25 - [WARNING] Suspicious activity detected: ip_blocked
2025-02-02 01:24:38 - [INFO] backup completed
2025-02-02 01:33:39 - [INFO] user login
2025-02-02 01:45:36 - [INFO] system check passed
2025-02-02 01:50:30 - [INFO] file downloaded
2025-02-02 01:51:05 - [INFO] backup completed
2025-02-02 01:52:07 - [INFO] user login
2025-02-02 01:52:34 - [INFO] file uploaded
2025-02-02 01:54:43 - [WARNING] Suspicious activity detected: intrusion
2025-02-02 01:54:58 - [INFO] backup completed
2025-02-02 02:00:57 - [INFO] config updated
2025-02-02 02:07:08 - [WARNING] Suspicious activity detected: ddos
2025-02-02 02:09:46 - [WARNING] Suspicious activity detected: port_scan
2025-02-02 02:18:03 - [INFO] config updated
2025-02-02 02:30:05 - [WARNING] Suspicious activity detected: unauthorized_access
2025-02-02 02:30:38 - [INFO] system check passed
2025-02-02 02:35:54 - [INFO] user login
2025-02-02 02:37:32 - [INFO] backup completed
2025-02-02 02:38:50 - [INFO] email sent
2025-02-02 02:45:05 - [INFO] config updated
2025-02-02 02:50:29 - [INFO] file downloaded
2025-02-02 03:00:35 - [INFO] user login
2025-02-02 03:02:00 - [INFO] file uploaded
2025-02-02 03:02:58 - [INFO] user login
2025-02-02 03:05:11 - [WARNING] Suspicious activity detected: malware
2025-02-02 03:07:39 - [WARNING] Suspicious activity detected: sql_injection
2025-02-02 03:30:37 - [WARNING] Suspicious activity detected: unauthorized_access
2025-02-02 03:32:04 - [INFO] config updated
2025-02-02 03:32:37 - [WARNING] Suspicious activity detected: malware
2025-02-02 03:42:35 - [WARNING] Suspicious activity detected: ddos
2025-02-02 04:07:41 - [INFO] config updated
2025-02-02 04:16:24 - [INFO] file uploaded
2025-02-02 04:19:33 - [WARNING] Suspicious activity detected: malware
2025-02-02 04:53:30 - [INFO] user login
2025-02-02 04:54:40 - [WARNING] Suspicious activity detected: sql_injection
2025-02-02 04:59:45 - [INFO] email sent
2025-02-02 05:00:52 - [WARNING] Suspicious activity detected: malware
2025-02-02 05:01:12 - [INFO] backup completed
2025-02-02 05:03:13 - [WARNING] Suspicious activity detected: malware
2025-02-02 05:03:18 - [WARNING] Suspicious activity detected: unauthorized_access
2025-02-02 05:09:18 - [WARNING] Suspicious activity detected: sql_injection
2025-02-02 05:14:11 - [INFO] user login
2025-02-02 05:24:00 - [INFO] file downloaded
2025-02-02 05:33:55 - [INFO] system check passed
2025-02-02 05:52:04 - [INFO] email sent
2025-02-02 05:54:11 - [WARNING] Suspicious activity detected: port_scan
2025-02-02 05:56:36 - [INFO] file uploaded
2025-02-02 06:10:09 - [INFO] user login
2025-02-02 06:18:35 - [INFO] file uploaded
2025-02-02 06:26:20 - [WARNING] Suspicious activity detected: ddos
2025-02-02 06:27:26 - [INFO] system check passed
2025-02-02 06:28:45 - [INFO] backup completed
2025-02-02 06:50:32 - [WARNING] Suspicious activity detected: brute_force
2025-02-02 06:55:05 - [WARNING] Suspicious activity detected: sql_injection
2025-02-02 07:18:00 - [INFO] backup completed
2025-02-02 07:20:46 - [INFO] system check passed
2025-02-02 07:36:50 - [INFO] user login
2025-02-02 07:47:48 - [WARNING] Suspicious activity detected: intrusion
2025-02-02 07:52:02 - [INFO] file downloaded
2025-02-02 07:56:19 - [INFO] user login
2025-02-02 07:57:35 - [INFO] file downloaded
2025-02-02 08:08:57 - [INFO] file uploaded
2025-02-02 08:16:58 - [INFO] config updated
2025-02-02 08:19:41 - [WARNING] Suspicious activity detected: ip_blocked
2025-02-02 08:28:08 - [WARNING] Suspicious activity detected: unauthorized_access
2025-02-02 08:49:39 - [INFO] email sent
2025-02-02 08:51:25 - [WARNING] Suspicious activity detected: unauthorized_access
2025-02-02 08:53:28 - [INFO] config updated
2025-02-02 08:54:10 - [WARNING] Suspicious activity detected: unauthorized_access
2025-02-02 09:12:23 - [INFO] email sent
2025-02-02 09:32:57 - [INFO] user login
2025-02-02 09:41:29 - [WARNING] Suspicious activity detected: ip_blocked
2025-02-02 09:49:20 - [WARNING] Suspicious activity detected: ddos
2025-02-02 09:49:34 - [INFO] system check passed
2025-02-02 09:59:32 - [WARNING] Suspicious activity detected: unauthorized_access
2025-02-02 10:14:27 - [WARNING] Suspicious activity detected: ip_blocked
2025-02-02 10:19:26 - [INFO] backup completed
2025-02-02 10:21:37 - [WARNING] Suspicious activity detected: malware
2025-02-02 10:23:38 - [WARNING] Suspicious activity detected: brute_force
2025-02-02 10:27:55 - [WARNING] Suspicious activity detected: ip_blocked
2025-02-02 10:30:37 - [INFO] config updated
2025-02-02 10:32:20 - [INFO] user login
2025-02-02 10:41:15 - [INFO] config updated
2025-02-02 10:45:40 - [INFO] file uploaded
2025-02-02 10:47:37 - [INFO] email sent
2025-02-02 10:50:27 - [WARNING] Suspicious activity detected: malware
2025-02-02 10:51:42 - [WARNING] Suspicious activity detected: brute_force
2025-02-02 11:01:23 - [INFO] backup completed
2025-02-02 11:15:44 - [WARNING] Suspicious activity detected: unauthorized_access
2025-02-02 11:16:16 - [INFO] email sent
2025-02-02 11:45:00 - [INFO] config updated
2025-02-02 11:49:35 - [INFO] backup completed
2025-02-02 11:51:48 - [WARNING] Suspicious activity detected: malware
2025-02-02 11:52:52 - [INFO] file downloaded
2025-02-02 12:08:48 - [WARNING] Suspicious activity detected: ip_blocked
2025-02-02 12:27:17 - [INFO] user login
2025-02-02 12:28:30 - [INFO] system check passed
2025-02-02 12:29:27 - [INFO] email sent
2025-02-02 12:31:00 - [WARNING] Suspicious activity detected: brute_force
2025-02-02 12:34:46 - [INFO] system check passed
2025-02-02 12:38:29 - [INFO] backup completed
2025-02-02 12:39:52 - [INFO] system check passed
2025-02-02 12:43:55 - [WARNING] Suspicious activity detected: malware
2025-02-02 12:45:16 - [INFO] file uploaded
2025-02-02 12:48:13 - [INFO] file uploaded
2025-02-02 12:58:11 - [INFO] user login
2025-02-02 12:58:23 - [INFO] file downloaded
2025-02-02 13:08:15 - [WARNING] Suspicious activity detected: ip_blocked
2025-02-02 13:21:44 - [WARNING] Suspicious activity detected: malware
2025-02-02 13:22:11 - [INFO] file downloaded
2025-02-02 13:27:57 - [INFO] config updated
2025-02-02 13:31:26 - [WARNING] Suspicious activity detected: brute_force
2025-02-02 13:35:35 - [INFO] system check passed
2025-02-02 13:45:41 - [WARNING] Suspicious activity detected: sql_injection
2025-02-02 13:50:48 - [INFO] backup completed
2025-02-02 14:10:33 - [INFO] file uploaded
2025-02-02 14:27:56 - [WARNING] Suspicious activity detected: intrusion
2025-02-02 14:28:57 - [INFO] backup completed
2025-02-02 14:34:20 - [INFO] user login
2025-02-02 14:53:04 - [INFO] file downloaded
2025-02-02 14:54:04 - [INFO] system check passed
2025-02-02 14:57:24 - [INFO] user login
2025-02-02 14:59:50 - [WARNING] Suspicious activity detected: brute_force
2025-02-02 15:45:31 - [WARNING] Suspicious activity detected: sql_injection
2025-02-02 15:48:28 - [WARNING] Suspicious activity detected: ip_blocked
2025-02-02 15:50:39 - [INFO] user login
2025-02-02 16:11:19 - [WARNING] Suspicious activity detected: sql_injection
2025-02-02 16:20:56 - [WARNING] Suspicious activity detected: malware
2025-02-02 16:32:49 - [INFO] file uploaded
2025-02-02 16:43:42 - [INFO] config updated
2025-02-02 16:52:16 - [WARNING] Suspicious activity detected: unauthorized_access
2025-02-02 16:53:09 - [INFO] file downloaded
2025-02-02 16:53:40 - [INFO] system check passed
2025-02-02 17:03:29 - [WARNING] Suspicious activity detected: ip_blocked
2025-02-02 17:03:51 - [INFO] backup completed
2025-02-02 17:06:00 - [INFO] config updated
2025-02-02 17:29:32 - [INFO] system check passed
2025-02-02 17:31:01 - [INFO] email sent
2025-02-02 17:34:24 - [INFO] config updated
2025-02-02 17:41:08 - [INFO] file uploaded
2025-02-02 17:41:14 - [INFO] system check passed
2025-02-02 17:56:23 - [INFO] config updated
2025-02-02 17:57:01 - [WARNING] Suspicious activity detected: intrusion
2025-02-02 18:19:44 - [WARNING] Suspicious activity detected: port_scan
2025-02-02 18:20:53 - [INFO] config updated
2025-02-02 18:23:59 - [INFO] file uploaded
2025-02-02 18:25:44 - [WARNING] Suspicious activity detected: intrusion
2025-02-02 18:27:11 - [INFO] file downloaded
2025-02-02 18:37:27 - [INFO] system check passed
2025-02-02 18:38:56 - [WARNING] Suspicious activity detected: ip_blocked
2025-02-02 18:39:25 - [INFO] file uploaded
2025-02-02 19:04:24 - [WARNING] Suspicious activity detected: brute_force
2025-02-02 19:34:48 - [WARNING] Suspicious activity detected: unauthorized_access
2025-02-02 19:38:22 - [WARNING] Suspicious activity detected: ddos
2025-02-02 19:46:52 - [INFO] user login
2025-02-02 19:57:14 - [INFO] file downloaded
2025-02-02 20:10:23 - [WARNING] Suspicious activity detected: malware
2025-02-02 20:33:36 - [INFO] system check passed
2025-02-02 20:36:07 - [INFO] email sent
2025-02-02 20:38:07 - [INFO] file uploaded
2025-02-02 21:16:55 - [INFO] system check passed
2025-02-02 21:18:41 - [INFO] config updated
2025-02-02 21:30:45 - [INFO] email sent
2025-02-02 21:41:48 - [INFO] backup completed
2025-02-02 21:46:03 - [WARNING] Suspicious activity detected: ddos
2025-02-02 21:47:10 - [INFO] email sent
2025-02-02 21:55:35 - [INFO] backup completed
2025-02-02 22:02:22 - [WARNING] Suspicious activity detected: port_scan
2025-02-02 22:06:05 - [WARNING] Suspicious activity detected: ip_blocked
2025-02-02 22:37:46 - [WARNING] Suspicious activity detected: unauthorized_access
2025-02-02 22:38:03 - [INFO] file downloaded
2025-02-02 22:38:15 - [INFO] file uploaded
2025-02-02 22:42:30 - [WARNING] Suspicious activity detected: malware
2025-02-02 22:48:22 - [INFO] email sent
2025-02-02 22:50:40 - [INFO] config updated
2025-02-02 23:09:55 - [WARNING] Suspicious activity detected: ddos
2025-02-02 23:24:51 - [INFO] system check passed
2025-02-02 23:38:34 - [INFO] config updated
2025-02-02 23:38:43 - [WARNING] Suspicious activity detected: sql_injection
2025-02-02 23:42:20 - [INFO] file uploaded
2025-02-02 23:46:31 - [INFO] config updated
2025-02-02 23:49:01 - [INFO] email sent
2025-02-02 23:55:35 - [WARNING] Suspicious activity detected: unauthorized_access