2025-02-27 00:06:56 - [INFO] user login
2025-02-27 00:08:21 - [INFO] user login
2025-02-27 00:10:37 - [INFO] file downloaded
2025-02-27 00:12:43 - [WARNING] Suspicious activity detected: intrusion
2025-02-27 00:14:33 - [INFO] file downloaded
2025-02-27 00:17:29 - [INFO] file uploaded
2025-02-27 00:33:34 - [INFO] user login
2025-02-27 00:34:00 - [INFO] config updated
2025-02-27 00:34:44 - [INFO] system check passed
2025-02-27 00:42:21 - [INFO] email sent
2025-02-27 00:51:06 - [INFO] system check passed
2025-02-27 00:53:48 - [WARNING] Suspicious activity detected: brute_force
2025-02-27 01:03:09 - [INFO] config updated
2025-02-27 01:12:19 - [WARNING] Suspicious activity detected: ip_blocked
2025-02-27 01:32:31 - [INFO] file uploaded
2025-02-27 01:46:24 - [WARNING] Suspicious activity detected: ddos
2025-02-27 01:46:51 - [WARNING] Suspicious activity detected: ip_blocked
2025-02-27 01:48:15 - [INFO] config updated
2025-02-27 01:56:22 - [INFO] file downloaded
2025-02-27 02:01:42 - [INFO] file uploaded
2025-02-27 02:08:23 - [INFO] config updated
2025-02-27 02:11:54 - [INFO] file downloaded
2025-02-27 02:27:05 - [INFO] file uploaded
2025-02-27 02:27:42 - [INFO] email sent
2025-02-27 02:32:27 - [INFO] backup completed
2025-02-27 02:37:33 - [INFO] backup completed
2025-02-27 02:43:43 - [INFO] config updated
2025-02-27 02:59:59 - [INFO] email sent
2025-02-27 03:02:14 - [INFO] backup completed
2025-02-27 03:02:38 - [INFO] user login
2025-02-27 03:11:52 - [INFO] user login
2025-02-27 03:20:22 - [INFO] system check passed
2025-02-27 03:23:31 - [INFO] config updated
2025-02-27 03:36:06 - [INFO] config updated
2025-02-27 03:38:27 - [INFO] user login
2025-02-27 03:38:32 - [INFO] file downloaded
2025-02-27 03:49:45 - [WARNING] Suspicious activity detected: brute_force
2025-02-27 04:02:36 - [INFO] backup completed
2025-02-27 04:04:48 - [INFO] file uploaded
2025-02-27 04:15:02 - [INFO] system check passed
2025-02-27 04:27:30 - [WARNING] Suspicious activity detected: unauthorized_access
2025-02-27 04:31:27 - [WARNING] Suspicious activity detected: ddos
2025-02-27 04:33:35 - [INFO] file uploaded
2025-02-27 04:35:37 - [INFO] file downloaded
2025-02-27 04:37:14 - [INFO] file uploaded
2025-02-27 04:41:09 - [WARNING] Suspicious activity detected: malware
2025-02-27 04:48:09 - [WARNING] Suspicious activity detected: brute_force
2025-02-27 04:54:47 - [WARNING] Suspicious activity detected: unauthorized_access
2025-02-27 05:05:48 - [WARNING] Suspicious activity detected: brute_force
2025-02-27 05:07:51 - [INFO] file downloaded
2025-02-27 05:10:46 - [INFO] file uploaded
2025-02-27 05:19:09 - [INFO] backup completed
2025-02-27 05:27:11 - [WARNING] Suspicious activity detected: unauthorized_access
2025-02-27 05:47:20 - [INFO] user login
2025-02-27 05:49:49 - [WARNING] Suspicious activity detected: ddos
2025-02-27 05:59:23 - [WARNING] Suspicious activity detected: intrusion
2025-02-27 06:16:08 - [WARNING] Suspicious activity detected: sql_injection
2025-02-27 06:21:55 - [INFO] file downloaded
2025-02-27 06:25:46 - [WARNING] Suspicious activity detected: unauthorized_access
2025-02-27 06:30:55 - [INFO] config updated
2025-02-27 06:31:06 - [INFO] email sent
2025-02-27 06:32:02 - [INFO] email sent
2025-02-27 06:43:07 - [INFO] config updated
2025-02-27 06:44:14 - [INFO] system check passed
2025-02-27 06:45:09 - [INFO] config updated
2025-02-27 06:45:10 - [INFO] backup completed
2025-02-27 06:47:28 - [INFO] user login
2025-02-27 07:11:21 - [WARNING] Suspicious activity detected: port_scan
2025-02-27 07:15:00 - [WARNING] Suspicious activity detected: brute_force
2025-02-27 07:19:49 - [INFO] backup completed
2025-02-27 07:22:16 - [INFO] system check passed
2025-02-27 07:32:20 - [INFO] file downloaded
2025-02-27 07:32:28 - [INFO] user login
2025-02-27 07:38:29 - [INFO] system check passed
2025-02-27 07:45:17 - [INFO] email sent
2025-02-27 07:45:30 - [INFO] backup completed
2025-02-27 08:02:42 - [INFO] user login
2025-02-27 08:12:12 - [INFO] file uploaded
2025-02-27 08:15:52 - [INFO] file downloaded
2025-02-27 08:29:27 - [INFO] config updated
2025-02-27 08:32:17 - [WARNING] Suspicious activity detected: sql_injection
2025-02-27 08:36:13 - [INFO] system check passed
2025-02-27 08:36:22 - [INFO] file uploaded
2025-02-27 08:58:31 - [INFO] backup completed
2025-02-27 08:59:57 - [INFO] user login
2025-02-27 09:07:20 - [INFO] system check passed
2025-02-27 09:09:41 - [INFO] file uploaded
2025-02-27 09:35:33 - [INFO] email sent
2025-02-27 09:38:36 - [INFO] backup completed
2025-02-27 09:39:09 - [INFO] system check passed
2025-02-27 09:47:28 - [INFO] email sent
2025-02-27 09:53:36 - [INFO] system check passed
2025-02-27 09:58:32 - [INFO] email sent
2025-02-27 09:58:49 - [INFO] config updated
2025-02-27 09:59:48 - [INFO] email sent
2025-02-27 10:05:27 - [WARNING] Suspicious activity detected: ip_blocked
2025-02-27 10:08:32 - [INFO] system check passed
2025-02-27 10:25:20 - [WARNING] Suspicious activity detected: intrusion
2025-02-27 10:48:37 - [INFO] file uploaded
2025-02-27 11:01:15 - [INFO] file uploaded
2025-02-27 11:01:31 - [INFO] config updated
2025-02-27 11:02:38 - [INFO] backup completed
2025-02-27 11:07:08 - [WARNING] Suspicious activity detected: ip_blocked
2025-02-27 11:08:54 - [INFO] system check passed
2025-02-27 11:12:04 - [INFO] email sent
2025-02-27 11:24:09 - [INFO] config updated
2025-02-27 11:25:40 - [INFO] backup completed
2025-02-27 11:43:17 - [WARNING] Suspicious activity detected: port_scan
2025-02-27 11:48:31 - [INFO] backup completed
2025-02-27 11:51:23 - [INFO] backup completed
2025-02-27 11:54:29 - [INFO] user login
2025-02-27 12:00:06 - [INFO] backup completed
2025-02-27 12:15:58 - [INFO] config updated
2025-02-27 12:25:06 - [INFO] user login
2025-02-27 12:27:27 - [INFO] config updated
2025-02-27 12:30:36 - [WARNING] Suspicious activity detected: brute_force
2025-02-27 12:32:20 - [INFO] system check passed
2025-02-27 12:38:21 - [INFO] file uploaded
2025-02-27 12:42:24 - [INFO] file uploaded
2025-02-27 12:46:46 - [INFO] user login
2025-02-27 12:48:52 - [WARNING] Suspicious activity detected: sql_injection
2025-02-27 13:00:57 - [INFO] file downloaded
2025-02-27 13:18:01 - [INFO] file downloaded
2025-02-27 13:22:58 - [INFO] user login
2025-02-27 13:33:33 - [INFO] file downloaded
2025-02-27 13:36:42 - [INFO] email sent
2025-02-27 13:36:53 - [INFO] file downloaded
2025-02-27 13:39:18 - [INFO] email sent
2025-02-27 13:45:32 - [INFO] config updated
2025-02-27 13:45:45 - [INFO] config updated
2025-02-27 13:46:01 - [WARNING] Suspicious activity detected: sql_injection
2025-02-27 13:49:42 - [INFO] config updated
2025-02-27 13:50:03 - [INFO] backup completed
2025-02-27 13:50:47 - [INFO] file uploaded
2025-02-27 13:59:43 - [WARNING] Suspicious activity detected: sql_injection
2025-02-27 14:02:51 - [WARNING] Suspicious activity detected: ddos
2025-02-27 14:04:26 - [WARNING] Suspicious activity detected: malware
2025-02-27 14:06:37 - [INFO] system check passed
2025-02-27 14:08:57 - [WARNING] Suspicious activity detected: ddos
2025-02-27 14:12:41 - [INFO] system check passed
2025-02-27 14:13:46 - [INFO] config updated
2025-02-27 14:16:34 - [INFO] user login
2025-02-27 14:18:13 - [INFO] system check passed
2025-02-27 14:25:47 - [WARNING] Suspicious activity detected: intrusion
2025-02-27 14:37:17 - [WARNING] Suspicious activity detected: intrusion
2025-02-27 14:39:42 - [INFO] file uploaded
2025-02-27 14:48:49 - [WARNING] Suspicious activity detected: malware
2025-02-27 14:49:35 - [INFO] user login
2025-02-27 15:12:50 - [INFO] system check passed
2025-02-27 15:23:33 - [INFO] system check passed
2025-02-27 15:24:10 - [INFO] file uploaded
2025-02-27 15:25:16 - [INFO] email sent
2025-02-27 15:26:30 - [INFO] user login
2025-02-27 15:33:49 - [WARNING] Suspicious activity detected: brute_force
2025-02-27 15:36:22 - [WARNING] Suspicious activity detected: brute_force
2025-02-27 15:43:11 - [INFO] file uploaded
2025-02-27 15:46:19 - [WARNING] Suspicious activity detected: intrusion
2025-02-27 15:51:18 - [WARNING] Suspicious activity detected: malware
2025-02-27 15:51:53 - [WARNING] Suspicious activity detected: brute_force
2025-02-27 15:57:35 - [INFO] config updated
2025-02-27 16:13:34 - [INFO] file downloaded
2025-02-27 16:22:39 - [INFO] file downloaded
2025-02-27 16:40:32 - [WARNING] Suspicious activity detected: unauthorized_access
2025-02-27 17:01:57 - [INFO] config updated
2025-02-27 17:03:24 - [INFO] config updated
2025-02-27 17:05:58 - [INFO] file downloaded
2025-02-27 17:06:00 - [INFO] file downloaded
2025-02-27 17:10:48 - [WARNING] Suspicious activity detected: sql_injection
2025-02-27 17:12:28 - [INFO] system check passed
2025-02-27 17:13:53 - [WARNING] Suspicious activity detected: ip_blocked
2025-02-27 17:22:44 - [WARNING] Suspicious activity detected: unauthorized_access
2025-02-27 17:27:23 - [WARNING] Suspicious activity detected: ddos
2025-02-27 17:32:15 - [INFO] email sent
2025-02-27 17:36:22 - [INFO] file downloaded
2025-02-27 17:56:36 - [INFO] config updated
2025-02-27 17:58:45 - [INFO] backup completed
2025-02-27 18:07:12 - [INFO] email sent
2025-02-27 18:07:42 - [INFO] config updated
2025-02-27 18:14:10 - [WARNING] Suspicious activity detected: brute_force
2025-02-27 18:26:34 - [INFO] email sent
2025-02-27 18:41:37 - [INFO] backup completed
2025-02-27 18:51:03 - [INFO] file uploaded
2025-02-27 18:52:43 - [INFO] email sent
2025-02-27 18:52:43 - [INFO] email sent
2025-02-27 18:56:56 - [WARNING] Suspicious activity detected: ddos
2025-02-27 19:13:16 - [INFO] config updated
2025-02-27 19:14:03 - [WARNING] Suspicious activity detected: ddos
2025-02-27 19:14:13 - [INFO] file uploaded
2025-02-27 19:16:39 - [INFO] file downloaded
2025-02-27 19:18:00 - [INFO] file uploaded
2025-02-27 19:26:22 - [WARNING] Suspicious activity detected: brute_force
2025-02-27 19:26:42 - [WARNING] Suspicious activity detected: unauthorized_access
2025-02-27 19:29:58 - [INFO] config updated
2025-02-27 19:32:10 - [WARNING] Suspicious activity detected: port_scan
2025-02-27 19:40:10 - [INFO] file downloaded
2025-02-27 19:42:01 - [INFO] system check passed
2025-02-27 19:59:13 - [WARNING] Suspicious activity detected: ddos
2025-02-27 20:02:02 - [INFO] backup completed
2025-02-27 20:17:05 - [INFO] email sent
2025-02-27 20:24:18 - [INFO] file downloaded
2025-02-27 20:29:14 - [INFO] file downloaded
2025-02-27 20:33:25 - [INFO] config updated
2025-02-27 20:34:56 - [INFO] backup completed
2025-02-27 20:36:37 - [WARNING] Suspicious activity detected: brute_force
2025-02-27 20:50:46 - [INFO] file downloaded
2025-02-27 20:51:05 - [INFO] system check passed
2025-02-27 20:51:36 - [INFO] user login
2025-02-27 21:13:05 - [INFO] config updated
2025-02-27 21:22:24 - [INFO] user login
2025-02-27 21:24:17 - [INFO] email sent
2025-02-27 21:26:14 - [INFO] system check passed
2025-02-27 21:31:04 - [INFO] email sent
2025-02-27 21:33:55 - [INFO] file uploaded
2025-02-27 21:34:27 - [INFO] file uploaded
2025-02-27 21:42:23 - [INFO] config updated
2025-02-27 21:43:07 - [INFO] email sent
2025-02-27 21:44:44 - [WARNING] Suspicious activity detected: unauthorized_access
2025-02-27 21:47:10 - [INFO] file downloaded
2025-02-27 21:49:02 - [INFO] email sent
2025-02-27 21:57:16 - [WARNING] Suspicious activity detected: ip_blocked
2025-02-27 22:04:40 - [INFO] system check passed
2025-02-27 22:12:42 - [INFO] email sent
2025-02-27 22:20:22 - [INFO] system check passed
2025-02-27 22:22:19 - [INFO] file downloaded
2025-02-27 22:34:50 - [INFO] file uploaded
2025-02-27 22:35:12 - [WARNING] Suspicious activity detected: intrusion
2025-02-27 22:41:40 - [INFO] file downloaded
2025-02-27 22:45:48 - [WARNING] Suspicious activity detected: unauthorized_access
2025-02-27 22:58:57 - [INFO] file uploaded
2025-02-27 23:00:49 - [INFO] backup completed
2025-02-27 23:09:26 - [INFO] file downloaded
2025-02-27 23:18:26 - [INFO] file downloaded
2025-02-27 23:24:42 - [INFO] backup completed
2025-02-27 23:28:13 - [INFO] backup completed
2025-02-27 23:39:05 - [INFO] config updated
2025-02-27 23:44:45 - [INFO] user login
2025-02-27 23:49:50 - [INFO] config updated
2025-02-27 23:51:29 - [INFO] file uploaded
2025-02-27 23:51:37 - [INFO] file uploaded
2025-02-27 23:53:44 - [INFO] file uploaded