2025-05-31 00:17:48 - [INFO] file uploaded
2025-05-31 00:32:20 - [INFO] file downloaded
2025-05-31 00:43:54 - [WARNING] Suspicious activity detected: brute_force
2025-05-31 00:49:13 - [WARNING] Suspicious activity detected: ddos
2025-05-31 01:04:47 - [INFO] user login
2025-05-31 01:10:03 - [INFO] user login
2025-05-31 01:14:35 - [WARNING] Suspicious activity detected: ip_blocked
2025-05-31 01:17:54 - [INFO] file uploaded
2025-05-31 01:26:44 - [INFO] config updated
2025-05-31 01:36:58 - [INFO] file uploaded
2025-05-31 01:40:34 - [INFO] file uploaded
2025-05-31 01:48:20 - [INFO] user login
2025-05-31 02:04:01 - [INFO] backup completed
2025-05-31 02:12:14 - [WARNING] Suspicious activity detected: malware
2025-05-31 02:12:55 - [INFO] backup completed
2025-05-31 02:14:09 - [INFO] system check passed
2025-05-31 02:22:13 - [WARNING] Suspicious activity detected: sql_injection
2025-05-31 02:22:46 - [WARNING] Suspicious activity detected: intrusion
2025-05-31 02:24:09 - [INFO] config updated
2025-05-31 02:24:38 - [INFO] file downloaded
2025-05-31 02:32:11 - [INFO] email sent
2025-05-31 02:32:26 - [WARNING] Suspicious activity detected: port_scan
2025-05-31 02:33:06 - [WARNING] Suspicious activity detected: sql_injection
2025-05-31 02:45:22 - [INFO] system check passed
2025-05-31 02:50:49 - [INFO] backup completed
2025-05-31 02:51:58 - [INFO] backup completed
2025-05-31 02:55:07 - [INFO] backup completed
2025-05-31 03:05:36 - [INFO] config updated
2025-05-31 03:06:55 - [INFO] file uploaded
2025-05-31 03:11:06 - [INFO] backup completed
2025-05-31 03:27:37 - [INFO] email sent
2025-05-31 03:35:42 - [INFO] config updated
2025-05-31 03:36:33 - [WARNING] Suspicious activity detected: unauthorized_access
2025-05-31 03:39:15 - [INFO] system check passed
2025-05-31 03:41:51 - [INFO] email sent
2025-05-31 03:47:23 - [INFO] email sent
2025-05-31 03:50:05 - [INFO] file uploaded
2025-05-31 03:50:29 - [INFO] config updated
2025-05-31 04:14:47 - [WARNING] Suspicious activity detected: port_scan
2025-05-31 04:23:59 - [INFO] backup completed
2025-05-31 04:35:39 - [INFO] file uploaded
2025-05-31 04:45:38 - [INFO] file downloaded
2025-05-31 04:46:02 - [INFO] config updated
2025-05-31 04:50:31 - [INFO] config updated
2025-05-31 04:56:08 - [INFO] file downloaded
2025-05-31 05:03:41 - [INFO] email sent
2025-05-31 05:36:28 - [INFO] file uploaded
2025-05-31 05:52:18 - [INFO] file uploaded
2025-05-31 06:12:09 - [INFO] backup completed
2025-05-31 06:12:53 - [WARNING] Suspicious activity detected: sql_injection
2025-05-31 06:15:09 - [WARNING] Suspicious activity detected: brute_force
2025-05-31 06:16:48 - [INFO] user login
2025-05-31 06:21:46 - [INFO] config updated
2025-05-31 06:25:54 - [INFO] file downloaded
2025-05-31 06:32:48 - [INFO] config updated
2025-05-31 06:41:03 - [INFO] file uploaded
2025-05-31 06:42:33 - [WARNING] Suspicious activity detected: port_scan
2025-05-31 06:52:24 - [WARNING] Suspicious activity detected: brute_force
2025-05-31 06:53:38 - [INFO] backup completed
2025-05-31 07:00:14 - [INFO] system check passed
2025-05-31 07:14:34 - [INFO] backup completed
2025-05-31 07:19:29 - [INFO] system check passed
2025-05-31 07:21:08 - [WARNING] Suspicious activity detected: port_scan
2025-05-31 07:23:07 - [INFO] backup completed
2025-05-31 07:44:54 - [INFO] backup completed
2025-05-31 07:51:27 - [INFO] email sent
2025-05-31 07:51:38 - [INFO] file uploaded
2025-05-31 07:58:33 - [INFO] user login
2025-05-31 08:09:37 - [INFO] file uploaded
2025-05-31 08:20:02 - [INFO] user login
2025-05-31 08:20:15 - [INFO] user login
2025-05-31 08:41:18 - [INFO] file uploaded
2025-05-31 09:00:51 - [INFO] user login
2025-05-31 09:02:58 - [INFO] file uploaded
2025-05-31 09:03:11 - [WARNING] Suspicious activity detected: sql_injection
2025-05-31 09:03:15 - [INFO] backup completed
2025-05-31 09:09:10 - [INFO] system check passed
2025-05-31 09:09:32 - [INFO] backup completed
2025-05-31 09:12:12 - [INFO] backup completed
2025-05-31 09:14:03 - [INFO] file downloaded
2025-05-31 09:17:37 - [INFO] file uploaded
2025-05-31 09:26:44 - [INFO] config updated
2025-05-31 09:32:34 - [INFO] email sent
2025-05-31 09:37:02 - [INFO] system check passed
2025-05-31 09:39:14 - [WARNING] Suspicious activity detected: brute_force
2025-05-31 09:47:17 - [WARNING] Suspicious activity detected: intrusion
2025-05-31 09:50:56 - [INFO] backup completed
2025-05-31 10:15:50 - [INFO] email sent
2025-05-31 10:17:23 - [INFO] backup completed
2025-05-31 10:24:13 - [INFO] system check passed
2025-05-31 10:30:18 - [INFO] config updated
2025-05-31 10:41:34 - [INFO] user login
2025-05-31 10:43:04 - [INFO] config updated
2025-05-31 10:48:09 - [WARNING] Suspicious activity detected: malware
2025-05-31 10:49:37 - [INFO] file downloaded
2025-05-31 11:01:59 - [INFO] system check passed
2025-05-31 11:07:02 - [INFO] config updated
2025-05-31 11:08:10 - [WARNING] Suspicious activity detected: port_scan
2025-05-31 11:14:24 - [WARNING] Suspicious activity detected: ddos
2025-05-31 11:22:05 - [INFO] file downloaded
2025-05-31 11:23:26 - [INFO] system check passed
2025-05-31 11:24:03 - [WARNING] Suspicious activity detected: brute_force
2025-05-31 11:29:47 - [WARNING] Suspicious activity detected: sql_injection
2025-05-31 11:30:18 - [INFO] file downloaded
2025-05-31 11:54:30 - [INFO] file uploaded
2025-05-31 12:10:25 - [WARNING] Suspicious activity detected: malware
2025-05-31 12:11:20 - [WARNING] Suspicious activity detected: ddos
2025-05-31 12:21:00 - [INFO] config updated
2025-05-31 12:28:11 - [INFO] file uploaded
2025-05-31 12:28:40 - [WARNING] Suspicious activity detected: brute_force
2025-05-31 12:48:15 - [INFO] config updated
2025-05-31 12:50:16 - [INFO] email sent
2025-05-31 12:57:37 - [INFO] email sent
2025-05-31 13:08:18 - [INFO] file downloaded
2025-05-31 13:09:18 - [INFO] email sent
2025-05-31 13:11:08 - [WARNING] Suspicious activity detected: unauthorized_access
2025-05-31 13:12:22 - [WARNING] Suspicious activity detected: brute_force
2025-05-31 13:18:09 - [INFO] user login
2025-05-31 13:34:35 - [INFO] backup completed
2025-05-31 13:38:34 - [INFO] user login
2025-05-31 13:46:49 - [INFO] backup completed
2025-05-31 13:47:24 - [INFO] backup completed
2025-05-31 13:50:46 - [WARNING] Suspicious activity detected: port_scan
2025-05-31 13:51:25 - [INFO] system check passed
2025-05-31 13:59:56 - [INFO] file uploaded
2025-05-31 14:01:37 - [INFO] file downloaded
2025-05-31 14:10:19 - [INFO] file uploaded
2025-05-31 14:21:53 - [INFO] file uploaded
2025-05-31 14:24:26 - [INFO] user login
2025-05-31 14:28:08 - [WARNING] Suspicious activity detected: unauthorized_access
2025-05-31 14:29:11 - [INFO] user login
2025-05-31 14:33:28 - [WARNING] Suspicious activity detected: sql_injection
2025-05-31 14:35:10 - [INFO] email sent
2025-05-31 14:38:39 - [INFO] backup completed
2025-05-31 14:39:30 - [INFO] user login
2025-05-31 14:40:25 - [INFO] file uploaded
2025-05-31 14:44:55 - [INFO] file uploaded
2025-05-31 14:49:21 - [WARNING] Suspicious activity detected: brute_force
2025-05-31 14:49:43 - [INFO] config updated
2025-05-31 14:50:20 - [INFO] system check passed
2025-05-31 14:51:51 - [INFO] email sent
2025-05-31 14:59:08 - [INFO] file downloaded
2025-05-31 15:14:14 - [INFO] email sent
2025-05-31 15:16:14 - [INFO] email sent
2025-05-31 15:16:42 - [INFO] email sent
2025-05-31 15:16:56 - [WARNING] Suspicious activity detected: ddos
2025-05-31 15:19:48 - [INFO] backup completed
2025-05-31 15:23:26 - [INFO] file downloaded
2025-05-31 15:23:38 - [INFO] email sent
2025-05-31 15:32:19 - [INFO] file uploaded
2025-05-31 15:36:26 - [INFO] backup completed
2025-05-31 15:37:00 - [INFO] config updated
2025-05-31 15:38:56 - [INFO] email sent
2025-05-31 15:40:53 - [WARNING] Suspicious activity detected: brute_force
2025-05-31 15:43:07 - [INFO] config updated
2025-05-31 15:52:35 - [INFO] system check passed
2025-05-31 15:53:30 - [INFO] email sent
2025-05-31 16:06:01 - [WARNING] Suspicious activity detected: ip_blocked
2025-05-31 16:09:05 - [INFO] file downloaded
2025-05-31 16:13:36 - [INFO] config updated
2025-05-31 16:17:32 - [WARNING] Suspicious activity detected: intrusion
2025-05-31 16:21:32 - [INFO] email sent
2025-05-31 16:21:34 - [INFO] email sent
2025-05-31 16:26:09 - [INFO] config updated
2025-05-31 16:45:26 - [INFO] file uploaded
2025-05-31 16:51:53 - [WARNING] Suspicious activity detected: unauthorized_access
2025-05-31 16:55:55 - [WARNING] Suspicious activity detected: sql_injection
2025-05-31 17:05:27 - [INFO] file downloaded
2025-05-31 17:16:52 - [INFO] user login
2025-05-31 17:20:36 - [INFO] config updated
2025-05-31 17:25:57 - [WARNING] Suspicious activity detected: brute_force
2025-05-31 17:28:04 - [INFO] user login
2025-05-31 17:32:57 - [INFO] email sent
2025-05-31 18:08:57 - [INFO] file downloaded
2025-05-31 18:15:12 - [INFO] config updated
2025-05-31 18:18:44 - [INFO] system check passed
2025-05-31 18:19:35 - [INFO] user login
2025-05-31 18:25:56 - [INFO] backup completed
2025-05-31 18:36:21 - [INFO] config updated
2025-05-31 18:36:40 - [INFO] config updated
2025-05-31 18:39:38 - [INFO] email sent
2025-05-31 18:39:38 - [INFO] config updated
2025-05-31 18:39:42 - [INFO] backup completed
2025-05-31 18:44:36 - [WARNING] Suspicious activity detected: sql_injection
2025-05-31 18:45:00 - [INFO] file uploaded
2025-05-31 18:50:37 - [INFO] file downloaded
2025-05-31 18:55:02 - [INFO] config updated
2025-05-31 19:02:14 - [INFO] email sent
2025-05-31 19:04:22 - [INFO] system check passed
2025-05-31 19:05:01 - [INFO] user login
2025-05-31 19:06:44 - [WARNING] Suspicious activity detected: unauthorized_access
2025-05-31 19:19:26 - [INFO] user login
2025-05-31 19:19:52 - [INFO] system check passed
2025-05-31 19:46:12 - [INFO] email sent
2025-05-31 19:46:56 - [WARNING] Suspicious activity detected: ip_blocked
2025-05-31 19:49:47 - [INFO] file uploaded
2025-05-31 20:05:04 - [WARNING] Suspicious activity detected: ddos
2025-05-31 20:09:50 - [INFO] user login
2025-05-31 20:15:09 - [INFO] email sent
2025-05-31 20:21:30 - [INFO] file downloaded
2025-05-31 20:26:19 - [INFO] email sent
2025-05-31 20:32:34 - [INFO] email sent
2025-05-31 20:40:01 - [INFO] file uploaded
2025-05-31 20:46:47 - [INFO] backup completed
2025-05-31 20:50:49 - [WARNING] Suspicious activity detected: malware
2025-05-31 20:57:15 - [WARNING] Suspicious activity detected: intrusion
2025-05-31 20:59:18 - [INFO] email sent
2025-05-31 21:00:10 - [INFO] system check passed
2025-05-31 21:10:12 - [INFO] system check passed
2025-05-31 21:18:37 - [INFO] user login
2025-05-31 21:37:41 - [INFO] file downloaded
2025-05-31 21:42:52 - [INFO] user login
2025-05-31 21:56:54 - [INFO] backup completed
2025-05-31 22:05:57 - [INFO] email sent
2025-05-31 22:14:41 - [INFO] file uploaded
2025-05-31 22:18:51 - [INFO] file downloaded
2025-05-31 22:53:09 - [INFO] system check passed
2025-05-31 22:53:55 - [INFO] email sent
2025-05-31 22:54:25 - [INFO] config updated
2025-05-31 23:11:02 - [INFO] email sent
2025-05-31 23:13:12 - [INFO] user login
2025-05-31 23:17:53 - [INFO] system check passed
2025-05-31 23:26:49 - [INFO] backup completed
2025-05-31 23:31:49 - [INFO] file downloaded
2025-05-31 23:44:14 - [WARNING] Suspicious activity detected: sql_injection
2025-05-31 23:48:10 - [INFO] user login
2025-05-31 23:58:59 - [INFO] config updated