2025-04-06 00:00:12 - [INFO] backup completed
2025-04-06 00:02:09 - [INFO] file downloaded
2025-04-06 00:10:00 - [INFO] system check passed
2025-04-06 00:36:06 - [INFO] system check passed
2025-04-06 00:39:39 - [INFO] backup completed
2025-04-06 00:43:37 - [INFO] file uploaded
2025-04-06 01:08:32 - [INFO] backup completed
2025-04-06 01:08:42 - [INFO] backup completed
2025-04-06 01:35:22 - [INFO] user login
2025-04-06 01:38:51 - [INFO] email sent
2025-04-06 01:41:36 - [INFO] backup completed
2025-04-06 01:45:42 - [INFO] config updated
2025-04-06 01:51:13 - [WARNING] Suspicious activity detected: brute_force
2025-04-06 02:02:56 - [INFO] backup completed
2025-04-06 02:10:08 - [WARNING] Suspicious activity detected: port_scan
2025-04-06 02:19:44 - [INFO] system check passed
2025-04-06 02:23:21 - [INFO] user login
2025-04-06 02:24:10 - [INFO] user login
2025-04-06 02:30:21 - [INFO] config updated
2025-04-06 02:38:44 - [INFO] config updated
2025-04-06 02:42:02 - [INFO] file uploaded
2025-04-06 02:43:07 - [WARNING] Suspicious activity detected: ip_blocked
2025-04-06 03:11:15 - [INFO] config updated
2025-04-06 03:18:00 - [INFO] file downloaded
2025-04-06 03:18:16 - [WARNING] Suspicious activity detected: ip_blocked
2025-04-06 03:36:41 - [INFO] user login
2025-04-06 03:51:19 - [INFO] config updated
2025-04-06 04:02:43 - [INFO] user login
2025-04-06 04:12:09 - [WARNING] Suspicious activity detected: ip_blocked
2025-04-06 04:19:50 - [INFO] backup completed
2025-04-06 04:20:04 - [WARNING] Suspicious activity detected: intrusion
2025-04-06 04:23:55 - [WARNING] Suspicious activity detected: malware
2025-04-06 04:29:21 - [INFO] system check passed
2025-04-06 04:34:48 - [WARNING] Suspicious activity detected: sql_injection
2025-04-06 05:04:19 - [WARNING] Suspicious activity detected: malware
2025-04-06 05:04:22 - [WARNING] Suspicious activity detected: port_scan
2025-04-06 05:11:56 - [WARNING] Suspicious activity detected: port_scan
2025-04-06 05:12:06 - [INFO] file downloaded
2025-04-06 05:12:33 - [WARNING] Suspicious activity detected: malware
2025-04-06 05:21:24 - [INFO] system check passed
2025-04-06 05:26:52 - [WARNING] Suspicious activity detected: ddos
2025-04-06 05:29:16 - [WARNING] Suspicious activity detected: brute_force
2025-04-06 05:38:17 - [WARNING] Suspicious activity detected: intrusion
2025-04-06 05:47:06 - [INFO] file uploaded
2025-04-06 05:49:49 - [INFO] system check passed
2025-04-06 05:51:26 - [INFO] file downloaded
2025-04-06 06:02:39 - [WARNING] Suspicious activity detected: ddos
2025-04-06 06:05:47 - [WARNING] Suspicious activity detected: brute_force
2025-04-06 06:10:56 - [INFO] email sent
2025-04-06 06:15:07 - [INFO] email sent
2025-04-06 06:21:27 - [INFO] file downloaded
2025-04-06 06:23:54 - [WARNING] Suspicious activity detected: intrusion
2025-04-06 06:29:05 - [INFO] email sent
2025-04-06 06:45:24 - [INFO] backup completed
2025-04-06 06:58:11 - [INFO] config updated
2025-04-06 06:58:30 - [WARNING] Suspicious activity detected: port_scan
2025-04-06 06:59:57 - [INFO] file uploaded
2025-04-06 07:14:41 - [WARNING] Suspicious activity detected: intrusion
2025-04-06 08:06:16 - [WARNING] Suspicious activity detected: sql_injection
2025-04-06 08:44:14 - [INFO] config updated
2025-04-06 08:45:10 - [INFO] system check passed
2025-04-06 08:53:29 - [INFO] file uploaded
2025-04-06 08:55:31 - [WARNING] Suspicious activity detected: ip_blocked
2025-04-06 08:58:57 - [INFO] user login
2025-04-06 09:08:16 - [INFO] user login
2025-04-06 09:09:26 - [WARNING] Suspicious activity detected: brute_force
2025-04-06 09:21:13 - [INFO] system check passed
2025-04-06 09:21:21 - [INFO] file uploaded
2025-04-06 09:43:49 - [WARNING] Suspicious activity detected: ip_blocked
2025-04-06 09:56:52 - [WARNING] Suspicious activity detected: sql_injection
2025-04-06 10:06:10 - [WARNING] Suspicious activity detected: ip_blocked
2025-04-06 10:07:53 - [WARNING] Suspicious activity detected: unauthorized_access
2025-04-06 10:14:15 - [INFO] file uploaded
2025-04-06 10:22:28 - [INFO] email sent
2025-04-06 10:28:05 - [INFO] system check passed
2025-04-06 10:41:02 - [WARNING] Suspicious activity detected: malware
2025-04-06 10:44:15 - [WARNING] Suspicious activity detected: ip_blocked
2025-04-06 11:00:30 - [INFO] config updated
2025-04-06 11:06:11 - [WARNING] Suspicious activity detected: port_scan
2025-04-06 11:30:49 - [WARNING] Suspicious activity detected: ip_blocked
2025-04-06 11:43:15 - [INFO] system check passed
2025-04-06 11:43:50 - [INFO] file downloaded
2025-04-06 11:45:55 - [INFO] system check passed
2025-04-06 11:49:29 - [WARNING] Suspicious activity detected: brute_force
2025-04-06 11:50:13 - [WARNING] Suspicious activity detected: malware
2025-04-06 11:50:17 - [INFO] email sent
2025-04-06 11:51:39 - [WARNING] Suspicious activity detected: unauthorized_access
2025-04-06 11:55:58 - [INFO] user login
2025-04-06 11:57:13 - [INFO] file uploaded
2025-04-06 12:18:05 - [WARNING] Suspicious activity detected: port_scan
2025-04-06 12:22:55 - [INFO] backup completed
2025-04-06 12:24:07 - [INFO] file downloaded
2025-04-06 12:26:54 - [WARNING] Suspicious activity detected: brute_force
2025-04-06 12:33:41 - [INFO] file downloaded
2025-04-06 12:36:36 - [INFO] system check passed
2025-04-06 13:02:02 - [WARNING] Suspicious activity detected: unauthorized_access
2025-04-06 13:02:27 - [INFO] file uploaded
2025-04-06 13:02:35 - [INFO] config updated
2025-04-06 13:12:34 - [WARNING] Suspicious activity detected: ddos
2025-04-06 13:16:04 - [INFO] file uploaded
2025-04-06 13:17:28 - [INFO] backup completed
2025-04-06 13:19:45 - [WARNING] Suspicious activity detected: brute_force
2025-04-06 13:31:26 - [WARNING] Suspicious activity detected: unauthorized_access
2025-04-06 13:32:27 - [INFO] backup completed
2025-04-06 13:32:54 - [INFO] file uploaded
2025-04-06 13:34:19 - [WARNING] Suspicious activity detected: sql_injection
2025-04-06 13:34:46 - [WARNING] Suspicious activity detected: sql_injection
2025-04-06 13:38:32 - [WARNING] Suspicious activity detected: ddos
2025-04-06 13:40:49 - [INFO] file uploaded
2025-04-06 13:57:06 - [WARNING] Suspicious activity detected: brute_force
2025-04-06 14:08:20 - [INFO] config updated
2025-04-06 14:11:49 - [INFO] file downloaded
2025-04-06 14:13:21 - [INFO] file uploaded
2025-04-06 14:15:11 - [INFO] file uploaded
2025-04-06 14:18:36 - [WARNING] Suspicious activity detected: ddos
2025-04-06 14:22:25 - [WARNING] Suspicious activity detected: ip_blocked
2025-04-06 14:35:46 - [INFO] email sent
2025-04-06 14:37:45 - [INFO] user login
2025-04-06 15:12:43 - [WARNING] Suspicious activity detected: malware
2025-04-06 15:34:55 - [WARNING] Suspicious activity detected: intrusion
2025-04-06 15:35:32 - [WARNING] Suspicious activity detected: brute_force
2025-04-06 15:38:30 - [INFO] user login
2025-04-06 15:54:58 - [INFO] file downloaded
2025-04-06 15:58:22 - [INFO] system check passed
2025-04-06 16:19:13 - [INFO] file downloaded
2025-04-06 16:48:25 - [INFO] file uploaded
2025-04-06 17:02:42 - [WARNING] Suspicious activity detected: port_scan
2025-04-06 17:02:43 - [INFO] file downloaded
2025-04-06 17:05:29 - [INFO] file downloaded
2025-04-06 17:23:52 - [INFO] system check passed
2025-04-06 17:24:03 - [INFO] file downloaded
2025-04-06 17:24:39 - [INFO] email sent
2025-04-06 17:27:31 - [INFO] system check passed
2025-04-06 17:37:48 - [INFO] file downloaded
2025-04-06 17:41:38 - [WARNING] Suspicious activity detected: ip_blocked
2025-04-06 17:44:08 - [WARNING] Suspicious activity detected: ip_blocked
2025-04-06 18:13:42 - [INFO] system check passed
2025-04-06 18:17:49 - [INFO] file downloaded
2025-04-06 18:19:23 - [WARNING] Suspicious activity detected: sql_injection
2025-04-06 18:38:25 - [INFO] email sent
2025-04-06 18:47:55 - [INFO] file uploaded
2025-04-06 19:05:38 - [INFO] config updated
2025-04-06 19:06:13 - [WARNING] Suspicious activity detected: sql_injection
2025-04-06 19:12:21 - [INFO] backup completed
2025-04-06 19:27:43 - [INFO] file uploaded
2025-04-06 19:27:56 - [WARNING] Suspicious activity detected: ddos
2025-04-06 19:34:27 - [INFO] system check passed
2025-04-06 19:37:07 - [INFO] file downloaded
2025-04-06 19:39:54 - [WARNING] Suspicious activity detected: port_scan
2025-04-06 19:43:02 - [INFO] file uploaded
2025-04-06 19:57:32 - [INFO] user login
2025-04-06 19:58:39 - [WARNING] Suspicious activity detected: ddos
2025-04-06 19:59:25 - [INFO] config updated
2025-04-06 20:08:26 - [WARNING] Suspicious activity detected: sql_injection
2025-04-06 20:11:28 - [INFO] backup completed
2025-04-06 20:15:29 - [INFO] backup completed
2025-04-06 20:24:00 - [INFO] file uploaded
2025-04-06 20:24:52 - [WARNING] Suspicious activity detected: brute_force
2025-04-06 20:35:06 - [INFO] file uploaded
2025-04-06 20:36:18 - [INFO] system check passed
2025-04-06 20:44:15 - [WARNING] Suspicious activity detected: port_scan
2025-04-06 20:48:00 - [INFO] backup completed
2025-04-06 20:48:10 - [WARNING] Suspicious activity detected: ip_blocked
2025-04-06 21:03:42 - [INFO] backup completed
2025-04-06 21:05:45 - [INFO] file uploaded
2025-04-06 21:17:30 - [INFO] config updated
2025-04-06 21:20:39 - [INFO] user login
2025-04-06 21:25:12 - [INFO] file downloaded
2025-04-06 21:29:17 - [INFO] email sent
2025-04-06 22:01:39 - [WARNING] Suspicious activity detected: intrusion
2025-04-06 22:08:13 - [WARNING] Suspicious activity detected: ip_blocked
2025-04-06 22:12:27 - [WARNING] Suspicious activity detected: ip_blocked
2025-04-06 22:20:05 - [WARNING] Suspicious activity detected: malware
2025-04-06 22:25:58 - [INFO] file uploaded
2025-04-06 22:35:06 - [INFO] file downloaded
2025-04-06 22:40:17 - [INFO] file uploaded
2025-04-06 22:44:52 - [INFO] config updated
2025-04-06 23:12:05 - [INFO] user login
2025-04-06 23:16:30 - [WARNING] Suspicious activity detected: port_scan
2025-04-06 23:17:13 - [INFO] user login
2025-04-06 23:25:00 - [INFO] backup completed
2025-04-06 23:32:13 - [WARNING] Suspicious activity detected: ip_blocked
2025-04-06 23:36:45 - [INFO] file uploaded
2025-04-06 23:46:46 - [INFO] backup completed