2025-03-03 00:01:15 - [INFO] backup completed
2025-03-03 00:15:45 - [INFO] email sent
2025-03-03 00:30:56 - [INFO] config updated
2025-03-03 00:31:53 - [WARNING] Suspicious activity detected: port_scan
2025-03-03 00:34:05 - [INFO] email sent
2025-03-03 00:51:33 - [WARNING] Suspicious activity detected: ip_blocked
2025-03-03 00:58:10 - [INFO] file uploaded
2025-03-03 00:58:11 - [WARNING] Suspicious activity detected: port_scan
2025-03-03 01:08:33 - [INFO] file downloaded
2025-03-03 01:08:38 - [WARNING] Suspicious activity detected: malware
2025-03-03 01:17:11 - [INFO] config updated
2025-03-03 01:20:41 - [WARNING] Suspicious activity detected: unauthorized_access
2025-03-03 01:22:00 - [INFO] backup completed
2025-03-03 01:28:36 - [WARNING] Suspicious activity detected: ip_blocked
2025-03-03 01:39:57 - [INFO] system check passed
2025-03-03 01:50:50 - [WARNING] Suspicious activity detected: ddos
2025-03-03 01:54:12 - [WARNING] Suspicious activity detected: malware
2025-03-03 01:58:51 - [WARNING] Suspicious activity detected: ip_blocked
2025-03-03 02:02:28 - [INFO] config updated
2025-03-03 02:05:19 - [INFO] system check passed
2025-03-03 02:13:52 - [INFO] system check passed
2025-03-03 02:15:34 - [INFO] user login
2025-03-03 02:21:57 - [INFO] email sent
2025-03-03 02:28:04 - [INFO] backup completed
2025-03-03 02:28:41 - [WARNING] Suspicious activity detected: intrusion
2025-03-03 02:31:15 - [INFO] email sent
2025-03-03 02:33:46 - [INFO] file downloaded
2025-03-03 02:39:49 - [INFO] backup completed
2025-03-03 02:43:02 - [INFO] user login
2025-03-03 02:44:21 - [WARNING] Suspicious activity detected: intrusion
2025-03-03 03:01:38 - [INFO] email sent
2025-03-03 03:04:57 - [INFO] file uploaded
2025-03-03 03:05:20 - [WARNING] Suspicious activity detected: intrusion
2025-03-03 03:06:12 - [INFO] user login
2025-03-03 03:18:00 - [INFO] backup completed
2025-03-03 03:18:54 - [INFO] file uploaded
2025-03-03 03:25:12 - [WARNING] Suspicious activity detected: ip_blocked
2025-03-03 03:35:41 - [INFO] user login
2025-03-03 03:53:10 - [INFO] backup completed
2025-03-03 03:58:00 - [WARNING] Suspicious activity detected: port_scan
2025-03-03 03:58:47 - [INFO] config updated
2025-03-03 04:04:16 - [INFO] config updated
2025-03-03 04:04:32 - [INFO] file uploaded
2025-03-03 04:08:37 - [WARNING] Suspicious activity detected: ddos
2025-03-03 04:09:15 - [INFO] file downloaded
2025-03-03 04:18:51 - [INFO] email sent
2025-03-03 04:20:15 - [INFO] backup completed
2025-03-03 04:22:17 - [INFO] file uploaded
2025-03-03 04:26:55 - [INFO] config updated
2025-03-03 04:33:21 - [INFO] system check passed
2025-03-03 04:42:15 - [WARNING] Suspicious activity detected: malware
2025-03-03 04:42:19 - [WARNING] Suspicious activity detected: ddos
2025-03-03 04:54:31 - [WARNING] Suspicious activity detected: intrusion
2025-03-03 04:56:46 - [INFO] config updated
2025-03-03 05:13:40 - [INFO] backup completed
2025-03-03 05:36:37 - [INFO] system check passed
2025-03-03 05:47:51 - [INFO] file downloaded
2025-03-03 05:49:53 - [INFO] email sent
2025-03-03 05:51:38 - [INFO] user login
2025-03-03 05:56:39 - [WARNING] Suspicious activity detected: malware
2025-03-03 05:57:23 - [INFO] system check passed
2025-03-03 06:06:22 - [INFO] email sent
2025-03-03 06:09:48 - [WARNING] Suspicious activity detected: ddos
2025-03-03 06:12:36 - [WARNING] Suspicious activity detected: port_scan
2025-03-03 06:15:06 - [INFO] user login
2025-03-03 06:40:04 - [WARNING] Suspicious activity detected: ddos
2025-03-03 06:42:44 - [INFO] file downloaded
2025-03-03 06:44:02 - [INFO] backup completed
2025-03-03 06:45:02 - [INFO] config updated
2025-03-03 06:50:09 - [INFO] config updated
2025-03-03 06:56:52 - [INFO] config updated
2025-03-03 07:03:52 - [INFO] email sent
2025-03-03 07:04:52 - [INFO] user login
2025-03-03 07:17:24 - [WARNING] Suspicious activity detected: unauthorized_access
2025-03-03 07:21:45 - [WARNING] Suspicious activity detected: malware
2025-03-03 07:22:57 - [INFO] email sent
2025-03-03 07:35:42 - [INFO] user login
2025-03-03 07:36:41 - [WARNING] Suspicious activity detected: malware
2025-03-03 07:42:24 - [INFO] email sent
2025-03-03 07:49:10 - [INFO] user login
2025-03-03 07:49:59 - [WARNING] Suspicious activity detected: malware
2025-03-03 08:07:12 - [INFO] file uploaded
2025-03-03 08:10:15 - [INFO] system check passed
2025-03-03 08:25:11 - [INFO] email sent
2025-03-03 08:30:43 - [WARNING] Suspicious activity detected: brute_force
2025-03-03 08:32:07 - [INFO] file downloaded
2025-03-03 08:35:17 - [INFO] config updated
2025-03-03 08:39:12 - [WARNING] Suspicious activity detected: ip_blocked
2025-03-03 08:51:06 - [WARNING] Suspicious activity detected: brute_force
2025-03-03 08:53:37 - [WARNING] Suspicious activity detected: sql_injection
2025-03-03 09:03:34 - [INFO] config updated
2025-03-03 09:04:45 - [INFO] file downloaded
2025-03-03 09:06:37 - [INFO] email sent
2025-03-03 09:11:34 - [INFO] file downloaded
2025-03-03 09:35:23 - [INFO] config updated
2025-03-03 09:36:18 - [INFO] config updated
2025-03-03 09:40:06 - [INFO] email sent
2025-03-03 09:41:20 - [WARNING] Suspicious activity detected: ddos
2025-03-03 09:45:29 - [INFO] config updated
2025-03-03 09:47:23 - [WARNING] Suspicious activity detected: port_scan
2025-03-03 09:49:08 - [INFO] system check passed
2025-03-03 09:53:59 - [WARNING] Suspicious activity detected: sql_injection
2025-03-03 09:56:02 - [INFO] file uploaded
2025-03-03 10:01:25 - [WARNING] Suspicious activity detected: malware
2025-03-03 10:11:27 - [WARNING] Suspicious activity detected: sql_injection
2025-03-03 10:11:50 - [INFO] file downloaded
2025-03-03 10:18:26 - [WARNING] Suspicious activity detected: sql_injection
2025-03-03 10:20:30 - [WARNING] Suspicious activity detected: intrusion
2025-03-03 10:21:06 - [INFO] file uploaded
2025-03-03 10:25:04 - [INFO] email sent
2025-03-03 10:27:16 - [INFO] config updated
2025-03-03 10:39:04 - [INFO] file downloaded
2025-03-03 10:46:01 - [INFO] file downloaded
2025-03-03 10:58:37 - [INFO] file downloaded
2025-03-03 11:02:54 - [WARNING] Suspicious activity detected: sql_injection
2025-03-03 11:14:15 - [WARNING] Suspicious activity detected: ip_blocked
2025-03-03 11:15:32 - [WARNING] Suspicious activity detected: port_scan
2025-03-03 11:15:43 - [WARNING] Suspicious activity detected: brute_force
2025-03-03 11:17:47 - [INFO] file uploaded
2025-03-03 11:28:20 - [WARNING] Suspicious activity detected: ddos
2025-03-03 11:44:45 - [INFO] email sent
2025-03-03 11:46:38 - [INFO] user login
2025-03-03 11:46:51 - [INFO] user login
2025-03-03 11:53:48 - [WARNING] Suspicious activity detected: brute_force
2025-03-03 11:54:04 - [INFO] user login
2025-03-03 11:55:19 - [INFO] config updated
2025-03-03 12:11:19 - [WARNING] Suspicious activity detected: ip_blocked
2025-03-03 12:12:50 - [INFO] file downloaded
2025-03-03 12:37:44 - [WARNING] Suspicious activity detected: ip_blocked
2025-03-03 12:39:45 - [WARNING] Suspicious activity detected: sql_injection
2025-03-03 13:04:27 - [INFO] config updated
2025-03-03 13:14:25 - [INFO] backup completed
2025-03-03 13:15:48 - [INFO] backup completed
2025-03-03 13:19:17 - [INFO] config updated
2025-03-03 13:20:09 - [INFO] user login
2025-03-03 13:22:18 - [INFO] user login
2025-03-03 13:28:51 - [INFO] user login
2025-03-03 13:34:24 - [WARNING] Suspicious activity detected: intrusion
2025-03-03 13:39:32 - [INFO] system check passed
2025-03-03 13:45:25 - [INFO] email sent
2025-03-03 13:47:51 - [INFO] config updated
2025-03-03 13:48:46 - [INFO] backup completed
2025-03-03 14:10:03 - [WARNING] Suspicious activity detected: malware
2025-03-03 14:14:36 - [WARNING] Suspicious activity detected: sql_injection
2025-03-03 14:15:42 - [WARNING] Suspicious activity detected: malware
2025-03-03 14:19:13 - [WARNING] Suspicious activity detected: port_scan
2025-03-03 14:23:25 - [WARNING] Suspicious activity detected: brute_force
2025-03-03 14:24:32 - [INFO] email sent
2025-03-03 14:30:24 - [INFO] user login
2025-03-03 14:41:22 - [WARNING] Suspicious activity detected: unauthorized_access
2025-03-03 14:47:20 - [INFO] system check passed
2025-03-03 14:47:43 - [INFO] backup completed
2025-03-03 14:55:02 - [INFO] config updated
2025-03-03 15:19:21 - [INFO] user login
2025-03-03 15:30:23 - [INFO] user login
2025-03-03 15:31:55 - [INFO] file uploaded
2025-03-03 15:53:05 - [INFO] config updated
2025-03-03 15:53:32 - [INFO] backup completed
2025-03-03 15:54:41 - [INFO] user login
2025-03-03 15:57:52 - [INFO] file uploaded
2025-03-03 16:02:46 - [WARNING] Suspicious activity detected: ddos
2025-03-03 16:02:57 - [INFO] system check passed
2025-03-03 16:07:07 - [WARNING] Suspicious activity detected: sql_injection
2025-03-03 16:08:32 - [WARNING] Suspicious activity detected: intrusion
2025-03-03 16:19:50 - [WARNING] Suspicious activity detected: port_scan
2025-03-03 16:20:56 - [INFO] file uploaded
2025-03-03 16:25:25 - [INFO] file downloaded
2025-03-03 16:27:21 - [WARNING] Suspicious activity detected: brute_force
2025-03-03 16:51:04 - [WARNING] Suspicious activity detected: unauthorized_access
2025-03-03 16:52:39 - [INFO] config updated
2025-03-03 17:06:32 - [INFO] backup completed
2025-03-03 17:07:08 - [INFO] system check passed
2025-03-03 17:07:28 - [INFO] config updated
2025-03-03 17:10:25 - [WARNING] Suspicious activity detected: ddos
2025-03-03 17:10:50 - [INFO] system check passed
2025-03-03 17:20:44 - [INFO] file uploaded
2025-03-03 17:30:34 - [INFO] email sent
2025-03-03 17:30:35 - [WARNING] Suspicious activity detected: ddos
2025-03-03 17:31:16 - [WARNING] Suspicious activity detected: intrusion
2025-03-03 17:31:40 - [INFO] config updated
2025-03-03 17:32:25 - [INFO] file uploaded
2025-03-03 17:37:42 - [INFO] file uploaded
2025-03-03 17:41:27 - [INFO] system check passed
2025-03-03 17:49:10 - [INFO] file uploaded
2025-03-03 18:03:45 - [INFO] file downloaded
2025-03-03 18:11:10 - [INFO] user login
2025-03-03 18:11:31 - [INFO] backup completed
2025-03-03 18:11:43 - [INFO] user login
2025-03-03 18:12:58 - [INFO] email sent
2025-03-03 18:33:54 - [WARNING] Suspicious activity detected: port_scan
2025-03-03 18:36:12 - [WARNING] Suspicious activity detected: ddos
2025-03-03 18:37:12 - [INFO] system check passed
2025-03-03 18:39:39 - [INFO] backup completed
2025-03-03 18:55:07 - [INFO] config updated
2025-03-03 18:56:16 - [INFO] config updated
2025-03-03 19:06:42 - [INFO] file downloaded
2025-03-03 19:19:34 - [INFO] user login
2025-03-03 19:38:23 - [INFO] system check passed
2025-03-03 19:45:55 - [INFO] email sent
2025-03-03 19:57:39 - [WARNING] Suspicious activity detected: port_scan
2025-03-03 20:05:55 - [WARNING] Suspicious activity detected: unauthorized_access
2025-03-03 20:12:20 - [INFO] file uploaded
2025-03-03 20:12:42 - [INFO] config updated
2025-03-03 20:14:05 - [INFO] system check passed
2025-03-03 20:19:44 - [INFO] file downloaded
2025-03-03 20:36:07 - [INFO] file downloaded
2025-03-03 20:50:40 - [INFO] file uploaded
2025-03-03 21:06:41 - [INFO] file downloaded
2025-03-03 21:12:27 - [INFO] email sent
2025-03-03 21:14:55 - [INFO] backup completed
2025-03-03 21:20:38 - [INFO] user login
2025-03-03 21:42:37 - [INFO] backup completed
2025-03-03 21:46:51 - [WARNING] Suspicious activity detected: intrusion
2025-03-03 22:00:46 - [INFO] file uploaded
2025-03-03 22:01:06 - [INFO] email sent
2025-03-03 22:03:01 - [INFO] file uploaded
2025-03-03 22:04:01 - [WARNING] Suspicious activity detected: malware
2025-03-03 22:26:08 - [INFO] backup completed
2025-03-03 22:34:09 - [INFO] email sent
2025-03-03 22:43:52 - [INFO] backup completed
2025-03-03 22:45:14 - [INFO] system check passed
2025-03-03 22:48:56 - [INFO] file downloaded
2025-03-03 23:05:47 - [INFO] file uploaded
2025-03-03 23:12:41 - [INFO] config updated
2025-03-03 23:20:56 - [INFO] file uploaded
2025-03-03 23:27:43 - [INFO] system check passed
2025-03-03 23:30:35 - [INFO] file uploaded
2025-03-03 23:30:49 - [WARNING] Suspicious activity detected: port_scan
2025-03-03 23:35:35 - [INFO] backup completed
2025-03-03 23:36:48 - [INFO] file uploaded
2025-03-03 23:42:03 - [WARNING] Suspicious activity detected: unauthorized_access
2025-03-03 23:49:21 - [INFO] backup completed