2025-07-27 00:10:43 - [WARNING] Suspicious activity detected: malware
2025-07-27 00:31:18 - [INFO] file uploaded
2025-07-27 00:32:06 - [WARNING] Suspicious activity detected: ddos
2025-07-27 00:43:53 - [INFO] config updated
2025-07-27 00:44:00 - [WARNING] Suspicious activity detected: ip_blocked
2025-07-27 00:47:51 - [INFO] system check passed
2025-07-27 00:54:21 - [INFO] backup completed
2025-07-27 01:26:37 - [WARNING] Suspicious activity detected: brute_force
2025-07-27 01:33:49 - [WARNING] Suspicious activity detected: ip_blocked
2025-07-27 01:38:29 - [WARNING] Suspicious activity detected: intrusion
2025-07-27 01:40:01 - [INFO] file uploaded
2025-07-27 01:52:36 - [WARNING] Suspicious activity detected: sql_injection
2025-07-27 01:53:39 - [WARNING] Suspicious activity detected: brute_force
2025-07-27 01:56:52 - [WARNING] Suspicious activity detected: ddos
2025-07-27 02:29:28 - [INFO] config updated
2025-07-27 02:34:52 - [WARNING] Suspicious activity detected: ip_blocked
2025-07-27 02:35:34 - [WARNING] Suspicious activity detected: intrusion
2025-07-27 02:39:35 - [WARNING] Suspicious activity detected: sql_injection
2025-07-27 02:52:02 - [INFO] system check passed
2025-07-27 02:55:25 - [WARNING] Suspicious activity detected: intrusion
2025-07-27 03:00:37 - [INFO] file uploaded
2025-07-27 03:43:22 - [INFO] system check passed
2025-07-27 03:57:34 - [INFO] file downloaded
2025-07-27 04:09:53 - [INFO] email sent
2025-07-27 04:23:12 - [WARNING] Suspicious activity detected: sql_injection
2025-07-27 04:26:39 - [WARNING] Suspicious activity detected: sql_injection
2025-07-27 04:40:06 - [INFO] user login
2025-07-27 04:52:19 - [INFO] file downloaded
2025-07-27 04:56:02 - [INFO] file uploaded
2025-07-27 05:08:11 - [INFO] file uploaded
2025-07-27 05:08:30 - [WARNING] Suspicious activity detected: sql_injection
2025-07-27 05:25:17 - [WARNING] Suspicious activity detected: malware
2025-07-27 05:27:09 - [INFO] config updated
2025-07-27 05:34:27 - [INFO] system check passed
2025-07-27 05:46:11 - [INFO] file downloaded
2025-07-27 05:46:58 - [WARNING] Suspicious activity detected: ddos
2025-07-27 05:52:00 - [INFO] user login
2025-07-27 05:59:19 - [INFO] user login
2025-07-27 05:59:28 - [WARNING] Suspicious activity detected: malware
2025-07-27 06:04:47 - [INFO] backup completed
2025-07-27 06:11:45 - [INFO] system check passed
2025-07-27 06:20:03 - [INFO] file uploaded
2025-07-27 06:23:41 - [WARNING] Suspicious activity detected: ip_blocked
2025-07-27 06:34:01 - [INFO] file uploaded
2025-07-27 06:42:00 - [WARNING] Suspicious activity detected: port_scan
2025-07-27 06:47:40 - [INFO] file downloaded
2025-07-27 07:08:59 - [WARNING] Suspicious activity detected: malware
2025-07-27 07:09:13 - [INFO] user login
2025-07-27 07:14:08 - [INFO] system check passed
2025-07-27 07:14:30 - [WARNING] Suspicious activity detected: port_scan
2025-07-27 07:17:35 - [INFO] file downloaded
2025-07-27 07:19:11 - [INFO] user login
2025-07-27 07:21:07 - [INFO] backup completed
2025-07-27 07:33:18 - [WARNING] Suspicious activity detected: malware
2025-07-27 07:33:56 - [WARNING] Suspicious activity detected: unauthorized_access
2025-07-27 07:45:13 - [WARNING] Suspicious activity detected: malware
2025-07-27 07:58:50 - [WARNING] Suspicious activity detected: sql_injection
2025-07-27 08:01:49 - [INFO] backup completed
2025-07-27 08:03:21 - [WARNING] Suspicious activity detected: port_scan
2025-07-27 08:04:46 - [INFO] user login
2025-07-27 08:06:48 - [INFO] config updated
2025-07-27 08:08:48 - [WARNING] Suspicious activity detected: port_scan
2025-07-27 08:10:09 - [INFO] file uploaded
2025-07-27 08:16:57 - [WARNING] Suspicious activity detected: port_scan
2025-07-27 08:19:07 - [WARNING] Suspicious activity detected: port_scan
2025-07-27 08:20:38 - [INFO] system check passed
2025-07-27 08:22:13 - [INFO] file downloaded
2025-07-27 08:39:25 - [INFO] user login
2025-07-27 08:43:10 - [INFO] config updated
2025-07-27 08:59:00 - [INFO] email sent
2025-07-27 08:59:43 - [INFO] file uploaded
2025-07-27 09:09:40 - [WARNING] Suspicious activity detected: sql_injection
2025-07-27 09:16:29 - [INFO] system check passed
2025-07-27 09:24:24 - [INFO] system check passed
2025-07-27 09:33:11 - [INFO] user login
2025-07-27 09:40:20 - [INFO] user login
2025-07-27 09:45:17 - [INFO] email sent
2025-07-27 09:47:50 - [WARNING] Suspicious activity detected: intrusion
2025-07-27 09:57:02 - [INFO] backup completed
2025-07-27 10:07:16 - [WARNING] Suspicious activity detected: port_scan
2025-07-27 10:19:50 - [INFO] config updated
2025-07-27 10:42:29 - [INFO] system check passed
2025-07-27 11:10:08 - [WARNING] Suspicious activity detected: ddos
2025-07-27 11:13:33 - [INFO] user login
2025-07-27 11:19:34 - [INFO] user login
2025-07-27 11:45:14 - [INFO] file uploaded
2025-07-27 11:49:28 - [INFO] email sent
2025-07-27 11:52:49 - [INFO] system check passed
2025-07-27 11:55:57 - [INFO] email sent
2025-07-27 12:09:56 - [INFO] config updated
2025-07-27 12:10:51 - [WARNING] Suspicious activity detected: ddos
2025-07-27 12:14:34 - [INFO] file downloaded
2025-07-27 12:16:31 - [WARNING] Suspicious activity detected: port_scan
2025-07-27 12:20:55 - [INFO] backup completed
2025-07-27 12:26:50 - [INFO] config updated
2025-07-27 12:33:27 - [WARNING] Suspicious activity detected: brute_force
2025-07-27 12:36:32 - [INFO] file uploaded
2025-07-27 12:37:20 - [WARNING] Suspicious activity detected: unauthorized_access
2025-07-27 12:38:03 - [INFO] email sent
2025-07-27 12:53:08 - [INFO] system check passed
2025-07-27 12:53:22 - [WARNING] Suspicious activity detected: malware
2025-07-27 13:18:22 - [WARNING] Suspicious activity detected: brute_force
2025-07-27 13:21:49 - [INFO] backup completed
2025-07-27 13:23:39 - [WARNING] Suspicious activity detected: ddos
2025-07-27 13:25:09 - [INFO] backup completed
2025-07-27 13:33:04 - [INFO] email sent
2025-07-27 13:41:06 - [INFO] user login
2025-07-27 13:49:04 - [INFO] system check passed
2025-07-27 13:51:44 - [WARNING] Suspicious activity detected: intrusion
2025-07-27 13:55:27 - [INFO] user login
2025-07-27 13:55:46 - [WARNING] Suspicious activity detected: port_scan
2025-07-27 14:29:29 - [WARNING] Suspicious activity detected: malware
2025-07-27 14:34:27 - [WARNING] Suspicious activity detected: malware
2025-07-27 14:34:50 - [INFO] file downloaded
2025-07-27 15:07:43 - [WARNING] Suspicious activity detected: malware
2025-07-27 15:08:55 - [INFO] email sent
2025-07-27 15:25:43 - [WARNING] Suspicious activity detected: intrusion
2025-07-27 15:26:40 - [INFO] email sent
2025-07-27 15:30:35 - [INFO] system check passed
2025-07-27 15:30:57 - [INFO] file uploaded
2025-07-27 15:46:37 - [INFO] backup completed
2025-07-27 15:46:52 - [INFO] email sent
2025-07-27 15:51:02 - [INFO] email sent
2025-07-27 15:54:54 - [WARNING] Suspicious activity detected: brute_force
2025-07-27 16:20:15 - [INFO] file uploaded
2025-07-27 16:20:47 - [INFO] email sent
2025-07-27 16:35:13 - [INFO] user login
2025-07-27 16:41:40 - [WARNING] Suspicious activity detected: brute_force
2025-07-27 17:07:56 - [WARNING] Suspicious activity detected: malware
2025-07-27 17:11:47 - [INFO] config updated
2025-07-27 17:20:24 - [INFO] config updated
2025-07-27 17:26:06 - [INFO] user login
2025-07-27 17:41:20 - [INFO] user login
2025-07-27 17:44:09 - [INFO] file downloaded
2025-07-27 17:55:25 - [WARNING] Suspicious activity detected: sql_injection
2025-07-27 18:04:45 - [INFO] file uploaded
2025-07-27 18:08:48 - [INFO] file downloaded
2025-07-27 18:18:28 - [INFO] backup completed
2025-07-27 18:20:38 - [INFO] system check passed
2025-07-27 18:47:14 - [INFO] user login
2025-07-27 18:51:06 - [INFO] config updated
2025-07-27 18:59:05 - [INFO] email sent
2025-07-27 19:09:16 - [INFO] user login
2025-07-27 19:24:07 - [INFO] email sent
2025-07-27 19:37:37 - [INFO] email sent
2025-07-27 19:43:23 - [WARNING] Suspicious activity detected: malware
2025-07-27 19:52:23 - [INFO] email sent
2025-07-27 19:55:43 - [INFO] user login
2025-07-27 20:18:10 - [INFO] user login
2025-07-27 20:38:59 - [INFO] file uploaded
2025-07-27 20:42:48 - [INFO] user login
2025-07-27 20:43:02 - [INFO] file downloaded
2025-07-27 20:50:29 - [WARNING] Suspicious activity detected: malware
2025-07-27 21:13:59 - [INFO] email sent
2025-07-27 21:18:37 - [INFO] user login
2025-07-27 21:19:46 - [INFO] file uploaded
2025-07-27 21:34:32 - [INFO] file downloaded
2025-07-27 21:38:10 - [INFO] file downloaded
2025-07-27 22:00:17 - [INFO] system check passed
2025-07-27 22:02:37 - [INFO] config updated
2025-07-27 22:08:26 - [INFO] file downloaded
2025-07-27 22:15:13 - [INFO] user login
2025-07-27 22:21:30 - [WARNING] Suspicious activity detected: ddos
2025-07-27 22:25:48 - [INFO] file uploaded
2025-07-27 22:32:50 - [WARNING] Suspicious activity detected: ip_blocked
2025-07-27 23:03:22 - [INFO] config updated
2025-07-27 23:11:30 - [INFO] system check passed
2025-07-27 23:26:07 - [INFO] backup completed
2025-07-27 23:26:58 - [INFO] backup completed
2025-07-27 23:28:49 - [WARNING] Suspicious activity detected: port_scan
2025-07-27 23:41:56 - [INFO] file downloaded
2025-07-27 23:45:00 - [INFO] config updated
2025-07-27 23:50:24 - [INFO] backup completed
2025-07-27 23:51:07 - [WARNING] Suspicious activity detected: intrusion