2025-02-20 00:04:17 - [INFO] file uploaded
2025-02-20 00:08:11 - [INFO] user login
2025-02-20 00:12:00 - [INFO] system check passed
2025-02-20 00:12:45 - [INFO] backup completed
2025-02-20 00:14:19 - [INFO] file uploaded
2025-02-20 00:35:45 - [INFO] system check passed
2025-02-20 01:07:29 - [INFO] user login
2025-02-20 01:07:35 - [INFO] user login
2025-02-20 01:14:56 - [INFO] backup completed
2025-02-20 01:38:29 - [INFO] backup completed
2025-02-20 01:46:36 - [INFO] user login
2025-02-20 02:16:42 - [INFO] system check passed
2025-02-20 02:38:15 - [INFO] config updated
2025-02-20 02:40:26 - [INFO] file uploaded
2025-02-20 02:44:17 - [INFO] system check passed
2025-02-20 03:01:04 - [INFO] email sent
2025-02-20 03:05:51 - [INFO] file uploaded
2025-02-20 03:07:21 - [WARNING] Suspicious activity detected: malware
2025-02-20 03:11:28 - [INFO] file uploaded
2025-02-20 03:14:21 - [WARNING] Suspicious activity detected: malware
2025-02-20 03:16:46 - [INFO] email sent
2025-02-20 03:21:55 - [WARNING] Suspicious activity detected: unauthorized_access
2025-02-20 03:28:47 - [INFO] user login
2025-02-20 03:31:09 - [INFO] user login
2025-02-20 03:34:49 - [INFO] file downloaded
2025-02-20 03:37:31 - [INFO] backup completed
2025-02-20 03:48:12 - [INFO] system check passed
2025-02-20 04:03:13 - [INFO] system check passed
2025-02-20 04:34:34 - [INFO] file uploaded
2025-02-20 04:36:43 - [WARNING] Suspicious activity detected: malware
2025-02-20 04:50:57 - [WARNING] Suspicious activity detected: malware
2025-02-20 04:53:21 - [INFO] backup completed
2025-02-20 04:56:32 - [INFO] backup completed
2025-02-20 05:04:16 - [INFO] config updated
2025-02-20 05:07:21 - [INFO] file uploaded
2025-02-20 05:22:23 - [WARNING] Suspicious activity detected: intrusion
2025-02-20 05:51:24 - [INFO] user login
2025-02-20 05:54:21 - [INFO] file uploaded
2025-02-20 06:23:37 - [WARNING] Suspicious activity detected: intrusion
2025-02-20 06:38:52 - [INFO] email sent
2025-02-20 06:43:06 - [WARNING] Suspicious activity detected: unauthorized_access
2025-02-20 07:12:15 - [INFO] file downloaded
2025-02-20 07:38:43 - [INFO] user login
2025-02-20 07:42:35 - [INFO] backup completed
2025-02-20 07:51:22 - [INFO] backup completed
2025-02-20 07:55:09 - [WARNING] Suspicious activity detected: ip_blocked
2025-02-20 08:03:57 - [INFO] user login
2025-02-20 08:39:34 - [WARNING] Suspicious activity detected: sql_injection
2025-02-20 08:49:05 - [INFO] file uploaded
2025-02-20 09:06:25 - [WARNING] Suspicious activity detected: ip_blocked
2025-02-20 09:06:50 - [WARNING] Suspicious activity detected: malware
2025-02-20 09:10:31 - [INFO] config updated
2025-02-20 09:29:58 - [INFO] email sent
2025-02-20 09:34:33 - [INFO] backup completed
2025-02-20 09:39:14 - [INFO] email sent
2025-02-20 09:39:16 - [WARNING] Suspicious activity detected: ddos
2025-02-20 09:41:21 - [INFO] backup completed
2025-02-20 09:46:39 - [WARNING] Suspicious activity detected: malware
2025-02-20 09:47:25 - [WARNING] Suspicious activity detected: brute_force
2025-02-20 09:55:07 - [WARNING] Suspicious activity detected: ip_blocked
2025-02-20 09:59:04 - [INFO] user login
2025-02-20 10:10:25 - [INFO] backup completed
2025-02-20 10:28:16 - [INFO] config updated
2025-02-20 10:30:45 - [INFO] backup completed
2025-02-20 10:43:06 - [INFO] email sent
2025-02-20 10:45:57 - [INFO] config updated
2025-02-20 10:52:42 - [INFO] user login
2025-02-20 11:22:35 - [WARNING] Suspicious activity detected: brute_force
2025-02-20 11:35:52 - [INFO] file uploaded
2025-02-20 11:37:51 - [INFO] backup completed
2025-02-20 11:39:43 - [INFO] user login
2025-02-20 11:45:49 - [INFO] email sent
2025-02-20 11:49:40 - [INFO] email sent
2025-02-20 12:16:39 - [INFO] email sent
2025-02-20 12:29:36 - [INFO] backup completed
2025-02-20 12:30:41 - [WARNING] Suspicious activity detected: malware
2025-02-20 12:46:08 - [INFO] backup completed
2025-02-20 12:49:20 - [WARNING] Suspicious activity detected: brute_force
2025-02-20 12:50:58 - [INFO] file downloaded
2025-02-20 12:52:01 - [INFO] system check passed
2025-02-20 12:52:36 - [INFO] file uploaded
2025-02-20 12:54:43 - [INFO] file uploaded
2025-02-20 12:58:28 - [INFO] file uploaded
2025-02-20 13:06:34 - [INFO] file uploaded
2025-02-20 13:10:15 - [WARNING] Suspicious activity detected: ddos
2025-02-20 13:16:13 - [WARNING] Suspicious activity detected: ip_blocked
2025-02-20 13:31:15 - [INFO] file downloaded
2025-02-20 13:34:30 - [WARNING] Suspicious activity detected: intrusion
2025-02-20 13:36:47 - [INFO] backup completed
2025-02-20 13:41:30 - [INFO] config updated
2025-02-20 13:42:42 - [INFO] email sent
2025-02-20 14:00:19 - [WARNING] Suspicious activity detected: brute_force
2025-02-20 14:00:29 - [INFO] file downloaded
2025-02-20 14:06:16 - [INFO] email sent
2025-02-20 14:07:03 - [WARNING] Suspicious activity detected: brute_force
2025-02-20 14:19:06 - [INFO] system check passed
2025-02-20 14:23:50 - [INFO] file downloaded
2025-02-20 14:24:09 - [INFO] config updated
2025-02-20 14:28:27 - [WARNING] Suspicious activity detected: ip_blocked
2025-02-20 14:29:54 - [WARNING] Suspicious activity detected: ddos
2025-02-20 14:35:39 - [WARNING] Suspicious activity detected: brute_force
2025-02-20 14:43:46 - [INFO] file uploaded
2025-02-20 15:01:23 - [WARNING] Suspicious activity detected: ip_blocked
2025-02-20 15:03:29 - [INFO] file uploaded
2025-02-20 15:05:16 - [INFO] email sent
2025-02-20 15:23:23 - [WARNING] Suspicious activity detected: port_scan
2025-02-20 15:23:59 - [WARNING] Suspicious activity detected: port_scan
2025-02-20 15:25:44 - [WARNING] Suspicious activity detected: ddos
2025-02-20 15:34:27 - [INFO] config updated
2025-02-20 15:47:38 - [WARNING] Suspicious activity detected: malware
2025-02-20 15:51:37 - [INFO] file downloaded
2025-02-20 15:53:21 - [WARNING] Suspicious activity detected: port_scan
2025-02-20 15:56:49 - [INFO] email sent
2025-02-20 16:00:09 - [INFO] backup completed
2025-02-20 16:01:43 - [INFO] file downloaded
2025-02-20 16:06:51 - [INFO] backup completed
2025-02-20 16:21:25 - [WARNING] Suspicious activity detected: malware
2025-02-20 16:24:27 - [INFO] system check passed
2025-02-20 16:25:35 - [INFO] user login
2025-02-20 16:38:26 - [INFO] user login
2025-02-20 16:48:43 - [WARNING] Suspicious activity detected: ddos
2025-02-20 16:49:41 - [WARNING] Suspicious activity detected: ip_blocked
2025-02-20 17:09:37 - [INFO] email sent
2025-02-20 17:13:58 - [INFO] email sent
2025-02-20 17:22:45 - [INFO] file downloaded
2025-02-20 18:02:36 - [INFO] config updated
2025-02-20 18:06:12 - [INFO] email sent
2025-02-20 18:11:09 - [WARNING] Suspicious activity detected: brute_force
2025-02-20 18:17:49 - [WARNING] Suspicious activity detected: brute_force
2025-02-20 18:21:02 - [INFO] system check passed
2025-02-20 18:27:28 - [INFO] email sent
2025-02-20 18:28:40 - [INFO] config updated
2025-02-20 19:05:25 - [INFO] user login
2025-02-20 19:11:33 - [INFO] file downloaded
2025-02-20 19:23:00 - [INFO] email sent
2025-02-20 19:32:04 - [WARNING] Suspicious activity detected: intrusion
2025-02-20 19:42:20 - [WARNING] Suspicious activity detected: sql_injection
2025-02-20 19:49:10 - [WARNING] Suspicious activity detected: ip_blocked
2025-02-20 19:55:19 - [INFO] email sent
2025-02-20 20:17:24 - [INFO] file downloaded
2025-02-20 20:17:36 - [INFO] user login
2025-02-20 20:23:29 - [WARNING] Suspicious activity detected: ddos
2025-02-20 20:26:25 - [WARNING] Suspicious activity detected: brute_force
2025-02-20 20:34:36 - [INFO] backup completed
2025-02-20 20:40:07 - [WARNING] Suspicious activity detected: ddos
2025-02-20 20:41:34 - [INFO] user login
2025-02-20 20:46:40 - [WARNING] Suspicious activity detected: intrusion
2025-02-20 20:50:45 - [WARNING] Suspicious activity detected: ddos
2025-02-20 20:53:19 - [WARNING] Suspicious activity detected: ddos
2025-02-20 21:00:42 - [INFO] user login
2025-02-20 21:04:52 - [WARNING] Suspicious activity detected: malware
2025-02-20 21:08:10 - [INFO] user login
2025-02-20 21:08:12 - [INFO] backup completed
2025-02-20 21:10:20 - [INFO] backup completed
2025-02-20 21:10:24 - [INFO] backup completed
2025-02-20 21:15:22 - [INFO] file uploaded
2025-02-20 21:19:06 - [INFO] system check passed
2025-02-20 21:26:15 - [INFO] config updated
2025-02-20 21:36:30 - [WARNING] Suspicious activity detected: malware
2025-02-20 21:37:31 - [INFO] config updated
2025-02-20 21:47:37 - [WARNING] Suspicious activity detected: ip_blocked
2025-02-20 21:50:22 - [INFO] config updated
2025-02-20 21:50:57 - [WARNING] Suspicious activity detected: port_scan
2025-02-20 21:52:20 - [INFO] file downloaded
2025-02-20 21:54:02 - [INFO] backup completed
2025-02-20 22:09:07 - [INFO] config updated
2025-02-20 22:13:11 - [INFO] file downloaded
2025-02-20 22:13:31 - [INFO] file downloaded
2025-02-20 22:15:18 - [INFO] user login
2025-02-20 22:21:05 - [INFO] file uploaded
2025-02-20 22:34:30 - [WARNING] Suspicious activity detected: sql_injection
2025-02-20 22:34:42 - [INFO] backup completed
2025-02-20 22:37:13 - [INFO] email sent
2025-02-20 22:38:28 - [INFO] config updated
2025-02-20 22:48:31 - [INFO] config updated
2025-02-20 22:49:51 - [INFO] user login
2025-02-20 23:27:32 - [INFO] file downloaded
2025-02-20 23:36:26 - [INFO] email sent
2025-02-20 23:47:41 - [WARNING] Suspicious activity detected: malware
2025-02-20 23:55:23 - [INFO] system check passed