2025-02-08 00:00:19 - [INFO] user login
2025-02-08 00:09:18 - [INFO] backup completed
2025-02-08 00:10:41 - [INFO] file downloaded
2025-02-08 00:20:01 - [INFO] backup completed
2025-02-08 00:25:42 - [WARNING] Suspicious activity detected: malware
2025-02-08 00:29:13 - [INFO] user login
2025-02-08 00:30:59 - [INFO] file uploaded
2025-02-08 00:43:46 - [INFO] config updated
2025-02-08 00:49:11 - [INFO] email sent
2025-02-08 00:52:15 - [WARNING] Suspicious activity detected: intrusion
2025-02-08 00:54:42 - [WARNING] Suspicious activity detected: unauthorized_access
2025-02-08 01:00:13 - [WARNING] Suspicious activity detected: malware
2025-02-08 01:03:12 - [WARNING] Suspicious activity detected: sql_injection
2025-02-08 01:11:05 - [WARNING] Suspicious activity detected: sql_injection
2025-02-08 01:13:06 - [INFO] email sent
2025-02-08 01:26:59 - [WARNING] Suspicious activity detected: port_scan
2025-02-08 01:28:26 - [INFO] email sent
2025-02-08 01:44:12 - [WARNING] Suspicious activity detected: port_scan
2025-02-08 02:05:51 - [WARNING] Suspicious activity detected: malware
2025-02-08 02:20:03 - [INFO] config updated
2025-02-08 02:27:39 - [INFO] config updated
2025-02-08 02:42:10 - [WARNING] Suspicious activity detected: brute_force
2025-02-08 02:51:46 - [WARNING] Suspicious activity detected: sql_injection
2025-02-08 02:52:00 - [INFO] file downloaded
2025-02-08 02:57:28 - [INFO] email sent
2025-02-08 02:59:39 - [WARNING] Suspicious activity detected: intrusion
2025-02-08 03:06:42 - [WARNING] Suspicious activity detected: intrusion
2025-02-08 03:08:34 - [INFO] backup completed
2025-02-08 03:09:05 - [WARNING] Suspicious activity detected: ip_blocked
2025-02-08 03:15:36 - [INFO] backup completed
2025-02-08 03:20:30 - [INFO] file uploaded
2025-02-08 03:27:01 - [INFO] system check passed
2025-02-08 03:48:44 - [WARNING] Suspicious activity detected: intrusion
2025-02-08 03:53:26 - [INFO] file downloaded
2025-02-08 03:56:48 - [INFO] file downloaded
2025-02-08 04:06:45 - [WARNING] Suspicious activity detected: unauthorized_access
2025-02-08 04:13:56 - [INFO] email sent
2025-02-08 04:24:04 - [INFO] user login
2025-02-08 04:31:32 - [INFO] backup completed
2025-02-08 04:48:22 - [INFO] config updated
2025-02-08 04:54:08 - [WARNING] Suspicious activity detected: malware
2025-02-08 04:57:12 - [INFO] config updated
2025-02-08 04:57:28 - [INFO] file uploaded
2025-02-08 05:03:44 - [INFO] file downloaded
2025-02-08 05:10:52 - [INFO] user login
2025-02-08 05:14:46 - [INFO] email sent
2025-02-08 05:18:54 - [INFO] file uploaded
2025-02-08 05:21:16 - [INFO] backup completed
2025-02-08 05:22:16 - [WARNING] Suspicious activity detected: sql_injection
2025-02-08 05:51:18 - [INFO] system check passed
2025-02-08 06:09:30 - [INFO] user login
2025-02-08 06:23:02 - [INFO] backup completed
2025-02-08 06:31:21 - [INFO] backup completed
2025-02-08 06:34:35 - [WARNING] Suspicious activity detected: port_scan
2025-02-08 07:02:09 - [INFO] user login
2025-02-08 07:02:28 - [INFO] email sent
2025-02-08 07:14:42 - [INFO] backup completed
2025-02-08 07:19:14 - [WARNING] Suspicious activity detected: ip_blocked
2025-02-08 07:29:07 - [INFO] email sent
2025-02-08 07:30:42 - [INFO] config updated
2025-02-08 07:37:23 - [INFO] backup completed
2025-02-08 07:55:01 - [WARNING] Suspicious activity detected: port_scan
2025-02-08 08:08:00 - [INFO] email sent
2025-02-08 08:33:58 - [INFO] system check passed
2025-02-08 09:03:19 - [WARNING] Suspicious activity detected: unauthorized_access
2025-02-08 09:09:08 - [WARNING] Suspicious activity detected: ddos
2025-02-08 09:25:45 - [INFO] backup completed
2025-02-08 09:27:48 - [INFO] config updated
2025-02-08 09:32:04 - [INFO] file uploaded
2025-02-08 09:32:54 - [INFO] file downloaded
2025-02-08 09:35:05 - [INFO] user login
2025-02-08 09:41:52 - [WARNING] Suspicious activity detected: port_scan
2025-02-08 09:52:04 - [INFO] backup completed
2025-02-08 10:19:14 - [INFO] system check passed
2025-02-08 10:23:16 - [INFO] file uploaded
2025-02-08 10:48:06 - [WARNING] Suspicious activity detected: sql_injection
2025-02-08 10:51:06 - [INFO] file uploaded
2025-02-08 10:55:17 - [WARNING] Suspicious activity detected: ddos
2025-02-08 10:55:23 - [INFO] user login
2025-02-08 11:04:28 - [INFO] user login
2025-02-08 11:19:12 - [WARNING] Suspicious activity detected: malware
2025-02-08 11:38:08 - [INFO] file uploaded
2025-02-08 11:44:47 - [INFO] file uploaded
2025-02-08 11:49:15 - [INFO] file downloaded
2025-02-08 11:49:17 - [INFO] email sent
2025-02-08 11:54:06 - [WARNING] Suspicious activity detected: port_scan
2025-02-08 11:58:04 - [INFO] email sent
2025-02-08 11:59:44 - [WARNING] Suspicious activity detected: unauthorized_access
2025-02-08 12:03:10 - [INFO] system check passed
2025-02-08 12:25:16 - [WARNING] Suspicious activity detected: brute_force
2025-02-08 12:35:22 - [INFO] backup completed
2025-02-08 12:37:02 - [INFO] backup completed
2025-02-08 12:37:43 - [INFO] file uploaded
2025-02-08 12:38:42 - [INFO] backup completed
2025-02-08 12:43:33 - [INFO] email sent
2025-02-08 12:51:16 - [INFO] backup completed
2025-02-08 12:54:40 - [INFO] user login
2025-02-08 13:34:10 - [WARNING] Suspicious activity detected: sql_injection
2025-02-08 13:45:51 - [WARNING] Suspicious activity detected: unauthorized_access
2025-02-08 13:54:34 - [WARNING] Suspicious activity detected: intrusion
2025-02-08 14:00:32 - [WARNING] Suspicious activity detected: unauthorized_access
2025-02-08 14:16:25 - [INFO] config updated
2025-02-08 14:21:14 - [INFO] file downloaded
2025-02-08 14:29:09 - [INFO] user login
2025-02-08 14:33:47 - [INFO] user login
2025-02-08 14:42:11 - [WARNING] Suspicious activity detected: unauthorized_access
2025-02-08 14:43:43 - [INFO] file downloaded
2025-02-08 14:55:32 - [INFO] user login
2025-02-08 15:01:24 - [INFO] backup completed
2025-02-08 15:08:49 - [INFO] email sent
2025-02-08 15:26:16 - [INFO] backup completed
2025-02-08 15:26:44 - [INFO] file uploaded
2025-02-08 15:38:03 - [INFO] email sent
2025-02-08 15:46:23 - [INFO] backup completed
2025-02-08 15:49:07 - [INFO] system check passed
2025-02-08 15:52:07 - [WARNING] Suspicious activity detected: ddos
2025-02-08 15:59:00 - [INFO] file uploaded
2025-02-08 16:09:29 - [WARNING] Suspicious activity detected: ddos
2025-02-08 16:10:45 - [INFO] user login
2025-02-08 16:19:32 - [WARNING] Suspicious activity detected: intrusion
2025-02-08 16:27:46 - [INFO] system check passed
2025-02-08 16:29:07 - [INFO] file downloaded
2025-02-08 16:54:54 - [WARNING] Suspicious activity detected: malware
2025-02-08 16:55:55 - [WARNING] Suspicious activity detected: sql_injection
2025-02-08 17:21:20 - [INFO] config updated
2025-02-08 17:23:50 - [INFO] file downloaded
2025-02-08 17:33:43 - [INFO] backup completed
2025-02-08 17:33:53 - [INFO] file downloaded
2025-02-08 17:55:06 - [INFO] user login
2025-02-08 18:08:18 - [INFO] system check passed
2025-02-08 18:31:32 - [INFO] user login
2025-02-08 18:41:18 - [INFO] backup completed
2025-02-08 18:50:27 - [INFO] backup completed
2025-02-08 18:51:26 - [WARNING] Suspicious activity detected: brute_force
2025-02-08 19:18:30 - [WARNING] Suspicious activity detected: intrusion
2025-02-08 19:28:35 - [WARNING] Suspicious activity detected: brute_force
2025-02-08 19:30:53 - [INFO] file uploaded
2025-02-08 19:34:55 - [INFO] file uploaded
2025-02-08 19:47:33 - [WARNING] Suspicious activity detected: unauthorized_access
2025-02-08 19:47:48 - [WARNING] Suspicious activity detected: ip_blocked
2025-02-08 19:48:03 - [INFO] config updated
2025-02-08 19:55:21 - [INFO] file uploaded
2025-02-08 19:56:48 - [INFO] system check passed
2025-02-08 20:07:04 - [INFO] file uploaded
2025-02-08 20:13:23 - [WARNING] Suspicious activity detected: brute_force
2025-02-08 20:24:16 - [INFO] email sent
2025-02-08 20:27:53 - [WARNING] Suspicious activity detected: malware
2025-02-08 20:29:52 - [INFO] system check passed
2025-02-08 20:30:34 - [INFO] config updated
2025-02-08 20:33:49 - [INFO] file downloaded
2025-02-08 20:35:26 - [WARNING] Suspicious activity detected: brute_force
2025-02-08 20:57:24 - [INFO] config updated
2025-02-08 21:37:50 - [WARNING] Suspicious activity detected: malware
2025-02-08 21:44:01 - [INFO] backup completed
2025-02-08 21:51:38 - [INFO] email sent
2025-02-08 21:55:18 - [INFO] file uploaded
2025-02-08 22:13:21 - [INFO] file uploaded
2025-02-08 22:25:03 - [WARNING] Suspicious activity detected: malware
2025-02-08 22:29:42 - [INFO] file uploaded
2025-02-08 22:32:07 - [INFO] backup completed
2025-02-08 22:35:24 - [INFO] config updated
2025-02-08 22:39:48 - [INFO] user login
2025-02-08 22:47:44 - [INFO] user login
2025-02-08 23:04:33 - [WARNING] Suspicious activity detected: malware
2025-02-08 23:06:37 - [WARNING] Suspicious activity detected: intrusion
2025-02-08 23:06:56 - [WARNING] Suspicious activity detected: unauthorized_access
2025-02-08 23:27:38 - [INFO] backup completed
2025-02-08 23:32:16 - [INFO] user login
2025-02-08 23:35:58 - [INFO] email sent
2025-02-08 23:48:24 - [WARNING] Suspicious activity detected: sql_injection