2025-04-10 00:01:00 - [WARNING] Suspicious activity detected: brute_force
2025-04-10 00:26:51 - [INFO] backup completed
2025-04-10 00:30:20 - [INFO] system check passed
2025-04-10 00:32:38 - [INFO] email sent
2025-04-10 00:47:47 - [INFO] backup completed
2025-04-10 00:55:05 - [WARNING] Suspicious activity detected: malware
2025-04-10 01:00:12 - [INFO] backup completed
2025-04-10 01:01:48 - [INFO] user login
2025-04-10 01:01:56 - [WARNING] Suspicious activity detected: ip_blocked
2025-04-10 01:04:30 - [INFO] backup completed
2025-04-10 01:07:21 - [WARNING] Suspicious activity detected: malware
2025-04-10 01:27:23 - [INFO] file uploaded
2025-04-10 01:31:37 - [INFO] backup completed
2025-04-10 01:32:33 - [INFO] file downloaded
2025-04-10 01:39:16 - [INFO] user login
2025-04-10 01:58:31 - [INFO] backup completed
2025-04-10 02:05:46 - [INFO] backup completed
2025-04-10 02:11:30 - [INFO] system check passed
2025-04-10 02:14:15 - [INFO] user login
2025-04-10 02:15:32 - [INFO] file downloaded
2025-04-10 02:22:47 - [INFO] file downloaded
2025-04-10 02:24:42 - [INFO] email sent
2025-04-10 02:42:27 - [WARNING] Suspicious activity detected: malware
2025-04-10 02:57:31 - [INFO] email sent
2025-04-10 03:05:52 - [INFO] config updated
2025-04-10 03:16:37 - [INFO] backup completed
2025-04-10 03:17:52 - [INFO] system check passed
2025-04-10 03:23:57 - [INFO] config updated
2025-04-10 03:27:01 - [WARNING] Suspicious activity detected: ddos
2025-04-10 03:30:31 - [WARNING] Suspicious activity detected: unauthorized_access
2025-04-10 03:32:59 - [INFO] backup completed
2025-04-10 03:35:19 - [INFO] file uploaded
2025-04-10 03:36:30 - [INFO] system check passed
2025-04-10 03:38:11 - [INFO] config updated
2025-04-10 03:57:31 - [WARNING] Suspicious activity detected: ddos
2025-04-10 04:12:31 - [INFO] user login
2025-04-10 04:17:18 - [INFO] file uploaded
2025-04-10 04:24:25 - [INFO] email sent
2025-04-10 04:29:49 - [INFO] email sent
2025-04-10 04:32:05 - [INFO] system check passed
2025-04-10 04:32:40 - [INFO] system check passed
2025-04-10 04:47:29 - [WARNING] Suspicious activity detected: brute_force
2025-04-10 04:54:58 - [WARNING] Suspicious activity detected: malware
2025-04-10 04:55:05 - [INFO] config updated
2025-04-10 05:28:46 - [INFO] file uploaded
2025-04-10 05:29:58 - [WARNING] Suspicious activity detected: ddos
2025-04-10 05:37:42 - [INFO] backup completed
2025-04-10 05:41:41 - [INFO] email sent
2025-04-10 05:45:49 - [INFO] config updated
2025-04-10 06:00:40 - [INFO] file downloaded
2025-04-10 06:03:32 - [INFO] system check passed
2025-04-10 06:08:04 - [INFO] file uploaded
2025-04-10 06:11:09 - [WARNING] Suspicious activity detected: ip_blocked
2025-04-10 06:13:58 - [INFO] email sent
2025-04-10 06:43:42 - [INFO] config updated
2025-04-10 06:44:24 - [INFO] file uploaded
2025-04-10 07:05:20 - [WARNING] Suspicious activity detected: ip_blocked
2025-04-10 07:05:40 - [INFO] user login
2025-04-10 07:16:12 - [INFO] email sent
2025-04-10 07:16:47 - [INFO] file downloaded
2025-04-10 07:18:02 - [INFO] file uploaded
2025-04-10 07:18:35 - [INFO] system check passed
2025-04-10 07:27:04 - [INFO] email sent
2025-04-10 07:30:27 - [WARNING] Suspicious activity detected: sql_injection
2025-04-10 07:41:52 - [INFO] system check passed
2025-04-10 07:47:46 - [INFO] system check passed
2025-04-10 07:49:19 - [INFO] file downloaded
2025-04-10 07:53:50 - [INFO] backup completed
2025-04-10 07:58:05 - [INFO] system check passed
2025-04-10 08:06:30 - [INFO] config updated
2025-04-10 08:10:45 - [WARNING] Suspicious activity detected: malware
2025-04-10 08:12:28 - [WARNING] Suspicious activity detected: malware
2025-04-10 08:16:24 - [INFO] system check passed
2025-04-10 08:51:29 - [WARNING] Suspicious activity detected: ip_blocked
2025-04-10 09:03:08 - [WARNING] Suspicious activity detected: unauthorized_access
2025-04-10 09:20:24 - [INFO] user login
2025-04-10 09:20:29 - [INFO] backup completed
2025-04-10 09:24:34 - [WARNING] Suspicious activity detected: unauthorized_access
2025-04-10 09:27:35 - [INFO] system check passed
2025-04-10 09:31:56 - [INFO] user login
2025-04-10 09:34:47 - [INFO] email sent
2025-04-10 09:39:33 - [INFO] config updated
2025-04-10 09:44:05 - [INFO] config updated
2025-04-10 09:59:34 - [INFO] config updated
2025-04-10 10:00:25 - [WARNING] Suspicious activity detected: ddos
2025-04-10 10:28:03 - [INFO] email sent
2025-04-10 10:33:49 - [INFO] file uploaded
2025-04-10 10:39:48 - [INFO] email sent
2025-04-10 10:42:17 - [INFO] backup completed
2025-04-10 10:53:37 - [INFO] email sent
2025-04-10 11:03:09 - [WARNING] Suspicious activity detected: malware
2025-04-10 11:09:05 - [INFO] email sent
2025-04-10 11:16:53 - [INFO] email sent
2025-04-10 11:21:49 - [INFO] backup completed
2025-04-10 11:29:34 - [WARNING] Suspicious activity detected: unauthorized_access
2025-04-10 11:31:49 - [WARNING] Suspicious activity detected: ip_blocked
2025-04-10 11:34:03 - [INFO] config updated
2025-04-10 11:42:40 - [INFO] system check passed
2025-04-10 11:53:50 - [INFO] config updated
2025-04-10 12:00:39 - [INFO] file downloaded
2025-04-10 12:02:22 - [INFO] file downloaded
2025-04-10 12:25:55 - [INFO] backup completed
2025-04-10 12:29:11 - [INFO] file downloaded
2025-04-10 12:29:25 - [WARNING] Suspicious activity detected: malware
2025-04-10 12:34:56 - [INFO] user login
2025-04-10 12:46:54 - [INFO] system check passed
2025-04-10 13:05:02 - [WARNING] Suspicious activity detected: brute_force
2025-04-10 13:19:14 - [INFO] file downloaded
2025-04-10 13:20:03 - [WARNING] Suspicious activity detected: unauthorized_access
2025-04-10 13:23:53 - [INFO] system check passed
2025-04-10 13:33:08 - [INFO] file uploaded
2025-04-10 13:37:06 - [INFO] system check passed
2025-04-10 13:39:54 - [WARNING] Suspicious activity detected: port_scan
2025-04-10 13:59:09 - [INFO] config updated
2025-04-10 14:00:40 - [INFO] system check passed
2025-04-10 14:15:14 - [INFO] backup completed
2025-04-10 14:20:02 - [INFO] config updated
2025-04-10 14:20:26 - [INFO] backup completed
2025-04-10 14:21:06 - [WARNING] Suspicious activity detected: ddos
2025-04-10 14:23:25 - [INFO] config updated
2025-04-10 14:28:42 - [INFO] file downloaded
2025-04-10 14:45:27 - [WARNING] Suspicious activity detected: brute_force
2025-04-10 14:48:49 - [INFO] file uploaded
2025-04-10 14:54:51 - [INFO] email sent
2025-04-10 14:58:57 - [INFO] backup completed
2025-04-10 15:07:07 - [INFO] config updated
2025-04-10 15:15:32 - [WARNING] Suspicious activity detected: sql_injection
2025-04-10 15:15:53 - [INFO] file uploaded
2025-04-10 15:19:57 - [INFO] backup completed
2025-04-10 15:20:41 - [INFO] email sent
2025-04-10 15:25:39 - [INFO] backup completed
2025-04-10 15:27:30 - [INFO] file uploaded
2025-04-10 15:42:02 - [INFO] user login
2025-04-10 15:46:06 - [WARNING] Suspicious activity detected: brute_force
2025-04-10 15:55:34 - [WARNING] Suspicious activity detected: sql_injection
2025-04-10 16:27:39 - [INFO] backup completed
2025-04-10 16:29:47 - [INFO] config updated
2025-04-10 16:33:40 - [WARNING] Suspicious activity detected: ip_blocked
2025-04-10 16:46:58 - [INFO] config updated
2025-04-10 16:50:13 - [INFO] file downloaded
2025-04-10 16:50:14 - [INFO] file uploaded
2025-04-10 16:51:28 - [INFO] config updated
2025-04-10 16:51:40 - [INFO] email sent
2025-04-10 16:56:08 - [INFO] backup completed
2025-04-10 16:57:24 - [WARNING] Suspicious activity detected: sql_injection
2025-04-10 17:09:56 - [INFO] email sent
2025-04-10 17:11:35 - [INFO] system check passed
2025-04-10 17:13:31 - [INFO] backup completed
2025-04-10 17:27:13 - [INFO] file downloaded
2025-04-10 17:32:25 - [INFO] backup completed
2025-04-10 17:37:10 - [INFO] backup completed
2025-04-10 17:51:15 - [INFO] user login
2025-04-10 18:01:16 - [INFO] user login
2025-04-10 18:02:50 - [WARNING] Suspicious activity detected: unauthorized_access
2025-04-10 18:15:17 - [INFO] email sent
2025-04-10 18:24:59 - [INFO] file downloaded
2025-04-10 18:31:20 - [INFO] file uploaded
2025-04-10 18:39:46 - [WARNING] Suspicious activity detected: port_scan
2025-04-10 18:41:43 - [WARNING] Suspicious activity detected: unauthorized_access
2025-04-10 18:55:10 - [INFO] config updated
2025-04-10 18:57:48 - [INFO] system check passed
2025-04-10 19:04:32 - [INFO] file downloaded
2025-04-10 19:05:36 - [INFO] backup completed
2025-04-10 19:05:54 - [WARNING] Suspicious activity detected: port_scan
2025-04-10 19:06:46 - [INFO] backup completed
2025-04-10 19:14:10 - [INFO] email sent
2025-04-10 19:47:00 - [INFO] email sent
2025-04-10 19:48:15 - [WARNING] Suspicious activity detected: ddos
2025-04-10 19:58:58 - [INFO] email sent
2025-04-10 20:01:32 - [WARNING] Suspicious activity detected: intrusion
2025-04-10 20:13:19 - [WARNING] Suspicious activity detected: port_scan
2025-04-10 20:20:01 - [INFO] user login
2025-04-10 20:22:43 - [WARNING] Suspicious activity detected: brute_force
2025-04-10 20:28:45 - [INFO] email sent
2025-04-10 20:32:01 - [INFO] user login
2025-04-10 20:32:33 - [INFO] user login
2025-04-10 20:33:00 - [INFO] user login
2025-04-10 20:34:47 - [INFO] backup completed
2025-04-10 20:36:10 - [INFO] user login
2025-04-10 20:37:06 - [INFO] file downloaded
2025-04-10 20:46:09 - [WARNING] Suspicious activity detected: ddos
2025-04-10 20:46:15 - [INFO] backup completed
2025-04-10 20:46:17 - [WARNING] Suspicious activity detected: intrusion
2025-04-10 20:47:20 - [WARNING] Suspicious activity detected: unauthorized_access
2025-04-10 20:51:49 - [INFO] system check passed
2025-04-10 21:01:43 - [INFO] backup completed
2025-04-10 21:02:28 - [INFO] system check passed
2025-04-10 21:06:07 - [INFO] user login
2025-04-10 21:09:21 - [INFO] backup completed
2025-04-10 21:12:40 - [INFO] system check passed
2025-04-10 21:25:07 - [INFO] config updated
2025-04-10 21:38:48 - [INFO] user login
2025-04-10 21:39:37 - [INFO] user login
2025-04-10 21:40:10 - [INFO] config updated
2025-04-10 21:40:51 - [INFO] file uploaded
2025-04-10 21:43:10 - [INFO] file uploaded
2025-04-10 21:47:34 - [INFO] file downloaded
2025-04-10 22:01:19 - [INFO] user login
2025-04-10 22:07:13 - [WARNING] Suspicious activity detected: intrusion
2025-04-10 22:29:55 - [INFO] email sent
2025-04-10 22:42:50 - [INFO] backup completed
2025-04-10 22:43:38 - [INFO] backup completed
2025-04-10 22:44:43 - [WARNING] Suspicious activity detected: ip_blocked
2025-04-10 22:45:35 - [INFO] backup completed
2025-04-10 22:49:44 - [INFO] backup completed
2025-04-10 22:50:24 - [INFO] file downloaded
2025-04-10 22:57:43 - [INFO] file downloaded
2025-04-10 23:00:26 - [INFO] file uploaded
2025-04-10 23:11:27 - [INFO] email sent
2025-04-10 23:15:17 - [WARNING] Suspicious activity detected: ip_blocked
2025-04-10 23:17:20 - [INFO] email sent
2025-04-10 23:24:22 - [INFO] email sent
2025-04-10 23:37:46 - [INFO] user login
2025-04-10 23:38:38 - [INFO] config updated
2025-04-10 23:42:43 - [WARNING] Suspicious activity detected: ddos
2025-04-10 23:52:36 - [INFO] email sent
2025-04-10 23:56:04 - [INFO] system check passed