2025-05-30 00:14:22 - [WARNING] Suspicious activity detected: unauthorized_access
2025-05-30 00:32:30 - [INFO] backup completed
2025-05-30 00:36:04 - [WARNING] Suspicious activity detected: sql_injection
2025-05-30 00:51:30 - [INFO] file uploaded
2025-05-30 00:54:21 - [INFO] system check passed
2025-05-30 01:02:11 - [WARNING] Suspicious activity detected: port_scan
2025-05-30 01:05:02 - [INFO] config updated
2025-05-30 01:11:07 - [INFO] file downloaded
2025-05-30 01:19:36 - [INFO] backup completed
2025-05-30 01:23:41 - [INFO] system check passed
2025-05-30 01:55:25 - [INFO] email sent
2025-05-30 02:12:57 - [INFO] file downloaded
2025-05-30 02:13:55 - [WARNING] Suspicious activity detected: ddos
2025-05-30 02:22:05 - [INFO] file downloaded
2025-05-30 02:28:16 - [INFO] file downloaded
2025-05-30 02:34:31 - [WARNING] Suspicious activity detected: ddos
2025-05-30 02:39:38 - [INFO] system check passed
2025-05-30 02:41:14 - [INFO] user login
2025-05-30 02:53:03 - [INFO] config updated
2025-05-30 03:11:09 - [INFO] config updated
2025-05-30 03:12:42 - [INFO] backup completed
2025-05-30 03:15:09 - [WARNING] Suspicious activity detected: malware
2025-05-30 03:23:09 - [WARNING] Suspicious activity detected: brute_force
2025-05-30 03:23:43 - [INFO] user login
2025-05-30 03:26:57 - [INFO] backup completed
2025-05-30 03:49:34 - [INFO] config updated
2025-05-30 03:53:07 - [INFO] backup completed
2025-05-30 03:54:51 - [INFO] file downloaded
2025-05-30 03:59:30 - [WARNING] Suspicious activity detected: ddos
2025-05-30 04:04:57 - [INFO] config updated
2025-05-30 04:09:16 - [INFO] file uploaded
2025-05-30 04:23:56 - [WARNING] Suspicious activity detected: unauthorized_access
2025-05-30 04:27:37 - [WARNING] Suspicious activity detected: brute_force
2025-05-30 04:30:08 - [INFO] backup completed
2025-05-30 04:31:14 - [INFO] file downloaded
2025-05-30 05:00:03 - [WARNING] Suspicious activity detected: ddos
2025-05-30 05:03:34 - [WARNING] Suspicious activity detected: unauthorized_access
2025-05-30 05:05:26 - [WARNING] Suspicious activity detected: intrusion
2025-05-30 05:06:31 - [INFO] file uploaded
2025-05-30 05:09:54 - [INFO] system check passed
2025-05-30 05:12:12 - [INFO] system check passed
2025-05-30 05:26:44 - [WARNING] Suspicious activity detected: sql_injection
2025-05-30 05:30:49 - [WARNING] Suspicious activity detected: malware
2025-05-30 05:38:18 - [INFO] config updated
2025-05-30 05:39:37 - [INFO] user login
2025-05-30 05:41:50 - [INFO] email sent
2025-05-30 05:43:03 - [INFO] system check passed
2025-05-30 05:55:03 - [INFO] user login
2025-05-30 05:55:23 - [INFO] backup completed
2025-05-30 06:06:19 - [WARNING] Suspicious activity detected: intrusion
2025-05-30 06:09:35 - [INFO] system check passed
2025-05-30 06:10:04 - [INFO] config updated
2025-05-30 06:12:02 - [INFO] config updated
2025-05-30 06:27:27 - [INFO] backup completed
2025-05-30 06:36:01 - [INFO] email sent
2025-05-30 06:36:46 - [WARNING] Suspicious activity detected: unauthorized_access
2025-05-30 06:40:05 - [WARNING] Suspicious activity detected: intrusion
2025-05-30 06:40:06 - [INFO] email sent
2025-05-30 06:45:28 - [INFO] file uploaded
2025-05-30 06:52:32 - [INFO] email sent
2025-05-30 06:55:01 - [WARNING] Suspicious activity detected: sql_injection
2025-05-30 06:57:23 - [INFO] backup completed
2025-05-30 07:01:10 - [INFO] backup completed
2025-05-30 07:05:49 - [INFO] config updated
2025-05-30 07:13:02 - [INFO] system check passed
2025-05-30 07:37:06 - [INFO] system check passed
2025-05-30 07:44:51 - [INFO] file downloaded
2025-05-30 07:44:53 - [INFO] email sent
2025-05-30 07:51:09 - [INFO] file downloaded
2025-05-30 07:52:02 - [INFO] email sent
2025-05-30 07:52:46 - [INFO] email sent
2025-05-30 08:04:30 - [WARNING] Suspicious activity detected: unauthorized_access
2025-05-30 08:17:03 - [INFO] file downloaded
2025-05-30 08:37:27 - [INFO] file uploaded
2025-05-30 08:39:39 - [INFO] system check passed
2025-05-30 08:47:51 - [INFO] file uploaded
2025-05-30 08:48:20 - [INFO] backup completed
2025-05-30 08:50:14 - [INFO] file downloaded
2025-05-30 08:54:08 - [INFO] user login
2025-05-30 09:20:04 - [INFO] backup completed
2025-05-30 09:33:09 - [INFO] config updated
2025-05-30 09:39:13 - [INFO] config updated
2025-05-30 09:39:34 - [INFO] config updated
2025-05-30 09:43:07 - [INFO] system check passed
2025-05-30 09:47:02 - [INFO] user login
2025-05-30 09:52:24 - [INFO] email sent
2025-05-30 10:02:15 - [INFO] file downloaded
2025-05-30 10:13:42 - [INFO] user login
2025-05-30 10:27:20 - [INFO] config updated
2025-05-30 10:35:40 - [INFO] system check passed
2025-05-30 10:43:45 - [INFO] backup completed
2025-05-30 10:47:24 - [INFO] user login
2025-05-30 10:58:50 - [INFO] user login
2025-05-30 11:04:08 - [INFO] backup completed
2025-05-30 11:19:43 - [WARNING] Suspicious activity detected: brute_force
2025-05-30 11:21:16 - [INFO] backup completed
2025-05-30 11:24:56 - [INFO] file downloaded
2025-05-30 11:26:11 - [INFO] email sent
2025-05-30 11:28:30 - [INFO] email sent
2025-05-30 11:33:50 - [INFO] file uploaded
2025-05-30 11:38:39 - [INFO] system check passed
2025-05-30 11:38:47 - [INFO] system check passed
2025-05-30 11:44:48 - [WARNING] Suspicious activity detected: unauthorized_access
2025-05-30 11:52:12 - [INFO] email sent
2025-05-30 12:05:30 - [WARNING] Suspicious activity detected: malware
2025-05-30 12:07:39 - [WARNING] Suspicious activity detected: intrusion
2025-05-30 12:12:30 - [WARNING] Suspicious activity detected: brute_force
2025-05-30 12:20:07 - [WARNING] Suspicious activity detected: ip_blocked
2025-05-30 12:20:57 - [INFO] email sent
2025-05-30 12:22:45 - [INFO] system check passed
2025-05-30 12:28:56 - [INFO] file uploaded
2025-05-30 12:38:28 - [INFO] user login
2025-05-30 12:41:18 - [WARNING] Suspicious activity detected: malware
2025-05-30 12:49:23 - [INFO] file downloaded
2025-05-30 13:07:53 - [INFO] backup completed
2025-05-30 13:12:56 - [INFO] email sent
2025-05-30 13:15:31 - [WARNING] Suspicious activity detected: unauthorized_access
2025-05-30 13:20:45 - [WARNING] Suspicious activity detected: malware
2025-05-30 13:34:14 - [INFO] user login
2025-05-30 13:38:38 - [INFO] user login
2025-05-30 13:41:37 - [INFO] system check passed
2025-05-30 14:00:30 - [WARNING] Suspicious activity detected: intrusion
2025-05-30 14:09:22 - [INFO] file downloaded
2025-05-30 14:12:15 - [INFO] system check passed
2025-05-30 14:55:18 - [INFO] config updated
2025-05-30 14:56:20 - [INFO] file downloaded
2025-05-30 15:15:32 - [WARNING] Suspicious activity detected: ddos
2025-05-30 15:22:01 - [INFO] file uploaded
2025-05-30 15:22:44 - [INFO] config updated
2025-05-30 15:24:41 - [INFO] file downloaded
2025-05-30 15:38:31 - [WARNING] Suspicious activity detected: port_scan
2025-05-30 15:43:34 - [INFO] backup completed
2025-05-30 15:52:19 - [INFO] file uploaded
2025-05-30 15:58:54 - [INFO] user login
2025-05-30 16:04:12 - [INFO] config updated
2025-05-30 16:09:12 - [INFO] file downloaded
2025-05-30 16:10:23 - [INFO] backup completed
2025-05-30 16:34:10 - [WARNING] Suspicious activity detected: malware
2025-05-30 16:35:56 - [INFO] config updated
2025-05-30 16:39:46 - [WARNING] Suspicious activity detected: ddos
2025-05-30 16:51:13 - [INFO] file downloaded
2025-05-30 17:08:13 - [WARNING] Suspicious activity detected: ddos
2025-05-30 17:09:43 - [INFO] file downloaded
2025-05-30 17:20:29 - [INFO] config updated
2025-05-30 17:34:03 - [INFO] email sent
2025-05-30 17:34:28 - [INFO] user login
2025-05-30 17:37:34 - [INFO] config updated
2025-05-30 17:38:15 - [WARNING] Suspicious activity detected: sql_injection
2025-05-30 17:40:17 - [INFO] file downloaded
2025-05-30 18:04:53 - [INFO] user login
2025-05-30 18:07:55 - [INFO] file uploaded
2025-05-30 18:19:17 - [INFO] user login
2025-05-30 18:42:17 - [INFO] user login
2025-05-30 18:47:08 - [INFO] file downloaded
2025-05-30 19:02:31 - [INFO] config updated
2025-05-30 19:04:20 - [INFO] user login
2025-05-30 19:07:58 - [WARNING] Suspicious activity detected: sql_injection
2025-05-30 19:08:58 - [INFO] system check passed
2025-05-30 19:16:37 - [WARNING] Suspicious activity detected: port_scan
2025-05-30 19:18:31 - [WARNING] Suspicious activity detected: port_scan
2025-05-30 19:34:45 - [INFO] file downloaded
2025-05-30 19:43:03 - [INFO] email sent
2025-05-30 19:54:33 - [INFO] file uploaded
2025-05-30 20:02:05 - [INFO] config updated
2025-05-30 20:16:53 - [WARNING] Suspicious activity detected: malware
2025-05-30 20:22:26 - [INFO] file uploaded
2025-05-30 20:29:39 - [WARNING] Suspicious activity detected: unauthorized_access
2025-05-30 20:30:04 - [WARNING] Suspicious activity detected: ip_blocked
2025-05-30 20:45:36 - [INFO] user login
2025-05-30 20:46:08 - [INFO] file downloaded
2025-05-30 21:18:52 - [INFO] user login
2025-05-30 21:19:52 - [WARNING] Suspicious activity detected: port_scan
2025-05-30 21:23:20 - [INFO] email sent
2025-05-30 21:28:05 - [INFO] backup completed
2025-05-30 21:29:35 - [INFO] backup completed
2025-05-30 21:32:30 - [WARNING] Suspicious activity detected: malware
2025-05-30 21:33:12 - [INFO] email sent
2025-05-30 21:40:46 - [WARNING] Suspicious activity detected: ip_blocked
2025-05-30 22:27:26 - [WARNING] Suspicious activity detected: intrusion
2025-05-30 22:40:52 - [INFO] user login
2025-05-30 22:45:49 - [INFO] system check passed
2025-05-30 22:46:45 - [INFO] user login
2025-05-30 22:47:11 - [INFO] config updated
2025-05-30 22:52:40 - [INFO] file uploaded
2025-05-30 23:02:40 - [INFO] backup completed
2025-05-30 23:09:28 - [INFO] file uploaded
2025-05-30 23:15:50 - [WARNING] Suspicious activity detected: malware
2025-05-30 23:23:38 - [INFO] file uploaded
2025-05-30 23:24:11 - [INFO] user login
2025-05-30 23:25:50 - [WARNING] Suspicious activity detected: unauthorized_access
2025-05-30 23:35:10 - [INFO] file uploaded
2025-05-30 23:38:47 - [INFO] user login
2025-05-30 23:53:15 - [INFO] file uploaded
2025-05-30 23:53:46 - [INFO] system check passed
2025-05-30 23:55:33 - [INFO] config updated