2025-04-17 00:25:44 - [INFO] system check passed
2025-04-17 00:44:01 - [INFO] config updated
2025-04-17 01:01:19 - [WARNING] Suspicious activity detected: sql_injection
2025-04-17 01:07:27 - [INFO] backup completed
2025-04-17 01:36:27 - [INFO] file downloaded
2025-04-17 01:38:52 - [WARNING] Suspicious activity detected: malware
2025-04-17 01:43:35 - [INFO] system check passed
2025-04-17 01:45:25 - [INFO] file uploaded
2025-04-17 01:47:15 - [WARNING] Suspicious activity detected: ip_blocked
2025-04-17 01:55:27 - [WARNING] Suspicious activity detected: ip_blocked
2025-04-17 02:10:17 - [WARNING] Suspicious activity detected: ddos
2025-04-17 02:11:14 - [INFO] file uploaded
2025-04-17 02:14:38 - [INFO] file uploaded
2025-04-17 02:19:08 - [WARNING] Suspicious activity detected: sql_injection
2025-04-17 02:34:05 - [WARNING] Suspicious activity detected: port_scan
2025-04-17 02:35:36 - [WARNING] Suspicious activity detected: port_scan
2025-04-17 02:47:39 - [INFO] email sent
2025-04-17 02:48:46 - [WARNING] Suspicious activity detected: port_scan
2025-04-17 02:51:31 - [INFO] system check passed
2025-04-17 02:59:43 - [WARNING] Suspicious activity detected: malware
2025-04-17 03:12:32 - [WARNING] Suspicious activity detected: ddos
2025-04-17 03:25:26 - [WARNING] Suspicious activity detected: unauthorized_access
2025-04-17 03:41:21 - [WARNING] Suspicious activity detected: brute_force
2025-04-17 03:42:35 - [WARNING] Suspicious activity detected: sql_injection
2025-04-17 03:53:14 - [WARNING] Suspicious activity detected: malware
2025-04-17 04:02:04 - [INFO] backup completed
2025-04-17 04:02:16 - [INFO] backup completed
2025-04-17 04:15:18 - [INFO] system check passed
2025-04-17 04:24:46 - [INFO] user login
2025-04-17 04:25:17 - [INFO] config updated
2025-04-17 04:34:40 - [WARNING] Suspicious activity detected: ip_blocked
2025-04-17 04:45:56 - [WARNING] Suspicious activity detected: ddos
2025-04-17 04:49:27 - [INFO] system check passed
2025-04-17 04:56:01 - [INFO] user login
2025-04-17 05:06:03 - [INFO] file uploaded
2025-04-17 05:25:49 - [WARNING] Suspicious activity detected: ddos
2025-04-17 05:50:32 - [WARNING] Suspicious activity detected: brute_force
2025-04-17 05:52:36 - [WARNING] Suspicious activity detected: ddos
2025-04-17 06:08:00 - [WARNING] Suspicious activity detected: intrusion
2025-04-17 06:24:05 - [INFO] user login
2025-04-17 06:25:12 - [INFO] config updated
2025-04-17 06:37:08 - [INFO] system check passed
2025-04-17 06:39:13 - [INFO] user login
2025-04-17 06:44:25 - [INFO] user login
2025-04-17 06:47:31 - [INFO] config updated
2025-04-17 06:53:15 - [INFO] email sent
2025-04-17 06:55:03 - [INFO] file downloaded
2025-04-17 06:58:39 - [INFO] file uploaded
2025-04-17 07:05:15 - [INFO] system check passed
2025-04-17 07:13:28 - [INFO] user login
2025-04-17 07:15:52 - [WARNING] Suspicious activity detected: malware
2025-04-17 07:19:42 - [WARNING] Suspicious activity detected: ip_blocked
2025-04-17 07:31:18 - [INFO] file uploaded
2025-04-17 07:41:25 - [INFO] user login
2025-04-17 07:44:10 - [WARNING] Suspicious activity detected: unauthorized_access
2025-04-17 07:44:24 - [INFO] config updated
2025-04-17 07:49:58 - [WARNING] Suspicious activity detected: malware
2025-04-17 07:50:34 - [INFO] config updated
2025-04-17 07:51:02 - [INFO] user login
2025-04-17 07:51:50 - [INFO] system check passed
2025-04-17 07:54:23 - [WARNING] Suspicious activity detected: malware
2025-04-17 07:54:33 - [INFO] backup completed
2025-04-17 08:04:36 - [WARNING] Suspicious activity detected: port_scan
2025-04-17 08:06:19 - [WARNING] Suspicious activity detected: unauthorized_access
2025-04-17 08:07:00 - [INFO] system check passed
2025-04-17 08:09:47 - [WARNING] Suspicious activity detected: sql_injection
2025-04-17 08:16:09 - [INFO] file downloaded
2025-04-17 08:25:02 - [WARNING] Suspicious activity detected: port_scan
2025-04-17 08:38:48 - [INFO] file downloaded
2025-04-17 08:42:02 - [WARNING] Suspicious activity detected: unauthorized_access
2025-04-17 08:42:41 - [WARNING] Suspicious activity detected: intrusion
2025-04-17 08:45:00 - [INFO] config updated
2025-04-17 08:46:07 - [WARNING] Suspicious activity detected: unauthorized_access
2025-04-17 08:52:01 - [WARNING] Suspicious activity detected: ip_blocked
2025-04-17 08:59:23 - [WARNING] Suspicious activity detected: unauthorized_access
2025-04-17 08:59:43 - [WARNING] Suspicious activity detected: sql_injection
2025-04-17 09:04:11 - [INFO] user login
2025-04-17 09:08:55 - [INFO] backup completed
2025-04-17 09:38:40 - [INFO] user login
2025-04-17 09:39:15 - [INFO] system check passed
2025-04-17 09:41:34 - [INFO] email sent
2025-04-17 09:41:38 - [WARNING] Suspicious activity detected: ddos
2025-04-17 09:46:03 - [INFO] file downloaded
2025-04-17 09:47:28 - [INFO] system check passed
2025-04-17 09:48:33 - [INFO] config updated
2025-04-17 09:51:20 - [WARNING] Suspicious activity detected: ip_blocked
2025-04-17 10:14:46 - [WARNING] Suspicious activity detected: intrusion
2025-04-17 10:30:06 - [INFO] backup completed
2025-04-17 10:35:16 - [INFO] email sent
2025-04-17 10:37:19 - [WARNING] Suspicious activity detected: sql_injection
2025-04-17 10:44:34 - [WARNING] Suspicious activity detected: sql_injection
2025-04-17 10:45:43 - [INFO] system check passed
2025-04-17 10:49:28 - [INFO] backup completed
2025-04-17 11:05:10 - [WARNING] Suspicious activity detected: sql_injection
2025-04-17 11:06:11 - [WARNING] Suspicious activity detected: unauthorized_access
2025-04-17 11:46:28 - [INFO] config updated
2025-04-17 11:51:14 - [WARNING] Suspicious activity detected: ip_blocked
2025-04-17 11:58:19 - [INFO] system check passed
2025-04-17 12:02:22 - [INFO] system check passed
2025-04-17 12:20:27 - [INFO] email sent
2025-04-17 12:39:16 - [WARNING] Suspicious activity detected: malware
2025-04-17 12:39:42 - [INFO] user login
2025-04-17 12:48:38 - [WARNING] Suspicious activity detected: intrusion
2025-04-17 12:50:07 - [INFO] config updated
2025-04-17 13:05:57 - [INFO] config updated
2025-04-17 13:07:17 - [INFO] email sent
2025-04-17 13:10:53 - [INFO] system check passed
2025-04-17 13:21:19 - [INFO] file downloaded
2025-04-17 13:28:53 - [WARNING] Suspicious activity detected: brute_force
2025-04-17 13:29:50 - [INFO] email sent
2025-04-17 13:32:21 - [INFO] system check passed
2025-04-17 13:37:27 - [INFO] config updated
2025-04-17 13:54:21 - [WARNING] Suspicious activity detected: port_scan
2025-04-17 14:00:48 - [WARNING] Suspicious activity detected: ip_blocked
2025-04-17 14:05:29 - [INFO] user login
2025-04-17 14:09:14 - [INFO] file downloaded
2025-04-17 14:19:01 - [WARNING] Suspicious activity detected: malware
2025-04-17 14:33:27 - [WARNING] Suspicious activity detected: intrusion
2025-04-17 14:43:17 - [WARNING] Suspicious activity detected: ddos
2025-04-17 14:44:16 - [WARNING] Suspicious activity detected: malware
2025-04-17 14:49:21 - [INFO] backup completed
2025-04-17 15:02:47 - [INFO] backup completed
2025-04-17 15:10:14 - [INFO] file uploaded
2025-04-17 15:13:48 - [WARNING] Suspicious activity detected: ip_blocked
2025-04-17 15:18:10 - [WARNING] Suspicious activity detected: unauthorized_access
2025-04-17 15:25:02 - [WARNING] Suspicious activity detected: ip_blocked
2025-04-17 15:31:12 - [WARNING] Suspicious activity detected: intrusion
2025-04-17 15:38:47 - [INFO] system check passed
2025-04-17 15:43:26 - [INFO] user login
2025-04-17 15:43:40 - [WARNING] Suspicious activity detected: malware
2025-04-17 15:45:47 - [INFO] file downloaded
2025-04-17 15:46:02 - [INFO] backup completed
2025-04-17 15:51:37 - [WARNING] Suspicious activity detected: unauthorized_access
2025-04-17 16:00:43 - [INFO] file uploaded
2025-04-17 16:04:00 - [WARNING] Suspicious activity detected: unauthorized_access
2025-04-17 16:07:41 - [INFO] user login
2025-04-17 16:11:18 - [WARNING] Suspicious activity detected: intrusion
2025-04-17 16:17:31 - [INFO] config updated
2025-04-17 16:37:09 - [WARNING] Suspicious activity detected: ip_blocked
2025-04-17 16:38:21 - [INFO] file uploaded
2025-04-17 16:43:21 - [WARNING] Suspicious activity detected: ddos
2025-04-17 16:44:04 - [INFO] user login
2025-04-17 17:01:29 - [INFO] file downloaded
2025-04-17 17:08:12 - [INFO] backup completed
2025-04-17 17:12:28 - [INFO] config updated
2025-04-17 17:13:05 - [WARNING] Suspicious activity detected: unauthorized_access
2025-04-17 17:13:19 - [INFO] backup completed
2025-04-17 17:27:20 - [INFO] system check passed
2025-04-17 17:30:03 - [INFO] config updated
2025-04-17 17:32:58 - [INFO] email sent
2025-04-17 17:42:48 - [INFO] user login
2025-04-17 17:45:51 - [INFO] email sent
2025-04-17 17:52:11 - [INFO] user login
2025-04-17 17:56:20 - [INFO] user login
2025-04-17 18:11:10 - [INFO] file uploaded
2025-04-17 18:13:41 - [INFO] config updated
2025-04-17 18:27:28 - [WARNING] Suspicious activity detected: unauthorized_access
2025-04-17 18:39:17 - [INFO] system check passed
2025-04-17 18:45:47 - [INFO] file uploaded
2025-04-17 18:46:47 - [WARNING] Suspicious activity detected: ddos
2025-04-17 18:51:54 - [WARNING] Suspicious activity detected: malware
2025-04-17 19:00:05 - [INFO] file uploaded
2025-04-17 19:01:13 - [WARNING] Suspicious activity detected: ip_blocked
2025-04-17 19:03:33 - [WARNING] Suspicious activity detected: ddos
2025-04-17 19:05:06 - [WARNING] Suspicious activity detected: ip_blocked
2025-04-17 19:08:37 - [INFO] backup completed
2025-04-17 19:18:42 - [INFO] file uploaded
2025-04-17 19:18:56 - [INFO] file downloaded
2025-04-17 19:36:36 - [INFO] file uploaded
2025-04-17 19:56:48 - [INFO] file downloaded
2025-04-17 19:57:01 - [WARNING] Suspicious activity detected: intrusion
2025-04-17 20:13:48 - [INFO] email sent
2025-04-17 20:17:31 - [WARNING] Suspicious activity detected: unauthorized_access
2025-04-17 20:22:25 - [INFO] config updated
2025-04-17 20:29:01 - [WARNING] Suspicious activity detected: port_scan
2025-04-17 20:41:42 - [WARNING] Suspicious activity detected: sql_injection
2025-04-17 21:03:45 - [WARNING] Suspicious activity detected: port_scan
2025-04-17 21:05:32 - [WARNING] Suspicious activity detected: intrusion
2025-04-17 21:10:54 - [WARNING] Suspicious activity detected: port_scan
2025-04-17 21:13:15 - [INFO] system check passed
2025-04-17 21:16:42 - [WARNING] Suspicious activity detected: port_scan
2025-04-17 21:39:08 - [INFO] system check passed
2025-04-17 21:40:12 - [INFO] user login
2025-04-17 21:50:07 - [WARNING] Suspicious activity detected: port_scan
2025-04-17 21:51:08 - [INFO] file uploaded
2025-04-17 21:58:52 - [INFO] email sent
2025-04-17 22:25:44 - [WARNING] Suspicious activity detected: unauthorized_access
2025-04-17 22:36:51 - [INFO] config updated
2025-04-17 22:56:44 - [WARNING] Suspicious activity detected: ip_blocked
2025-04-17 23:08:19 - [INFO] system check passed
2025-04-17 23:12:55 - [INFO] email sent
2025-04-17 23:18:20 - [INFO] email sent
2025-04-17 23:20:34 - [INFO] user login
2025-04-17 23:25:07 - [INFO] config updated
2025-04-17 23:29:47 - [INFO] backup completed
2025-04-17 23:31:02 - [INFO] file uploaded
2025-04-17 23:32:37 - [INFO] config updated
2025-04-17 23:37:22 - [WARNING] Suspicious activity detected: intrusion
2025-04-17 23:51:09 - [INFO] config updated
2025-04-17 23:52:23 - [WARNING] Suspicious activity detected: unauthorized_access
2025-04-17 23:59:30 - [INFO] config updated