2025-06-19 00:06:16 - [INFO] email sent
2025-06-19 00:13:59 - [INFO] file uploaded
2025-06-19 00:14:07 - [INFO] config updated
2025-06-19 00:15:43 - [INFO] email sent
2025-06-19 00:16:07 - [INFO] file downloaded
2025-06-19 00:17:46 - [WARNING] Suspicious activity detected: ddos
2025-06-19 00:23:45 - [INFO] system check passed
2025-06-19 00:31:40 - [INFO] user login
2025-06-19 00:32:04 - [INFO] config updated
2025-06-19 00:42:31 - [INFO] system check passed
2025-06-19 00:43:03 - [WARNING] Suspicious activity detected: sql_injection
2025-06-19 00:48:58 - [INFO] email sent
2025-06-19 00:54:14 - [INFO] user login
2025-06-19 00:55:21 - [INFO] system check passed
2025-06-19 01:01:29 - [WARNING] Suspicious activity detected: ddos
2025-06-19 01:06:03 - [WARNING] Suspicious activity detected: port_scan
2025-06-19 01:08:40 - [WARNING] Suspicious activity detected: port_scan
2025-06-19 01:13:48 - [INFO] file downloaded
2025-06-19 01:17:54 - [INFO] user login
2025-06-19 01:25:12 - [INFO] backup completed
2025-06-19 01:39:35 - [INFO] file downloaded
2025-06-19 01:40:15 - [INFO] email sent
2025-06-19 01:52:03 - [INFO] system check passed
2025-06-19 01:55:48 - [INFO] backup completed
2025-06-19 01:55:58 - [WARNING] Suspicious activity detected: unauthorized_access
2025-06-19 02:01:28 - [INFO] config updated
2025-06-19 02:05:03 - [INFO] email sent
2025-06-19 02:05:52 - [WARNING] Suspicious activity detected: ip_blocked
2025-06-19 02:16:05 - [WARNING] Suspicious activity detected: intrusion
2025-06-19 02:22:15 - [WARNING] Suspicious activity detected: ip_blocked
2025-06-19 02:26:41 - [INFO] system check passed
2025-06-19 02:26:54 - [INFO] system check passed
2025-06-19 02:33:06 - [INFO] file downloaded
2025-06-19 02:36:15 - [WARNING] Suspicious activity detected: ddos
2025-06-19 02:45:08 - [INFO] config updated
2025-06-19 02:54:13 - [INFO] system check passed
2025-06-19 02:56:52 - [INFO] system check passed
2025-06-19 03:01:45 - [WARNING] Suspicious activity detected: port_scan
2025-06-19 03:09:49 - [INFO] backup completed
2025-06-19 03:12:30 - [INFO] user login
2025-06-19 03:12:39 - [WARNING] Suspicious activity detected: unauthorized_access
2025-06-19 03:14:08 - [INFO] user login
2025-06-19 03:14:52 - [INFO] backup completed
2025-06-19 03:15:57 - [WARNING] Suspicious activity detected: unauthorized_access
2025-06-19 03:31:34 - [INFO] file uploaded
2025-06-19 03:40:09 - [WARNING] Suspicious activity detected: malware
2025-06-19 03:49:29 - [INFO] file uploaded
2025-06-19 03:51:43 - [INFO] system check passed
2025-06-19 03:59:04 - [INFO] system check passed
2025-06-19 04:01:21 - [INFO] system check passed
2025-06-19 04:03:53 - [INFO] backup completed
2025-06-19 04:04:06 - [INFO] system check passed
2025-06-19 04:16:26 - [INFO] config updated
2025-06-19 04:26:08 - [INFO] user login
2025-06-19 04:32:35 - [INFO] file uploaded
2025-06-19 04:35:17 - [INFO] file uploaded
2025-06-19 04:51:16 - [WARNING] Suspicious activity detected: intrusion
2025-06-19 04:51:36 - [WARNING] Suspicious activity detected: unauthorized_access
2025-06-19 04:56:27 - [INFO] email sent
2025-06-19 05:03:18 - [INFO] user login
2025-06-19 05:03:39 - [INFO] file uploaded
2025-06-19 05:16:34 - [INFO] system check passed
2025-06-19 05:23:40 - [WARNING] Suspicious activity detected: ip_blocked
2025-06-19 05:27:58 - [INFO] backup completed
2025-06-19 05:49:37 - [INFO] backup completed
2025-06-19 05:49:50 - [INFO] file downloaded
2025-06-19 05:56:57 - [INFO] file uploaded
2025-06-19 06:07:16 - [INFO] config updated
2025-06-19 06:13:42 - [WARNING] Suspicious activity detected: sql_injection
2025-06-19 06:22:13 - [INFO] config updated
2025-06-19 06:22:49 - [WARNING] Suspicious activity detected: port_scan
2025-06-19 06:36:01 - [INFO] user login
2025-06-19 06:56:55 - [WARNING] Suspicious activity detected: sql_injection
2025-06-19 06:59:35 - [INFO] backup completed
2025-06-19 07:05:19 - [INFO] file downloaded
2025-06-19 07:10:13 - [WARNING] Suspicious activity detected: intrusion
2025-06-19 07:11:59 - [INFO] file downloaded
2025-06-19 07:16:49 - [INFO] email sent
2025-06-19 07:20:00 - [INFO] file uploaded
2025-06-19 07:22:19 - [INFO] system check passed
2025-06-19 07:30:07 - [INFO] user login
2025-06-19 07:36:45 - [WARNING] Suspicious activity detected: port_scan
2025-06-19 07:42:48 - [INFO] user login
2025-06-19 07:46:40 - [INFO] backup completed
2025-06-19 07:52:29 - [INFO] user login
2025-06-19 08:02:25 - [INFO] user login
2025-06-19 08:02:46 - [INFO] system check passed
2025-06-19 08:05:35 - [INFO] file downloaded
2025-06-19 08:08:07 - [INFO] email sent
2025-06-19 08:13:52 - [INFO] file downloaded
2025-06-19 08:20:10 - [WARNING] Suspicious activity detected: malware
2025-06-19 08:25:05 - [WARNING] Suspicious activity detected: sql_injection
2025-06-19 08:25:30 - [INFO] config updated
2025-06-19 08:26:22 - [INFO] email sent
2025-06-19 08:29:14 - [INFO] file downloaded
2025-06-19 08:32:48 - [WARNING] Suspicious activity detected: sql_injection
2025-06-19 08:36:21 - [WARNING] Suspicious activity detected: ddos
2025-06-19 08:38:32 - [INFO] user login
2025-06-19 08:46:49 - [INFO] config updated
2025-06-19 08:49:08 - [INFO] system check passed
2025-06-19 08:50:34 - [WARNING] Suspicious activity detected: brute_force
2025-06-19 08:50:53 - [INFO] backup completed
2025-06-19 08:51:29 - [INFO] file downloaded
2025-06-19 08:55:14 - [WARNING] Suspicious activity detected: intrusion
2025-06-19 09:03:10 - [WARNING] Suspicious activity detected: sql_injection
2025-06-19 09:03:39 - [WARNING] Suspicious activity detected: port_scan
2025-06-19 09:04:50 - [INFO] file downloaded
2025-06-19 09:25:53 - [INFO] file downloaded
2025-06-19 09:28:11 - [INFO] config updated
2025-06-19 09:28:52 - [WARNING] Suspicious activity detected: ip_blocked
2025-06-19 09:29:08 - [INFO] email sent
2025-06-19 09:43:21 - [WARNING] Suspicious activity detected: malware
2025-06-19 09:46:49 - [WARNING] Suspicious activity detected: port_scan
2025-06-19 09:50:53 - [INFO] file downloaded
2025-06-19 09:54:44 - [WARNING] Suspicious activity detected: unauthorized_access
2025-06-19 09:58:28 - [INFO] email sent
2025-06-19 10:14:39 - [INFO] user login
2025-06-19 10:19:10 - [INFO] config updated
2025-06-19 10:19:30 - [WARNING] Suspicious activity detected: ddos
2025-06-19 10:29:11 - [INFO] email sent
2025-06-19 10:32:26 - [INFO] backup completed
2025-06-19 10:33:58 - [INFO] file downloaded
2025-06-19 10:43:40 - [INFO] user login
2025-06-19 10:57:17 - [INFO] email sent
2025-06-19 11:05:15 - [INFO] file uploaded
2025-06-19 11:12:33 - [WARNING] Suspicious activity detected: malware
2025-06-19 11:22:40 - [INFO] user login
2025-06-19 11:24:20 - [INFO] backup completed
2025-06-19 11:24:22 - [INFO] user login
2025-06-19 11:28:18 - [INFO] file downloaded
2025-06-19 11:33:01 - [INFO] file downloaded
2025-06-19 11:33:07 - [INFO] email sent
2025-06-19 11:33:48 - [INFO] email sent
2025-06-19 11:47:36 - [INFO] user login
2025-06-19 12:02:21 - [INFO] system check passed
2025-06-19 12:14:50 - [INFO] system check passed
2025-06-19 12:24:21 - [WARNING] Suspicious activity detected: sql_injection
2025-06-19 12:28:11 - [INFO] system check passed
2025-06-19 12:28:15 - [WARNING] Suspicious activity detected: ddos
2025-06-19 12:39:11 - [INFO] file downloaded
2025-06-19 12:47:43 - [WARNING] Suspicious activity detected: unauthorized_access
2025-06-19 12:48:49 - [INFO] config updated
2025-06-19 12:49:26 - [WARNING] Suspicious activity detected: brute_force
2025-06-19 12:50:14 - [INFO] backup completed
2025-06-19 12:57:23 - [WARNING] Suspicious activity detected: ddos
2025-06-19 13:03:06 - [INFO] file uploaded
2025-06-19 13:12:22 - [INFO] system check passed
2025-06-19 13:16:11 - [WARNING] Suspicious activity detected: brute_force
2025-06-19 13:22:39 - [INFO] file downloaded
2025-06-19 13:24:35 - [INFO] file uploaded
2025-06-19 13:32:13 - [WARNING] Suspicious activity detected: intrusion
2025-06-19 13:41:55 - [INFO] file uploaded
2025-06-19 13:46:59 - [INFO] system check passed
2025-06-19 13:48:44 - [WARNING] Suspicious activity detected: brute_force
2025-06-19 13:55:58 - [INFO] backup completed
2025-06-19 13:56:37 - [INFO] config updated
2025-06-19 14:09:27 - [INFO] system check passed
2025-06-19 14:21:59 - [INFO] email sent
2025-06-19 14:25:14 - [INFO] user login
2025-06-19 14:36:51 - [INFO] email sent
2025-06-19 14:38:17 - [INFO] user login
2025-06-19 14:38:21 - [WARNING] Suspicious activity detected: ddos
2025-06-19 14:40:02 - [INFO] file uploaded
2025-06-19 14:42:48 - [INFO] system check passed
2025-06-19 14:51:27 - [INFO] config updated
2025-06-19 14:51:58 - [INFO] file uploaded
2025-06-19 14:55:36 - [INFO] email sent
2025-06-19 14:57:30 - [INFO] file uploaded
2025-06-19 15:03:56 - [INFO] user login
2025-06-19 15:24:34 - [INFO] user login
2025-06-19 15:24:55 - [INFO] file downloaded
2025-06-19 15:35:15 - [WARNING] Suspicious activity detected: unauthorized_access
2025-06-19 15:35:19 - [INFO] file downloaded
2025-06-19 15:46:14 - [INFO] user login
2025-06-19 15:47:04 - [INFO] config updated
2025-06-19 15:47:11 - [INFO] email sent
2025-06-19 15:48:00 - [INFO] user login
2025-06-19 15:51:31 - [INFO] config updated
2025-06-19 15:54:29 - [INFO] backup completed
2025-06-19 16:00:22 - [WARNING] Suspicious activity detected: malware
2025-06-19 16:03:52 - [INFO] config updated
2025-06-19 16:07:22 - [INFO] system check passed
2025-06-19 16:13:20 - [INFO] user login
2025-06-19 16:24:47 - [INFO] file uploaded
2025-06-19 16:30:49 - [INFO] backup completed
2025-06-19 16:34:45 - [INFO] backup completed
2025-06-19 16:39:29 - [INFO] email sent
2025-06-19 16:43:34 - [INFO] file downloaded
2025-06-19 16:45:17 - [INFO] backup completed
2025-06-19 16:45:48 - [INFO] system check passed
2025-06-19 16:51:14 - [INFO] file uploaded
2025-06-19 16:52:45 - [INFO] file downloaded
2025-06-19 16:53:46 - [WARNING] Suspicious activity detected: unauthorized_access
2025-06-19 16:55:37 - [INFO] config updated
2025-06-19 17:14:18 - [INFO] system check passed
2025-06-19 17:17:39 - [INFO] file uploaded
2025-06-19 17:18:19 - [INFO] file downloaded
2025-06-19 17:40:06 - [WARNING] Suspicious activity detected: ip_blocked
2025-06-19 17:42:07 - [WARNING] Suspicious activity detected: brute_force
2025-06-19 17:42:15 - [INFO] user login
2025-06-19 17:43:15 - [INFO] file downloaded
2025-06-19 17:54:43 - [INFO] file downloaded
2025-06-19 18:23:17 - [INFO] file uploaded
2025-06-19 18:25:21 - [INFO] backup completed
2025-06-19 18:32:27 - [INFO] system check passed
2025-06-19 18:35:51 - [INFO] email sent
2025-06-19 18:48:19 - [INFO] system check passed
2025-06-19 18:54:22 - [INFO] config updated
2025-06-19 18:59:54 - [INFO] config updated
2025-06-19 19:05:50 - [WARNING] Suspicious activity detected: ip_blocked
2025-06-19 19:13:07 - [INFO] user login
2025-06-19 19:13:09 - [INFO] user login
2025-06-19 19:28:26 - [INFO] system check passed
2025-06-19 19:29:39 - [INFO] backup completed
2025-06-19 19:32:27 - [INFO] user login
2025-06-19 19:33:23 - [INFO] user login
2025-06-19 19:39:42 - [INFO] system check passed
2025-06-19 19:40:10 - [INFO] email sent
2025-06-19 19:41:01 - [WARNING] Suspicious activity detected: ip_blocked
2025-06-19 19:44:19 - [WARNING] Suspicious activity detected: ip_blocked
2025-06-19 19:57:01 - [INFO] file downloaded
2025-06-19 20:05:13 - [INFO] file uploaded
2025-06-19 20:08:59 - [INFO] file downloaded
2025-06-19 20:11:03 - [INFO] backup completed
2025-06-19 20:17:23 - [INFO] file uploaded
2025-06-19 20:23:38 - [WARNING] Suspicious activity detected: sql_injection
2025-06-19 21:00:15 - [WARNING] Suspicious activity detected: ip_blocked
2025-06-19 21:01:04 - [INFO] system check passed
2025-06-19 21:08:24 - [INFO] backup completed
2025-06-19 21:10:20 - [INFO] file uploaded
2025-06-19 21:15:07 - [INFO] config updated
2025-06-19 21:21:57 - [INFO] config updated
2025-06-19 21:22:44 - [INFO] backup completed
2025-06-19 21:24:27 - [INFO] backup completed
2025-06-19 21:25:08 - [WARNING] Suspicious activity detected: ddos
2025-06-19 21:27:34 - [INFO] file uploaded
2025-06-19 21:39:45 - [INFO] file downloaded
2025-06-19 21:47:53 - [INFO] file downloaded
2025-06-19 21:52:00 - [INFO] config updated
2025-06-19 21:55:03 - [INFO] file uploaded
2025-06-19 21:58:43 - [INFO] config updated
2025-06-19 22:00:32 - [INFO] config updated
2025-06-19 22:06:35 - [WARNING] Suspicious activity detected: port_scan
2025-06-19 22:07:50 - [INFO] file uploaded
2025-06-19 22:10:23 - [INFO] backup completed
2025-06-19 22:18:50 - [WARNING] Suspicious activity detected: sql_injection
2025-06-19 22:30:49 - [INFO] system check passed
2025-06-19 22:34:41 - [INFO] config updated
2025-06-19 22:40:47 - [WARNING] Suspicious activity detected: port_scan
2025-06-19 22:43:56 - [INFO] user login
2025-06-19 22:51:32 - [INFO] email sent
2025-06-19 22:54:47 - [INFO] email sent
2025-06-19 23:02:15 - [INFO] file downloaded
2025-06-19 23:05:21 - [INFO] email sent
2025-06-19 23:11:27 - [WARNING] Suspicious activity detected: port_scan
2025-06-19 23:19:48 - [INFO] system check passed
2025-06-19 23:38:26 - [INFO] user login
2025-06-19 23:40:31 - [INFO] user login
2025-06-19 23:54:14 - [INFO] file uploaded