2025-02-14 00:03:54 - [INFO] file downloaded
2025-02-14 00:06:17 - [INFO] system check passed
2025-02-14 00:06:55 - [WARNING] Suspicious activity detected: unauthorized_access
2025-02-14 00:08:19 - [INFO] email sent
2025-02-14 00:13:25 - [INFO] backup completed
2025-02-14 00:24:14 - [INFO] backup completed
2025-02-14 00:25:26 - [WARNING] Suspicious activity detected: intrusion
2025-02-14 00:30:26 - [INFO] file uploaded
2025-02-14 00:34:17 - [INFO] email sent
2025-02-14 00:50:59 - [INFO] email sent
2025-02-14 00:52:24 - [INFO] system check passed
2025-02-14 00:57:19 - [INFO] user login
2025-02-14 01:02:20 - [WARNING] Suspicious activity detected: ddos
2025-02-14 01:04:16 - [INFO] system check passed
2025-02-14 01:06:20 - [WARNING] Suspicious activity detected: port_scan
2025-02-14 01:09:33 - [INFO] system check passed
2025-02-14 01:23:24 - [WARNING] Suspicious activity detected: sql_injection
2025-02-14 01:38:48 - [INFO] email sent
2025-02-14 02:00:08 - [INFO] config updated
2025-02-14 02:02:58 - [INFO] config updated
2025-02-14 02:06:25 - [INFO] user login
2025-02-14 02:07:48 - [WARNING] Suspicious activity detected: ddos
2025-02-14 02:10:41 - [WARNING] Suspicious activity detected: intrusion
2025-02-14 02:12:14 - [INFO] file uploaded
2025-02-14 02:18:05 - [INFO] user login
2025-02-14 02:18:54 - [INFO] config updated
2025-02-14 02:29:09 - [INFO] email sent
2025-02-14 02:39:21 - [INFO] backup completed
2025-02-14 02:41:32 - [INFO] config updated
2025-02-14 02:46:03 - [INFO] user login
2025-02-14 02:50:31 - [INFO] user login
2025-02-14 02:59:45 - [INFO] email sent
2025-02-14 03:02:06 - [INFO] email sent
2025-02-14 03:08:07 - [INFO] file downloaded
2025-02-14 03:10:22 - [INFO] backup completed
2025-02-14 03:13:58 - [INFO] system check passed
2025-02-14 03:14:23 - [INFO] backup completed
2025-02-14 03:18:50 - [WARNING] Suspicious activity detected: sql_injection
2025-02-14 03:22:55 - [INFO] backup completed
2025-02-14 03:31:53 - [INFO] system check passed
2025-02-14 03:37:40 - [INFO] config updated
2025-02-14 03:45:07 - [INFO] file uploaded
2025-02-14 03:56:00 - [INFO] user login
2025-02-14 03:59:41 - [INFO] file downloaded
2025-02-14 04:03:13 - [INFO] file downloaded
2025-02-14 04:07:54 - [INFO] backup completed
2025-02-14 04:10:18 - [WARNING] Suspicious activity detected: port_scan
2025-02-14 04:35:02 - [INFO] file uploaded
2025-02-14 04:35:09 - [INFO] file uploaded
2025-02-14 04:47:59 - [INFO] system check passed
2025-02-14 04:48:40 - [WARNING] Suspicious activity detected: ip_blocked
2025-02-14 04:50:48 - [INFO] system check passed
2025-02-14 04:53:34 - [INFO] email sent
2025-02-14 04:54:08 - [WARNING] Suspicious activity detected: malware
2025-02-14 05:16:37 - [WARNING] Suspicious activity detected: unauthorized_access
2025-02-14 05:18:56 - [WARNING] Suspicious activity detected: intrusion
2025-02-14 05:23:50 - [WARNING] Suspicious activity detected: ddos
2025-02-14 05:24:04 - [INFO] email sent
2025-02-14 05:28:40 - [INFO] config updated
2025-02-14 05:33:24 - [WARNING] Suspicious activity detected: port_scan
2025-02-14 05:35:09 - [INFO] file downloaded
2025-02-14 05:39:30 - [WARNING] Suspicious activity detected: ddos
2025-02-14 05:41:26 - [INFO] config updated
2025-02-14 06:04:27 - [INFO] user login
2025-02-14 06:10:15 - [WARNING] Suspicious activity detected: malware
2025-02-14 06:16:32 - [INFO] config updated
2025-02-14 06:19:11 - [WARNING] Suspicious activity detected: unauthorized_access
2025-02-14 06:21:03 - [INFO] email sent
2025-02-14 06:21:14 - [INFO] system check passed
2025-02-14 06:22:38 - [INFO] system check passed
2025-02-14 06:23:23 - [INFO] backup completed
2025-02-14 06:32:46 - [INFO] user login
2025-02-14 06:38:06 - [INFO] email sent
2025-02-14 06:47:40 - [WARNING] Suspicious activity detected: ddos
2025-02-14 06:56:08 - [INFO] backup completed
2025-02-14 06:56:58 - [WARNING] Suspicious activity detected: unauthorized_access
2025-02-14 07:01:31 - [WARNING] Suspicious activity detected: ddos
2025-02-14 07:03:01 - [INFO] file downloaded
2025-02-14 07:25:54 - [WARNING] Suspicious activity detected: ip_blocked
2025-02-14 07:27:48 - [WARNING] Suspicious activity detected: intrusion
2025-02-14 07:36:06 - [WARNING] Suspicious activity detected: ddos
2025-02-14 07:41:11 - [WARNING] Suspicious activity detected: ip_blocked
2025-02-14 07:42:36 - [WARNING] Suspicious activity detected: brute_force
2025-02-14 08:02:50 - [INFO] config updated
2025-02-14 08:05:02 - [INFO] config updated
2025-02-14 08:07:53 - [INFO] file uploaded
2025-02-14 08:17:13 - [INFO] email sent
2025-02-14 08:20:47 - [WARNING] Suspicious activity detected: sql_injection
2025-02-14 08:24:55 - [INFO] user login
2025-02-14 08:34:19 - [WARNING] Suspicious activity detected: ddos
2025-02-14 08:34:50 - [INFO] user login
2025-02-14 08:42:36 - [WARNING] Suspicious activity detected: ip_blocked
2025-02-14 08:46:37 - [INFO] user login
2025-02-14 08:51:48 - [INFO] user login
2025-02-14 08:53:09 - [INFO] config updated
2025-02-14 08:59:48 - [WARNING] Suspicious activity detected: unauthorized_access
2025-02-14 09:02:52 - [INFO] system check passed
2025-02-14 09:06:21 - [WARNING] Suspicious activity detected: intrusion
2025-02-14 09:07:40 - [INFO] config updated
2025-02-14 09:30:35 - [INFO] email sent
2025-02-14 09:32:36 - [INFO] system check passed
2025-02-14 09:37:41 - [INFO] config updated
2025-02-14 09:49:51 - [WARNING] Suspicious activity detected: malware
2025-02-14 09:50:49 - [INFO] email sent
2025-02-14 09:55:27 - [INFO] file uploaded
2025-02-14 09:56:03 - [INFO] user login
2025-02-14 09:59:54 - [INFO] backup completed
2025-02-14 10:10:20 - [INFO] file uploaded
2025-02-14 10:12:20 - [INFO] backup completed
2025-02-14 10:13:35 - [WARNING] Suspicious activity detected: unauthorized_access
2025-02-14 10:17:13 - [WARNING] Suspicious activity detected: malware
2025-02-14 10:19:35 - [INFO] file downloaded
2025-02-14 10:41:44 - [WARNING] Suspicious activity detected: ip_blocked
2025-02-14 10:44:11 - [WARNING] Suspicious activity detected: unauthorized_access
2025-02-14 10:53:55 - [WARNING] Suspicious activity detected: unauthorized_access
2025-02-14 10:55:09 - [INFO] system check passed
2025-02-14 11:18:31 - [INFO] config updated
2025-02-14 11:25:23 - [INFO] user login
2025-02-14 11:25:53 - [WARNING] Suspicious activity detected: port_scan
2025-02-14 11:27:24 - [INFO] system check passed
2025-02-14 11:31:58 - [INFO] system check passed
2025-02-14 11:42:01 - [INFO] backup completed
2025-02-14 11:42:58 - [INFO] email sent
2025-02-14 11:48:25 - [INFO] file uploaded
2025-02-14 12:03:05 - [INFO] file downloaded
2025-02-14 12:08:48 - [INFO] config updated
2025-02-14 12:11:20 - [INFO] config updated
2025-02-14 12:23:52 - [WARNING] Suspicious activity detected: ip_blocked
2025-02-14 12:45:18 - [INFO] system check passed
2025-02-14 12:50:12 - [INFO] system check passed
2025-02-14 12:53:44 - [INFO] file downloaded
2025-02-14 12:57:50 - [WARNING] Suspicious activity detected: ddos
2025-02-14 12:58:34 - [INFO] user login
2025-02-14 13:06:22 - [WARNING] Suspicious activity detected: ddos
2025-02-14 13:12:17 - [WARNING] Suspicious activity detected: sql_injection
2025-02-14 13:19:06 - [WARNING] Suspicious activity detected: malware
2025-02-14 13:31:38 - [INFO] file uploaded
2025-02-14 13:35:21 - [WARNING] Suspicious activity detected: unauthorized_access
2025-02-14 13:46:20 - [WARNING] Suspicious activity detected: ddos
2025-02-14 13:50:06 - [WARNING] Suspicious activity detected: unauthorized_access
2025-02-14 13:54:26 - [INFO] user login
2025-02-14 13:57:15 - [WARNING] Suspicious activity detected: ddos
2025-02-14 14:05:39 - [INFO] email sent
2025-02-14 14:18:46 - [INFO] config updated
2025-02-14 14:43:01 - [INFO] email sent
2025-02-14 14:59:09 - [INFO] file uploaded
2025-02-14 15:01:42 - [INFO] user login
2025-02-14 15:06:54 - [INFO] config updated
2025-02-14 15:08:24 - [WARNING] Suspicious activity detected: brute_force
2025-02-14 15:08:34 - [INFO] file uploaded
2025-02-14 15:19:39 - [INFO] user login
2025-02-14 15:44:10 - [INFO] backup completed
2025-02-14 15:48:57 - [WARNING] Suspicious activity detected: unauthorized_access
2025-02-14 15:50:23 - [WARNING] Suspicious activity detected: ddos
2025-02-14 15:59:37 - [WARNING] Suspicious activity detected: sql_injection
2025-02-14 15:59:44 - [INFO] user login
2025-02-14 16:15:01 - [INFO] file uploaded
2025-02-14 16:18:56 - [INFO] file uploaded
2025-02-14 16:23:31 - [INFO] email sent
2025-02-14 16:28:49 - [INFO] backup completed
2025-02-14 16:35:51 - [INFO] config updated
2025-02-14 17:01:54 - [INFO] user login
2025-02-14 17:16:52 - [INFO] file downloaded
2025-02-14 17:17:28 - [INFO] system check passed
2025-02-14 17:38:03 - [INFO] config updated
2025-02-14 17:51:44 - [INFO] file downloaded
2025-02-14 17:57:08 - [INFO] email sent
2025-02-14 17:57:45 - [INFO] user login
2025-02-14 17:59:39 - [INFO] file uploaded
2025-02-14 18:01:07 - [INFO] email sent
2025-02-14 18:08:11 - [WARNING] Suspicious activity detected: sql_injection
2025-02-14 18:16:32 - [INFO] backup completed
2025-02-14 18:18:10 - [INFO] file uploaded
2025-02-14 18:30:37 - [WARNING] Suspicious activity detected: ddos
2025-02-14 18:34:38 - [INFO] config updated
2025-02-14 18:40:57 - [INFO] file downloaded
2025-02-14 18:42:42 - [INFO] user login
2025-02-14 18:53:40 - [INFO] file uploaded
2025-02-14 18:54:04 - [WARNING] Suspicious activity detected: malware
2025-02-14 19:02:15 - [INFO] file downloaded
2025-02-14 19:04:15 - [INFO] system check passed
2025-02-14 19:13:27 - [INFO] email sent
2025-02-14 19:17:33 - [INFO] system check passed
2025-02-14 19:18:58 - [INFO] backup completed
2025-02-14 19:19:02 - [INFO] user login
2025-02-14 19:27:52 - [INFO] email sent
2025-02-14 19:28:27 - [WARNING] Suspicious activity detected: brute_force
2025-02-14 19:38:48 - [WARNING] Suspicious activity detected: port_scan
2025-02-14 19:42:27 - [INFO] config updated
2025-02-14 20:01:06 - [WARNING] Suspicious activity detected: brute_force
2025-02-14 20:09:07 - [INFO] file downloaded
2025-02-14 20:19:20 - [INFO] file uploaded
2025-02-14 20:26:55 - [INFO] file uploaded
2025-02-14 20:31:47 - [INFO] file downloaded
2025-02-14 20:32:03 - [WARNING] Suspicious activity detected: unauthorized_access
2025-02-14 20:33:37 - [INFO] file uploaded
2025-02-14 20:42:30 - [WARNING] Suspicious activity detected: ddos
2025-02-14 20:44:59 - [WARNING] Suspicious activity detected: unauthorized_access
2025-02-14 20:52:26 - [INFO] email sent
2025-02-14 20:57:59 - [INFO] file uploaded
2025-02-14 21:05:42 - [INFO] user login
2025-02-14 21:10:08 - [INFO] file uploaded
2025-02-14 21:18:21 - [WARNING] Suspicious activity detected: sql_injection
2025-02-14 21:23:31 - [INFO] system check passed
2025-02-14 21:24:07 - [INFO] backup completed
2025-02-14 21:26:53 - [INFO] email sent
2025-02-14 21:32:05 - [WARNING] Suspicious activity detected: port_scan
2025-02-14 21:51:13 - [INFO] config updated
2025-02-14 21:55:00 - [INFO] file uploaded
2025-02-14 21:56:35 - [INFO] file uploaded
2025-02-14 22:01:43 - [WARNING] Suspicious activity detected: ip_blocked
2025-02-14 22:06:37 - [INFO] config updated
2025-02-14 22:15:05 - [INFO] file downloaded
2025-02-14 22:15:36 - [INFO] system check passed
2025-02-14 22:21:15 - [INFO] file downloaded
2025-02-14 22:29:05 - [WARNING] Suspicious activity detected: brute_force
2025-02-14 22:30:36 - [INFO] config updated
2025-02-14 23:03:46 - [WARNING] Suspicious activity detected: ip_blocked
2025-02-14 23:04:56 - [INFO] system check passed
2025-02-14 23:15:09 - [WARNING] Suspicious activity detected: malware
2025-02-14 23:17:36 - [INFO] file uploaded
2025-02-14 23:21:27 - [INFO] email sent
2025-02-14 23:33:09 - [WARNING] Suspicious activity detected: sql_injection
2025-02-14 23:34:09 - [WARNING] Suspicious activity detected: malware