2025-04-26 00:18:19 - [INFO] email sent
2025-04-26 00:36:17 - [INFO] file downloaded
2025-04-26 00:40:41 - [INFO] config updated
2025-04-26 00:45:59 - [WARNING] Suspicious activity detected: unauthorized_access
2025-04-26 00:52:44 - [WARNING] Suspicious activity detected: port_scan
2025-04-26 00:54:00 - [INFO] user login
2025-04-26 01:03:03 - [INFO] file uploaded
2025-04-26 01:07:23 - [WARNING] Suspicious activity detected: port_scan
2025-04-26 01:29:39 - [WARNING] Suspicious activity detected: brute_force
2025-04-26 01:30:52 - [INFO] email sent
2025-04-26 01:46:59 - [INFO] email sent
2025-04-26 01:58:17 - [INFO] file downloaded
2025-04-26 01:59:21 - [WARNING] Suspicious activity detected: brute_force
2025-04-26 02:02:32 - [INFO] user login
2025-04-26 02:04:32 - [INFO] file uploaded
2025-04-26 02:15:59 - [WARNING] Suspicious activity detected: malware
2025-04-26 02:18:56 - [WARNING] Suspicious activity detected: port_scan
2025-04-26 02:19:51 - [INFO] email sent
2025-04-26 02:26:21 - [INFO] file downloaded
2025-04-26 02:36:43 - [INFO] backup completed
2025-04-26 02:39:23 - [WARNING] Suspicious activity detected: intrusion
2025-04-26 02:42:52 - [INFO] backup completed
2025-04-26 02:49:27 - [WARNING] Suspicious activity detected: ip_blocked
2025-04-26 02:53:48 - [INFO] file downloaded
2025-04-26 02:57:47 - [WARNING] Suspicious activity detected: ddos
2025-04-26 03:06:20 - [WARNING] Suspicious activity detected: ip_blocked
2025-04-26 03:07:02 - [INFO] file downloaded
2025-04-26 03:09:07 - [INFO] email sent
2025-04-26 03:14:59 - [WARNING] Suspicious activity detected: brute_force
2025-04-26 03:19:15 - [INFO] email sent
2025-04-26 03:44:41 - [INFO] backup completed
2025-04-26 03:56:50 - [INFO] file downloaded
2025-04-26 04:05:52 - [INFO] config updated
2025-04-26 04:06:30 - [INFO] system check passed
2025-04-26 04:14:37 - [INFO] email sent
2025-04-26 04:22:25 - [INFO] email sent
2025-04-26 04:25:22 - [INFO] backup completed
2025-04-26 04:26:46 - [WARNING] Suspicious activity detected: sql_injection
2025-04-26 04:35:27 - [INFO] user login
2025-04-26 04:47:58 - [INFO] user login
2025-04-26 05:09:18 - [WARNING] Suspicious activity detected: port_scan
2025-04-26 05:16:01 - [INFO] backup completed
2025-04-26 05:35:46 - [WARNING] Suspicious activity detected: malware
2025-04-26 05:43:56 - [INFO] backup completed
2025-04-26 05:52:53 - [INFO] file downloaded
2025-04-26 06:09:29 - [INFO] email sent
2025-04-26 06:16:20 - [WARNING] Suspicious activity detected: brute_force
2025-04-26 06:47:09 - [WARNING] Suspicious activity detected: malware
2025-04-26 07:05:06 - [INFO] user login
2025-04-26 07:09:04 - [INFO] system check passed
2025-04-26 07:28:30 - [INFO] email sent
2025-04-26 07:28:37 - [INFO] user login
2025-04-26 07:30:33 - [INFO] user login
2025-04-26 07:34:13 - [WARNING] Suspicious activity detected: unauthorized_access
2025-04-26 07:49:53 - [INFO] config updated
2025-04-26 07:51:18 - [WARNING] Suspicious activity detected: unauthorized_access
2025-04-26 08:09:23 - [INFO] file uploaded
2025-04-26 08:12:58 - [WARNING] Suspicious activity detected: ddos
2025-04-26 08:16:20 - [INFO] backup completed
2025-04-26 08:21:00 - [WARNING] Suspicious activity detected: brute_force
2025-04-26 08:38:41 - [WARNING] Suspicious activity detected: brute_force
2025-04-26 08:42:16 - [WARNING] Suspicious activity detected: brute_force
2025-04-26 08:42:47 - [WARNING] Suspicious activity detected: intrusion
2025-04-26 08:51:08 - [INFO] user login
2025-04-26 08:52:51 - [WARNING] Suspicious activity detected: malware
2025-04-26 08:53:56 - [INFO] email sent
2025-04-26 08:55:22 - [INFO] config updated
2025-04-26 09:36:17 - [INFO] user login
2025-04-26 09:43:49 - [INFO] backup completed
2025-04-26 09:53:06 - [INFO] email sent
2025-04-26 10:04:56 - [INFO] user login
2025-04-26 10:13:19 - [INFO] config updated
2025-04-26 10:14:06 - [WARNING] Suspicious activity detected: intrusion
2025-04-26 10:29:54 - [WARNING] Suspicious activity detected: malware
2025-04-26 10:36:06 - [WARNING] Suspicious activity detected: sql_injection
2025-04-26 10:40:11 - [WARNING] Suspicious activity detected: intrusion
2025-04-26 11:06:05 - [WARNING] Suspicious activity detected: ddos
2025-04-26 11:42:04 - [INFO] config updated
2025-04-26 11:51:08 - [WARNING] Suspicious activity detected: sql_injection
2025-04-26 11:56:17 - [INFO] system check passed
2025-04-26 12:01:23 - [INFO] backup completed
2025-04-26 12:23:34 - [WARNING] Suspicious activity detected: ddos
2025-04-26 12:24:01 - [INFO] backup completed
2025-04-26 12:34:20 - [INFO] config updated
2025-04-26 12:48:00 - [WARNING] Suspicious activity detected: unauthorized_access
2025-04-26 12:51:29 - [WARNING] Suspicious activity detected: brute_force
2025-04-26 12:54:49 - [INFO] backup completed
2025-04-26 12:59:13 - [INFO] user login
2025-04-26 13:06:22 - [WARNING] Suspicious activity detected: ip_blocked
2025-04-26 13:11:38 - [INFO] email sent
2025-04-26 13:37:45 - [INFO] email sent
2025-04-26 13:46:42 - [INFO] config updated
2025-04-26 13:51:55 - [INFO] config updated
2025-04-26 13:55:54 - [INFO] email sent
2025-04-26 14:00:32 - [INFO] config updated
2025-04-26 14:03:38 - [WARNING] Suspicious activity detected: ddos
2025-04-26 14:10:10 - [INFO] file uploaded
2025-04-26 14:26:53 - [INFO] system check passed
2025-04-26 14:35:51 - [WARNING] Suspicious activity detected: sql_injection
2025-04-26 14:42:20 - [INFO] backup completed
2025-04-26 15:14:16 - [INFO] file uploaded
2025-04-26 15:45:15 - [INFO] file uploaded
2025-04-26 15:50:00 - [INFO] file uploaded
2025-04-26 15:53:08 - [INFO] file uploaded
2025-04-26 15:54:49 - [WARNING] Suspicious activity detected: unauthorized_access
2025-04-26 16:09:06 - [INFO] backup completed
2025-04-26 16:23:20 - [INFO] email sent
2025-04-26 16:34:20 - [WARNING] Suspicious activity detected: unauthorized_access
2025-04-26 16:36:21 - [INFO] system check passed
2025-04-26 16:36:55 - [INFO] user login
2025-04-26 16:40:54 - [WARNING] Suspicious activity detected: malware
2025-04-26 16:40:59 - [INFO] file uploaded
2025-04-26 16:41:57 - [WARNING] Suspicious activity detected: ddos
2025-04-26 16:41:58 - [INFO] email sent
2025-04-26 17:01:23 - [INFO] email sent
2025-04-26 17:05:06 - [INFO] system check passed
2025-04-26 17:20:07 - [INFO] config updated
2025-04-26 17:32:34 - [INFO] config updated
2025-04-26 17:35:04 - [INFO] config updated
2025-04-26 17:36:27 - [WARNING] Suspicious activity detected: brute_force
2025-04-26 17:40:30 - [INFO] file uploaded
2025-04-26 17:42:40 - [INFO] config updated
2025-04-26 17:45:38 - [INFO] system check passed
2025-04-26 17:49:22 - [INFO] email sent
2025-04-26 18:14:13 - [INFO] file downloaded
2025-04-26 18:14:22 - [INFO] file downloaded
2025-04-26 18:42:37 - [WARNING] Suspicious activity detected: unauthorized_access
2025-04-26 18:46:43 - [INFO] file uploaded
2025-04-26 18:58:23 - [INFO] file downloaded
2025-04-26 19:13:00 - [WARNING] Suspicious activity detected: intrusion
2025-04-26 19:17:20 - [WARNING] Suspicious activity detected: unauthorized_access
2025-04-26 19:22:12 - [WARNING] Suspicious activity detected: port_scan
2025-04-26 19:30:03 - [WARNING] Suspicious activity detected: unauthorized_access
2025-04-26 19:38:50 - [INFO] backup completed
2025-04-26 19:52:53 - [INFO] system check passed
2025-04-26 20:01:50 - [WARNING] Suspicious activity detected: sql_injection
2025-04-26 20:11:43 - [WARNING] Suspicious activity detected: ip_blocked
2025-04-26 20:15:38 - [WARNING] Suspicious activity detected: malware
2025-04-26 20:17:17 - [INFO] config updated
2025-04-26 20:18:57 - [INFO] user login
2025-04-26 20:21:11 - [WARNING] Suspicious activity detected: malware
2025-04-26 20:24:52 - [INFO] file downloaded
2025-04-26 20:26:19 - [INFO] config updated
2025-04-26 20:43:53 - [WARNING] Suspicious activity detected: port_scan
2025-04-26 20:44:35 - [WARNING] Suspicious activity detected: malware
2025-04-26 20:49:44 - [INFO] file uploaded
2025-04-26 20:51:16 - [INFO] file uploaded
2025-04-26 21:01:31 - [INFO] file downloaded
2025-04-26 21:02:20 - [INFO] config updated
2025-04-26 21:02:41 - [INFO] config updated
2025-04-26 21:18:18 - [INFO] email sent
2025-04-26 21:18:46 - [WARNING] Suspicious activity detected: malware
2025-04-26 21:29:49 - [INFO] user login
2025-04-26 21:38:46 - [INFO] user login
2025-04-26 21:48:32 - [INFO] user login
2025-04-26 21:51:59 - [WARNING] Suspicious activity detected: intrusion
2025-04-26 21:55:35 - [WARNING] Suspicious activity detected: brute_force
2025-04-26 21:57:24 - [INFO] system check passed
2025-04-26 22:26:18 - [WARNING] Suspicious activity detected: brute_force
2025-04-26 22:28:58 - [INFO] email sent
2025-04-26 22:30:42 - [WARNING] Suspicious activity detected: port_scan
2025-04-26 22:42:25 - [INFO] system check passed
2025-04-26 22:51:12 - [INFO] backup completed
2025-04-26 22:53:34 - [INFO] backup completed
2025-04-26 22:54:04 - [INFO] system check passed
2025-04-26 23:14:12 - [INFO] config updated
2025-04-26 23:43:43 - [INFO] backup completed
2025-04-26 23:48:03 - [INFO] email sent
2025-04-26 23:48:24 - [INFO] backup completed
2025-04-26 23:51:10 - [WARNING] Suspicious activity detected: ddos
2025-04-26 23:52:57 - [INFO] backup completed