2025-05-10 00:00:33 - [WARNING] Suspicious activity detected: port_scan
2025-05-10 00:06:57 - [INFO] system check passed
2025-05-10 00:11:52 - [INFO] file uploaded
2025-05-10 00:18:10 - [INFO] config updated
2025-05-10 00:18:30 - [WARNING] Suspicious activity detected: ip_blocked
2025-05-10 00:23:36 - [INFO] file uploaded
2025-05-10 00:24:22 - [INFO] email sent
2025-05-10 00:37:37 - [INFO] email sent
2025-05-10 00:39:51 - [INFO] backup completed
2025-05-10 00:42:57 - [WARNING] Suspicious activity detected: intrusion
2025-05-10 00:50:49 - [INFO] email sent
2025-05-10 00:57:17 - [INFO] config updated
2025-05-10 00:59:39 - [WARNING] Suspicious activity detected: port_scan
2025-05-10 01:15:55 - [INFO] backup completed
2025-05-10 01:25:09 - [WARNING] Suspicious activity detected: ip_blocked
2025-05-10 01:28:13 - [INFO] backup completed
2025-05-10 01:30:28 - [WARNING] Suspicious activity detected: intrusion
2025-05-10 01:34:30 - [INFO] system check passed
2025-05-10 01:39:38 - [WARNING] Suspicious activity detected: ddos
2025-05-10 01:39:51 - [INFO] backup completed
2025-05-10 02:02:05 - [WARNING] Suspicious activity detected: brute_force
2025-05-10 02:05:29 - [INFO] system check passed
2025-05-10 02:09:00 - [WARNING] Suspicious activity detected: intrusion
2025-05-10 02:09:07 - [INFO] config updated
2025-05-10 02:10:30 - [WARNING] Suspicious activity detected: ip_blocked
2025-05-10 02:17:57 - [WARNING] Suspicious activity detected: malware
2025-05-10 02:23:59 - [INFO] file uploaded
2025-05-10 02:24:04 - [INFO] file uploaded
2025-05-10 02:28:49 - [INFO] user login
2025-05-10 02:29:42 - [INFO] file uploaded
2025-05-10 02:29:57 - [WARNING] Suspicious activity detected: unauthorized_access
2025-05-10 02:38:24 - [WARNING] Suspicious activity detected: sql_injection
2025-05-10 02:44:50 - [INFO] config updated
2025-05-10 02:53:03 - [WARNING] Suspicious activity detected: ip_blocked
2025-05-10 03:03:21 - [WARNING] Suspicious activity detected: port_scan
2025-05-10 03:08:50 - [WARNING] Suspicious activity detected: brute_force
2025-05-10 03:10:14 - [INFO] system check passed
2025-05-10 03:19:12 - [INFO] config updated
2025-05-10 03:34:57 - [INFO] user login
2025-05-10 03:41:09 - [INFO] user login
2025-05-10 03:50:25 - [INFO] user login
2025-05-10 04:05:10 - [WARNING] Suspicious activity detected: malware
2025-05-10 04:08:55 - [INFO] config updated
2025-05-10 04:10:56 - [INFO] file uploaded
2025-05-10 04:16:09 - [WARNING] Suspicious activity detected: unauthorized_access
2025-05-10 04:26:31 - [INFO] file uploaded
2025-05-10 04:28:06 - [INFO] email sent
2025-05-10 04:33:35 - [INFO] file uploaded
2025-05-10 04:41:20 - [INFO] system check passed
2025-05-10 04:42:47 - [WARNING] Suspicious activity detected: unauthorized_access
2025-05-10 05:01:54 - [WARNING] Suspicious activity detected: sql_injection
2025-05-10 05:09:33 - [INFO] user login
2025-05-10 05:09:51 - [WARNING] Suspicious activity detected: brute_force
2025-05-10 05:25:27 - [INFO] email sent
2025-05-10 05:25:28 - [INFO] file downloaded
2025-05-10 05:29:48 - [WARNING] Suspicious activity detected: sql_injection
2025-05-10 05:56:20 - [INFO] file uploaded
2025-05-10 06:07:02 - [WARNING] Suspicious activity detected: intrusion
2025-05-10 06:07:04 - [WARNING] Suspicious activity detected: port_scan
2025-05-10 06:11:41 - [INFO] system check passed
2025-05-10 06:12:35 - [INFO] user login
2025-05-10 06:18:26 - [INFO] system check passed
2025-05-10 06:19:54 - [INFO] user login
2025-05-10 06:20:24 - [WARNING] Suspicious activity detected: sql_injection
2025-05-10 06:25:07 - [INFO] user login
2025-05-10 06:32:55 - [WARNING] Suspicious activity detected: malware
2025-05-10 06:33:38 - [WARNING] Suspicious activity detected: ddos
2025-05-10 06:41:23 - [WARNING] Suspicious activity detected: ddos
2025-05-10 06:46:31 - [INFO] system check passed
2025-05-10 07:06:15 - [INFO] file downloaded
2025-05-10 07:06:34 - [WARNING] Suspicious activity detected: sql_injection
2025-05-10 07:10:42 - [WARNING] Suspicious activity detected: port_scan
2025-05-10 07:14:17 - [WARNING] Suspicious activity detected: brute_force
2025-05-10 07:20:18 - [WARNING] Suspicious activity detected: unauthorized_access
2025-05-10 07:28:52 - [INFO] config updated
2025-05-10 07:36:26 - [WARNING] Suspicious activity detected: malware
2025-05-10 07:36:57 - [INFO] file downloaded
2025-05-10 07:40:24 - [INFO] file downloaded
2025-05-10 07:44:45 - [INFO] file downloaded
2025-05-10 07:58:33 - [INFO] backup completed
2025-05-10 08:05:23 - [INFO] backup completed
2025-05-10 08:06:59 - [WARNING] Suspicious activity detected: port_scan
2025-05-10 08:24:31 - [INFO] config updated
2025-05-10 08:42:34 - [INFO] system check passed
2025-05-10 08:50:29 - [INFO] file downloaded
2025-05-10 09:06:44 - [INFO] backup completed
2025-05-10 09:07:47 - [WARNING] Suspicious activity detected: brute_force
2025-05-10 09:19:19 - [INFO] email sent
2025-05-10 09:22:12 - [WARNING] Suspicious activity detected: ddos
2025-05-10 09:24:39 - [WARNING] Suspicious activity detected: brute_force
2025-05-10 09:27:43 - [INFO] backup completed
2025-05-10 09:39:16 - [INFO] config updated
2025-05-10 09:42:43 - [WARNING] Suspicious activity detected: port_scan
2025-05-10 10:05:36 - [INFO] system check passed
2025-05-10 10:10:15 - [INFO] backup completed
2025-05-10 10:10:57 - [WARNING] Suspicious activity detected: ip_blocked
2025-05-10 10:21:34 - [WARNING] Suspicious activity detected: malware
2025-05-10 10:38:55 - [INFO] backup completed
2025-05-10 10:43:54 - [INFO] file uploaded
2025-05-10 10:58:40 - [INFO] file uploaded
2025-05-10 11:08:24 - [WARNING] Suspicious activity detected: sql_injection
2025-05-10 11:09:02 - [INFO] user login
2025-05-10 11:12:21 - [WARNING] Suspicious activity detected: sql_injection
2025-05-10 11:15:41 - [INFO] user login
2025-05-10 11:21:19 - [WARNING] Suspicious activity detected: unauthorized_access
2025-05-10 11:24:13 - [INFO] config updated
2025-05-10 11:34:15 - [WARNING] Suspicious activity detected: ip_blocked
2025-05-10 12:01:12 - [WARNING] Suspicious activity detected: port_scan
2025-05-10 12:06:06 - [WARNING] Suspicious activity detected: brute_force
2025-05-10 12:07:16 - [INFO] file downloaded
2025-05-10 12:12:34 - [WARNING] Suspicious activity detected: unauthorized_access
2025-05-10 12:15:04 - [WARNING] Suspicious activity detected: intrusion
2025-05-10 12:17:55 - [INFO] email sent
2025-05-10 12:19:18 - [INFO] file uploaded
2025-05-10 12:22:56 - [INFO] file uploaded
2025-05-10 12:29:59 - [INFO] backup completed
2025-05-10 12:34:33 - [WARNING] Suspicious activity detected: brute_force
2025-05-10 12:49:51 - [WARNING] Suspicious activity detected: unauthorized_access
2025-05-10 12:52:14 - [WARNING] Suspicious activity detected: brute_force
2025-05-10 12:54:57 - [WARNING] Suspicious activity detected: ddos
2025-05-10 12:58:58 - [INFO] system check passed
2025-05-10 13:13:13 - [WARNING] Suspicious activity detected: port_scan
2025-05-10 13:22:09 - [WARNING] Suspicious activity detected: port_scan
2025-05-10 13:23:02 - [INFO] backup completed
2025-05-10 13:25:32 - [INFO] user login
2025-05-10 13:32:30 - [WARNING] Suspicious activity detected: unauthorized_access
2025-05-10 13:34:34 - [INFO] config updated
2025-05-10 13:36:44 - [INFO] system check passed
2025-05-10 13:40:59 - [INFO] user login
2025-05-10 13:45:44 - [WARNING] Suspicious activity detected: intrusion
2025-05-10 13:46:26 - [WARNING] Suspicious activity detected: intrusion
2025-05-10 14:10:11 - [WARNING] Suspicious activity detected: port_scan
2025-05-10 14:14:58 - [INFO] file downloaded
2025-05-10 14:17:08 - [WARNING] Suspicious activity detected: unauthorized_access
2025-05-10 14:22:51 - [INFO] file uploaded
2025-05-10 14:25:52 - [WARNING] Suspicious activity detected: brute_force
2025-05-10 14:26:07 - [WARNING] Suspicious activity detected: port_scan
2025-05-10 14:31:09 - [INFO] email sent
2025-05-10 14:33:24 - [WARNING] Suspicious activity detected: ip_blocked
2025-05-10 14:35:01 - [WARNING] Suspicious activity detected: brute_force
2025-05-10 14:44:38 - [WARNING] Suspicious activity detected: ip_blocked
2025-05-10 14:45:04 - [INFO] file uploaded
2025-05-10 14:52:04 - [INFO] config updated
2025-05-10 14:59:33 - [INFO] system check passed
2025-05-10 15:08:27 - [INFO] backup completed
2025-05-10 15:26:45 - [WARNING] Suspicious activity detected: ip_blocked
2025-05-10 15:35:53 - [INFO] system check passed
2025-05-10 15:46:10 - [INFO] file uploaded
2025-05-10 15:48:19 - [INFO] email sent
2025-05-10 15:52:53 - [WARNING] Suspicious activity detected: brute_force
2025-05-10 15:53:19 - [INFO] email sent
2025-05-10 15:55:45 - [WARNING] Suspicious activity detected: brute_force
2025-05-10 16:00:43 - [INFO] config updated
2025-05-10 16:04:32 - [INFO] file downloaded
2025-05-10 16:08:56 - [INFO] backup completed
2025-05-10 16:10:55 - [INFO] file uploaded
2025-05-10 16:12:03 - [WARNING] Suspicious activity detected: port_scan
2025-05-10 16:12:29 - [WARNING] Suspicious activity detected: ddos
2025-05-10 16:24:44 - [WARNING] Suspicious activity detected: port_scan
2025-05-10 16:30:35 - [WARNING] Suspicious activity detected: unauthorized_access
2025-05-10 16:34:26 - [WARNING] Suspicious activity detected: ddos
2025-05-10 16:43:21 - [INFO] system check passed
2025-05-10 17:12:36 - [WARNING] Suspicious activity detected: ip_blocked
2025-05-10 17:14:53 - [INFO] file uploaded
2025-05-10 17:19:51 - [WARNING] Suspicious activity detected: port_scan
2025-05-10 17:26:24 - [INFO] system check passed
2025-05-10 17:29:02 - [WARNING] Suspicious activity detected: ddos
2025-05-10 17:33:01 - [WARNING] Suspicious activity detected: ddos
2025-05-10 17:36:08 - [WARNING] Suspicious activity detected: intrusion
2025-05-10 17:37:16 - [INFO] file downloaded
2025-05-10 17:42:51 - [WARNING] Suspicious activity detected: malware
2025-05-10 17:47:30 - [INFO] file uploaded
2025-05-10 18:06:39 - [INFO] backup completed
2025-05-10 18:11:15 - [WARNING] Suspicious activity detected: sql_injection
2025-05-10 18:28:09 - [INFO] file downloaded
2025-05-10 18:31:16 - [INFO] file uploaded
2025-05-10 18:37:04 - [INFO] config updated
2025-05-10 18:42:48 - [WARNING] Suspicious activity detected: intrusion
2025-05-10 18:45:20 - [INFO] system check passed
2025-05-10 18:47:23 - [INFO] file uploaded
2025-05-10 18:53:20 - [WARNING] Suspicious activity detected: intrusion
2025-05-10 18:59:28 - [INFO] file downloaded
2025-05-10 19:00:07 - [INFO] file uploaded
2025-05-10 19:00:44 - [INFO] user login
2025-05-10 19:16:16 - [WARNING] Suspicious activity detected: intrusion
2025-05-10 19:32:30 - [INFO] file downloaded
2025-05-10 19:34:24 - [WARNING] Suspicious activity detected: unauthorized_access
2025-05-10 19:38:54 - [WARNING] Suspicious activity detected: ddos
2025-05-10 19:44:31 - [INFO] config updated
2025-05-10 19:45:21 - [WARNING] Suspicious activity detected: unauthorized_access
2025-05-10 19:46:23 - [INFO] config updated
2025-05-10 19:50:20 - [WARNING] Suspicious activity detected: unauthorized_access
2025-05-10 19:57:54 - [INFO] backup completed
2025-05-10 20:02:48 - [INFO] email sent
2025-05-10 20:05:27 - [INFO] config updated
2025-05-10 20:05:32 - [WARNING] Suspicious activity detected: malware
2025-05-10 20:08:49 - [INFO] system check passed
2025-05-10 20:17:42 - [INFO] config updated
2025-05-10 20:30:03 - [INFO] config updated
2025-05-10 20:36:39 - [WARNING] Suspicious activity detected: ddos
2025-05-10 20:50:34 - [INFO] system check passed
2025-05-10 20:52:19 - [WARNING] Suspicious activity detected: intrusion
2025-05-10 20:58:01 - [INFO] file downloaded
2025-05-10 21:03:48 - [INFO] user login
2025-05-10 21:12:04 - [INFO] file downloaded
2025-05-10 21:30:46 - [WARNING] Suspicious activity detected: sql_injection
2025-05-10 21:32:47 - [INFO] file downloaded
2025-05-10 21:35:29 - [WARNING] Suspicious activity detected: brute_force
2025-05-10 21:35:32 - [INFO] system check passed
2025-05-10 21:45:34 - [INFO] user login
2025-05-10 21:46:52 - [INFO] system check passed
2025-05-10 21:46:55 - [INFO] email sent
2025-05-10 21:56:13 - [INFO] user login
2025-05-10 22:02:42 - [INFO] file uploaded
2025-05-10 22:03:50 - [WARNING] Suspicious activity detected: unauthorized_access
2025-05-10 22:08:52 - [INFO] config updated
2025-05-10 22:17:07 - [WARNING] Suspicious activity detected: ip_blocked
2025-05-10 22:19:08 - [INFO] config updated
2025-05-10 22:19:41 - [INFO] config updated
2025-05-10 22:21:43 - [WARNING] Suspicious activity detected: malware
2025-05-10 22:29:44 - [WARNING] Suspicious activity detected: ddos
2025-05-10 22:33:43 - [INFO] config updated
2025-05-10 22:39:21 - [INFO] user login
2025-05-10 22:40:40 - [WARNING] Suspicious activity detected: malware
2025-05-10 22:54:33 - [INFO] system check passed
2025-05-10 22:55:15 - [INFO] email sent
2025-05-10 22:59:15 - [WARNING] Suspicious activity detected: unauthorized_access
2025-05-10 23:01:37 - [INFO] user login
2025-05-10 23:02:24 - [INFO] config updated
2025-05-10 23:03:05 - [WARNING] Suspicious activity detected: intrusion
2025-05-10 23:11:15 - [WARNING] Suspicious activity detected: sql_injection
2025-05-10 23:12:27 - [WARNING] Suspicious activity detected: intrusion
2025-05-10 23:17:55 - [WARNING] Suspicious activity detected: brute_force
2025-05-10 23:19:41 - [INFO] file uploaded
2025-05-10 23:20:26 - [WARNING] Suspicious activity detected: brute_force
2025-05-10 23:21:06 - [INFO] user login
2025-05-10 23:23:31 - [WARNING] Suspicious activity detected: sql_injection
2025-05-10 23:28:15 - [WARNING] Suspicious activity detected: sql_injection
2025-05-10 23:33:20 - [WARNING] Suspicious activity detected: unauthorized_access
2025-05-10 23:48:20 - [INFO] file downloaded
2025-05-10 23:48:32 - [INFO] system check passed
2025-05-10 23:53:55 - [INFO] file downloaded