2025-02-26 00:05:35 - [WARNING] Suspicious activity detected: port_scan
2025-02-26 00:13:58 - [INFO] file downloaded
2025-02-26 00:15:17 - [INFO] backup completed
2025-02-26 00:31:06 - [INFO] config updated
2025-02-26 00:31:46 - [INFO] system check passed
2025-02-26 00:44:26 - [INFO] file uploaded
2025-02-26 00:47:44 - [WARNING] Suspicious activity detected: sql_injection
2025-02-26 00:50:01 - [INFO] system check passed
2025-02-26 00:50:21 - [INFO] file downloaded
2025-02-26 00:51:48 - [INFO] email sent
2025-02-26 00:53:12 - [INFO] config updated
2025-02-26 00:54:05 - [INFO] user login
2025-02-26 00:55:12 - [INFO] email sent
2025-02-26 00:57:21 - [WARNING] Suspicious activity detected: ip_blocked
2025-02-26 01:05:28 - [INFO] user login
2025-02-26 01:16:44 - [INFO] file uploaded
2025-02-26 01:34:07 - [INFO] user login
2025-02-26 01:37:20 - [INFO] backup completed
2025-02-26 01:50:51 - [WARNING] Suspicious activity detected: sql_injection
2025-02-26 01:58:08 - [INFO] email sent
2025-02-26 02:05:33 - [INFO] system check passed
2025-02-26 02:05:41 - [INFO] backup completed
2025-02-26 02:08:02 - [INFO] email sent
2025-02-26 02:12:13 - [WARNING] Suspicious activity detected: unauthorized_access
2025-02-26 02:18:37 - [WARNING] Suspicious activity detected: malware
2025-02-26 02:19:53 - [WARNING] Suspicious activity detected: ip_blocked
2025-02-26 02:19:59 - [INFO] email sent
2025-02-26 02:21:33 - [INFO] system check passed
2025-02-26 02:25:41 - [WARNING] Suspicious activity detected: ip_blocked
2025-02-26 02:26:34 - [INFO] email sent
2025-02-26 02:41:28 - [INFO] file uploaded
2025-02-26 02:44:58 - [INFO] backup completed
2025-02-26 02:52:24 - [INFO] backup completed
2025-02-26 02:53:33 - [INFO] backup completed
2025-02-26 03:06:19 - [INFO] email sent
2025-02-26 03:07:26 - [INFO] user login
2025-02-26 03:13:39 - [INFO] backup completed
2025-02-26 03:13:51 - [WARNING] Suspicious activity detected: malware
2025-02-26 03:15:46 - [WARNING] Suspicious activity detected: ddos
2025-02-26 03:16:22 - [INFO] system check passed
2025-02-26 03:28:09 - [WARNING] Suspicious activity detected: ddos
2025-02-26 03:47:49 - [INFO] file downloaded
2025-02-26 03:55:04 - [WARNING] Suspicious activity detected: sql_injection
2025-02-26 03:57:36 - [INFO] email sent
2025-02-26 04:01:49 - [WARNING] Suspicious activity detected: sql_injection
2025-02-26 04:07:49 - [WARNING] Suspicious activity detected: port_scan
2025-02-26 04:15:34 - [INFO] user login
2025-02-26 04:20:19 - [WARNING] Suspicious activity detected: unauthorized_access
2025-02-26 04:30:21 - [INFO] file uploaded
2025-02-26 04:31:49 - [INFO] file uploaded
2025-02-26 04:36:45 - [WARNING] Suspicious activity detected: port_scan
2025-02-26 04:47:54 - [WARNING] Suspicious activity detected: ip_blocked
2025-02-26 04:50:56 - [INFO] backup completed
2025-02-26 04:51:58 - [WARNING] Suspicious activity detected: ddos
2025-02-26 04:51:59 - [WARNING] Suspicious activity detected: brute_force
2025-02-26 04:53:05 - [INFO] config updated
2025-02-26 04:56:46 - [INFO] config updated
2025-02-26 05:01:48 - [WARNING] Suspicious activity detected: ddos
2025-02-26 05:15:29 - [INFO] file downloaded
2025-02-26 05:15:31 - [INFO] config updated
2025-02-26 05:25:47 - [INFO] config updated
2025-02-26 05:31:15 - [WARNING] Suspicious activity detected: malware
2025-02-26 05:38:22 - [INFO] file downloaded
2025-02-26 05:47:25 - [INFO] system check passed
2025-02-26 06:03:27 - [INFO] email sent
2025-02-26 06:07:52 - [WARNING] Suspicious activity detected: port_scan
2025-02-26 06:19:13 - [INFO] backup completed
2025-02-26 06:20:25 - [WARNING] Suspicious activity detected: ddos
2025-02-26 06:24:51 - [INFO] system check passed
2025-02-26 06:26:51 - [INFO] config updated
2025-02-26 06:39:56 - [INFO] config updated
2025-02-26 06:44:29 - [INFO] user login
2025-02-26 06:46:52 - [INFO] backup completed
2025-02-26 07:02:54 - [INFO] file downloaded
2025-02-26 07:06:29 - [INFO] file downloaded
2025-02-26 07:18:41 - [WARNING] Suspicious activity detected: brute_force
2025-02-26 07:20:45 - [INFO] file downloaded
2025-02-26 07:24:32 - [INFO] backup completed
2025-02-26 07:27:31 - [INFO] system check passed
2025-02-26 07:31:28 - [INFO] user login
2025-02-26 07:33:24 - [INFO] backup completed
2025-02-26 07:34:23 - [INFO] config updated
2025-02-26 07:52:10 - [INFO] email sent
2025-02-26 08:12:55 - [INFO] config updated
2025-02-26 08:16:24 - [INFO] config updated
2025-02-26 08:19:29 - [INFO] system check passed
2025-02-26 08:21:54 - [INFO] system check passed
2025-02-26 08:33:27 - [INFO] config updated
2025-02-26 08:40:43 - [INFO] file downloaded
2025-02-26 08:41:03 - [INFO] system check passed
2025-02-26 08:51:01 - [INFO] file uploaded
2025-02-26 08:51:05 - [INFO] file downloaded
2025-02-26 08:51:16 - [WARNING] Suspicious activity detected: ip_blocked
2025-02-26 08:54:57 - [INFO] backup completed
2025-02-26 08:57:33 - [WARNING] Suspicious activity detected: intrusion
2025-02-26 08:58:46 - [INFO] system check passed
2025-02-26 08:59:54 - [INFO] backup completed
2025-02-26 09:00:32 - [INFO] user login
2025-02-26 09:02:20 - [WARNING] Suspicious activity detected: brute_force
2025-02-26 09:03:12 - [WARNING] Suspicious activity detected: ip_blocked
2025-02-26 09:11:40 - [INFO] config updated
2025-02-26 09:11:46 - [INFO] backup completed
2025-02-26 09:39:47 - [INFO] email sent
2025-02-26 09:51:23 - [WARNING] Suspicious activity detected: sql_injection
2025-02-26 09:55:58 - [INFO] email sent
2025-02-26 09:56:51 - [INFO] config updated
2025-02-26 09:57:04 - [WARNING] Suspicious activity detected: ddos
2025-02-26 09:59:52 - [WARNING] Suspicious activity detected: intrusion
2025-02-26 10:09:03 - [WARNING] Suspicious activity detected: ddos
2025-02-26 10:24:17 - [INFO] config updated
2025-02-26 10:37:11 - [INFO] file uploaded
2025-02-26 10:43:07 - [INFO] backup completed
2025-02-26 10:45:40 - [INFO] file downloaded
2025-02-26 10:49:56 - [INFO] config updated
2025-02-26 10:56:34 - [INFO] backup completed
2025-02-26 11:30:36 - [WARNING] Suspicious activity detected: ip_blocked
2025-02-26 11:31:21 - [WARNING] Suspicious activity detected: ip_blocked
2025-02-26 11:43:26 - [INFO] backup completed
2025-02-26 11:45:53 - [WARNING] Suspicious activity detected: sql_injection
2025-02-26 11:56:10 - [INFO] system check passed
2025-02-26 12:04:47 - [INFO] config updated
2025-02-26 12:14:31 - [INFO] backup completed
2025-02-26 12:22:03 - [INFO] backup completed
2025-02-26 12:22:58 - [INFO] file downloaded
2025-02-26 12:42:31 - [INFO] system check passed
2025-02-26 12:43:38 - [INFO] file uploaded
2025-02-26 13:01:00 - [INFO] file uploaded
2025-02-26 13:01:31 - [WARNING] Suspicious activity detected: port_scan
2025-02-26 13:12:15 - [INFO] file uploaded
2025-02-26 13:16:28 - [INFO] file downloaded
2025-02-26 13:34:26 - [WARNING] Suspicious activity detected: port_scan
2025-02-26 13:36:21 - [INFO] file downloaded
2025-02-26 13:43:58 - [INFO] file downloaded
2025-02-26 13:45:13 - [INFO] system check passed
2025-02-26 13:56:55 - [WARNING] Suspicious activity detected: unauthorized_access
2025-02-26 13:59:47 - [INFO] config updated
2025-02-26 14:00:03 - [INFO] email sent
2025-02-26 14:01:00 - [INFO] file downloaded
2025-02-26 14:02:43 - [INFO] system check passed
2025-02-26 14:07:19 - [WARNING] Suspicious activity detected: ip_blocked
2025-02-26 14:11:34 - [INFO] user login
2025-02-26 14:12:01 - [WARNING] Suspicious activity detected: sql_injection
2025-02-26 14:30:25 - [INFO] user login
2025-02-26 14:35:06 - [INFO] file uploaded
2025-02-26 14:45:30 - [INFO] user login
2025-02-26 14:47:55 - [INFO] backup completed
2025-02-26 14:54:01 - [INFO] file uploaded
2025-02-26 14:57:42 - [WARNING] Suspicious activity detected: sql_injection
2025-02-26 15:03:19 - [WARNING] Suspicious activity detected: port_scan
2025-02-26 15:05:00 - [WARNING] Suspicious activity detected: ddos
2025-02-26 15:10:43 - [INFO] system check passed
2025-02-26 15:18:18 - [INFO] config updated
2025-02-26 15:18:45 - [WARNING] Suspicious activity detected: malware
2025-02-26 15:40:24 - [WARNING] Suspicious activity detected: malware
2025-02-26 15:41:32 - [INFO] config updated
2025-02-26 15:45:17 - [INFO] user login
2025-02-26 15:45:22 - [INFO] backup completed
2025-02-26 15:52:29 - [INFO] user login
2025-02-26 15:55:58 - [INFO] user login
2025-02-26 15:59:36 - [INFO] file downloaded
2025-02-26 16:00:00 - [INFO] user login
2025-02-26 16:05:14 - [WARNING] Suspicious activity detected: brute_force
2025-02-26 16:09:04 - [WARNING] Suspicious activity detected: ddos
2025-02-26 16:15:03 - [INFO] backup completed
2025-02-26 16:19:26 - [INFO] email sent
2025-02-26 16:40:16 - [INFO] system check passed
2025-02-26 16:45:23 - [WARNING] Suspicious activity detected: intrusion
2025-02-26 16:54:56 - [INFO] file downloaded
2025-02-26 16:55:10 - [INFO] backup completed
2025-02-26 17:02:10 - [WARNING] Suspicious activity detected: brute_force
2025-02-26 17:07:42 - [INFO] file uploaded
2025-02-26 17:12:40 - [INFO] file uploaded
2025-02-26 17:34:41 - [WARNING] Suspicious activity detected: port_scan
2025-02-26 17:35:56 - [INFO] user login
2025-02-26 17:44:33 - [INFO] system check passed
2025-02-26 17:53:44 - [INFO] file uploaded
2025-02-26 17:58:13 - [INFO] system check passed
2025-02-26 18:12:16 - [INFO] user login
2025-02-26 18:12:49 - [WARNING] Suspicious activity detected: unauthorized_access
2025-02-26 18:16:05 - [WARNING] Suspicious activity detected: sql_injection
2025-02-26 18:19:35 - [INFO] file downloaded
2025-02-26 18:24:43 - [WARNING] Suspicious activity detected: unauthorized_access
2025-02-26 18:29:23 - [INFO] backup completed
2025-02-26 18:30:58 - [INFO] file downloaded
2025-02-26 18:31:11 - [INFO] file uploaded
2025-02-26 18:36:03 - [WARNING] Suspicious activity detected: brute_force
2025-02-26 18:39:24 - [INFO] backup completed
2025-02-26 18:53:40 - [INFO] file uploaded
2025-02-26 19:05:56 - [WARNING] Suspicious activity detected: ddos
2025-02-26 19:07:56 - [WARNING] Suspicious activity detected: intrusion
2025-02-26 19:17:04 - [INFO] config updated
2025-02-26 19:22:10 - [WARNING] Suspicious activity detected: ip_blocked
2025-02-26 19:26:41 - [INFO] file uploaded
2025-02-26 19:31:45 - [INFO] user login
2025-02-26 19:36:23 - [WARNING] Suspicious activity detected: ip_blocked
2025-02-26 19:38:17 - [INFO] email sent
2025-02-26 19:46:00 - [INFO] backup completed
2025-02-26 19:55:53 - [INFO] email sent
2025-02-26 19:58:16 - [WARNING] Suspicious activity detected: port_scan
2025-02-26 20:05:06 - [INFO] system check passed
2025-02-26 20:15:44 - [WARNING] Suspicious activity detected: unauthorized_access
2025-02-26 20:29:09 - [INFO] file uploaded
2025-02-26 20:41:21 - [INFO] email sent
2025-02-26 20:48:21 - [INFO] config updated
2025-02-26 20:54:46 - [INFO] backup completed
2025-02-26 20:54:56 - [INFO] backup completed
2025-02-26 21:08:44 - [INFO] user login
2025-02-26 21:20:33 - [INFO] backup completed
2025-02-26 21:23:35 - [INFO] file downloaded
2025-02-26 21:30:18 - [INFO] system check passed
2025-02-26 21:33:58 - [INFO] system check passed
2025-02-26 21:36:55 - [WARNING] Suspicious activity detected: brute_force
2025-02-26 21:40:28 - [INFO] user login
2025-02-26 21:43:54 - [INFO] user login
2025-02-26 21:45:39 - [INFO] file downloaded
2025-02-26 21:47:49 - [INFO] user login
2025-02-26 21:50:18 - [INFO] config updated
2025-02-26 21:53:46 - [INFO] email sent
2025-02-26 21:54:15 - [WARNING] Suspicious activity detected: sql_injection
2025-02-26 22:05:52 - [WARNING] Suspicious activity detected: brute_force
2025-02-26 22:07:19 - [INFO] backup completed
2025-02-26 22:08:49 - [INFO] file uploaded
2025-02-26 22:09:22 - [INFO] config updated
2025-02-26 22:11:57 - [WARNING] Suspicious activity detected: intrusion
2025-02-26 22:19:45 - [INFO] file uploaded
2025-02-26 22:22:54 - [INFO] email sent
2025-02-26 22:24:57 - [INFO] user login
2025-02-26 22:30:53 - [INFO] config updated
2025-02-26 22:31:12 - [INFO] email sent
2025-02-26 22:31:29 - [INFO] file downloaded
2025-02-26 22:35:57 - [WARNING] Suspicious activity detected: port_scan
2025-02-26 22:38:36 - [INFO] user login
2025-02-26 22:42:36 - [INFO] file downloaded
2025-02-26 22:58:37 - [WARNING] Suspicious activity detected: malware
2025-02-26 23:13:07 - [INFO] email sent
2025-02-26 23:17:22 - [INFO] file downloaded
2025-02-26 23:18:56 - [WARNING] Suspicious activity detected: malware
2025-02-26 23:46:14 - [WARNING] Suspicious activity detected: malware
2025-02-26 23:59:05 - [WARNING] Suspicious activity detected: sql_injection