2025-02-22 00:03:17 - [INFO] email sent
2025-02-22 00:03:58 - [INFO] email sent
2025-02-22 00:09:10 - [INFO] backup completed
2025-02-22 00:10:08 - [INFO] file uploaded
2025-02-22 00:14:13 - [INFO] backup completed
2025-02-22 00:21:58 - [INFO] user login
2025-02-22 00:30:09 - [WARNING] Suspicious activity detected: intrusion
2025-02-22 00:46:02 - [WARNING] Suspicious activity detected: sql_injection
2025-02-22 00:53:24 - [INFO] user login
2025-02-22 00:54:06 - [INFO] file uploaded
2025-02-22 01:05:01 - [INFO] system check passed
2025-02-22 01:08:14 - [INFO] file downloaded
2025-02-22 01:11:14 - [WARNING] Suspicious activity detected: unauthorized_access
2025-02-22 01:14:04 - [INFO] backup completed
2025-02-22 01:18:09 - [WARNING] Suspicious activity detected: brute_force
2025-02-22 01:22:42 - [WARNING] Suspicious activity detected: ip_blocked
2025-02-22 01:23:24 - [INFO] config updated
2025-02-22 01:24:59 - [INFO] file downloaded
2025-02-22 01:29:46 - [INFO] file downloaded
2025-02-22 01:51:37 - [WARNING] Suspicious activity detected: malware
2025-02-22 02:02:14 - [INFO] file downloaded
2025-02-22 02:17:05 - [INFO] file uploaded
2025-02-22 02:29:00 - [INFO] config updated
2025-02-22 02:32:03 - [WARNING] Suspicious activity detected: intrusion
2025-02-22 02:33:06 - [INFO] user login
2025-02-22 02:33:52 - [WARNING] Suspicious activity detected: ip_blocked
2025-02-22 02:37:39 - [WARNING] Suspicious activity detected: sql_injection
2025-02-22 02:39:45 - [WARNING] Suspicious activity detected: intrusion
2025-02-22 02:55:32 - [INFO] system check passed
2025-02-22 03:02:05 - [WARNING] Suspicious activity detected: malware
2025-02-22 03:11:23 - [INFO] user login
2025-02-22 03:21:44 - [WARNING] Suspicious activity detected: intrusion
2025-02-22 03:28:36 - [INFO] system check passed
2025-02-22 03:37:50 - [INFO] file uploaded
2025-02-22 03:38:48 - [INFO] file uploaded
2025-02-22 03:41:16 - [WARNING] Suspicious activity detected: ip_blocked
2025-02-22 03:54:11 - [INFO] file uploaded
2025-02-22 03:58:16 - [INFO] backup completed
2025-02-22 03:58:34 - [INFO] user login
2025-02-22 03:59:33 - [INFO] backup completed
2025-02-22 04:00:55 - [WARNING] Suspicious activity detected: brute_force
2025-02-22 04:09:57 - [WARNING] Suspicious activity detected: malware
2025-02-22 04:18:48 - [WARNING] Suspicious activity detected: intrusion
2025-02-22 04:20:06 - [WARNING] Suspicious activity detected: brute_force
2025-02-22 04:20:14 - [WARNING] Suspicious activity detected: brute_force
2025-02-22 04:21:09 - [INFO] email sent
2025-02-22 04:29:20 - [INFO] config updated
2025-02-22 04:30:25 - [INFO] system check passed
2025-02-22 04:46:20 - [INFO] backup completed
2025-02-22 04:54:54 - [WARNING] Suspicious activity detected: port_scan
2025-02-22 04:56:19 - [INFO] config updated
2025-02-22 05:03:15 - [WARNING] Suspicious activity detected: ddos
2025-02-22 05:20:14 - [INFO] email sent
2025-02-22 05:32:40 - [WARNING] Suspicious activity detected: sql_injection
2025-02-22 05:52:00 - [WARNING] Suspicious activity detected: port_scan
2025-02-22 06:00:12 - [INFO] backup completed
2025-02-22 06:06:16 - [INFO] backup completed
2025-02-22 06:22:06 - [INFO] system check passed
2025-02-22 06:26:05 - [INFO] file downloaded
2025-02-22 06:36:54 - [INFO] email sent
2025-02-22 06:37:59 - [WARNING] Suspicious activity detected: sql_injection
2025-02-22 06:45:52 - [WARNING] Suspicious activity detected: intrusion
2025-02-22 06:47:49 - [WARNING] Suspicious activity detected: sql_injection
2025-02-22 07:05:43 - [INFO] backup completed
2025-02-22 07:10:27 - [INFO] backup completed
2025-02-22 07:15:01 - [WARNING] Suspicious activity detected: intrusion
2025-02-22 07:17:21 - [WARNING] Suspicious activity detected: ddos
2025-02-22 07:25:47 - [INFO] system check passed
2025-02-22 07:25:51 - [INFO] user login
2025-02-22 07:38:06 - [INFO] config updated
2025-02-22 07:49:30 - [WARNING] Suspicious activity detected: intrusion
2025-02-22 07:55:29 - [INFO] file uploaded
2025-02-22 08:01:40 - [WARNING] Suspicious activity detected: ip_blocked
2025-02-22 08:20:30 - [INFO] file uploaded
2025-02-22 08:24:30 - [WARNING] Suspicious activity detected: malware
2025-02-22 08:26:15 - [WARNING] Suspicious activity detected: brute_force
2025-02-22 08:32:16 - [INFO] system check passed
2025-02-22 08:34:34 - [INFO] backup completed
2025-02-22 08:36:14 - [WARNING] Suspicious activity detected: ddos
2025-02-22 08:42:03 - [INFO] file uploaded
2025-02-22 08:44:35 - [INFO] file uploaded
2025-02-22 08:51:57 - [WARNING] Suspicious activity detected: unauthorized_access
2025-02-22 09:01:29 - [WARNING] Suspicious activity detected: ddos
2025-02-22 09:05:11 - [INFO] backup completed
2025-02-22 09:06:54 - [WARNING] Suspicious activity detected: sql_injection
2025-02-22 09:12:43 - [WARNING] Suspicious activity detected: ddos
2025-02-22 09:14:43 - [WARNING] Suspicious activity detected: unauthorized_access
2025-02-22 09:15:33 - [INFO] file uploaded
2025-02-22 09:19:19 - [INFO] file uploaded
2025-02-22 09:24:06 - [INFO] email sent
2025-02-22 09:26:50 - [INFO] user login
2025-02-22 09:28:02 - [INFO] system check passed
2025-02-22 09:33:25 - [INFO] email sent
2025-02-22 09:38:35 - [WARNING] Suspicious activity detected: ddos
2025-02-22 10:01:42 - [INFO] user login
2025-02-22 10:04:26 - [INFO] email sent
2025-02-22 10:10:39 - [INFO] file downloaded
2025-02-22 10:18:37 - [INFO] user login
2025-02-22 10:22:31 - [WARNING] Suspicious activity detected: port_scan
2025-02-22 10:25:19 - [WARNING] Suspicious activity detected: port_scan
2025-02-22 10:25:48 - [WARNING] Suspicious activity detected: sql_injection
2025-02-22 10:38:35 - [WARNING] Suspicious activity detected: unauthorized_access
2025-02-22 10:40:07 - [INFO] email sent
2025-02-22 10:40:25 - [INFO] user login
2025-02-22 10:53:35 - [INFO] backup completed
2025-02-22 11:02:20 - [WARNING] Suspicious activity detected: port_scan
2025-02-22 11:20:34 - [WARNING] Suspicious activity detected: intrusion
2025-02-22 11:26:00 - [INFO] system check passed
2025-02-22 11:31:59 - [INFO] email sent
2025-02-22 11:33:53 - [WARNING] Suspicious activity detected: ip_blocked
2025-02-22 11:40:02 - [WARNING] Suspicious activity detected: unauthorized_access
2025-02-22 11:45:47 - [WARNING] Suspicious activity detected: ddos
2025-02-22 11:48:58 - [INFO] email sent
2025-02-22 11:52:18 - [INFO] file downloaded
2025-02-22 11:52:23 - [WARNING] Suspicious activity detected: port_scan
2025-02-22 12:03:08 - [WARNING] Suspicious activity detected: ddos
2025-02-22 12:05:01 - [INFO] file downloaded
2025-02-22 12:12:46 - [INFO] user login
2025-02-22 12:13:19 - [WARNING] Suspicious activity detected: ddos
2025-02-22 12:27:51 - [WARNING] Suspicious activity detected: ddos
2025-02-22 12:29:06 - [INFO] file downloaded
2025-02-22 12:30:11 - [WARNING] Suspicious activity detected: brute_force
2025-02-22 12:40:29 - [INFO] file uploaded
2025-02-22 12:40:37 - [INFO] backup completed
2025-02-22 12:42:43 - [INFO] system check passed
2025-02-22 12:49:40 - [INFO] config updated
2025-02-22 13:02:45 - [INFO] system check passed
2025-02-22 13:06:23 - [INFO] file downloaded
2025-02-22 13:07:47 - [WARNING] Suspicious activity detected: unauthorized_access
2025-02-22 13:19:22 - [WARNING] Suspicious activity detected: unauthorized_access
2025-02-22 13:21:48 - [WARNING] Suspicious activity detected: ddos
2025-02-22 13:29:57 - [WARNING] Suspicious activity detected: port_scan
2025-02-22 13:46:06 - [WARNING] Suspicious activity detected: brute_force
2025-02-22 13:48:24 - [INFO] file uploaded
2025-02-22 13:59:38 - [WARNING] Suspicious activity detected: brute_force
2025-02-22 14:00:38 - [INFO] file uploaded
2025-02-22 14:04:19 - [INFO] file downloaded
2025-02-22 14:09:40 - [WARNING] Suspicious activity detected: ddos
2025-02-22 14:12:15 - [WARNING] Suspicious activity detected: port_scan
2025-02-22 14:13:22 - [WARNING] Suspicious activity detected: unauthorized_access
2025-02-22 14:16:16 - [INFO] system check passed
2025-02-22 14:22:14 - [INFO] user login
2025-02-22 14:23:04 - [WARNING] Suspicious activity detected: ip_blocked
2025-02-22 14:27:04 - [WARNING] Suspicious activity detected: ip_blocked
2025-02-22 14:28:54 - [INFO] backup completed
2025-02-22 14:59:50 - [INFO] backup completed
2025-02-22 15:26:35 - [INFO] system check passed
2025-02-22 15:38:17 - [INFO] backup completed
2025-02-22 15:40:39 - [INFO] user login
2025-02-22 15:44:35 - [INFO] email sent
2025-02-22 15:44:45 - [INFO] file downloaded
2025-02-22 15:45:05 - [WARNING] Suspicious activity detected: ip_blocked
2025-02-22 15:49:33 - [WARNING] Suspicious activity detected: port_scan
2025-02-22 15:50:15 - [WARNING] Suspicious activity detected: brute_force
2025-02-22 15:53:32 - [WARNING] Suspicious activity detected: port_scan
2025-02-22 15:57:06 - [WARNING] Suspicious activity detected: port_scan
2025-02-22 16:13:04 - [INFO] user login
2025-02-22 16:30:45 - [WARNING] Suspicious activity detected: ip_blocked
2025-02-22 16:32:30 - [INFO] file uploaded
2025-02-22 16:32:46 - [WARNING] Suspicious activity detected: unauthorized_access
2025-02-22 16:39:31 - [INFO] config updated
2025-02-22 16:47:46 - [INFO] user login
2025-02-22 16:51:22 - [WARNING] Suspicious activity detected: unauthorized_access
2025-02-22 16:56:58 - [INFO] user login
2025-02-22 17:14:03 - [WARNING] Suspicious activity detected: unauthorized_access
2025-02-22 17:18:49 - [INFO] file downloaded
2025-02-22 17:30:43 - [INFO] file uploaded
2025-02-22 17:33:07 - [WARNING] Suspicious activity detected: unauthorized_access
2025-02-22 17:38:13 - [WARNING] Suspicious activity detected: brute_force
2025-02-22 17:40:06 - [INFO] file downloaded
2025-02-22 17:44:14 - [WARNING] Suspicious activity detected: ip_blocked
2025-02-22 18:01:17 - [WARNING] Suspicious activity detected: ip_blocked
2025-02-22 18:02:27 - [WARNING] Suspicious activity detected: unauthorized_access
2025-02-22 18:05:18 - [INFO] file uploaded
2025-02-22 18:05:54 - [WARNING] Suspicious activity detected: ddos
2025-02-22 18:08:31 - [INFO] system check passed
2025-02-22 18:35:24 - [INFO] backup completed
2025-02-22 18:42:00 - [INFO] file downloaded
2025-02-22 18:51:51 - [INFO] system check passed
2025-02-22 18:52:33 - [INFO] system check passed
2025-02-22 19:19:56 - [INFO] system check passed
2025-02-22 19:25:41 - [INFO] file downloaded
2025-02-22 19:28:29 - [WARNING] Suspicious activity detected: port_scan
2025-02-22 19:28:56 - [WARNING] Suspicious activity detected: ip_blocked
2025-02-22 19:51:24 - [INFO] file uploaded
2025-02-22 19:59:14 - [INFO] user login
2025-02-22 20:10:49 - [INFO] backup completed
2025-02-22 20:25:19 - [INFO] user login
2025-02-22 20:26:20 - [INFO] file downloaded
2025-02-22 20:37:39 - [INFO] system check passed
2025-02-22 20:44:03 - [WARNING] Suspicious activity detected: malware
2025-02-22 20:57:53 - [WARNING] Suspicious activity detected: ddos
2025-02-22 21:03:01 - [INFO] user login
2025-02-22 21:07:24 - [WARNING] Suspicious activity detected: ddos
2025-02-22 21:12:06 - [WARNING] Suspicious activity detected: unauthorized_access
2025-02-22 21:23:33 - [INFO] system check passed
2025-02-22 21:36:26 - [INFO] user login
2025-02-22 21:36:37 - [INFO] system check passed
2025-02-22 21:42:55 - [WARNING] Suspicious activity detected: ip_blocked
2025-02-22 21:42:55 - [WARNING] Suspicious activity detected: malware
2025-02-22 21:49:13 - [INFO] file downloaded
2025-02-22 21:52:32 - [INFO] email sent
2025-02-22 22:09:24 - [INFO] config updated
2025-02-22 22:22:11 - [WARNING] Suspicious activity detected: intrusion
2025-02-22 22:27:01 - [WARNING] Suspicious activity detected: brute_force
2025-02-22 22:27:15 - [WARNING] Suspicious activity detected: ip_blocked
2025-02-22 22:41:35 - [INFO] user login
2025-02-22 22:45:14 - [INFO] file uploaded
2025-02-22 23:02:52 - [INFO] file downloaded
2025-02-22 23:07:53 - [INFO] user login
2025-02-22 23:13:38 - [WARNING] Suspicious activity detected: sql_injection
2025-02-22 23:17:50 - [INFO] user login
2025-02-22 23:44:19 - [WARNING] Suspicious activity detected: malware
2025-02-22 23:46:45 - [WARNING] Suspicious activity detected: brute_force
2025-02-22 23:48:37 - [WARNING] Suspicious activity detected: brute_force
2025-02-22 23:56:22 - [WARNING] Suspicious activity detected: brute_force