2025-04-02 00:05:22 - [WARNING] Suspicious activity detected: brute_force
2025-04-02 00:06:00 - [INFO] file uploaded
2025-04-02 00:15:06 - [INFO] backup completed
2025-04-02 00:24:06 - [INFO] user login
2025-04-02 00:31:03 - [INFO] backup completed
2025-04-02 00:38:44 - [INFO] email sent
2025-04-02 00:56:00 - [INFO] config updated
2025-04-02 01:04:32 - [INFO] file uploaded
2025-04-02 01:05:02 - [INFO] user login
2025-04-02 01:07:22 - [WARNING] Suspicious activity detected: unauthorized_access
2025-04-02 01:07:59 - [INFO] backup completed
2025-04-02 01:09:24 - [WARNING] Suspicious activity detected: sql_injection
2025-04-02 01:13:27 - [INFO] email sent
2025-04-02 01:16:50 - [INFO] config updated
2025-04-02 01:24:50 - [WARNING] Suspicious activity detected: intrusion
2025-04-02 01:40:10 - [INFO] backup completed
2025-04-02 01:44:37 - [INFO] email sent
2025-04-02 01:44:41 - [WARNING] Suspicious activity detected: ddos
2025-04-02 01:46:49 - [INFO] backup completed
2025-04-02 01:48:15 - [INFO] config updated
2025-04-02 01:48:32 - [INFO] user login
2025-04-02 02:01:02 - [WARNING] Suspicious activity detected: brute_force
2025-04-02 02:02:53 - [INFO] user login
2025-04-02 02:39:53 - [WARNING] Suspicious activity detected: unauthorized_access
2025-04-02 02:46:24 - [INFO] system check passed
2025-04-02 02:48:58 - [INFO] system check passed
2025-04-02 02:50:51 - [INFO] backup completed
2025-04-02 03:04:57 - [INFO] backup completed
2025-04-02 03:11:37 - [WARNING] Suspicious activity detected: port_scan
2025-04-02 03:15:44 - [INFO] backup completed
2025-04-02 03:26:51 - [INFO] system check passed
2025-04-02 03:27:28 - [INFO] file uploaded
2025-04-02 03:33:16 - [INFO] email sent
2025-04-02 03:42:55 - [WARNING] Suspicious activity detected: sql_injection
2025-04-02 03:54:19 - [INFO] file uploaded
2025-04-02 03:54:43 - [INFO] file uploaded
2025-04-02 03:54:57 - [INFO] system check passed
2025-04-02 04:00:09 - [INFO] user login
2025-04-02 04:08:46 - [INFO] user login
2025-04-02 04:15:19 - [INFO] backup completed
2025-04-02 04:23:40 - [INFO] config updated
2025-04-02 04:26:13 - [INFO] file uploaded
2025-04-02 04:28:22 - [INFO] system check passed
2025-04-02 04:29:21 - [INFO] file uploaded
2025-04-02 04:31:55 - [INFO] file downloaded
2025-04-02 04:38:42 - [WARNING] Suspicious activity detected: brute_force
2025-04-02 04:45:46 - [INFO] backup completed
2025-04-02 04:46:50 - [INFO] system check passed
2025-04-02 04:52:20 - [INFO] file downloaded
2025-04-02 05:02:36 - [INFO] config updated
2025-04-02 05:08:49 - [INFO] backup completed
2025-04-02 05:31:19 - [INFO] email sent
2025-04-02 05:32:47 - [INFO] email sent
2025-04-02 05:40:37 - [INFO] config updated
2025-04-02 05:44:25 - [INFO] system check passed
2025-04-02 05:45:17 - [INFO] config updated
2025-04-02 05:48:09 - [WARNING] Suspicious activity detected: malware
2025-04-02 05:48:20 - [INFO] file uploaded
2025-04-02 05:51:18 - [INFO] email sent
2025-04-02 05:51:29 - [INFO] backup completed
2025-04-02 05:51:30 - [INFO] file downloaded
2025-04-02 05:53:59 - [WARNING] Suspicious activity detected: ddos
2025-04-02 05:57:45 - [INFO] user login
2025-04-02 05:59:05 - [WARNING] Suspicious activity detected: port_scan
2025-04-02 06:16:10 - [INFO] email sent
2025-04-02 06:24:21 - [WARNING] Suspicious activity detected: ddos
2025-04-02 06:24:55 - [WARNING] Suspicious activity detected: unauthorized_access
2025-04-02 06:28:57 - [INFO] user login
2025-04-02 06:50:17 - [INFO] config updated
2025-04-02 06:54:30 - [WARNING] Suspicious activity detected: sql_injection
2025-04-02 06:55:39 - [INFO] user login
2025-04-02 06:57:46 - [INFO] user login
2025-04-02 07:04:06 - [WARNING] Suspicious activity detected: unauthorized_access
2025-04-02 07:06:24 - [WARNING] Suspicious activity detected: sql_injection
2025-04-02 07:24:04 - [INFO] file uploaded
2025-04-02 07:28:01 - [WARNING] Suspicious activity detected: ip_blocked
2025-04-02 07:30:13 - [INFO] config updated
2025-04-02 07:37:49 - [WARNING] Suspicious activity detected: intrusion
2025-04-02 07:43:57 - [INFO] backup completed
2025-04-02 07:51:29 - [INFO] user login
2025-04-02 07:55:03 - [WARNING] Suspicious activity detected: sql_injection
2025-04-02 08:02:04 - [INFO] user login
2025-04-02 08:08:22 - [WARNING] Suspicious activity detected: malware
2025-04-02 08:09:23 - [WARNING] Suspicious activity detected: malware
2025-04-02 08:19:33 - [INFO] file uploaded
2025-04-02 08:46:19 - [INFO] email sent
2025-04-02 08:49:08 - [INFO] system check passed
2025-04-02 08:50:06 - [INFO] system check passed
2025-04-02 08:51:11 - [WARNING] Suspicious activity detected: malware
2025-04-02 08:51:22 - [WARNING] Suspicious activity detected: ip_blocked
2025-04-02 09:09:16 - [INFO] config updated
2025-04-02 09:13:24 - [INFO] system check passed
2025-04-02 09:19:51 - [INFO] email sent
2025-04-02 09:32:28 - [INFO] email sent
2025-04-02 09:39:19 - [INFO] user login
2025-04-02 09:39:27 - [INFO] file uploaded
2025-04-02 09:50:52 - [INFO] system check passed
2025-04-02 09:54:48 - [WARNING] Suspicious activity detected: intrusion
2025-04-02 10:00:56 - [INFO] file uploaded
2025-04-02 10:03:51 - [INFO] config updated
2025-04-02 10:06:54 - [INFO] config updated
2025-04-02 10:15:56 - [WARNING] Suspicious activity detected: ip_blocked
2025-04-02 10:32:40 - [INFO] email sent
2025-04-02 10:33:00 - [INFO] system check passed
2025-04-02 10:33:00 - [INFO] email sent
2025-04-02 10:33:45 - [WARNING] Suspicious activity detected: ip_blocked
2025-04-02 10:40:32 - [INFO] backup completed
2025-04-02 10:46:15 - [INFO] file uploaded
2025-04-02 10:52:07 - [WARNING] Suspicious activity detected: port_scan
2025-04-02 10:53:30 - [WARNING] Suspicious activity detected: ip_blocked
2025-04-02 10:53:51 - [INFO] file downloaded
2025-04-02 11:07:36 - [INFO] email sent
2025-04-02 11:11:14 - [INFO] user login
2025-04-02 11:22:57 - [WARNING] Suspicious activity detected: brute_force
2025-04-02 11:24:26 - [INFO] system check passed
2025-04-02 11:29:29 - [INFO] config updated
2025-04-02 11:32:04 - [WARNING] Suspicious activity detected: unauthorized_access
2025-04-02 11:32:41 - [WARNING] Suspicious activity detected: ddos
2025-04-02 11:38:50 - [WARNING] Suspicious activity detected: unauthorized_access
2025-04-02 11:47:59 - [WARNING] Suspicious activity detected: malware
2025-04-02 11:55:39 - [INFO] config updated
2025-04-02 12:04:31 - [WARNING] Suspicious activity detected: malware
2025-04-02 12:05:44 - [INFO] file uploaded
2025-04-02 12:12:20 - [INFO] user login
2025-04-02 12:17:14 - [WARNING] Suspicious activity detected: intrusion
2025-04-02 12:20:20 - [INFO] user login
2025-04-02 12:21:52 - [WARNING] Suspicious activity detected: malware
2025-04-02 12:26:20 - [INFO] backup completed
2025-04-02 12:27:20 - [INFO] file downloaded
2025-04-02 12:28:33 - [INFO] config updated
2025-04-02 12:32:16 - [INFO] system check passed
2025-04-02 12:40:38 - [INFO] config updated
2025-04-02 12:58:29 - [INFO] email sent
2025-04-02 13:11:36 - [INFO] email sent
2025-04-02 13:14:53 - [INFO] file uploaded
2025-04-02 13:16:20 - [WARNING] Suspicious activity detected: malware
2025-04-02 13:25:55 - [INFO] email sent
2025-04-02 13:28:55 - [WARNING] Suspicious activity detected: unauthorized_access
2025-04-02 13:38:05 - [WARNING] Suspicious activity detected: malware
2025-04-02 13:44:19 - [INFO] file downloaded
2025-04-02 13:52:23 - [INFO] backup completed
2025-04-02 13:58:44 - [WARNING] Suspicious activity detected: intrusion
2025-04-02 13:58:51 - [INFO] email sent
2025-04-02 14:03:23 - [INFO] file uploaded
2025-04-02 14:04:53 - [INFO] file uploaded
2025-04-02 14:10:16 - [WARNING] Suspicious activity detected: unauthorized_access
2025-04-02 14:30:18 - [INFO] user login
2025-04-02 14:30:51 - [INFO] config updated
2025-04-02 14:33:55 - [INFO] config updated
2025-04-02 14:37:03 - [INFO] system check passed
2025-04-02 14:40:52 - [WARNING] Suspicious activity detected: port_scan
2025-04-02 14:49:13 - [INFO] file uploaded
2025-04-02 15:01:39 - [INFO] email sent
2025-04-02 15:01:55 - [INFO] backup completed
2025-04-02 15:04:41 - [INFO] config updated
2025-04-02 15:07:26 - [INFO] file downloaded
2025-04-02 15:10:45 - [INFO] system check passed
2025-04-02 15:24:14 - [WARNING] Suspicious activity detected: port_scan
2025-04-02 15:42:23 - [INFO] file downloaded
2025-04-02 15:56:43 - [INFO] system check passed
2025-04-02 16:26:28 - [INFO] email sent
2025-04-02 16:38:46 - [INFO] backup completed
2025-04-02 16:42:50 - [INFO] file uploaded
2025-04-02 16:47:37 - [INFO] file uploaded
2025-04-02 16:51:32 - [WARNING] Suspicious activity detected: ddos
2025-04-02 16:58:21 - [INFO] backup completed
2025-04-02 17:00:31 - [INFO] file uploaded
2025-04-02 17:09:47 - [INFO] file uploaded
2025-04-02 17:10:12 - [WARNING] Suspicious activity detected: unauthorized_access
2025-04-02 17:22:30 - [WARNING] Suspicious activity detected: malware
2025-04-02 17:35:11 - [INFO] file uploaded
2025-04-02 17:54:31 - [INFO] file downloaded
2025-04-02 18:07:00 - [INFO] backup completed
2025-04-02 18:10:20 - [WARNING] Suspicious activity detected: malware
2025-04-02 18:18:22 - [INFO] file uploaded
2025-04-02 18:49:46 - [INFO] file uploaded
2025-04-02 19:03:02 - [INFO] backup completed
2025-04-02 19:04:58 - [INFO] config updated
2025-04-02 19:16:23 - [INFO] user login
2025-04-02 19:20:55 - [INFO] file downloaded
2025-04-02 19:28:34 - [WARNING] Suspicious activity detected: brute_force
2025-04-02 19:28:36 - [WARNING] Suspicious activity detected: intrusion
2025-04-02 19:33:57 - [INFO] email sent
2025-04-02 19:49:51 - [INFO] file downloaded
2025-04-02 19:51:40 - [INFO] file uploaded
2025-04-02 19:57:40 - [INFO] file uploaded
2025-04-02 20:15:35 - [WARNING] Suspicious activity detected: malware
2025-04-02 20:17:41 - [INFO] user login
2025-04-02 20:19:54 - [INFO] system check passed
2025-04-02 20:28:07 - [INFO] file downloaded
2025-04-02 20:28:37 - [WARNING] Suspicious activity detected: brute_force
2025-04-02 20:29:39 - [WARNING] Suspicious activity detected: brute_force
2025-04-02 20:33:03 - [INFO] file downloaded
2025-04-02 20:35:28 - [WARNING] Suspicious activity detected: ip_blocked
2025-04-02 20:36:39 - [INFO] system check passed
2025-04-02 20:53:11 - [INFO] system check passed
2025-04-02 21:18:04 - [INFO] config updated
2025-04-02 21:18:35 - [WARNING] Suspicious activity detected: sql_injection
2025-04-02 21:22:10 - [WARNING] Suspicious activity detected: sql_injection
2025-04-02 21:29:40 - [INFO] file downloaded
2025-04-02 21:40:01 - [INFO] user login
2025-04-02 21:47:16 - [WARNING] Suspicious activity detected: ddos
2025-04-02 22:29:22 - [INFO] system check passed
2025-04-02 22:33:26 - [WARNING] Suspicious activity detected: brute_force
2025-04-02 22:38:54 - [INFO] email sent
2025-04-02 22:50:25 - [INFO] email sent
2025-04-02 23:01:09 - [INFO] config updated
2025-04-02 23:33:57 - [INFO] system check passed
2025-04-02 23:34:40 - [INFO] file downloaded
2025-04-02 23:40:46 - [WARNING] Suspicious activity detected: ip_blocked
2025-04-02 23:44:34 - [WARNING] Suspicious activity detected: malware
2025-04-02 23:48:10 - [WARNING] Suspicious activity detected: brute_force
2025-04-02 23:50:52 - [INFO] email sent
2025-04-02 23:54:08 - [WARNING] Suspicious activity detected: sql_injection
2025-04-02 23:55:04 - [INFO] system check passed
2025-04-02 23:55:13 - [WARNING] Suspicious activity detected: port_scan