2025-02-06 00:07:40 - [WARNING] Suspicious activity detected: ddos
2025-02-06 00:09:59 - [WARNING] Suspicious activity detected: intrusion
2025-02-06 00:13:02 - [WARNING] Suspicious activity detected: ip_blocked
2025-02-06 00:14:12 - [INFO] user login
2025-02-06 00:15:54 - [INFO] system check passed
2025-02-06 00:16:31 - [INFO] file downloaded
2025-02-06 00:18:52 - [INFO] system check passed
2025-02-06 00:20:10 - [WARNING] Suspicious activity detected: port_scan
2025-02-06 00:22:59 - [WARNING] Suspicious activity detected: ddos
2025-02-06 00:31:53 - [INFO] user login
2025-02-06 00:35:56 - [WARNING] Suspicious activity detected: ddos
2025-02-06 00:53:34 - [WARNING] Suspicious activity detected: sql_injection
2025-02-06 00:56:52 - [INFO] user login
2025-02-06 00:59:21 - [INFO] backup completed
2025-02-06 01:00:47 - [INFO] file uploaded
2025-02-06 01:10:25 - [WARNING] Suspicious activity detected: sql_injection
2025-02-06 01:14:17 - [WARNING] Suspicious activity detected: malware
2025-02-06 01:28:25 - [WARNING] Suspicious activity detected: unauthorized_access
2025-02-06 01:44:33 - [INFO] file downloaded
2025-02-06 02:13:44 - [INFO] file downloaded
2025-02-06 02:19:14 - [INFO] file uploaded
2025-02-06 02:20:11 - [INFO] user login
2025-02-06 02:22:50 - [INFO] file uploaded
2025-02-06 02:28:04 - [INFO] user login
2025-02-06 02:28:47 - [INFO] system check passed
2025-02-06 02:36:15 - [INFO] system check passed
2025-02-06 02:39:08 - [WARNING] Suspicious activity detected: intrusion
2025-02-06 02:41:21 - [INFO] backup completed
2025-02-06 02:44:12 - [INFO] file uploaded
2025-02-06 02:59:55 - [INFO] user login
2025-02-06 03:00:04 - [WARNING] Suspicious activity detected: ddos
2025-02-06 03:00:20 - [WARNING] Suspicious activity detected: brute_force
2025-02-06 03:05:11 - [INFO] config updated
2025-02-06 03:25:07 - [INFO] system check passed
2025-02-06 03:26:29 - [WARNING] Suspicious activity detected: ddos
2025-02-06 03:37:56 - [WARNING] Suspicious activity detected: ip_blocked
2025-02-06 03:38:00 - [INFO] file downloaded
2025-02-06 03:43:34 - [WARNING] Suspicious activity detected: ddos
2025-02-06 03:45:05 - [INFO] system check passed
2025-02-06 03:54:52 - [INFO] backup completed
2025-02-06 04:07:20 - [INFO] file downloaded
2025-02-06 04:18:21 - [INFO] config updated
2025-02-06 04:19:33 - [INFO] system check passed
2025-02-06 04:33:47 - [INFO] user login
2025-02-06 04:42:32 - [WARNING] Suspicious activity detected: sql_injection
2025-02-06 04:45:54 - [INFO] file downloaded
2025-02-06 04:48:39 - [WARNING] Suspicious activity detected: unauthorized_access
2025-02-06 04:54:36 - [INFO] email sent
2025-02-06 05:11:54 - [INFO] file uploaded
2025-02-06 05:25:29 - [WARNING] Suspicious activity detected: port_scan
2025-02-06 05:26:56 - [WARNING] Suspicious activity detected: brute_force
2025-02-06 05:27:59 - [INFO] user login
2025-02-06 05:33:25 - [INFO] system check passed
2025-02-06 05:37:42 - [INFO] file downloaded
2025-02-06 05:39:55 - [WARNING] Suspicious activity detected: ip_blocked
2025-02-06 05:43:53 - [INFO] file downloaded
2025-02-06 05:45:00 - [WARNING] Suspicious activity detected: brute_force
2025-02-06 05:51:58 - [INFO] system check passed
2025-02-06 05:52:29 - [WARNING] Suspicious activity detected: unauthorized_access
2025-02-06 05:53:06 - [INFO] email sent
2025-02-06 06:14:52 - [INFO] backup completed
2025-02-06 06:22:49 - [INFO] file uploaded
2025-02-06 06:25:04 - [INFO] file downloaded
2025-02-06 06:25:46 - [WARNING] Suspicious activity detected: port_scan
2025-02-06 06:34:25 - [WARNING] Suspicious activity detected: ddos
2025-02-06 06:40:01 - [INFO] file uploaded
2025-02-06 06:40:38 - [INFO] backup completed
2025-02-06 06:52:30 - [WARNING] Suspicious activity detected: unauthorized_access
2025-02-06 06:57:14 - [WARNING] Suspicious activity detected: sql_injection
2025-02-06 07:13:59 - [INFO] config updated
2025-02-06 07:27:35 - [WARNING] Suspicious activity detected: malware
2025-02-06 07:31:32 - [INFO] system check passed
2025-02-06 07:34:14 - [INFO] file downloaded
2025-02-06 07:48:23 - [INFO] config updated
2025-02-06 07:50:37 - [INFO] user login
2025-02-06 07:51:39 - [INFO] user login
2025-02-06 07:54:14 - [WARNING] Suspicious activity detected: sql_injection
2025-02-06 07:56:33 - [WARNING] Suspicious activity detected: ddos
2025-02-06 08:18:20 - [WARNING] Suspicious activity detected: brute_force
2025-02-06 08:34:41 - [INFO] system check passed
2025-02-06 08:34:53 - [WARNING] Suspicious activity detected: malware
2025-02-06 08:35:22 - [WARNING] Suspicious activity detected: malware
2025-02-06 08:42:21 - [INFO] email sent
2025-02-06 08:50:59 - [INFO] file uploaded
2025-02-06 08:53:54 - [WARNING] Suspicious activity detected: port_scan
2025-02-06 08:58:21 - [INFO] system check passed
2025-02-06 09:07:53 - [INFO] backup completed
2025-02-06 09:08:41 - [INFO] backup completed
2025-02-06 09:13:45 - [INFO] email sent
2025-02-06 09:16:08 - [INFO] system check passed
2025-02-06 09:17:55 - [INFO] email sent
2025-02-06 09:20:03 - [INFO] file uploaded
2025-02-06 09:28:42 - [INFO] file uploaded
2025-02-06 09:28:55 - [INFO] system check passed
2025-02-06 09:35:38 - [WARNING] Suspicious activity detected: brute_force
2025-02-06 09:39:48 - [INFO] backup completed
2025-02-06 09:43:43 - [WARNING] Suspicious activity detected: intrusion
2025-02-06 09:44:51 - [INFO] system check passed
2025-02-06 09:53:29 - [WARNING] Suspicious activity detected: ip_blocked
2025-02-06 09:57:18 - [INFO] file uploaded
2025-02-06 10:03:39 - [INFO] system check passed
2025-02-06 10:09:35 - [INFO] backup completed
2025-02-06 10:20:14 - [WARNING] Suspicious activity detected: malware
2025-02-06 10:22:07 - [INFO] file uploaded
2025-02-06 10:23:38 - [INFO] file uploaded
2025-02-06 10:28:13 - [WARNING] Suspicious activity detected: malware
2025-02-06 10:31:23 - [INFO] system check passed
2025-02-06 10:35:20 - [INFO] file uploaded
2025-02-06 10:46:14 - [INFO] email sent
2025-02-06 10:51:06 - [INFO] backup completed
2025-02-06 10:51:11 - [WARNING] Suspicious activity detected: malware
2025-02-06 10:53:42 - [INFO] file uploaded
2025-02-06 10:58:03 - [INFO] system check passed
2025-02-06 11:05:40 - [INFO] backup completed
2025-02-06 11:10:19 - [INFO] user login
2025-02-06 11:13:06 - [INFO] file uploaded
2025-02-06 11:33:06 - [WARNING] Suspicious activity detected: ddos
2025-02-06 11:37:26 - [WARNING] Suspicious activity detected: ddos
2025-02-06 11:57:11 - [WARNING] Suspicious activity detected: intrusion
2025-02-06 11:58:00 - [WARNING] Suspicious activity detected: brute_force
2025-02-06 12:06:41 - [WARNING] Suspicious activity detected: brute_force
2025-02-06 12:08:37 - [INFO] system check passed
2025-02-06 12:08:42 - [INFO] file uploaded
2025-02-06 12:08:58 - [INFO] email sent
2025-02-06 12:09:50 - [INFO] backup completed
2025-02-06 12:17:04 - [WARNING] Suspicious activity detected: ddos
2025-02-06 12:18:06 - [WARNING] Suspicious activity detected: malware
2025-02-06 12:18:49 - [WARNING] Suspicious activity detected: brute_force
2025-02-06 12:52:24 - [INFO] file uploaded
2025-02-06 12:57:30 - [WARNING] Suspicious activity detected: intrusion
2025-02-06 13:05:23 - [INFO] config updated
2025-02-06 13:11:20 - [INFO] config updated
2025-02-06 13:23:56 - [WARNING] Suspicious activity detected: port_scan
2025-02-06 13:28:36 - [WARNING] Suspicious activity detected: brute_force
2025-02-06 13:31:48 - [INFO] backup completed
2025-02-06 13:37:19 - [WARNING] Suspicious activity detected: port_scan
2025-02-06 13:43:30 - [INFO] file uploaded
2025-02-06 13:48:40 - [WARNING] Suspicious activity detected: ip_blocked
2025-02-06 13:54:34 - [INFO] user login
2025-02-06 13:59:27 - [INFO] system check passed
2025-02-06 14:02:25 - [WARNING] Suspicious activity detected: unauthorized_access
2025-02-06 14:07:22 - [INFO] system check passed
2025-02-06 14:12:16 - [INFO] file downloaded
2025-02-06 14:17:40 - [WARNING] Suspicious activity detected: intrusion
2025-02-06 14:19:17 - [INFO] email sent
2025-02-06 14:36:03 - [INFO] file downloaded
2025-02-06 14:36:39 - [WARNING] Suspicious activity detected: unauthorized_access
2025-02-06 14:44:19 - [INFO] email sent
2025-02-06 14:46:34 - [INFO] system check passed
2025-02-06 14:47:19 - [WARNING] Suspicious activity detected: sql_injection
2025-02-06 14:47:24 - [INFO] file uploaded
2025-02-06 14:57:05 - [INFO] email sent
2025-02-06 14:58:32 - [WARNING] Suspicious activity detected: port_scan
2025-02-06 15:01:35 - [WARNING] Suspicious activity detected: brute_force
2025-02-06 15:05:47 - [INFO] email sent
2025-02-06 15:08:20 - [INFO] email sent
2025-02-06 15:10:27 - [INFO] backup completed
2025-02-06 15:13:24 - [INFO] backup completed
2025-02-06 15:14:36 - [INFO] user login
2025-02-06 15:19:42 - [WARNING] Suspicious activity detected: ddos
2025-02-06 15:21:40 - [INFO] config updated
2025-02-06 15:34:30 - [INFO] file uploaded
2025-02-06 15:53:34 - [INFO] user login
2025-02-06 15:57:24 - [INFO] file downloaded
2025-02-06 16:03:06 - [INFO] system check passed
2025-02-06 16:13:26 - [INFO] user login
2025-02-06 16:30:20 - [WARNING] Suspicious activity detected: brute_force
2025-02-06 16:30:32 - [INFO] system check passed
2025-02-06 16:32:21 - [INFO] backup completed
2025-02-06 16:45:07 - [INFO] user login
2025-02-06 16:46:38 - [INFO] email sent
2025-02-06 16:48:30 - [WARNING] Suspicious activity detected: brute_force
2025-02-06 17:18:43 - [INFO] backup completed
2025-02-06 17:20:45 - [INFO] config updated
2025-02-06 17:20:55 - [INFO] backup completed
2025-02-06 17:22:26 - [WARNING] Suspicious activity detected: ddos
2025-02-06 17:38:35 - [INFO] file downloaded
2025-02-06 17:42:54 - [WARNING] Suspicious activity detected: malware
2025-02-06 17:44:10 - [WARNING] Suspicious activity detected: unauthorized_access
2025-02-06 17:44:19 - [WARNING] Suspicious activity detected: ip_blocked
2025-02-06 17:45:00 - [WARNING] Suspicious activity detected: ip_blocked
2025-02-06 17:48:01 - [INFO] backup completed
2025-02-06 17:50:38 - [WARNING] Suspicious activity detected: intrusion
2025-02-06 17:51:06 - [INFO] backup completed
2025-02-06 17:56:13 - [WARNING] Suspicious activity detected: unauthorized_access
2025-02-06 17:57:14 - [INFO] backup completed
2025-02-06 17:57:59 - [INFO] email sent
2025-02-06 17:58:56 - [INFO] file downloaded
2025-02-06 18:03:11 - [INFO] file uploaded
2025-02-06 18:10:00 - [WARNING] Suspicious activity detected: port_scan
2025-02-06 18:12:52 - [WARNING] Suspicious activity detected: intrusion
2025-02-06 18:15:13 - [INFO] file downloaded
2025-02-06 18:16:56 - [INFO] email sent
2025-02-06 18:22:48 - [INFO] system check passed
2025-02-06 18:23:28 - [INFO] file uploaded
2025-02-06 18:33:19 - [INFO] file downloaded
2025-02-06 18:37:50 - [INFO] user login
2025-02-06 18:51:25 - [INFO] system check passed
2025-02-06 18:53:06 - [WARNING] Suspicious activity detected: sql_injection
2025-02-06 18:55:06 - [INFO] file downloaded
2025-02-06 18:55:38 - [WARNING] Suspicious activity detected: brute_force
2025-02-06 19:02:25 - [INFO] email sent
2025-02-06 19:05:16 - [INFO] email sent
2025-02-06 19:10:42 - [WARNING] Suspicious activity detected: brute_force
2025-02-06 19:10:42 - [WARNING] Suspicious activity detected: unauthorized_access
2025-02-06 19:13:02 - [INFO] file downloaded
2025-02-06 19:26:42 - [INFO] system check passed
2025-02-06 19:27:20 - [INFO] file uploaded
2025-02-06 19:28:26 - [WARNING] Suspicious activity detected: port_scan
2025-02-06 19:32:37 - [WARNING] Suspicious activity detected: sql_injection
2025-02-06 19:38:27 - [INFO] backup completed
2025-02-06 19:38:47 - [WARNING] Suspicious activity detected: intrusion
2025-02-06 19:51:32 - [WARNING] Suspicious activity detected: malware
2025-02-06 20:03:23 - [INFO] file downloaded
2025-02-06 20:07:33 - [WARNING] Suspicious activity detected: intrusion
2025-02-06 20:07:56 - [WARNING] Suspicious activity detected: unauthorized_access
2025-02-06 20:09:40 - [INFO] email sent
2025-02-06 20:13:01 - [WARNING] Suspicious activity detected: ip_blocked
2025-02-06 20:18:24 - [INFO] file downloaded
2025-02-06 20:33:58 - [INFO] system check passed
2025-02-06 20:42:18 - [INFO] email sent
2025-02-06 20:50:27 - [INFO] file downloaded
2025-02-06 20:52:17 - [WARNING] Suspicious activity detected: ddos
2025-02-06 20:53:04 - [INFO] backup completed
2025-02-06 21:20:12 - [INFO] file uploaded
2025-02-06 21:20:47 - [INFO] system check passed
2025-02-06 21:25:01 - [INFO] config updated
2025-02-06 21:27:40 - [WARNING] Suspicious activity detected: brute_force
2025-02-06 21:31:11 - [WARNING] Suspicious activity detected: brute_force
2025-02-06 21:39:46 - [INFO] email sent
2025-02-06 21:45:21 - [INFO] file uploaded
2025-02-06 21:50:56 - [WARNING] Suspicious activity detected: ddos
2025-02-06 21:51:02 - [WARNING] Suspicious activity detected: ip_blocked
2025-02-06 21:57:42 - [INFO] backup completed
2025-02-06 22:00:40 - [INFO] file downloaded
2025-02-06 22:02:07 - [INFO] user login
2025-02-06 22:25:24 - [WARNING] Suspicious activity detected: ip_blocked
2025-02-06 22:49:30 - [INFO] file uploaded
2025-02-06 22:50:50 - [INFO] system check passed
2025-02-06 22:52:25 - [WARNING] Suspicious activity detected: unauthorized_access
2025-02-06 22:52:46 - [WARNING] Suspicious activity detected: sql_injection
2025-02-06 22:53:55 - [INFO] system check passed
2025-02-06 23:05:32 - [WARNING] Suspicious activity detected: ip_blocked
2025-02-06 23:07:07 - [INFO] system check passed
2025-02-06 23:10:34 - [WARNING] Suspicious activity detected: ip_blocked
2025-02-06 23:15:39 - [INFO] file downloaded
2025-02-06 23:24:48 - [WARNING] Suspicious activity detected: unauthorized_access
2025-02-06 23:27:02 - [INFO] system check passed
2025-02-06 23:29:47 - [INFO] user login
2025-02-06 23:32:49 - [INFO] system check passed
2025-02-06 23:36:40 - [INFO] backup completed
2025-02-06 23:38:46 - [WARNING] Suspicious activity detected: port_scan
2025-02-06 23:47:54 - [INFO] config updated
2025-02-06 23:50:39 - [INFO] config updated