2025-02-23 00:06:18 - [WARNING] Suspicious activity detected: ip_blocked
2025-02-23 00:11:39 - [INFO] file downloaded
2025-02-23 00:13:26 - [INFO] user login
2025-02-23 00:15:01 - [INFO] file downloaded
2025-02-23 00:16:23 - [INFO] file downloaded
2025-02-23 00:20:35 - [INFO] email sent
2025-02-23 00:23:23 - [WARNING] Suspicious activity detected: port_scan
2025-02-23 00:30:08 - [INFO] user login
2025-02-23 00:34:02 - [INFO] file downloaded
2025-02-23 00:35:18 - [INFO] file uploaded
2025-02-23 00:38:45 - [INFO] system check passed
2025-02-23 00:41:39 - [INFO] backup completed
2025-02-23 00:45:46 - [INFO] file downloaded
2025-02-23 01:00:03 - [INFO] config updated
2025-02-23 01:02:17 - [WARNING] Suspicious activity detected: brute_force
2025-02-23 01:05:52 - [INFO] file downloaded
2025-02-23 01:10:59 - [INFO] file downloaded
2025-02-23 01:28:33 - [WARNING] Suspicious activity detected: port_scan
2025-02-23 01:49:06 - [INFO] user login
2025-02-23 01:49:40 - [INFO] email sent
2025-02-23 02:03:16 - [INFO] config updated
2025-02-23 02:08:05 - [INFO] backup completed
2025-02-23 02:19:50 - [INFO] file uploaded
2025-02-23 02:28:31 - [WARNING] Suspicious activity detected: ddos
2025-02-23 02:38:08 - [INFO] file uploaded
2025-02-23 02:39:28 - [INFO] backup completed
2025-02-23 02:40:40 - [INFO] config updated
2025-02-23 02:49:33 - [INFO] system check passed
2025-02-23 02:50:50 - [INFO] backup completed
2025-02-23 03:21:46 - [INFO] config updated
2025-02-23 03:22:00 - [INFO] file downloaded
2025-02-23 03:26:11 - [INFO] config updated
2025-02-23 03:27:25 - [INFO] file downloaded
2025-02-23 03:27:49 - [INFO] system check passed
2025-02-23 03:31:26 - [INFO] file downloaded
2025-02-23 03:42:49 - [INFO] config updated
2025-02-23 03:44:40 - [INFO] email sent
2025-02-23 03:46:34 - [INFO] email sent
2025-02-23 03:55:56 - [INFO] user login
2025-02-23 03:58:21 - [INFO] backup completed
2025-02-23 03:59:56 - [WARNING] Suspicious activity detected: port_scan
2025-02-23 04:12:26 - [INFO] file downloaded
2025-02-23 04:12:43 - [INFO] file uploaded
2025-02-23 04:37:26 - [INFO] backup completed
2025-02-23 04:54:35 - [INFO] user login
2025-02-23 04:56:08 - [INFO] user login
2025-02-23 05:08:42 - [INFO] backup completed
2025-02-23 05:13:13 - [INFO] user login
2025-02-23 05:13:44 - [INFO] user login
2025-02-23 05:14:36 - [WARNING] Suspicious activity detected: port_scan
2025-02-23 05:20:11 - [INFO] system check passed
2025-02-23 05:21:08 - [INFO] backup completed
2025-02-23 05:21:47 - [INFO] backup completed
2025-02-23 05:24:56 - [INFO] system check passed
2025-02-23 05:29:28 - [INFO] config updated
2025-02-23 05:39:46 - [INFO] config updated
2025-02-23 05:40:16 - [INFO] config updated
2025-02-23 05:44:15 - [INFO] config updated
2025-02-23 05:45:21 - [INFO] file downloaded
2025-02-23 05:51:07 - [INFO] user login
2025-02-23 05:52:20 - [INFO] file downloaded
2025-02-23 05:59:05 - [WARNING] Suspicious activity detected: malware
2025-02-23 06:07:21 - [INFO] backup completed
2025-02-23 06:09:12 - [INFO] file downloaded
2025-02-23 06:20:58 - [INFO] config updated
2025-02-23 06:46:14 - [WARNING] Suspicious activity detected: ip_blocked
2025-02-23 06:46:24 - [WARNING] Suspicious activity detected: port_scan
2025-02-23 06:50:47 - [WARNING] Suspicious activity detected: ip_blocked
2025-02-23 07:00:03 - [INFO] config updated
2025-02-23 07:02:27 - [INFO] file downloaded
2025-02-23 07:06:29 - [WARNING] Suspicious activity detected: ddos
2025-02-23 07:09:14 - [INFO] backup completed
2025-02-23 07:29:37 - [INFO] file downloaded
2025-02-23 07:40:26 - [INFO] backup completed
2025-02-23 07:42:42 - [WARNING] Suspicious activity detected: malware
2025-02-23 07:46:29 - [INFO] backup completed
2025-02-23 07:51:58 - [INFO] config updated
2025-02-23 07:58:00 - [WARNING] Suspicious activity detected: brute_force
2025-02-23 07:58:53 - [INFO] backup completed
2025-02-23 08:04:01 - [INFO] email sent
2025-02-23 08:33:07 - [INFO] email sent
2025-02-23 08:36:12 - [WARNING] Suspicious activity detected: port_scan
2025-02-23 08:43:09 - [INFO] backup completed
2025-02-23 08:44:05 - [WARNING] Suspicious activity detected: ddos
2025-02-23 08:46:28 - [INFO] file downloaded
2025-02-23 08:50:16 - [INFO] backup completed
2025-02-23 09:00:15 - [INFO] file uploaded
2025-02-23 09:07:30 - [INFO] email sent
2025-02-23 09:15:22 - [INFO] file downloaded
2025-02-23 09:18:05 - [WARNING] Suspicious activity detected: ip_blocked
2025-02-23 09:25:13 - [WARNING] Suspicious activity detected: intrusion
2025-02-23 09:39:44 - [WARNING] Suspicious activity detected: sql_injection
2025-02-23 09:42:24 - [INFO] backup completed
2025-02-23 09:43:33 - [INFO] file downloaded
2025-02-23 10:01:25 - [WARNING] Suspicious activity detected: ddos
2025-02-23 10:02:09 - [INFO] config updated
2025-02-23 10:22:21 - [INFO] user login
2025-02-23 10:44:22 - [INFO] system check passed
2025-02-23 10:48:22 - [INFO] user login
2025-02-23 10:51:13 - [INFO] system check passed
2025-02-23 10:54:37 - [WARNING] Suspicious activity detected: unauthorized_access
2025-02-23 10:54:55 - [INFO] file uploaded
2025-02-23 11:20:08 - [INFO] system check passed
2025-02-23 11:20:46 - [INFO] email sent
2025-02-23 11:31:00 - [WARNING] Suspicious activity detected: ddos
2025-02-23 11:31:54 - [INFO] system check passed
2025-02-23 11:35:18 - [INFO] config updated
2025-02-23 11:42:39 - [INFO] system check passed
2025-02-23 11:48:16 - [WARNING] Suspicious activity detected: unauthorized_access
2025-02-23 11:56:05 - [INFO] user login
2025-02-23 12:02:14 - [INFO] user login
2025-02-23 12:15:02 - [INFO] config updated
2025-02-23 12:15:29 - [INFO] file uploaded
2025-02-23 12:25:46 - [INFO] user login
2025-02-23 12:40:25 - [WARNING] Suspicious activity detected: ip_blocked
2025-02-23 12:41:29 - [INFO] backup completed
2025-02-23 12:47:37 - [INFO] file uploaded
2025-02-23 12:51:29 - [INFO] user login
2025-02-23 13:04:26 - [INFO] user login
2025-02-23 13:06:06 - [INFO] file uploaded
2025-02-23 13:06:46 - [INFO] config updated
2025-02-23 13:13:48 - [INFO] user login
2025-02-23 13:22:48 - [INFO] file downloaded
2025-02-23 13:39:24 - [INFO] backup completed
2025-02-23 13:39:36 - [INFO] config updated
2025-02-23 13:48:16 - [INFO] file downloaded
2025-02-23 13:53:57 - [INFO] backup completed
2025-02-23 14:00:13 - [INFO] config updated
2025-02-23 14:06:36 - [WARNING] Suspicious activity detected: unauthorized_access
2025-02-23 14:08:08 - [INFO] file uploaded
2025-02-23 14:17:14 - [WARNING] Suspicious activity detected: ddos
2025-02-23 14:17:34 - [INFO] system check passed
2025-02-23 14:27:17 - [INFO] user login
2025-02-23 14:38:08 - [WARNING] Suspicious activity detected: port_scan
2025-02-23 14:41:28 - [INFO] config updated
2025-02-23 14:59:02 - [WARNING] Suspicious activity detected: unauthorized_access
2025-02-23 15:05:53 - [INFO] file downloaded
2025-02-23 15:33:30 - [INFO] system check passed
2025-02-23 15:42:51 - [WARNING] Suspicious activity detected: unauthorized_access
2025-02-23 15:43:13 - [INFO] email sent
2025-02-23 15:43:45 - [INFO] system check passed
2025-02-23 15:49:43 - [WARNING] Suspicious activity detected: brute_force
2025-02-23 15:55:14 - [WARNING] Suspicious activity detected: ip_blocked
2025-02-23 15:58:38 - [WARNING] Suspicious activity detected: unauthorized_access
2025-02-23 16:07:39 - [INFO] file downloaded
2025-02-23 16:12:05 - [INFO] file uploaded
2025-02-23 16:19:04 - [INFO] system check passed
2025-02-23 16:24:54 - [WARNING] Suspicious activity detected: ip_blocked
2025-02-23 16:27:09 - [INFO] file downloaded
2025-02-23 16:31:45 - [WARNING] Suspicious activity detected: sql_injection
2025-02-23 16:43:27 - [INFO] backup completed
2025-02-23 16:44:09 - [INFO] system check passed
2025-02-23 16:46:25 - [INFO] backup completed
2025-02-23 16:53:35 - [INFO] file uploaded
2025-02-23 17:08:32 - [INFO] email sent
2025-02-23 17:09:56 - [INFO] config updated
2025-02-23 17:22:09 - [INFO] file uploaded
2025-02-23 17:29:42 - [WARNING] Suspicious activity detected: port_scan
2025-02-23 17:30:16 - [INFO] backup completed
2025-02-23 17:30:46 - [INFO] config updated
2025-02-23 17:35:34 - [INFO] file uploaded
2025-02-23 17:54:25 - [INFO] email sent
2025-02-23 17:59:03 - [INFO] file downloaded
2025-02-23 18:06:44 - [INFO] file uploaded
2025-02-23 18:08:18 - [INFO] user login
2025-02-23 18:12:38 - [INFO] backup completed
2025-02-23 18:29:00 - [INFO] user login
2025-02-23 18:29:12 - [INFO] system check passed
2025-02-23 18:31:29 - [INFO] backup completed
2025-02-23 18:39:03 - [INFO] backup completed
2025-02-23 18:41:52 - [INFO] file uploaded
2025-02-23 18:42:04 - [INFO] config updated
2025-02-23 18:46:14 - [INFO] config updated
2025-02-23 18:55:19 - [WARNING] Suspicious activity detected: unauthorized_access
2025-02-23 19:07:55 - [INFO] email sent
2025-02-23 19:12:51 - [WARNING] Suspicious activity detected: ddos
2025-02-23 19:15:27 - [INFO] system check passed
2025-02-23 19:37:04 - [INFO] email sent
2025-02-23 19:45:15 - [INFO] file downloaded
2025-02-23 19:54:39 - [INFO] system check passed
2025-02-23 19:59:11 - [INFO] email sent
2025-02-23 20:03:21 - [INFO] user login
2025-02-23 20:17:12 - [INFO] email sent
2025-02-23 20:25:20 - [INFO] user login
2025-02-23 20:27:49 - [INFO] config updated
2025-02-23 20:28:14 - [INFO] config updated
2025-02-23 20:30:20 - [WARNING] Suspicious activity detected: malware
2025-02-23 20:33:14 - [INFO] user login
2025-02-23 20:48:12 - [INFO] system check passed
2025-02-23 21:04:27 - [INFO] config updated
2025-02-23 21:05:04 - [INFO] user login
2025-02-23 21:08:30 - [INFO] config updated
2025-02-23 21:12:38 - [INFO] file downloaded
2025-02-23 21:15:53 - [WARNING] Suspicious activity detected: sql_injection
2025-02-23 21:34:18 - [INFO] file downloaded
2025-02-23 21:36:46 - [WARNING] Suspicious activity detected: unauthorized_access
2025-02-23 21:42:50 - [INFO] config updated
2025-02-23 21:43:56 - [INFO] config updated
2025-02-23 21:45:01 - [INFO] user login
2025-02-23 21:56:29 - [INFO] config updated
2025-02-23 22:07:24 - [WARNING] Suspicious activity detected: sql_injection
2025-02-23 22:08:08 - [INFO] email sent
2025-02-23 22:10:31 - [INFO] system check passed
2025-02-23 22:10:33 - [INFO] user login
2025-02-23 22:14:53 - [INFO] user login
2025-02-23 22:19:31 - [INFO] email sent
2025-02-23 22:25:14 - [INFO] user login
2025-02-23 22:27:48 - [INFO] file uploaded
2025-02-23 22:34:49 - [INFO] file downloaded
2025-02-23 22:56:10 - [INFO] backup completed
2025-02-23 22:57:12 - [INFO] config updated
2025-02-23 22:58:09 - [WARNING] Suspicious activity detected: malware
2025-02-23 22:59:21 - [WARNING] Suspicious activity detected: ip_blocked
2025-02-23 23:03:44 - [INFO] backup completed
2025-02-23 23:21:35 - [INFO] user login
2025-02-23 23:34:27 - [INFO] system check passed
2025-02-23 23:35:32 - [INFO] file uploaded
2025-02-23 23:39:30 - [WARNING] Suspicious activity detected: intrusion
2025-02-23 23:39:40 - [INFO] system check passed