2025-02-12 00:00:45 - [WARNING] Suspicious activity detected: unauthorized_access
2025-02-12 00:13:35 - [WARNING] Suspicious activity detected: ip_blocked
2025-02-12 00:19:20 - [INFO] user login
2025-02-12 00:32:33 - [INFO] backup completed
2025-02-12 00:47:41 - [INFO] file downloaded
2025-02-12 00:56:21 - [INFO] system check passed
2025-02-12 01:15:24 - [WARNING] Suspicious activity detected: brute_force
2025-02-12 01:15:45 - [INFO] email sent
2025-02-12 01:24:33 - [INFO] email sent
2025-02-12 01:36:56 - [INFO] file uploaded
2025-02-12 01:51:14 - [INFO] user login
2025-02-12 01:51:44 - [INFO] file downloaded
2025-02-12 02:11:43 - [INFO] email sent
2025-02-12 02:24:33 - [INFO] user login
2025-02-12 02:27:39 - [WARNING] Suspicious activity detected: ddos
2025-02-12 02:28:01 - [INFO] file uploaded
2025-02-12 02:32:57 - [INFO] email sent
2025-02-12 03:03:53 - [INFO] system check passed
2025-02-12 03:11:16 - [INFO] email sent
2025-02-12 03:21:39 - [INFO] file downloaded
2025-02-12 04:00:06 - [INFO] email sent
2025-02-12 04:02:14 - [INFO] user login
2025-02-12 04:06:10 - [INFO] config updated
2025-02-12 04:11:57 - [INFO] file downloaded
2025-02-12 04:12:25 - [INFO] backup completed
2025-02-12 04:18:43 - [INFO] user login
2025-02-12 04:21:33 - [INFO] file downloaded
2025-02-12 04:31:28 - [WARNING] Suspicious activity detected: intrusion
2025-02-12 04:40:18 - [INFO] user login
2025-02-12 04:42:27 - [INFO] user login
2025-02-12 04:47:14 - [INFO] system check passed
2025-02-12 04:57:24 - [WARNING] Suspicious activity detected: brute_force
2025-02-12 04:58:08 - [INFO] file uploaded
2025-02-12 04:58:12 - [INFO] backup completed
2025-02-12 04:58:13 - [INFO] system check passed
2025-02-12 05:15:41 - [INFO] backup completed
2025-02-12 05:45:39 - [INFO] file downloaded
2025-02-12 05:49:48 - [WARNING] Suspicious activity detected: unauthorized_access
2025-02-12 06:06:33 - [INFO] file uploaded
2025-02-12 06:09:52 - [INFO] email sent
2025-02-12 06:12:33 - [INFO] email sent
2025-02-12 06:12:54 - [WARNING] Suspicious activity detected: sql_injection
2025-02-12 06:19:31 - [WARNING] Suspicious activity detected: port_scan
2025-02-12 06:35:14 - [WARNING] Suspicious activity detected: port_scan
2025-02-12 06:36:55 - [WARNING] Suspicious activity detected: unauthorized_access
2025-02-12 06:44:46 - [INFO] file downloaded
2025-02-12 06:50:43 - [WARNING] Suspicious activity detected: sql_injection
2025-02-12 06:51:32 - [INFO] config updated
2025-02-12 07:10:57 - [INFO] email sent
2025-02-12 07:36:16 - [INFO] config updated
2025-02-12 07:39:59 - [WARNING] Suspicious activity detected: sql_injection
2025-02-12 07:43:11 - [WARNING] Suspicious activity detected: brute_force
2025-02-12 07:46:34 - [WARNING] Suspicious activity detected: ip_blocked
2025-02-12 07:48:10 - [WARNING] Suspicious activity detected: unauthorized_access
2025-02-12 07:48:51 - [WARNING] Suspicious activity detected: sql_injection
2025-02-12 07:53:20 - [INFO] backup completed
2025-02-12 08:01:00 - [INFO] config updated
2025-02-12 08:01:43 - [INFO] config updated
2025-02-12 08:06:36 - [INFO] email sent
2025-02-12 08:07:13 - [INFO] file downloaded
2025-02-12 08:09:41 - [INFO] backup completed
2025-02-12 08:10:28 - [WARNING] Suspicious activity detected: intrusion
2025-02-12 08:21:09 - [INFO] system check passed
2025-02-12 08:57:24 - [INFO] user login
2025-02-12 09:00:09 - [INFO] backup completed
2025-02-12 09:15:13 - [WARNING] Suspicious activity detected: sql_injection
2025-02-12 09:16:02 - [WARNING] Suspicious activity detected: sql_injection
2025-02-12 09:16:04 - [INFO] backup completed
2025-02-12 09:29:47 - [INFO] system check passed
2025-02-12 09:32:00 - [INFO] system check passed
2025-02-12 09:51:59 - [INFO] file downloaded
2025-02-12 10:00:55 - [INFO] file downloaded
2025-02-12 10:20:48 - [INFO] backup completed
2025-02-12 10:22:57 - [INFO] file downloaded
2025-02-12 10:31:40 - [INFO] config updated
2025-02-12 10:32:27 - [INFO] config updated
2025-02-12 10:33:50 - [INFO] backup completed
2025-02-12 10:39:20 - [INFO] file uploaded
2025-02-12 10:50:41 - [INFO] system check passed
2025-02-12 10:52:20 - [WARNING] Suspicious activity detected: port_scan
2025-02-12 10:53:17 - [WARNING] Suspicious activity detected: ip_blocked
2025-02-12 11:04:26 - [INFO] email sent
2025-02-12 11:07:42 - [INFO] file downloaded
2025-02-12 11:16:20 - [INFO] user login
2025-02-12 11:27:31 - [WARNING] Suspicious activity detected: ddos
2025-02-12 11:32:10 - [INFO] email sent
2025-02-12 11:40:54 - [INFO] backup completed
2025-02-12 11:56:31 - [INFO] file downloaded
2025-02-12 11:58:33 - [INFO] system check passed
2025-02-12 12:01:48 - [INFO] config updated
2025-02-12 12:12:56 - [INFO] config updated
2025-02-12 12:25:59 - [WARNING] Suspicious activity detected: malware
2025-02-12 12:39:17 - [INFO] system check passed
2025-02-12 12:44:04 - [INFO] config updated
2025-02-12 12:44:32 - [INFO] backup completed
2025-02-12 12:48:44 - [INFO] email sent
2025-02-12 12:56:50 - [INFO] file downloaded
2025-02-12 13:02:37 - [INFO] config updated
2025-02-12 13:05:24 - [INFO] email sent
2025-02-12 13:12:02 - [INFO] system check passed
2025-02-12 13:17:00 - [INFO] user login
2025-02-12 13:17:21 - [INFO] email sent
2025-02-12 13:18:13 - [INFO] file uploaded
2025-02-12 13:29:23 - [INFO] system check passed
2025-02-12 13:30:50 - [INFO] backup completed
2025-02-12 13:40:04 - [INFO] backup completed
2025-02-12 13:46:04 - [INFO] file downloaded
2025-02-12 13:47:44 - [INFO] file uploaded
2025-02-12 13:51:33 - [INFO] backup completed
2025-02-12 13:53:10 - [INFO] user login
2025-02-12 13:56:46 - [WARNING] Suspicious activity detected: brute_force
2025-02-12 14:12:54 - [INFO] file downloaded
2025-02-12 14:13:13 - [WARNING] Suspicious activity detected: port_scan
2025-02-12 14:13:22 - [INFO] backup completed
2025-02-12 14:20:27 - [WARNING] Suspicious activity detected: port_scan
2025-02-12 14:24:39 - [WARNING] Suspicious activity detected: sql_injection
2025-02-12 14:26:08 - [INFO] file downloaded
2025-02-12 14:26:53 - [INFO] email sent
2025-02-12 14:30:18 - [INFO] system check passed
2025-02-12 14:33:41 - [INFO] system check passed
2025-02-12 14:39:17 - [INFO] system check passed
2025-02-12 15:19:11 - [INFO] backup completed
2025-02-12 15:50:45 - [INFO] file downloaded
2025-02-12 15:55:02 - [INFO] config updated
2025-02-12 16:17:18 - [WARNING] Suspicious activity detected: sql_injection
2025-02-12 16:37:39 - [INFO] email sent
2025-02-12 16:46:10 - [INFO] file uploaded
2025-02-12 16:49:32 - [INFO] system check passed
2025-02-12 17:15:00 - [INFO] backup completed
2025-02-12 17:27:01 - [INFO] system check passed
2025-02-12 17:37:45 - [INFO] system check passed
2025-02-12 17:45:17 - [INFO] backup completed
2025-02-12 17:58:08 - [WARNING] Suspicious activity detected: ip_blocked
2025-02-12 17:59:21 - [INFO] file uploaded
2025-02-12 18:06:16 - [WARNING] Suspicious activity detected: brute_force
2025-02-12 18:28:17 - [INFO] file downloaded
2025-02-12 18:33:45 - [INFO] file downloaded
2025-02-12 18:41:23 - [INFO] email sent
2025-02-12 18:44:49 - [INFO] system check passed
2025-02-12 18:47:28 - [INFO] config updated
2025-02-12 18:56:31 - [INFO] file uploaded
2025-02-12 18:59:00 - [INFO] backup completed
2025-02-12 19:00:51 - [WARNING] Suspicious activity detected: intrusion
2025-02-12 19:30:38 - [INFO] email sent
2025-02-12 19:31:41 - [INFO] system check passed
2025-02-12 19:32:50 - [INFO] file downloaded
2025-02-12 19:34:55 - [INFO] file downloaded
2025-02-12 19:37:33 - [WARNING] Suspicious activity detected: sql_injection
2025-02-12 19:44:51 - [INFO] config updated
2025-02-12 19:48:17 - [INFO] file uploaded
2025-02-12 19:49:55 - [INFO] file downloaded
2025-02-12 19:50:04 - [INFO] file downloaded
2025-02-12 19:53:55 - [INFO] user login
2025-02-12 19:54:58 - [INFO] email sent
2025-02-12 19:56:20 - [INFO] backup completed
2025-02-12 19:58:45 - [INFO] system check passed
2025-02-12 20:04:42 - [INFO] backup completed
2025-02-12 20:09:02 - [WARNING] Suspicious activity detected: sql_injection
2025-02-12 20:10:21 - [INFO] email sent
2025-02-12 20:26:03 - [INFO] file uploaded
2025-02-12 20:30:03 - [INFO] file downloaded
2025-02-12 20:46:49 - [WARNING] Suspicious activity detected: sql_injection
2025-02-12 20:48:35 - [INFO] user login
2025-02-12 21:31:47 - [INFO] system check passed
2025-02-12 21:34:54 - [INFO] file downloaded
2025-02-12 21:37:00 - [INFO] system check passed
2025-02-12 21:59:33 - [INFO] email sent
2025-02-12 22:29:47 - [INFO] system check passed
2025-02-12 22:31:04 - [INFO] backup completed
2025-02-12 22:45:38 - [WARNING] Suspicious activity detected: intrusion
2025-02-12 23:03:08 - [INFO] email sent
2025-02-12 23:03:34 - [INFO] system check passed
2025-02-12 23:04:13 - [INFO] file downloaded
2025-02-12 23:08:53 - [INFO] system check passed
2025-02-12 23:17:58 - [INFO] config updated
2025-02-12 23:28:43 - [INFO] system check passed
2025-02-12 23:30:01 - [WARNING] Suspicious activity detected: intrusion
2025-02-12 23:34:14 - [INFO] user login
2025-02-12 23:35:24 - [INFO] config updated
2025-02-12 23:52:02 - [INFO] config updated