2025-03-11 00:00:03 - [INFO] config updated
2025-03-11 00:10:15 - [WARNING] Suspicious activity detected: brute_force
2025-03-11 00:12:27 - [INFO] system check passed
2025-03-11 00:31:52 - [INFO] user login
2025-03-11 00:35:06 - [INFO] system check passed
2025-03-11 00:40:33 - [INFO] file downloaded
2025-03-11 01:13:42 - [INFO] config updated
2025-03-11 01:17:48 - [INFO] system check passed
2025-03-11 01:30:47 - [WARNING] Suspicious activity detected: ddos
2025-03-11 01:32:37 - [WARNING] Suspicious activity detected: ip_blocked
2025-03-11 01:49:18 - [INFO] backup completed
2025-03-11 02:02:24 - [WARNING] Suspicious activity detected: unauthorized_access
2025-03-11 02:07:02 - [INFO] file downloaded
2025-03-11 02:16:39 - [INFO] backup completed
2025-03-11 02:35:09 - [INFO] backup completed
2025-03-11 02:39:56 - [INFO] email sent
2025-03-11 03:03:39 - [INFO] user login
2025-03-11 03:03:46 - [INFO] email sent
2025-03-11 03:17:47 - [INFO] file downloaded
2025-03-11 03:27:12 - [INFO] email sent
2025-03-11 03:46:44 - [INFO] file downloaded
2025-03-11 03:57:43 - [INFO] system check passed
2025-03-11 04:07:54 - [WARNING] Suspicious activity detected: intrusion
2025-03-11 04:15:49 - [INFO] backup completed
2025-03-11 04:22:53 - [INFO] backup completed
2025-03-11 04:24:20 - [INFO] backup completed
2025-03-11 04:25:38 - [INFO] backup completed
2025-03-11 04:37:41 - [WARNING] Suspicious activity detected: brute_force
2025-03-11 04:47:44 - [INFO] backup completed
2025-03-11 04:50:15 - [WARNING] Suspicious activity detected: ddos
2025-03-11 04:50:34 - [INFO] config updated
2025-03-11 04:53:46 - [WARNING] Suspicious activity detected: ip_blocked
2025-03-11 04:58:04 - [WARNING] Suspicious activity detected: unauthorized_access
2025-03-11 05:00:52 - [WARNING] Suspicious activity detected: sql_injection
2025-03-11 05:21:02 - [WARNING] Suspicious activity detected: ip_blocked
2025-03-11 05:26:38 - [WARNING] Suspicious activity detected: unauthorized_access
2025-03-11 05:36:58 - [WARNING] Suspicious activity detected: sql_injection
2025-03-11 05:39:33 - [WARNING] Suspicious activity detected: ip_blocked
2025-03-11 05:46:35 - [INFO] system check passed
2025-03-11 05:55:24 - [WARNING] Suspicious activity detected: brute_force
2025-03-11 06:02:30 - [INFO] backup completed
2025-03-11 06:07:33 - [INFO] file downloaded
2025-03-11 06:29:31 - [WARNING] Suspicious activity detected: sql_injection
2025-03-11 06:30:18 - [INFO] backup completed
2025-03-11 06:38:37 - [WARNING] Suspicious activity detected: malware
2025-03-11 06:58:57 - [INFO] email sent
2025-03-11 07:00:13 - [INFO] system check passed
2025-03-11 07:01:33 - [WARNING] Suspicious activity detected: unauthorized_access
2025-03-11 07:03:15 - [WARNING] Suspicious activity detected: sql_injection
2025-03-11 07:03:45 - [INFO] backup completed
2025-03-11 07:25:24 - [INFO] config updated
2025-03-11 07:42:12 - [WARNING] Suspicious activity detected: port_scan
2025-03-11 07:56:38 - [WARNING] Suspicious activity detected: malware
2025-03-11 08:01:21 - [INFO] email sent
2025-03-11 08:10:39 - [INFO] backup completed
2025-03-11 08:13:29 - [INFO] email sent
2025-03-11 08:16:35 - [INFO] config updated
2025-03-11 08:34:21 - [WARNING] Suspicious activity detected: ddos
2025-03-11 08:36:43 - [INFO] system check passed
2025-03-11 08:38:24 - [INFO] email sent
2025-03-11 08:47:16 - [WARNING] Suspicious activity detected: brute_force
2025-03-11 09:09:29 - [INFO] file uploaded
2025-03-11 09:13:37 - [INFO] file uploaded
2025-03-11 09:17:04 - [WARNING] Suspicious activity detected: brute_force
2025-03-11 09:23:52 - [INFO] backup completed
2025-03-11 09:26:37 - [WARNING] Suspicious activity detected: brute_force
2025-03-11 09:29:21 - [INFO] file downloaded
2025-03-11 09:35:26 - [WARNING] Suspicious activity detected: ddos
2025-03-11 09:48:48 - [WARNING] Suspicious activity detected: sql_injection
2025-03-11 09:49:02 - [INFO] email sent
2025-03-11 09:51:07 - [INFO] config updated
2025-03-11 10:03:48 - [WARNING] Suspicious activity detected: malware
2025-03-11 10:07:35 - [WARNING] Suspicious activity detected: sql_injection
2025-03-11 10:09:16 - [INFO] backup completed
2025-03-11 10:15:31 - [INFO] email sent
2025-03-11 11:02:47 - [WARNING] Suspicious activity detected: sql_injection
2025-03-11 11:03:55 - [WARNING] Suspicious activity detected: sql_injection
2025-03-11 11:07:25 - [INFO] user login
2025-03-11 11:08:44 - [INFO] email sent
2025-03-11 11:12:29 - [INFO] config updated
2025-03-11 11:15:38 - [INFO] file downloaded
2025-03-11 11:16:47 - [WARNING] Suspicious activity detected: port_scan
2025-03-11 11:36:25 - [INFO] email sent
2025-03-11 11:40:59 - [WARNING] Suspicious activity detected: brute_force
2025-03-11 11:50:41 - [WARNING] Suspicious activity detected: sql_injection
2025-03-11 11:58:41 - [INFO] file uploaded
2025-03-11 12:00:28 - [INFO] file uploaded
2025-03-11 12:02:33 - [INFO] config updated
2025-03-11 12:06:49 - [INFO] user login
2025-03-11 12:21:43 - [INFO] email sent
2025-03-11 12:35:00 - [WARNING] Suspicious activity detected: port_scan
2025-03-11 12:55:21 - [INFO] system check passed
2025-03-11 13:15:19 - [INFO] backup completed
2025-03-11 13:24:40 - [WARNING] Suspicious activity detected: intrusion
2025-03-11 13:27:28 - [WARNING] Suspicious activity detected: port_scan
2025-03-11 13:33:47 - [INFO] file uploaded
2025-03-11 13:35:18 - [INFO] system check passed
2025-03-11 13:39:40 - [INFO] file downloaded
2025-03-11 13:48:39 - [INFO] backup completed
2025-03-11 14:04:51 - [WARNING] Suspicious activity detected: port_scan
2025-03-11 14:23:26 - [INFO] user login
2025-03-11 14:34:04 - [INFO] system check passed
2025-03-11 14:36:48 - [WARNING] Suspicious activity detected: ip_blocked
2025-03-11 14:56:15 - [INFO] file downloaded
2025-03-11 14:59:58 - [INFO] user login
2025-03-11 15:07:31 - [INFO] file downloaded
2025-03-11 15:16:06 - [INFO] file uploaded
2025-03-11 15:16:18 - [INFO] file downloaded
2025-03-11 15:16:38 - [WARNING] Suspicious activity detected: unauthorized_access
2025-03-11 15:28:14 - [INFO] system check passed
2025-03-11 15:33:04 - [INFO] email sent
2025-03-11 15:36:44 - [INFO] file uploaded
2025-03-11 15:44:10 - [INFO] system check passed
2025-03-11 15:48:05 - [WARNING] Suspicious activity detected: malware
2025-03-11 15:48:35 - [INFO] system check passed
2025-03-11 15:55:59 - [WARNING] Suspicious activity detected: ddos
2025-03-11 16:14:48 - [INFO] system check passed
2025-03-11 16:18:18 - [WARNING] Suspicious activity detected: brute_force
2025-03-11 16:19:33 - [WARNING] Suspicious activity detected: unauthorized_access
2025-03-11 16:20:51 - [WARNING] Suspicious activity detected: brute_force
2025-03-11 16:29:11 - [INFO] file uploaded
2025-03-11 16:36:12 - [WARNING] Suspicious activity detected: ip_blocked
2025-03-11 16:42:57 - [WARNING] Suspicious activity detected: port_scan
2025-03-11 16:43:56 - [INFO] system check passed
2025-03-11 16:53:40 - [WARNING] Suspicious activity detected: port_scan
2025-03-11 16:55:47 - [INFO] user login
2025-03-11 17:22:12 - [INFO] file uploaded
2025-03-11 17:34:18 - [WARNING] Suspicious activity detected: ip_blocked
2025-03-11 17:54:21 - [INFO] email sent
2025-03-11 17:57:54 - [INFO] config updated
2025-03-11 17:58:45 - [INFO] email sent
2025-03-11 18:06:24 - [INFO] file downloaded
2025-03-11 18:06:44 - [INFO] user login
2025-03-11 18:06:59 - [INFO] user login
2025-03-11 18:40:18 - [INFO] user login
2025-03-11 18:53:07 - [INFO] file uploaded
2025-03-11 19:02:36 - [INFO] email sent
2025-03-11 19:13:32 - [INFO] config updated
2025-03-11 19:31:10 - [INFO] system check passed
2025-03-11 19:31:53 - [INFO] config updated
2025-03-11 19:42:21 - [WARNING] Suspicious activity detected: ddos
2025-03-11 19:51:35 - [INFO] backup completed
2025-03-11 20:06:28 - [WARNING] Suspicious activity detected: malware
2025-03-11 20:16:52 - [WARNING] Suspicious activity detected: port_scan
2025-03-11 20:25:22 - [WARNING] Suspicious activity detected: malware
2025-03-11 20:28:54 - [INFO] email sent
2025-03-11 20:35:04 - [INFO] file uploaded
2025-03-11 20:54:34 - [INFO] system check passed
2025-03-11 20:59:00 - [WARNING] Suspicious activity detected: intrusion
2025-03-11 21:06:21 - [WARNING] Suspicious activity detected: brute_force
2025-03-11 21:12:49 - [INFO] config updated
2025-03-11 21:17:09 - [WARNING] Suspicious activity detected: ddos
2025-03-11 21:29:51 - [INFO] user login
2025-03-11 21:31:56 - [INFO] file downloaded
2025-03-11 21:32:54 - [WARNING] Suspicious activity detected: intrusion
2025-03-11 21:35:49 - [INFO] file downloaded
2025-03-11 21:46:27 - [INFO] system check passed
2025-03-11 21:50:32 - [INFO] email sent
2025-03-11 21:53:14 - [WARNING] Suspicious activity detected: intrusion
2025-03-11 21:57:21 - [INFO] config updated
2025-03-11 22:00:01 - [INFO] file uploaded
2025-03-11 22:08:17 - [WARNING] Suspicious activity detected: port_scan
2025-03-11 22:16:22 - [INFO] email sent
2025-03-11 22:17:58 - [INFO] system check passed
2025-03-11 22:21:30 - [INFO] email sent
2025-03-11 22:55:01 - [INFO] user login
2025-03-11 22:58:10 - [INFO] backup completed
2025-03-11 23:02:47 - [WARNING] Suspicious activity detected: brute_force
2025-03-11 23:17:02 - [INFO] backup completed
2025-03-11 23:17:16 - [INFO] system check passed
2025-03-11 23:24:57 - [WARNING] Suspicious activity detected: sql_injection
2025-03-11 23:31:12 - [INFO] config updated
2025-03-11 23:33:01 - [WARNING] Suspicious activity detected: ddos