2025-03-30 00:03:11 - [WARNING] Suspicious activity detected: sql_injection
2025-03-30 00:16:25 - [INFO] backup completed
2025-03-30 00:38:34 - [INFO] system check passed
2025-03-30 00:47:17 - [INFO] file uploaded
2025-03-30 00:56:49 - [INFO] user login
2025-03-30 01:14:38 - [INFO] backup completed
2025-03-30 01:47:11 - [INFO] file uploaded
2025-03-30 01:49:26 - [INFO] file uploaded
2025-03-30 02:05:37 - [WARNING] Suspicious activity detected: brute_force
2025-03-30 02:16:09 - [WARNING] Suspicious activity detected: port_scan
2025-03-30 02:24:29 - [INFO] config updated
2025-03-30 02:35:28 - [WARNING] Suspicious activity detected: ip_blocked
2025-03-30 02:42:32 - [INFO] user login
2025-03-30 02:44:22 - [INFO] backup completed
2025-03-30 03:01:19 - [INFO] file downloaded
2025-03-30 03:04:52 - [WARNING] Suspicious activity detected: intrusion
2025-03-30 03:12:13 - [INFO] system check passed
2025-03-30 03:25:39 - [INFO] backup completed
2025-03-30 03:27:07 - [INFO] file downloaded
2025-03-30 03:51:20 - [INFO] file downloaded
2025-03-30 03:58:19 - [INFO] file downloaded
2025-03-30 04:08:56 - [WARNING] Suspicious activity detected: sql_injection
2025-03-30 04:11:09 - [INFO] user login
2025-03-30 04:11:30 - [INFO] file downloaded
2025-03-30 04:27:12 - [INFO] user login
2025-03-30 04:31:44 - [INFO] file downloaded
2025-03-30 04:48:19 - [WARNING] Suspicious activity detected: brute_force
2025-03-30 05:06:29 - [INFO] backup completed
2025-03-30 05:10:42 - [WARNING] Suspicious activity detected: malware
2025-03-30 05:36:59 - [INFO] email sent
2025-03-30 05:39:12 - [INFO] user login
2025-03-30 05:43:19 - [INFO] file uploaded
2025-03-30 05:49:18 - [INFO] backup completed
2025-03-30 06:15:10 - [INFO] email sent
2025-03-30 06:20:41 - [INFO] email sent
2025-03-30 06:24:17 - [INFO] file downloaded
2025-03-30 06:47:20 - [INFO] user login
2025-03-30 06:47:36 - [INFO] user login
2025-03-30 06:51:30 - [WARNING] Suspicious activity detected: malware
2025-03-30 06:58:57 - [INFO] file uploaded
2025-03-30 07:09:20 - [INFO] user login
2025-03-30 07:12:37 - [INFO] email sent
2025-03-30 07:24:30 - [INFO] user login
2025-03-30 07:46:26 - [INFO] file downloaded
2025-03-30 07:57:14 - [WARNING] Suspicious activity detected: intrusion
2025-03-30 07:59:51 - [INFO] file uploaded
2025-03-30 08:05:35 - [INFO] email sent
2025-03-30 08:15:14 - [INFO] email sent
2025-03-30 08:21:49 - [INFO] system check passed
2025-03-30 08:23:06 - [INFO] user login
2025-03-30 08:25:21 - [INFO] file downloaded
2025-03-30 08:28:13 - [INFO] user login
2025-03-30 08:30:55 - [WARNING] Suspicious activity detected: brute_force
2025-03-30 08:45:57 - [INFO] file downloaded
2025-03-30 08:49:19 - [INFO] file downloaded
2025-03-30 08:55:13 - [INFO] file uploaded
2025-03-30 09:14:04 - [INFO] config updated
2025-03-30 09:15:28 - [INFO] config updated
2025-03-30 09:22:29 - [INFO] user login
2025-03-30 09:38:38 - [INFO] file uploaded
2025-03-30 09:54:00 - [INFO] config updated
2025-03-30 09:58:30 - [INFO] user login
2025-03-30 10:00:32 - [INFO] config updated
2025-03-30 10:19:06 - [INFO] email sent
2025-03-30 10:54:09 - [INFO] config updated
2025-03-30 11:15:34 - [WARNING] Suspicious activity detected: malware
2025-03-30 11:15:51 - [INFO] user login
2025-03-30 11:16:28 - [INFO] config updated
2025-03-30 11:22:15 - [INFO] user login
2025-03-30 11:38:45 - [WARNING] Suspicious activity detected: sql_injection
2025-03-30 11:39:32 - [INFO] user login
2025-03-30 11:39:39 - [INFO] backup completed
2025-03-30 11:43:06 - [INFO] backup completed
2025-03-30 11:53:33 - [WARNING] Suspicious activity detected: ddos
2025-03-30 12:00:18 - [WARNING] Suspicious activity detected: ip_blocked
2025-03-30 12:05:27 - [INFO] user login
2025-03-30 12:20:48 - [WARNING] Suspicious activity detected: unauthorized_access
2025-03-30 12:26:33 - [WARNING] Suspicious activity detected: unauthorized_access
2025-03-30 12:38:18 - [WARNING] Suspicious activity detected: sql_injection
2025-03-30 12:41:33 - [WARNING] Suspicious activity detected: brute_force
2025-03-30 12:42:17 - [WARNING] Suspicious activity detected: ip_blocked
2025-03-30 12:46:36 - [WARNING] Suspicious activity detected: ddos
2025-03-30 12:56:28 - [INFO] system check passed
2025-03-30 12:59:34 - [INFO] file uploaded
2025-03-30 13:00:34 - [INFO] email sent
2025-03-30 13:07:50 - [INFO] file uploaded
2025-03-30 13:21:15 - [WARNING] Suspicious activity detected: brute_force
2025-03-30 13:27:00 - [WARNING] Suspicious activity detected: intrusion
2025-03-30 13:29:44 - [INFO] file downloaded
2025-03-30 13:34:36 - [INFO] file uploaded
2025-03-30 13:37:28 - [INFO] email sent
2025-03-30 13:37:44 - [INFO] config updated
2025-03-30 13:41:55 - [INFO] file downloaded
2025-03-30 13:47:11 - [INFO] file downloaded
2025-03-30 13:52:00 - [INFO] file downloaded
2025-03-30 13:52:46 - [INFO] user login
2025-03-30 14:04:38 - [INFO] config updated
2025-03-30 14:08:38 - [INFO] email sent
2025-03-30 14:08:54 - [INFO] email sent
2025-03-30 14:09:54 - [INFO] user login
2025-03-30 14:20:06 - [INFO] user login
2025-03-30 14:21:20 - [INFO] backup completed
2025-03-30 14:26:52 - [INFO] system check passed
2025-03-30 14:52:11 - [WARNING] Suspicious activity detected: malware
2025-03-30 14:52:11 - [WARNING] Suspicious activity detected: intrusion
2025-03-30 15:00:26 - [INFO] system check passed
2025-03-30 15:11:11 - [INFO] file uploaded
2025-03-30 15:14:51 - [INFO] file uploaded
2025-03-30 15:21:18 - [INFO] file downloaded
2025-03-30 15:23:00 - [WARNING] Suspicious activity detected: ddos
2025-03-30 15:25:23 - [WARNING] Suspicious activity detected: intrusion
2025-03-30 15:29:30 - [INFO] backup completed
2025-03-30 15:32:13 - [WARNING] Suspicious activity detected: unauthorized_access
2025-03-30 15:52:26 - [WARNING] Suspicious activity detected: sql_injection
2025-03-30 15:59:24 - [WARNING] Suspicious activity detected: port_scan
2025-03-30 16:05:42 - [INFO] config updated
2025-03-30 16:05:50 - [INFO] system check passed
2025-03-30 16:21:07 - [WARNING] Suspicious activity detected: sql_injection
2025-03-30 16:21:57 - [INFO] backup completed
2025-03-30 16:52:49 - [INFO] system check passed
2025-03-30 17:01:30 - [WARNING] Suspicious activity detected: ip_blocked
2025-03-30 17:15:46 - [INFO] system check passed
2025-03-30 18:04:38 - [INFO] email sent
2025-03-30 18:12:49 - [INFO] backup completed
2025-03-30 18:14:37 - [WARNING] Suspicious activity detected: sql_injection
2025-03-30 18:20:16 - [WARNING] Suspicious activity detected: sql_injection
2025-03-30 18:25:25 - [INFO] config updated
2025-03-30 18:35:13 - [WARNING] Suspicious activity detected: ddos
2025-03-30 18:41:37 - [INFO] config updated
2025-03-30 18:45:05 - [INFO] system check passed
2025-03-30 18:45:36 - [INFO] backup completed
2025-03-30 18:50:20 - [INFO] user login
2025-03-30 18:51:32 - [INFO] backup completed
2025-03-30 18:53:30 - [INFO] file uploaded
2025-03-30 19:06:54 - [INFO] email sent
2025-03-30 19:09:35 - [WARNING] Suspicious activity detected: brute_force
2025-03-30 19:13:14 - [INFO] email sent
2025-03-30 19:15:46 - [WARNING] Suspicious activity detected: ddos
2025-03-30 19:16:08 - [INFO] email sent
2025-03-30 19:48:06 - [INFO] config updated
2025-03-30 19:52:09 - [INFO] config updated
2025-03-30 20:03:37 - [INFO] file downloaded
2025-03-30 20:04:57 - [INFO] email sent
2025-03-30 20:06:51 - [INFO] config updated
2025-03-30 20:07:22 - [WARNING] Suspicious activity detected: sql_injection
2025-03-30 20:09:43 - [WARNING] Suspicious activity detected: unauthorized_access
2025-03-30 20:28:20 - [INFO] config updated
2025-03-30 20:40:32 - [INFO] file uploaded
2025-03-30 20:58:42 - [INFO] email sent
2025-03-30 21:00:29 - [INFO] file uploaded
2025-03-30 21:01:30 - [INFO] backup completed
2025-03-30 21:05:32 - [INFO] user login
2025-03-30 21:06:48 - [INFO] system check passed
2025-03-30 21:11:37 - [INFO] file downloaded
2025-03-30 21:16:09 - [INFO] file downloaded
2025-03-30 21:18:03 - [WARNING] Suspicious activity detected: ddos
2025-03-30 21:24:39 - [INFO] backup completed
2025-03-30 21:25:31 - [WARNING] Suspicious activity detected: port_scan
2025-03-30 21:29:11 - [WARNING] Suspicious activity detected: port_scan
2025-03-30 21:30:11 - [INFO] backup completed
2025-03-30 21:35:26 - [INFO] system check passed
2025-03-30 21:36:01 - [INFO] file uploaded
2025-03-30 21:41:32 - [INFO] user login
2025-03-30 21:50:44 - [INFO] backup completed
2025-03-30 22:02:11 - [INFO] system check passed
2025-03-30 22:14:34 - [INFO] backup completed
2025-03-30 22:16:31 - [INFO] file downloaded
2025-03-30 22:26:42 - [WARNING] Suspicious activity detected: brute_force
2025-03-30 22:42:25 - [INFO] file downloaded
2025-03-30 22:43:09 - [INFO] user login
2025-03-30 22:45:45 - [INFO] config updated
2025-03-30 22:49:50 - [INFO] user login
2025-03-30 22:59:35 - [INFO] email sent
2025-03-30 23:03:16 - [INFO] user login
2025-03-30 23:11:28 - [INFO] file uploaded
2025-03-30 23:12:43 - [INFO] config updated
2025-03-30 23:15:11 - [WARNING] Suspicious activity detected: sql_injection
2025-03-30 23:21:52 - [INFO] email sent
2025-03-30 23:45:32 - [WARNING] Suspicious activity detected: malware
2025-03-30 23:52:51 - [WARNING] Suspicious activity detected: ddos
2025-03-30 23:57:59 - [INFO] file downloaded