2025-02-13 00:08:20 - [INFO] config updated
2025-02-13 00:09:55 - [INFO] email sent
2025-02-13 00:25:02 - [INFO] user login
2025-02-13 00:31:51 - [INFO] system check passed
2025-02-13 00:36:46 - [INFO] config updated
2025-02-13 00:39:10 - [INFO] file uploaded
2025-02-13 00:51:09 - [INFO] email sent
2025-02-13 00:51:31 - [WARNING] Suspicious activity detected: intrusion
2025-02-13 00:58:48 - [WARNING] Suspicious activity detected: ddos
2025-02-13 01:12:25 - [WARNING] Suspicious activity detected: intrusion
2025-02-13 01:15:45 - [WARNING] Suspicious activity detected: ip_blocked
2025-02-13 01:26:31 - [WARNING] Suspicious activity detected: ip_blocked
2025-02-13 01:39:42 - [INFO] email sent
2025-02-13 01:42:56 - [WARNING] Suspicious activity detected: malware
2025-02-13 01:44:33 - [INFO] backup completed
2025-02-13 01:45:52 - [WARNING] Suspicious activity detected: unauthorized_access
2025-02-13 02:04:16 - [INFO] file uploaded
2025-02-13 02:19:04 - [WARNING] Suspicious activity detected: malware
2025-02-13 02:24:54 - [INFO] config updated
2025-02-13 02:29:19 - [INFO] backup completed
2025-02-13 02:35:29 - [INFO] user login
2025-02-13 02:46:46 - [INFO] file uploaded
2025-02-13 03:03:29 - [WARNING] Suspicious activity detected: sql_injection
2025-02-13 03:16:44 - [INFO] backup completed
2025-02-13 03:20:21 - [WARNING] Suspicious activity detected: ip_blocked
2025-02-13 03:20:40 - [WARNING] Suspicious activity detected: unauthorized_access
2025-02-13 03:30:55 - [INFO] email sent
2025-02-13 03:38:47 - [INFO] email sent
2025-02-13 03:46:44 - [INFO] system check passed
2025-02-13 04:01:43 - [WARNING] Suspicious activity detected: intrusion
2025-02-13 04:08:43 - [INFO] config updated
2025-02-13 04:14:40 - [WARNING] Suspicious activity detected: malware
2025-02-13 04:24:13 - [INFO] user login
2025-02-13 04:29:46 - [WARNING] Suspicious activity detected: sql_injection
2025-02-13 04:34:25 - [INFO] file downloaded
2025-02-13 04:36:53 - [INFO] user login
2025-02-13 04:37:51 - [INFO] config updated
2025-02-13 04:50:54 - [INFO] backup completed
2025-02-13 04:56:10 - [WARNING] Suspicious activity detected: ddos
2025-02-13 04:59:14 - [WARNING] Suspicious activity detected: ip_blocked
2025-02-13 04:59:36 - [WARNING] Suspicious activity detected: unauthorized_access
2025-02-13 05:07:35 - [INFO] file uploaded
2025-02-13 05:07:59 - [WARNING] Suspicious activity detected: brute_force
2025-02-13 05:12:03 - [INFO] file uploaded
2025-02-13 05:25:52 - [WARNING] Suspicious activity detected: ddos
2025-02-13 05:40:06 - [INFO] backup completed
2025-02-13 05:40:11 - [INFO] email sent
2025-02-13 05:45:47 - [INFO] file uploaded
2025-02-13 05:46:07 - [INFO] file downloaded
2025-02-13 05:51:58 - [INFO] user login
2025-02-13 05:57:10 - [INFO] user login
2025-02-13 06:04:08 - [INFO] backup completed
2025-02-13 06:06:54 - [WARNING] Suspicious activity detected: intrusion
2025-02-13 06:09:22 - [INFO] user login
2025-02-13 06:21:22 - [WARNING] Suspicious activity detected: intrusion
2025-02-13 06:37:05 - [INFO] file downloaded
2025-02-13 06:37:33 - [WARNING] Suspicious activity detected: port_scan
2025-02-13 06:44:00 - [WARNING] Suspicious activity detected: unauthorized_access
2025-02-13 07:04:16 - [INFO] file downloaded
2025-02-13 07:14:11 - [INFO] file downloaded
2025-02-13 07:17:39 - [INFO] system check passed
2025-02-13 07:17:57 - [WARNING] Suspicious activity detected: unauthorized_access
2025-02-13 07:30:49 - [WARNING] Suspicious activity detected: sql_injection
2025-02-13 07:37:27 - [INFO] backup completed
2025-02-13 07:41:30 - [WARNING] Suspicious activity detected: port_scan
2025-02-13 07:47:06 - [WARNING] Suspicious activity detected: sql_injection
2025-02-13 07:49:54 - [INFO] file downloaded
2025-02-13 07:57:26 - [INFO] email sent
2025-02-13 08:02:19 - [WARNING] Suspicious activity detected: ip_blocked
2025-02-13 08:24:46 - [INFO] config updated
2025-02-13 08:49:18 - [INFO] config updated
2025-02-13 08:51:05 - [INFO] file downloaded
2025-02-13 08:56:35 - [INFO] email sent
2025-02-13 09:08:21 - [INFO] backup completed
2025-02-13 09:08:55 - [INFO] backup completed
2025-02-13 09:18:50 - [INFO] email sent
2025-02-13 09:30:48 - [INFO] file uploaded
2025-02-13 09:49:09 - [WARNING] Suspicious activity detected: unauthorized_access
2025-02-13 09:52:01 - [WARNING] Suspicious activity detected: port_scan
2025-02-13 09:53:17 - [INFO] config updated
2025-02-13 09:57:06 - [INFO] file uploaded
2025-02-13 10:22:37 - [INFO] backup completed
2025-02-13 10:31:38 - [WARNING] Suspicious activity detected: brute_force
2025-02-13 10:35:23 - [INFO] config updated
2025-02-13 10:52:17 - [WARNING] Suspicious activity detected: intrusion
2025-02-13 11:04:35 - [INFO] file downloaded
2025-02-13 11:05:51 - [WARNING] Suspicious activity detected: port_scan
2025-02-13 11:08:41 - [WARNING] Suspicious activity detected: port_scan
2025-02-13 11:32:03 - [INFO] user login
2025-02-13 11:37:31 - [WARNING] Suspicious activity detected: ip_blocked
2025-02-13 11:39:47 - [INFO] user login
2025-02-13 11:47:57 - [INFO] config updated
2025-02-13 11:52:21 - [WARNING] Suspicious activity detected: malware
2025-02-13 12:01:29 - [INFO] file uploaded
2025-02-13 12:05:09 - [WARNING] Suspicious activity detected: ddos
2025-02-13 12:07:17 - [INFO] file downloaded
2025-02-13 12:11:53 - [WARNING] Suspicious activity detected: ddos
2025-02-13 12:24:45 - [WARNING] Suspicious activity detected: brute_force
2025-02-13 12:52:03 - [INFO] user login
2025-02-13 12:57:39 - [INFO] config updated
2025-02-13 12:58:15 - [INFO] file downloaded
2025-02-13 12:58:23 - [INFO] email sent
2025-02-13 13:06:32 - [INFO] file uploaded
2025-02-13 13:13:08 - [WARNING] Suspicious activity detected: ip_blocked
2025-02-13 13:13:33 - [WARNING] Suspicious activity detected: brute_force
2025-02-13 13:24:28 - [INFO] email sent
2025-02-13 13:26:27 - [INFO] user login
2025-02-13 13:30:34 - [INFO] email sent
2025-02-13 13:31:20 - [WARNING] Suspicious activity detected: ip_blocked
2025-02-13 13:39:35 - [WARNING] Suspicious activity detected: brute_force
2025-02-13 13:46:54 - [WARNING] Suspicious activity detected: unauthorized_access
2025-02-13 13:59:09 - [WARNING] Suspicious activity detected: ddos
2025-02-13 14:00:21 - [INFO] user login
2025-02-13 14:18:01 - [INFO] config updated
2025-02-13 14:28:37 - [WARNING] Suspicious activity detected: ip_blocked
2025-02-13 14:31:41 - [INFO] email sent
2025-02-13 14:32:39 - [WARNING] Suspicious activity detected: unauthorized_access
2025-02-13 14:34:32 - [WARNING] Suspicious activity detected: sql_injection
2025-02-13 14:37:52 - [INFO] file downloaded
2025-02-13 14:39:32 - [WARNING] Suspicious activity detected: brute_force
2025-02-13 14:43:57 - [WARNING] Suspicious activity detected: brute_force
2025-02-13 14:45:58 - [WARNING] Suspicious activity detected: sql_injection
2025-02-13 14:47:13 - [WARNING] Suspicious activity detected: intrusion
2025-02-13 14:53:03 - [INFO] email sent
2025-02-13 15:03:41 - [WARNING] Suspicious activity detected: port_scan
2025-02-13 15:09:11 - [INFO] system check passed
2025-02-13 15:13:48 - [WARNING] Suspicious activity detected: intrusion
2025-02-13 15:15:05 - [INFO] file downloaded
2025-02-13 15:18:37 - [INFO] backup completed
2025-02-13 15:24:44 - [INFO] user login
2025-02-13 15:36:51 - [WARNING] Suspicious activity detected: malware
2025-02-13 15:43:52 - [WARNING] Suspicious activity detected: brute_force
2025-02-13 15:45:16 - [INFO] email sent
2025-02-13 16:04:22 - [WARNING] Suspicious activity detected: port_scan
2025-02-13 16:16:35 - [WARNING] Suspicious activity detected: intrusion
2025-02-13 16:17:45 - [WARNING] Suspicious activity detected: malware
2025-02-13 16:18:16 - [WARNING] Suspicious activity detected: unauthorized_access
2025-02-13 16:25:35 - [INFO] backup completed
2025-02-13 16:30:39 - [WARNING] Suspicious activity detected: ddos
2025-02-13 16:34:13 - [WARNING] Suspicious activity detected: port_scan
2025-02-13 16:38:48 - [WARNING] Suspicious activity detected: unauthorized_access
2025-02-13 16:42:06 - [INFO] email sent
2025-02-13 16:42:13 - [WARNING] Suspicious activity detected: port_scan
2025-02-13 16:49:08 - [WARNING] Suspicious activity detected: brute_force
2025-02-13 16:50:46 - [WARNING] Suspicious activity detected: ddos
2025-02-13 17:02:04 - [INFO] file uploaded
2025-02-13 17:13:44 - [INFO] email sent
2025-02-13 17:14:36 - [INFO] user login
2025-02-13 17:18:41 - [INFO] user login
2025-02-13 17:20:00 - [INFO] file uploaded
2025-02-13 17:24:15 - [INFO] email sent
2025-02-13 17:34:39 - [WARNING] Suspicious activity detected: brute_force
2025-02-13 17:37:19 - [WARNING] Suspicious activity detected: ip_blocked
2025-02-13 17:38:04 - [WARNING] Suspicious activity detected: brute_force
2025-02-13 17:38:57 - [WARNING] Suspicious activity detected: ddos
2025-02-13 17:56:51 - [WARNING] Suspicious activity detected: port_scan
2025-02-13 18:20:18 - [INFO] file uploaded
2025-02-13 18:24:45 - [INFO] backup completed
2025-02-13 18:25:43 - [WARNING] Suspicious activity detected: port_scan
2025-02-13 18:29:33 - [INFO] system check passed
2025-02-13 18:35:04 - [INFO] config updated
2025-02-13 18:35:09 - [WARNING] Suspicious activity detected: unauthorized_access
2025-02-13 18:37:50 - [INFO] backup completed
2025-02-13 18:40:28 - [WARNING] Suspicious activity detected: intrusion
2025-02-13 18:42:12 - [INFO] file uploaded
2025-02-13 19:02:01 - [INFO] file uploaded
2025-02-13 19:04:20 - [INFO] file uploaded
2025-02-13 19:07:27 - [INFO] user login
2025-02-13 19:28:34 - [WARNING] Suspicious activity detected: brute_force
2025-02-13 19:58:45 - [WARNING] Suspicious activity detected: sql_injection
2025-02-13 20:02:43 - [WARNING] Suspicious activity detected: ip_blocked
2025-02-13 20:17:22 - [WARNING] Suspicious activity detected: unauthorized_access
2025-02-13 20:19:17 - [INFO] backup completed
2025-02-13 20:22:59 - [INFO] config updated
2025-02-13 20:31:17 - [INFO] config updated
2025-02-13 20:33:20 - [INFO] email sent
2025-02-13 20:35:41 - [INFO] backup completed
2025-02-13 20:47:16 - [INFO] system check passed
2025-02-13 20:50:48 - [WARNING] Suspicious activity detected: port_scan
2025-02-13 20:52:31 - [WARNING] Suspicious activity detected: brute_force
2025-02-13 20:54:21 - [WARNING] Suspicious activity detected: port_scan
2025-02-13 21:19:38 - [WARNING] Suspicious activity detected: intrusion
2025-02-13 21:19:41 - [INFO] file uploaded
2025-02-13 21:28:14 - [INFO] user login
2025-02-13 21:28:24 - [INFO] backup completed
2025-02-13 21:40:15 - [INFO] file uploaded
2025-02-13 21:41:58 - [WARNING] Suspicious activity detected: port_scan
2025-02-13 21:57:56 - [WARNING] Suspicious activity detected: ddos
2025-02-13 22:00:18 - [INFO] user login
2025-02-13 22:05:23 - [INFO] config updated
2025-02-13 22:16:04 - [WARNING] Suspicious activity detected: intrusion
2025-02-13 22:37:16 - [INFO] backup completed
2025-02-13 23:04:23 - [INFO] file downloaded
2025-02-13 23:13:45 - [INFO] user login
2025-02-13 23:28:27 - [INFO] system check passed
2025-02-13 23:40:36 - [INFO] file downloaded
2025-02-13 23:51:21 - [INFO] file downloaded