2025-06-02 00:10:28 - [INFO] file uploaded
2025-06-02 00:13:02 - [WARNING] Suspicious activity detected: ddos
2025-06-02 00:17:53 - [INFO] file uploaded
2025-06-02 00:22:11 - [WARNING] Suspicious activity detected: ip_blocked
2025-06-02 00:36:51 - [WARNING] Suspicious activity detected: malware
2025-06-02 00:38:53 - [WARNING] Suspicious activity detected: port_scan
2025-06-02 00:40:12 - [INFO] user login
2025-06-02 00:57:41 - [WARNING] Suspicious activity detected: malware
2025-06-02 01:06:32 - [INFO] config updated
2025-06-02 01:37:02 - [WARNING] Suspicious activity detected: unauthorized_access
2025-06-02 01:48:03 - [INFO] user login
2025-06-02 01:50:51 - [INFO] backup completed
2025-06-02 01:55:22 - [INFO] user login
2025-06-02 02:10:31 - [INFO] config updated
2025-06-02 02:10:53 - [WARNING] Suspicious activity detected: brute_force
2025-06-02 02:12:48 - [INFO] user login
2025-06-02 02:44:32 - [INFO] system check passed
2025-06-02 02:50:01 - [INFO] system check passed
2025-06-02 02:57:27 - [WARNING] Suspicious activity detected: port_scan
2025-06-02 03:03:53 - [INFO] config updated
2025-06-02 03:06:01 - [INFO] config updated
2025-06-02 03:10:37 - [INFO] backup completed
2025-06-02 03:15:29 - [INFO] file uploaded
2025-06-02 03:20:26 - [INFO] config updated
2025-06-02 03:38:39 - [INFO] user login
2025-06-02 03:38:47 - [INFO] user login
2025-06-02 04:20:20 - [INFO] system check passed
2025-06-02 04:33:36 - [INFO] system check passed
2025-06-02 04:35:12 - [INFO] system check passed
2025-06-02 04:35:14 - [WARNING] Suspicious activity detected: brute_force
2025-06-02 04:37:53 - [INFO] user login
2025-06-02 04:42:38 - [WARNING] Suspicious activity detected: ip_blocked
2025-06-02 04:49:32 - [INFO] backup completed
2025-06-02 04:56:23 - [INFO] file uploaded
2025-06-02 04:57:29 - [INFO] backup completed
2025-06-02 05:02:37 - [WARNING] Suspicious activity detected: ip_blocked
2025-06-02 05:07:51 - [WARNING] Suspicious activity detected: sql_injection
2025-06-02 05:10:05 - [WARNING] Suspicious activity detected: malware
2025-06-02 05:17:24 - [INFO] system check passed
2025-06-02 05:26:32 - [INFO] backup completed
2025-06-02 05:30:55 - [INFO] file uploaded
2025-06-02 05:31:41 - [INFO] user login
2025-06-02 05:42:50 - [INFO] backup completed
2025-06-02 05:52:44 - [INFO] user login
2025-06-02 05:58:35 - [INFO] backup completed
2025-06-02 06:06:35 - [INFO] backup completed
2025-06-02 06:17:50 - [WARNING] Suspicious activity detected: brute_force
2025-06-02 06:31:34 - [INFO] email sent
2025-06-02 06:42:32 - [INFO] config updated
2025-06-02 06:43:00 - [WARNING] Suspicious activity detected: intrusion
2025-06-02 06:44:42 - [INFO] file downloaded
2025-06-02 06:44:53 - [WARNING] Suspicious activity detected: sql_injection
2025-06-02 06:46:27 - [WARNING] Suspicious activity detected: ddos
2025-06-02 06:47:40 - [WARNING] Suspicious activity detected: brute_force
2025-06-02 07:02:15 - [INFO] file downloaded
2025-06-02 07:08:22 - [INFO] user login
2025-06-02 07:12:19 - [INFO] email sent
2025-06-02 07:16:40 - [INFO] user login
2025-06-02 07:21:45 - [INFO] system check passed
2025-06-02 07:55:38 - [INFO] backup completed
2025-06-02 08:07:59 - [INFO] user login
2025-06-02 08:11:32 - [INFO] config updated
2025-06-02 08:26:40 - [WARNING] Suspicious activity detected: unauthorized_access
2025-06-02 08:28:38 - [INFO] file uploaded
2025-06-02 08:33:35 - [INFO] file downloaded
2025-06-02 08:34:31 - [INFO] system check passed
2025-06-02 08:46:48 - [WARNING] Suspicious activity detected: brute_force
2025-06-02 08:52:45 - [WARNING] Suspicious activity detected: brute_force
2025-06-02 08:53:29 - [INFO] config updated
2025-06-02 08:53:56 - [INFO] user login
2025-06-02 08:56:32 - [WARNING] Suspicious activity detected: intrusion
2025-06-02 09:07:24 - [WARNING] Suspicious activity detected: unauthorized_access
2025-06-02 09:08:23 - [INFO] file uploaded
2025-06-02 09:26:20 - [WARNING] Suspicious activity detected: unauthorized_access
2025-06-02 09:26:52 - [INFO] file uploaded
2025-06-02 09:52:57 - [WARNING] Suspicious activity detected: unauthorized_access
2025-06-02 09:54:45 - [WARNING] Suspicious activity detected: ip_blocked
2025-06-02 10:30:39 - [INFO] system check passed
2025-06-02 10:33:29 - [INFO] system check passed
2025-06-02 10:37:41 - [WARNING] Suspicious activity detected: unauthorized_access
2025-06-02 10:44:33 - [INFO] system check passed
2025-06-02 10:52:59 - [INFO] backup completed
2025-06-02 10:53:53 - [INFO] file uploaded
2025-06-02 10:55:46 - [WARNING] Suspicious activity detected: malware
2025-06-02 11:04:55 - [INFO] file uploaded
2025-06-02 11:13:24 - [INFO] file downloaded
2025-06-02 11:36:08 - [INFO] file downloaded
2025-06-02 11:37:54 - [INFO] file downloaded
2025-06-02 11:48:24 - [INFO] email sent
2025-06-02 11:55:10 - [INFO] backup completed
2025-06-02 11:57:42 - [INFO] config updated
2025-06-02 11:59:14 - [INFO] file downloaded
2025-06-02 12:04:15 - [INFO] email sent
2025-06-02 12:13:13 - [WARNING] Suspicious activity detected: ddos
2025-06-02 12:14:19 - [WARNING] Suspicious activity detected: port_scan
2025-06-02 12:18:13 - [INFO] backup completed
2025-06-02 12:19:51 - [INFO] system check passed
2025-06-02 12:25:53 - [INFO] system check passed
2025-06-02 12:26:28 - [INFO] file downloaded
2025-06-02 12:37:48 - [INFO] config updated
2025-06-02 12:40:06 - [INFO] config updated
2025-06-02 12:50:22 - [WARNING] Suspicious activity detected: malware
2025-06-02 12:54:35 - [INFO] user login
2025-06-02 12:56:25 - [INFO] backup completed
2025-06-02 13:08:21 - [INFO] config updated
2025-06-02 13:09:03 - [INFO] email sent
2025-06-02 13:21:09 - [INFO] email sent
2025-06-02 13:22:20 - [INFO] file uploaded
2025-06-02 13:34:22 - [INFO] backup completed
2025-06-02 13:35:19 - [INFO] email sent
2025-06-02 13:35:54 - [INFO] email sent
2025-06-02 13:38:01 - [INFO] config updated
2025-06-02 13:39:50 - [INFO] email sent
2025-06-02 13:40:31 - [INFO] config updated
2025-06-02 13:43:53 - [WARNING] Suspicious activity detected: unauthorized_access
2025-06-02 13:47:29 - [INFO] user login
2025-06-02 13:48:15 - [INFO] system check passed
2025-06-02 13:48:21 - [INFO] user login
2025-06-02 13:52:18 - [INFO] system check passed
2025-06-02 14:02:07 - [WARNING] Suspicious activity detected: unauthorized_access
2025-06-02 14:10:48 - [INFO] backup completed
2025-06-02 14:12:54 - [INFO] file downloaded
2025-06-02 14:14:41 - [WARNING] Suspicious activity detected: malware
2025-06-02 14:17:30 - [INFO] user login
2025-06-02 14:18:52 - [INFO] system check passed
2025-06-02 14:36:36 - [INFO] file uploaded
2025-06-02 14:41:18 - [INFO] system check passed
2025-06-02 14:41:56 - [WARNING] Suspicious activity detected: ip_blocked
2025-06-02 14:41:58 - [INFO] email sent
2025-06-02 14:47:10 - [INFO] backup completed
2025-06-02 14:47:36 - [INFO] file downloaded
2025-06-02 14:51:39 - [INFO] config updated
2025-06-02 14:59:39 - [INFO] email sent
2025-06-02 15:05:03 - [INFO] backup completed
2025-06-02 15:11:38 - [INFO] backup completed
2025-06-02 15:19:50 - [INFO] backup completed
2025-06-02 15:24:04 - [INFO] config updated
2025-06-02 15:32:16 - [INFO] file downloaded
2025-06-02 15:34:31 - [INFO] file uploaded
2025-06-02 15:39:52 - [INFO] backup completed
2025-06-02 15:40:23 - [WARNING] Suspicious activity detected: unauthorized_access
2025-06-02 15:45:25 - [INFO] system check passed
2025-06-02 15:45:47 - [INFO] email sent
2025-06-02 16:03:25 - [INFO] email sent
2025-06-02 16:15:20 - [WARNING] Suspicious activity detected: port_scan
2025-06-02 16:27:57 - [INFO] system check passed
2025-06-02 16:33:25 - [INFO] system check passed
2025-06-02 16:36:06 - [INFO] email sent
2025-06-02 16:37:51 - [INFO] file downloaded
2025-06-02 16:39:09 - [WARNING] Suspicious activity detected: malware
2025-06-02 16:54:05 - [INFO] config updated
2025-06-02 16:57:58 - [INFO] system check passed
2025-06-02 16:59:53 - [INFO] config updated
2025-06-02 17:05:22 - [INFO] system check passed
2025-06-02 17:06:45 - [INFO] email sent
2025-06-02 17:13:19 - [INFO] backup completed
2025-06-02 17:17:17 - [INFO] user login
2025-06-02 17:19:39 - [WARNING] Suspicious activity detected: port_scan
2025-06-02 17:26:37 - [WARNING] Suspicious activity detected: ip_blocked
2025-06-02 17:28:05 - [INFO] config updated
2025-06-02 17:32:31 - [INFO] email sent
2025-06-02 17:39:43 - [INFO] file downloaded
2025-06-02 17:45:11 - [WARNING] Suspicious activity detected: intrusion
2025-06-02 17:45:47 - [INFO] user login
2025-06-02 17:51:03 - [INFO] file downloaded
2025-06-02 17:53:09 - [WARNING] Suspicious activity detected: sql_injection
2025-06-02 18:04:56 - [WARNING] Suspicious activity detected: malware
2025-06-02 18:24:22 - [WARNING] Suspicious activity detected: malware
2025-06-02 18:28:43 - [INFO] config updated
2025-06-02 18:29:40 - [INFO] file uploaded
2025-06-02 18:35:50 - [WARNING] Suspicious activity detected: intrusion
2025-06-02 19:06:58 - [INFO] config updated
2025-06-02 19:32:30 - [INFO] file downloaded
2025-06-02 19:36:47 - [WARNING] Suspicious activity detected: ip_blocked
2025-06-02 19:43:34 - [INFO] email sent
2025-06-02 19:47:17 - [INFO] user login
2025-06-02 20:01:19 - [INFO] file downloaded
2025-06-02 20:04:44 - [INFO] email sent
2025-06-02 20:05:12 - [WARNING] Suspicious activity detected: port_scan
2025-06-02 20:12:56 - [INFO] user login
2025-06-02 20:14:26 - [INFO] user login
2025-06-02 20:22:33 - [WARNING] Suspicious activity detected: sql_injection
2025-06-02 20:24:20 - [INFO] file downloaded
2025-06-02 20:24:21 - [WARNING] Suspicious activity detected: unauthorized_access
2025-06-02 20:27:30 - [INFO] file uploaded
2025-06-02 20:47:28 - [INFO] config updated
2025-06-02 20:53:03 - [INFO] file uploaded
2025-06-02 21:00:03 - [INFO] system check passed
2025-06-02 21:10:51 - [INFO] system check passed
2025-06-02 21:11:30 - [INFO] backup completed
2025-06-02 21:24:13 - [INFO] system check passed
2025-06-02 21:29:34 - [INFO] config updated
2025-06-02 21:30:13 - [INFO] user login
2025-06-02 21:33:01 - [INFO] system check passed
2025-06-02 21:41:10 - [INFO] user login
2025-06-02 21:59:57 - [INFO] file uploaded
2025-06-02 22:07:04 - [WARNING] Suspicious activity detected: sql_injection
2025-06-02 22:07:09 - [INFO] email sent
2025-06-02 22:18:21 - [INFO] user login
2025-06-02 22:20:44 - [INFO] user login
2025-06-02 22:27:46 - [INFO] backup completed
2025-06-02 22:28:13 - [INFO] user login
2025-06-02 22:35:35 - [WARNING] Suspicious activity detected: sql_injection
2025-06-02 23:00:26 - [WARNING] Suspicious activity detected: brute_force
2025-06-02 23:24:05 - [WARNING] Suspicious activity detected: sql_injection
2025-06-02 23:36:36 - [INFO] email sent
2025-06-02 23:41:23 - [INFO] email sent
2025-06-02 23:45:04 - [INFO] user login
2025-06-02 23:48:54 - [WARNING] Suspicious activity detected: ddos