2025-03-09 00:07:08 - [WARNING] Suspicious activity detected: intrusion
2025-03-09 00:15:53 - [WARNING] Suspicious activity detected: brute_force
2025-03-09 00:42:08 - [INFO] user login
2025-03-09 00:47:31 - [WARNING] Suspicious activity detected: sql_injection
2025-03-09 00:53:45 - [WARNING] Suspicious activity detected: brute_force
2025-03-09 00:59:07 - [INFO] system check passed
2025-03-09 01:29:50 - [INFO] user login
2025-03-09 01:36:15 - [WARNING] Suspicious activity detected: unauthorized_access
2025-03-09 01:43:15 - [WARNING] Suspicious activity detected: port_scan
2025-03-09 01:59:28 - [INFO] file uploaded
2025-03-09 02:00:51 - [WARNING] Suspicious activity detected: malware
2025-03-09 02:09:41 - [WARNING] Suspicious activity detected: unauthorized_access
2025-03-09 02:10:00 - [INFO] backup completed
2025-03-09 02:14:13 - [WARNING] Suspicious activity detected: ip_blocked
2025-03-09 02:20:07 - [INFO] file downloaded
2025-03-09 02:22:43 - [WARNING] Suspicious activity detected: brute_force
2025-03-09 02:29:31 - [INFO] backup completed
2025-03-09 02:44:23 - [INFO] system check passed
2025-03-09 02:45:06 - [INFO] user login
2025-03-09 03:31:24 - [WARNING] Suspicious activity detected: ddos
2025-03-09 03:35:32 - [WARNING] Suspicious activity detected: sql_injection
2025-03-09 03:35:49 - [INFO] file downloaded
2025-03-09 03:44:20 - [WARNING] Suspicious activity detected: ip_blocked
2025-03-09 03:44:26 - [WARNING] Suspicious activity detected: port_scan
2025-03-09 03:48:38 - [WARNING] Suspicious activity detected: port_scan
2025-03-09 03:53:36 - [INFO] config updated
2025-03-09 04:19:49 - [WARNING] Suspicious activity detected: sql_injection
2025-03-09 04:20:17 - [INFO] email sent
2025-03-09 04:36:19 - [INFO] system check passed
2025-03-09 04:37:51 - [INFO] file uploaded
2025-03-09 04:43:46 - [WARNING] Suspicious activity detected: ddos
2025-03-09 04:44:54 - [INFO] backup completed
2025-03-09 04:48:35 - [WARNING] Suspicious activity detected: unauthorized_access
2025-03-09 05:01:12 - [INFO] config updated
2025-03-09 05:21:13 - [INFO] user login
2025-03-09 05:31:22 - [WARNING] Suspicious activity detected: malware
2025-03-09 05:32:04 - [INFO] config updated
2025-03-09 05:48:22 - [WARNING] Suspicious activity detected: port_scan
2025-03-09 05:49:38 - [WARNING] Suspicious activity detected: malware
2025-03-09 05:51:46 - [INFO] system check passed
2025-03-09 05:58:00 - [INFO] config updated
2025-03-09 06:00:26 - [WARNING] Suspicious activity detected: ddos
2025-03-09 06:09:45 - [INFO] file downloaded
2025-03-09 06:35:35 - [INFO] user login
2025-03-09 06:36:44 - [INFO] config updated
2025-03-09 06:37:26 - [INFO] email sent
2025-03-09 06:42:54 - [INFO] config updated
2025-03-09 06:47:50 - [WARNING] Suspicious activity detected: ip_blocked
2025-03-09 06:54:47 - [WARNING] Suspicious activity detected: sql_injection
2025-03-09 06:58:41 - [INFO] config updated
2025-03-09 07:03:22 - [WARNING] Suspicious activity detected: sql_injection
2025-03-09 07:10:26 - [INFO] backup completed
2025-03-09 07:25:46 - [INFO] user login
2025-03-09 07:29:43 - [WARNING] Suspicious activity detected: brute_force
2025-03-09 07:31:23 - [INFO] file uploaded
2025-03-09 07:51:24 - [WARNING] Suspicious activity detected: brute_force
2025-03-09 07:59:40 - [INFO] config updated
2025-03-09 08:22:30 - [WARNING] Suspicious activity detected: ip_blocked
2025-03-09 08:32:14 - [INFO] email sent
2025-03-09 08:37:49 - [INFO] file downloaded
2025-03-09 08:46:38 - [INFO] user login
2025-03-09 08:47:54 - [INFO] file downloaded
2025-03-09 08:58:23 - [WARNING] Suspicious activity detected: port_scan
2025-03-09 09:05:09 - [INFO] config updated
2025-03-09 09:25:37 - [WARNING] Suspicious activity detected: brute_force
2025-03-09 10:00:12 - [INFO] file uploaded
2025-03-09 10:37:32 - [INFO] file downloaded
2025-03-09 10:42:17 - [INFO] config updated
2025-03-09 10:53:26 - [WARNING] Suspicious activity detected: port_scan
2025-03-09 11:22:47 - [WARNING] Suspicious activity detected: intrusion
2025-03-09 11:26:30 - [WARNING] Suspicious activity detected: ddos
2025-03-09 11:26:30 - [INFO] user login
2025-03-09 11:33:32 - [INFO] email sent
2025-03-09 11:40:44 - [INFO] file uploaded
2025-03-09 11:46:25 - [INFO] config updated
2025-03-09 12:14:25 - [INFO] config updated
2025-03-09 12:21:09 - [INFO] file downloaded
2025-03-09 12:32:29 - [INFO] system check passed
2025-03-09 12:42:54 - [INFO] file downloaded
2025-03-09 12:52:28 - [INFO] file uploaded
2025-03-09 13:06:14 - [WARNING] Suspicious activity detected: malware
2025-03-09 13:12:11 - [WARNING] Suspicious activity detected: sql_injection
2025-03-09 13:16:08 - [WARNING] Suspicious activity detected: ddos
2025-03-09 13:17:36 - [INFO] user login
2025-03-09 13:26:35 - [WARNING] Suspicious activity detected: malware
2025-03-09 13:28:53 - [INFO] user login
2025-03-09 13:40:00 - [WARNING] Suspicious activity detected: ip_blocked
2025-03-09 13:43:26 - [WARNING] Suspicious activity detected: port_scan
2025-03-09 13:50:09 - [WARNING] Suspicious activity detected: sql_injection
2025-03-09 13:53:22 - [INFO] file uploaded
2025-03-09 13:53:56 - [INFO] email sent
2025-03-09 13:54:22 - [INFO] email sent
2025-03-09 13:55:25 - [INFO] user login
2025-03-09 13:57:35 - [INFO] config updated
2025-03-09 13:58:56 - [WARNING] Suspicious activity detected: unauthorized_access
2025-03-09 14:01:26 - [INFO] email sent
2025-03-09 14:14:18 - [INFO] backup completed
2025-03-09 14:23:25 - [WARNING] Suspicious activity detected: malware
2025-03-09 14:30:53 - [INFO] backup completed
2025-03-09 14:32:12 - [INFO] file uploaded
2025-03-09 14:40:06 - [INFO] system check passed
2025-03-09 15:02:20 - [INFO] file downloaded
2025-03-09 15:13:01 - [WARNING] Suspicious activity detected: ddos
2025-03-09 15:15:17 - [WARNING] Suspicious activity detected: unauthorized_access
2025-03-09 15:27:14 - [INFO] email sent
2025-03-09 15:40:03 - [WARNING] Suspicious activity detected: malware
2025-03-09 15:43:57 - [WARNING] Suspicious activity detected: ip_blocked
2025-03-09 15:51:18 - [INFO] backup completed
2025-03-09 16:09:23 - [WARNING] Suspicious activity detected: unauthorized_access
2025-03-09 16:15:32 - [INFO] system check passed
2025-03-09 16:23:42 - [WARNING] Suspicious activity detected: ip_blocked
2025-03-09 16:30:36 - [WARNING] Suspicious activity detected: unauthorized_access
2025-03-09 16:42:26 - [WARNING] Suspicious activity detected: sql_injection
2025-03-09 16:57:03 - [INFO] config updated
2025-03-09 16:57:10 - [INFO] file uploaded
2025-03-09 16:59:32 - [WARNING] Suspicious activity detected: port_scan
2025-03-09 17:07:03 - [INFO] backup completed
2025-03-09 17:31:47 - [INFO] file uploaded
2025-03-09 17:53:48 - [WARNING] Suspicious activity detected: unauthorized_access
2025-03-09 17:54:27 - [INFO] file downloaded
2025-03-09 18:28:54 - [WARNING] Suspicious activity detected: malware
2025-03-09 18:29:28 - [INFO] email sent
2025-03-09 18:31:35 - [WARNING] Suspicious activity detected: malware
2025-03-09 18:39:27 - [INFO] email sent
2025-03-09 18:40:21 - [INFO] user login
2025-03-09 18:42:52 - [INFO] user login
2025-03-09 18:47:21 - [INFO] file downloaded
2025-03-09 18:48:12 - [INFO] email sent
2025-03-09 18:52:32 - [WARNING] Suspicious activity detected: unauthorized_access
2025-03-09 18:56:23 - [WARNING] Suspicious activity detected: ip_blocked
2025-03-09 19:01:51 - [INFO] file uploaded
2025-03-09 19:04:32 - [INFO] file downloaded
2025-03-09 19:15:04 - [INFO] email sent
2025-03-09 19:17:01 - [INFO] backup completed
2025-03-09 19:18:50 - [INFO] system check passed
2025-03-09 19:25:04 - [WARNING] Suspicious activity detected: sql_injection
2025-03-09 20:11:45 - [WARNING] Suspicious activity detected: ddos
2025-03-09 20:21:01 - [INFO] backup completed
2025-03-09 20:25:27 - [INFO] email sent
2025-03-09 20:44:00 - [INFO] file downloaded
2025-03-09 20:47:22 - [WARNING] Suspicious activity detected: intrusion
2025-03-09 20:59:10 - [INFO] system check passed
2025-03-09 21:04:35 - [WARNING] Suspicious activity detected: ip_blocked
2025-03-09 21:14:26 - [INFO] user login
2025-03-09 21:31:39 - [INFO] user login
2025-03-09 21:47:05 - [WARNING] Suspicious activity detected: unauthorized_access
2025-03-09 21:47:06 - [INFO] config updated
2025-03-09 21:53:27 - [WARNING] Suspicious activity detected: ip_blocked
2025-03-09 22:11:42 - [INFO] config updated
2025-03-09 22:13:24 - [WARNING] Suspicious activity detected: sql_injection
2025-03-09 22:28:19 - [WARNING] Suspicious activity detected: unauthorized_access
2025-03-09 22:28:44 - [INFO] file downloaded
2025-03-09 22:33:31 - [INFO] system check passed
2025-03-09 22:42:03 - [INFO] backup completed
2025-03-09 22:51:48 - [INFO] email sent
2025-03-09 22:57:37 - [INFO] backup completed
2025-03-09 23:12:05 - [WARNING] Suspicious activity detected: unauthorized_access
2025-03-09 23:15:03 - [INFO] file downloaded
2025-03-09 23:15:24 - [WARNING] Suspicious activity detected: malware
2025-03-09 23:21:08 - [INFO] backup completed
2025-03-09 23:39:19 - [INFO] email sent
2025-03-09 23:50:48 - [INFO] file downloaded
2025-03-09 23:56:15 - [INFO] system check passed
2025-03-09 23:56:58 - [INFO] user login