2025-02-10 00:00:36 - [WARNING] Suspicious activity detected: ip_blocked
2025-02-10 00:05:11 - [INFO] user login
2025-02-10 00:08:58 - [INFO] backup completed
2025-02-10 00:10:22 - [INFO] backup completed
2025-02-10 00:11:35 - [INFO] file downloaded
2025-02-10 00:12:28 - [INFO] backup completed
2025-02-10 00:13:45 - [INFO] config updated
2025-02-10 00:15:55 - [INFO] email sent
2025-02-10 00:16:58 - [WARNING] Suspicious activity detected: ip_blocked
2025-02-10 00:24:38 - [INFO] file uploaded
2025-02-10 00:24:40 - [INFO] email sent
2025-02-10 00:26:25 - [INFO] file uploaded
2025-02-10 00:34:27 - [INFO] backup completed
2025-02-10 00:35:02 - [INFO] system check passed
2025-02-10 00:47:54 - [INFO] file downloaded
2025-02-10 01:03:09 - [INFO] email sent
2025-02-10 01:06:24 - [INFO] config updated
2025-02-10 01:07:30 - [INFO] user login
2025-02-10 01:08:26 - [WARNING] Suspicious activity detected: unauthorized_access
2025-02-10 01:17:44 - [INFO] email sent
2025-02-10 01:24:25 - [INFO] backup completed
2025-02-10 01:25:46 - [INFO] email sent
2025-02-10 01:30:27 - [WARNING] Suspicious activity detected: sql_injection
2025-02-10 01:37:23 - [WARNING] Suspicious activity detected: unauthorized_access
2025-02-10 01:37:49 - [INFO] file uploaded
2025-02-10 01:44:09 - [INFO] backup completed
2025-02-10 01:47:48 - [WARNING] Suspicious activity detected: port_scan
2025-02-10 01:56:10 - [WARNING] Suspicious activity detected: malware
2025-02-10 02:05:37 - [WARNING] Suspicious activity detected: ddos
2025-02-10 02:23:42 - [INFO] file downloaded
2025-02-10 02:25:46 - [INFO] file downloaded
2025-02-10 02:25:48 - [INFO] file uploaded
2025-02-10 02:29:10 - [INFO] email sent
2025-02-10 02:29:46 - [INFO] system check passed
2025-02-10 02:34:48 - [INFO] email sent
2025-02-10 02:39:01 - [INFO] backup completed
2025-02-10 02:39:21 - [INFO] backup completed
2025-02-10 02:53:54 - [WARNING] Suspicious activity detected: intrusion
2025-02-10 03:18:22 - [INFO] backup completed
2025-02-10 03:26:30 - [INFO] system check passed
2025-02-10 03:35:59 - [INFO] file uploaded
2025-02-10 03:58:47 - [WARNING] Suspicious activity detected: ddos
2025-02-10 03:59:43 - [WARNING] Suspicious activity detected: unauthorized_access
2025-02-10 04:08:53 - [INFO] user login
2025-02-10 04:10:19 - [WARNING] Suspicious activity detected: intrusion
2025-02-10 04:26:35 - [INFO] system check passed
2025-02-10 04:26:44 - [INFO] file downloaded
2025-02-10 04:33:10 - [INFO] system check passed
2025-02-10 04:33:32 - [INFO] config updated
2025-02-10 04:53:01 - [INFO] file uploaded
2025-02-10 04:54:48 - [INFO] config updated
2025-02-10 05:12:33 - [INFO] email sent
2025-02-10 05:17:14 - [INFO] system check passed
2025-02-10 05:19:44 - [WARNING] Suspicious activity detected: sql_injection
2025-02-10 05:31:07 - [INFO] system check passed
2025-02-10 05:41:00 - [WARNING] Suspicious activity detected: port_scan
2025-02-10 05:41:16 - [INFO] file downloaded
2025-02-10 05:47:11 - [INFO] email sent
2025-02-10 05:50:10 - [WARNING] Suspicious activity detected: ddos
2025-02-10 05:53:03 - [INFO] backup completed
2025-02-10 06:01:32 - [INFO] config updated
2025-02-10 06:08:14 - [INFO] email sent
2025-02-10 06:11:04 - [WARNING] Suspicious activity detected: intrusion
2025-02-10 06:26:38 - [INFO] user login
2025-02-10 06:32:52 - [INFO] email sent
2025-02-10 06:34:39 - [WARNING] Suspicious activity detected: sql_injection
2025-02-10 06:49:51 - [INFO] file uploaded
2025-02-10 07:20:19 - [INFO] config updated
2025-02-10 07:20:49 - [INFO] system check passed
2025-02-10 07:23:26 - [INFO] backup completed
2025-02-10 07:25:35 - [INFO] backup completed
2025-02-10 07:29:11 - [WARNING] Suspicious activity detected: ddos
2025-02-10 07:29:23 - [INFO] file uploaded
2025-02-10 07:29:32 - [INFO] system check passed
2025-02-10 07:33:23 - [INFO] file downloaded
2025-02-10 07:44:48 - [INFO] email sent
2025-02-10 07:45:15 - [INFO] email sent
2025-02-10 07:56:05 - [INFO] config updated
2025-02-10 08:05:04 - [INFO] email sent
2025-02-10 08:05:18 - [WARNING] Suspicious activity detected: sql_injection
2025-02-10 08:17:13 - [INFO] email sent
2025-02-10 08:17:13 - [INFO] file downloaded
2025-02-10 08:27:05 - [WARNING] Suspicious activity detected: intrusion
2025-02-10 08:32:48 - [INFO] user login
2025-02-10 08:38:18 - [WARNING] Suspicious activity detected: sql_injection
2025-02-10 08:49:17 - [WARNING] Suspicious activity detected: port_scan
2025-02-10 08:56:49 - [INFO] system check passed
2025-02-10 08:57:26 - [INFO] backup completed
2025-02-10 08:58:27 - [INFO] system check passed
2025-02-10 09:02:22 - [INFO] file downloaded
2025-02-10 09:02:28 - [INFO] user login
2025-02-10 09:08:12 - [WARNING] Suspicious activity detected: port_scan
2025-02-10 09:10:42 - [INFO] file downloaded
2025-02-10 09:15:24 - [INFO] file downloaded
2025-02-10 09:39:16 - [INFO] file uploaded
2025-02-10 09:41:02 - [WARNING] Suspicious activity detected: brute_force
2025-02-10 09:45:05 - [WARNING] Suspicious activity detected: unauthorized_access
2025-02-10 09:49:34 - [INFO] file downloaded
2025-02-10 09:53:19 - [INFO] backup completed
2025-02-10 10:14:32 - [INFO] backup completed
2025-02-10 10:25:17 - [WARNING] Suspicious activity detected: unauthorized_access
2025-02-10 10:40:56 - [INFO] file downloaded
2025-02-10 10:54:21 - [WARNING] Suspicious activity detected: port_scan
2025-02-10 11:16:38 - [INFO] system check passed
2025-02-10 11:27:49 - [WARNING] Suspicious activity detected: ip_blocked
2025-02-10 11:49:17 - [INFO] config updated
2025-02-10 12:10:53 - [WARNING] Suspicious activity detected: intrusion
2025-02-10 12:18:13 - [WARNING] Suspicious activity detected: ip_blocked
2025-02-10 12:22:17 - [WARNING] Suspicious activity detected: malware
2025-02-10 12:30:41 - [INFO] email sent
2025-02-10 12:30:44 - [INFO] backup completed
2025-02-10 12:30:48 - [INFO] file uploaded
2025-02-10 12:37:18 - [INFO] file uploaded
2025-02-10 12:41:48 - [INFO] email sent
2025-02-10 12:43:46 - [INFO] email sent
2025-02-10 12:54:00 - [WARNING] Suspicious activity detected: brute_force
2025-02-10 12:54:07 - [INFO] file uploaded
2025-02-10 13:01:59 - [WARNING] Suspicious activity detected: sql_injection
2025-02-10 13:02:21 - [INFO] user login
2025-02-10 13:07:00 - [WARNING] Suspicious activity detected: malware
2025-02-10 13:12:37 - [WARNING] Suspicious activity detected: malware
2025-02-10 13:12:43 - [INFO] file downloaded
2025-02-10 13:35:11 - [INFO] config updated
2025-02-10 13:42:09 - [WARNING] Suspicious activity detected: ddos
2025-02-10 13:47:06 - [INFO] file downloaded
2025-02-10 13:51:04 - [WARNING] Suspicious activity detected: intrusion
2025-02-10 13:54:44 - [WARNING] Suspicious activity detected: ddos
2025-02-10 13:56:54 - [INFO] email sent
2025-02-10 14:05:29 - [INFO] config updated
2025-02-10 14:08:43 - [INFO] email sent
2025-02-10 14:11:29 - [WARNING] Suspicious activity detected: intrusion
2025-02-10 14:31:42 - [WARNING] Suspicious activity detected: brute_force
2025-02-10 15:10:14 - [WARNING] Suspicious activity detected: malware
2025-02-10 15:12:51 - [INFO] system check passed
2025-02-10 15:25:25 - [INFO] file uploaded
2025-02-10 15:26:57 - [WARNING] Suspicious activity detected: brute_force
2025-02-10 15:34:04 - [INFO] file downloaded
2025-02-10 15:47:17 - [INFO] file uploaded
2025-02-10 15:54:41 - [INFO] config updated
2025-02-10 15:59:44 - [INFO] file uploaded
2025-02-10 16:15:13 - [INFO] user login
2025-02-10 16:19:21 - [INFO] user login
2025-02-10 16:20:48 - [INFO] user login
2025-02-10 16:27:21 - [INFO] file uploaded
2025-02-10 16:28:32 - [INFO] config updated
2025-02-10 16:35:28 - [WARNING] Suspicious activity detected: brute_force
2025-02-10 16:37:55 - [INFO] backup completed
2025-02-10 16:43:52 - [INFO] email sent
2025-02-10 16:44:39 - [INFO] backup completed
2025-02-10 16:47:38 - [INFO] system check passed
2025-02-10 16:47:49 - [INFO] file downloaded
2025-02-10 16:48:21 - [INFO] config updated
2025-02-10 16:48:30 - [INFO] email sent
2025-02-10 16:53:39 - [INFO] user login
2025-02-10 17:00:27 - [INFO] system check passed
2025-02-10 17:02:33 - [INFO] config updated
2025-02-10 17:09:07 - [INFO] file downloaded
2025-02-10 17:14:28 - [WARNING] Suspicious activity detected: malware
2025-02-10 17:24:01 - [INFO] file downloaded
2025-02-10 17:28:12 - [INFO] user login
2025-02-10 18:05:59 - [INFO] file uploaded
2025-02-10 18:11:49 - [INFO] backup completed
2025-02-10 18:14:15 - [WARNING] Suspicious activity detected: ip_blocked
2025-02-10 18:16:28 - [INFO] system check passed
2025-02-10 18:21:36 - [INFO] file uploaded
2025-02-10 18:26:13 - [INFO] file downloaded
2025-02-10 18:28:25 - [INFO] backup completed
2025-02-10 18:34:43 - [INFO] config updated
2025-02-10 18:39:26 - [INFO] email sent
2025-02-10 18:41:17 - [INFO] backup completed
2025-02-10 18:53:07 - [INFO] user login
2025-02-10 18:59:43 - [INFO] user login
2025-02-10 19:00:50 - [WARNING] Suspicious activity detected: brute_force
2025-02-10 19:01:53 - [INFO] backup completed
2025-02-10 19:02:52 - [WARNING] Suspicious activity detected: malware
2025-02-10 19:07:29 - [INFO] user login
2025-02-10 19:09:26 - [INFO] config updated
2025-02-10 19:24:40 - [INFO] config updated
2025-02-10 19:39:36 - [WARNING] Suspicious activity detected: ddos
2025-02-10 19:44:41 - [WARNING] Suspicious activity detected: unauthorized_access
2025-02-10 19:51:52 - [INFO] user login
2025-02-10 20:00:00 - [INFO] system check passed
2025-02-10 20:17:42 - [INFO] file uploaded
2025-02-10 20:20:54 - [INFO] user login
2025-02-10 20:32:05 - [INFO] file downloaded
2025-02-10 20:38:44 - [INFO] user login
2025-02-10 20:41:29 - [INFO] config updated
2025-02-10 20:48:51 - [INFO] file uploaded
2025-02-10 20:54:22 - [INFO] email sent
2025-02-10 20:54:35 - [INFO] email sent
2025-02-10 21:07:13 - [WARNING] Suspicious activity detected: ddos
2025-02-10 21:07:21 - [INFO] config updated
2025-02-10 21:07:46 - [INFO] system check passed
2025-02-10 21:13:01 - [INFO] backup completed
2025-02-10 21:27:03 - [INFO] file downloaded
2025-02-10 21:36:52 - [INFO] system check passed
2025-02-10 21:40:19 - [INFO] system check passed
2025-02-10 21:50:15 - [INFO] backup completed
2025-02-10 21:52:10 - [INFO] config updated
2025-02-10 21:54:01 - [INFO] email sent
2025-02-10 21:57:24 - [WARNING] Suspicious activity detected: ip_blocked
2025-02-10 21:59:42 - [INFO] file uploaded
2025-02-10 22:03:15 - [INFO] system check passed
2025-02-10 22:05:33 - [INFO] file downloaded
2025-02-10 22:14:39 - [WARNING] Suspicious activity detected: port_scan
2025-02-10 22:17:53 - [INFO] system check passed
2025-02-10 22:25:26 - [INFO] file uploaded
2025-02-10 22:29:03 - [INFO] file downloaded
2025-02-10 22:29:41 - [INFO] backup completed
2025-02-10 22:34:52 - [INFO] email sent
2025-02-10 22:36:28 - [INFO] email sent
2025-02-10 22:43:52 - [INFO] config updated
2025-02-10 22:48:04 - [INFO] system check passed
2025-02-10 23:14:24 - [INFO] backup completed
2025-02-10 23:42:09 - [INFO] backup completed
2025-02-10 23:45:17 - [INFO] user login
2025-02-10 23:47:18 - [INFO] backup completed