2025-07-05 00:11:58 - [INFO] backup completed
2025-07-05 00:19:07 - [WARNING] Suspicious activity detected: ip_blocked
2025-07-05 00:45:39 - [WARNING] Suspicious activity detected: brute_force
2025-07-05 00:59:38 - [INFO] file uploaded
2025-07-05 01:07:25 - [INFO] backup completed
2025-07-05 01:07:42 - [WARNING] Suspicious activity detected: port_scan
2025-07-05 01:15:28 - [WARNING] Suspicious activity detected: malware
2025-07-05 01:18:40 - [WARNING] Suspicious activity detected: ip_blocked
2025-07-05 01:19:06 - [WARNING] Suspicious activity detected: port_scan
2025-07-05 01:31:17 - [WARNING] Suspicious activity detected: port_scan
2025-07-05 01:35:27 - [WARNING] Suspicious activity detected: brute_force
2025-07-05 01:37:14 - [INFO] system check passed
2025-07-05 01:37:49 - [WARNING] Suspicious activity detected: sql_injection
2025-07-05 01:39:50 - [INFO] system check passed
2025-07-05 01:40:09 - [INFO] user login
2025-07-05 01:42:01 - [WARNING] Suspicious activity detected: port_scan
2025-07-05 01:43:04 - [INFO] email sent
2025-07-05 01:49:43 - [INFO] user login
2025-07-05 02:02:02 - [INFO] email sent
2025-07-05 02:11:27 - [INFO] system check passed
2025-07-05 02:14:48 - [WARNING] Suspicious activity detected: malware
2025-07-05 02:31:04 - [INFO] backup completed
2025-07-05 02:39:48 - [WARNING] Suspicious activity detected: ip_blocked
2025-07-05 02:43:09 - [INFO] user login
2025-07-05 02:44:59 - [INFO] backup completed
2025-07-05 02:53:02 - [INFO] email sent
2025-07-05 02:55:28 - [INFO] backup completed
2025-07-05 03:08:24 - [WARNING] Suspicious activity detected: unauthorized_access
2025-07-05 03:16:31 - [INFO] user login
2025-07-05 03:24:09 - [INFO] file uploaded
2025-07-05 03:37:28 - [INFO] file downloaded
2025-07-05 03:43:51 - [WARNING] Suspicious activity detected: intrusion
2025-07-05 04:05:36 - [INFO] config updated
2025-07-05 04:37:36 - [INFO] system check passed
2025-07-05 04:54:37 - [WARNING] Suspicious activity detected: brute_force
2025-07-05 04:58:59 - [INFO] email sent
2025-07-05 04:59:12 - [INFO] config updated
2025-07-05 05:01:51 - [WARNING] Suspicious activity detected: sql_injection
2025-07-05 05:18:58 - [INFO] backup completed
2025-07-05 05:23:42 - [WARNING] Suspicious activity detected: brute_force
2025-07-05 05:26:49 - [INFO] system check passed
2025-07-05 05:28:14 - [INFO] user login
2025-07-05 05:44:29 - [WARNING] Suspicious activity detected: unauthorized_access
2025-07-05 05:50:41 - [INFO] file uploaded
2025-07-05 05:50:56 - [INFO] config updated
2025-07-05 06:04:51 - [WARNING] Suspicious activity detected: port_scan
2025-07-05 06:07:39 - [INFO] file downloaded
2025-07-05 06:14:12 - [INFO] email sent
2025-07-05 06:18:58 - [INFO] file downloaded
2025-07-05 06:46:59 - [INFO] file downloaded
2025-07-05 06:48:19 - [INFO] backup completed
2025-07-05 07:07:11 - [WARNING] Suspicious activity detected: port_scan
2025-07-05 07:13:56 - [INFO] file uploaded
2025-07-05 07:16:25 - [WARNING] Suspicious activity detected: ip_blocked
2025-07-05 07:23:52 - [INFO] user login
2025-07-05 07:24:24 - [INFO] file uploaded
2025-07-05 07:44:41 - [WARNING] Suspicious activity detected: port_scan
2025-07-05 07:48:53 - [INFO] backup completed
2025-07-05 07:49:08 - [WARNING] Suspicious activity detected: ip_blocked
2025-07-05 08:05:34 - [INFO] backup completed
2025-07-05 08:13:07 - [INFO] email sent
2025-07-05 08:31:44 - [INFO] user login
2025-07-05 08:32:27 - [INFO] system check passed
2025-07-05 08:33:33 - [WARNING] Suspicious activity detected: port_scan
2025-07-05 08:35:18 - [INFO] user login
2025-07-05 08:38:30 - [WARNING] Suspicious activity detected: malware
2025-07-05 08:54:15 - [INFO] system check passed
2025-07-05 09:05:04 - [INFO] user login
2025-07-05 09:14:46 - [WARNING] Suspicious activity detected: unauthorized_access
2025-07-05 09:15:36 - [WARNING] Suspicious activity detected: port_scan
2025-07-05 09:23:10 - [WARNING] Suspicious activity detected: intrusion
2025-07-05 09:50:06 - [WARNING] Suspicious activity detected: ip_blocked
2025-07-05 09:51:48 - [WARNING] Suspicious activity detected: unauthorized_access
2025-07-05 09:57:43 - [WARNING] Suspicious activity detected: ddos
2025-07-05 10:04:47 - [INFO] config updated
2025-07-05 10:13:10 - [INFO] backup completed
2025-07-05 10:40:03 - [WARNING] Suspicious activity detected: brute_force
2025-07-05 10:41:33 - [WARNING] Suspicious activity detected: ddos
2025-07-05 10:42:49 - [WARNING] Suspicious activity detected: ddos
2025-07-05 10:43:48 - [WARNING] Suspicious activity detected: unauthorized_access
2025-07-05 10:53:53 - [INFO] system check passed
2025-07-05 10:56:54 - [INFO] email sent
2025-07-05 10:59:22 - [INFO] system check passed
2025-07-05 11:09:14 - [INFO] user login
2025-07-05 11:11:45 - [WARNING] Suspicious activity detected: unauthorized_access
2025-07-05 11:13:21 - [WARNING] Suspicious activity detected: ddos
2025-07-05 11:14:22 - [WARNING] Suspicious activity detected: malware
2025-07-05 11:15:54 - [WARNING] Suspicious activity detected: brute_force
2025-07-05 11:37:48 - [INFO] system check passed
2025-07-05 11:49:36 - [WARNING] Suspicious activity detected: malware
2025-07-05 11:58:12 - [WARNING] Suspicious activity detected: ddos
2025-07-05 12:12:46 - [INFO] backup completed
2025-07-05 12:17:49 - [INFO] system check passed
2025-07-05 12:26:58 - [INFO] file uploaded
2025-07-05 12:34:38 - [INFO] user login
2025-07-05 12:40:31 - [INFO] user login
2025-07-05 12:40:48 - [INFO] file uploaded
2025-07-05 12:42:00 - [INFO] file uploaded
2025-07-05 12:59:23 - [INFO] user login
2025-07-05 13:11:35 - [INFO] email sent
2025-07-05 13:18:47 - [INFO] system check passed
2025-07-05 13:19:20 - [WARNING] Suspicious activity detected: intrusion
2025-07-05 13:33:27 - [INFO] email sent
2025-07-05 13:34:55 - [WARNING] Suspicious activity detected: port_scan
2025-07-05 13:36:33 - [WARNING] Suspicious activity detected: malware
2025-07-05 14:02:31 - [INFO] system check passed
2025-07-05 14:13:38 - [INFO] file downloaded
2025-07-05 14:14:38 - [INFO] backup completed
2025-07-05 14:27:37 - [INFO] file uploaded
2025-07-05 14:35:01 - [INFO] backup completed
2025-07-05 14:46:00 - [WARNING] Suspicious activity detected: brute_force
2025-07-05 14:55:32 - [INFO] file downloaded
2025-07-05 15:19:55 - [INFO] user login
2025-07-05 15:34:17 - [INFO] backup completed
2025-07-05 15:38:24 - [INFO] user login
2025-07-05 15:46:24 - [WARNING] Suspicious activity detected: port_scan
2025-07-05 15:46:37 - [INFO] user login
2025-07-05 15:46:53 - [INFO] file downloaded
2025-07-05 15:48:43 - [INFO] backup completed
2025-07-05 15:53:32 - [INFO] file downloaded
2025-07-05 16:08:49 - [INFO] user login
2025-07-05 16:11:26 - [INFO] config updated
2025-07-05 16:20:23 - [WARNING] Suspicious activity detected: ip_blocked
2025-07-05 16:22:04 - [WARNING] Suspicious activity detected: ddos
2025-07-05 16:46:38 - [INFO] user login
2025-07-05 16:57:38 - [WARNING] Suspicious activity detected: brute_force
2025-07-05 17:06:46 - [INFO] file uploaded
2025-07-05 17:06:49 - [INFO] file uploaded
2025-07-05 17:12:10 - [INFO] system check passed
2025-07-05 17:22:24 - [INFO] user login
2025-07-05 17:29:25 - [INFO] backup completed
2025-07-05 17:39:58 - [INFO] user login
2025-07-05 17:42:53 - [WARNING] Suspicious activity detected: intrusion
2025-07-05 17:50:29 - [INFO] file uploaded
2025-07-05 17:50:52 - [INFO] file downloaded
2025-07-05 17:51:34 - [WARNING] Suspicious activity detected: brute_force
2025-07-05 18:11:40 - [WARNING] Suspicious activity detected: port_scan
2025-07-05 18:11:49 - [INFO] backup completed
2025-07-05 18:20:07 - [WARNING] Suspicious activity detected: sql_injection
2025-07-05 18:27:37 - [INFO] file uploaded
2025-07-05 18:37:23 - [INFO] config updated
2025-07-05 18:38:55 - [INFO] config updated
2025-07-05 18:43:40 - [WARNING] Suspicious activity detected: port_scan
2025-07-05 18:45:00 - [INFO] config updated
2025-07-05 18:48:09 - [INFO] config updated
2025-07-05 18:53:26 - [INFO] email sent
2025-07-05 19:15:33 - [WARNING] Suspicious activity detected: intrusion
2025-07-05 19:17:12 - [WARNING] Suspicious activity detected: malware
2025-07-05 19:25:00 - [WARNING] Suspicious activity detected: sql_injection
2025-07-05 19:35:22 - [INFO] user login
2025-07-05 19:48:11 - [INFO] file downloaded
2025-07-05 19:54:30 - [INFO] file uploaded
2025-07-05 19:55:08 - [INFO] system check passed
2025-07-05 19:56:26 - [WARNING] Suspicious activity detected: ip_blocked
2025-07-05 20:04:14 - [WARNING] Suspicious activity detected: malware
2025-07-05 20:05:55 - [WARNING] Suspicious activity detected: malware
2025-07-05 20:06:34 - [INFO] user login
2025-07-05 20:17:43 - [WARNING] Suspicious activity detected: brute_force
2025-07-05 20:21:07 - [INFO] user login
2025-07-05 20:25:51 - [WARNING] Suspicious activity detected: sql_injection
2025-07-05 20:31:51 - [INFO] user login
2025-07-05 20:40:12 - [WARNING] Suspicious activity detected: ddos
2025-07-05 20:53:14 - [WARNING] Suspicious activity detected: port_scan
2025-07-05 20:53:26 - [WARNING] Suspicious activity detected: intrusion
2025-07-05 20:53:43 - [INFO] config updated
2025-07-05 20:59:50 - [INFO] system check passed
2025-07-05 20:59:52 - [INFO] file uploaded
2025-07-05 21:04:37 - [WARNING] Suspicious activity detected: ddos
2025-07-05 21:09:26 - [INFO] config updated
2025-07-05 21:13:15 - [INFO] backup completed
2025-07-05 21:22:57 - [INFO] email sent
2025-07-05 21:45:56 - [WARNING] Suspicious activity detected: ddos
2025-07-05 21:49:28 - [INFO] file downloaded
2025-07-05 21:58:18 - [WARNING] Suspicious activity detected: brute_force
2025-07-05 22:03:56 - [INFO] backup completed
2025-07-05 22:06:08 - [INFO] backup completed
2025-07-05 22:14:23 - [INFO] email sent
2025-07-05 22:16:29 - [WARNING] Suspicious activity detected: sql_injection
2025-07-05 22:18:14 - [INFO] user login
2025-07-05 22:49:51 - [INFO] config updated
2025-07-05 22:50:52 - [WARNING] Suspicious activity detected: unauthorized_access
2025-07-05 23:01:48 - [WARNING] Suspicious activity detected: sql_injection
2025-07-05 23:05:25 - [INFO] system check passed
2025-07-05 23:09:34 - [WARNING] Suspicious activity detected: ddos
2025-07-05 23:10:56 - [WARNING] Suspicious activity detected: port_scan
2025-07-05 23:16:09 - [INFO] backup completed
2025-07-05 23:26:09 - [INFO] file uploaded
2025-07-05 23:35:32 - [INFO] config updated
2025-07-05 23:37:21 - [WARNING] Suspicious activity detected: unauthorized_access