2025-02-15 00:02:01 - [INFO] config updated
2025-02-15 00:04:06 - [INFO] file downloaded
2025-02-15 00:11:09 - [WARNING] Suspicious activity detected: brute_force
2025-02-15 00:18:58 - [INFO] file downloaded
2025-02-15 00:24:04 - [WARNING] Suspicious activity detected: brute_force
2025-02-15 00:25:12 - [INFO] email sent
2025-02-15 00:25:14 - [WARNING] Suspicious activity detected: sql_injection
2025-02-15 00:39:28 - [INFO] system check passed
2025-02-15 00:43:14 - [WARNING] Suspicious activity detected: intrusion
2025-02-15 01:06:06 - [INFO] backup completed
2025-02-15 01:12:02 - [INFO] system check passed
2025-02-15 01:17:05 - [WARNING] Suspicious activity detected: intrusion
2025-02-15 01:17:15 - [INFO] user login
2025-02-15 01:29:01 - [INFO] file uploaded
2025-02-15 01:57:56 - [INFO] config updated
2025-02-15 01:59:36 - [INFO] config updated
2025-02-15 02:08:01 - [WARNING] Suspicious activity detected: sql_injection
2025-02-15 02:25:20 - [WARNING] Suspicious activity detected: sql_injection
2025-02-15 02:37:22 - [INFO] email sent
2025-02-15 02:42:28 - [WARNING] Suspicious activity detected: intrusion
2025-02-15 02:43:21 - [INFO] system check passed
2025-02-15 02:51:09 - [INFO] email sent
2025-02-15 02:58:36 - [INFO] file uploaded
2025-02-15 02:59:38 - [INFO] user login
2025-02-15 03:01:19 - [INFO] email sent
2025-02-15 03:04:08 - [INFO] backup completed
2025-02-15 03:05:36 - [INFO] system check passed
2025-02-15 03:19:27 - [INFO] backup completed
2025-02-15 03:22:43 - [WARNING] Suspicious activity detected: ddos
2025-02-15 03:27:05 - [INFO] user login
2025-02-15 03:36:15 - [WARNING] Suspicious activity detected: ddos
2025-02-15 03:53:14 - [WARNING] Suspicious activity detected: sql_injection
2025-02-15 03:55:12 - [INFO] file uploaded
2025-02-15 04:01:19 - [WARNING] Suspicious activity detected: port_scan
2025-02-15 04:01:52 - [INFO] backup completed
2025-02-15 04:04:08 - [INFO] system check passed
2025-02-15 04:05:18 - [INFO] email sent
2025-02-15 04:22:14 - [WARNING] Suspicious activity detected: brute_force
2025-02-15 04:23:07 - [INFO] backup completed
2025-02-15 04:24:52 - [INFO] config updated
2025-02-15 04:38:19 - [INFO] file uploaded
2025-02-15 04:48:28 - [INFO] email sent
2025-02-15 04:56:29 - [INFO] backup completed
2025-02-15 05:09:50 - [INFO] file uploaded
2025-02-15 05:13:19 - [WARNING] Suspicious activity detected: brute_force
2025-02-15 05:17:10 - [WARNING] Suspicious activity detected: ip_blocked
2025-02-15 05:17:20 - [INFO] file downloaded
2025-02-15 05:17:52 - [INFO] backup completed
2025-02-15 05:18:10 - [INFO] email sent
2025-02-15 05:27:28 - [INFO] backup completed
2025-02-15 05:53:21 - [WARNING] Suspicious activity detected: unauthorized_access
2025-02-15 05:59:14 - [WARNING] Suspicious activity detected: port_scan
2025-02-15 06:09:16 - [INFO] email sent
2025-02-15 06:10:26 - [INFO] user login
2025-02-15 06:13:48 - [INFO] file uploaded
2025-02-15 06:16:43 - [INFO] file downloaded
2025-02-15 06:23:39 - [WARNING] Suspicious activity detected: ddos
2025-02-15 06:24:00 - [INFO] backup completed
2025-02-15 06:33:46 - [INFO] system check passed
2025-02-15 06:43:39 - [WARNING] Suspicious activity detected: port_scan
2025-02-15 06:58:33 - [INFO] file uploaded
2025-02-15 07:00:18 - [WARNING] Suspicious activity detected: ip_blocked
2025-02-15 07:04:43 - [INFO] user login
2025-02-15 07:08:09 - [INFO] file uploaded
2025-02-15 07:12:28 - [INFO] config updated
2025-02-15 07:14:28 - [WARNING] Suspicious activity detected: malware
2025-02-15 07:15:37 - [INFO] config updated
2025-02-15 07:29:53 - [INFO] file downloaded
2025-02-15 07:36:48 - [INFO] system check passed
2025-02-15 07:41:39 - [INFO] system check passed
2025-02-15 07:42:09 - [WARNING] Suspicious activity detected: ip_blocked
2025-02-15 07:44:44 - [INFO] user login
2025-02-15 07:47:09 - [WARNING] Suspicious activity detected: malware
2025-02-15 07:47:20 - [INFO] config updated
2025-02-15 07:51:58 - [INFO] file uploaded
2025-02-15 07:55:56 - [INFO] file downloaded
2025-02-15 08:01:58 - [WARNING] Suspicious activity detected: sql_injection
2025-02-15 08:08:24 - [INFO] backup completed
2025-02-15 08:22:41 - [INFO] system check passed
2025-02-15 08:33:28 - [INFO] system check passed
2025-02-15 08:39:23 - [INFO] backup completed
2025-02-15 08:42:55 - [INFO] user login
2025-02-15 08:49:55 - [INFO] system check passed
2025-02-15 08:59:27 - [INFO] email sent
2025-02-15 08:59:58 - [WARNING] Suspicious activity detected: ddos
2025-02-15 09:10:38 - [WARNING] Suspicious activity detected: sql_injection
2025-02-15 09:17:19 - [WARNING] Suspicious activity detected: intrusion
2025-02-15 09:25:07 - [INFO] email sent
2025-02-15 09:28:07 - [INFO] email sent
2025-02-15 09:37:27 - [INFO] file uploaded
2025-02-15 09:37:57 - [WARNING] Suspicious activity detected: brute_force
2025-02-15 09:54:37 - [WARNING] Suspicious activity detected: brute_force
2025-02-15 09:57:31 - [INFO] email sent
2025-02-15 10:03:22 - [WARNING] Suspicious activity detected: sql_injection
2025-02-15 10:04:43 - [INFO] file uploaded
2025-02-15 10:12:33 - [INFO] config updated
2025-02-15 10:24:18 - [WARNING] Suspicious activity detected: intrusion
2025-02-15 10:28:45 - [INFO] file uploaded
2025-02-15 10:40:34 - [WARNING] Suspicious activity detected: sql_injection
2025-02-15 10:40:43 - [INFO] file downloaded
2025-02-15 10:51:56 - [WARNING] Suspicious activity detected: brute_force
2025-02-15 10:52:21 - [WARNING] Suspicious activity detected: ip_blocked
2025-02-15 10:54:07 - [INFO] file uploaded
2025-02-15 10:55:01 - [INFO] file downloaded
2025-02-15 11:03:52 - [INFO] config updated
2025-02-15 11:25:24 - [INFO] system check passed
2025-02-15 11:28:57 - [WARNING] Suspicious activity detected: brute_force
2025-02-15 11:33:59 - [INFO] email sent
2025-02-15 11:37:09 - [INFO] user login
2025-02-15 11:38:19 - [WARNING] Suspicious activity detected: brute_force
2025-02-15 11:38:42 - [INFO] config updated
2025-02-15 11:48:02 - [WARNING] Suspicious activity detected: ddos
2025-02-15 11:50:57 - [INFO] system check passed
2025-02-15 11:58:26 - [INFO] file downloaded
2025-02-15 11:58:31 - [WARNING] Suspicious activity detected: ip_blocked
2025-02-15 12:11:53 - [WARNING] Suspicious activity detected: intrusion
2025-02-15 12:20:59 - [INFO] backup completed
2025-02-15 12:21:26 - [WARNING] Suspicious activity detected: intrusion
2025-02-15 12:30:40 - [INFO] system check passed
2025-02-15 12:38:06 - [WARNING] Suspicious activity detected: ip_blocked
2025-02-15 12:38:13 - [WARNING] Suspicious activity detected: intrusion
2025-02-15 12:39:30 - [INFO] email sent
2025-02-15 12:40:52 - [INFO] email sent
2025-02-15 12:42:09 - [INFO] user login
2025-02-15 12:49:46 - [INFO] email sent
2025-02-15 12:51:22 - [INFO] file uploaded
2025-02-15 13:06:24 - [WARNING] Suspicious activity detected: sql_injection
2025-02-15 13:06:42 - [WARNING] Suspicious activity detected: brute_force
2025-02-15 13:20:24 - [INFO] system check passed
2025-02-15 13:26:45 - [WARNING] Suspicious activity detected: unauthorized_access
2025-02-15 13:29:34 - [WARNING] Suspicious activity detected: sql_injection
2025-02-15 13:37:08 - [INFO] system check passed
2025-02-15 13:38:27 - [WARNING] Suspicious activity detected: brute_force
2025-02-15 13:42:35 - [WARNING] Suspicious activity detected: port_scan
2025-02-15 13:51:33 - [INFO] email sent
2025-02-15 13:54:28 - [INFO] config updated
2025-02-15 14:00:50 - [WARNING] Suspicious activity detected: port_scan
2025-02-15 14:03:15 - [WARNING] Suspicious activity detected: ddos
2025-02-15 14:10:06 - [WARNING] Suspicious activity detected: intrusion
2025-02-15 14:20:22 - [INFO] system check passed
2025-02-15 14:22:37 - [INFO] config updated
2025-02-15 14:26:05 - [WARNING] Suspicious activity detected: ddos
2025-02-15 14:35:16 - [INFO] user login
2025-02-15 14:57:49 - [INFO] config updated
2025-02-15 15:05:05 - [INFO] file downloaded
2025-02-15 15:21:35 - [INFO] user login
2025-02-15 15:35:03 - [WARNING] Suspicious activity detected: unauthorized_access
2025-02-15 15:38:31 - [WARNING] Suspicious activity detected: port_scan
2025-02-15 15:42:35 - [INFO] file uploaded
2025-02-15 15:46:36 - [INFO] email sent
2025-02-15 15:52:53 - [INFO] email sent
2025-02-15 15:53:23 - [INFO] config updated
2025-02-15 15:55:02 - [INFO] config updated
2025-02-15 15:55:58 - [WARNING] Suspicious activity detected: sql_injection
2025-02-15 16:02:19 - [WARNING] Suspicious activity detected: ip_blocked
2025-02-15 16:10:44 - [INFO] system check passed
2025-02-15 16:17:12 - [WARNING] Suspicious activity detected: intrusion
2025-02-15 16:18:44 - [INFO] config updated
2025-02-15 16:23:26 - [INFO] file uploaded
2025-02-15 16:24:14 - [WARNING] Suspicious activity detected: brute_force
2025-02-15 16:27:12 - [INFO] user login
2025-02-15 16:38:51 - [WARNING] Suspicious activity detected: unauthorized_access
2025-02-15 16:44:35 - [INFO] config updated
2025-02-15 16:46:18 - [INFO] config updated
2025-02-15 16:54:24 - [INFO] email sent
2025-02-15 16:59:20 - [INFO] email sent
2025-02-15 17:05:52 - [WARNING] Suspicious activity detected: ip_blocked
2025-02-15 17:13:23 - [INFO] file uploaded
2025-02-15 17:18:43 - [WARNING] Suspicious activity detected: sql_injection
2025-02-15 17:21:20 - [WARNING] Suspicious activity detected: intrusion
2025-02-15 17:23:15 - [INFO] file downloaded
2025-02-15 17:37:49 - [WARNING] Suspicious activity detected: port_scan
2025-02-15 17:43:53 - [INFO] file uploaded
2025-02-15 17:45:16 - [INFO] user login
2025-02-15 17:48:17 - [WARNING] Suspicious activity detected: sql_injection
2025-02-15 17:49:04 - [WARNING] Suspicious activity detected: malware
2025-02-15 17:54:44 - [INFO] backup completed
2025-02-15 18:04:56 - [INFO] file downloaded
2025-02-15 18:11:57 - [WARNING] Suspicious activity detected: unauthorized_access
2025-02-15 18:18:45 - [INFO] file downloaded
2025-02-15 18:24:01 - [INFO] backup completed
2025-02-15 18:36:19 - [WARNING] Suspicious activity detected: brute_force
2025-02-15 18:40:48 - [INFO] config updated
2025-02-15 18:45:53 - [INFO] user login
2025-02-15 18:49:48 - [INFO] system check passed
2025-02-15 18:51:24 - [WARNING] Suspicious activity detected: brute_force
2025-02-15 18:57:47 - [WARNING] Suspicious activity detected: brute_force
2025-02-15 18:58:44 - [INFO] file uploaded
2025-02-15 19:03:00 - [WARNING] Suspicious activity detected: brute_force
2025-02-15 19:03:09 - [INFO] file uploaded
2025-02-15 19:08:01 - [INFO] system check passed
2025-02-15 19:13:08 - [INFO] email sent
2025-02-15 19:18:48 - [WARNING] Suspicious activity detected: ip_blocked
2025-02-15 19:25:31 - [INFO] config updated
2025-02-15 19:27:25 - [WARNING] Suspicious activity detected: sql_injection
2025-02-15 19:58:18 - [INFO] email sent
2025-02-15 20:00:06 - [INFO] email sent
2025-02-15 20:01:11 - [WARNING] Suspicious activity detected: ip_blocked
2025-02-15 20:03:34 - [INFO] user login
2025-02-15 20:04:03 - [INFO] file downloaded
2025-02-15 20:06:17 - [INFO] system check passed
2025-02-15 20:08:20 - [INFO] user login
2025-02-15 20:13:30 - [INFO] file downloaded
2025-02-15 20:14:42 - [INFO] file uploaded
2025-02-15 20:27:13 - [INFO] file downloaded
2025-02-15 20:39:54 - [WARNING] Suspicious activity detected: unauthorized_access
2025-02-15 20:40:29 - [WARNING] Suspicious activity detected: intrusion
2025-02-15 21:03:55 - [INFO] email sent
2025-02-15 21:04:51 - [INFO] config updated
2025-02-15 21:06:25 - [INFO] system check passed
2025-02-15 21:09:06 - [WARNING] Suspicious activity detected: ddos
2025-02-15 21:23:57 - [INFO] user login
2025-02-15 21:30:41 - [WARNING] Suspicious activity detected: unauthorized_access
2025-02-15 21:31:07 - [INFO] system check passed
2025-02-15 21:31:26 - [INFO] file downloaded
2025-02-15 21:33:18 - [INFO] system check passed
2025-02-15 21:38:18 - [WARNING] Suspicious activity detected: ip_blocked
2025-02-15 21:39:46 - [WARNING] Suspicious activity detected: intrusion
2025-02-15 21:59:28 - [INFO] user login
2025-02-15 22:08:19 - [WARNING] Suspicious activity detected: port_scan
2025-02-15 22:13:30 - [INFO] config updated
2025-02-15 22:17:20 - [INFO] user login
2025-02-15 22:19:22 - [WARNING] Suspicious activity detected: sql_injection
2025-02-15 22:27:25 - [INFO] file downloaded
2025-02-15 22:31:04 - [WARNING] Suspicious activity detected: ip_blocked
2025-02-15 22:31:11 - [INFO] system check passed
2025-02-15 22:33:12 - [INFO] config updated
2025-02-15 22:39:38 - [WARNING] Suspicious activity detected: port_scan
2025-02-15 22:42:46 - [INFO] config updated
2025-02-15 22:44:57 - [INFO] config updated
2025-02-15 22:45:43 - [WARNING] Suspicious activity detected: malware
2025-02-15 22:59:25 - [INFO] email sent
2025-02-15 23:02:18 - [INFO] file downloaded
2025-02-15 23:14:05 - [WARNING] Suspicious activity detected: unauthorized_access
2025-02-15 23:18:53 - [WARNING] Suspicious activity detected: ddos
2025-02-15 23:21:21 - [WARNING] Suspicious activity detected: ddos
2025-02-15 23:25:38 - [WARNING] Suspicious activity detected: brute_force
2025-02-15 23:25:39 - [WARNING] Suspicious activity detected: sql_injection
2025-02-15 23:28:37 - [WARNING] Suspicious activity detected: sql_injection
2025-02-15 23:40:05 - [INFO] config updated
2025-02-15 23:51:13 - [WARNING] Suspicious activity detected: sql_injection
2025-02-15 23:56:09 - [INFO] config updated