2025-02-25 00:07:23 - [INFO] backup completed
2025-02-25 00:07:58 - [WARNING] Suspicious activity detected: sql_injection
2025-02-25 00:08:40 - [INFO] config updated
2025-02-25 00:13:55 - [INFO] email sent
2025-02-25 00:26:11 - [INFO] config updated
2025-02-25 00:36:39 - [WARNING] Suspicious activity detected: unauthorized_access
2025-02-25 00:43:11 - [WARNING] Suspicious activity detected: intrusion
2025-02-25 00:53:33 - [WARNING] Suspicious activity detected: ip_blocked
2025-02-25 01:03:16 - [INFO] file downloaded
2025-02-25 01:08:45 - [INFO] file uploaded
2025-02-25 01:08:49 - [INFO] email sent
2025-02-25 01:31:26 - [INFO] user login
2025-02-25 01:51:29 - [INFO] user login
2025-02-25 01:52:42 - [WARNING] Suspicious activity detected: intrusion
2025-02-25 01:56:09 - [WARNING] Suspicious activity detected: sql_injection
2025-02-25 01:57:25 - [INFO] email sent
2025-02-25 02:02:34 - [INFO] config updated
2025-02-25 02:10:58 - [INFO] config updated
2025-02-25 02:15:22 - [WARNING] Suspicious activity detected: unauthorized_access
2025-02-25 02:16:27 - [WARNING] Suspicious activity detected: port_scan
2025-02-25 02:20:44 - [INFO] file downloaded
2025-02-25 02:34:26 - [INFO] config updated
2025-02-25 02:42:14 - [INFO] backup completed
2025-02-25 02:44:10 - [INFO] file downloaded
2025-02-25 02:50:46 - [INFO] backup completed
2025-02-25 02:54:48 - [WARNING] Suspicious activity detected: malware
2025-02-25 02:57:57 - [WARNING] Suspicious activity detected: ddos
2025-02-25 03:05:44 - [WARNING] Suspicious activity detected: brute_force
2025-02-25 03:08:40 - [INFO] user login
2025-02-25 03:22:49 - [WARNING] Suspicious activity detected: ddos
2025-02-25 03:26:30 - [INFO] system check passed
2025-02-25 03:32:42 - [WARNING] Suspicious activity detected: ddos
2025-02-25 04:10:35 - [INFO] file downloaded
2025-02-25 04:21:21 - [INFO] file downloaded
2025-02-25 04:22:39 - [WARNING] Suspicious activity detected: intrusion
2025-02-25 04:27:34 - [INFO] config updated
2025-02-25 04:50:28 - [INFO] backup completed
2025-02-25 04:53:17 - [INFO] backup completed
2025-02-25 05:12:41 - [INFO] file uploaded
2025-02-25 05:13:47 - [INFO] file uploaded
2025-02-25 05:44:29 - [WARNING] Suspicious activity detected: ip_blocked
2025-02-25 05:44:53 - [INFO] system check passed
2025-02-25 05:45:11 - [INFO] system check passed
2025-02-25 06:03:05 - [INFO] file uploaded
2025-02-25 06:11:16 - [WARNING] Suspicious activity detected: ip_blocked
2025-02-25 06:13:29 - [INFO] file downloaded
2025-02-25 06:20:25 - [INFO] email sent
2025-02-25 06:21:33 - [INFO] file downloaded
2025-02-25 06:34:44 - [INFO] user login
2025-02-25 07:09:00 - [INFO] system check passed
2025-02-25 07:15:03 - [INFO] file uploaded
2025-02-25 07:20:09 - [WARNING] Suspicious activity detected: intrusion
2025-02-25 07:21:57 - [INFO] email sent
2025-02-25 07:22:27 - [INFO] file downloaded
2025-02-25 07:22:27 - [INFO] system check passed
2025-02-25 07:29:59 - [WARNING] Suspicious activity detected: ddos
2025-02-25 07:36:32 - [INFO] user login
2025-02-25 07:47:40 - [INFO] config updated
2025-02-25 08:02:48 - [INFO] config updated
2025-02-25 08:10:26 - [INFO] file downloaded
2025-02-25 08:24:57 - [WARNING] Suspicious activity detected: ddos
2025-02-25 08:28:05 - [INFO] config updated
2025-02-25 08:33:01 - [INFO] backup completed
2025-02-25 08:37:39 - [WARNING] Suspicious activity detected: brute_force
2025-02-25 08:40:40 - [INFO] file downloaded
2025-02-25 08:41:29 - [WARNING] Suspicious activity detected: ip_blocked
2025-02-25 08:47:42 - [INFO] email sent
2025-02-25 09:04:15 - [WARNING] Suspicious activity detected: malware
2025-02-25 09:05:25 - [WARNING] Suspicious activity detected: malware
2025-02-25 09:11:34 - [INFO] system check passed
2025-02-25 09:11:37 - [WARNING] Suspicious activity detected: ddos
2025-02-25 09:17:32 - [INFO] config updated
2025-02-25 09:25:55 - [INFO] config updated
2025-02-25 09:28:56 - [INFO] user login
2025-02-25 09:45:10 - [INFO] backup completed
2025-02-25 09:58:26 - [INFO] system check passed
2025-02-25 10:09:02 - [INFO] file uploaded
2025-02-25 10:14:06 - [INFO] email sent
2025-02-25 10:24:38 - [INFO] user login
2025-02-25 10:31:49 - [WARNING] Suspicious activity detected: port_scan
2025-02-25 10:32:16 - [WARNING] Suspicious activity detected: intrusion
2025-02-25 10:32:25 - [INFO] email sent
2025-02-25 10:38:55 - [WARNING] Suspicious activity detected: intrusion
2025-02-25 10:54:21 - [WARNING] Suspicious activity detected: malware
2025-02-25 11:09:24 - [WARNING] Suspicious activity detected: malware
2025-02-25 11:26:35 - [INFO] backup completed
2025-02-25 11:33:19 - [WARNING] Suspicious activity detected: unauthorized_access
2025-02-25 11:38:27 - [INFO] config updated
2025-02-25 11:39:55 - [INFO] system check passed
2025-02-25 11:51:09 - [WARNING] Suspicious activity detected: sql_injection
2025-02-25 11:57:39 - [WARNING] Suspicious activity detected: intrusion
2025-02-25 12:08:45 - [INFO] file uploaded
2025-02-25 12:09:34 - [INFO] file uploaded
2025-02-25 12:33:27 - [INFO] file downloaded
2025-02-25 12:34:07 - [WARNING] Suspicious activity detected: unauthorized_access
2025-02-25 13:07:58 - [INFO] user login
2025-02-25 13:12:55 - [INFO] user login
2025-02-25 13:28:55 - [WARNING] Suspicious activity detected: unauthorized_access
2025-02-25 13:37:02 - [INFO] file downloaded
2025-02-25 13:56:58 - [WARNING] Suspicious activity detected: brute_force
2025-02-25 13:57:10 - [INFO] file uploaded
2025-02-25 14:01:00 - [INFO] config updated
2025-02-25 14:04:20 - [INFO] email sent
2025-02-25 14:06:30 - [WARNING] Suspicious activity detected: malware
2025-02-25 14:11:31 - [WARNING] Suspicious activity detected: ip_blocked
2025-02-25 14:14:33 - [INFO] email sent
2025-02-25 14:16:16 - [WARNING] Suspicious activity detected: ip_blocked
2025-02-25 14:18:02 - [WARNING] Suspicious activity detected: ip_blocked
2025-02-25 14:19:24 - [WARNING] Suspicious activity detected: brute_force
2025-02-25 14:19:38 - [WARNING] Suspicious activity detected: brute_force
2025-02-25 14:31:10 - [INFO] system check passed
2025-02-25 14:31:41 - [INFO] config updated
2025-02-25 14:40:59 - [INFO] file downloaded
2025-02-25 14:43:11 - [INFO] backup completed
2025-02-25 14:50:27 - [WARNING] Suspicious activity detected: unauthorized_access
2025-02-25 14:55:55 - [INFO] file downloaded
2025-02-25 14:57:58 - [INFO] email sent
2025-02-25 14:59:58 - [INFO] user login
2025-02-25 15:09:33 - [INFO] email sent
2025-02-25 15:21:18 - [WARNING] Suspicious activity detected: malware
2025-02-25 15:28:35 - [INFO] file uploaded
2025-02-25 15:34:54 - [INFO] file uploaded
2025-02-25 15:38:15 - [INFO] email sent
2025-02-25 15:43:16 - [WARNING] Suspicious activity detected: malware
2025-02-25 15:47:14 - [INFO] file uploaded
2025-02-25 16:03:13 - [WARNING] Suspicious activity detected: ip_blocked
2025-02-25 16:11:21 - [INFO] file uploaded
2025-02-25 16:18:50 - [INFO] file downloaded
2025-02-25 16:25:10 - [WARNING] Suspicious activity detected: malware
2025-02-25 16:31:05 - [INFO] backup completed
2025-02-25 16:32:05 - [WARNING] Suspicious activity detected: malware
2025-02-25 16:38:01 - [INFO] user login
2025-02-25 16:39:35 - [WARNING] Suspicious activity detected: ip_blocked
2025-02-25 16:45:34 - [INFO] email sent
2025-02-25 16:59:01 - [INFO] file uploaded
2025-02-25 17:03:51 - [WARNING] Suspicious activity detected: malware
2025-02-25 17:14:52 - [INFO] file uploaded
2025-02-25 17:16:26 - [WARNING] Suspicious activity detected: unauthorized_access
2025-02-25 17:29:58 - [INFO] config updated
2025-02-25 17:35:55 - [INFO] email sent
2025-02-25 17:38:21 - [INFO] file downloaded
2025-02-25 17:52:10 - [WARNING] Suspicious activity detected: intrusion
2025-02-25 17:54:04 - [INFO] file downloaded
2025-02-25 17:55:06 - [WARNING] Suspicious activity detected: sql_injection
2025-02-25 17:57:31 - [INFO] system check passed
2025-02-25 18:26:40 - [INFO] backup completed
2025-02-25 18:34:33 - [WARNING] Suspicious activity detected: intrusion
2025-02-25 18:53:37 - [INFO] config updated
2025-02-25 19:03:20 - [INFO] system check passed
2025-02-25 19:11:02 - [WARNING] Suspicious activity detected: port_scan
2025-02-25 19:14:52 - [WARNING] Suspicious activity detected: sql_injection
2025-02-25 19:17:24 - [INFO] system check passed
2025-02-25 19:46:50 - [INFO] config updated
2025-02-25 19:58:32 - [WARNING] Suspicious activity detected: intrusion
2025-02-25 20:02:18 - [INFO] user login
2025-02-25 20:10:18 - [INFO] file downloaded
2025-02-25 20:14:55 - [WARNING] Suspicious activity detected: unauthorized_access
2025-02-25 20:35:38 - [INFO] file downloaded
2025-02-25 20:45:23 - [INFO] email sent
2025-02-25 20:45:48 - [INFO] email sent
2025-02-25 20:54:35 - [INFO] config updated
2025-02-25 21:04:44 - [WARNING] Suspicious activity detected: ddos
2025-02-25 21:10:52 - [INFO] system check passed
2025-02-25 21:14:37 - [INFO] backup completed
2025-02-25 21:26:21 - [INFO] system check passed
2025-02-25 21:30:50 - [WARNING] Suspicious activity detected: sql_injection
2025-02-25 21:39:16 - [INFO] file downloaded
2025-02-25 21:41:10 - [WARNING] Suspicious activity detected: brute_force
2025-02-25 21:49:21 - [INFO] file uploaded
2025-02-25 21:54:26 - [WARNING] Suspicious activity detected: malware
2025-02-25 21:59:08 - [WARNING] Suspicious activity detected: brute_force
2025-02-25 22:03:14 - [INFO] backup completed
2025-02-25 22:07:15 - [INFO] config updated
2025-02-25 22:21:38 - [WARNING] Suspicious activity detected: unauthorized_access
2025-02-25 22:33:23 - [WARNING] Suspicious activity detected: port_scan
2025-02-25 22:37:30 - [INFO] file uploaded
2025-02-25 22:38:33 - [INFO] backup completed
2025-02-25 22:53:18 - [INFO] user login
2025-02-25 22:58:15 - [INFO] backup completed
2025-02-25 22:59:54 - [WARNING] Suspicious activity detected: brute_force
2025-02-25 23:02:43 - [WARNING] Suspicious activity detected: ip_blocked
2025-02-25 23:19:16 - [WARNING] Suspicious activity detected: sql_injection
2025-02-25 23:24:01 - [INFO] config updated
2025-02-25 23:30:34 - [INFO] email sent
2025-02-25 23:36:49 - [WARNING] Suspicious activity detected: intrusion
2025-02-25 23:37:06 - [WARNING] Suspicious activity detected: port_scan
2025-02-25 23:44:12 - [WARNING] Suspicious activity detected: malware
2025-02-25 23:50:42 - [INFO] file downloaded
2025-02-25 23:59:37 - [WARNING] Suspicious activity detected: ddos