2025-02-19 00:03:57 - [WARNING] Suspicious activity detected: sql_injection
2025-02-19 00:04:53 - [INFO] backup completed
2025-02-19 00:09:22 - [WARNING] Suspicious activity detected: ip_blocked
2025-02-19 00:11:50 - [INFO] backup completed
2025-02-19 00:13:32 - [INFO] user login
2025-02-19 00:22:15 - [INFO] system check passed
2025-02-19 00:22:36 - [INFO] file uploaded
2025-02-19 00:26:06 - [WARNING] Suspicious activity detected: unauthorized_access
2025-02-19 00:33:41 - [WARNING] Suspicious activity detected: port_scan
2025-02-19 00:58:51 - [INFO] user login
2025-02-19 01:05:48 - [INFO] config updated
2025-02-19 01:06:57 - [INFO] email sent
2025-02-19 01:21:43 - [INFO] system check passed
2025-02-19 01:39:56 - [WARNING] Suspicious activity detected: unauthorized_access
2025-02-19 01:45:12 - [INFO] file uploaded
2025-02-19 01:53:37 - [WARNING] Suspicious activity detected: port_scan
2025-02-19 02:13:58 - [WARNING] Suspicious activity detected: ip_blocked
2025-02-19 02:14:22 - [INFO] config updated
2025-02-19 02:20:14 - [WARNING] Suspicious activity detected: brute_force
2025-02-19 02:32:43 - [WARNING] Suspicious activity detected: ddos
2025-02-19 02:34:58 - [WARNING] Suspicious activity detected: unauthorized_access
2025-02-19 02:40:32 - [INFO] config updated
2025-02-19 02:47:26 - [INFO] email sent
2025-02-19 02:48:36 - [INFO] system check passed
2025-02-19 03:16:29 - [INFO] backup completed
2025-02-19 03:25:50 - [INFO] file uploaded
2025-02-19 03:33:13 - [INFO] file uploaded
2025-02-19 03:50:39 - [INFO] system check passed
2025-02-19 03:51:46 - [INFO] backup completed
2025-02-19 03:53:47 - [INFO] config updated
2025-02-19 04:01:02 - [INFO] config updated
2025-02-19 04:01:33 - [INFO] file uploaded
2025-02-19 04:08:33 - [INFO] file downloaded
2025-02-19 04:26:39 - [WARNING] Suspicious activity detected: malware
2025-02-19 04:30:57 - [WARNING] Suspicious activity detected: ddos
2025-02-19 04:35:40 - [INFO] email sent
2025-02-19 04:37:57 - [INFO] file uploaded
2025-02-19 04:39:22 - [INFO] user login
2025-02-19 04:42:46 - [INFO] email sent
2025-02-19 04:42:51 - [INFO] config updated
2025-02-19 04:43:05 - [WARNING] Suspicious activity detected: intrusion
2025-02-19 04:51:32 - [INFO] file downloaded
2025-02-19 04:57:25 - [INFO] user login
2025-02-19 05:04:32 - [WARNING] Suspicious activity detected: ip_blocked
2025-02-19 05:16:00 - [INFO] email sent
2025-02-19 05:16:29 - [WARNING] Suspicious activity detected: malware
2025-02-19 05:30:24 - [INFO] email sent
2025-02-19 05:33:57 - [INFO] file uploaded
2025-02-19 05:35:24 - [WARNING] Suspicious activity detected: ip_blocked
2025-02-19 05:41:50 - [INFO] email sent
2025-02-19 05:42:16 - [WARNING] Suspicious activity detected: sql_injection
2025-02-19 05:45:36 - [INFO] file downloaded
2025-02-19 05:58:09 - [WARNING] Suspicious activity detected: port_scan
2025-02-19 06:03:51 - [WARNING] Suspicious activity detected: malware
2025-02-19 06:05:30 - [INFO] file downloaded
2025-02-19 06:17:57 - [WARNING] Suspicious activity detected: unauthorized_access
2025-02-19 06:20:38 - [WARNING] Suspicious activity detected: malware
2025-02-19 06:21:07 - [INFO] backup completed
2025-02-19 06:24:42 - [INFO] user login
2025-02-19 06:34:13 - [WARNING] Suspicious activity detected: port_scan
2025-02-19 06:35:24 - [INFO] user login
2025-02-19 06:35:29 - [INFO] user login
2025-02-19 06:35:37 - [WARNING] Suspicious activity detected: port_scan
2025-02-19 06:40:03 - [INFO] backup completed
2025-02-19 06:56:05 - [WARNING] Suspicious activity detected: unauthorized_access
2025-02-19 06:58:19 - [INFO] system check passed
2025-02-19 07:05:21 - [WARNING] Suspicious activity detected: ip_blocked
2025-02-19 07:17:39 - [INFO] email sent
2025-02-19 07:19:28 - [INFO] file uploaded
2025-02-19 07:23:13 - [INFO] user login
2025-02-19 07:47:51 - [WARNING] Suspicious activity detected: malware
2025-02-19 08:00:50 - [INFO] file uploaded
2025-02-19 08:03:22 - [WARNING] Suspicious activity detected: port_scan
2025-02-19 08:05:43 - [INFO] user login
2025-02-19 08:08:45 - [WARNING] Suspicious activity detected: sql_injection
2025-02-19 08:28:51 - [INFO] email sent
2025-02-19 08:29:46 - [WARNING] Suspicious activity detected: ip_blocked
2025-02-19 08:30:53 - [INFO] system check passed
2025-02-19 08:34:45 - [INFO] email sent
2025-02-19 08:35:21 - [INFO] system check passed
2025-02-19 08:42:48 - [INFO] email sent
2025-02-19 08:45:10 - [WARNING] Suspicious activity detected: ddos
2025-02-19 08:55:24 - [WARNING] Suspicious activity detected: ddos
2025-02-19 08:55:32 - [INFO] backup completed
2025-02-19 08:59:47 - [INFO] backup completed
2025-02-19 09:00:28 - [WARNING] Suspicious activity detected: intrusion
2025-02-19 09:04:37 - [INFO] config updated
2025-02-19 09:05:05 - [WARNING] Suspicious activity detected: malware
2025-02-19 09:06:01 - [WARNING] Suspicious activity detected: sql_injection
2025-02-19 09:21:11 - [INFO] config updated
2025-02-19 09:28:55 - [WARNING] Suspicious activity detected: ddos
2025-02-19 09:43:05 - [WARNING] Suspicious activity detected: port_scan
2025-02-19 09:43:53 - [INFO] email sent
2025-02-19 09:49:42 - [INFO] system check passed
2025-02-19 09:52:08 - [WARNING] Suspicious activity detected: brute_force
2025-02-19 09:56:07 - [INFO] system check passed
2025-02-19 09:58:10 - [WARNING] Suspicious activity detected: port_scan
2025-02-19 10:09:03 - [WARNING] Suspicious activity detected: unauthorized_access
2025-02-19 10:16:17 - [INFO] email sent
2025-02-19 10:17:53 - [WARNING] Suspicious activity detected: intrusion
2025-02-19 10:24:44 - [INFO] config updated
2025-02-19 10:27:34 - [INFO] config updated
2025-02-19 10:34:52 - [WARNING] Suspicious activity detected: port_scan
2025-02-19 10:35:08 - [INFO] user login
2025-02-19 10:36:30 - [INFO] config updated
2025-02-19 10:38:40 - [INFO] file uploaded
2025-02-19 10:40:53 - [INFO] file downloaded
2025-02-19 10:46:15 - [INFO] system check passed
2025-02-19 10:47:13 - [INFO] email sent
2025-02-19 10:55:14 - [INFO] email sent
2025-02-19 10:56:19 - [WARNING] Suspicious activity detected: port_scan
2025-02-19 10:56:39 - [WARNING] Suspicious activity detected: brute_force
2025-02-19 11:12:54 - [WARNING] Suspicious activity detected: brute_force
2025-02-19 11:13:39 - [WARNING] Suspicious activity detected: ip_blocked
2025-02-19 11:20:46 - [INFO] backup completed
2025-02-19 11:25:21 - [WARNING] Suspicious activity detected: ip_blocked
2025-02-19 11:31:08 - [INFO] backup completed
2025-02-19 11:39:35 - [WARNING] Suspicious activity detected: malware
2025-02-19 11:43:50 - [INFO] config updated
2025-02-19 11:49:41 - [INFO] email sent
2025-02-19 11:49:42 - [INFO] config updated
2025-02-19 11:50:20 - [INFO] user login
2025-02-19 11:51:33 - [WARNING] Suspicious activity detected: port_scan
2025-02-19 11:54:19 - [INFO] email sent
2025-02-19 11:59:40 - [WARNING] Suspicious activity detected: unauthorized_access
2025-02-19 12:02:18 - [INFO] system check passed
2025-02-19 12:02:19 - [WARNING] Suspicious activity detected: intrusion
2025-02-19 12:17:20 - [INFO] backup completed
2025-02-19 12:28:33 - [INFO] system check passed
2025-02-19 12:29:22 - [WARNING] Suspicious activity detected: sql_injection
2025-02-19 12:40:44 - [INFO] file uploaded
2025-02-19 12:43:56 - [INFO] file uploaded
2025-02-19 12:44:16 - [INFO] file uploaded
2025-02-19 13:15:59 - [INFO] config updated
2025-02-19 13:19:59 - [WARNING] Suspicious activity detected: intrusion
2025-02-19 13:28:20 - [INFO] backup completed
2025-02-19 13:41:08 - [INFO] file uploaded
2025-02-19 13:44:58 - [INFO] system check passed
2025-02-19 13:51:08 - [INFO] file uploaded
2025-02-19 13:52:32 - [WARNING] Suspicious activity detected: sql_injection
2025-02-19 13:57:32 - [INFO] system check passed
2025-02-19 13:58:18 - [WARNING] Suspicious activity detected: brute_force
2025-02-19 14:26:47 - [WARNING] Suspicious activity detected: unauthorized_access
2025-02-19 14:47:40 - [INFO] config updated
2025-02-19 15:00:51 - [INFO] system check passed
2025-02-19 15:06:59 - [INFO] file downloaded
2025-02-19 15:08:03 - [INFO] config updated
2025-02-19 15:19:06 - [WARNING] Suspicious activity detected: ddos
2025-02-19 15:27:16 - [INFO] file downloaded
2025-02-19 15:32:01 - [INFO] system check passed
2025-02-19 15:35:38 - [WARNING] Suspicious activity detected: ip_blocked
2025-02-19 15:47:08 - [INFO] file downloaded
2025-02-19 15:58:26 - [INFO] config updated
2025-02-19 16:25:25 - [INFO] config updated
2025-02-19 16:25:52 - [INFO] config updated
2025-02-19 16:35:31 - [INFO] system check passed
2025-02-19 16:37:51 - [INFO] backup completed
2025-02-19 16:44:39 - [INFO] email sent
2025-02-19 16:47:49 - [INFO] email sent
2025-02-19 16:49:16 - [INFO] email sent
2025-02-19 16:52:11 - [INFO] user login
2025-02-19 16:52:22 - [INFO] email sent
2025-02-19 16:59:32 - [INFO] email sent
2025-02-19 17:03:36 - [INFO] config updated
2025-02-19 17:05:42 - [WARNING] Suspicious activity detected: port_scan
2025-02-19 17:14:30 - [INFO] file downloaded
2025-02-19 17:15:37 - [INFO] file downloaded
2025-02-19 17:15:55 - [INFO] user login
2025-02-19 17:42:11 - [INFO] backup completed
2025-02-19 17:47:11 - [WARNING] Suspicious activity detected: port_scan
2025-02-19 17:50:47 - [INFO] file uploaded
2025-02-19 17:56:09 - [WARNING] Suspicious activity detected: brute_force
2025-02-19 17:57:45 - [WARNING] Suspicious activity detected: brute_force
2025-02-19 18:01:56 - [INFO] user login
2025-02-19 18:13:22 - [INFO] config updated
2025-02-19 18:14:19 - [WARNING] Suspicious activity detected: port_scan
2025-02-19 18:21:46 - [INFO] file uploaded
2025-02-19 18:29:47 - [WARNING] Suspicious activity detected: ddos
2025-02-19 18:30:21 - [INFO] file uploaded
2025-02-19 18:32:21 - [INFO] email sent
2025-02-19 18:33:19 - [WARNING] Suspicious activity detected: port_scan
2025-02-19 18:45:11 - [WARNING] Suspicious activity detected: intrusion
2025-02-19 18:46:03 - [INFO] file downloaded
2025-02-19 19:36:04 - [INFO] user login
2025-02-19 19:36:49 - [INFO] email sent
2025-02-19 19:44:09 - [INFO] config updated
2025-02-19 19:53:15 - [INFO] user login
2025-02-19 19:56:27 - [INFO] email sent
2025-02-19 20:01:45 - [INFO] file uploaded
2025-02-19 20:09:11 - [INFO] file downloaded
2025-02-19 20:10:44 - [WARNING] Suspicious activity detected: port_scan
2025-02-19 20:14:53 - [WARNING] Suspicious activity detected: ip_blocked
2025-02-19 20:17:31 - [INFO] system check passed
2025-02-19 20:24:44 - [WARNING] Suspicious activity detected: port_scan
2025-02-19 20:26:32 - [WARNING] Suspicious activity detected: intrusion
2025-02-19 20:33:25 - [INFO] user login
2025-02-19 20:44:03 - [INFO] user login
2025-02-19 20:53:42 - [INFO] file uploaded
2025-02-19 20:55:32 - [INFO] user login
2025-02-19 20:59:59 - [INFO] config updated
2025-02-19 21:00:17 - [WARNING] Suspicious activity detected: intrusion
2025-02-19 21:15:39 - [WARNING] Suspicious activity detected: unauthorized_access
2025-02-19 21:29:58 - [INFO] backup completed
2025-02-19 21:31:29 - [INFO] file downloaded
2025-02-19 21:41:54 - [WARNING] Suspicious activity detected: unauthorized_access
2025-02-19 21:49:20 - [WARNING] Suspicious activity detected: ip_blocked
2025-02-19 22:05:47 - [INFO] user login
2025-02-19 22:14:00 - [WARNING] Suspicious activity detected: sql_injection
2025-02-19 22:34:57 - [INFO] user login
2025-02-19 22:37:01 - [INFO] file downloaded
2025-02-19 22:38:21 - [INFO] user login
2025-02-19 22:38:56 - [WARNING] Suspicious activity detected: ip_blocked
2025-02-19 22:40:18 - [INFO] system check passed
2025-02-19 22:54:50 - [INFO] file downloaded
2025-02-19 23:02:10 - [INFO] user login
2025-02-19 23:03:12 - [WARNING] Suspicious activity detected: port_scan
2025-02-19 23:07:25 - [WARNING] Suspicious activity detected: sql_injection
2025-02-19 23:14:50 - [WARNING] Suspicious activity detected: intrusion
2025-02-19 23:15:23 - [INFO] backup completed
2025-02-19 23:17:36 - [INFO] file downloaded
2025-02-19 23:23:45 - [WARNING] Suspicious activity detected: sql_injection
2025-02-19 23:25:05 - [WARNING] Suspicious activity detected: ddos
2025-02-19 23:37:26 - [WARNING] Suspicious activity detected: unauthorized_access
2025-02-19 23:46:16 - [INFO] backup completed
2025-02-19 23:56:24 - [INFO] file downloaded