2025-03-16 00:17:06 - [WARNING] Suspicious activity detected: ip_blocked
2025-03-16 00:18:45 - [INFO] email sent
2025-03-16 00:18:58 - [INFO] file downloaded
2025-03-16 00:20:46 - [INFO] backup completed
2025-03-16 00:20:58 - [INFO] file uploaded
2025-03-16 00:32:34 - [INFO] config updated
2025-03-16 00:42:35 - [INFO] backup completed
2025-03-16 00:55:49 - [INFO] system check passed
2025-03-16 00:58:34 - [INFO] user login
2025-03-16 01:06:42 - [WARNING] Suspicious activity detected: unauthorized_access
2025-03-16 01:11:55 - [INFO] file downloaded
2025-03-16 01:22:47 - [INFO] config updated
2025-03-16 01:33:00 - [INFO] system check passed
2025-03-16 01:41:56 - [INFO] config updated
2025-03-16 01:42:16 - [INFO] system check passed
2025-03-16 01:55:42 - [INFO] file downloaded
2025-03-16 01:56:18 - [INFO] user login
2025-03-16 01:59:01 - [INFO] user login
2025-03-16 02:06:37 - [INFO] file downloaded
2025-03-16 02:07:26 - [WARNING] Suspicious activity detected: malware
2025-03-16 02:12:33 - [INFO] user login
2025-03-16 02:36:04 - [WARNING] Suspicious activity detected: ip_blocked
2025-03-16 02:45:27 - [INFO] config updated
2025-03-16 02:49:31 - [INFO] file downloaded
2025-03-16 02:52:46 - [INFO] email sent
2025-03-16 02:58:47 - [WARNING] Suspicious activity detected: port_scan
2025-03-16 02:59:28 - [INFO] backup completed
2025-03-16 03:01:30 - [INFO] file downloaded
2025-03-16 03:05:38 - [INFO] file downloaded
2025-03-16 03:09:42 - [INFO] backup completed
2025-03-16 03:10:42 - [INFO] user login
2025-03-16 03:16:56 - [WARNING] Suspicious activity detected: intrusion
2025-03-16 03:23:41 - [INFO] system check passed
2025-03-16 03:27:48 - [WARNING] Suspicious activity detected: malware
2025-03-16 03:29:59 - [INFO] system check passed
2025-03-16 03:35:51 - [WARNING] Suspicious activity detected: ddos
2025-03-16 03:40:44 - [WARNING] Suspicious activity detected: ip_blocked
2025-03-16 03:44:56 - [WARNING] Suspicious activity detected: ddos
2025-03-16 03:46:25 - [INFO] config updated
2025-03-16 04:00:38 - [INFO] file downloaded
2025-03-16 04:01:52 - [INFO] email sent
2025-03-16 04:04:54 - [WARNING] Suspicious activity detected: intrusion
2025-03-16 04:14:53 - [WARNING] Suspicious activity detected: brute_force
2025-03-16 04:22:00 - [INFO] backup completed
2025-03-16 04:32:04 - [INFO] system check passed
2025-03-16 04:37:09 - [INFO] user login
2025-03-16 04:46:58 - [INFO] system check passed
2025-03-16 04:47:04 - [WARNING] Suspicious activity detected: port_scan
2025-03-16 04:49:52 - [INFO] file uploaded
2025-03-16 04:51:06 - [INFO] email sent
2025-03-16 05:01:15 - [WARNING] Suspicious activity detected: ip_blocked
2025-03-16 05:02:28 - [INFO] system check passed
2025-03-16 05:07:14 - [INFO] user login
2025-03-16 05:08:24 - [INFO] config updated
2025-03-16 05:13:08 - [INFO] backup completed
2025-03-16 05:31:41 - [INFO] config updated
2025-03-16 05:36:41 - [INFO] config updated
2025-03-16 05:53:17 - [INFO] email sent
2025-03-16 05:58:02 - [INFO] system check passed
2025-03-16 05:58:50 - [INFO] user login
2025-03-16 05:58:57 - [INFO] config updated
2025-03-16 06:01:26 - [INFO] user login
2025-03-16 06:15:05 - [INFO] file uploaded
2025-03-16 06:17:48 - [WARNING] Suspicious activity detected: sql_injection
2025-03-16 06:18:46 - [INFO] system check passed
2025-03-16 06:23:48 - [INFO] config updated
2025-03-16 06:29:37 - [INFO] file downloaded
2025-03-16 06:48:59 - [WARNING] Suspicious activity detected: ddos
2025-03-16 07:05:06 - [INFO] system check passed
2025-03-16 07:06:21 - [INFO] user login
2025-03-16 07:09:23 - [INFO] backup completed
2025-03-16 07:13:47 - [INFO] user login
2025-03-16 07:15:17 - [WARNING] Suspicious activity detected: ddos
2025-03-16 07:20:06 - [INFO] user login
2025-03-16 07:27:48 - [WARNING] Suspicious activity detected: intrusion
2025-03-16 07:29:04 - [INFO] file downloaded
2025-03-16 07:30:00 - [INFO] system check passed
2025-03-16 07:33:20 - [INFO] user login
2025-03-16 07:34:00 - [INFO] file uploaded
2025-03-16 07:34:07 - [INFO] user login
2025-03-16 07:41:13 - [INFO] user login
2025-03-16 07:41:43 - [WARNING] Suspicious activity detected: malware
2025-03-16 07:50:13 - [INFO] email sent
2025-03-16 07:56:16 - [INFO] backup completed
2025-03-16 07:57:30 - [INFO] file downloaded
2025-03-16 08:00:03 - [INFO] user login
2025-03-16 08:02:51 - [INFO] config updated
2025-03-16 08:05:12 - [INFO] file downloaded
2025-03-16 08:18:11 - [INFO] user login
2025-03-16 08:25:10 - [INFO] file downloaded
2025-03-16 08:28:46 - [INFO] file uploaded
2025-03-16 08:31:30 - [INFO] system check passed
2025-03-16 08:35:46 - [INFO] user login
2025-03-16 08:41:01 - [INFO] config updated
2025-03-16 08:43:03 - [INFO] file uploaded
2025-03-16 08:50:50 - [INFO] file downloaded
2025-03-16 08:54:22 - [INFO] file downloaded
2025-03-16 09:04:27 - [INFO] config updated
2025-03-16 09:25:27 - [INFO] file uploaded
2025-03-16 09:27:16 - [WARNING] Suspicious activity detected: ip_blocked
2025-03-16 09:42:45 - [WARNING] Suspicious activity detected: port_scan
2025-03-16 09:45:46 - [INFO] user login
2025-03-16 09:54:08 - [WARNING] Suspicious activity detected: unauthorized_access
2025-03-16 10:03:16 - [WARNING] Suspicious activity detected: brute_force
2025-03-16 10:03:49 - [INFO] email sent
2025-03-16 10:14:55 - [INFO] config updated
2025-03-16 10:16:03 - [INFO] config updated
2025-03-16 10:24:31 - [INFO] email sent
2025-03-16 10:28:27 - [INFO] user login
2025-03-16 10:38:01 - [INFO] file downloaded
2025-03-16 10:38:08 - [INFO] system check passed
2025-03-16 10:41:31 - [INFO] file uploaded
2025-03-16 10:44:44 - [INFO] file downloaded
2025-03-16 10:47:14 - [INFO] user login
2025-03-16 10:53:08 - [INFO] system check passed
2025-03-16 10:56:18 - [WARNING] Suspicious activity detected: unauthorized_access
2025-03-16 10:56:45 - [INFO] backup completed
2025-03-16 10:56:54 - [INFO] backup completed
2025-03-16 11:06:39 - [INFO] file uploaded
2025-03-16 11:20:19 - [INFO] user login
2025-03-16 11:20:41 - [INFO] system check passed
2025-03-16 11:22:44 - [INFO] backup completed
2025-03-16 11:30:58 - [INFO] system check passed
2025-03-16 11:35:56 - [INFO] email sent
2025-03-16 11:41:53 - [WARNING] Suspicious activity detected: intrusion
2025-03-16 11:53:15 - [WARNING] Suspicious activity detected: port_scan
2025-03-16 11:57:05 - [INFO] file downloaded
2025-03-16 12:03:14 - [WARNING] Suspicious activity detected: ip_blocked
2025-03-16 12:11:47 - [INFO] email sent
2025-03-16 12:13:47 - [INFO] system check passed
2025-03-16 12:22:11 - [INFO] config updated
2025-03-16 12:25:32 - [INFO] user login
2025-03-16 12:36:17 - [INFO] system check passed
2025-03-16 13:01:18 - [INFO] system check passed
2025-03-16 13:02:49 - [WARNING] Suspicious activity detected: ip_blocked
2025-03-16 13:07:27 - [INFO] file uploaded
2025-03-16 13:09:17 - [WARNING] Suspicious activity detected: sql_injection
2025-03-16 13:16:00 - [WARNING] Suspicious activity detected: brute_force
2025-03-16 13:20:45 - [INFO] email sent
2025-03-16 13:22:19 - [INFO] system check passed
2025-03-16 13:26:43 - [INFO] email sent
2025-03-16 13:34:55 - [INFO] backup completed
2025-03-16 13:35:17 - [INFO] email sent
2025-03-16 13:49:18 - [INFO] user login
2025-03-16 13:52:47 - [INFO] system check passed
2025-03-16 13:58:32 - [WARNING] Suspicious activity detected: malware
2025-03-16 14:00:49 - [INFO] file uploaded
2025-03-16 14:04:39 - [INFO] config updated
2025-03-16 14:09:14 - [INFO] system check passed
2025-03-16 14:22:10 - [INFO] file downloaded
2025-03-16 14:39:40 - [INFO] user login
2025-03-16 14:40:17 - [INFO] config updated
2025-03-16 14:47:24 - [WARNING] Suspicious activity detected: brute_force
2025-03-16 14:49:01 - [INFO] email sent
2025-03-16 14:54:31 - [INFO] user login
2025-03-16 14:55:53 - [INFO] backup completed
2025-03-16 14:56:47 - [INFO] backup completed
2025-03-16 15:01:36 - [INFO] user login
2025-03-16 15:03:49 - [INFO] backup completed
2025-03-16 15:12:09 - [INFO] file uploaded
2025-03-16 15:19:53 - [WARNING] Suspicious activity detected: intrusion
2025-03-16 15:31:39 - [INFO] user login
2025-03-16 15:34:38 - [WARNING] Suspicious activity detected: brute_force
2025-03-16 15:35:52 - [INFO] config updated
2025-03-16 15:36:40 - [INFO] config updated
2025-03-16 15:37:24 - [WARNING] Suspicious activity detected: ip_blocked
2025-03-16 15:38:51 - [INFO] config updated
2025-03-16 15:50:15 - [INFO] system check passed
2025-03-16 15:51:17 - [INFO] user login
2025-03-16 15:51:20 - [INFO] system check passed
2025-03-16 15:59:41 - [WARNING] Suspicious activity detected: port_scan
2025-03-16 16:08:02 - [INFO] email sent
2025-03-16 16:08:54 - [INFO] file uploaded
2025-03-16 16:13:30 - [INFO] system check passed
2025-03-16 16:20:39 - [WARNING] Suspicious activity detected: unauthorized_access
2025-03-16 16:31:47 - [INFO] file downloaded
2025-03-16 16:41:57 - [INFO] system check passed
2025-03-16 16:49:23 - [WARNING] Suspicious activity detected: sql_injection
2025-03-16 16:51:12 - [INFO] user login
2025-03-16 16:54:22 - [INFO] backup completed
2025-03-16 17:03:24 - [INFO] config updated
2025-03-16 17:19:17 - [INFO] config updated
2025-03-16 17:36:44 - [WARNING] Suspicious activity detected: intrusion
2025-03-16 17:37:08 - [INFO] user login
2025-03-16 17:48:10 - [INFO] file downloaded
2025-03-16 17:52:09 - [WARNING] Suspicious activity detected: malware
2025-03-16 18:08:42 - [INFO] backup completed
2025-03-16 18:13:30 - [WARNING] Suspicious activity detected: brute_force
2025-03-16 18:38:09 - [INFO] backup completed
2025-03-16 18:38:48 - [INFO] backup completed
2025-03-16 18:50:11 - [INFO] user login
2025-03-16 18:50:20 - [WARNING] Suspicious activity detected: brute_force
2025-03-16 18:53:43 - [WARNING] Suspicious activity detected: ip_blocked
2025-03-16 18:53:53 - [INFO] user login
2025-03-16 19:01:54 - [INFO] file uploaded
2025-03-16 19:09:15 - [WARNING] Suspicious activity detected: malware
2025-03-16 19:13:28 - [INFO] user login
2025-03-16 19:14:25 - [INFO] file downloaded
2025-03-16 19:15:31 - [INFO] file uploaded
2025-03-16 19:18:09 - [INFO] file downloaded
2025-03-16 19:22:10 - [INFO] system check passed
2025-03-16 19:29:24 - [INFO] system check passed
2025-03-16 19:34:35 - [INFO] backup completed
2025-03-16 19:40:57 - [INFO] file uploaded
2025-03-16 20:05:19 - [INFO] backup completed
2025-03-16 20:06:48 - [WARNING] Suspicious activity detected: brute_force
2025-03-16 20:27:47 - [WARNING] Suspicious activity detected: ddos
2025-03-16 20:27:57 - [WARNING] Suspicious activity detected: malware
2025-03-16 20:30:34 - [WARNING] Suspicious activity detected: unauthorized_access
2025-03-16 20:52:18 - [WARNING] Suspicious activity detected: port_scan
2025-03-16 20:54:17 - [WARNING] Suspicious activity detected: malware
2025-03-16 21:07:23 - [INFO] system check passed
2025-03-16 21:07:49 - [INFO] system check passed
2025-03-16 21:22:02 - [INFO] system check passed
2025-03-16 21:23:03 - [INFO] system check passed
2025-03-16 21:38:01 - [INFO] file downloaded
2025-03-16 21:50:11 - [INFO] email sent
2025-03-16 21:50:57 - [INFO] user login
2025-03-16 21:51:53 - [WARNING] Suspicious activity detected: intrusion
2025-03-16 21:56:40 - [INFO] user login
2025-03-16 21:57:19 - [INFO] config updated
2025-03-16 22:19:08 - [INFO] file downloaded
2025-03-16 22:25:13 - [INFO] backup completed
2025-03-16 22:27:25 - [WARNING] Suspicious activity detected: ip_blocked
2025-03-16 22:29:44 - [INFO] user login
2025-03-16 22:30:38 - [INFO] file downloaded
2025-03-16 22:31:55 - [INFO] file downloaded
2025-03-16 22:42:20 - [INFO] email sent
2025-03-16 22:45:53 - [INFO] file uploaded
2025-03-16 22:57:14 - [INFO] email sent
2025-03-16 23:02:39 - [INFO] file downloaded
2025-03-16 23:03:45 - [WARNING] Suspicious activity detected: intrusion
2025-03-16 23:05:05 - [INFO] system check passed
2025-03-16 23:07:53 - [INFO] file uploaded
2025-03-16 23:08:11 - [INFO] file uploaded
2025-03-16 23:16:17 - [INFO] file downloaded
2025-03-16 23:36:19 - [INFO] file uploaded
2025-03-16 23:38:43 - [INFO] file uploaded
2025-03-16 23:40:06 - [INFO] email sent
2025-03-16 23:41:03 - [INFO] email sent
2025-03-16 23:43:35 - [INFO] email sent
2025-03-16 23:44:46 - [INFO] system check passed
2025-03-16 23:46:59 - [INFO] config updated