2025-03-21 00:07:25 - [INFO] config updated
2025-03-21 00:14:36 - [INFO] file downloaded
2025-03-21 00:19:11 - [INFO] config updated
2025-03-21 00:19:44 - [WARNING] Suspicious activity detected: sql_injection
2025-03-21 00:25:47 - [INFO] user login
2025-03-21 00:26:13 - [INFO] user login
2025-03-21 00:29:06 - [INFO] file downloaded
2025-03-21 00:33:01 - [WARNING] Suspicious activity detected: ip_blocked
2025-03-21 00:33:04 - [INFO] user login
2025-03-21 00:34:56 - [WARNING] Suspicious activity detected: ddos
2025-03-21 00:43:35 - [INFO] system check passed
2025-03-21 00:50:35 - [INFO] file downloaded
2025-03-21 00:54:36 - [INFO] config updated
2025-03-21 00:57:52 - [INFO] user login
2025-03-21 01:06:32 - [INFO] user login
2025-03-21 01:51:19 - [INFO] file uploaded
2025-03-21 01:58:46 - [WARNING] Suspicious activity detected: unauthorized_access
2025-03-21 02:02:19 - [INFO] backup completed
2025-03-21 02:02:24 - [WARNING] Suspicious activity detected: ddos
2025-03-21 02:05:23 - [WARNING] Suspicious activity detected: ddos
2025-03-21 02:24:09 - [WARNING] Suspicious activity detected: unauthorized_access
2025-03-21 02:45:19 - [INFO] email sent
2025-03-21 02:51:33 - [INFO] backup completed
2025-03-21 02:55:05 - [INFO] system check passed
2025-03-21 02:55:45 - [INFO] file uploaded
2025-03-21 03:00:36 - [INFO] file downloaded
2025-03-21 03:10:24 - [INFO] file downloaded
2025-03-21 03:13:33 - [WARNING] Suspicious activity detected: brute_force
2025-03-21 03:24:22 - [INFO] user login
2025-03-21 03:25:09 - [INFO] config updated
2025-03-21 03:28:50 - [INFO] backup completed
2025-03-21 03:35:48 - [INFO] user login
2025-03-21 03:37:20 - [INFO] backup completed
2025-03-21 03:47:13 - [WARNING] Suspicious activity detected: ip_blocked
2025-03-21 03:48:03 - [WARNING] Suspicious activity detected: ddos
2025-03-21 04:04:31 - [INFO] system check passed
2025-03-21 04:13:10 - [INFO] user login
2025-03-21 04:18:00 - [INFO] email sent
2025-03-21 04:40:28 - [WARNING] Suspicious activity detected: brute_force
2025-03-21 04:43:13 - [INFO] user login
2025-03-21 04:55:29 - [INFO] file uploaded
2025-03-21 05:02:40 - [INFO] config updated
2025-03-21 05:09:12 - [INFO] system check passed
2025-03-21 05:20:40 - [INFO] user login
2025-03-21 05:26:08 - [INFO] file downloaded
2025-03-21 05:38:05 - [INFO] config updated
2025-03-21 05:45:09 - [WARNING] Suspicious activity detected: ddos
2025-03-21 05:48:20 - [INFO] user login
2025-03-21 05:52:20 - [WARNING] Suspicious activity detected: sql_injection
2025-03-21 06:11:27 - [INFO] backup completed
2025-03-21 06:21:36 - [INFO] config updated
2025-03-21 06:30:23 - [WARNING] Suspicious activity detected: brute_force
2025-03-21 06:47:31 - [WARNING] Suspicious activity detected: port_scan
2025-03-21 06:48:41 - [WARNING] Suspicious activity detected: intrusion
2025-03-21 06:53:19 - [WARNING] Suspicious activity detected: port_scan
2025-03-21 07:02:49 - [INFO] system check passed
2025-03-21 07:06:59 - [INFO] user login
2025-03-21 07:07:29 - [WARNING] Suspicious activity detected: ip_blocked
2025-03-21 07:15:13 - [INFO] file downloaded
2025-03-21 07:15:36 - [INFO] user login
2025-03-21 07:25:55 - [INFO] config updated
2025-03-21 07:28:37 - [WARNING] Suspicious activity detected: intrusion
2025-03-21 07:32:11 - [WARNING] Suspicious activity detected: port_scan
2025-03-21 07:49:04 - [INFO] config updated
2025-03-21 07:50:24 - [INFO] file uploaded
2025-03-21 07:55:08 - [INFO] email sent
2025-03-21 08:07:24 - [INFO] file downloaded
2025-03-21 08:11:07 - [INFO] system check passed
2025-03-21 08:12:14 - [INFO] system check passed
2025-03-21 08:13:51 - [INFO] backup completed
2025-03-21 08:15:16 - [WARNING] Suspicious activity detected: sql_injection
2025-03-21 08:24:39 - [INFO] email sent
2025-03-21 08:25:23 - [INFO] user login
2025-03-21 08:49:26 - [WARNING] Suspicious activity detected: malware
2025-03-21 09:04:08 - [INFO] file uploaded
2025-03-21 09:05:40 - [INFO] backup completed
2025-03-21 09:23:03 - [INFO] config updated
2025-03-21 09:50:33 - [WARNING] Suspicious activity detected: sql_injection
2025-03-21 09:59:28 - [WARNING] Suspicious activity detected: intrusion
2025-03-21 10:06:13 - [INFO] file uploaded
2025-03-21 10:07:10 - [WARNING] Suspicious activity detected: ip_blocked
2025-03-21 10:10:35 - [INFO] system check passed
2025-03-21 10:27:10 - [WARNING] Suspicious activity detected: brute_force
2025-03-21 10:28:44 - [WARNING] Suspicious activity detected: ip_blocked
2025-03-21 10:33:34 - [INFO] system check passed
2025-03-21 10:39:51 - [INFO] file uploaded
2025-03-21 10:46:33 - [WARNING] Suspicious activity detected: brute_force
2025-03-21 10:48:24 - [WARNING] Suspicious activity detected: unauthorized_access
2025-03-21 11:01:00 - [WARNING] Suspicious activity detected: unauthorized_access
2025-03-21 11:24:38 - [INFO] file downloaded
2025-03-21 11:32:45 - [INFO] config updated
2025-03-21 11:51:15 - [WARNING] Suspicious activity detected: sql_injection
2025-03-21 11:55:06 - [WARNING] Suspicious activity detected: ddos
2025-03-21 12:00:13 - [INFO] user login
2025-03-21 12:02:59 - [INFO] email sent
2025-03-21 12:05:35 - [INFO] system check passed
2025-03-21 12:09:10 - [WARNING] Suspicious activity detected: sql_injection
2025-03-21 12:17:51 - [WARNING] Suspicious activity detected: malware
2025-03-21 12:28:12 - [INFO] user login
2025-03-21 12:31:23 - [INFO] user login
2025-03-21 12:32:45 - [INFO] backup completed
2025-03-21 13:09:48 - [WARNING] Suspicious activity detected: ddos
2025-03-21 13:13:55 - [INFO] system check passed
2025-03-21 13:32:01 - [INFO] system check passed
2025-03-21 13:41:12 - [WARNING] Suspicious activity detected: brute_force
2025-03-21 13:47:53 - [INFO] file uploaded
2025-03-21 13:56:48 - [WARNING] Suspicious activity detected: sql_injection
2025-03-21 14:04:35 - [WARNING] Suspicious activity detected: unauthorized_access
2025-03-21 14:23:54 - [WARNING] Suspicious activity detected: brute_force
2025-03-21 14:38:42 - [INFO] backup completed
2025-03-21 15:08:49 - [INFO] user login
2025-03-21 15:09:57 - [INFO] email sent
2025-03-21 15:12:56 - [WARNING] Suspicious activity detected: ddos
2025-03-21 15:15:02 - [INFO] file downloaded
2025-03-21 15:32:23 - [WARNING] Suspicious activity detected: intrusion
2025-03-21 15:36:31 - [INFO] file downloaded
2025-03-21 15:54:43 - [WARNING] Suspicious activity detected: sql_injection
2025-03-21 16:01:44 - [INFO] user login
2025-03-21 16:03:23 - [WARNING] Suspicious activity detected: ip_blocked
2025-03-21 16:15:41 - [INFO] user login
2025-03-21 16:18:16 - [INFO] backup completed
2025-03-21 16:24:11 - [WARNING] Suspicious activity detected: ip_blocked
2025-03-21 16:46:09 - [WARNING] Suspicious activity detected: sql_injection
2025-03-21 16:48:13 - [WARNING] Suspicious activity detected: intrusion
2025-03-21 16:57:19 - [INFO] config updated
2025-03-21 16:59:24 - [INFO] backup completed
2025-03-21 17:08:52 - [WARNING] Suspicious activity detected: sql_injection
2025-03-21 17:39:37 - [INFO] config updated
2025-03-21 17:56:54 - [INFO] user login
2025-03-21 18:04:43 - [INFO] system check passed
2025-03-21 18:17:24 - [INFO] user login
2025-03-21 18:36:43 - [WARNING] Suspicious activity detected: unauthorized_access
2025-03-21 18:37:51 - [WARNING] Suspicious activity detected: ddos
2025-03-21 18:53:59 - [INFO] backup completed
2025-03-21 19:07:54 - [INFO] email sent
2025-03-21 19:19:00 - [INFO] user login
2025-03-21 19:33:35 - [INFO] system check passed
2025-03-21 19:34:48 - [WARNING] Suspicious activity detected: ip_blocked
2025-03-21 19:38:16 - [WARNING] Suspicious activity detected: ip_blocked
2025-03-21 19:44:28 - [INFO] file downloaded
2025-03-21 19:47:11 - [INFO] file uploaded
2025-03-21 19:57:18 - [WARNING] Suspicious activity detected: brute_force
2025-03-21 20:01:04 - [INFO] file uploaded
2025-03-21 20:21:35 - [INFO] config updated
2025-03-21 20:40:23 - [WARNING] Suspicious activity detected: intrusion
2025-03-21 20:41:48 - [INFO] email sent
2025-03-21 20:57:23 - [INFO] backup completed
2025-03-21 20:58:38 - [INFO] user login
2025-03-21 21:04:51 - [INFO] config updated
2025-03-21 21:08:01 - [INFO] system check passed
2025-03-21 21:17:51 - [WARNING] Suspicious activity detected: sql_injection
2025-03-21 21:26:26 - [INFO] file downloaded
2025-03-21 21:28:02 - [INFO] file uploaded
2025-03-21 21:33:23 - [INFO] email sent
2025-03-21 21:37:24 - [INFO] system check passed
2025-03-21 21:45:14 - [WARNING] Suspicious activity detected: sql_injection
2025-03-21 21:55:39 - [WARNING] Suspicious activity detected: unauthorized_access
2025-03-21 22:16:54 - [WARNING] Suspicious activity detected: ip_blocked
2025-03-21 22:25:01 - [INFO] file uploaded
2025-03-21 22:36:35 - [INFO] user login
2025-03-21 22:42:05 - [WARNING] Suspicious activity detected: unauthorized_access
2025-03-21 22:43:56 - [INFO] file downloaded
2025-03-21 22:45:31 - [INFO] email sent
2025-03-21 22:57:14 - [INFO] user login
2025-03-21 23:11:36 - [WARNING] Suspicious activity detected: ddos
2025-03-21 23:13:24 - [WARNING] Suspicious activity detected: brute_force
2025-03-21 23:18:41 - [INFO] file uploaded
2025-03-21 23:22:33 - [WARNING] Suspicious activity detected: intrusion
2025-03-21 23:30:17 - [INFO] email sent
2025-03-21 23:30:50 - [WARNING] Suspicious activity detected: unauthorized_access
2025-03-21 23:45:18 - [INFO] email sent
2025-03-21 23:47:28 - [WARNING] Suspicious activity detected: brute_force