2025-06-09 00:06:58 - [INFO] system check passed
2025-06-09 00:10:10 - [INFO] email sent
2025-06-09 00:20:27 - [INFO] user login
2025-06-09 00:22:04 - [INFO] file downloaded
2025-06-09 00:24:10 - [INFO] user login
2025-06-09 00:25:00 - [WARNING] Suspicious activity detected: port_scan
2025-06-09 00:33:11 - [WARNING] Suspicious activity detected: malware
2025-06-09 00:33:56 - [WARNING] Suspicious activity detected: port_scan
2025-06-09 00:42:56 - [INFO] system check passed
2025-06-09 00:57:47 - [WARNING] Suspicious activity detected: sql_injection
2025-06-09 01:06:50 - [INFO] system check passed
2025-06-09 01:16:28 - [WARNING] Suspicious activity detected: ip_blocked
2025-06-09 01:28:42 - [WARNING] Suspicious activity detected: ip_blocked
2025-06-09 01:32:46 - [WARNING] Suspicious activity detected: malware
2025-06-09 01:33:28 - [WARNING] Suspicious activity detected: malware
2025-06-09 01:53:29 - [INFO] backup completed
2025-06-09 01:58:35 - [INFO] file uploaded
2025-06-09 02:01:34 - [WARNING] Suspicious activity detected: sql_injection
2025-06-09 02:13:37 - [WARNING] Suspicious activity detected: port_scan
2025-06-09 02:18:22 - [WARNING] Suspicious activity detected: intrusion
2025-06-09 02:20:55 - [INFO] file downloaded
2025-06-09 02:25:17 - [WARNING] Suspicious activity detected: malware
2025-06-09 02:29:17 - [WARNING] Suspicious activity detected: intrusion
2025-06-09 02:31:53 - [INFO] config updated
2025-06-09 02:36:42 - [WARNING] Suspicious activity detected: sql_injection
2025-06-09 02:36:57 - [INFO] file uploaded
2025-06-09 02:42:13 - [INFO] email sent
2025-06-09 03:07:56 - [WARNING] Suspicious activity detected: ip_blocked
2025-06-09 03:13:04 - [WARNING] Suspicious activity detected: malware
2025-06-09 03:13:40 - [WARNING] Suspicious activity detected: unauthorized_access
2025-06-09 03:17:13 - [WARNING] Suspicious activity detected: ip_blocked
2025-06-09 03:33:37 - [WARNING] Suspicious activity detected: ip_blocked
2025-06-09 03:38:29 - [WARNING] Suspicious activity detected: ddos
2025-06-09 03:43:52 - [WARNING] Suspicious activity detected: port_scan
2025-06-09 03:44:21 - [WARNING] Suspicious activity detected: malware
2025-06-09 03:46:05 - [INFO] config updated
2025-06-09 03:47:27 - [WARNING] Suspicious activity detected: port_scan
2025-06-09 03:57:38 - [WARNING] Suspicious activity detected: brute_force
2025-06-09 03:59:17 - [INFO] config updated
2025-06-09 04:04:09 - [WARNING] Suspicious activity detected: malware
2025-06-09 04:10:42 - [INFO] user login
2025-06-09 04:12:48 - [WARNING] Suspicious activity detected: port_scan
2025-06-09 04:13:14 - [INFO] backup completed
2025-06-09 04:26:08 - [INFO] file downloaded
2025-06-09 04:28:44 - [INFO] config updated
2025-06-09 04:32:37 - [INFO] email sent
2025-06-09 04:41:10 - [INFO] backup completed
2025-06-09 04:56:07 - [INFO] file downloaded
2025-06-09 05:18:36 - [INFO] file downloaded
2025-06-09 05:24:44 - [INFO] email sent
2025-06-09 05:36:43 - [WARNING] Suspicious activity detected: ddos
2025-06-09 05:37:36 - [INFO] user login
2025-06-09 05:55:05 - [WARNING] Suspicious activity detected: brute_force
2025-06-09 05:58:52 - [INFO] email sent
2025-06-09 06:09:21 - [INFO] file uploaded
2025-06-09 06:21:26 - [INFO] config updated
2025-06-09 06:32:59 - [INFO] config updated
2025-06-09 06:43:51 - [INFO] backup completed
2025-06-09 06:52:23 - [WARNING] Suspicious activity detected: ip_blocked
2025-06-09 06:52:28 - [INFO] system check passed
2025-06-09 06:56:38 - [WARNING] Suspicious activity detected: intrusion
2025-06-09 06:59:37 - [WARNING] Suspicious activity detected: unauthorized_access
2025-06-09 07:00:33 - [WARNING] Suspicious activity detected: ip_blocked
2025-06-09 07:03:41 - [WARNING] Suspicious activity detected: malware
2025-06-09 07:04:09 - [INFO] file downloaded
2025-06-09 07:09:29 - [INFO] config updated
2025-06-09 07:11:40 - [WARNING] Suspicious activity detected: port_scan
2025-06-09 07:12:05 - [WARNING] Suspicious activity detected: port_scan
2025-06-09 07:17:30 - [INFO] backup completed
2025-06-09 07:23:50 - [INFO] email sent
2025-06-09 07:25:15 - [INFO] user login
2025-06-09 07:32:11 - [INFO] config updated
2025-06-09 07:48:18 - [INFO] user login
2025-06-09 07:51:18 - [WARNING] Suspicious activity detected: brute_force
2025-06-09 07:53:33 - [INFO] config updated
2025-06-09 07:55:54 - [WARNING] Suspicious activity detected: intrusion
2025-06-09 07:59:51 - [WARNING] Suspicious activity detected: ip_blocked
2025-06-09 08:03:12 - [INFO] system check passed
2025-06-09 08:04:08 - [WARNING] Suspicious activity detected: ip_blocked
2025-06-09 08:04:58 - [INFO] email sent
2025-06-09 08:05:22 - [WARNING] Suspicious activity detected: port_scan
2025-06-09 08:08:59 - [INFO] user login
2025-06-09 08:12:59 - [INFO] config updated
2025-06-09 08:13:47 - [INFO] file downloaded
2025-06-09 08:21:18 - [INFO] email sent
2025-06-09 08:23:00 - [INFO] backup completed
2025-06-09 08:31:28 - [WARNING] Suspicious activity detected: port_scan
2025-06-09 08:35:49 - [WARNING] Suspicious activity detected: ip_blocked
2025-06-09 08:44:48 - [WARNING] Suspicious activity detected: sql_injection
2025-06-09 08:45:21 - [INFO] file uploaded
2025-06-09 08:48:24 - [WARNING] Suspicious activity detected: ip_blocked
2025-06-09 08:51:26 - [WARNING] Suspicious activity detected: malware
2025-06-09 08:54:07 - [WARNING] Suspicious activity detected: intrusion
2025-06-09 08:56:24 - [INFO] system check passed
2025-06-09 08:59:42 - [INFO] file uploaded
2025-06-09 09:05:26 - [WARNING] Suspicious activity detected: ddos
2025-06-09 09:27:24 - [INFO] file uploaded
2025-06-09 09:30:15 - [WARNING] Suspicious activity detected: ip_blocked
2025-06-09 09:43:28 - [WARNING] Suspicious activity detected: brute_force
2025-06-09 09:43:51 - [WARNING] Suspicious activity detected: port_scan
2025-06-09 09:45:41 - [INFO] file uploaded
2025-06-09 09:54:44 - [INFO] email sent
2025-06-09 09:56:53 - [WARNING] Suspicious activity detected: malware
2025-06-09 09:57:20 - [WARNING] Suspicious activity detected: brute_force
2025-06-09 10:05:41 - [INFO] email sent
2025-06-09 10:06:28 - [WARNING] Suspicious activity detected: ddos
2025-06-09 10:12:29 - [WARNING] Suspicious activity detected: brute_force
2025-06-09 10:32:31 - [WARNING] Suspicious activity detected: intrusion
2025-06-09 10:36:19 - [WARNING] Suspicious activity detected: ddos
2025-06-09 10:59:28 - [WARNING] Suspicious activity detected: port_scan
2025-06-09 11:03:03 - [INFO] file downloaded
2025-06-09 11:07:23 - [INFO] config updated
2025-06-09 11:09:43 - [WARNING] Suspicious activity detected: intrusion
2025-06-09 11:21:51 - [WARNING] Suspicious activity detected: ip_blocked
2025-06-09 11:22:09 - [INFO] user login
2025-06-09 11:25:58 - [INFO] email sent
2025-06-09 11:28:58 - [INFO] system check passed
2025-06-09 11:35:58 - [WARNING] Suspicious activity detected: intrusion
2025-06-09 11:40:04 - [INFO] email sent
2025-06-09 11:50:04 - [INFO] file downloaded
2025-06-09 11:51:29 - [WARNING] Suspicious activity detected: intrusion
2025-06-09 12:02:10 - [INFO] user login
2025-06-09 12:03:36 - [INFO] file downloaded
2025-06-09 12:10:04 - [INFO] system check passed
2025-06-09 12:11:14 - [WARNING] Suspicious activity detected: sql_injection
2025-06-09 12:31:16 - [WARNING] Suspicious activity detected: brute_force
2025-06-09 12:35:39 - [INFO] backup completed
2025-06-09 12:43:40 - [WARNING] Suspicious activity detected: ddos
2025-06-09 12:51:51 - [WARNING] Suspicious activity detected: ddos
2025-06-09 12:52:53 - [INFO] file downloaded
2025-06-09 12:53:36 - [INFO] file downloaded
2025-06-09 13:06:19 - [INFO] file downloaded
2025-06-09 13:07:40 - [INFO] email sent
2025-06-09 13:11:27 - [INFO] system check passed
2025-06-09 13:22:03 - [INFO] file downloaded
2025-06-09 13:25:16 - [INFO] config updated
2025-06-09 13:26:34 - [INFO] user login
2025-06-09 13:27:46 - [INFO] file uploaded
2025-06-09 13:46:30 - [INFO] email sent
2025-06-09 13:52:41 - [INFO] config updated
2025-06-09 13:55:54 - [INFO] user login
2025-06-09 13:55:56 - [INFO] file downloaded
2025-06-09 13:57:12 - [INFO] backup completed
2025-06-09 14:00:50 - [INFO] backup completed
2025-06-09 14:01:00 - [INFO] config updated
2025-06-09 14:01:46 - [INFO] backup completed
2025-06-09 14:05:40 - [WARNING] Suspicious activity detected: intrusion
2025-06-09 14:24:27 - [INFO] system check passed
2025-06-09 14:28:26 - [INFO] email sent
2025-06-09 14:33:39 - [INFO] email sent
2025-06-09 14:34:20 - [WARNING] Suspicious activity detected: malware
2025-06-09 14:40:58 - [WARNING] Suspicious activity detected: port_scan
2025-06-09 14:43:57 - [INFO] file downloaded
2025-06-09 14:45:49 - [INFO] backup completed
2025-06-09 14:46:03 - [WARNING] Suspicious activity detected: intrusion
2025-06-09 14:55:06 - [INFO] email sent
2025-06-09 14:56:56 - [WARNING] Suspicious activity detected: ip_blocked
2025-06-09 15:17:58 - [WARNING] Suspicious activity detected: intrusion
2025-06-09 15:21:23 - [INFO] file downloaded
2025-06-09 15:24:30 - [WARNING] Suspicious activity detected: port_scan
2025-06-09 15:25:58 - [INFO] file uploaded
2025-06-09 15:29:36 - [WARNING] Suspicious activity detected: intrusion
2025-06-09 15:31:46 - [INFO] backup completed
2025-06-09 15:32:33 - [WARNING] Suspicious activity detected: malware
2025-06-09 15:33:50 - [INFO] backup completed
2025-06-09 15:34:37 - [INFO] file downloaded
2025-06-09 15:39:26 - [INFO] backup completed
2025-06-09 15:53:23 - [INFO] system check passed
2025-06-09 16:04:27 - [INFO] system check passed
2025-06-09 16:10:37 - [WARNING] Suspicious activity detected: unauthorized_access
2025-06-09 16:11:14 - [INFO] file uploaded
2025-06-09 16:16:54 - [INFO] user login
2025-06-09 16:23:13 - [WARNING] Suspicious activity detected: ddos
2025-06-09 16:27:44 - [WARNING] Suspicious activity detected: intrusion
2025-06-09 16:35:24 - [INFO] system check passed
2025-06-09 16:35:45 - [INFO] user login
2025-06-09 16:36:53 - [WARNING] Suspicious activity detected: intrusion
2025-06-09 16:37:08 - [INFO] user login
2025-06-09 16:37:21 - [INFO] backup completed
2025-06-09 16:41:41 - [WARNING] Suspicious activity detected: ip_blocked
2025-06-09 16:44:01 - [INFO] file downloaded
2025-06-09 16:54:36 - [INFO] file downloaded
2025-06-09 16:58:17 - [INFO] system check passed
2025-06-09 16:58:49 - [WARNING] Suspicious activity detected: sql_injection
2025-06-09 17:04:00 - [INFO] system check passed
2025-06-09 17:14:46 - [INFO] backup completed
2025-06-09 17:17:07 - [INFO] backup completed
2025-06-09 17:23:30 - [WARNING] Suspicious activity detected: port_scan
2025-06-09 17:24:25 - [INFO] file uploaded
2025-06-09 17:25:11 - [INFO] user login
2025-06-09 17:30:03 - [INFO] user login
2025-06-09 17:30:44 - [WARNING] Suspicious activity detected: intrusion
2025-06-09 17:34:54 - [WARNING] Suspicious activity detected: sql_injection
2025-06-09 17:35:37 - [INFO] user login
2025-06-09 17:41:22 - [WARNING] Suspicious activity detected: sql_injection
2025-06-09 17:42:38 - [WARNING] Suspicious activity detected: intrusion
2025-06-09 17:57:06 - [INFO] file uploaded
2025-06-09 17:58:00 - [INFO] file downloaded
2025-06-09 18:09:53 - [WARNING] Suspicious activity detected: unauthorized_access
2025-06-09 18:21:25 - [INFO] backup completed
2025-06-09 18:27:06 - [INFO] user login
2025-06-09 18:28:56 - [WARNING] Suspicious activity detected: ip_blocked
2025-06-09 18:47:25 - [INFO] config updated
2025-06-09 19:00:43 - [WARNING] Suspicious activity detected: unauthorized_access
2025-06-09 19:11:01 - [WARNING] Suspicious activity detected: ddos
2025-06-09 19:22:07 - [WARNING] Suspicious activity detected: sql_injection
2025-06-09 19:24:38 - [INFO] backup completed
2025-06-09 19:29:48 - [WARNING] Suspicious activity detected: unauthorized_access
2025-06-09 19:35:48 - [INFO] file downloaded
2025-06-09 19:39:04 - [INFO] system check passed
2025-06-09 19:46:28 - [WARNING] Suspicious activity detected: ip_blocked
2025-06-09 19:54:15 - [WARNING] Suspicious activity detected: port_scan
2025-06-09 19:58:40 - [WARNING] Suspicious activity detected: malware
2025-06-09 19:59:31 - [INFO] email sent
2025-06-09 20:01:33 - [INFO] user login
2025-06-09 20:05:40 - [WARNING] Suspicious activity detected: port_scan
2025-06-09 20:25:42 - [INFO] system check passed
2025-06-09 20:26:15 - [INFO] backup completed
2025-06-09 20:31:06 - [INFO] backup completed
2025-06-09 20:33:58 - [WARNING] Suspicious activity detected: intrusion
2025-06-09 20:35:09 - [INFO] system check passed
2025-06-09 20:35:50 - [WARNING] Suspicious activity detected: unauthorized_access
2025-06-09 20:36:19 - [INFO] backup completed
2025-06-09 20:38:56 - [WARNING] Suspicious activity detected: ddos
2025-06-09 21:21:38 - [WARNING] Suspicious activity detected: ip_blocked
2025-06-09 21:24:24 - [WARNING] Suspicious activity detected: malware
2025-06-09 21:27:35 - [INFO] config updated
2025-06-09 21:28:07 - [INFO] backup completed
2025-06-09 21:31:28 - [INFO] email sent
2025-06-09 21:37:57 - [INFO] email sent
2025-06-09 21:41:55 - [WARNING] Suspicious activity detected: unauthorized_access
2025-06-09 21:42:58 - [WARNING] Suspicious activity detected: intrusion
2025-06-09 21:45:25 - [WARNING] Suspicious activity detected: malware
2025-06-09 21:47:11 - [INFO] email sent
2025-06-09 21:47:35 - [INFO] backup completed
2025-06-09 22:02:50 - [INFO] user login
2025-06-09 22:05:22 - [INFO] file uploaded
2025-06-09 22:18:43 - [WARNING] Suspicious activity detected: ip_blocked
2025-06-09 22:48:59 - [INFO] user login
2025-06-09 22:50:46 - [INFO] file uploaded
2025-06-09 22:52:48 - [INFO] backup completed
2025-06-09 22:56:14 - [WARNING] Suspicious activity detected: sql_injection
2025-06-09 23:01:30 - [WARNING] Suspicious activity detected: malware
2025-06-09 23:11:06 - [INFO] config updated
2025-06-09 23:15:39 - [INFO] email sent
2025-06-09 23:16:59 - [WARNING] Suspicious activity detected: ddos
2025-06-09 23:17:12 - [INFO] config updated
2025-06-09 23:40:24 - [WARNING] Suspicious activity detected: sql_injection
2025-06-09 23:45:19 - [WARNING] Suspicious activity detected: sql_injection
2025-06-09 23:46:09 - [INFO] user login
2025-06-09 23:52:46 - [WARNING] Suspicious activity detected: port_scan
2025-06-09 23:57:51 - [WARNING] Suspicious activity detected: malware