2025-02-04 00:07:17 - [INFO] user login
2025-02-04 00:18:23 - [INFO] backup completed
2025-02-04 00:23:46 - [WARNING] Suspicious activity detected: malware
2025-02-04 00:29:55 - [WARNING] Suspicious activity detected: malware
2025-02-04 00:31:42 - [INFO] file downloaded
2025-02-04 00:32:03 - [WARNING] Suspicious activity detected: ip_blocked
2025-02-04 00:34:41 - [WARNING] Suspicious activity detected: port_scan
2025-02-04 00:36:59 - [INFO] config updated
2025-02-04 00:51:08 - [INFO] user login
2025-02-04 01:02:01 - [INFO] file uploaded
2025-02-04 01:07:31 - [WARNING] Suspicious activity detected: ddos
2025-02-04 01:51:44 - [WARNING] Suspicious activity detected: ddos
2025-02-04 02:01:59 - [INFO] file downloaded
2025-02-04 02:05:45 - [WARNING] Suspicious activity detected: ip_blocked
2025-02-04 02:14:49 - [INFO] email sent
2025-02-04 02:23:46 - [WARNING] Suspicious activity detected: intrusion
2025-02-04 02:26:43 - [WARNING] Suspicious activity detected: port_scan
2025-02-04 02:27:13 - [WARNING] Suspicious activity detected: malware
2025-02-04 02:32:22 - [INFO] user login
2025-02-04 02:36:46 - [INFO] email sent
2025-02-04 02:36:49 - [INFO] config updated
2025-02-04 02:39:24 - [WARNING] Suspicious activity detected: unauthorized_access
2025-02-04 02:51:11 - [INFO] config updated
2025-02-04 02:58:59 - [WARNING] Suspicious activity detected: malware
2025-02-04 03:05:18 - [WARNING] Suspicious activity detected: sql_injection
2025-02-04 03:12:24 - [INFO] system check passed
2025-02-04 03:22:41 - [INFO] backup completed
2025-02-04 03:34:03 - [INFO] file downloaded
2025-02-04 03:41:35 - [INFO] file downloaded
2025-02-04 03:48:32 - [INFO] backup completed
2025-02-04 03:50:01 - [WARNING] Suspicious activity detected: malware
2025-02-04 04:00:56 - [INFO] config updated
2025-02-04 04:05:11 - [WARNING] Suspicious activity detected: ip_blocked
2025-02-04 04:05:36 - [WARNING] Suspicious activity detected: unauthorized_access
2025-02-04 04:09:10 - [INFO] config updated
2025-02-04 04:10:09 - [INFO] config updated
2025-02-04 04:13:13 - [INFO] config updated
2025-02-04 04:14:27 - [INFO] email sent
2025-02-04 04:14:57 - [INFO] email sent
2025-02-04 04:15:23 - [WARNING] Suspicious activity detected: port_scan
2025-02-04 04:40:15 - [WARNING] Suspicious activity detected: malware
2025-02-04 04:46:23 - [INFO] system check passed
2025-02-04 04:52:28 - [INFO] system check passed
2025-02-04 05:03:30 - [INFO] backup completed
2025-02-04 05:07:54 - [WARNING] Suspicious activity detected: ddos
2025-02-04 05:09:36 - [WARNING] Suspicious activity detected: port_scan
2025-02-04 05:09:59 - [WARNING] Suspicious activity detected: port_scan
2025-02-04 05:11:46 - [INFO] file downloaded
2025-02-04 05:20:29 - [INFO] config updated
2025-02-04 05:24:08 - [WARNING] Suspicious activity detected: unauthorized_access
2025-02-04 05:24:38 - [INFO] email sent
2025-02-04 05:25:42 - [INFO] user login
2025-02-04 05:29:12 - [WARNING] Suspicious activity detected: sql_injection
2025-02-04 05:36:46 - [INFO] config updated
2025-02-04 05:37:47 - [WARNING] Suspicious activity detected: ddos
2025-02-04 05:48:25 - [WARNING] Suspicious activity detected: sql_injection
2025-02-04 05:53:54 - [INFO] file uploaded
2025-02-04 05:58:02 - [INFO] file uploaded
2025-02-04 06:07:26 - [WARNING] Suspicious activity detected: intrusion
2025-02-04 06:07:27 - [INFO] user login
2025-02-04 06:23:15 - [WARNING] Suspicious activity detected: unauthorized_access
2025-02-04 06:48:25 - [INFO] system check passed
2025-02-04 07:04:54 - [INFO] config updated
2025-02-04 07:06:58 - [WARNING] Suspicious activity detected: brute_force
2025-02-04 07:15:16 - [WARNING] Suspicious activity detected: ddos
2025-02-04 07:44:39 - [INFO] file uploaded
2025-02-04 07:50:22 - [INFO] file uploaded
2025-02-04 07:50:57 - [WARNING] Suspicious activity detected: sql_injection
2025-02-04 07:53:47 - [WARNING] Suspicious activity detected: malware
2025-02-04 07:53:57 - [INFO] config updated
2025-02-04 07:54:35 - [INFO] file downloaded
2025-02-04 07:56:08 - [WARNING] Suspicious activity detected: malware
2025-02-04 08:06:52 - [INFO] file uploaded
2025-02-04 08:10:27 - [INFO] file uploaded
2025-02-04 08:11:24 - [WARNING] Suspicious activity detected: port_scan
2025-02-04 08:13:50 - [WARNING] Suspicious activity detected: unauthorized_access
2025-02-04 08:14:12 - [WARNING] Suspicious activity detected: ip_blocked
2025-02-04 08:17:54 - [WARNING] Suspicious activity detected: intrusion
2025-02-04 08:34:55 - [INFO] file downloaded
2025-02-04 08:43:09 - [WARNING] Suspicious activity detected: port_scan
2025-02-04 08:50:30 - [INFO] user login
2025-02-04 09:03:42 - [WARNING] Suspicious activity detected: malware
2025-02-04 09:23:01 - [WARNING] Suspicious activity detected: brute_force
2025-02-04 09:41:02 - [WARNING] Suspicious activity detected: intrusion
2025-02-04 09:41:38 - [WARNING] Suspicious activity detected: unauthorized_access
2025-02-04 10:10:13 - [WARNING] Suspicious activity detected: ip_blocked
2025-02-04 10:21:27 - [INFO] file downloaded
2025-02-04 10:41:33 - [INFO] config updated
2025-02-04 10:50:23 - [WARNING] Suspicious activity detected: unauthorized_access
2025-02-04 10:56:19 - [WARNING] Suspicious activity detected: ddos
2025-02-04 11:20:16 - [INFO] system check passed
2025-02-04 11:22:45 - [INFO] file uploaded
2025-02-04 11:23:03 - [WARNING] Suspicious activity detected: malware
2025-02-04 11:35:42 - [INFO] backup completed
2025-02-04 11:36:30 - [WARNING] Suspicious activity detected: malware
2025-02-04 11:52:57 - [INFO] backup completed
2025-02-04 11:55:29 - [WARNING] Suspicious activity detected: unauthorized_access
2025-02-04 12:02:06 - [INFO] user login
2025-02-04 12:03:24 - [INFO] file uploaded
2025-02-04 12:04:20 - [INFO] config updated
2025-02-04 12:14:36 - [INFO] backup completed
2025-02-04 12:14:44 - [WARNING] Suspicious activity detected: unauthorized_access
2025-02-04 12:19:54 - [WARNING] Suspicious activity detected: intrusion
2025-02-04 12:24:59 - [WARNING] Suspicious activity detected: unauthorized_access
2025-02-04 12:30:12 - [INFO] file downloaded
2025-02-04 12:35:56 - [WARNING] Suspicious activity detected: ip_blocked
2025-02-04 12:37:45 - [WARNING] Suspicious activity detected: malware
2025-02-04 12:43:50 - [INFO] email sent
2025-02-04 13:12:12 - [INFO] email sent
2025-02-04 13:25:12 - [WARNING] Suspicious activity detected: malware
2025-02-04 13:25:43 - [INFO] file downloaded
2025-02-04 13:46:17 - [INFO] user login
2025-02-04 13:50:21 - [INFO] config updated
2025-02-04 13:52:07 - [WARNING] Suspicious activity detected: malware
2025-02-04 13:53:58 - [WARNING] Suspicious activity detected: unauthorized_access
2025-02-04 13:56:57 - [WARNING] Suspicious activity detected: intrusion
2025-02-04 13:59:45 - [INFO] backup completed
2025-02-04 14:11:56 - [WARNING] Suspicious activity detected: ip_blocked
2025-02-04 14:28:08 - [INFO] system check passed
2025-02-04 14:35:31 - [INFO] file downloaded
2025-02-04 14:48:16 - [INFO] file uploaded
2025-02-04 14:48:56 - [WARNING] Suspicious activity detected: brute_force
2025-02-04 15:07:09 - [INFO] email sent
2025-02-04 15:19:24 - [WARNING] Suspicious activity detected: brute_force
2025-02-04 15:21:50 - [WARNING] Suspicious activity detected: intrusion
2025-02-04 15:25:05 - [INFO] user login
2025-02-04 15:33:52 - [WARNING] Suspicious activity detected: ip_blocked
2025-02-04 15:44:44 - [INFO] backup completed
2025-02-04 15:50:15 - [INFO] file downloaded
2025-02-04 15:54:43 - [INFO] file uploaded
2025-02-04 16:01:40 - [INFO] user login
2025-02-04 16:05:52 - [WARNING] Suspicious activity detected: ip_blocked
2025-02-04 16:38:38 - [INFO] file uploaded
2025-02-04 16:49:25 - [INFO] file uploaded
2025-02-04 16:50:18 - [INFO] config updated
2025-02-04 17:14:57 - [INFO] system check passed
2025-02-04 17:29:02 - [INFO] system check passed
2025-02-04 17:47:31 - [WARNING] Suspicious activity detected: port_scan
2025-02-04 18:13:37 - [INFO] file downloaded
2025-02-04 18:18:49 - [WARNING] Suspicious activity detected: malware
2025-02-04 18:21:59 - [WARNING] Suspicious activity detected: malware
2025-02-04 18:26:14 - [WARNING] Suspicious activity detected: intrusion
2025-02-04 18:26:22 - [WARNING] Suspicious activity detected: brute_force
2025-02-04 19:18:16 - [INFO] file uploaded
2025-02-04 19:19:14 - [INFO] system check passed
2025-02-04 19:21:13 - [INFO] file downloaded
2025-02-04 19:49:12 - [WARNING] Suspicious activity detected: ddos
2025-02-04 20:03:57 - [INFO] email sent
2025-02-04 20:10:55 - [INFO] config updated
2025-02-04 20:31:06 - [INFO] file uploaded
2025-02-04 20:34:37 - [WARNING] Suspicious activity detected: ddos
2025-02-04 20:35:44 - [WARNING] Suspicious activity detected: ip_blocked
2025-02-04 20:44:05 - [INFO] email sent
2025-02-04 20:44:22 - [INFO] backup completed
2025-02-04 20:52:02 - [INFO] backup completed
2025-02-04 21:00:04 - [INFO] system check passed
2025-02-04 21:01:44 - [INFO] system check passed
2025-02-04 21:03:23 - [WARNING] Suspicious activity detected: ddos
2025-02-04 21:04:23 - [INFO] user login
2025-02-04 21:08:58 - [WARNING] Suspicious activity detected: ip_blocked
2025-02-04 21:17:47 - [WARNING] Suspicious activity detected: sql_injection
2025-02-04 21:32:54 - [WARNING] Suspicious activity detected: brute_force
2025-02-04 21:33:31 - [WARNING] Suspicious activity detected: unauthorized_access
2025-02-04 21:35:40 - [INFO] file uploaded
2025-02-04 21:43:13 - [INFO] file uploaded
2025-02-04 21:43:40 - [INFO] backup completed
2025-02-04 21:50:53 - [INFO] config updated
2025-02-04 22:05:42 - [WARNING] Suspicious activity detected: unauthorized_access
2025-02-04 22:05:54 - [INFO] email sent
2025-02-04 22:36:43 - [WARNING] Suspicious activity detected: malware
2025-02-04 22:49:52 - [INFO] email sent
2025-02-04 22:50:07 - [INFO] backup completed
2025-02-04 22:51:03 - [WARNING] Suspicious activity detected: intrusion
2025-02-04 23:01:38 - [INFO] config updated
2025-02-04 23:08:04 - [INFO] file downloaded
2025-02-04 23:30:42 - [INFO] file downloaded
2025-02-04 23:30:55 - [INFO] backup completed
2025-02-04 23:36:09 - [INFO] config updated
2025-02-04 23:39:59 - [WARNING] Suspicious activity detected: unauthorized_access
2025-02-04 23:49:57 - [WARNING] Suspicious activity detected: ip_blocked