2025-02-07 00:03:05 - [INFO] file uploaded
2025-02-07 00:03:06 - [INFO] email sent
2025-02-07 00:06:39 - [INFO] user login
2025-02-07 00:09:57 - [INFO] email sent
2025-02-07 00:10:04 - [INFO] file uploaded
2025-02-07 00:11:34 - [WARNING] Suspicious activity detected: sql_injection
2025-02-07 00:22:57 - [INFO] file downloaded
2025-02-07 00:33:33 - [INFO] system check passed
2025-02-07 00:34:50 - [INFO] config updated
2025-02-07 00:35:33 - [INFO] email sent
2025-02-07 00:36:26 - [WARNING] Suspicious activity detected: brute_force
2025-02-07 00:37:46 - [WARNING] Suspicious activity detected: intrusion
2025-02-07 00:37:54 - [INFO] backup completed
2025-02-07 00:41:27 - [WARNING] Suspicious activity detected: port_scan
2025-02-07 00:41:57 - [INFO] file downloaded
2025-02-07 00:54:10 - [WARNING] Suspicious activity detected: unauthorized_access
2025-02-07 00:56:13 - [INFO] backup completed
2025-02-07 01:03:25 - [INFO] system check passed
2025-02-07 01:09:52 - [INFO] file uploaded
2025-02-07 01:12:19 - [WARNING] Suspicious activity detected: unauthorized_access
2025-02-07 01:16:27 - [INFO] email sent
2025-02-07 01:41:28 - [INFO] file uploaded
2025-02-07 01:47:32 - [INFO] email sent
2025-02-07 02:02:57 - [WARNING] Suspicious activity detected: port_scan
2025-02-07 02:10:39 - [INFO] user login
2025-02-07 02:12:48 - [INFO] backup completed
2025-02-07 02:20:05 - [INFO] config updated
2025-02-07 02:22:05 - [INFO] file uploaded
2025-02-07 02:24:36 - [INFO] backup completed
2025-02-07 02:41:24 - [INFO] email sent
2025-02-07 02:41:25 - [INFO] user login
2025-02-07 02:41:54 - [WARNING] Suspicious activity detected: sql_injection
2025-02-07 02:54:55 - [INFO] system check passed
2025-02-07 02:59:06 - [INFO] system check passed
2025-02-07 03:14:36 - [INFO] system check passed
2025-02-07 03:14:45 - [WARNING] Suspicious activity detected: brute_force
2025-02-07 03:24:18 - [WARNING] Suspicious activity detected: ddos
2025-02-07 03:25:51 - [INFO] user login
2025-02-07 03:31:07 - [INFO] system check passed
2025-02-07 03:36:02 - [INFO] email sent
2025-02-07 03:36:13 - [WARNING] Suspicious activity detected: sql_injection
2025-02-07 03:40:59 - [WARNING] Suspicious activity detected: sql_injection
2025-02-07 03:48:24 - [WARNING] Suspicious activity detected: malware
2025-02-07 03:56:02 - [INFO] user login
2025-02-07 04:02:33 - [INFO] file downloaded
2025-02-07 04:05:27 - [INFO] file downloaded
2025-02-07 04:06:06 - [INFO] system check passed
2025-02-07 04:11:07 - [INFO] user login
2025-02-07 04:11:23 - [INFO] file uploaded
2025-02-07 04:21:11 - [INFO] file uploaded
2025-02-07 04:30:26 - [INFO] user login
2025-02-07 04:31:13 - [WARNING] Suspicious activity detected: brute_force
2025-02-07 04:34:25 - [WARNING] Suspicious activity detected: intrusion
2025-02-07 04:46:58 - [INFO] config updated
2025-02-07 04:47:24 - [WARNING] Suspicious activity detected: malware
2025-02-07 04:48:17 - [WARNING] Suspicious activity detected: intrusion
2025-02-07 04:48:36 - [INFO] backup completed
2025-02-07 04:49:02 - [WARNING] Suspicious activity detected: brute_force
2025-02-07 04:54:31 - [WARNING] Suspicious activity detected: port_scan
2025-02-07 05:02:59 - [WARNING] Suspicious activity detected: malware
2025-02-07 05:05:06 - [INFO] file uploaded
2025-02-07 05:09:45 - [INFO] backup completed
2025-02-07 05:22:22 - [WARNING] Suspicious activity detected: port_scan
2025-02-07 05:23:05 - [WARNING] Suspicious activity detected: intrusion
2025-02-07 05:26:06 - [WARNING] Suspicious activity detected: port_scan
2025-02-07 05:26:41 - [INFO] config updated
2025-02-07 05:33:05 - [WARNING] Suspicious activity detected: unauthorized_access
2025-02-07 05:35:51 - [INFO] user login
2025-02-07 05:50:40 - [INFO] file downloaded
2025-02-07 05:51:27 - [INFO] system check passed
2025-02-07 05:59:14 - [INFO] file downloaded
2025-02-07 06:00:03 - [INFO] user login
2025-02-07 06:03:30 - [WARNING] Suspicious activity detected: brute_force
2025-02-07 06:19:13 - [WARNING] Suspicious activity detected: port_scan
2025-02-07 06:20:48 - [INFO] file uploaded
2025-02-07 06:25:18 - [WARNING] Suspicious activity detected: intrusion
2025-02-07 06:25:38 - [INFO] config updated
2025-02-07 06:27:08 - [WARNING] Suspicious activity detected: port_scan
2025-02-07 06:47:46 - [INFO] email sent
2025-02-07 06:57:08 - [INFO] system check passed
2025-02-07 06:59:29 - [INFO] config updated
2025-02-07 07:02:03 - [INFO] user login
2025-02-07 07:08:21 - [INFO] backup completed
2025-02-07 07:08:43 - [INFO] email sent
2025-02-07 07:22:35 - [INFO] email sent
2025-02-07 07:27:07 - [INFO] user login
2025-02-07 07:50:18 - [INFO] config updated
2025-02-07 07:57:05 - [WARNING] Suspicious activity detected: brute_force
2025-02-07 08:04:01 - [WARNING] Suspicious activity detected: brute_force
2025-02-07 08:09:31 - [WARNING] Suspicious activity detected: unauthorized_access
2025-02-07 08:16:04 - [WARNING] Suspicious activity detected: unauthorized_access
2025-02-07 08:19:15 - [INFO] email sent
2025-02-07 08:20:55 - [INFO] config updated
2025-02-07 08:23:49 - [WARNING] Suspicious activity detected: ddos
2025-02-07 08:26:26 - [INFO] user login
2025-02-07 08:32:27 - [INFO] file downloaded
2025-02-07 08:40:16 - [WARNING] Suspicious activity detected: malware
2025-02-07 08:44:20 - [INFO] file uploaded
2025-02-07 08:47:26 - [INFO] backup completed
2025-02-07 09:00:16 - [WARNING] Suspicious activity detected: ddos
2025-02-07 09:09:01 - [INFO] file uploaded
2025-02-07 09:18:54 - [INFO] backup completed
2025-02-07 09:24:46 - [INFO] user login
2025-02-07 09:39:54 - [INFO] system check passed
2025-02-07 09:41:11 - [INFO] file uploaded
2025-02-07 09:46:35 - [INFO] user login
2025-02-07 09:47:52 - [INFO] email sent
2025-02-07 09:50:09 - [WARNING] Suspicious activity detected: sql_injection
2025-02-07 10:06:35 - [INFO] user login
2025-02-07 10:14:17 - [INFO] system check passed
2025-02-07 10:14:52 - [INFO] backup completed
2025-02-07 10:15:00 - [INFO] file downloaded
2025-02-07 10:19:34 - [INFO] backup completed
2025-02-07 10:48:22 - [WARNING] Suspicious activity detected: port_scan
2025-02-07 10:58:15 - [WARNING] Suspicious activity detected: malware
2025-02-07 11:07:02 - [WARNING] Suspicious activity detected: ddos
2025-02-07 11:07:24 - [INFO] user login
2025-02-07 11:12:26 - [INFO] system check passed
2025-02-07 11:12:32 - [WARNING] Suspicious activity detected: unauthorized_access
2025-02-07 11:20:06 - [INFO] file uploaded
2025-02-07 11:36:01 - [INFO] file downloaded
2025-02-07 12:08:22 - [WARNING] Suspicious activity detected: malware
2025-02-07 12:27:28 - [INFO] file uploaded
2025-02-07 12:43:39 - [WARNING] Suspicious activity detected: brute_force
2025-02-07 12:48:44 - [INFO] file downloaded
2025-02-07 12:57:51 - [INFO] email sent
2025-02-07 13:16:30 - [INFO] system check passed
2025-02-07 13:20:17 - [INFO] email sent
2025-02-07 13:30:16 - [INFO] email sent
2025-02-07 13:31:25 - [WARNING] Suspicious activity detected: malware
2025-02-07 13:50:56 - [INFO] system check passed
2025-02-07 13:53:16 - [WARNING] Suspicious activity detected: brute_force
2025-02-07 14:00:53 - [WARNING] Suspicious activity detected: malware
2025-02-07 14:01:00 - [INFO] file downloaded
2025-02-07 14:02:32 - [INFO] file uploaded
2025-02-07 14:05:01 - [INFO] user login
2025-02-07 14:07:33 - [WARNING] Suspicious activity detected: ddos
2025-02-07 14:08:00 - [WARNING] Suspicious activity detected: malware
2025-02-07 14:13:39 - [INFO] email sent
2025-02-07 14:14:50 - [INFO] file downloaded
2025-02-07 14:16:01 - [INFO] system check passed
2025-02-07 14:17:56 - [WARNING] Suspicious activity detected: ddos
2025-02-07 14:20:24 - [INFO] system check passed
2025-02-07 14:24:03 - [INFO] user login
2025-02-07 14:26:14 - [INFO] backup completed
2025-02-07 14:30:38 - [INFO] file downloaded
2025-02-07 14:38:11 - [INFO] file uploaded
2025-02-07 14:41:47 - [WARNING] Suspicious activity detected: ip_blocked
2025-02-07 15:31:11 - [WARNING] Suspicious activity detected: intrusion
2025-02-07 15:46:47 - [INFO] backup completed
2025-02-07 15:47:27 - [INFO] email sent
2025-02-07 15:53:00 - [INFO] email sent
2025-02-07 15:54:09 - [INFO] file downloaded
2025-02-07 15:56:11 - [INFO] email sent
2025-02-07 16:14:46 - [WARNING] Suspicious activity detected: ddos
2025-02-07 16:17:43 - [INFO] file uploaded
2025-02-07 16:27:06 - [WARNING] Suspicious activity detected: unauthorized_access
2025-02-07 16:31:13 - [WARNING] Suspicious activity detected: intrusion
2025-02-07 16:33:17 - [INFO] file downloaded
2025-02-07 16:56:04 - [INFO] email sent
2025-02-07 17:08:17 - [INFO] config updated
2025-02-07 17:08:35 - [INFO] config updated
2025-02-07 17:15:33 - [INFO] file uploaded
2025-02-07 17:41:04 - [WARNING] Suspicious activity detected: brute_force
2025-02-07 17:45:23 - [INFO] user login
2025-02-07 17:47:57 - [WARNING] Suspicious activity detected: intrusion
2025-02-07 17:52:24 - [INFO] system check passed
2025-02-07 17:53:39 - [WARNING] Suspicious activity detected: brute_force
2025-02-07 17:55:52 - [WARNING] Suspicious activity detected: malware
2025-02-07 18:00:01 - [INFO] backup completed
2025-02-07 18:01:00 - [INFO] file downloaded
2025-02-07 18:05:07 - [INFO] file downloaded
2025-02-07 18:07:39 - [INFO] user login
2025-02-07 18:11:11 - [WARNING] Suspicious activity detected: malware
2025-02-07 18:17:48 - [INFO] user login
2025-02-07 18:20:50 - [WARNING] Suspicious activity detected: ddos
2025-02-07 18:26:13 - [WARNING] Suspicious activity detected: sql_injection
2025-02-07 18:43:34 - [INFO] backup completed
2025-02-07 18:46:29 - [INFO] config updated
2025-02-07 18:56:45 - [INFO] file downloaded
2025-02-07 18:59:53 - [INFO] user login
2025-02-07 19:00:39 - [WARNING] Suspicious activity detected: port_scan
2025-02-07 19:01:13 - [INFO] config updated
2025-02-07 19:21:49 - [WARNING] Suspicious activity detected: ddos
2025-02-07 19:30:45 - [WARNING] Suspicious activity detected: malware
2025-02-07 19:32:29 - [WARNING] Suspicious activity detected: malware
2025-02-07 19:35:41 - [INFO] file downloaded
2025-02-07 19:38:16 - [INFO] file downloaded
2025-02-07 19:44:29 - [WARNING] Suspicious activity detected: ip_blocked
2025-02-07 19:52:53 - [INFO] system check passed
2025-02-07 19:59:49 - [INFO] file downloaded
2025-02-07 20:08:53 - [INFO] file uploaded
2025-02-07 20:12:26 - [INFO] file downloaded
2025-02-07 20:13:46 - [INFO] file downloaded
2025-02-07 20:14:32 - [INFO] email sent
2025-02-07 20:16:51 - [INFO] backup completed
2025-02-07 20:19:24 - [INFO] backup completed
2025-02-07 20:24:26 - [WARNING] Suspicious activity detected: brute_force
2025-02-07 20:29:38 - [INFO] backup completed
2025-02-07 20:57:13 - [WARNING] Suspicious activity detected: ip_blocked
2025-02-07 21:00:04 - [INFO] file downloaded
2025-02-07 21:07:20 - [INFO] system check passed
2025-02-07 21:08:17 - [INFO] file downloaded
2025-02-07 21:08:53 - [WARNING] Suspicious activity detected: ddos
2025-02-07 21:26:04 - [INFO] config updated
2025-02-07 21:26:08 - [INFO] file uploaded
2025-02-07 21:35:05 - [INFO] system check passed
2025-02-07 21:35:34 - [WARNING] Suspicious activity detected: brute_force
2025-02-07 21:47:09 - [INFO] backup completed
2025-02-07 21:55:57 - [INFO] email sent
2025-02-07 22:03:06 - [INFO] user login
2025-02-07 22:15:53 - [WARNING] Suspicious activity detected: ip_blocked
2025-02-07 22:16:21 - [INFO] system check passed
2025-02-07 22:22:37 - [INFO] system check passed
2025-02-07 22:25:29 - [INFO] file uploaded
2025-02-07 22:32:09 - [INFO] file uploaded
2025-02-07 22:39:02 - [INFO] email sent
2025-02-07 22:41:10 - [WARNING] Suspicious activity detected: brute_force
2025-02-07 22:44:31 - [WARNING] Suspicious activity detected: malware
2025-02-07 22:48:55 - [WARNING] Suspicious activity detected: brute_force
2025-02-07 22:49:34 - [INFO] user login
2025-02-07 23:01:37 - [INFO] file downloaded
2025-02-07 23:01:51 - [INFO] file uploaded
2025-02-07 23:08:04 - [INFO] system check passed
2025-02-07 23:14:28 - [INFO] backup completed
2025-02-07 23:38:51 - [INFO] system check passed
2025-02-07 23:40:09 - [INFO] backup completed
2025-02-07 23:41:22 - [WARNING] Suspicious activity detected: intrusion
2025-02-07 23:46:48 - [INFO] system check passed
2025-02-07 23:49:53 - [WARNING] Suspicious activity detected: brute_force
2025-02-07 23:53:15 - [INFO] email sent
2025-02-07 23:56:47 - [INFO] file uploaded
2025-02-07 23:58:48 - [INFO] file downloaded
2025-02-07 23:59:40 - [INFO] email sent