2025-04-01 00:07:35 - [INFO] system check passed
2025-04-01 00:16:52 - [INFO] email sent
2025-04-01 00:17:03 - [INFO] backup completed
2025-04-01 00:27:56 - [INFO] user login
2025-04-01 00:29:53 - [INFO] backup completed
2025-04-01 00:40:03 - [INFO] email sent
2025-04-01 00:40:39 - [WARNING] Suspicious activity detected: sql_injection
2025-04-01 00:44:40 - [WARNING] Suspicious activity detected: unauthorized_access
2025-04-01 00:45:13 - [INFO] backup completed
2025-04-01 00:48:09 - [INFO] email sent
2025-04-01 00:56:35 - [INFO] system check passed
2025-04-01 01:01:54 - [WARNING] Suspicious activity detected: ip_blocked
2025-04-01 01:18:31 - [INFO] file downloaded
2025-04-01 01:20:42 - [WARNING] Suspicious activity detected: brute_force
2025-04-01 01:23:17 - [INFO] file downloaded
2025-04-01 01:35:33 - [INFO] file downloaded
2025-04-01 01:51:18 - [INFO] file uploaded
2025-04-01 01:53:21 - [INFO] config updated
2025-04-01 01:55:01 - [INFO] system check passed
2025-04-01 02:03:09 - [INFO] file downloaded
2025-04-01 02:05:24 - [INFO] email sent
2025-04-01 02:07:46 - [INFO] file uploaded
2025-04-01 02:18:57 - [WARNING] Suspicious activity detected: unauthorized_access
2025-04-01 02:31:14 - [INFO] file uploaded
2025-04-01 02:33:07 - [INFO] user login
2025-04-01 02:33:38 - [INFO] file downloaded
2025-04-01 02:35:05 - [WARNING] Suspicious activity detected: intrusion
2025-04-01 02:40:50 - [INFO] config updated
2025-04-01 02:40:56 - [INFO] file downloaded
2025-04-01 02:42:08 - [INFO] user login
2025-04-01 02:56:32 - [WARNING] Suspicious activity detected: sql_injection
2025-04-01 03:06:15 - [INFO] file downloaded
2025-04-01 03:09:31 - [INFO] system check passed
2025-04-01 03:11:18 - [INFO] email sent
2025-04-01 03:14:26 - [INFO] system check passed
2025-04-01 03:23:16 - [INFO] backup completed
2025-04-01 03:23:37 - [WARNING] Suspicious activity detected: brute_force
2025-04-01 03:26:09 - [WARNING] Suspicious activity detected: intrusion
2025-04-01 03:31:02 - [INFO] config updated
2025-04-01 03:34:51 - [INFO] backup completed
2025-04-01 03:36:32 - [INFO] backup completed
2025-04-01 03:48:44 - [INFO] file uploaded
2025-04-01 03:52:08 - [INFO] file downloaded
2025-04-01 03:56:34 - [INFO] user login
2025-04-01 03:57:08 - [INFO] user login
2025-04-01 04:00:36 - [WARNING] Suspicious activity detected: brute_force
2025-04-01 04:08:35 - [WARNING] Suspicious activity detected: intrusion
2025-04-01 04:10:16 - [INFO] user login
2025-04-01 04:11:14 - [INFO] backup completed
2025-04-01 04:22:18 - [INFO] email sent
2025-04-01 04:26:38 - [WARNING] Suspicious activity detected: port_scan
2025-04-01 04:39:59 - [INFO] config updated
2025-04-01 04:42:57 - [INFO] backup completed
2025-04-01 04:49:41 - [INFO] user login
2025-04-01 04:52:36 - [INFO] user login
2025-04-01 04:52:57 - [INFO] system check passed
2025-04-01 04:53:36 - [INFO] file uploaded
2025-04-01 04:57:31 - [WARNING] Suspicious activity detected: unauthorized_access
2025-04-01 05:01:43 - [WARNING] Suspicious activity detected: malware
2025-04-01 05:02:32 - [INFO] file uploaded
2025-04-01 05:05:01 - [WARNING] Suspicious activity detected: malware
2025-04-01 05:08:17 - [INFO] backup completed
2025-04-01 05:11:47 - [INFO] user login
2025-04-01 05:17:18 - [INFO] config updated
2025-04-01 05:20:48 - [INFO] backup completed
2025-04-01 05:21:11 - [WARNING] Suspicious activity detected: port_scan
2025-04-01 05:23:31 - [INFO] system check passed
2025-04-01 05:26:14 - [INFO] file uploaded
2025-04-01 05:45:14 - [INFO] file downloaded
2025-04-01 05:48:10 - [INFO] user login
2025-04-01 05:49:49 - [WARNING] Suspicious activity detected: ddos
2025-04-01 06:05:05 - [INFO] backup completed
2025-04-01 06:12:06 - [INFO] file downloaded
2025-04-01 06:14:08 - [INFO] file downloaded
2025-04-01 06:16:02 - [INFO] file uploaded
2025-04-01 06:18:36 - [INFO] config updated
2025-04-01 06:40:29 - [INFO] file downloaded
2025-04-01 06:48:28 - [WARNING] Suspicious activity detected: sql_injection
2025-04-01 06:51:19 - [INFO] file uploaded
2025-04-01 06:52:40 - [INFO] backup completed
2025-04-01 07:05:30 - [INFO] system check passed
2025-04-01 07:10:17 - [INFO] user login
2025-04-01 07:13:27 - [WARNING] Suspicious activity detected: brute_force
2025-04-01 07:15:47 - [INFO] system check passed
2025-04-01 07:20:46 - [WARNING] Suspicious activity detected: port_scan
2025-04-01 07:32:45 - [WARNING] Suspicious activity detected: sql_injection
2025-04-01 07:36:16 - [INFO] system check passed
2025-04-01 07:39:13 - [INFO] email sent
2025-04-01 07:49:04 - [WARNING] Suspicious activity detected: port_scan
2025-04-01 07:50:30 - [INFO] system check passed
2025-04-01 07:57:01 - [INFO] file downloaded
2025-04-01 07:58:22 - [INFO] system check passed
2025-04-01 08:24:39 - [WARNING] Suspicious activity detected: intrusion
2025-04-01 08:30:32 - [INFO] file uploaded
2025-04-01 08:44:52 - [WARNING] Suspicious activity detected: unauthorized_access
2025-04-01 08:47:38 - [INFO] email sent
2025-04-01 08:55:21 - [WARNING] Suspicious activity detected: port_scan
2025-04-01 08:58:43 - [WARNING] Suspicious activity detected: malware
2025-04-01 08:59:38 - [INFO] email sent
2025-04-01 09:07:21 - [WARNING] Suspicious activity detected: port_scan
2025-04-01 09:08:43 - [INFO] user login
2025-04-01 09:09:04 - [INFO] file uploaded
2025-04-01 09:09:17 - [INFO] backup completed
2025-04-01 09:16:19 - [INFO] email sent
2025-04-01 09:18:33 - [INFO] file downloaded
2025-04-01 09:31:27 - [WARNING] Suspicious activity detected: unauthorized_access
2025-04-01 09:32:29 - [WARNING] Suspicious activity detected: malware
2025-04-01 09:33:04 - [INFO] backup completed
2025-04-01 09:43:48 - [WARNING] Suspicious activity detected: ip_blocked
2025-04-01 09:44:25 - [WARNING] Suspicious activity detected: unauthorized_access
2025-04-01 09:47:20 - [INFO] file uploaded
2025-04-01 09:55:10 - [WARNING] Suspicious activity detected: unauthorized_access
2025-04-01 10:00:54 - [WARNING] Suspicious activity detected: sql_injection
2025-04-01 10:06:55 - [INFO] file downloaded
2025-04-01 10:07:35 - [WARNING] Suspicious activity detected: unauthorized_access
2025-04-01 10:07:38 - [INFO] email sent
2025-04-01 10:08:45 - [INFO] system check passed
2025-04-01 10:17:36 - [WARNING] Suspicious activity detected: brute_force
2025-04-01 10:21:02 - [WARNING] Suspicious activity detected: ip_blocked
2025-04-01 10:39:08 - [WARNING] Suspicious activity detected: ip_blocked
2025-04-01 10:42:06 - [WARNING] Suspicious activity detected: sql_injection
2025-04-01 10:45:51 - [INFO] config updated
2025-04-01 10:56:42 - [INFO] file uploaded
2025-04-01 11:10:06 - [INFO] user login
2025-04-01 11:18:25 - [INFO] file uploaded
2025-04-01 11:24:36 - [INFO] config updated
2025-04-01 11:26:59 - [WARNING] Suspicious activity detected: malware
2025-04-01 11:37:45 - [INFO] backup completed
2025-04-01 11:37:53 - [WARNING] Suspicious activity detected: ip_blocked
2025-04-01 11:38:47 - [WARNING] Suspicious activity detected: malware
2025-04-01 11:43:59 - [INFO] system check passed
2025-04-01 11:48:51 - [WARNING] Suspicious activity detected: ddos
2025-04-01 11:52:06 - [WARNING] Suspicious activity detected: sql_injection
2025-04-01 11:53:03 - [WARNING] Suspicious activity detected: unauthorized_access
2025-04-01 11:56:06 - [INFO] config updated
2025-04-01 11:59:48 - [WARNING] Suspicious activity detected: ip_blocked
2025-04-01 12:19:24 - [INFO] file downloaded
2025-04-01 12:22:54 - [INFO] user login
2025-04-01 12:37:07 - [INFO] file downloaded
2025-04-01 12:54:38 - [WARNING] Suspicious activity detected: ip_blocked
2025-04-01 13:07:01 - [INFO] user login
2025-04-01 13:15:10 - [INFO] file uploaded
2025-04-01 13:16:12 - [INFO] file uploaded
2025-04-01 13:32:29 - [WARNING] Suspicious activity detected: brute_force
2025-04-01 13:37:22 - [WARNING] Suspicious activity detected: ddos
2025-04-01 13:44:38 - [INFO] system check passed
2025-04-01 14:00:53 - [WARNING] Suspicious activity detected: intrusion
2025-04-01 14:14:07 - [INFO] email sent
2025-04-01 14:19:58 - [INFO] user login
2025-04-01 14:23:53 - [WARNING] Suspicious activity detected: intrusion
2025-04-01 14:24:36 - [INFO] system check passed
2025-04-01 14:35:28 - [WARNING] Suspicious activity detected: sql_injection
2025-04-01 14:38:46 - [WARNING] Suspicious activity detected: unauthorized_access
2025-04-01 14:45:06 - [INFO] backup completed
2025-04-01 14:53:23 - [INFO] email sent
2025-04-01 14:58:09 - [INFO] user login
2025-04-01 15:03:43 - [INFO] user login
2025-04-01 15:13:45 - [INFO] file downloaded
2025-04-01 15:21:16 - [INFO] system check passed
2025-04-01 15:22:36 - [INFO] backup completed
2025-04-01 15:29:13 - [INFO] file uploaded
2025-04-01 15:30:57 - [INFO] file uploaded
2025-04-01 15:31:43 - [INFO] file downloaded
2025-04-01 15:39:26 - [INFO] system check passed
2025-04-01 15:48:10 - [INFO] file downloaded
2025-04-01 15:48:52 - [INFO] system check passed
2025-04-01 15:49:38 - [INFO] email sent
2025-04-01 16:09:11 - [INFO] user login
2025-04-01 16:18:32 - [INFO] system check passed
2025-04-01 16:21:58 - [INFO] system check passed
2025-04-01 16:22:34 - [WARNING] Suspicious activity detected: unauthorized_access
2025-04-01 16:23:02 - [WARNING] Suspicious activity detected: malware
2025-04-01 16:34:42 - [INFO] backup completed
2025-04-01 16:36:45 - [INFO] config updated
2025-04-01 16:41:11 - [INFO] email sent
2025-04-01 16:41:50 - [INFO] config updated
2025-04-01 16:43:13 - [INFO] file downloaded
2025-04-01 16:44:46 - [INFO] file downloaded
2025-04-01 16:49:56 - [INFO] backup completed
2025-04-01 16:55:42 - [WARNING] Suspicious activity detected: malware
2025-04-01 17:00:11 - [WARNING] Suspicious activity detected: malware
2025-04-01 17:06:26 - [INFO] file downloaded
2025-04-01 17:07:31 - [INFO] backup completed
2025-04-01 17:10:31 - [WARNING] Suspicious activity detected: intrusion
2025-04-01 17:16:50 - [WARNING] Suspicious activity detected: ddos
2025-04-01 17:22:59 - [INFO] config updated
2025-04-01 17:37:27 - [INFO] system check passed
2025-04-01 17:40:59 - [WARNING] Suspicious activity detected: unauthorized_access
2025-04-01 17:42:40 - [INFO] system check passed
2025-04-01 17:58:44 - [INFO] backup completed
2025-04-01 18:01:00 - [INFO] config updated
2025-04-01 18:16:22 - [INFO] file downloaded
2025-04-01 18:17:07 - [WARNING] Suspicious activity detected: ddos
2025-04-01 18:20:01 - [INFO] system check passed
2025-04-01 18:22:06 - [INFO] email sent
2025-04-01 18:22:30 - [INFO] user login
2025-04-01 18:22:57 - [WARNING] Suspicious activity detected: ip_blocked
2025-04-01 18:24:42 - [WARNING] Suspicious activity detected: brute_force
2025-04-01 18:29:31 - [INFO] system check passed
2025-04-01 18:33:45 - [INFO] config updated
2025-04-01 18:34:39 - [WARNING] Suspicious activity detected: port_scan
2025-04-01 18:38:40 - [WARNING] Suspicious activity detected: port_scan
2025-04-01 18:39:54 - [WARNING] Suspicious activity detected: sql_injection
2025-04-01 18:43:13 - [INFO] file uploaded
2025-04-01 18:44:05 - [INFO] file uploaded
2025-04-01 18:47:01 - [INFO] email sent
2025-04-01 18:54:30 - [WARNING] Suspicious activity detected: port_scan
2025-04-01 19:03:36 - [WARNING] Suspicious activity detected: ddos
2025-04-01 19:06:14 - [INFO] backup completed
2025-04-01 19:16:56 - [INFO] file uploaded
2025-04-01 19:22:02 - [WARNING] Suspicious activity detected: brute_force
2025-04-01 19:23:11 - [INFO] user login
2025-04-01 19:28:08 - [INFO] config updated
2025-04-01 19:30:22 - [INFO] file uploaded
2025-04-01 19:31:23 - [WARNING] Suspicious activity detected: ddos
2025-04-01 19:39:17 - [INFO] file uploaded
2025-04-01 19:41:28 - [WARNING] Suspicious activity detected: malware
2025-04-01 19:48:24 - [WARNING] Suspicious activity detected: port_scan
2025-04-01 19:48:55 - [INFO] file downloaded
2025-04-01 19:58:59 - [INFO] system check passed
2025-04-01 20:02:53 - [INFO] system check passed
2025-04-01 20:05:43 - [INFO] config updated
2025-04-01 20:11:32 - [INFO] file downloaded
2025-04-01 20:14:00 - [INFO] config updated
2025-04-01 20:43:20 - [WARNING] Suspicious activity detected: port_scan
2025-04-01 20:50:06 - [INFO] file uploaded
2025-04-01 20:52:04 - [INFO] file downloaded
2025-04-01 20:53:14 - [INFO] backup completed
2025-04-01 20:55:14 - [WARNING] Suspicious activity detected: ip_blocked
2025-04-01 20:57:20 - [INFO] file downloaded
2025-04-01 20:57:28 - [INFO] user login
2025-04-01 21:11:30 - [INFO] backup completed
2025-04-01 21:19:48 - [WARNING] Suspicious activity detected: intrusion
2025-04-01 21:24:27 - [INFO] file downloaded
2025-04-01 21:25:05 - [WARNING] Suspicious activity detected: unauthorized_access
2025-04-01 21:27:12 - [INFO] file uploaded
2025-04-01 21:29:56 - [INFO] backup completed
2025-04-01 21:30:36 - [INFO] file uploaded
2025-04-01 21:31:31 - [WARNING] Suspicious activity detected: brute_force
2025-04-01 21:38:21 - [WARNING] Suspicious activity detected: malware
2025-04-01 21:52:13 - [INFO] email sent
2025-04-01 21:52:45 - [INFO] file uploaded
2025-04-01 21:55:21 - [INFO] system check passed
2025-04-01 21:57:16 - [INFO] system check passed
2025-04-01 21:58:37 - [INFO] config updated
2025-04-01 21:58:46 - [INFO] system check passed
2025-04-01 22:33:31 - [INFO] backup completed
2025-04-01 22:35:15 - [INFO] file downloaded
2025-04-01 22:51:23 - [INFO] email sent
2025-04-01 22:54:45 - [INFO] config updated
2025-04-01 23:03:44 - [WARNING] Suspicious activity detected: unauthorized_access
2025-04-01 23:04:12 - [INFO] config updated
2025-04-01 23:21:02 - [INFO] config updated
2025-04-01 23:34:20 - [WARNING] Suspicious activity detected: ddos
2025-04-01 23:34:47 - [INFO] email sent
2025-04-01 23:40:40 - [INFO] file downloaded
2025-04-01 23:49:28 - [INFO] config updated