2025-02-05 00:05:29 - [INFO] config updated
2025-02-05 00:08:26 - [WARNING] Suspicious activity detected: intrusion
2025-02-05 00:19:14 - [WARNING] Suspicious activity detected: intrusion
2025-02-05 00:19:32 - [INFO] backup completed
2025-02-05 00:28:54 - [INFO] email sent
2025-02-05 00:35:27 - [WARNING] Suspicious activity detected: port_scan
2025-02-05 00:41:23 - [INFO] system check passed
2025-02-05 00:57:48 - [WARNING] Suspicious activity detected: intrusion
2025-02-05 01:01:26 - [WARNING] Suspicious activity detected: ddos
2025-02-05 01:02:17 - [INFO] system check passed
2025-02-05 01:10:07 - [WARNING] Suspicious activity detected: port_scan
2025-02-05 01:11:17 - [INFO] config updated
2025-02-05 01:15:44 - [INFO] file downloaded
2025-02-05 01:19:13 - [INFO] backup completed
2025-02-05 01:19:17 - [WARNING] Suspicious activity detected: unauthorized_access
2025-02-05 01:28:52 - [INFO] config updated
2025-02-05 01:51:37 - [INFO] backup completed
2025-02-05 01:54:15 - [WARNING] Suspicious activity detected: ddos
2025-02-05 01:56:13 - [WARNING] Suspicious activity detected: malware
2025-02-05 02:02:18 - [INFO] file uploaded
2025-02-05 02:14:59 - [WARNING] Suspicious activity detected: ip_blocked
2025-02-05 02:21:42 - [INFO] file downloaded
2025-02-05 02:23:47 - [INFO] file downloaded
2025-02-05 02:26:52 - [WARNING] Suspicious activity detected: ddos
2025-02-05 02:29:16 - [INFO] file uploaded
2025-02-05 02:29:54 - [INFO] user login
2025-02-05 02:46:44 - [INFO] user login
2025-02-05 02:50:11 - [INFO] user login
2025-02-05 02:51:38 - [WARNING] Suspicious activity detected: sql_injection
2025-02-05 03:08:49 - [WARNING] Suspicious activity detected: port_scan
2025-02-05 03:13:13 - [INFO] user login
2025-02-05 03:15:10 - [WARNING] Suspicious activity detected: port_scan
2025-02-05 03:18:46 - [INFO] email sent
2025-02-05 03:31:06 - [INFO] file uploaded
2025-02-05 03:33:29 - [INFO] system check passed
2025-02-05 03:41:10 - [INFO] system check passed
2025-02-05 03:48:37 - [INFO] user login
2025-02-05 03:55:30 - [WARNING] Suspicious activity detected: brute_force
2025-02-05 04:01:26 - [INFO] user login
2025-02-05 04:02:08 - [INFO] system check passed
2025-02-05 04:02:15 - [WARNING] Suspicious activity detected: brute_force
2025-02-05 04:03:44 - [WARNING] Suspicious activity detected: sql_injection
2025-02-05 04:05:05 - [INFO] user login
2025-02-05 04:06:53 - [INFO] file uploaded
2025-02-05 04:11:04 - [INFO] file uploaded
2025-02-05 04:14:03 - [WARNING] Suspicious activity detected: ip_blocked
2025-02-05 04:18:03 - [INFO] file downloaded
2025-02-05 04:19:04 - [WARNING] Suspicious activity detected: ddos
2025-02-05 04:21:25 - [INFO] system check passed
2025-02-05 04:22:06 - [INFO] system check passed
2025-02-05 04:28:41 - [WARNING] Suspicious activity detected: unauthorized_access
2025-02-05 04:36:44 - [WARNING] Suspicious activity detected: unauthorized_access
2025-02-05 04:45:59 - [INFO] email sent
2025-02-05 04:46:39 - [WARNING] Suspicious activity detected: ddos
2025-02-05 04:49:30 - [INFO] system check passed
2025-02-05 04:51:38 - [INFO] file uploaded
2025-02-05 04:52:48 - [INFO] email sent
2025-02-05 04:57:47 - [WARNING] Suspicious activity detected: ip_blocked
2025-02-05 05:00:55 - [INFO] file downloaded
2025-02-05 05:01:19 - [INFO] config updated
2025-02-05 05:01:23 - [INFO] backup completed
2025-02-05 05:02:27 - [INFO] email sent
2025-02-05 05:09:20 - [INFO] system check passed
2025-02-05 05:09:57 - [INFO] email sent
2025-02-05 05:10:42 - [INFO] backup completed
2025-02-05 05:12:12 - [INFO] file uploaded
2025-02-05 05:12:53 - [WARNING] Suspicious activity detected: unauthorized_access
2025-02-05 05:14:07 - [WARNING] Suspicious activity detected: sql_injection
2025-02-05 05:25:27 - [INFO] config updated
2025-02-05 05:58:14 - [INFO] config updated
2025-02-05 05:58:22 - [INFO] system check passed
2025-02-05 05:59:42 - [WARNING] Suspicious activity detected: sql_injection
2025-02-05 06:04:10 - [WARNING] Suspicious activity detected: unauthorized_access
2025-02-05 06:07:38 - [WARNING] Suspicious activity detected: port_scan
2025-02-05 06:12:18 - [INFO] file downloaded
2025-02-05 06:13:46 - [INFO] user login
2025-02-05 06:16:44 - [WARNING] Suspicious activity detected: ip_blocked
2025-02-05 06:17:45 - [INFO] backup completed
2025-02-05 06:18:40 - [WARNING] Suspicious activity detected: unauthorized_access
2025-02-05 06:21:37 - [WARNING] Suspicious activity detected: ip_blocked
2025-02-05 06:28:36 - [INFO] backup completed
2025-02-05 06:46:55 - [WARNING] Suspicious activity detected: intrusion
2025-02-05 06:50:43 - [INFO] email sent
2025-02-05 06:58:12 - [INFO] config updated
2025-02-05 07:00:08 - [INFO] user login
2025-02-05 07:01:14 - [INFO] file uploaded
2025-02-05 07:20:13 - [WARNING] Suspicious activity detected: brute_force
2025-02-05 07:27:15 - [INFO] email sent
2025-02-05 07:31:15 - [INFO] config updated
2025-02-05 07:35:29 - [INFO] file uploaded
2025-02-05 07:36:56 - [WARNING] Suspicious activity detected: malware
2025-02-05 07:41:34 - [INFO] backup completed
2025-02-05 07:53:40 - [WARNING] Suspicious activity detected: ddos
2025-02-05 08:03:24 - [INFO] file downloaded
2025-02-05 08:11:28 - [INFO] email sent
2025-02-05 08:26:13 - [WARNING] Suspicious activity detected: port_scan
2025-02-05 08:26:29 - [INFO] email sent
2025-02-05 08:29:01 - [INFO] backup completed
2025-02-05 08:36:27 - [WARNING] Suspicious activity detected: sql_injection
2025-02-05 08:36:44 - [INFO] system check passed
2025-02-05 08:37:28 - [WARNING] Suspicious activity detected: malware
2025-02-05 08:45:23 - [WARNING] Suspicious activity detected: malware
2025-02-05 09:09:09 - [INFO] user login
2025-02-05 09:12:01 - [WARNING] Suspicious activity detected: ip_blocked
2025-02-05 09:21:48 - [WARNING] Suspicious activity detected: malware
2025-02-05 09:24:59 - [WARNING] Suspicious activity detected: port_scan
2025-02-05 09:28:56 - [INFO] backup completed
2025-02-05 09:29:04 - [INFO] backup completed
2025-02-05 09:29:18 - [WARNING] Suspicious activity detected: sql_injection
2025-02-05 09:30:00 - [WARNING] Suspicious activity detected: brute_force
2025-02-05 09:36:40 - [WARNING] Suspicious activity detected: intrusion
2025-02-05 09:39:07 - [WARNING] Suspicious activity detected: unauthorized_access
2025-02-05 09:47:14 - [WARNING] Suspicious activity detected: malware
2025-02-05 09:48:08 - [INFO] backup completed
2025-02-05 10:03:09 - [INFO] file uploaded
2025-02-05 10:15:57 - [INFO] config updated
2025-02-05 10:39:18 - [WARNING] Suspicious activity detected: ip_blocked
2025-02-05 10:43:51 - [INFO] file downloaded
2025-02-05 10:44:36 - [WARNING] Suspicious activity detected: intrusion
2025-02-05 10:46:55 - [INFO] backup completed
2025-02-05 10:54:25 - [WARNING] Suspicious activity detected: ip_blocked
2025-02-05 10:59:55 - [INFO] backup completed
2025-02-05 11:03:10 - [INFO] file uploaded
2025-02-05 11:07:10 - [WARNING] Suspicious activity detected: sql_injection
2025-02-05 11:11:38 - [INFO] file downloaded
2025-02-05 11:13:03 - [INFO] user login
2025-02-05 11:20:44 - [WARNING] Suspicious activity detected: ddos
2025-02-05 11:21:30 - [WARNING] Suspicious activity detected: sql_injection
2025-02-05 11:53:01 - [WARNING] Suspicious activity detected: ip_blocked
2025-02-05 12:02:36 - [WARNING] Suspicious activity detected: intrusion
2025-02-05 12:11:24 - [INFO] config updated
2025-02-05 12:11:36 - [INFO] system check passed
2025-02-05 12:19:19 - [WARNING] Suspicious activity detected: unauthorized_access
2025-02-05 12:21:11 - [INFO] email sent
2025-02-05 12:22:34 - [INFO] user login
2025-02-05 12:24:14 - [WARNING] Suspicious activity detected: port_scan
2025-02-05 12:40:25 - [INFO] file downloaded
2025-02-05 12:47:16 - [INFO] file uploaded
2025-02-05 12:47:19 - [INFO] backup completed
2025-02-05 12:56:22 - [WARNING] Suspicious activity detected: unauthorized_access
2025-02-05 13:06:39 - [INFO] backup completed
2025-02-05 13:13:02 - [INFO] file uploaded
2025-02-05 13:16:01 - [WARNING] Suspicious activity detected: sql_injection
2025-02-05 13:19:15 - [WARNING] Suspicious activity detected: port_scan
2025-02-05 13:27:26 - [INFO] user login
2025-02-05 13:34:26 - [INFO] system check passed
2025-02-05 13:42:27 - [WARNING] Suspicious activity detected: ddos
2025-02-05 13:58:53 - [INFO] file downloaded
2025-02-05 14:09:50 - [INFO] config updated
2025-02-05 14:23:59 - [INFO] backup completed
2025-02-05 14:26:43 - [WARNING] Suspicious activity detected: ddos
2025-02-05 14:28:05 - [WARNING] Suspicious activity detected: port_scan
2025-02-05 15:10:15 - [INFO] user login
2025-02-05 15:12:02 - [WARNING] Suspicious activity detected: unauthorized_access
2025-02-05 15:15:53 - [INFO] file downloaded
2025-02-05 15:16:39 - [INFO] config updated
2025-02-05 15:18:44 - [INFO] user login
2025-02-05 15:20:19 - [WARNING] Suspicious activity detected: ip_blocked
2025-02-05 15:20:50 - [INFO] file uploaded
2025-02-05 15:20:52 - [INFO] file downloaded
2025-02-05 15:25:19 - [WARNING] Suspicious activity detected: intrusion
2025-02-05 15:25:19 - [INFO] user login
2025-02-05 15:28:40 - [INFO] system check passed
2025-02-05 15:28:56 - [INFO] file downloaded
2025-02-05 15:40:09 - [INFO] file downloaded
2025-02-05 15:41:40 - [INFO] config updated
2025-02-05 15:51:24 - [WARNING] Suspicious activity detected: malware
2025-02-05 15:55:39 - [INFO] email sent
2025-02-05 15:57:30 - [WARNING] Suspicious activity detected: ddos
2025-02-05 16:09:39 - [INFO] backup completed
2025-02-05 16:20:16 - [INFO] system check passed
2025-02-05 16:20:49 - [INFO] config updated
2025-02-05 16:26:08 - [WARNING] Suspicious activity detected: intrusion
2025-02-05 16:31:32 - [INFO] system check passed
2025-02-05 16:42:58 - [INFO] user login
2025-02-05 16:43:22 - [INFO] user login
2025-02-05 16:45:38 - [WARNING] Suspicious activity detected: unauthorized_access
2025-02-05 16:46:47 - [INFO] file uploaded
2025-02-05 16:55:59 - [INFO] user login
2025-02-05 16:58:56 - [INFO] system check passed
2025-02-05 17:01:03 - [INFO] file uploaded
2025-02-05 17:03:24 - [INFO] file downloaded
2025-02-05 17:18:45 - [INFO] file downloaded
2025-02-05 17:39:17 - [INFO] email sent
2025-02-05 17:50:50 - [INFO] backup completed
2025-02-05 17:50:57 - [WARNING] Suspicious activity detected: ip_blocked
2025-02-05 17:53:01 - [WARNING] Suspicious activity detected: brute_force
2025-02-05 17:54:54 - [INFO] file uploaded
2025-02-05 18:03:09 - [INFO] backup completed
2025-02-05 18:03:52 - [WARNING] Suspicious activity detected: brute_force
2025-02-05 18:15:48 - [WARNING] Suspicious activity detected: unauthorized_access
2025-02-05 18:18:07 - [INFO] user login
2025-02-05 18:20:20 - [INFO] backup completed
2025-02-05 18:28:59 - [WARNING] Suspicious activity detected: malware
2025-02-05 18:35:49 - [INFO] file downloaded
2025-02-05 18:39:13 - [WARNING] Suspicious activity detected: port_scan
2025-02-05 18:39:38 - [INFO] system check passed
2025-02-05 18:51:47 - [INFO] backup completed
2025-02-05 18:55:17 - [INFO] email sent
2025-02-05 18:56:41 - [INFO] email sent
2025-02-05 18:59:21 - [INFO] user login
2025-02-05 18:59:38 - [WARNING] Suspicious activity detected: ddos
2025-02-05 19:15:53 - [WARNING] Suspicious activity detected: malware
2025-02-05 19:16:34 - [INFO] file uploaded
2025-02-05 19:22:48 - [INFO] backup completed
2025-02-05 19:25:22 - [WARNING] Suspicious activity detected: malware
2025-02-05 19:25:29 - [WARNING] Suspicious activity detected: intrusion
2025-02-05 19:32:01 - [INFO] config updated
2025-02-05 19:39:16 - [INFO] config updated
2025-02-05 19:43:24 - [INFO] backup completed
2025-02-05 19:46:18 - [INFO] config updated
2025-02-05 19:49:55 - [INFO] file downloaded
2025-02-05 19:59:55 - [INFO] file uploaded
2025-02-05 20:05:11 - [INFO] backup completed
2025-02-05 20:05:41 - [INFO] config updated
2025-02-05 20:26:11 - [INFO] backup completed
2025-02-05 20:34:14 - [INFO] system check passed
2025-02-05 20:34:26 - [WARNING] Suspicious activity detected: ip_blocked
2025-02-05 20:36:41 - [WARNING] Suspicious activity detected: ip_blocked
2025-02-05 20:43:36 - [WARNING] Suspicious activity detected: malware
2025-02-05 20:43:53 - [WARNING] Suspicious activity detected: intrusion
2025-02-05 20:49:24 - [WARNING] Suspicious activity detected: ip_blocked
2025-02-05 20:59:14 - [INFO] system check passed
2025-02-05 21:00:02 - [INFO] backup completed
2025-02-05 21:11:07 - [INFO] system check passed
2025-02-05 21:13:10 - [INFO] system check passed
2025-02-05 21:35:21 - [INFO] user login
2025-02-05 21:44:37 - [INFO] email sent
2025-02-05 21:46:51 - [INFO] file uploaded
2025-02-05 21:48:01 - [WARNING] Suspicious activity detected: intrusion
2025-02-05 21:56:34 - [INFO] email sent
2025-02-05 21:57:27 - [INFO] backup completed
2025-02-05 22:02:16 - [WARNING] Suspicious activity detected: ip_blocked
2025-02-05 22:12:07 - [INFO] config updated
2025-02-05 22:16:50 - [WARNING] Suspicious activity detected: port_scan
2025-02-05 22:21:24 - [INFO] email sent
2025-02-05 22:23:34 - [INFO] file uploaded
2025-02-05 22:23:37 - [WARNING] Suspicious activity detected: intrusion
2025-02-05 22:35:26 - [INFO] backup completed
2025-02-05 22:37:26 - [WARNING] Suspicious activity detected: unauthorized_access
2025-02-05 22:45:57 - [INFO] file uploaded
2025-02-05 22:54:10 - [INFO] user login
2025-02-05 22:55:07 - [INFO] user login
2025-02-05 23:00:11 - [WARNING] Suspicious activity detected: ip_blocked
2025-02-05 23:00:44 - [INFO] system check passed
2025-02-05 23:07:38 - [INFO] email sent
2025-02-05 23:08:13 - [INFO] file downloaded
2025-02-05 23:20:26 - [INFO] file uploaded
2025-02-05 23:39:03 - [INFO] config updated
2025-02-05 23:49:06 - [INFO] backup completed
2025-02-05 23:56:57 - [INFO] backup completed
2025-02-05 23:59:10 - [INFO] file uploaded
2025-02-05 23:59:13 - [WARNING] Suspicious activity detected: malware