2025-02-01 00:01:36 - [INFO] email sent
2025-02-01 00:02:03 - [INFO] file downloaded
2025-02-01 00:09:30 - [WARNING] Suspicious activity detected: brute_force
2025-02-01 00:16:34 - [INFO] user login
2025-02-01 00:32:36 - [INFO] backup completed
2025-02-01 00:36:42 - [WARNING] Suspicious activity detected: ip_blocked
2025-02-01 00:39:23 - [WARNING] Suspicious activity detected: unauthorized_access
2025-02-01 00:39:53 - [INFO] user login
2025-02-01 00:40:51 - [INFO] config updated
2025-02-01 00:48:04 - [INFO] backup completed
2025-02-01 00:49:06 - [WARNING] Suspicious activity detected: ddos
2025-02-01 00:50:35 - [WARNING] Suspicious activity detected: unauthorized_access
2025-02-01 00:50:36 - [INFO] email sent
2025-02-01 00:52:52 - [INFO] backup completed
2025-02-01 00:55:25 - [INFO] email sent
2025-02-01 01:15:03 - [WARNING] Suspicious activity detected: port_scan
2025-02-01 01:18:36 - [WARNING] Suspicious activity detected: ddos
2025-02-01 01:29:05 - [INFO] file uploaded
2025-02-01 01:34:34 - [INFO] config updated
2025-02-01 01:35:03 - [INFO] backup completed
2025-02-01 01:52:55 - [INFO] file downloaded
2025-02-01 02:19:04 - [INFO] file uploaded
2025-02-01 02:26:03 - [INFO] backup completed
2025-02-01 02:28:01 - [INFO] config updated
2025-02-01 02:28:17 - [INFO] email sent
2025-02-01 02:33:15 - [INFO] backup completed
2025-02-01 02:34:59 - [INFO] email sent
2025-02-01 02:45:52 - [INFO] file downloaded
2025-02-01 02:49:33 - [INFO] file uploaded
2025-02-01 02:50:37 - [INFO] email sent
2025-02-01 02:56:47 - [WARNING] Suspicious activity detected: sql_injection
2025-02-01 03:02:13 - [INFO] user login
2025-02-01 03:03:28 - [INFO] system check passed
2025-02-01 03:09:13 - [INFO] email sent
2025-02-01 03:09:37 - [INFO] user login
2025-02-01 03:15:03 - [INFO] email sent
2025-02-01 03:22:27 - [INFO] user login
2025-02-01 03:26:58 - [INFO] email sent
2025-02-01 03:35:00 - [INFO] file downloaded
2025-02-01 03:37:57 - [INFO] backup completed
2025-02-01 03:39:06 - [INFO] email sent
2025-02-01 03:51:50 - [INFO] system check passed
2025-02-01 03:52:26 - [INFO] email sent
2025-02-01 04:05:22 - [INFO] system check passed
2025-02-01 04:09:38 - [WARNING] Suspicious activity detected: malware
2025-02-01 04:16:25 - [INFO] email sent
2025-02-01 04:44:54 - [INFO] email sent
2025-02-01 04:48:33 - [INFO] email sent
2025-02-01 04:49:44 - [WARNING] Suspicious activity detected: intrusion
2025-02-01 04:53:51 - [WARNING] Suspicious activity detected: malware
2025-02-01 05:02:07 - [WARNING] Suspicious activity detected: brute_force
2025-02-01 05:02:16 - [INFO] system check passed
2025-02-01 05:06:05 - [WARNING] Suspicious activity detected: malware
2025-02-01 05:07:45 - [INFO] file uploaded
2025-02-01 05:13:47 - [INFO] config updated
2025-02-01 05:15:02 - [INFO] file downloaded
2025-02-01 05:18:40 - [INFO] user login
2025-02-01 05:22:34 - [INFO] backup completed
2025-02-01 05:27:33 - [INFO] user login
2025-02-01 05:42:42 - [INFO] config updated
2025-02-01 05:48:07 - [INFO] email sent
2025-02-01 05:48:20 - [INFO] email sent
2025-02-01 05:53:12 - [INFO] email sent
2025-02-01 05:56:27 - [INFO] backup completed
2025-02-01 05:58:25 - [INFO] config updated
2025-02-01 05:59:22 - [INFO] system check passed
2025-02-01 06:27:59 - [WARNING] Suspicious activity detected: ip_blocked
2025-02-01 06:38:25 - [INFO] file uploaded
2025-02-01 06:42:51 - [INFO] backup completed
2025-02-01 06:44:18 - [INFO] file downloaded
2025-02-01 06:45:26 - [INFO] user login
2025-02-01 06:45:42 - [WARNING] Suspicious activity detected: ip_blocked
2025-02-01 06:54:01 - [WARNING] Suspicious activity detected: malware
2025-02-01 07:06:28 - [INFO] email sent
2025-02-01 07:11:31 - [INFO] file downloaded
2025-02-01 07:12:59 - [WARNING] Suspicious activity detected: ddos
2025-02-01 07:13:30 - [INFO] config updated
2025-02-01 07:16:30 - [WARNING] Suspicious activity detected: port_scan
2025-02-01 07:17:34 - [INFO] email sent
2025-02-01 07:36:28 - [INFO] system check passed
2025-02-01 07:41:04 - [INFO] file uploaded
2025-02-01 07:44:45 - [WARNING] Suspicious activity detected: malware
2025-02-01 07:45:07 - [INFO] file downloaded
2025-02-01 07:52:40 - [INFO] email sent
2025-02-01 07:53:20 - [INFO] system check passed
2025-02-01 08:02:01 - [INFO] config updated
2025-02-01 08:02:37 - [INFO] file downloaded
2025-02-01 08:03:10 - [WARNING] Suspicious activity detected: brute_force
2025-02-01 08:19:34 - [INFO] file uploaded
2025-02-01 08:31:01 - [INFO] file uploaded
2025-02-01 08:34:34 - [INFO] file uploaded
2025-02-01 08:48:05 - [INFO] email sent
2025-02-01 09:03:31 - [INFO] email sent
2025-02-01 09:12:51 - [INFO] email sent
2025-02-01 09:21:40 - [INFO] system check passed
2025-02-01 09:31:09 - [INFO] file downloaded
2025-02-01 09:33:41 - [WARNING] Suspicious activity detected: port_scan
2025-02-01 09:37:36 - [INFO] user login
2025-02-01 09:59:42 - [INFO] system check passed
2025-02-01 10:06:24 - [INFO] file uploaded
2025-02-01 10:20:16 - [WARNING] Suspicious activity detected: sql_injection
2025-02-01 10:35:32 - [INFO] user login
2025-02-01 10:41:02 - [INFO] backup completed
2025-02-01 11:18:27 - [WARNING] Suspicious activity detected: sql_injection
2025-02-01 11:27:57 - [WARNING] Suspicious activity detected: malware
2025-02-01 11:28:59 - [INFO] user login
2025-02-01 11:33:17 - [INFO] email sent
2025-02-01 11:33:32 - [INFO] config updated
2025-02-01 11:43:44 - [INFO] backup completed
2025-02-01 11:58:17 - [INFO] backup completed
2025-02-01 12:05:48 - [INFO] config updated
2025-02-01 12:08:01 - [WARNING] Suspicious activity detected: ddos
2025-02-01 12:16:34 - [INFO] email sent
2025-02-01 12:19:48 - [WARNING] Suspicious activity detected: sql_injection
2025-02-01 12:21:49 - [INFO] backup completed
2025-02-01 12:24:34 - [INFO] file uploaded
2025-02-01 12:26:27 - [INFO] user login
2025-02-01 12:37:42 - [INFO] backup completed
2025-02-01 12:54:04 - [INFO] email sent
2025-02-01 13:01:17 - [INFO] email sent
2025-02-01 13:07:23 - [WARNING] Suspicious activity detected: sql_injection
2025-02-01 13:14:08 - [WARNING] Suspicious activity detected: sql_injection
2025-02-01 13:24:21 - [WARNING] Suspicious activity detected: ddos
2025-02-01 13:27:55 - [WARNING] Suspicious activity detected: brute_force
2025-02-01 13:30:20 - [INFO] email sent
2025-02-01 13:45:27 - [INFO] system check passed
2025-02-01 13:56:25 - [INFO] email sent
2025-02-01 13:57:00 - [INFO] file downloaded
2025-02-01 14:00:09 - [INFO] system check passed
2025-02-01 14:03:32 - [INFO] email sent
2025-02-01 14:07:09 - [WARNING] Suspicious activity detected: malware
2025-02-01 14:08:46 - [WARNING] Suspicious activity detected: ip_blocked
2025-02-01 14:27:00 - [INFO] user login
2025-02-01 14:37:28 - [INFO] config updated
2025-02-01 14:37:51 - [INFO] backup completed
2025-02-01 14:41:56 - [WARNING] Suspicious activity detected: malware
2025-02-01 14:46:46 - [WARNING] Suspicious activity detected: port_scan
2025-02-01 14:57:09 - [INFO] user login
2025-02-01 14:59:16 - [INFO] backup completed
2025-02-01 15:14:35 - [WARNING] Suspicious activity detected: intrusion
2025-02-01 15:36:58 - [WARNING] Suspicious activity detected: intrusion
2025-02-01 15:42:29 - [INFO] user login
2025-02-01 15:42:40 - [INFO] user login
2025-02-01 15:57:35 - [INFO] config updated
2025-02-01 16:02:26 - [INFO] email sent
2025-02-01 16:06:09 - [WARNING] Suspicious activity detected: malware
2025-02-01 16:09:29 - [INFO] config updated
2025-02-01 16:19:09 - [INFO] user login
2025-02-01 16:42:37 - [INFO] system check passed
2025-02-01 16:43:22 - [INFO] email sent
2025-02-01 16:54:06 - [INFO] backup completed
2025-02-01 16:56:49 - [INFO] system check passed
2025-02-01 16:57:31 - [INFO] config updated
2025-02-01 17:00:33 - [INFO] user login
2025-02-01 17:00:42 - [WARNING] Suspicious activity detected: sql_injection
2025-02-01 17:09:06 - [INFO] file downloaded
2025-02-01 17:11:03 - [INFO] backup completed
2025-02-01 17:20:34 - [WARNING] Suspicious activity detected: ip_blocked
2025-02-01 17:32:40 - [INFO] system check passed
2025-02-01 17:35:14 - [INFO] file downloaded
2025-02-01 17:44:32 - [INFO] file uploaded
2025-02-01 17:49:35 - [INFO] user login
2025-02-01 17:51:05 - [INFO] file uploaded
2025-02-01 17:54:10 - [INFO] user login
2025-02-01 18:00:20 - [INFO] file uploaded
2025-02-01 18:05:19 - [INFO] system check passed
2025-02-01 18:17:15 - [INFO] file uploaded
2025-02-01 18:17:50 - [INFO] file uploaded
2025-02-01 18:19:41 - [INFO] backup completed
2025-02-01 18:43:49 - [WARNING] Suspicious activity detected: ip_blocked
2025-02-01 18:48:34 - [INFO] config updated
2025-02-01 19:02:56 - [INFO] email sent
2025-02-01 19:04:23 - [WARNING] Suspicious activity detected: intrusion
2025-02-01 19:28:51 - [INFO] user login
2025-02-01 19:32:02 - [INFO] backup completed
2025-02-01 19:33:31 - [INFO] config updated
2025-02-01 19:35:47 - [INFO] file downloaded
2025-02-01 19:36:04 - [INFO] email sent
2025-02-01 19:36:32 - [INFO] system check passed
2025-02-01 19:40:52 - [INFO] file uploaded
2025-02-01 19:42:27 - [INFO] system check passed
2025-02-01 19:42:34 - [INFO] system check passed
2025-02-01 19:52:31 - [INFO] email sent
2025-02-01 19:59:26 - [INFO] config updated
2025-02-01 20:16:06 - [INFO] backup completed
2025-02-01 20:16:37 - [INFO] file uploaded
2025-02-01 20:18:53 - [INFO] system check passed
2025-02-01 20:33:08 - [WARNING] Suspicious activity detected: ip_blocked
2025-02-01 21:05:53 - [INFO] backup completed
2025-02-01 21:05:59 - [INFO] file uploaded
2025-02-01 21:08:01 - [INFO] file uploaded
2025-02-01 21:40:41 - [WARNING] Suspicious activity detected: brute_force
2025-02-01 21:42:41 - [INFO] email sent
2025-02-01 21:45:04 - [INFO] file downloaded
2025-02-01 21:47:59 - [WARNING] Suspicious activity detected: intrusion
2025-02-01 21:57:51 - [INFO] config updated
2025-02-01 22:01:58 - [INFO] file uploaded
2025-02-01 22:14:21 - [INFO] user login
2025-02-01 22:16:38 - [INFO] system check passed
2025-02-01 22:36:48 - [INFO] config updated
2025-02-01 22:40:44 - [INFO] file downloaded
2025-02-01 22:54:23 - [WARNING] Suspicious activity detected: ip_blocked
2025-02-01 23:06:21 - [INFO] config updated
2025-02-01 23:15:22 - [INFO] config updated
2025-02-01 23:16:59 - [INFO] system check passed
2025-02-01 23:24:22 - [INFO] user login
2025-02-01 23:24:53 - [WARNING] Suspicious activity detected: port_scan
2025-02-01 23:30:57 - [INFO] config updated
2025-02-01 23:42:23 - [INFO] email sent
2025-02-01 23:47:41 - [WARNING] Suspicious activity detected: brute_force
2025-02-01 23:50:26 - [INFO] system check passed