2025-04-29 00:00:49 - [INFO] config updated
2025-04-29 00:18:17 - [INFO] config updated
2025-04-29 00:18:50 - [INFO] system check passed
2025-04-29 00:25:12 - [INFO] file downloaded
2025-04-29 00:29:42 - [WARNING] Suspicious activity detected: ip_blocked
2025-04-29 00:32:35 - [INFO] user login
2025-04-29 00:34:53 - [WARNING] Suspicious activity detected: intrusion
2025-04-29 00:37:38 - [WARNING] Suspicious activity detected: ip_blocked
2025-04-29 00:57:10 - [WARNING] Suspicious activity detected: sql_injection
2025-04-29 01:13:21 - [WARNING] Suspicious activity detected: port_scan
2025-04-29 01:25:09 - [INFO] system check passed
2025-04-29 01:25:36 - [WARNING] Suspicious activity detected: unauthorized_access
2025-04-29 01:30:25 - [INFO] config updated
2025-04-29 01:37:17 - [INFO] file uploaded
2025-04-29 01:37:32 - [INFO] file uploaded
2025-04-29 01:58:34 - [INFO] user login
2025-04-29 02:02:53 - [WARNING] Suspicious activity detected: ddos
2025-04-29 02:11:12 - [INFO] user login
2025-04-29 02:14:40 - [INFO] system check passed
2025-04-29 02:16:59 - [WARNING] Suspicious activity detected: unauthorized_access
2025-04-29 02:22:25 - [WARNING] Suspicious activity detected: malware
2025-04-29 02:25:25 - [INFO] config updated
2025-04-29 02:26:12 - [INFO] backup completed
2025-04-29 02:26:38 - [INFO] user login
2025-04-29 02:26:44 - [INFO] config updated
2025-04-29 02:27:57 - [WARNING] Suspicious activity detected: unauthorized_access
2025-04-29 02:29:14 - [WARNING] Suspicious activity detected: unauthorized_access
2025-04-29 02:31:47 - [WARNING] Suspicious activity detected: ddos
2025-04-29 02:56:19 - [INFO] backup completed
2025-04-29 03:05:03 - [WARNING] Suspicious activity detected: unauthorized_access
2025-04-29 03:21:43 - [INFO] user login
2025-04-29 03:54:27 - [INFO] file uploaded
2025-04-29 03:55:23 - [INFO] config updated
2025-04-29 03:55:58 - [WARNING] Suspicious activity detected: malware
2025-04-29 03:58:39 - [WARNING] Suspicious activity detected: sql_injection
2025-04-29 04:18:57 - [INFO] system check passed
2025-04-29 04:23:48 - [WARNING] Suspicious activity detected: intrusion
2025-04-29 04:25:04 - [INFO] backup completed
2025-04-29 04:29:36 - [INFO] config updated
2025-04-29 04:34:49 - [WARNING] Suspicious activity detected: unauthorized_access
2025-04-29 04:50:42 - [INFO] config updated
2025-04-29 05:01:56 - [INFO] file downloaded
2025-04-29 05:16:37 - [INFO] user login
2025-04-29 05:23:43 - [INFO] email sent
2025-04-29 05:27:32 - [INFO] file downloaded
2025-04-29 05:33:39 - [INFO] email sent
2025-04-29 05:35:15 - [INFO] file downloaded
2025-04-29 05:53:18 - [INFO] file downloaded
2025-04-29 06:03:01 - [INFO] config updated
2025-04-29 06:16:55 - [WARNING] Suspicious activity detected: malware
2025-04-29 06:21:01 - [INFO] file uploaded
2025-04-29 06:34:38 - [INFO] system check passed
2025-04-29 06:41:03 - [INFO] user login
2025-04-29 06:50:48 - [INFO] system check passed
2025-04-29 06:52:15 - [WARNING] Suspicious activity detected: brute_force
2025-04-29 06:54:24 - [WARNING] Suspicious activity detected: ddos
2025-04-29 07:00:03 - [WARNING] Suspicious activity detected: malware
2025-04-29 07:00:56 - [INFO] user login
2025-04-29 07:12:48 - [INFO] file uploaded
2025-04-29 07:12:51 - [INFO] config updated
2025-04-29 07:16:28 - [INFO] backup completed
2025-04-29 07:16:52 - [INFO] file uploaded
2025-04-29 07:19:18 - [WARNING] Suspicious activity detected: ddos
2025-04-29 07:21:42 - [INFO] file downloaded
2025-04-29 07:23:28 - [INFO] user login
2025-04-29 07:24:01 - [INFO] email sent
2025-04-29 07:24:22 - [WARNING] Suspicious activity detected: ip_blocked
2025-04-29 07:27:13 - [INFO] user login
2025-04-29 07:37:10 - [INFO] user login
2025-04-29 07:40:24 - [INFO] email sent
2025-04-29 07:43:10 - [INFO] file uploaded
2025-04-29 07:44:15 - [WARNING] Suspicious activity detected: unauthorized_access
2025-04-29 07:56:05 - [INFO] email sent
2025-04-29 07:56:25 - [INFO] email sent
2025-04-29 07:57:07 - [INFO] config updated
2025-04-29 07:57:32 - [INFO] email sent
2025-04-29 08:03:51 - [WARNING] Suspicious activity detected: malware
2025-04-29 08:06:59 - [INFO] email sent
2025-04-29 08:14:32 - [INFO] config updated
2025-04-29 08:14:41 - [INFO] file downloaded
2025-04-29 08:22:50 - [INFO] file uploaded
2025-04-29 08:23:25 - [INFO] file downloaded
2025-04-29 08:29:44 - [WARNING] Suspicious activity detected: unauthorized_access
2025-04-29 08:43:17 - [INFO] file downloaded
2025-04-29 08:44:16 - [WARNING] Suspicious activity detected: port_scan
2025-04-29 08:44:22 - [INFO] backup completed
2025-04-29 08:49:52 - [INFO] backup completed
2025-04-29 08:55:43 - [INFO] system check passed
2025-04-29 09:00:25 - [WARNING] Suspicious activity detected: ddos
2025-04-29 09:33:22 - [INFO] file uploaded
2025-04-29 09:34:00 - [INFO] system check passed
2025-04-29 09:35:50 - [WARNING] Suspicious activity detected: intrusion
2025-04-29 09:39:46 - [WARNING] Suspicious activity detected: brute_force
2025-04-29 09:40:12 - [INFO] config updated
2025-04-29 09:43:50 - [INFO] email sent
2025-04-29 09:47:52 - [INFO] backup completed
2025-04-29 09:48:37 - [INFO] file uploaded
2025-04-29 10:01:33 - [INFO] system check passed
2025-04-29 10:25:11 - [INFO] user login
2025-04-29 10:37:54 - [WARNING] Suspicious activity detected: brute_force
2025-04-29 10:39:09 - [WARNING] Suspicious activity detected: ddos
2025-04-29 10:45:25 - [WARNING] Suspicious activity detected: malware
2025-04-29 10:46:28 - [WARNING] Suspicious activity detected: sql_injection
2025-04-29 10:49:22 - [INFO] file downloaded
2025-04-29 10:52:58 - [INFO] user login
2025-04-29 10:54:41 - [INFO] email sent
2025-04-29 10:57:29 - [WARNING] Suspicious activity detected: unauthorized_access
2025-04-29 11:06:10 - [WARNING] Suspicious activity detected: port_scan
2025-04-29 11:07:08 - [INFO] system check passed
2025-04-29 11:13:18 - [WARNING] Suspicious activity detected: ip_blocked
2025-04-29 11:13:59 - [INFO] email sent
2025-04-29 11:26:11 - [WARNING] Suspicious activity detected: ddos
2025-04-29 11:26:43 - [WARNING] Suspicious activity detected: unauthorized_access
2025-04-29 11:33:24 - [WARNING] Suspicious activity detected: ddos
2025-04-29 11:33:45 - [INFO] file downloaded
2025-04-29 11:41:59 - [INFO] email sent
2025-04-29 11:53:57 - [WARNING] Suspicious activity detected: ip_blocked
2025-04-29 12:00:33 - [WARNING] Suspicious activity detected: ip_blocked
2025-04-29 12:07:45 - [WARNING] Suspicious activity detected: sql_injection
2025-04-29 12:10:15 - [WARNING] Suspicious activity detected: port_scan
2025-04-29 12:11:09 - [WARNING] Suspicious activity detected: intrusion
2025-04-29 12:14:57 - [WARNING] Suspicious activity detected: unauthorized_access
2025-04-29 12:28:48 - [INFO] backup completed
2025-04-29 12:31:32 - [INFO] user login
2025-04-29 12:33:08 - [INFO] system check passed
2025-04-29 12:47:21 - [WARNING] Suspicious activity detected: unauthorized_access
2025-04-29 12:49:43 - [WARNING] Suspicious activity detected: brute_force
2025-04-29 12:58:43 - [WARNING] Suspicious activity detected: brute_force
2025-04-29 13:00:24 - [INFO] system check passed
2025-04-29 13:06:19 - [WARNING] Suspicious activity detected: port_scan
2025-04-29 13:22:44 - [WARNING] Suspicious activity detected: intrusion
2025-04-29 13:29:14 - [WARNING] Suspicious activity detected: brute_force
2025-04-29 13:30:00 - [WARNING] Suspicious activity detected: ip_blocked
2025-04-29 13:38:58 - [WARNING] Suspicious activity detected: sql_injection
2025-04-29 13:43:47 - [WARNING] Suspicious activity detected: ip_blocked
2025-04-29 13:47:36 - [WARNING] Suspicious activity detected: port_scan
2025-04-29 13:50:00 - [INFO] user login
2025-04-29 13:51:53 - [WARNING] Suspicious activity detected: brute_force
2025-04-29 14:02:46 - [INFO] config updated
2025-04-29 14:14:02 - [INFO] system check passed
2025-04-29 14:16:20 - [INFO] system check passed
2025-04-29 14:16:44 - [WARNING] Suspicious activity detected: port_scan
2025-04-29 14:27:17 - [WARNING] Suspicious activity detected: sql_injection
2025-04-29 14:28:40 - [WARNING] Suspicious activity detected: malware
2025-04-29 14:39:37 - [INFO] email sent
2025-04-29 14:41:42 - [INFO] backup completed
2025-04-29 14:57:25 - [WARNING] Suspicious activity detected: malware
2025-04-29 15:00:14 - [WARNING] Suspicious activity detected: ddos
2025-04-29 15:13:30 - [INFO] user login
2025-04-29 15:18:54 - [INFO] email sent
2025-04-29 15:19:39 - [INFO] file uploaded
2025-04-29 15:27:59 - [INFO] config updated
2025-04-29 15:34:27 - [WARNING] Suspicious activity detected: intrusion
2025-04-29 15:38:49 - [WARNING] Suspicious activity detected: malware
2025-04-29 15:57:10 - [WARNING] Suspicious activity detected: intrusion
2025-04-29 16:25:07 - [WARNING] Suspicious activity detected: intrusion
2025-04-29 16:28:02 - [INFO] file uploaded
2025-04-29 16:29:04 - [INFO] backup completed
2025-04-29 16:45:45 - [INFO] email sent
2025-04-29 16:46:35 - [INFO] config updated
2025-04-29 16:47:00 - [INFO] file downloaded
2025-04-29 16:48:53 - [INFO] email sent
2025-04-29 16:54:19 - [WARNING] Suspicious activity detected: unauthorized_access
2025-04-29 16:56:40 - [INFO] system check passed
2025-04-29 16:58:20 - [WARNING] Suspicious activity detected: port_scan
2025-04-29 17:02:22 - [INFO] backup completed
2025-04-29 17:03:22 - [INFO] config updated
2025-04-29 17:15:13 - [WARNING] Suspicious activity detected: brute_force
2025-04-29 17:22:33 - [INFO] email sent
2025-04-29 17:40:15 - [INFO] email sent
2025-04-29 17:44:41 - [WARNING] Suspicious activity detected: brute_force
2025-04-29 17:49:21 - [WARNING] Suspicious activity detected: port_scan
2025-04-29 17:53:22 - [INFO] email sent
2025-04-29 17:55:23 - [INFO] backup completed
2025-04-29 17:57:47 - [INFO] backup completed
2025-04-29 18:10:23 - [INFO] system check passed
2025-04-29 18:24:02 - [INFO] system check passed
2025-04-29 18:24:38 - [WARNING] Suspicious activity detected: ddos
2025-04-29 18:27:29 - [INFO] file downloaded
2025-04-29 18:41:26 - [WARNING] Suspicious activity detected: sql_injection
2025-04-29 18:41:46 - [INFO] file downloaded
2025-04-29 18:44:03 - [INFO] email sent
2025-04-29 18:47:38 - [INFO] file downloaded
2025-04-29 18:48:40 - [INFO] file downloaded
2025-04-29 18:49:14 - [INFO] file downloaded
2025-04-29 18:52:26 - [WARNING] Suspicious activity detected: intrusion
2025-04-29 18:59:26 - [INFO] user login
2025-04-29 19:01:21 - [INFO] backup completed
2025-04-29 19:11:12 - [INFO] config updated
2025-04-29 19:26:48 - [INFO] file downloaded
2025-04-29 19:34:12 - [WARNING] Suspicious activity detected: unauthorized_access
2025-04-29 19:56:11 - [WARNING] Suspicious activity detected: malware
2025-04-29 20:00:58 - [INFO] config updated
2025-04-29 20:04:42 - [INFO] email sent
2025-04-29 20:05:59 - [INFO] config updated
2025-04-29 20:07:26 - [WARNING] Suspicious activity detected: malware
2025-04-29 20:16:11 - [INFO] user login
2025-04-29 20:30:32 - [WARNING] Suspicious activity detected: port_scan
2025-04-29 20:32:34 - [INFO] email sent
2025-04-29 20:43:06 - [INFO] file uploaded
2025-04-29 20:43:25 - [WARNING] Suspicious activity detected: port_scan
2025-04-29 20:51:48 - [INFO] backup completed
2025-04-29 20:53:27 - [INFO] file uploaded
2025-04-29 20:57:03 - [INFO] backup completed
2025-04-29 21:05:01 - [INFO] backup completed
2025-04-29 21:10:56 - [WARNING] Suspicious activity detected: malware
2025-04-29 21:12:26 - [WARNING] Suspicious activity detected: ip_blocked
2025-04-29 21:16:24 - [INFO] email sent
2025-04-29 21:25:07 - [WARNING] Suspicious activity detected: unauthorized_access
2025-04-29 21:28:40 - [INFO] system check passed
2025-04-29 21:31:48 - [WARNING] Suspicious activity detected: sql_injection
2025-04-29 21:45:46 - [INFO] system check passed
2025-04-29 21:51:44 - [INFO] file downloaded
2025-04-29 21:52:12 - [WARNING] Suspicious activity detected: ddos
2025-04-29 22:11:19 - [WARNING] Suspicious activity detected: ip_blocked
2025-04-29 22:14:36 - [INFO] file uploaded
2025-04-29 22:15:17 - [INFO] file uploaded
2025-04-29 22:16:11 - [INFO] email sent
2025-04-29 22:20:56 - [INFO] backup completed
2025-04-29 22:28:26 - [WARNING] Suspicious activity detected: port_scan
2025-04-29 22:29:23 - [INFO] backup completed
2025-04-29 22:43:05 - [INFO] backup completed
2025-04-29 23:03:07 - [WARNING] Suspicious activity detected: brute_force
2025-04-29 23:07:22 - [WARNING] Suspicious activity detected: unauthorized_access
2025-04-29 23:28:58 - [INFO] backup completed
2025-04-29 23:32:37 - [INFO] system check passed
2025-04-29 23:39:21 - [INFO] config updated
2025-04-29 23:40:25 - [INFO] email sent
2025-04-29 23:43:53 - [WARNING] Suspicious activity detected: unauthorized_access
2025-04-29 23:47:17 - [INFO] file uploaded
2025-04-29 23:54:03 - [INFO] file uploaded
2025-04-29 23:58:28 - [WARNING] Suspicious activity detected: ddos