2025-05-09 00:01:13 - [WARNING] Suspicious activity detected: brute_force
2025-05-09 00:03:40 - [WARNING] Suspicious activity detected: ip_blocked
2025-05-09 00:12:51 - [WARNING] Suspicious activity detected: intrusion
2025-05-09 00:16:07 - [INFO] user login
2025-05-09 00:19:55 - [WARNING] Suspicious activity detected: port_scan
2025-05-09 00:25:50 - [INFO] config updated
2025-05-09 00:45:45 - [WARNING] Suspicious activity detected: malware
2025-05-09 00:48:53 - [WARNING] Suspicious activity detected: malware
2025-05-09 00:56:01 - [WARNING] Suspicious activity detected: malware
2025-05-09 01:43:11 - [WARNING] Suspicious activity detected: unauthorized_access
2025-05-09 02:04:25 - [WARNING] Suspicious activity detected: sql_injection
2025-05-09 02:19:52 - [INFO] user login
2025-05-09 02:34:22 - [INFO] file downloaded
2025-05-09 02:38:14 - [INFO] config updated
2025-05-09 02:47:38 - [INFO] config updated
2025-05-09 02:49:37 - [INFO] user login
2025-05-09 03:01:29 - [INFO] user login
2025-05-09 03:05:22 - [INFO] config updated
2025-05-09 03:16:58 - [INFO] user login
2025-05-09 03:33:27 - [INFO] file uploaded
2025-05-09 03:56:01 - [WARNING] Suspicious activity detected: unauthorized_access
2025-05-09 03:58:02 - [WARNING] Suspicious activity detected: sql_injection
2025-05-09 04:00:58 - [INFO] email sent
2025-05-09 04:03:27 - [WARNING] Suspicious activity detected: port_scan
2025-05-09 04:07:28 - [WARNING] Suspicious activity detected: ip_blocked
2025-05-09 04:08:12 - [INFO] user login
2025-05-09 04:33:23 - [INFO] file uploaded
2025-05-09 04:40:29 - [INFO] system check passed
2025-05-09 04:40:52 - [WARNING] Suspicious activity detected: sql_injection
2025-05-09 05:00:53 - [INFO] file downloaded
2025-05-09 05:01:53 - [INFO] user login
2025-05-09 05:04:58 - [WARNING] Suspicious activity detected: ddos
2025-05-09 05:07:49 - [WARNING] Suspicious activity detected: sql_injection
2025-05-09 05:08:16 - [INFO] file uploaded
2025-05-09 05:27:19 - [INFO] email sent
2025-05-09 05:35:24 - [WARNING] Suspicious activity detected: malware
2025-05-09 05:39:55 - [INFO] file uploaded
2025-05-09 05:54:10 - [WARNING] Suspicious activity detected: brute_force
2025-05-09 05:57:48 - [WARNING] Suspicious activity detected: sql_injection
2025-05-09 06:19:14 - [INFO] backup completed
2025-05-09 06:35:15 - [INFO] system check passed
2025-05-09 06:44:53 - [INFO] system check passed
2025-05-09 06:50:36 - [WARNING] Suspicious activity detected: brute_force
2025-05-09 06:59:25 - [WARNING] Suspicious activity detected: malware
2025-05-09 07:08:10 - [WARNING] Suspicious activity detected: port_scan
2025-05-09 07:20:47 - [INFO] user login
2025-05-09 07:27:45 - [INFO] file downloaded
2025-05-09 07:35:25 - [WARNING] Suspicious activity detected: ddos
2025-05-09 07:35:38 - [WARNING] Suspicious activity detected: ddos
2025-05-09 07:43:47 - [WARNING] Suspicious activity detected: intrusion
2025-05-09 07:54:35 - [WARNING] Suspicious activity detected: malware
2025-05-09 07:56:30 - [INFO] file uploaded
2025-05-09 07:56:58 - [INFO] file downloaded
2025-05-09 07:57:35 - [INFO] user login
2025-05-09 08:00:23 - [INFO] backup completed
2025-05-09 08:09:24 - [INFO] backup completed
2025-05-09 08:15:08 - [WARNING] Suspicious activity detected: intrusion
2025-05-09 08:19:35 - [INFO] file uploaded
2025-05-09 08:39:22 - [INFO] backup completed
2025-05-09 08:43:35 - [INFO] user login
2025-05-09 08:56:26 - [INFO] config updated
2025-05-09 09:38:56 - [INFO] user login
2025-05-09 09:44:17 - [INFO] email sent
2025-05-09 09:50:09 - [INFO] user login
2025-05-09 09:55:18 - [WARNING] Suspicious activity detected: brute_force
2025-05-09 09:57:12 - [WARNING] Suspicious activity detected: intrusion
2025-05-09 10:11:45 - [INFO] config updated
2025-05-09 10:12:57 - [WARNING] Suspicious activity detected: sql_injection
2025-05-09 10:15:50 - [WARNING] Suspicious activity detected: ddos
2025-05-09 10:40:12 - [WARNING] Suspicious activity detected: intrusion
2025-05-09 10:50:46 - [INFO] user login
2025-05-09 10:51:28 - [WARNING] Suspicious activity detected: ip_blocked
2025-05-09 11:01:27 - [WARNING] Suspicious activity detected: ip_blocked
2025-05-09 11:14:38 - [INFO] file downloaded
2025-05-09 11:19:21 - [INFO] config updated
2025-05-09 11:20:54 - [INFO] user login
2025-05-09 11:27:21 - [INFO] backup completed
2025-05-09 11:29:12 - [WARNING] Suspicious activity detected: unauthorized_access
2025-05-09 11:33:05 - [INFO] config updated
2025-05-09 11:39:31 - [INFO] email sent
2025-05-09 11:48:25 - [WARNING] Suspicious activity detected: ddos
2025-05-09 12:09:12 - [INFO] user login
2025-05-09 12:09:59 - [INFO] backup completed
2025-05-09 12:12:54 - [INFO] config updated
2025-05-09 12:13:37 - [INFO] file downloaded
2025-05-09 12:22:31 - [INFO] system check passed
2025-05-09 12:31:31 - [INFO] file uploaded
2025-05-09 12:38:05 - [WARNING] Suspicious activity detected: intrusion
2025-05-09 12:42:10 - [INFO] config updated
2025-05-09 13:10:03 - [WARNING] Suspicious activity detected: intrusion
2025-05-09 13:19:46 - [WARNING] Suspicious activity detected: brute_force
2025-05-09 13:25:48 - [INFO] email sent
2025-05-09 13:30:54 - [INFO] config updated
2025-05-09 13:34:20 - [INFO] file uploaded
2025-05-09 13:43:15 - [INFO] email sent
2025-05-09 13:54:32 - [WARNING] Suspicious activity detected: sql_injection
2025-05-09 14:04:27 - [INFO] system check passed
2025-05-09 14:10:24 - [INFO] email sent
2025-05-09 14:25:21 - [WARNING] Suspicious activity detected: ip_blocked
2025-05-09 14:31:50 - [INFO] file uploaded
2025-05-09 14:32:01 - [INFO] email sent
2025-05-09 14:33:54 - [INFO] file downloaded
2025-05-09 14:42:35 - [INFO] user login
2025-05-09 14:53:47 - [INFO] email sent
2025-05-09 15:12:19 - [INFO] file downloaded
2025-05-09 15:19:20 - [WARNING] Suspicious activity detected: ip_blocked
2025-05-09 15:19:58 - [WARNING] Suspicious activity detected: ddos
2025-05-09 15:30:41 - [WARNING] Suspicious activity detected: brute_force
2025-05-09 15:39:11 - [INFO] file uploaded
2025-05-09 15:40:53 - [WARNING] Suspicious activity detected: malware
2025-05-09 15:43:41 - [WARNING] Suspicious activity detected: intrusion
2025-05-09 15:48:16 - [INFO] file downloaded
2025-05-09 15:52:17 - [INFO] email sent
2025-05-09 15:58:38 - [INFO] file uploaded
2025-05-09 16:06:21 - [WARNING] Suspicious activity detected: malware
2025-05-09 16:31:55 - [INFO] user login
2025-05-09 16:32:34 - [WARNING] Suspicious activity detected: intrusion
2025-05-09 16:38:31 - [INFO] file uploaded
2025-05-09 16:39:24 - [INFO] user login
2025-05-09 16:41:07 - [WARNING] Suspicious activity detected: intrusion
2025-05-09 17:00:07 - [WARNING] Suspicious activity detected: sql_injection
2025-05-09 17:08:37 - [WARNING] Suspicious activity detected: unauthorized_access
2025-05-09 17:24:31 - [INFO] file downloaded
2025-05-09 17:34:35 - [WARNING] Suspicious activity detected: ip_blocked
2025-05-09 17:50:01 - [WARNING] Suspicious activity detected: malware
2025-05-09 17:57:27 - [INFO] user login
2025-05-09 18:05:33 - [WARNING] Suspicious activity detected: brute_force
2025-05-09 18:08:44 - [WARNING] Suspicious activity detected: brute_force
2025-05-09 18:41:14 - [INFO] user login
2025-05-09 18:49:10 - [INFO] email sent
2025-05-09 18:53:55 - [INFO] file uploaded
2025-05-09 18:56:34 - [WARNING] Suspicious activity detected: port_scan
2025-05-09 18:58:42 - [WARNING] Suspicious activity detected: intrusion
2025-05-09 19:01:04 - [INFO] user login
2025-05-09 19:10:22 - [INFO] backup completed
2025-05-09 19:15:07 - [INFO] system check passed
2025-05-09 20:12:25 - [INFO] file uploaded
2025-05-09 20:16:37 - [WARNING] Suspicious activity detected: brute_force
2025-05-09 20:22:08 - [WARNING] Suspicious activity detected: ddos
2025-05-09 20:34:27 - [WARNING] Suspicious activity detected: port_scan
2025-05-09 20:48:27 - [INFO] email sent
2025-05-09 20:50:16 - [INFO] user login
2025-05-09 20:51:44 - [WARNING] Suspicious activity detected: port_scan
2025-05-09 21:00:42 - [WARNING] Suspicious activity detected: ddos
2025-05-09 21:15:29 - [INFO] backup completed
2025-05-09 21:34:31 - [INFO] file downloaded
2025-05-09 21:38:47 - [WARNING] Suspicious activity detected: unauthorized_access
2025-05-09 21:40:30 - [WARNING] Suspicious activity detected: intrusion
2025-05-09 21:46:04 - [WARNING] Suspicious activity detected: ddos
2025-05-09 22:03:44 - [INFO] backup completed
2025-05-09 22:08:45 - [WARNING] Suspicious activity detected: intrusion
2025-05-09 22:10:50 - [WARNING] Suspicious activity detected: ip_blocked
2025-05-09 22:17:27 - [INFO] email sent
2025-05-09 22:21:48 - [INFO] email sent
2025-05-09 22:23:51 - [INFO] system check passed
2025-05-09 22:42:58 - [WARNING] Suspicious activity detected: unauthorized_access
2025-05-09 22:44:36 - [INFO] email sent
2025-05-09 22:44:47 - [INFO] email sent
2025-05-09 22:55:54 - [WARNING] Suspicious activity detected: intrusion
2025-05-09 22:57:31 - [INFO] user login
2025-05-09 22:59:16 - [WARNING] Suspicious activity detected: port_scan
2025-05-09 23:03:42 - [WARNING] Suspicious activity detected: malware
2025-05-09 23:10:14 - [INFO] email sent
2025-05-09 23:12:14 - [WARNING] Suspicious activity detected: unauthorized_access
2025-05-09 23:13:35 - [WARNING] Suspicious activity detected: brute_force
2025-05-09 23:17:45 - [WARNING] Suspicious activity detected: ddos
2025-05-09 23:18:37 - [INFO] user login
2025-05-09 23:18:53 - [WARNING] Suspicious activity detected: sql_injection
2025-05-09 23:34:01 - [INFO] backup completed