2025-07-09 00:03:43 - [INFO] file uploaded
2025-07-09 00:09:11 - [WARNING] Suspicious activity detected: ip_blocked
2025-07-09 00:28:49 - [INFO] config updated
2025-07-09 00:31:57 - [INFO] email sent
2025-07-09 00:37:00 - [INFO] backup completed
2025-07-09 00:37:09 - [INFO] file downloaded
2025-07-09 00:51:10 - [WARNING] Suspicious activity detected: unauthorized_access
2025-07-09 00:51:39 - [INFO] email sent
2025-07-09 00:53:30 - [INFO] system check passed
2025-07-09 00:56:17 - [INFO] system check passed
2025-07-09 01:02:32 - [WARNING] Suspicious activity detected: intrusion
2025-07-09 01:04:18 - [WARNING] Suspicious activity detected: sql_injection
2025-07-09 01:07:24 - [INFO] file uploaded
2025-07-09 01:23:27 - [INFO] file downloaded
2025-07-09 01:24:33 - [WARNING] Suspicious activity detected: malware
2025-07-09 01:35:26 - [WARNING] Suspicious activity detected: ddos
2025-07-09 01:37:00 - [INFO] user login
2025-07-09 02:09:18 - [WARNING] Suspicious activity detected: ddos
2025-07-09 02:21:05 - [INFO] system check passed
2025-07-09 02:21:52 - [WARNING] Suspicious activity detected: ip_blocked
2025-07-09 02:26:24 - [WARNING] Suspicious activity detected: ddos
2025-07-09 02:31:48 - [WARNING] Suspicious activity detected: brute_force
2025-07-09 02:34:10 - [INFO] file uploaded
2025-07-09 02:39:31 - [INFO] backup completed
2025-07-09 02:40:53 - [INFO] email sent
2025-07-09 02:48:14 - [INFO] backup completed
2025-07-09 02:53:01 - [INFO] config updated
2025-07-09 02:57:29 - [INFO] backup completed
2025-07-09 02:59:14 - [WARNING] Suspicious activity detected: sql_injection
2025-07-09 03:03:23 - [WARNING] Suspicious activity detected: brute_force
2025-07-09 03:04:10 - [INFO] system check passed
2025-07-09 03:10:41 - [WARNING] Suspicious activity detected: brute_force
2025-07-09 03:24:41 - [WARNING] Suspicious activity detected: malware
2025-07-09 03:25:01 - [INFO] system check passed
2025-07-09 03:26:18 - [WARNING] Suspicious activity detected: sql_injection
2025-07-09 03:44:54 - [INFO] file downloaded
2025-07-09 03:53:31 - [INFO] user login
2025-07-09 03:58:44 - [INFO] file downloaded
2025-07-09 03:59:28 - [INFO] config updated
2025-07-09 04:04:19 - [WARNING] Suspicious activity detected: unauthorized_access
2025-07-09 04:06:35 - [INFO] user login
2025-07-09 04:08:44 - [INFO] config updated
2025-07-09 04:24:41 - [INFO] config updated
2025-07-09 04:38:10 - [WARNING] Suspicious activity detected: ddos
2025-07-09 04:42:08 - [WARNING] Suspicious activity detected: sql_injection
2025-07-09 04:42:54 - [INFO] backup completed
2025-07-09 04:54:19 - [INFO] config updated
2025-07-09 04:56:05 - [INFO] email sent
2025-07-09 05:06:13 - [INFO] config updated
2025-07-09 05:19:59 - [INFO] user login
2025-07-09 05:22:19 - [INFO] file downloaded
2025-07-09 05:22:36 - [WARNING] Suspicious activity detected: ddos
2025-07-09 05:24:57 - [WARNING] Suspicious activity detected: malware
2025-07-09 05:31:13 - [INFO] system check passed
2025-07-09 05:31:42 - [WARNING] Suspicious activity detected: intrusion
2025-07-09 05:45:05 - [INFO] config updated
2025-07-09 05:50:55 - [INFO] email sent
2025-07-09 05:52:05 - [WARNING] Suspicious activity detected: ddos
2025-07-09 05:54:35 - [INFO] config updated
2025-07-09 05:59:50 - [INFO] user login
2025-07-09 06:04:01 - [WARNING] Suspicious activity detected: unauthorized_access
2025-07-09 06:05:26 - [INFO] backup completed
2025-07-09 06:10:22 - [INFO] email sent
2025-07-09 06:30:11 - [WARNING] Suspicious activity detected: malware
2025-07-09 06:31:49 - [INFO] file downloaded
2025-07-09 06:32:54 - [INFO] user login
2025-07-09 06:34:45 - [WARNING] Suspicious activity detected: brute_force
2025-07-09 06:44:23 - [INFO] config updated
2025-07-09 06:49:01 - [WARNING] Suspicious activity detected: port_scan
2025-07-09 07:04:39 - [INFO] config updated
2025-07-09 07:04:49 - [INFO] config updated
2025-07-09 07:05:42 - [INFO] user login
2025-07-09 07:07:54 - [INFO] user login
2025-07-09 07:28:06 - [INFO] file uploaded
2025-07-09 07:34:03 - [WARNING] Suspicious activity detected: ip_blocked
2025-07-09 07:39:15 - [WARNING] Suspicious activity detected: malware
2025-07-09 07:41:05 - [INFO] system check passed
2025-07-09 07:43:19 - [INFO] file uploaded
2025-07-09 07:47:07 - [INFO] file uploaded
2025-07-09 07:53:19 - [INFO] backup completed
2025-07-09 07:55:17 - [INFO] system check passed
2025-07-09 07:55:26 - [INFO] file downloaded
2025-07-09 08:01:03 - [INFO] email sent
2025-07-09 08:01:34 - [INFO] email sent
2025-07-09 08:03:57 - [INFO] file uploaded
2025-07-09 08:05:15 - [INFO] system check passed
2025-07-09 08:14:51 - [INFO] backup completed
2025-07-09 08:22:31 - [INFO] backup completed
2025-07-09 08:29:17 - [INFO] email sent
2025-07-09 08:30:52 - [INFO] backup completed
2025-07-09 08:34:10 - [WARNING] Suspicious activity detected: intrusion
2025-07-09 08:35:12 - [INFO] system check passed
2025-07-09 08:42:09 - [WARNING] Suspicious activity detected: ip_blocked
2025-07-09 08:43:22 - [INFO] user login
2025-07-09 08:44:38 - [INFO] user login
2025-07-09 08:46:24 - [WARNING] Suspicious activity detected: sql_injection
2025-07-09 08:49:38 - [WARNING] Suspicious activity detected: ddos
2025-07-09 08:52:37 - [INFO] system check passed
2025-07-09 08:57:39 - [INFO] backup completed
2025-07-09 09:12:34 - [WARNING] Suspicious activity detected: sql_injection
2025-07-09 09:13:22 - [WARNING] Suspicious activity detected: port_scan
2025-07-09 09:15:55 - [INFO] backup completed
2025-07-09 09:17:13 - [INFO] file downloaded
2025-07-09 09:23:42 - [INFO] file uploaded
2025-07-09 09:30:32 - [INFO] config updated
2025-07-09 09:49:36 - [INFO] system check passed
2025-07-09 09:50:36 - [INFO] user login
2025-07-09 10:01:53 - [INFO] config updated
2025-07-09 10:11:58 - [WARNING] Suspicious activity detected: intrusion
2025-07-09 10:16:12 - [WARNING] Suspicious activity detected: malware
2025-07-09 10:17:52 - [INFO] file uploaded
2025-07-09 10:27:06 - [INFO] file downloaded
2025-07-09 10:31:13 - [WARNING] Suspicious activity detected: unauthorized_access
2025-07-09 10:34:42 - [INFO] backup completed
2025-07-09 10:34:49 - [INFO] backup completed
2025-07-09 10:38:05 - [INFO] file uploaded
2025-07-09 10:39:05 - [INFO] backup completed
2025-07-09 10:45:15 - [WARNING] Suspicious activity detected: ddos
2025-07-09 10:50:44 - [INFO] system check passed
2025-07-09 11:15:15 - [INFO] backup completed
2025-07-09 11:43:22 - [INFO] backup completed
2025-07-09 11:44:08 - [INFO] email sent
2025-07-09 11:51:42 - [INFO] file downloaded
2025-07-09 11:58:00 - [INFO] backup completed
2025-07-09 12:09:33 - [INFO] system check passed
2025-07-09 12:10:10 - [WARNING] Suspicious activity detected: brute_force
2025-07-09 12:12:45 - [WARNING] Suspicious activity detected: brute_force
2025-07-09 12:14:49 - [WARNING] Suspicious activity detected: ip_blocked
2025-07-09 12:26:56 - [WARNING] Suspicious activity detected: unauthorized_access
2025-07-09 12:44:55 - [WARNING] Suspicious activity detected: port_scan
2025-07-09 12:46:48 - [WARNING] Suspicious activity detected: ddos
2025-07-09 12:48:30 - [INFO] backup completed
2025-07-09 13:03:10 - [INFO] email sent
2025-07-09 13:03:16 - [INFO] user login
2025-07-09 13:14:42 - [WARNING] Suspicious activity detected: malware
2025-07-09 13:17:11 - [WARNING] Suspicious activity detected: unauthorized_access
2025-07-09 13:20:43 - [INFO] file uploaded
2025-07-09 13:22:02 - [WARNING] Suspicious activity detected: brute_force
2025-07-09 13:22:06 - [WARNING] Suspicious activity detected: ip_blocked
2025-07-09 13:22:36 - [INFO] system check passed
2025-07-09 13:27:23 - [INFO] config updated
2025-07-09 13:27:44 - [INFO] system check passed
2025-07-09 13:34:43 - [INFO] backup completed
2025-07-09 13:35:18 - [INFO] file uploaded
2025-07-09 13:39:05 - [INFO] file downloaded
2025-07-09 13:44:53 - [WARNING] Suspicious activity detected: brute_force
2025-07-09 13:48:57 - [INFO] backup completed
2025-07-09 14:19:11 - [WARNING] Suspicious activity detected: brute_force
2025-07-09 14:23:11 - [INFO] config updated
2025-07-09 14:34:23 - [WARNING] Suspicious activity detected: unauthorized_access
2025-07-09 14:42:34 - [INFO] backup completed
2025-07-09 14:54:32 - [INFO] file downloaded
2025-07-09 15:00:24 - [INFO] email sent
2025-07-09 15:07:26 - [WARNING] Suspicious activity detected: ip_blocked
2025-07-09 15:09:50 - [WARNING] Suspicious activity detected: ip_blocked
2025-07-09 15:23:11 - [WARNING] Suspicious activity detected: ip_blocked
2025-07-09 15:25:40 - [INFO] config updated
2025-07-09 15:30:58 - [INFO] file uploaded
2025-07-09 15:32:25 - [WARNING] Suspicious activity detected: sql_injection
2025-07-09 15:35:39 - [INFO] backup completed
2025-07-09 15:38:16 - [INFO] file uploaded
2025-07-09 15:44:00 - [WARNING] Suspicious activity detected: port_scan
2025-07-09 15:49:03 - [INFO] file uploaded
2025-07-09 15:50:51 - [INFO] email sent
2025-07-09 15:53:56 - [WARNING] Suspicious activity detected: unauthorized_access
2025-07-09 15:56:45 - [INFO] system check passed
2025-07-09 15:58:47 - [INFO] backup completed
2025-07-09 16:03:42 - [INFO] backup completed
2025-07-09 16:05:55 - [INFO] config updated
2025-07-09 16:14:04 - [WARNING] Suspicious activity detected: intrusion
2025-07-09 16:37:56 - [INFO] email sent
2025-07-09 16:56:50 - [INFO] file uploaded
2025-07-09 17:15:11 - [INFO] config updated
2025-07-09 17:15:32 - [INFO] file downloaded
2025-07-09 17:22:38 - [INFO] file downloaded
2025-07-09 17:26:04 - [INFO] backup completed
2025-07-09 17:33:05 - [INFO] system check passed
2025-07-09 17:38:10 - [WARNING] Suspicious activity detected: unauthorized_access
2025-07-09 17:38:33 - [INFO] file downloaded
2025-07-09 17:39:17 - [INFO] email sent
2025-07-09 17:42:39 - [INFO] config updated
2025-07-09 17:42:52 - [WARNING] Suspicious activity detected: malware
2025-07-09 17:48:18 - [INFO] email sent
2025-07-09 17:50:24 - [INFO] config updated
2025-07-09 17:51:19 - [WARNING] Suspicious activity detected: malware
2025-07-09 17:55:07 - [INFO] config updated
2025-07-09 17:57:40 - [INFO] backup completed
2025-07-09 17:57:48 - [INFO] file uploaded
2025-07-09 17:58:47 - [INFO] config updated
2025-07-09 17:59:08 - [INFO] config updated
2025-07-09 18:03:10 - [INFO] file uploaded
2025-07-09 18:03:41 - [WARNING] Suspicious activity detected: intrusion
2025-07-09 18:15:04 - [WARNING] Suspicious activity detected: intrusion
2025-07-09 18:36:13 - [INFO] backup completed
2025-07-09 18:38:53 - [WARNING] Suspicious activity detected: unauthorized_access
2025-07-09 18:43:02 - [INFO] file downloaded
2025-07-09 18:51:53 - [INFO] config updated
2025-07-09 19:01:25 - [INFO] backup completed
2025-07-09 19:12:40 - [WARNING] Suspicious activity detected: sql_injection
2025-07-09 19:20:59 - [INFO] backup completed
2025-07-09 19:21:59 - [WARNING] Suspicious activity detected: unauthorized_access
2025-07-09 19:23:36 - [INFO] file downloaded
2025-07-09 19:38:05 - [INFO] system check passed
2025-07-09 19:40:54 - [INFO] email sent
2025-07-09 19:46:25 - [INFO] file downloaded
2025-07-09 19:46:52 - [WARNING] Suspicious activity detected: intrusion
2025-07-09 19:49:35 - [INFO] system check passed
2025-07-09 20:00:28 - [WARNING] Suspicious activity detected: ip_blocked
2025-07-09 20:18:16 - [INFO] file downloaded
2025-07-09 20:18:47 - [WARNING] Suspicious activity detected: ip_blocked
2025-07-09 20:21:24 - [INFO] config updated
2025-07-09 20:22:26 - [INFO] file downloaded
2025-07-09 20:30:31 - [INFO] system check passed
2025-07-09 20:30:52 - [WARNING] Suspicious activity detected: port_scan
2025-07-09 20:42:28 - [INFO] file uploaded
2025-07-09 20:49:34 - [INFO] file uploaded
2025-07-09 20:57:12 - [WARNING] Suspicious activity detected: intrusion
2025-07-09 20:57:23 - [WARNING] Suspicious activity detected: malware
2025-07-09 21:01:02 - [INFO] email sent
2025-07-09 21:02:02 - [WARNING] Suspicious activity detected: ddos
2025-07-09 21:04:37 - [INFO] file uploaded
2025-07-09 21:07:28 - [INFO] file uploaded
2025-07-09 21:13:28 - [INFO] config updated
2025-07-09 21:14:50 - [WARNING] Suspicious activity detected: malware
2025-07-09 21:32:20 - [INFO] system check passed
2025-07-09 21:34:22 - [WARNING] Suspicious activity detected: ip_blocked
2025-07-09 21:40:05 - [INFO] backup completed
2025-07-09 21:42:32 - [WARNING] Suspicious activity detected: brute_force
2025-07-09 21:46:48 - [WARNING] Suspicious activity detected: ddos
2025-07-09 21:47:06 - [WARNING] Suspicious activity detected: port_scan
2025-07-09 21:47:09 - [WARNING] Suspicious activity detected: brute_force
2025-07-09 21:53:39 - [WARNING] Suspicious activity detected: port_scan
2025-07-09 22:01:35 - [INFO] user login
2025-07-09 22:09:24 - [INFO] config updated
2025-07-09 22:12:09 - [INFO] user login
2025-07-09 22:12:35 - [WARNING] Suspicious activity detected: port_scan
2025-07-09 22:15:10 - [INFO] file uploaded
2025-07-09 22:31:17 - [INFO] backup completed
2025-07-09 22:33:13 - [INFO] user login
2025-07-09 22:39:46 - [INFO] user login
2025-07-09 22:39:47 - [INFO] user login
2025-07-09 22:40:02 - [INFO] system check passed
2025-07-09 22:40:10 - [INFO] email sent
2025-07-09 22:44:40 - [WARNING] Suspicious activity detected: brute_force
2025-07-09 22:56:53 - [INFO] file downloaded
2025-07-09 23:02:32 - [INFO] config updated
2025-07-09 23:03:46 - [INFO] file downloaded
2025-07-09 23:10:44 - [INFO] backup completed
2025-07-09 23:13:17 - [INFO] config updated
2025-07-09 23:15:35 - [INFO] backup completed
2025-07-09 23:18:44 - [INFO] file downloaded
2025-07-09 23:22:47 - [INFO] email sent
2025-07-09 23:33:41 - [INFO] file downloaded
2025-07-09 23:47:27 - [INFO] email sent
2025-07-09 23:53:18 - [INFO] config updated