2025-05-23 00:02:24 - [WARNING] Suspicious activity detected: sql_injection
2025-05-23 00:09:51 - [WARNING] Suspicious activity detected: ddos
2025-05-23 00:10:11 - [WARNING] Suspicious activity detected: brute_force
2025-05-23 00:12:54 - [INFO] system check passed
2025-05-23 00:16:22 - [WARNING] Suspicious activity detected: sql_injection
2025-05-23 00:21:46 - [INFO] file downloaded
2025-05-23 00:49:43 - [INFO] file uploaded
2025-05-23 00:52:07 - [INFO] system check passed
2025-05-23 00:55:15 - [INFO] config updated
2025-05-23 00:55:48 - [INFO] backup completed
2025-05-23 01:00:42 - [INFO] user login
2025-05-23 01:01:25 - [WARNING] Suspicious activity detected: malware
2025-05-23 01:03:36 - [INFO] file uploaded
2025-05-23 01:04:47 - [WARNING] Suspicious activity detected: sql_injection
2025-05-23 01:10:48 - [WARNING] Suspicious activity detected: ip_blocked
2025-05-23 01:51:05 - [INFO] backup completed
2025-05-23 01:55:40 - [INFO] backup completed
2025-05-23 02:03:20 - [INFO] email sent
2025-05-23 02:07:03 - [INFO] system check passed
2025-05-23 02:13:22 - [INFO] backup completed
2025-05-23 02:14:36 - [WARNING] Suspicious activity detected: sql_injection
2025-05-23 02:26:01 - [WARNING] Suspicious activity detected: sql_injection
2025-05-23 02:29:42 - [INFO] config updated
2025-05-23 02:42:17 - [INFO] email sent
2025-05-23 02:54:55 - [WARNING] Suspicious activity detected: port_scan
2025-05-23 03:02:04 - [INFO] email sent
2025-05-23 03:05:58 - [INFO] backup completed
2025-05-23 03:07:27 - [INFO] user login
2025-05-23 03:19:23 - [INFO] email sent
2025-05-23 03:22:18 - [INFO] email sent
2025-05-23 03:27:08 - [INFO] config updated
2025-05-23 03:29:32 - [INFO] system check passed
2025-05-23 03:35:48 - [INFO] backup completed
2025-05-23 03:48:15 - [INFO] backup completed
2025-05-23 03:50:20 - [INFO] file uploaded
2025-05-23 03:53:02 - [INFO] system check passed
2025-05-23 04:02:59 - [WARNING] Suspicious activity detected: intrusion
2025-05-23 04:04:19 - [INFO] config updated
2025-05-23 04:16:14 - [INFO] config updated
2025-05-23 04:17:06 - [WARNING] Suspicious activity detected: intrusion
2025-05-23 04:18:59 - [INFO] email sent
2025-05-23 04:20:48 - [INFO] backup completed
2025-05-23 04:38:22 - [INFO] config updated
2025-05-23 04:45:33 - [INFO] file uploaded
2025-05-23 04:58:33 - [WARNING] Suspicious activity detected: ddos
2025-05-23 05:07:09 - [WARNING] Suspicious activity detected: malware
2025-05-23 05:14:02 - [WARNING] Suspicious activity detected: port_scan
2025-05-23 05:22:10 - [INFO] file downloaded
2025-05-23 05:22:19 - [INFO] config updated
2025-05-23 05:27:23 - [INFO] file downloaded
2025-05-23 05:27:41 - [INFO] file downloaded
2025-05-23 05:30:12 - [INFO] config updated
2025-05-23 05:34:44 - [WARNING] Suspicious activity detected: ip_blocked
2025-05-23 05:38:16 - [INFO] system check passed
2025-05-23 05:52:08 - [INFO] user login
2025-05-23 05:55:47 - [WARNING] Suspicious activity detected: ip_blocked
2025-05-23 05:59:26 - [WARNING] Suspicious activity detected: ddos
2025-05-23 06:00:25 - [INFO] config updated
2025-05-23 06:04:46 - [INFO] file uploaded
2025-05-23 06:09:41 - [WARNING] Suspicious activity detected: brute_force
2025-05-23 06:14:49 - [INFO] file downloaded
2025-05-23 06:33:41 - [WARNING] Suspicious activity detected: brute_force
2025-05-23 06:36:33 - [WARNING] Suspicious activity detected: ddos
2025-05-23 06:37:00 - [INFO] backup completed
2025-05-23 06:44:48 - [INFO] system check passed
2025-05-23 06:59:22 - [INFO] user login
2025-05-23 07:09:36 - [WARNING] Suspicious activity detected: ddos
2025-05-23 07:12:52 - [INFO] config updated
2025-05-23 07:15:16 - [WARNING] Suspicious activity detected: malware
2025-05-23 07:26:17 - [WARNING] Suspicious activity detected: ddos
2025-05-23 07:27:24 - [WARNING] Suspicious activity detected: port_scan
2025-05-23 07:42:57 - [WARNING] Suspicious activity detected: brute_force
2025-05-23 07:43:08 - [INFO] user login
2025-05-23 07:49:51 - [INFO] user login
2025-05-23 08:06:57 - [INFO] system check passed
2025-05-23 08:07:13 - [WARNING] Suspicious activity detected: sql_injection
2025-05-23 08:08:28 - [WARNING] Suspicious activity detected: malware
2025-05-23 08:09:11 - [INFO] user login
2025-05-23 08:09:41 - [WARNING] Suspicious activity detected: brute_force
2025-05-23 08:11:43 - [INFO] system check passed
2025-05-23 08:25:57 - [INFO] config updated
2025-05-23 08:29:44 - [WARNING] Suspicious activity detected: unauthorized_access
2025-05-23 08:33:15 - [WARNING] Suspicious activity detected: sql_injection
2025-05-23 08:41:05 - [WARNING] Suspicious activity detected: brute_force
2025-05-23 08:46:59 - [INFO] config updated
2025-05-23 08:49:40 - [INFO] email sent
2025-05-23 08:57:20 - [WARNING] Suspicious activity detected: brute_force
2025-05-23 09:11:20 - [INFO] system check passed
2025-05-23 09:16:50 - [INFO] system check passed
2025-05-23 09:19:55 - [INFO] email sent
2025-05-23 09:42:07 - [INFO] system check passed
2025-05-23 09:45:02 - [WARNING] Suspicious activity detected: brute_force
2025-05-23 09:47:33 - [WARNING] Suspicious activity detected: unauthorized_access
2025-05-23 10:02:59 - [INFO] system check passed
2025-05-23 10:04:28 - [INFO] file downloaded
2025-05-23 10:07:57 - [INFO] file downloaded
2025-05-23 10:14:28 - [WARNING] Suspicious activity detected: malware
2025-05-23 10:14:29 - [INFO] system check passed
2025-05-23 10:28:15 - [WARNING] Suspicious activity detected: malware
2025-05-23 10:31:01 - [INFO] config updated
2025-05-23 10:36:14 - [INFO] file uploaded
2025-05-23 10:52:50 - [INFO] backup completed
2025-05-23 10:54:58 - [WARNING] Suspicious activity detected: ip_blocked
2025-05-23 10:56:25 - [WARNING] Suspicious activity detected: malware
2025-05-23 11:06:10 - [INFO] email sent
2025-05-23 11:06:59 - [WARNING] Suspicious activity detected: sql_injection
2025-05-23 11:10:26 - [WARNING] Suspicious activity detected: intrusion
2025-05-23 11:17:53 - [INFO] file uploaded
2025-05-23 11:20:07 - [INFO] user login
2025-05-23 11:23:58 - [INFO] file uploaded
2025-05-23 11:35:42 - [INFO] file uploaded
2025-05-23 12:03:19 - [INFO] email sent
2025-05-23 12:05:29 - [WARNING] Suspicious activity detected: ip_blocked
2025-05-23 12:07:39 - [WARNING] Suspicious activity detected: intrusion
2025-05-23 12:11:47 - [INFO] file downloaded
2025-05-23 12:13:11 - [INFO] file downloaded
2025-05-23 12:31:48 - [WARNING] Suspicious activity detected: sql_injection
2025-05-23 12:34:17 - [WARNING] Suspicious activity detected: brute_force
2025-05-23 12:49:52 - [INFO] backup completed
2025-05-23 13:02:40 - [INFO] email sent
2025-05-23 13:08:05 - [INFO] system check passed
2025-05-23 13:11:53 - [WARNING] Suspicious activity detected: ip_blocked
2025-05-23 13:31:18 - [INFO] file uploaded
2025-05-23 13:35:53 - [INFO] email sent
2025-05-23 13:49:29 - [INFO] system check passed
2025-05-23 13:50:59 - [WARNING] Suspicious activity detected: ip_blocked
2025-05-23 13:56:24 - [WARNING] Suspicious activity detected: ddos
2025-05-23 14:00:47 - [WARNING] Suspicious activity detected: intrusion
2025-05-23 14:25:37 - [WARNING] Suspicious activity detected: brute_force
2025-05-23 14:35:10 - [WARNING] Suspicious activity detected: intrusion
2025-05-23 14:38:03 - [WARNING] Suspicious activity detected: unauthorized_access
2025-05-23 14:41:02 - [INFO] file downloaded
2025-05-23 14:49:44 - [INFO] file uploaded
2025-05-23 15:04:44 - [INFO] file downloaded
2025-05-23 15:09:35 - [INFO] config updated
2025-05-23 15:18:04 - [INFO] file downloaded
2025-05-23 15:19:42 - [INFO] file downloaded
2025-05-23 15:24:35 - [INFO] file downloaded
2025-05-23 15:37:05 - [INFO] file downloaded
2025-05-23 15:38:32 - [INFO] backup completed
2025-05-23 16:21:42 - [INFO] email sent
2025-05-23 16:30:03 - [INFO] system check passed
2025-05-23 16:30:32 - [INFO] user login
2025-05-23 16:45:51 - [INFO] user login
2025-05-23 16:54:11 - [INFO] user login
2025-05-23 16:57:18 - [WARNING] Suspicious activity detected: sql_injection
2025-05-23 16:58:30 - [INFO] file downloaded
2025-05-23 17:07:52 - [INFO] user login
2025-05-23 17:07:55 - [WARNING] Suspicious activity detected: unauthorized_access
2025-05-23 17:11:24 - [INFO] user login
2025-05-23 17:11:28 - [INFO] user login
2025-05-23 17:22:26 - [WARNING] Suspicious activity detected: malware
2025-05-23 17:26:52 - [WARNING] Suspicious activity detected: intrusion
2025-05-23 17:29:03 - [INFO] file uploaded
2025-05-23 17:29:51 - [WARNING] Suspicious activity detected: port_scan
2025-05-23 17:32:03 - [INFO] file downloaded
2025-05-23 17:46:03 - [WARNING] Suspicious activity detected: port_scan
2025-05-23 17:50:26 - [INFO] system check passed
2025-05-23 17:56:10 - [INFO] user login
2025-05-23 17:58:01 - [INFO] backup completed
2025-05-23 17:59:25 - [INFO] user login
2025-05-23 18:00:55 - [WARNING] Suspicious activity detected: sql_injection
2025-05-23 18:06:45 - [INFO] file downloaded
2025-05-23 18:19:40 - [INFO] file uploaded
2025-05-23 18:23:56 - [INFO] file downloaded
2025-05-23 18:33:36 - [INFO] email sent
2025-05-23 18:41:25 - [INFO] config updated
2025-05-23 18:43:32 - [WARNING] Suspicious activity detected: sql_injection
2025-05-23 19:00:56 - [WARNING] Suspicious activity detected: intrusion
2025-05-23 19:01:00 - [INFO] user login
2025-05-23 19:01:40 - [WARNING] Suspicious activity detected: sql_injection
2025-05-23 19:14:07 - [WARNING] Suspicious activity detected: sql_injection
2025-05-23 19:19:21 - [WARNING] Suspicious activity detected: sql_injection
2025-05-23 19:41:59 - [INFO] system check passed
2025-05-23 19:42:29 - [WARNING] Suspicious activity detected: ddos
2025-05-23 19:47:21 - [INFO] backup completed
2025-05-23 19:52:11 - [INFO] config updated
2025-05-23 20:03:38 - [INFO] email sent
2025-05-23 20:20:49 - [WARNING] Suspicious activity detected: malware
2025-05-23 20:28:49 - [WARNING] Suspicious activity detected: unauthorized_access
2025-05-23 20:29:06 - [INFO] file uploaded
2025-05-23 20:29:07 - [WARNING] Suspicious activity detected: intrusion
2025-05-23 20:32:07 - [INFO] file downloaded
2025-05-23 20:44:35 - [WARNING] Suspicious activity detected: intrusion
2025-05-23 20:45:40 - [INFO] system check passed
2025-05-23 20:53:06 - [INFO] system check passed
2025-05-23 20:54:48 - [INFO] config updated
2025-05-23 20:58:10 - [WARNING] Suspicious activity detected: unauthorized_access
2025-05-23 21:04:12 - [WARNING] Suspicious activity detected: intrusion
2025-05-23 21:19:10 - [INFO] file uploaded
2025-05-23 21:27:47 - [INFO] email sent
2025-05-23 21:35:11 - [WARNING] Suspicious activity detected: brute_force
2025-05-23 21:35:47 - [WARNING] Suspicious activity detected: ip_blocked
2025-05-23 21:46:29 - [WARNING] Suspicious activity detected: brute_force
2025-05-23 21:47:12 - [WARNING] Suspicious activity detected: malware
2025-05-23 21:55:10 - [INFO] system check passed
2025-05-23 21:57:21 - [INFO] backup completed
2025-05-23 21:59:59 - [INFO] config updated
2025-05-23 22:00:03 - [WARNING] Suspicious activity detected: sql_injection
2025-05-23 22:10:56 - [INFO] config updated
2025-05-23 22:12:54 - [INFO] email sent
2025-05-23 22:24:14 - [WARNING] Suspicious activity detected: ip_blocked
2025-05-23 22:47:55 - [INFO] user login
2025-05-23 22:57:31 - [WARNING] Suspicious activity detected: malware
2025-05-23 23:01:47 - [INFO] email sent
2025-05-23 23:07:15 - [WARNING] Suspicious activity detected: port_scan
2025-05-23 23:15:00 - [INFO] file uploaded
2025-05-23 23:18:14 - [INFO] backup completed
2025-05-23 23:20:56 - [INFO] system check passed
2025-05-23 23:38:57 - [INFO] system check passed
2025-05-23 23:48:07 - [WARNING] Suspicious activity detected: malware
2025-05-23 23:55:00 - [INFO] backup completed
2025-05-23 23:55:15 - [INFO] system check passed
2025-05-23 23:55:39 - [WARNING] Suspicious activity detected: sql_injection
2025-05-23 23:55:58 - [INFO] file uploaded
2025-05-23 23:56:36 - [INFO] user login