2025-07-16 00:02:30 - [WARNING] Suspicious activity detected: intrusion
2025-07-16 00:07:04 - [INFO] config updated
2025-07-16 00:15:07 - [WARNING] Suspicious activity detected: malware
2025-07-16 00:17:16 - [INFO] user login
2025-07-16 00:42:43 - [INFO] user login
2025-07-16 00:58:59 - [INFO] system check passed
2025-07-16 01:27:20 - [INFO] email sent
2025-07-16 01:35:05 - [INFO] file downloaded
2025-07-16 01:39:30 - [INFO] file downloaded
2025-07-16 01:40:15 - [WARNING] Suspicious activity detected: malware
2025-07-16 01:51:00 - [INFO] file uploaded
2025-07-16 01:53:25 - [INFO] file downloaded
2025-07-16 01:58:21 - [INFO] file uploaded
2025-07-16 02:24:56 - [WARNING] Suspicious activity detected: unauthorized_access
2025-07-16 02:33:41 - [WARNING] Suspicious activity detected: brute_force
2025-07-16 02:36:47 - [INFO] backup completed
2025-07-16 02:43:51 - [WARNING] Suspicious activity detected: ip_blocked
2025-07-16 02:52:11 - [INFO] file uploaded
2025-07-16 03:02:28 - [INFO] system check passed
2025-07-16 03:11:23 - [INFO] email sent
2025-07-16 03:16:36 - [WARNING] Suspicious activity detected: ip_blocked
2025-07-16 03:21:29 - [INFO] backup completed
2025-07-16 03:44:11 - [WARNING] Suspicious activity detected: ddos
2025-07-16 03:45:12 - [INFO] backup completed
2025-07-16 03:45:29 - [WARNING] Suspicious activity detected: intrusion
2025-07-16 03:50:25 - [INFO] email sent
2025-07-16 03:51:37 - [INFO] backup completed
2025-07-16 04:07:58 - [WARNING] Suspicious activity detected: brute_force
2025-07-16 04:08:00 - [INFO] email sent
2025-07-16 04:15:15 - [INFO] user login
2025-07-16 04:15:36 - [INFO] backup completed
2025-07-16 04:18:00 - [WARNING] Suspicious activity detected: ip_blocked
2025-07-16 04:20:28 - [INFO] backup completed
2025-07-16 04:29:48 - [WARNING] Suspicious activity detected: port_scan
2025-07-16 04:32:32 - [INFO] file uploaded
2025-07-16 04:35:07 - [WARNING] Suspicious activity detected: brute_force
2025-07-16 04:42:50 - [WARNING] Suspicious activity detected: malware
2025-07-16 04:47:46 - [WARNING] Suspicious activity detected: intrusion
2025-07-16 04:49:03 - [INFO] config updated
2025-07-16 04:49:48 - [WARNING] Suspicious activity detected: brute_force
2025-07-16 05:02:41 - [INFO] config updated
2025-07-16 05:21:05 - [INFO] backup completed
2025-07-16 05:36:50 - [INFO] file uploaded
2025-07-16 05:43:18 - [WARNING] Suspicious activity detected: ddos
2025-07-16 05:45:20 - [WARNING] Suspicious activity detected: ip_blocked
2025-07-16 05:57:51 - [INFO] file uploaded
2025-07-16 06:06:10 - [WARNING] Suspicious activity detected: brute_force
2025-07-16 06:14:59 - [INFO] file uploaded
2025-07-16 06:21:25 - [INFO] file uploaded
2025-07-16 06:26:55 - [INFO] email sent
2025-07-16 06:29:18 - [INFO] file downloaded
2025-07-16 06:32:47 - [INFO] user login
2025-07-16 06:51:39 - [WARNING] Suspicious activity detected: ddos
2025-07-16 07:05:25 - [WARNING] Suspicious activity detected: sql_injection
2025-07-16 07:10:53 - [WARNING] Suspicious activity detected: brute_force
2025-07-16 07:11:01 - [INFO] user login
2025-07-16 07:23:52 - [WARNING] Suspicious activity detected: sql_injection
2025-07-16 07:27:48 - [INFO] system check passed
2025-07-16 07:28:20 - [WARNING] Suspicious activity detected: unauthorized_access
2025-07-16 07:38:04 - [WARNING] Suspicious activity detected: ip_blocked
2025-07-16 07:46:47 - [WARNING] Suspicious activity detected: malware
2025-07-16 07:50:35 - [INFO] system check passed
2025-07-16 07:55:51 - [INFO] system check passed
2025-07-16 08:11:24 - [WARNING] Suspicious activity detected: sql_injection
2025-07-16 08:25:26 - [WARNING] Suspicious activity detected: brute_force
2025-07-16 08:31:37 - [INFO] backup completed
2025-07-16 08:33:58 - [INFO] file uploaded
2025-07-16 08:34:27 - [INFO] system check passed
2025-07-16 08:35:29 - [WARNING] Suspicious activity detected: ddos
2025-07-16 08:38:02 - [INFO] user login
2025-07-16 08:43:10 - [INFO] file uploaded
2025-07-16 08:47:45 - [INFO] backup completed
2025-07-16 08:48:34 - [INFO] user login
2025-07-16 08:56:26 - [INFO] backup completed
2025-07-16 09:16:24 - [INFO] email sent
2025-07-16 09:19:31 - [INFO] file downloaded
2025-07-16 09:22:31 - [WARNING] Suspicious activity detected: brute_force
2025-07-16 09:24:40 - [INFO] file downloaded
2025-07-16 09:26:13 - [WARNING] Suspicious activity detected: unauthorized_access
2025-07-16 09:45:09 - [INFO] system check passed
2025-07-16 09:46:41 - [INFO] backup completed
2025-07-16 09:49:54 - [INFO] system check passed
2025-07-16 09:52:31 - [INFO] config updated
2025-07-16 09:57:22 - [WARNING] Suspicious activity detected: unauthorized_access
2025-07-16 09:58:05 - [INFO] config updated
2025-07-16 09:58:09 - [INFO] file uploaded
2025-07-16 10:01:31 - [WARNING] Suspicious activity detected: ip_blocked
2025-07-16 10:02:23 - [INFO] email sent
2025-07-16 10:39:27 - [INFO] file uploaded
2025-07-16 10:49:35 - [WARNING] Suspicious activity detected: ip_blocked
2025-07-16 10:54:41 - [WARNING] Suspicious activity detected: intrusion
2025-07-16 10:59:29 - [INFO] email sent
2025-07-16 11:00:47 - [WARNING] Suspicious activity detected: brute_force
2025-07-16 11:01:17 - [WARNING] Suspicious activity detected: port_scan
2025-07-16 11:05:45 - [WARNING] Suspicious activity detected: sql_injection
2025-07-16 11:09:58 - [INFO] system check passed
2025-07-16 11:10:05 - [INFO] email sent
2025-07-16 11:31:49 - [INFO] config updated
2025-07-16 11:44:24 - [WARNING] Suspicious activity detected: ip_blocked
2025-07-16 11:46:08 - [INFO] email sent
2025-07-16 11:59:29 - [INFO] file uploaded
2025-07-16 12:22:14 - [WARNING] Suspicious activity detected: brute_force
2025-07-16 12:28:23 - [INFO] backup completed
2025-07-16 12:29:56 - [INFO] backup completed
2025-07-16 12:44:56 - [INFO] email sent
2025-07-16 12:53:04 - [INFO] file downloaded
2025-07-16 12:55:22 - [INFO] system check passed
2025-07-16 13:13:33 - [INFO] email sent
2025-07-16 13:29:30 - [WARNING] Suspicious activity detected: port_scan
2025-07-16 13:32:17 - [INFO] file downloaded
2025-07-16 13:36:01 - [INFO] file downloaded
2025-07-16 13:45:08 - [WARNING] Suspicious activity detected: unauthorized_access
2025-07-16 14:14:13 - [INFO] backup completed
2025-07-16 14:19:42 - [INFO] system check passed
2025-07-16 14:21:01 - [WARNING] Suspicious activity detected: brute_force
2025-07-16 14:34:55 - [INFO] user login
2025-07-16 14:37:48 - [INFO] email sent
2025-07-16 14:42:15 - [INFO] user login
2025-07-16 14:46:18 - [INFO] backup completed
2025-07-16 15:37:01 - [INFO] email sent
2025-07-16 15:45:01 - [WARNING] Suspicious activity detected: sql_injection
2025-07-16 15:51:01 - [INFO] system check passed
2025-07-16 15:58:45 - [WARNING] Suspicious activity detected: port_scan
2025-07-16 16:05:52 - [INFO] config updated
2025-07-16 16:15:43 - [INFO] file uploaded
2025-07-16 16:21:55 - [INFO] file uploaded
2025-07-16 16:22:52 - [WARNING] Suspicious activity detected: intrusion
2025-07-16 16:40:37 - [WARNING] Suspicious activity detected: unauthorized_access
2025-07-16 16:42:08 - [INFO] user login
2025-07-16 16:44:17 - [WARNING] Suspicious activity detected: unauthorized_access
2025-07-16 16:45:41 - [INFO] file uploaded
2025-07-16 16:48:40 - [INFO] system check passed
2025-07-16 16:50:13 - [INFO] user login
2025-07-16 16:52:58 - [INFO] file uploaded
2025-07-16 17:06:50 - [INFO] config updated
2025-07-16 17:13:59 - [INFO] config updated
2025-07-16 17:14:43 - [WARNING] Suspicious activity detected: sql_injection
2025-07-16 17:33:55 - [WARNING] Suspicious activity detected: sql_injection
2025-07-16 17:42:04 - [WARNING] Suspicious activity detected: port_scan
2025-07-16 17:49:01 - [WARNING] Suspicious activity detected: ip_blocked
2025-07-16 17:56:10 - [INFO] backup completed
2025-07-16 18:01:09 - [WARNING] Suspicious activity detected: ddos
2025-07-16 18:05:07 - [INFO] backup completed
2025-07-16 18:08:50 - [INFO] backup completed
2025-07-16 18:29:39 - [WARNING] Suspicious activity detected: intrusion
2025-07-16 18:32:42 - [INFO] config updated
2025-07-16 18:41:23 - [INFO] file uploaded
2025-07-16 18:49:23 - [INFO] config updated
2025-07-16 19:08:58 - [WARNING] Suspicious activity detected: sql_injection
2025-07-16 19:11:45 - [WARNING] Suspicious activity detected: ddos
2025-07-16 19:19:00 - [INFO] file uploaded
2025-07-16 19:21:39 - [WARNING] Suspicious activity detected: unauthorized_access
2025-07-16 19:23:38 - [WARNING] Suspicious activity detected: ddos
2025-07-16 19:26:26 - [INFO] system check passed
2025-07-16 19:34:40 - [INFO] user login
2025-07-16 19:34:42 - [WARNING] Suspicious activity detected: ddos
2025-07-16 19:40:52 - [INFO] user login
2025-07-16 19:41:27 - [INFO] system check passed
2025-07-16 19:43:38 - [WARNING] Suspicious activity detected: intrusion
2025-07-16 19:56:56 - [INFO] file downloaded
2025-07-16 19:57:25 - [WARNING] Suspicious activity detected: sql_injection
2025-07-16 20:06:27 - [WARNING] Suspicious activity detected: intrusion
2025-07-16 20:15:52 - [INFO] config updated
2025-07-16 20:43:04 - [WARNING] Suspicious activity detected: unauthorized_access
2025-07-16 20:55:30 - [INFO] backup completed
2025-07-16 21:01:22 - [INFO] file downloaded
2025-07-16 21:05:31 - [INFO] email sent
2025-07-16 21:08:23 - [INFO] email sent
2025-07-16 21:17:47 - [WARNING] Suspicious activity detected: ddos
2025-07-16 21:19:54 - [INFO] email sent
2025-07-16 21:23:38 - [INFO] backup completed
2025-07-16 21:46:43 - [INFO] system check passed
2025-07-16 21:51:52 - [WARNING] Suspicious activity detected: malware
2025-07-16 22:00:55 - [WARNING] Suspicious activity detected: brute_force
2025-07-16 22:09:49 - [WARNING] Suspicious activity detected: brute_force
2025-07-16 22:10:24 - [INFO] user login
2025-07-16 22:17:40 - [WARNING] Suspicious activity detected: malware
2025-07-16 22:20:20 - [WARNING] Suspicious activity detected: ddos
2025-07-16 22:29:05 - [WARNING] Suspicious activity detected: malware
2025-07-16 22:39:27 - [INFO] user login
2025-07-16 22:44:46 - [WARNING] Suspicious activity detected: unauthorized_access
2025-07-16 22:49:18 - [INFO] file downloaded
2025-07-16 22:51:45 - [INFO] system check passed
2025-07-16 23:02:52 - [INFO] file uploaded
2025-07-16 23:04:50 - [INFO] config updated
2025-07-16 23:08:37 - [WARNING] Suspicious activity detected: port_scan
2025-07-16 23:13:34 - [INFO] system check passed
2025-07-16 23:16:55 - [INFO] system check passed
2025-07-16 23:22:04 - [WARNING] Suspicious activity detected: unauthorized_access
2025-07-16 23:25:47 - [INFO] user login
2025-07-16 23:36:41 - [INFO] user login