2025-07-19 00:09:45 - [WARNING] Suspicious activity detected: port_scan
2025-07-19 00:15:03 - [INFO] file uploaded
2025-07-19 00:18:18 - [INFO] file uploaded
2025-07-19 00:19:04 - [INFO] backup completed
2025-07-19 00:20:22 - [INFO] system check passed
2025-07-19 00:25:06 - [WARNING] Suspicious activity detected: port_scan
2025-07-19 00:43:28 - [INFO] config updated
2025-07-19 00:49:01 - [INFO] config updated
2025-07-19 00:50:12 - [INFO] email sent
2025-07-19 00:52:30 - [INFO] config updated
2025-07-19 00:53:04 - [INFO] backup completed
2025-07-19 00:54:28 - [INFO] user login
2025-07-19 00:56:16 - [INFO] email sent
2025-07-19 01:08:08 - [WARNING] Suspicious activity detected: unauthorized_access
2025-07-19 01:14:07 - [INFO] config updated
2025-07-19 01:20:14 - [WARNING] Suspicious activity detected: unauthorized_access
2025-07-19 01:35:51 - [INFO] email sent
2025-07-19 01:38:19 - [INFO] file downloaded
2025-07-19 01:43:44 - [WARNING] Suspicious activity detected: port_scan
2025-07-19 01:54:25 - [INFO] email sent
2025-07-19 01:56:48 - [INFO] system check passed
2025-07-19 01:58:01 - [INFO] email sent
2025-07-19 01:59:17 - [INFO] backup completed
2025-07-19 01:59:55 - [WARNING] Suspicious activity detected: unauthorized_access
2025-07-19 02:04:43 - [INFO] file uploaded
2025-07-19 02:05:06 - [WARNING] Suspicious activity detected: ddos
2025-07-19 02:13:33 - [INFO] config updated
2025-07-19 02:19:14 - [INFO] system check passed
2025-07-19 02:27:32 - [INFO] system check passed
2025-07-19 02:29:56 - [INFO] file uploaded
2025-07-19 02:41:27 - [INFO] backup completed
2025-07-19 02:44:11 - [WARNING] Suspicious activity detected: unauthorized_access
2025-07-19 02:46:42 - [INFO] backup completed
2025-07-19 02:58:46 - [INFO] system check passed
2025-07-19 03:05:11 - [WARNING] Suspicious activity detected: ip_blocked
2025-07-19 03:11:41 - [WARNING] Suspicious activity detected: sql_injection
2025-07-19 03:15:41 - [WARNING] Suspicious activity detected: brute_force
2025-07-19 03:19:59 - [INFO] config updated
2025-07-19 03:22:20 - [INFO] backup completed
2025-07-19 03:25:12 - [INFO] file uploaded
2025-07-19 03:25:49 - [INFO] user login
2025-07-19 03:30:05 - [INFO] config updated
2025-07-19 03:33:45 - [INFO] file downloaded
2025-07-19 04:05:55 - [WARNING] Suspicious activity detected: ddos
2025-07-19 04:25:07 - [INFO] backup completed
2025-07-19 04:28:29 - [WARNING] Suspicious activity detected: intrusion
2025-07-19 04:29:22 - [INFO] config updated
2025-07-19 04:38:34 - [WARNING] Suspicious activity detected: ip_blocked
2025-07-19 04:42:12 - [WARNING] Suspicious activity detected: ddos
2025-07-19 04:46:50 - [INFO] file downloaded
2025-07-19 04:57:58 - [WARNING] Suspicious activity detected: malware
2025-07-19 04:58:04 - [INFO] config updated
2025-07-19 05:00:35 - [INFO] user login
2025-07-19 05:02:50 - [WARNING] Suspicious activity detected: ip_blocked
2025-07-19 05:18:54 - [WARNING] Suspicious activity detected: ddos
2025-07-19 05:27:13 - [INFO] email sent
2025-07-19 05:30:50 - [WARNING] Suspicious activity detected: ip_blocked
2025-07-19 05:49:26 - [INFO] config updated
2025-07-19 06:09:04 - [INFO] user login
2025-07-19 06:09:05 - [WARNING] Suspicious activity detected: malware
2025-07-19 06:10:45 - [WARNING] Suspicious activity detected: unauthorized_access
2025-07-19 06:11:38 - [INFO] user login
2025-07-19 06:15:41 - [INFO] system check passed
2025-07-19 06:16:27 - [INFO] user login
2025-07-19 06:22:01 - [INFO] user login
2025-07-19 06:23:59 - [INFO] backup completed
2025-07-19 06:32:47 - [WARNING] Suspicious activity detected: sql_injection
2025-07-19 06:34:46 - [INFO] file uploaded
2025-07-19 06:44:24 - [WARNING] Suspicious activity detected: ddos
2025-07-19 06:45:40 - [INFO] email sent
2025-07-19 06:58:31 - [WARNING] Suspicious activity detected: ddos
2025-07-19 07:08:55 - [INFO] file uploaded
2025-07-19 07:10:15 - [INFO] user login
2025-07-19 07:14:09 - [WARNING] Suspicious activity detected: sql_injection
2025-07-19 07:23:54 - [INFO] backup completed
2025-07-19 07:34:25 - [INFO] file uploaded
2025-07-19 07:38:19 - [INFO] user login
2025-07-19 07:39:11 - [WARNING] Suspicious activity detected: malware
2025-07-19 08:01:36 - [INFO] email sent
2025-07-19 08:09:21 - [INFO] config updated
2025-07-19 08:09:43 - [INFO] user login
2025-07-19 08:13:42 - [INFO] file downloaded
2025-07-19 08:14:09 - [INFO] email sent
2025-07-19 08:14:12 - [INFO] file uploaded
2025-07-19 08:26:17 - [WARNING] Suspicious activity detected: intrusion
2025-07-19 08:48:51 - [WARNING] Suspicious activity detected: ip_blocked
2025-07-19 08:51:21 - [WARNING] Suspicious activity detected: ddos
2025-07-19 08:52:15 - [INFO] file downloaded
2025-07-19 08:53:39 - [INFO] user login
2025-07-19 08:57:16 - [WARNING] Suspicious activity detected: port_scan
2025-07-19 09:05:29 - [INFO] backup completed
2025-07-19 09:06:00 - [INFO] email sent
2025-07-19 09:18:19 - [INFO] file uploaded
2025-07-19 09:22:19 - [WARNING] Suspicious activity detected: malware
2025-07-19 09:27:08 - [INFO] file downloaded
2025-07-19 09:46:04 - [INFO] file downloaded
2025-07-19 09:47:10 - [INFO] file downloaded
2025-07-19 09:55:27 - [INFO] system check passed
2025-07-19 09:57:08 - [INFO] user login
2025-07-19 10:16:09 - [INFO] email sent
2025-07-19 10:16:51 - [INFO] email sent
2025-07-19 10:22:21 - [WARNING] Suspicious activity detected: port_scan
2025-07-19 10:27:52 - [INFO] user login
2025-07-19 10:30:29 - [INFO] config updated
2025-07-19 10:38:59 - [WARNING] Suspicious activity detected: sql_injection
2025-07-19 10:39:14 - [WARNING] Suspicious activity detected: unauthorized_access
2025-07-19 10:39:15 - [INFO] config updated
2025-07-19 10:52:51 - [WARNING] Suspicious activity detected: unauthorized_access
2025-07-19 11:08:33 - [INFO] system check passed
2025-07-19 11:08:48 - [INFO] user login
2025-07-19 11:29:12 - [INFO] user login
2025-07-19 11:29:25 - [WARNING] Suspicious activity detected: malware
2025-07-19 11:35:17 - [INFO] user login
2025-07-19 11:37:24 - [INFO] backup completed
2025-07-19 11:44:35 - [WARNING] Suspicious activity detected: sql_injection
2025-07-19 11:48:38 - [WARNING] Suspicious activity detected: malware
2025-07-19 11:53:29 - [WARNING] Suspicious activity detected: unauthorized_access
2025-07-19 12:05:27 - [INFO] file downloaded
2025-07-19 12:08:15 - [WARNING] Suspicious activity detected: port_scan
2025-07-19 12:08:28 - [WARNING] Suspicious activity detected: brute_force
2025-07-19 12:15:01 - [INFO] backup completed
2025-07-19 12:15:07 - [INFO] file downloaded
2025-07-19 12:19:29 - [WARNING] Suspicious activity detected: unauthorized_access
2025-07-19 12:27:12 - [WARNING] Suspicious activity detected: brute_force
2025-07-19 12:35:54 - [INFO] user login
2025-07-19 12:36:30 - [INFO] file downloaded
2025-07-19 12:41:20 - [INFO] file uploaded
2025-07-19 12:43:06 - [WARNING] Suspicious activity detected: unauthorized_access
2025-07-19 12:51:28 - [WARNING] Suspicious activity detected: ddos
2025-07-19 13:15:35 - [WARNING] Suspicious activity detected: malware
2025-07-19 13:20:12 - [INFO] file uploaded
2025-07-19 13:23:59 - [INFO] backup completed
2025-07-19 13:33:05 - [WARNING] Suspicious activity detected: sql_injection
2025-07-19 13:37:03 - [WARNING] Suspicious activity detected: intrusion
2025-07-19 13:42:02 - [INFO] config updated
2025-07-19 13:53:38 - [WARNING] Suspicious activity detected: ip_blocked
2025-07-19 13:55:35 - [INFO] backup completed
2025-07-19 14:06:23 - [INFO] file downloaded
2025-07-19 14:11:32 - [INFO] user login
2025-07-19 14:17:00 - [INFO] user login
2025-07-19 14:17:14 - [INFO] user login
2025-07-19 14:30:41 - [INFO] email sent
2025-07-19 14:30:53 - [INFO] backup completed
2025-07-19 14:31:19 - [WARNING] Suspicious activity detected: ddos
2025-07-19 14:36:04 - [WARNING] Suspicious activity detected: unauthorized_access
2025-07-19 14:39:52 - [WARNING] Suspicious activity detected: ddos
2025-07-19 14:44:08 - [WARNING] Suspicious activity detected: unauthorized_access
2025-07-19 14:59:46 - [WARNING] Suspicious activity detected: sql_injection
2025-07-19 15:00:34 - [WARNING] Suspicious activity detected: unauthorized_access
2025-07-19 15:04:56 - [INFO] config updated
2025-07-19 15:14:28 - [INFO] backup completed
2025-07-19 15:20:18 - [INFO] user login
2025-07-19 15:26:40 - [INFO] file downloaded
2025-07-19 15:30:35 - [WARNING] Suspicious activity detected: ddos
2025-07-19 15:31:41 - [INFO] file downloaded
2025-07-19 15:36:25 - [WARNING] Suspicious activity detected: port_scan
2025-07-19 15:37:11 - [INFO] config updated
2025-07-19 15:43:46 - [INFO] system check passed
2025-07-19 15:50:50 - [INFO] backup completed
2025-07-19 16:07:53 - [INFO] system check passed
2025-07-19 16:23:07 - [INFO] config updated
2025-07-19 16:24:05 - [INFO] backup completed
2025-07-19 16:37:32 - [INFO] config updated
2025-07-19 16:48:45 - [INFO] backup completed
2025-07-19 16:51:08 - [WARNING] Suspicious activity detected: intrusion
2025-07-19 17:06:25 - [INFO] user login
2025-07-19 17:12:35 - [WARNING] Suspicious activity detected: port_scan
2025-07-19 17:19:32 - [WARNING] Suspicious activity detected: ddos
2025-07-19 17:23:31 - [WARNING] Suspicious activity detected: ddos
2025-07-19 17:32:47 - [INFO] backup completed
2025-07-19 17:48:14 - [INFO] email sent
2025-07-19 18:02:45 - [INFO] backup completed
2025-07-19 18:03:53 - [INFO] file uploaded
2025-07-19 18:06:28 - [INFO] user login
2025-07-19 18:10:41 - [WARNING] Suspicious activity detected: sql_injection
2025-07-19 18:48:22 - [INFO] user login
2025-07-19 18:49:10 - [INFO] backup completed
2025-07-19 18:53:34 - [WARNING] Suspicious activity detected: ip_blocked
2025-07-19 19:00:15 - [WARNING] Suspicious activity detected: sql_injection
2025-07-19 19:11:02 - [WARNING] Suspicious activity detected: unauthorized_access
2025-07-19 19:14:16 - [INFO] backup completed
2025-07-19 19:18:34 - [WARNING] Suspicious activity detected: intrusion
2025-07-19 19:20:47 - [INFO] file downloaded
2025-07-19 19:29:25 - [INFO] user login
2025-07-19 19:38:19 - [INFO] email sent
2025-07-19 19:41:55 - [INFO] file downloaded
2025-07-19 19:44:27 - [INFO] system check passed
2025-07-19 19:57:11 - [INFO] user login
2025-07-19 20:00:03 - [INFO] backup completed
2025-07-19 20:10:12 - [INFO] system check passed
2025-07-19 20:22:16 - [INFO] backup completed
2025-07-19 20:26:57 - [INFO] file uploaded
2025-07-19 20:29:55 - [INFO] system check passed
2025-07-19 20:32:28 - [WARNING] Suspicious activity detected: ddos
2025-07-19 20:34:24 - [WARNING] Suspicious activity detected: sql_injection
2025-07-19 20:36:56 - [WARNING] Suspicious activity detected: unauthorized_access
2025-07-19 20:39:57 - [INFO] file uploaded
2025-07-19 20:43:08 - [INFO] file downloaded
2025-07-19 20:49:59 - [INFO] email sent
2025-07-19 20:53:32 - [WARNING] Suspicious activity detected: sql_injection
2025-07-19 21:04:31 - [INFO] backup completed
2025-07-19 21:17:37 - [WARNING] Suspicious activity detected: malware
2025-07-19 21:28:08 - [WARNING] Suspicious activity detected: sql_injection
2025-07-19 21:39:08 - [INFO] backup completed
2025-07-19 22:02:13 - [INFO] system check passed
2025-07-19 22:10:25 - [WARNING] Suspicious activity detected: port_scan
2025-07-19 22:11:53 - [INFO] config updated
2025-07-19 22:12:12 - [INFO] config updated
2025-07-19 22:14:11 - [INFO] email sent
2025-07-19 22:14:39 - [INFO] system check passed
2025-07-19 22:19:03 - [INFO] file downloaded
2025-07-19 22:31:50 - [WARNING] Suspicious activity detected: ip_blocked
2025-07-19 22:46:22 - [INFO] file downloaded
2025-07-19 23:03:58 - [INFO] email sent
2025-07-19 23:05:24 - [WARNING] Suspicious activity detected: ip_blocked
2025-07-19 23:13:58 - [INFO] system check passed
2025-07-19 23:16:37 - [WARNING] Suspicious activity detected: port_scan
2025-07-19 23:16:55 - [WARNING] Suspicious activity detected: unauthorized_access
2025-07-19 23:58:34 - [INFO] file uploaded