2025-07-20 00:05:37 - [INFO] user login
2025-07-20 00:15:55 - [INFO] email sent
2025-07-20 00:19:00 - [INFO] file downloaded
2025-07-20 00:57:13 - [INFO] email sent
2025-07-20 00:57:49 - [INFO] backup completed
2025-07-20 00:58:42 - [INFO] config updated
2025-07-20 00:59:35 - [WARNING] Suspicious activity detected: unauthorized_access
2025-07-20 01:03:59 - [INFO] config updated
2025-07-20 01:05:35 - [INFO] user login
2025-07-20 01:07:31 - [INFO] email sent
2025-07-20 01:11:43 - [INFO] file downloaded
2025-07-20 01:20:25 - [INFO] backup completed
2025-07-20 01:20:42 - [INFO] file downloaded
2025-07-20 01:40:35 - [WARNING] Suspicious activity detected: ip_blocked
2025-07-20 01:44:44 - [INFO] backup completed
2025-07-20 01:45:45 - [INFO] user login
2025-07-20 01:59:57 - [INFO] backup completed
2025-07-20 02:02:17 - [INFO] backup completed
2025-07-20 02:15:59 - [WARNING] Suspicious activity detected: intrusion
2025-07-20 02:23:44 - [WARNING] Suspicious activity detected: ip_blocked
2025-07-20 02:25:44 - [INFO] email sent
2025-07-20 02:29:34 - [INFO] config updated
2025-07-20 02:30:55 - [INFO] config updated
2025-07-20 02:31:47 - [INFO] file uploaded
2025-07-20 02:36:26 - [WARNING] Suspicious activity detected: port_scan
2025-07-20 02:37:02 - [INFO] system check passed
2025-07-20 03:01:30 - [INFO] file uploaded
2025-07-20 03:02:21 - [WARNING] Suspicious activity detected: unauthorized_access
2025-07-20 03:02:24 - [INFO] file uploaded
2025-07-20 03:13:09 - [INFO] file downloaded
2025-07-20 03:19:23 - [WARNING] Suspicious activity detected: port_scan
2025-07-20 03:23:26 - [INFO] email sent
2025-07-20 03:37:06 - [INFO] config updated
2025-07-20 03:37:29 - [WARNING] Suspicious activity detected: malware
2025-07-20 03:43:05 - [WARNING] Suspicious activity detected: intrusion
2025-07-20 03:48:17 - [INFO] backup completed
2025-07-20 04:14:21 - [INFO] file uploaded
2025-07-20 04:17:12 - [INFO] system check passed
2025-07-20 04:33:42 - [INFO] system check passed
2025-07-20 04:40:27 - [INFO] file downloaded
2025-07-20 04:40:54 - [INFO] file downloaded
2025-07-20 04:55:55 - [INFO] system check passed
2025-07-20 05:02:34 - [INFO] backup completed
2025-07-20 05:04:08 - [INFO] file uploaded
2025-07-20 05:06:38 - [WARNING] Suspicious activity detected: port_scan
2025-07-20 05:09:54 - [INFO] system check passed
2025-07-20 05:12:24 - [INFO] email sent
2025-07-20 05:16:20 - [INFO] system check passed
2025-07-20 05:24:57 - [WARNING] Suspicious activity detected: unauthorized_access
2025-07-20 05:26:46 - [WARNING] Suspicious activity detected: ddos
2025-07-20 05:31:14 - [INFO] file uploaded
2025-07-20 05:41:43 - [INFO] system check passed
2025-07-20 05:45:15 - [INFO] backup completed
2025-07-20 05:49:56 - [WARNING] Suspicious activity detected: port_scan
2025-07-20 05:50:27 - [INFO] file downloaded
2025-07-20 06:02:40 - [INFO] file uploaded
2025-07-20 06:07:57 - [WARNING] Suspicious activity detected: ddos
2025-07-20 06:15:47 - [INFO] email sent
2025-07-20 06:18:36 - [INFO] file downloaded
2025-07-20 06:19:04 - [INFO] system check passed
2025-07-20 06:22:43 - [INFO] backup completed
2025-07-20 06:27:42 - [WARNING] Suspicious activity detected: sql_injection
2025-07-20 06:31:59 - [INFO] file uploaded
2025-07-20 06:32:59 - [WARNING] Suspicious activity detected: ip_blocked
2025-07-20 06:33:57 - [INFO] system check passed
2025-07-20 06:37:00 - [INFO] user login
2025-07-20 06:47:59 - [INFO] backup completed
2025-07-20 07:00:56 - [INFO] email sent
2025-07-20 07:06:15 - [INFO] user login
2025-07-20 07:14:49 - [INFO] config updated
2025-07-20 07:15:30 - [INFO] email sent
2025-07-20 07:22:40 - [INFO] email sent
2025-07-20 07:36:44 - [INFO] file uploaded
2025-07-20 07:46:35 - [INFO] email sent
2025-07-20 07:47:46 - [INFO] system check passed
2025-07-20 07:51:41 - [INFO] file downloaded
2025-07-20 07:54:30 - [INFO] file downloaded
2025-07-20 07:56:13 - [INFO] user login
2025-07-20 07:57:08 - [WARNING] Suspicious activity detected: malware
2025-07-20 08:07:08 - [INFO] config updated
2025-07-20 08:07:38 - [WARNING] Suspicious activity detected: malware
2025-07-20 08:16:35 - [INFO] file downloaded
2025-07-20 08:23:46 - [INFO] email sent
2025-07-20 08:29:54 - [INFO] file uploaded
2025-07-20 08:45:07 - [WARNING] Suspicious activity detected: intrusion
2025-07-20 08:47:19 - [INFO] user login
2025-07-20 08:47:38 - [INFO] config updated
2025-07-20 08:50:21 - [INFO] file uploaded
2025-07-20 08:52:27 - [INFO] file downloaded
2025-07-20 08:59:59 - [WARNING] Suspicious activity detected: port_scan
2025-07-20 09:00:02 - [WARNING] Suspicious activity detected: port_scan
2025-07-20 09:02:45 - [WARNING] Suspicious activity detected: brute_force
2025-07-20 09:20:56 - [WARNING] Suspicious activity detected: unauthorized_access
2025-07-20 09:25:53 - [INFO] user login
2025-07-20 09:29:28 - [INFO] user login
2025-07-20 09:32:24 - [WARNING] Suspicious activity detected: malware
2025-07-20 09:47:42 - [INFO] user login
2025-07-20 10:08:33 - [WARNING] Suspicious activity detected: ddos
2025-07-20 10:08:43 - [INFO] user login
2025-07-20 10:34:30 - [INFO] user login
2025-07-20 10:39:43 - [INFO] email sent
2025-07-20 10:41:07 - [INFO] backup completed
2025-07-20 10:49:34 - [WARNING] Suspicious activity detected: intrusion
2025-07-20 10:49:45 - [INFO] file uploaded
2025-07-20 10:50:29 - [INFO] system check passed
2025-07-20 10:55:29 - [INFO] system check passed
2025-07-20 11:07:42 - [INFO] email sent
2025-07-20 11:22:23 - [WARNING] Suspicious activity detected: brute_force
2025-07-20 11:38:37 - [INFO] email sent
2025-07-20 11:41:46 - [INFO] file downloaded
2025-07-20 11:50:30 - [INFO] email sent
2025-07-20 11:51:12 - [INFO] system check passed
2025-07-20 12:01:19 - [INFO] config updated
2025-07-20 12:03:52 - [INFO] file uploaded
2025-07-20 12:12:38 - [INFO] email sent
2025-07-20 12:25:31 - [INFO] user login
2025-07-20 12:25:31 - [INFO] config updated
2025-07-20 12:25:56 - [INFO] user login
2025-07-20 12:31:24 - [INFO] file downloaded
2025-07-20 12:39:19 - [INFO] email sent
2025-07-20 12:42:16 - [INFO] system check passed
2025-07-20 12:45:02 - [WARNING] Suspicious activity detected: port_scan
2025-07-20 12:47:48 - [INFO] file downloaded
2025-07-20 12:54:21 - [INFO] email sent
2025-07-20 12:54:58 - [WARNING] Suspicious activity detected: port_scan
2025-07-20 13:07:14 - [INFO] file uploaded
2025-07-20 13:18:34 - [INFO] file uploaded
2025-07-20 13:27:49 - [INFO] system check passed
2025-07-20 13:32:19 - [INFO] file downloaded
2025-07-20 13:34:27 - [INFO] config updated
2025-07-20 13:41:26 - [WARNING] Suspicious activity detected: malware
2025-07-20 13:45:12 - [INFO] file uploaded
2025-07-20 13:48:28 - [INFO] system check passed
2025-07-20 13:50:28 - [INFO] file uploaded
2025-07-20 14:04:41 - [INFO] file downloaded
2025-07-20 14:15:12 - [INFO] email sent
2025-07-20 14:17:27 - [INFO] system check passed
2025-07-20 14:17:54 - [INFO] backup completed
2025-07-20 14:37:32 - [WARNING] Suspicious activity detected: ip_blocked
2025-07-20 14:39:02 - [INFO] email sent
2025-07-20 14:40:11 - [INFO] user login
2025-07-20 14:40:19 - [WARNING] Suspicious activity detected: ddos
2025-07-20 14:50:05 - [WARNING] Suspicious activity detected: sql_injection
2025-07-20 15:17:48 - [INFO] file downloaded
2025-07-20 15:18:50 - [INFO] system check passed
2025-07-20 15:25:11 - [WARNING] Suspicious activity detected: ip_blocked
2025-07-20 15:26:10 - [INFO] backup completed
2025-07-20 15:29:56 - [INFO] file uploaded
2025-07-20 15:42:34 - [INFO] email sent
2025-07-20 15:53:41 - [INFO] system check passed
2025-07-20 16:21:48 - [INFO] system check passed
2025-07-20 16:26:03 - [INFO] file uploaded
2025-07-20 16:28:10 - [WARNING] Suspicious activity detected: unauthorized_access
2025-07-20 16:37:24 - [INFO] email sent
2025-07-20 16:38:03 - [INFO] file uploaded
2025-07-20 16:38:57 - [INFO] file downloaded
2025-07-20 16:38:59 - [INFO] backup completed
2025-07-20 16:41:00 - [INFO] user login
2025-07-20 16:48:12 - [INFO] file uploaded
2025-07-20 16:50:05 - [WARNING] Suspicious activity detected: ip_blocked
2025-07-20 16:54:46 - [INFO] email sent
2025-07-20 16:55:16 - [INFO] backup completed
2025-07-20 17:10:31 - [WARNING] Suspicious activity detected: sql_injection
2025-07-20 17:12:03 - [WARNING] Suspicious activity detected: sql_injection
2025-07-20 17:33:27 - [INFO] email sent
2025-07-20 17:43:38 - [INFO] backup completed
2025-07-20 18:04:01 - [INFO] user login
2025-07-20 18:06:55 - [INFO] file downloaded
2025-07-20 18:09:39 - [INFO] backup completed
2025-07-20 18:18:04 - [WARNING] Suspicious activity detected: unauthorized_access
2025-07-20 18:27:59 - [INFO] file downloaded
2025-07-20 18:31:44 - [INFO] backup completed
2025-07-20 18:36:39 - [INFO] file downloaded
2025-07-20 18:45:34 - [INFO] email sent
2025-07-20 18:45:55 - [INFO] config updated
2025-07-20 18:57:48 - [WARNING] Suspicious activity detected: port_scan
2025-07-20 19:12:09 - [WARNING] Suspicious activity detected: sql_injection
2025-07-20 19:23:32 - [INFO] config updated
2025-07-20 19:25:30 - [WARNING] Suspicious activity detected: port_scan
2025-07-20 19:32:45 - [INFO] backup completed
2025-07-20 19:38:26 - [INFO] file downloaded
2025-07-20 19:48:41 - [INFO] file uploaded
2025-07-20 19:53:20 - [INFO] file uploaded
2025-07-20 19:53:33 - [INFO] system check passed
2025-07-20 19:54:40 - [INFO] system check passed
2025-07-20 20:02:00 - [INFO] file uploaded
2025-07-20 20:09:27 - [WARNING] Suspicious activity detected: malware
2025-07-20 20:15:34 - [INFO] system check passed
2025-07-20 20:17:21 - [INFO] system check passed
2025-07-20 20:18:04 - [INFO] email sent
2025-07-20 20:25:29 - [WARNING] Suspicious activity detected: port_scan
2025-07-20 20:27:57 - [INFO] email sent
2025-07-20 20:34:39 - [INFO] system check passed
2025-07-20 20:35:28 - [INFO] config updated
2025-07-20 20:58:12 - [INFO] email sent
2025-07-20 21:03:40 - [INFO] file uploaded
2025-07-20 21:05:31 - [INFO] system check passed
2025-07-20 21:20:03 - [INFO] file downloaded
2025-07-20 21:22:26 - [INFO] backup completed
2025-07-20 21:50:27 - [INFO] file downloaded
2025-07-20 21:54:54 - [WARNING] Suspicious activity detected: intrusion
2025-07-20 22:06:43 - [INFO] backup completed
2025-07-20 22:10:27 - [WARNING] Suspicious activity detected: sql_injection
2025-07-20 22:12:34 - [INFO] email sent
2025-07-20 22:17:57 - [INFO] file uploaded
2025-07-20 22:21:42 - [WARNING] Suspicious activity detected: unauthorized_access
2025-07-20 22:29:05 - [INFO] backup completed
2025-07-20 22:29:27 - [INFO] backup completed
2025-07-20 22:31:42 - [WARNING] Suspicious activity detected: unauthorized_access
2025-07-20 22:38:11 - [WARNING] Suspicious activity detected: brute_force
2025-07-20 22:45:37 - [INFO] user login
2025-07-20 22:46:53 - [INFO] file downloaded
2025-07-20 22:49:17 - [INFO] config updated
2025-07-20 22:59:31 - [INFO] file downloaded
2025-07-20 23:23:33 - [INFO] config updated
2025-07-20 23:34:50 - [INFO] file uploaded
2025-07-20 23:39:25 - [WARNING] Suspicious activity detected: ddos
2025-07-20 23:43:13 - [INFO] config updated
2025-07-20 23:49:05 - [INFO] file uploaded
2025-07-20 23:55:32 - [INFO] file uploaded
2025-07-20 23:56:49 - [INFO] backup completed