2025-05-19 00:01:35 - [WARNING] Suspicious activity detected: brute_force
2025-05-19 00:04:25 - [INFO] system check passed
2025-05-19 00:39:05 - [INFO] user login
2025-05-19 00:43:29 - [INFO] email sent
2025-05-19 00:55:12 - [INFO] file downloaded
2025-05-19 00:59:10 - [WARNING] Suspicious activity detected: unauthorized_access
2025-05-19 01:00:42 - [INFO] backup completed
2025-05-19 01:03:15 - [INFO] file uploaded
2025-05-19 01:07:29 - [INFO] email sent
2025-05-19 01:10:16 - [INFO] file downloaded
2025-05-19 01:26:42 - [WARNING] Suspicious activity detected: intrusion
2025-05-19 01:28:28 - [INFO] system check passed
2025-05-19 01:50:59 - [WARNING] Suspicious activity detected: intrusion
2025-05-19 01:56:52 - [INFO] config updated
2025-05-19 02:00:14 - [INFO] system check passed
2025-05-19 02:13:32 - [WARNING] Suspicious activity detected: ddos
2025-05-19 02:31:44 - [WARNING] Suspicious activity detected: intrusion
2025-05-19 02:34:26 - [INFO] user login
2025-05-19 02:38:21 - [WARNING] Suspicious activity detected: malware
2025-05-19 02:46:25 - [INFO] user login
2025-05-19 02:52:33 - [WARNING] Suspicious activity detected: malware
2025-05-19 02:54:37 - [INFO] file uploaded
2025-05-19 02:57:34 - [INFO] backup completed
2025-05-19 02:59:34 - [INFO] backup completed
2025-05-19 03:03:10 - [INFO] email sent
2025-05-19 03:06:29 - [INFO] user login
2025-05-19 03:17:20 - [INFO] file uploaded
2025-05-19 03:38:37 - [INFO] user login
2025-05-19 03:42:41 - [WARNING] Suspicious activity detected: unauthorized_access
2025-05-19 03:44:54 - [INFO] file downloaded
2025-05-19 03:44:59 - [WARNING] Suspicious activity detected: ip_blocked
2025-05-19 03:46:06 - [INFO] backup completed
2025-05-19 03:48:35 - [WARNING] Suspicious activity detected: brute_force
2025-05-19 03:52:59 - [INFO] email sent
2025-05-19 03:54:53 - [INFO] email sent
2025-05-19 04:05:45 - [INFO] user login
2025-05-19 04:09:01 - [WARNING] Suspicious activity detected: ip_blocked
2025-05-19 04:12:23 - [INFO] email sent
2025-05-19 04:23:30 - [INFO] file downloaded
2025-05-19 04:26:17 - [INFO] email sent
2025-05-19 04:34:07 - [WARNING] Suspicious activity detected: ddos
2025-05-19 04:39:06 - [INFO] user login
2025-05-19 04:48:01 - [WARNING] Suspicious activity detected: unauthorized_access
2025-05-19 04:50:26 - [INFO] file downloaded
2025-05-19 04:55:53 - [WARNING] Suspicious activity detected: malware
2025-05-19 05:05:36 - [INFO] system check passed
2025-05-19 05:06:45 - [INFO] system check passed
2025-05-19 05:22:06 - [WARNING] Suspicious activity detected: ip_blocked
2025-05-19 05:28:39 - [INFO] user login
2025-05-19 05:32:37 - [INFO] config updated
2025-05-19 05:34:52 - [INFO] email sent
2025-05-19 05:37:37 - [INFO] system check passed
2025-05-19 05:46:26 - [WARNING] Suspicious activity detected: brute_force
2025-05-19 05:51:43 - [INFO] file uploaded
2025-05-19 06:03:38 - [WARNING] Suspicious activity detected: malware
2025-05-19 06:15:10 - [INFO] user login
2025-05-19 06:19:35 - [INFO] user login
2025-05-19 06:28:06 - [INFO] system check passed
2025-05-19 06:29:01 - [INFO] config updated
2025-05-19 06:29:19 - [WARNING] Suspicious activity detected: port_scan
2025-05-19 06:38:02 - [INFO] email sent
2025-05-19 06:39:40 - [INFO] backup completed
2025-05-19 06:45:56 - [INFO] user login
2025-05-19 06:51:34 - [WARNING] Suspicious activity detected: malware
2025-05-19 07:01:02 - [WARNING] Suspicious activity detected: intrusion
2025-05-19 07:19:00 - [INFO] backup completed
2025-05-19 07:22:21 - [INFO] file uploaded
2025-05-19 07:45:16 - [INFO] backup completed
2025-05-19 07:50:33 - [WARNING] Suspicious activity detected: brute_force
2025-05-19 07:55:37 - [INFO] config updated
2025-05-19 08:18:13 - [WARNING] Suspicious activity detected: ip_blocked
2025-05-19 08:18:54 - [INFO] config updated
2025-05-19 08:21:43 - [WARNING] Suspicious activity detected: unauthorized_access
2025-05-19 08:27:15 - [WARNING] Suspicious activity detected: ip_blocked
2025-05-19 08:35:48 - [INFO] system check passed
2025-05-19 08:36:28 - [INFO] user login
2025-05-19 08:56:46 - [WARNING] Suspicious activity detected: port_scan
2025-05-19 09:06:34 - [WARNING] Suspicious activity detected: ip_blocked
2025-05-19 09:24:09 - [INFO] file uploaded
2025-05-19 09:29:25 - [WARNING] Suspicious activity detected: ip_blocked
2025-05-19 09:40:21 - [INFO] file uploaded
2025-05-19 09:40:53 - [INFO] backup completed
2025-05-19 09:44:17 - [WARNING] Suspicious activity detected: unauthorized_access
2025-05-19 09:48:02 - [INFO] email sent
2025-05-19 09:49:45 - [WARNING] Suspicious activity detected: intrusion
2025-05-19 09:54:41 - [INFO] file uploaded
2025-05-19 09:55:19 - [INFO] config updated
2025-05-19 10:00:15 - [INFO] file downloaded
2025-05-19 10:01:07 - [INFO] system check passed
2025-05-19 10:03:43 - [INFO] file downloaded
2025-05-19 10:19:15 - [INFO] file downloaded
2025-05-19 10:24:08 - [INFO] system check passed
2025-05-19 10:26:06 - [INFO] user login
2025-05-19 10:31:31 - [INFO] system check passed
2025-05-19 10:39:51 - [INFO] config updated
2025-05-19 10:41:41 - [INFO] user login
2025-05-19 10:54:40 - [INFO] email sent
2025-05-19 11:09:30 - [WARNING] Suspicious activity detected: malware
2025-05-19 11:13:48 - [WARNING] Suspicious activity detected: brute_force
2025-05-19 11:16:02 - [INFO] email sent
2025-05-19 11:17:02 - [INFO] system check passed
2025-05-19 11:23:07 - [INFO] file downloaded
2025-05-19 11:25:38 - [INFO] backup completed
2025-05-19 11:35:51 - [INFO] system check passed
2025-05-19 11:56:42 - [INFO] system check passed
2025-05-19 11:59:01 - [INFO] user login
2025-05-19 12:00:59 - [INFO] backup completed
2025-05-19 12:12:18 - [INFO] email sent
2025-05-19 12:29:11 - [INFO] file uploaded
2025-05-19 12:38:02 - [INFO] file downloaded
2025-05-19 12:42:49 - [INFO] system check passed
2025-05-19 12:53:55 - [WARNING] Suspicious activity detected: ip_blocked
2025-05-19 13:06:18 - [INFO] email sent
2025-05-19 13:11:00 - [INFO] email sent
2025-05-19 13:16:09 - [WARNING] Suspicious activity detected: unauthorized_access
2025-05-19 13:22:50 - [WARNING] Suspicious activity detected: ip_blocked
2025-05-19 13:29:09 - [WARNING] Suspicious activity detected: ddos
2025-05-19 13:33:27 - [WARNING] Suspicious activity detected: intrusion
2025-05-19 13:51:03 - [INFO] file uploaded
2025-05-19 14:01:14 - [INFO] file downloaded
2025-05-19 14:04:37 - [INFO] system check passed
2025-05-19 14:05:03 - [INFO] system check passed
2025-05-19 14:07:53 - [INFO] file downloaded
2025-05-19 14:11:51 - [INFO] system check passed
2025-05-19 14:12:57 - [INFO] config updated
2025-05-19 14:16:29 - [INFO] email sent
2025-05-19 14:27:53 - [INFO] system check passed
2025-05-19 14:35:34 - [INFO] file uploaded
2025-05-19 14:46:14 - [INFO] system check passed
2025-05-19 14:49:07 - [WARNING] Suspicious activity detected: unauthorized_access
2025-05-19 15:03:12 - [INFO] file downloaded
2025-05-19 15:18:11 - [INFO] file uploaded
2025-05-19 15:19:43 - [INFO] email sent
2025-05-19 15:19:46 - [INFO] file uploaded
2025-05-19 15:25:50 - [INFO] user login
2025-05-19 15:52:16 - [INFO] file uploaded
2025-05-19 15:53:33 - [INFO] email sent
2025-05-19 15:53:55 - [INFO] backup completed
2025-05-19 16:03:14 - [WARNING] Suspicious activity detected: brute_force
2025-05-19 16:08:25 - [INFO] file uploaded
2025-05-19 16:10:59 - [INFO] backup completed
2025-05-19 16:33:12 - [INFO] file downloaded
2025-05-19 16:47:10 - [INFO] config updated
2025-05-19 16:49:10 - [INFO] file uploaded
2025-05-19 16:56:24 - [INFO] email sent
2025-05-19 16:58:57 - [INFO] config updated
2025-05-19 17:09:22 - [WARNING] Suspicious activity detected: ddos
2025-05-19 17:17:34 - [WARNING] Suspicious activity detected: ip_blocked
2025-05-19 17:31:55 - [WARNING] Suspicious activity detected: ip_blocked
2025-05-19 17:34:29 - [WARNING] Suspicious activity detected: sql_injection
2025-05-19 17:41:33 - [INFO] user login
2025-05-19 17:47:13 - [INFO] config updated
2025-05-19 17:49:24 - [INFO] config updated
2025-05-19 17:49:25 - [INFO] user login
2025-05-19 17:53:48 - [INFO] config updated
2025-05-19 17:55:15 - [INFO] file downloaded
2025-05-19 18:12:07 - [INFO] config updated
2025-05-19 18:36:09 - [INFO] backup completed
2025-05-19 18:40:31 - [INFO] config updated
2025-05-19 18:47:15 - [INFO] config updated
2025-05-19 18:52:14 - [INFO] config updated
2025-05-19 19:00:41 - [INFO] email sent
2025-05-19 19:00:48 - [WARNING] Suspicious activity detected: malware
2025-05-19 19:05:43 - [INFO] system check passed
2025-05-19 19:20:18 - [WARNING] Suspicious activity detected: intrusion
2025-05-19 19:55:18 - [INFO] file uploaded
2025-05-19 20:12:17 - [WARNING] Suspicious activity detected: port_scan
2025-05-19 20:27:01 - [WARNING] Suspicious activity detected: ddos
2025-05-19 20:42:22 - [WARNING] Suspicious activity detected: port_scan
2025-05-19 20:45:40 - [INFO] file downloaded
2025-05-19 20:55:46 - [WARNING] Suspicious activity detected: intrusion
2025-05-19 20:58:18 - [INFO] backup completed
2025-05-19 21:00:28 - [INFO] config updated
2025-05-19 21:02:28 - [WARNING] Suspicious activity detected: port_scan
2025-05-19 21:08:26 - [INFO] user login
2025-05-19 21:09:07 - [INFO] backup completed
2025-05-19 21:09:47 - [WARNING] Suspicious activity detected: port_scan
2025-05-19 21:20:36 - [INFO] file uploaded
2025-05-19 21:22:02 - [INFO] config updated
2025-05-19 21:29:01 - [INFO] user login
2025-05-19 21:59:01 - [WARNING] Suspicious activity detected: sql_injection
2025-05-19 22:43:16 - [WARNING] Suspicious activity detected: ip_blocked
2025-05-19 22:56:34 - [INFO] backup completed
2025-05-19 23:19:49 - [INFO] user login
2025-05-19 23:27:38 - [INFO] email sent
2025-05-19 23:32:14 - [INFO] user login
2025-05-19 23:34:14 - [WARNING] Suspicious activity detected: ip_blocked
2025-05-19 23:48:06 - [WARNING] Suspicious activity detected: brute_force
2025-05-19 23:50:52 - [INFO] user login
2025-05-19 23:58:05 - [INFO] email sent