2025-06-14 00:02:17 - [INFO] backup completed
2025-06-14 00:07:30 - [INFO] config updated
2025-06-14 00:12:26 - [INFO] file uploaded
2025-06-14 00:14:53 - [INFO] system check passed
2025-06-14 00:34:09 - [INFO] email sent
2025-06-14 00:39:12 - [WARNING] Suspicious activity detected: sql_injection
2025-06-14 00:40:04 - [WARNING] Suspicious activity detected: ip_blocked
2025-06-14 00:43:49 - [INFO] user login
2025-06-14 00:44:25 - [WARNING] Suspicious activity detected: unauthorized_access
2025-06-14 00:47:33 - [INFO] file downloaded
2025-06-14 00:53:17 - [INFO] user login
2025-06-14 01:00:03 - [INFO] file downloaded
2025-06-14 01:09:17 - [INFO] system check passed
2025-06-14 01:17:32 - [INFO] file uploaded
2025-06-14 01:20:01 - [WARNING] Suspicious activity detected: malware
2025-06-14 01:24:07 - [INFO] file uploaded
2025-06-14 01:31:12 - [INFO] file uploaded
2025-06-14 01:33:49 - [WARNING] Suspicious activity detected: unauthorized_access
2025-06-14 01:38:57 - [INFO] system check passed
2025-06-14 01:42:56 - [INFO] config updated
2025-06-14 01:50:19 - [WARNING] Suspicious activity detected: malware
2025-06-14 02:15:58 - [INFO] backup completed
2025-06-14 02:30:45 - [INFO] user login
2025-06-14 02:37:13 - [INFO] backup completed
2025-06-14 02:44:28 - [INFO] file downloaded
2025-06-14 02:54:04 - [INFO] backup completed
2025-06-14 02:55:57 - [WARNING] Suspicious activity detected: malware
2025-06-14 02:56:35 - [INFO] backup completed
2025-06-14 03:00:03 - [INFO] backup completed
2025-06-14 03:03:05 - [INFO] email sent
2025-06-14 03:05:46 - [INFO] user login
2025-06-14 03:11:23 - [INFO] email sent
2025-06-14 03:13:39 - [INFO] file uploaded
2025-06-14 03:20:32 - [INFO] file uploaded
2025-06-14 03:27:01 - [INFO] user login
2025-06-14 03:37:23 - [INFO] user login
2025-06-14 03:37:59 - [WARNING] Suspicious activity detected: unauthorized_access
2025-06-14 03:56:06 - [WARNING] Suspicious activity detected: ddos
2025-06-14 03:58:31 - [INFO] backup completed
2025-06-14 04:02:26 - [INFO] email sent
2025-06-14 04:10:41 - [INFO] file uploaded
2025-06-14 04:27:29 - [INFO] file downloaded
2025-06-14 04:34:30 - [INFO] config updated
2025-06-14 04:37:22 - [INFO] file uploaded
2025-06-14 04:46:53 - [INFO] config updated
2025-06-14 05:01:23 - [INFO] file downloaded
2025-06-14 05:02:19 - [WARNING] Suspicious activity detected: ddos
2025-06-14 05:11:13 - [WARNING] Suspicious activity detected: port_scan
2025-06-14 05:23:38 - [WARNING] Suspicious activity detected: ddos
2025-06-14 05:32:22 - [WARNING] Suspicious activity detected: sql_injection
2025-06-14 05:33:53 - [INFO] user login
2025-06-14 05:48:02 - [INFO] user login
2025-06-14 05:59:43 - [INFO] email sent
2025-06-14 06:22:04 - [INFO] file uploaded
2025-06-14 06:25:34 - [WARNING] Suspicious activity detected: malware
2025-06-14 06:27:07 - [INFO] file uploaded
2025-06-14 06:39:24 - [WARNING] Suspicious activity detected: unauthorized_access
2025-06-14 06:52:30 - [INFO] config updated
2025-06-14 07:01:09 - [INFO] email sent
2025-06-14 07:10:09 - [INFO] system check passed
2025-06-14 07:15:55 - [INFO] file downloaded
2025-06-14 07:26:26 - [INFO] backup completed
2025-06-14 07:43:18 - [INFO] config updated
2025-06-14 07:45:00 - [WARNING] Suspicious activity detected: brute_force
2025-06-14 07:47:48 - [WARNING] Suspicious activity detected: unauthorized_access
2025-06-14 07:50:58 - [INFO] config updated
2025-06-14 08:08:06 - [WARNING] Suspicious activity detected: port_scan
2025-06-14 08:17:51 - [INFO] backup completed
2025-06-14 08:20:23 - [INFO] file downloaded
2025-06-14 08:20:28 - [INFO] backup completed
2025-06-14 08:28:26 - [INFO] backup completed
2025-06-14 08:41:21 - [INFO] file uploaded
2025-06-14 08:44:38 - [INFO] file uploaded
2025-06-14 08:56:07 - [WARNING] Suspicious activity detected: ip_blocked
2025-06-14 08:56:09 - [INFO] user login
2025-06-14 08:56:16 - [INFO] file downloaded
2025-06-14 09:01:38 - [WARNING] Suspicious activity detected: intrusion
2025-06-14 09:02:20 - [INFO] config updated
2025-06-14 09:04:14 - [INFO] backup completed
2025-06-14 09:06:02 - [WARNING] Suspicious activity detected: sql_injection
2025-06-14 09:08:38 - [INFO] file uploaded
2025-06-14 09:22:40 - [INFO] config updated
2025-06-14 09:43:27 - [INFO] user login
2025-06-14 09:46:52 - [INFO] backup completed
2025-06-14 10:11:46 - [WARNING] Suspicious activity detected: unauthorized_access
2025-06-14 10:15:17 - [INFO] user login
2025-06-14 10:24:05 - [WARNING] Suspicious activity detected: port_scan
2025-06-14 10:28:52 - [WARNING] Suspicious activity detected: malware
2025-06-14 10:40:49 - [INFO] user login
2025-06-14 10:46:47 - [WARNING] Suspicious activity detected: port_scan
2025-06-14 10:55:27 - [INFO] user login
2025-06-14 11:00:21 - [INFO] file downloaded
2025-06-14 11:07:43 - [INFO] backup completed
2025-06-14 11:11:14 - [INFO] user login
2025-06-14 11:20:44 - [WARNING] Suspicious activity detected: brute_force
2025-06-14 11:30:30 - [INFO] system check passed
2025-06-14 11:44:17 - [WARNING] Suspicious activity detected: ddos
2025-06-14 11:50:51 - [INFO] config updated
2025-06-14 11:53:41 - [INFO] email sent
2025-06-14 12:03:00 - [INFO] file uploaded
2025-06-14 12:06:10 - [INFO] email sent
2025-06-14 12:08:07 - [INFO] file downloaded
2025-06-14 12:21:27 - [INFO] system check passed
2025-06-14 12:32:52 - [INFO] file downloaded
2025-06-14 12:39:30 - [INFO] backup completed
2025-06-14 12:56:11 - [WARNING] Suspicious activity detected: ddos
2025-06-14 12:58:13 - [INFO] file uploaded
2025-06-14 12:58:59 - [INFO] backup completed
2025-06-14 13:03:12 - [INFO] email sent
2025-06-14 13:05:00 - [INFO] backup completed
2025-06-14 13:23:07 - [INFO] backup completed
2025-06-14 13:25:00 - [WARNING] Suspicious activity detected: unauthorized_access
2025-06-14 13:27:54 - [INFO] file downloaded
2025-06-14 13:43:51 - [INFO] user login
2025-06-14 14:14:04 - [INFO] user login
2025-06-14 14:23:30 - [INFO] config updated
2025-06-14 14:27:59 - [INFO] backup completed
2025-06-14 14:30:18 - [WARNING] Suspicious activity detected: brute_force
2025-06-14 14:31:10 - [WARNING] Suspicious activity detected: malware
2025-06-14 14:34:08 - [WARNING] Suspicious activity detected: intrusion
2025-06-14 14:39:59 - [WARNING] Suspicious activity detected: intrusion
2025-06-14 14:44:54 - [WARNING] Suspicious activity detected: ddos
2025-06-14 14:46:57 - [INFO] file downloaded
2025-06-14 14:55:36 - [INFO] backup completed
2025-06-14 14:56:08 - [INFO] backup completed
2025-06-14 14:59:15 - [WARNING] Suspicious activity detected: intrusion
2025-06-14 15:07:16 - [INFO] config updated
2025-06-14 15:12:19 - [WARNING] Suspicious activity detected: ip_blocked
2025-06-14 15:22:38 - [INFO] backup completed
2025-06-14 15:24:31 - [INFO] file downloaded
2025-06-14 15:30:35 - [INFO] backup completed
2025-06-14 15:33:36 - [WARNING] Suspicious activity detected: brute_force
2025-06-14 15:40:21 - [INFO] email sent
2025-06-14 15:47:41 - [WARNING] Suspicious activity detected: malware
2025-06-14 16:04:51 - [INFO] config updated
2025-06-14 16:07:19 - [INFO] file uploaded
2025-06-14 16:07:22 - [INFO] backup completed
2025-06-14 16:08:12 - [INFO] email sent
2025-06-14 16:39:06 - [INFO] user login
2025-06-14 16:46:26 - [INFO] file uploaded
2025-06-14 16:47:06 - [INFO] email sent
2025-06-14 16:50:26 - [INFO] email sent
2025-06-14 17:08:56 - [INFO] file downloaded
2025-06-14 17:24:41 - [INFO] user login
2025-06-14 17:30:22 - [INFO] config updated
2025-06-14 17:36:15 - [INFO] backup completed
2025-06-14 17:49:35 - [INFO] file downloaded
2025-06-14 18:13:06 - [INFO] system check passed
2025-06-14 18:15:16 - [INFO] email sent
2025-06-14 18:21:37 - [INFO] email sent
2025-06-14 18:24:57 - [INFO] backup completed
2025-06-14 18:25:14 - [INFO] file downloaded
2025-06-14 18:26:38 - [INFO] user login
2025-06-14 18:27:57 - [WARNING] Suspicious activity detected: intrusion
2025-06-14 18:30:14 - [INFO] email sent
2025-06-14 18:42:33 - [INFO] backup completed
2025-06-14 18:59:47 - [INFO] file downloaded
2025-06-14 19:23:24 - [WARNING] Suspicious activity detected: ddos
2025-06-14 19:24:44 - [INFO] config updated
2025-06-14 19:26:59 - [WARNING] Suspicious activity detected: ddos
2025-06-14 19:37:41 - [INFO] system check passed
2025-06-14 19:38:07 - [WARNING] Suspicious activity detected: intrusion
2025-06-14 19:38:35 - [WARNING] Suspicious activity detected: ddos
2025-06-14 19:41:14 - [INFO] system check passed
2025-06-14 19:46:12 - [WARNING] Suspicious activity detected: port_scan
2025-06-14 19:46:46 - [INFO] user login
2025-06-14 19:48:16 - [WARNING] Suspicious activity detected: sql_injection
2025-06-14 19:48:30 - [INFO] backup completed
2025-06-14 20:13:04 - [INFO] backup completed
2025-06-14 20:13:57 - [WARNING] Suspicious activity detected: port_scan
2025-06-14 20:16:16 - [INFO] backup completed
2025-06-14 20:18:00 - [INFO] backup completed
2025-06-14 20:18:43 - [INFO] file uploaded
2025-06-14 20:33:21 - [INFO] user login
2025-06-14 20:44:22 - [INFO] email sent
2025-06-14 20:45:49 - [WARNING] Suspicious activity detected: brute_force
2025-06-14 20:58:36 - [INFO] file uploaded
2025-06-14 21:13:09 - [INFO] system check passed
2025-06-14 21:20:09 - [WARNING] Suspicious activity detected: unauthorized_access
2025-06-14 21:31:45 - [INFO] backup completed
2025-06-14 21:40:54 - [WARNING] Suspicious activity detected: port_scan
2025-06-14 21:49:10 - [INFO] user login
2025-06-14 21:53:57 - [WARNING] Suspicious activity detected: sql_injection
2025-06-14 22:03:33 - [INFO] file uploaded
2025-06-14 22:14:39 - [INFO] backup completed
2025-06-14 22:21:51 - [INFO] file uploaded
2025-06-14 22:22:15 - [INFO] user login
2025-06-14 22:22:26 - [INFO] user login
2025-06-14 22:22:45 - [INFO] backup completed
2025-06-14 22:28:45 - [INFO] file downloaded
2025-06-14 22:33:17 - [INFO] system check passed
2025-06-14 22:47:25 - [INFO] user login
2025-06-14 22:53:08 - [INFO] file downloaded
2025-06-14 22:55:10 - [INFO] user login
2025-06-14 23:00:48 - [INFO] file uploaded
2025-06-14 23:07:11 - [INFO] file downloaded
2025-06-14 23:18:13 - [INFO] system check passed
2025-06-14 23:23:46 - [INFO] system check passed
2025-06-14 23:24:55 - [WARNING] Suspicious activity detected: intrusion
2025-06-14 23:32:41 - [INFO] system check passed
2025-06-14 23:35:19 - [INFO] file uploaded
2025-06-14 23:35:55 - [INFO] backup completed
2025-06-14 23:40:18 - [WARNING] Suspicious activity detected: unauthorized_access
2025-06-14 23:41:35 - [INFO] file downloaded
2025-06-14 23:46:03 - [INFO] backup completed
2025-06-14 23:53:15 - [WARNING] Suspicious activity detected: malware
2025-06-14 23:59:09 - [INFO] config updated