2025-07-08 00:06:14 - [WARNING] Suspicious activity detected: sql_injection
2025-07-08 00:13:53 - [INFO] email sent
2025-07-08 00:24:19 - [INFO] config updated
2025-07-08 00:34:24 - [INFO] file uploaded
2025-07-08 00:34:57 - [INFO] system check passed
2025-07-08 00:37:53 - [INFO] system check passed
2025-07-08 00:39:53 - [INFO] email sent
2025-07-08 00:56:10 - [INFO] backup completed
2025-07-08 01:09:59 - [INFO] config updated
2025-07-08 01:12:55 - [INFO] config updated
2025-07-08 01:15:15 - [INFO] backup completed
2025-07-08 01:17:16 - [INFO] file uploaded
2025-07-08 01:46:52 - [INFO] email sent
2025-07-08 01:54:13 - [INFO] user login
2025-07-08 02:00:16 - [INFO] file uploaded
2025-07-08 02:12:15 - [INFO] file uploaded
2025-07-08 02:14:58 - [WARNING] Suspicious activity detected: ddos
2025-07-08 02:15:40 - [INFO] file uploaded
2025-07-08 02:24:04 - [WARNING] Suspicious activity detected: unauthorized_access
2025-07-08 02:30:44 - [WARNING] Suspicious activity detected: malware
2025-07-08 02:32:33 - [INFO] user login
2025-07-08 02:35:05 - [INFO] user login
2025-07-08 02:58:21 - [INFO] config updated
2025-07-08 03:00:11 - [INFO] file downloaded
2025-07-08 03:00:15 - [WARNING] Suspicious activity detected: ddos
2025-07-08 03:04:35 - [WARNING] Suspicious activity detected: ip_blocked
2025-07-08 03:11:48 - [INFO] email sent
2025-07-08 03:16:45 - [INFO] email sent
2025-07-08 03:17:51 - [INFO] email sent
2025-07-08 03:18:42 - [INFO] backup completed
2025-07-08 03:24:29 - [WARNING] Suspicious activity detected: sql_injection
2025-07-08 03:26:32 - [INFO] email sent
2025-07-08 03:27:59 - [WARNING] Suspicious activity detected: port_scan
2025-07-08 03:41:55 - [INFO] config updated
2025-07-08 03:43:40 - [WARNING] Suspicious activity detected: ddos
2025-07-08 03:44:01 - [INFO] file downloaded
2025-07-08 03:52:33 - [INFO] config updated
2025-07-08 03:55:12 - [INFO] file uploaded
2025-07-08 03:57:55 - [INFO] config updated
2025-07-08 04:00:39 - [INFO] email sent
2025-07-08 04:08:08 - [INFO] user login
2025-07-08 04:18:29 - [INFO] backup completed
2025-07-08 04:23:36 - [INFO] file downloaded
2025-07-08 04:34:03 - [INFO] file uploaded
2025-07-08 04:34:29 - [WARNING] Suspicious activity detected: intrusion
2025-07-08 04:38:06 - [INFO] system check passed
2025-07-08 04:47:43 - [WARNING] Suspicious activity detected: unauthorized_access
2025-07-08 04:51:41 - [INFO] file uploaded
2025-07-08 04:56:32 - [INFO] email sent
2025-07-08 04:57:34 - [INFO] email sent
2025-07-08 05:00:13 - [INFO] email sent
2025-07-08 05:01:43 - [WARNING] Suspicious activity detected: ddos
2025-07-08 05:12:01 - [INFO] config updated
2025-07-08 05:21:12 - [INFO] file uploaded
2025-07-08 05:21:43 - [INFO] file uploaded
2025-07-08 05:22:20 - [WARNING] Suspicious activity detected: brute_force
2025-07-08 05:24:17 - [WARNING] Suspicious activity detected: sql_injection
2025-07-08 05:28:45 - [INFO] backup completed
2025-07-08 05:31:39 - [INFO] file uploaded
2025-07-08 05:31:43 - [INFO] backup completed
2025-07-08 05:31:50 - [WARNING] Suspicious activity detected: intrusion
2025-07-08 05:45:28 - [INFO] config updated
2025-07-08 05:48:27 - [INFO] config updated
2025-07-08 05:50:15 - [WARNING] Suspicious activity detected: ip_blocked
2025-07-08 05:51:32 - [INFO] config updated
2025-07-08 06:00:23 - [INFO] config updated
2025-07-08 06:00:25 - [WARNING] Suspicious activity detected: intrusion
2025-07-08 06:04:29 - [INFO] config updated
2025-07-08 06:09:05 - [INFO] system check passed
2025-07-08 06:10:54 - [INFO] config updated
2025-07-08 06:12:04 - [WARNING] Suspicious activity detected: unauthorized_access
2025-07-08 06:12:54 - [INFO] backup completed
2025-07-08 06:14:06 - [INFO] email sent
2025-07-08 06:16:18 - [WARNING] Suspicious activity detected: port_scan
2025-07-08 06:30:31 - [INFO] email sent
2025-07-08 06:37:56 - [WARNING] Suspicious activity detected: ddos
2025-07-08 06:38:29 - [INFO] backup completed
2025-07-08 06:53:19 - [WARNING] Suspicious activity detected: ddos
2025-07-08 07:06:05 - [INFO] config updated
2025-07-08 07:12:46 - [INFO] system check passed
2025-07-08 07:26:45 - [INFO] config updated
2025-07-08 07:39:03 - [INFO] config updated
2025-07-08 07:47:36 - [WARNING] Suspicious activity detected: sql_injection
2025-07-08 07:48:24 - [WARNING] Suspicious activity detected: brute_force
2025-07-08 08:08:41 - [INFO] system check passed
2025-07-08 08:10:05 - [INFO] config updated
2025-07-08 08:12:52 - [INFO] file uploaded
2025-07-08 08:16:11 - [INFO] user login
2025-07-08 08:34:16 - [INFO] config updated
2025-07-08 08:36:10 - [WARNING] Suspicious activity detected: intrusion
2025-07-08 08:38:00 - [INFO] backup completed
2025-07-08 08:39:03 - [INFO] email sent
2025-07-08 08:50:54 - [INFO] config updated
2025-07-08 08:54:23 - [INFO] file downloaded
2025-07-08 09:08:28 - [INFO] file downloaded
2025-07-08 09:08:55 - [INFO] file downloaded
2025-07-08 09:24:40 - [INFO] system check passed
2025-07-08 09:37:06 - [INFO] backup completed
2025-07-08 09:38:04 - [INFO] user login
2025-07-08 09:43:13 - [INFO] config updated
2025-07-08 09:54:53 - [INFO] config updated
2025-07-08 09:56:53 - [INFO] user login
2025-07-08 09:58:15 - [INFO] file downloaded
2025-07-08 10:12:52 - [WARNING] Suspicious activity detected: brute_force
2025-07-08 10:18:43 - [INFO] config updated
2025-07-08 10:21:19 - [INFO] file downloaded
2025-07-08 10:21:39 - [INFO] user login
2025-07-08 10:21:42 - [INFO] file downloaded
2025-07-08 10:33:03 - [INFO] system check passed
2025-07-08 10:40:04 - [WARNING] Suspicious activity detected: malware
2025-07-08 10:47:29 - [INFO] file downloaded
2025-07-08 10:50:14 - [INFO] file uploaded
2025-07-08 10:59:50 - [INFO] email sent
2025-07-08 11:05:46 - [INFO] file uploaded
2025-07-08 11:16:25 - [INFO] backup completed
2025-07-08 11:17:50 - [INFO] file uploaded
2025-07-08 11:21:43 - [INFO] user login
2025-07-08 11:32:57 - [INFO] system check passed
2025-07-08 11:32:59 - [INFO] config updated
2025-07-08 11:42:42 - [INFO] backup completed
2025-07-08 11:47:06 - [INFO] file downloaded
2025-07-08 11:47:51 - [INFO] user login
2025-07-08 11:56:35 - [INFO] email sent
2025-07-08 11:58:03 - [INFO] email sent
2025-07-08 12:05:37 - [WARNING] Suspicious activity detected: port_scan
2025-07-08 12:23:18 - [WARNING] Suspicious activity detected: ip_blocked
2025-07-08 12:26:07 - [WARNING] Suspicious activity detected: ddos
2025-07-08 12:28:07 - [INFO] file downloaded
2025-07-08 12:29:51 - [INFO] backup completed
2025-07-08 12:30:43 - [INFO] file downloaded
2025-07-08 12:35:08 - [INFO] user login
2025-07-08 12:35:35 - [INFO] file downloaded
2025-07-08 12:36:08 - [INFO] config updated
2025-07-08 12:42:28 - [INFO] file uploaded
2025-07-08 12:43:15 - [WARNING] Suspicious activity detected: sql_injection
2025-07-08 12:48:15 - [WARNING] Suspicious activity detected: intrusion
2025-07-08 12:51:28 - [INFO] backup completed
2025-07-08 13:01:03 - [INFO] email sent
2025-07-08 13:09:33 - [WARNING] Suspicious activity detected: port_scan
2025-07-08 13:16:57 - [INFO] backup completed
2025-07-08 13:28:31 - [WARNING] Suspicious activity detected: sql_injection
2025-07-08 13:30:01 - [INFO] file downloaded
2025-07-08 13:34:13 - [WARNING] Suspicious activity detected: intrusion
2025-07-08 13:34:16 - [INFO] file downloaded
2025-07-08 13:46:34 - [INFO] file downloaded
2025-07-08 13:50:02 - [INFO] file downloaded
2025-07-08 13:50:53 - [INFO] backup completed
2025-07-08 14:01:32 - [INFO] system check passed
2025-07-08 14:12:03 - [INFO] backup completed
2025-07-08 14:15:46 - [WARNING] Suspicious activity detected: ddos
2025-07-08 14:23:40 - [INFO] email sent
2025-07-08 14:41:57 - [WARNING] Suspicious activity detected: ddos
2025-07-08 14:47:10 - [INFO] file downloaded
2025-07-08 14:47:43 - [INFO] user login
2025-07-08 14:49:13 - [INFO] file downloaded
2025-07-08 14:52:37 - [INFO] file uploaded
2025-07-08 14:54:41 - [INFO] backup completed
2025-07-08 15:11:04 - [INFO] file downloaded
2025-07-08 15:34:45 - [INFO] system check passed
2025-07-08 15:36:02 - [INFO] file uploaded
2025-07-08 15:49:29 - [WARNING] Suspicious activity detected: unauthorized_access
2025-07-08 15:55:04 - [WARNING] Suspicious activity detected: malware
2025-07-08 16:09:02 - [INFO] user login
2025-07-08 16:26:16 - [INFO] system check passed
2025-07-08 16:38:07 - [INFO] email sent
2025-07-08 16:42:55 - [INFO] config updated
2025-07-08 16:50:06 - [INFO] system check passed
2025-07-08 16:50:47 - [INFO] email sent
2025-07-08 16:56:04 - [WARNING] Suspicious activity detected: ddos
2025-07-08 17:06:32 - [INFO] file downloaded
2025-07-08 17:09:39 - [INFO] user login
2025-07-08 17:25:01 - [INFO] backup completed
2025-07-08 17:41:29 - [INFO] config updated
2025-07-08 17:42:14 - [INFO] email sent
2025-07-08 17:53:54 - [WARNING] Suspicious activity detected: sql_injection
2025-07-08 17:57:01 - [INFO] user login
2025-07-08 18:04:54 - [INFO] email sent
2025-07-08 18:20:40 - [WARNING] Suspicious activity detected: ddos
2025-07-08 18:35:05 - [INFO] email sent
2025-07-08 18:59:52 - [INFO] backup completed
2025-07-08 19:13:17 - [WARNING] Suspicious activity detected: sql_injection
2025-07-08 19:14:28 - [INFO] file uploaded
2025-07-08 19:15:11 - [INFO] file uploaded
2025-07-08 19:18:26 - [WARNING] Suspicious activity detected: intrusion
2025-07-08 19:23:00 - [INFO] file downloaded
2025-07-08 19:25:57 - [INFO] user login
2025-07-08 19:31:40 - [INFO] user login
2025-07-08 19:36:35 - [INFO] email sent
2025-07-08 19:43:41 - [INFO] config updated
2025-07-08 19:51:08 - [INFO] user login
2025-07-08 19:59:06 - [INFO] backup completed
2025-07-08 20:09:36 - [INFO] config updated
2025-07-08 20:21:30 - [INFO] email sent
2025-07-08 20:30:04 - [INFO] user login
2025-07-08 20:39:37 - [INFO] backup completed
2025-07-08 20:44:13 - [INFO] config updated
2025-07-08 20:45:53 - [WARNING] Suspicious activity detected: ip_blocked
2025-07-08 20:49:26 - [INFO] system check passed
2025-07-08 20:50:58 - [INFO] user login
2025-07-08 20:55:02 - [INFO] file downloaded
2025-07-08 20:56:57 - [INFO] file uploaded
2025-07-08 21:07:05 - [INFO] config updated
2025-07-08 21:12:31 - [INFO] system check passed
2025-07-08 21:16:23 - [WARNING] Suspicious activity detected: sql_injection
2025-07-08 21:24:52 - [INFO] user login
2025-07-08 21:30:14 - [INFO] email sent
2025-07-08 21:33:09 - [INFO] file uploaded
2025-07-08 21:34:56 - [INFO] system check passed
2025-07-08 21:35:24 - [INFO] backup completed
2025-07-08 21:38:44 - [INFO] config updated
2025-07-08 21:42:00 - [INFO] backup completed
2025-07-08 21:42:31 - [INFO] backup completed
2025-07-08 21:50:19 - [INFO] config updated
2025-07-08 22:05:11 - [INFO] file downloaded
2025-07-08 22:09:28 - [INFO] email sent
2025-07-08 22:09:33 - [INFO] file uploaded
2025-07-08 22:22:08 - [WARNING] Suspicious activity detected: malware
2025-07-08 22:30:51 - [WARNING] Suspicious activity detected: ddos
2025-07-08 22:32:00 - [WARNING] Suspicious activity detected: unauthorized_access
2025-07-08 22:38:26 - [WARNING] Suspicious activity detected: port_scan
2025-07-08 22:43:14 - [INFO] file uploaded
2025-07-08 22:43:33 - [WARNING] Suspicious activity detected: ddos
2025-07-08 22:44:59 - [WARNING] Suspicious activity detected: brute_force
2025-07-08 22:46:40 - [INFO] user login
2025-07-08 22:51:01 - [INFO] file downloaded
2025-07-08 22:54:01 - [INFO] file uploaded
2025-07-08 22:54:32 - [INFO] file downloaded
2025-07-08 23:23:24 - [INFO] file downloaded
2025-07-08 23:30:54 - [WARNING] Suspicious activity detected: ip_blocked
2025-07-08 23:42:31 - [INFO] file uploaded
2025-07-08 23:59:58 - [INFO] email sent