2025-06-28 00:12:20 - [INFO] file downloaded
2025-06-28 00:18:41 - [INFO] email sent
2025-06-28 00:29:42 - [INFO] user login
2025-06-28 00:30:52 - [INFO] email sent
2025-06-28 00:39:08 - [INFO] system check passed
2025-06-28 00:40:37 - [INFO] system check passed
2025-06-28 00:51:52 - [WARNING] Suspicious activity detected: intrusion
2025-06-28 00:54:17 - [INFO] file downloaded
2025-06-28 00:55:56 - [INFO] email sent
2025-06-28 01:16:28 - [INFO] file downloaded
2025-06-28 01:37:34 - [INFO] email sent
2025-06-28 01:39:49 - [INFO] config updated
2025-06-28 01:40:13 - [INFO] file uploaded
2025-06-28 01:44:36 - [INFO] file uploaded
2025-06-28 01:46:44 - [INFO] system check passed
2025-06-28 01:50:29 - [INFO] user login
2025-06-28 01:51:07 - [INFO] config updated
2025-06-28 02:00:26 - [WARNING] Suspicious activity detected: ip_blocked
2025-06-28 02:02:59 - [WARNING] Suspicious activity detected: unauthorized_access
2025-06-28 02:06:02 - [INFO] email sent
2025-06-28 02:09:23 - [INFO] backup completed
2025-06-28 02:14:15 - [INFO] config updated
2025-06-28 02:18:42 - [INFO] backup completed
2025-06-28 02:23:57 - [INFO] file uploaded
2025-06-28 02:42:39 - [INFO] system check passed
2025-06-28 02:43:21 - [INFO] file downloaded
2025-06-28 02:51:19 - [INFO] config updated
2025-06-28 02:55:15 - [INFO] user login
2025-06-28 02:55:36 - [INFO] config updated
2025-06-28 02:55:53 - [INFO] email sent
2025-06-28 03:01:09 - [WARNING] Suspicious activity detected: brute_force
2025-06-28 03:10:05 - [WARNING] Suspicious activity detected: sql_injection
2025-06-28 03:12:29 - [INFO] user login
2025-06-28 03:14:36 - [INFO] backup completed
2025-06-28 03:24:42 - [INFO] file uploaded
2025-06-28 03:35:28 - [INFO] backup completed
2025-06-28 03:38:49 - [INFO] file downloaded
2025-06-28 03:41:58 - [INFO] backup completed
2025-06-28 03:46:04 - [INFO] file uploaded
2025-06-28 03:53:13 - [WARNING] Suspicious activity detected: sql_injection
2025-06-28 03:56:55 - [INFO] email sent
2025-06-28 04:15:49 - [INFO] file downloaded
2025-06-28 04:19:37 - [WARNING] Suspicious activity detected: ip_blocked
2025-06-28 04:20:18 - [INFO] system check passed
2025-06-28 04:52:50 - [WARNING] Suspicious activity detected: unauthorized_access
2025-06-28 04:56:51 - [INFO] backup completed
2025-06-28 05:02:01 - [INFO] email sent
2025-06-28 05:03:23 - [INFO] email sent
2025-06-28 05:05:09 - [INFO] email sent
2025-06-28 05:12:20 - [INFO] user login
2025-06-28 05:13:44 - [WARNING] Suspicious activity detected: port_scan
2025-06-28 05:18:07 - [INFO] backup completed
2025-06-28 05:26:05 - [WARNING] Suspicious activity detected: sql_injection
2025-06-28 05:48:02 - [INFO] system check passed
2025-06-28 05:58:32 - [INFO] system check passed
2025-06-28 06:11:29 - [INFO] file downloaded
2025-06-28 06:15:19 - [INFO] system check passed
2025-06-28 06:17:25 - [INFO] email sent
2025-06-28 06:24:40 - [INFO] file downloaded
2025-06-28 06:25:25 - [WARNING] Suspicious activity detected: malware
2025-06-28 06:29:36 - [INFO] email sent
2025-06-28 06:31:25 - [INFO] user login
2025-06-28 06:32:22 - [INFO] user login
2025-06-28 06:33:24 - [INFO] backup completed
2025-06-28 06:36:20 - [INFO] config updated
2025-06-28 06:38:56 - [INFO] system check passed
2025-06-28 06:41:49 - [INFO] email sent
2025-06-28 07:00:42 - [INFO] backup completed
2025-06-28 07:01:47 - [WARNING] Suspicious activity detected: unauthorized_access
2025-06-28 07:04:28 - [WARNING] Suspicious activity detected: intrusion
2025-06-28 07:13:00 - [INFO] email sent
2025-06-28 07:42:32 - [INFO] backup completed
2025-06-28 08:10:28 - [INFO] system check passed
2025-06-28 08:18:38 - [INFO] file downloaded
2025-06-28 08:35:29 - [INFO] config updated
2025-06-28 08:55:34 - [INFO] system check passed
2025-06-28 09:02:14 - [INFO] system check passed
2025-06-28 09:07:39 - [WARNING] Suspicious activity detected: ddos
2025-06-28 09:25:22 - [WARNING] Suspicious activity detected: sql_injection
2025-06-28 09:26:56 - [INFO] file uploaded
2025-06-28 09:35:33 - [WARNING] Suspicious activity detected: intrusion
2025-06-28 09:36:26 - [INFO] email sent
2025-06-28 09:36:45 - [INFO] system check passed
2025-06-28 09:40:46 - [INFO] file downloaded
2025-06-28 09:49:21 - [INFO] config updated
2025-06-28 09:50:21 - [INFO] system check passed
2025-06-28 09:59:04 - [INFO] config updated
2025-06-28 10:06:46 - [INFO] file uploaded
2025-06-28 10:07:16 - [INFO] config updated
2025-06-28 10:09:26 - [WARNING] Suspicious activity detected: port_scan
2025-06-28 10:23:43 - [INFO] file downloaded
2025-06-28 10:32:12 - [INFO] system check passed
2025-06-28 10:44:29 - [INFO] file uploaded
2025-06-28 10:53:57 - [WARNING] Suspicious activity detected: port_scan
2025-06-28 11:04:14 - [INFO] file downloaded
2025-06-28 11:07:46 - [INFO] email sent
2025-06-28 11:13:00 - [INFO] file uploaded
2025-06-28 11:49:43 - [INFO] file uploaded
2025-06-28 11:52:21 - [INFO] user login
2025-06-28 11:53:27 - [INFO] user login
2025-06-28 11:56:08 - [INFO] email sent
2025-06-28 11:56:45 - [INFO] email sent
2025-06-28 11:58:15 - [WARNING] Suspicious activity detected: port_scan
2025-06-28 12:07:12 - [INFO] user login
2025-06-28 12:09:18 - [WARNING] Suspicious activity detected: brute_force
2025-06-28 12:16:41 - [INFO] email sent
2025-06-28 12:19:01 - [INFO] file uploaded
2025-06-28 12:21:00 - [INFO] file downloaded
2025-06-28 12:23:22 - [INFO] email sent
2025-06-28 12:32:34 - [INFO] config updated
2025-06-28 12:33:06 - [INFO] system check passed
2025-06-28 13:00:06 - [INFO] config updated
2025-06-28 13:05:09 - [INFO] file uploaded
2025-06-28 13:15:26 - [INFO] backup completed
2025-06-28 13:24:21 - [INFO] email sent
2025-06-28 13:30:32 - [INFO] system check passed
2025-06-28 13:32:15 - [WARNING] Suspicious activity detected: malware
2025-06-28 13:38:00 - [INFO] system check passed
2025-06-28 13:45:28 - [INFO] user login
2025-06-28 13:46:20 - [INFO] file uploaded
2025-06-28 13:51:00 - [INFO] user login
2025-06-28 14:01:02 - [INFO] backup completed
2025-06-28 14:29:07 - [INFO] backup completed
2025-06-28 14:32:20 - [INFO] user login
2025-06-28 14:32:23 - [INFO] file downloaded
2025-06-28 14:36:16 - [INFO] file uploaded
2025-06-28 14:42:09 - [INFO] system check passed
2025-06-28 14:44:07 - [WARNING] Suspicious activity detected: port_scan
2025-06-28 14:49:15 - [WARNING] Suspicious activity detected: port_scan
2025-06-28 14:52:27 - [INFO] email sent
2025-06-28 14:53:35 - [WARNING] Suspicious activity detected: ip_blocked
2025-06-28 14:56:32 - [INFO] user login
2025-06-28 14:57:28 - [INFO] backup completed
2025-06-28 14:57:59 - [INFO] file downloaded
2025-06-28 14:59:23 - [INFO] config updated
2025-06-28 15:03:51 - [INFO] user login
2025-06-28 15:05:44 - [INFO] file downloaded
2025-06-28 15:11:58 - [INFO] system check passed
2025-06-28 15:19:35 - [INFO] file uploaded
2025-06-28 15:29:58 - [INFO] backup completed
2025-06-28 15:30:57 - [INFO] file downloaded
2025-06-28 15:50:48 - [INFO] file downloaded
2025-06-28 15:52:23 - [INFO] file uploaded
2025-06-28 16:03:27 - [INFO] system check passed
2025-06-28 16:08:26 - [WARNING] Suspicious activity detected: port_scan
2025-06-28 16:18:44 - [INFO] config updated
2025-06-28 16:27:49 - [INFO] user login
2025-06-28 16:30:36 - [WARNING] Suspicious activity detected: intrusion
2025-06-28 16:40:56 - [INFO] file downloaded
2025-06-28 16:42:39 - [WARNING] Suspicious activity detected: sql_injection
2025-06-28 16:44:32 - [INFO] email sent
2025-06-28 16:58:52 - [WARNING] Suspicious activity detected: intrusion
2025-06-28 17:06:52 - [INFO] backup completed
2025-06-28 17:19:02 - [INFO] email sent
2025-06-28 17:20:11 - [INFO] system check passed
2025-06-28 17:28:06 - [INFO] file downloaded
2025-06-28 17:28:46 - [INFO] file uploaded
2025-06-28 17:30:16 - [WARNING] Suspicious activity detected: port_scan
2025-06-28 17:53:04 - [WARNING] Suspicious activity detected: port_scan
2025-06-28 17:58:22 - [INFO] file downloaded
2025-06-28 18:08:14 - [INFO] file downloaded
2025-06-28 18:48:27 - [WARNING] Suspicious activity detected: unauthorized_access
2025-06-28 18:55:26 - [INFO] email sent
2025-06-28 18:58:06 - [INFO] backup completed
2025-06-28 19:06:05 - [INFO] user login
2025-06-28 19:38:32 - [WARNING] Suspicious activity detected: brute_force
2025-06-28 19:50:15 - [INFO] system check passed
2025-06-28 19:55:57 - [WARNING] Suspicious activity detected: intrusion
2025-06-28 20:35:43 - [WARNING] Suspicious activity detected: sql_injection
2025-06-28 20:44:10 - [INFO] file uploaded
2025-06-28 20:45:50 - [INFO] file downloaded
2025-06-28 21:02:02 - [WARNING] Suspicious activity detected: ip_blocked
2025-06-28 21:03:57 - [INFO] email sent
2025-06-28 21:06:27 - [INFO] file uploaded
2025-06-28 21:09:14 - [INFO] backup completed
2025-06-28 21:15:24 - [INFO] email sent
2025-06-28 21:19:42 - [INFO] file downloaded
2025-06-28 21:24:28 - [INFO] email sent
2025-06-28 21:24:52 - [WARNING] Suspicious activity detected: brute_force
2025-06-28 21:25:55 - [WARNING] Suspicious activity detected: unauthorized_access
2025-06-28 21:32:31 - [WARNING] Suspicious activity detected: malware
2025-06-28 21:47:10 - [WARNING] Suspicious activity detected: malware
2025-06-28 21:54:59 - [INFO] user login
2025-06-28 21:55:57 - [INFO] file uploaded
2025-06-28 22:05:40 - [INFO] backup completed
2025-06-28 22:16:48 - [INFO] email sent
2025-06-28 22:48:32 - [INFO] file uploaded
2025-06-28 22:53:24 - [WARNING] Suspicious activity detected: sql_injection
2025-06-28 22:57:45 - [INFO] email sent
2025-06-28 23:05:35 - [INFO] system check passed
2025-06-28 23:11:45 - [INFO] backup completed
2025-06-28 23:30:51 - [INFO] system check passed
2025-06-28 23:32:56 - [INFO] file uploaded
2025-06-28 23:36:55 - [INFO] user login
2025-06-28 23:37:40 - [WARNING] Suspicious activity detected: malware
2025-06-28 23:44:01 - [INFO] backup completed
2025-06-28 23:44:12 - [INFO] file downloaded
2025-06-28 23:46:10 - [INFO] config updated