2025-05-27 00:00:10 - [INFO] system check passed
2025-05-27 00:04:15 - [INFO] config updated
2025-05-27 00:06:01 - [INFO] email sent
2025-05-27 00:07:14 - [INFO] config updated
2025-05-27 00:10:31 - [INFO] file downloaded
2025-05-27 00:16:02 - [INFO] file uploaded
2025-05-27 00:23:42 - [WARNING] Suspicious activity detected: intrusion
2025-05-27 00:32:51 - [WARNING] Suspicious activity detected: intrusion
2025-05-27 00:41:01 - [WARNING] Suspicious activity detected: brute_force
2025-05-27 00:46:47 - [INFO] email sent
2025-05-27 00:47:47 - [INFO] file uploaded
2025-05-27 00:50:07 - [INFO] user login
2025-05-27 00:52:22 - [INFO] file downloaded
2025-05-27 00:52:47 - [INFO] file downloaded
2025-05-27 00:53:57 - [WARNING] Suspicious activity detected: port_scan
2025-05-27 00:57:20 - [INFO] file downloaded
2025-05-27 01:17:13 - [WARNING] Suspicious activity detected: brute_force
2025-05-27 01:19:46 - [WARNING] Suspicious activity detected: unauthorized_access
2025-05-27 01:22:01 - [WARNING] Suspicious activity detected: sql_injection
2025-05-27 01:22:17 - [INFO] system check passed
2025-05-27 01:28:24 - [INFO] backup completed
2025-05-27 01:32:42 - [INFO] file downloaded
2025-05-27 01:40:09 - [WARNING] Suspicious activity detected: malware
2025-05-27 01:52:53 - [INFO] config updated
2025-05-27 02:03:27 - [WARNING] Suspicious activity detected: sql_injection
2025-05-27 02:05:25 - [INFO] config updated
2025-05-27 02:32:34 - [INFO] file uploaded
2025-05-27 02:42:27 - [WARNING] Suspicious activity detected: ip_blocked
2025-05-27 02:47:05 - [INFO] email sent
2025-05-27 02:47:34 - [WARNING] Suspicious activity detected: ip_blocked
2025-05-27 02:57:15 - [WARNING] Suspicious activity detected: brute_force
2025-05-27 02:57:59 - [INFO] backup completed
2025-05-27 03:05:30 - [INFO] config updated
2025-05-27 03:06:39 - [INFO] system check passed
2025-05-27 03:15:59 - [WARNING] Suspicious activity detected: brute_force
2025-05-27 03:25:03 - [WARNING] Suspicious activity detected: malware
2025-05-27 03:26:34 - [INFO] file uploaded
2025-05-27 03:41:06 - [INFO] user login
2025-05-27 03:52:20 - [WARNING] Suspicious activity detected: ip_blocked
2025-05-27 03:55:03 - [INFO] file downloaded
2025-05-27 04:10:35 - [WARNING] Suspicious activity detected: ddos
2025-05-27 04:18:23 - [INFO] system check passed
2025-05-27 04:25:01 - [INFO] file uploaded
2025-05-27 04:37:38 - [WARNING] Suspicious activity detected: ip_blocked
2025-05-27 04:50:28 - [WARNING] Suspicious activity detected: intrusion
2025-05-27 04:53:26 - [INFO] backup completed
2025-05-27 04:56:34 - [INFO] file downloaded
2025-05-27 05:07:42 - [INFO] config updated
2025-05-27 05:10:32 - [WARNING] Suspicious activity detected: port_scan
2025-05-27 05:16:14 - [INFO] file uploaded
2025-05-27 05:31:46 - [WARNING] Suspicious activity detected: sql_injection
2025-05-27 05:36:32 - [INFO] file downloaded
2025-05-27 05:37:59 - [INFO] user login
2025-05-27 05:43:01 - [WARNING] Suspicious activity detected: malware
2025-05-27 05:46:38 - [WARNING] Suspicious activity detected: ip_blocked
2025-05-27 05:47:30 - [INFO] config updated
2025-05-27 05:51:40 - [INFO] backup completed
2025-05-27 05:59:27 - [INFO] file uploaded
2025-05-27 06:00:11 - [WARNING] Suspicious activity detected: intrusion
2025-05-27 06:07:56 - [INFO] file downloaded
2025-05-27 06:10:28 - [INFO] user login
2025-05-27 06:11:08 - [WARNING] Suspicious activity detected: brute_force
2025-05-27 06:11:27 - [INFO] email sent
2025-05-27 06:16:29 - [WARNING] Suspicious activity detected: intrusion
2025-05-27 06:17:47 - [INFO] file downloaded
2025-05-27 06:23:33 - [INFO] user login
2025-05-27 06:47:39 - [INFO] file uploaded
2025-05-27 07:03:24 - [INFO] file downloaded
2025-05-27 07:09:18 - [WARNING] Suspicious activity detected: unauthorized_access
2025-05-27 07:20:46 - [INFO] file downloaded
2025-05-27 07:21:49 - [WARNING] Suspicious activity detected: port_scan
2025-05-27 07:28:59 - [WARNING] Suspicious activity detected: brute_force
2025-05-27 07:42:45 - [INFO] config updated
2025-05-27 07:47:12 - [WARNING] Suspicious activity detected: intrusion
2025-05-27 07:47:55 - [INFO] email sent
2025-05-27 07:48:56 - [INFO] system check passed
2025-05-27 07:51:33 - [INFO] user login
2025-05-27 08:05:09 - [INFO] file downloaded
2025-05-27 08:17:08 - [INFO] config updated
2025-05-27 08:22:13 - [WARNING] Suspicious activity detected: malware
2025-05-27 08:26:46 - [INFO] file downloaded
2025-05-27 08:36:00 - [WARNING] Suspicious activity detected: ddos
2025-05-27 08:38:07 - [WARNING] Suspicious activity detected: ip_blocked
2025-05-27 08:39:18 - [WARNING] Suspicious activity detected: port_scan
2025-05-27 08:41:09 - [INFO] email sent
2025-05-27 08:57:38 - [WARNING] Suspicious activity detected: intrusion
2025-05-27 09:08:49 - [WARNING] Suspicious activity detected: intrusion
2025-05-27 09:08:51 - [INFO] file uploaded
2025-05-27 09:15:52 - [WARNING] Suspicious activity detected: intrusion
2025-05-27 09:17:25 - [WARNING] Suspicious activity detected: sql_injection
2025-05-27 09:19:12 - [WARNING] Suspicious activity detected: sql_injection
2025-05-27 09:19:35 - [WARNING] Suspicious activity detected: malware
2025-05-27 09:21:11 - [INFO] file downloaded
2025-05-27 09:29:11 - [INFO] config updated
2025-05-27 09:38:03 - [WARNING] Suspicious activity detected: intrusion
2025-05-27 09:39:24 - [INFO] file uploaded
2025-05-27 09:44:32 - [INFO] backup completed
2025-05-27 10:00:46 - [WARNING] Suspicious activity detected: ip_blocked
2025-05-27 10:05:25 - [INFO] email sent
2025-05-27 10:21:19 - [INFO] file downloaded
2025-05-27 10:28:50 - [INFO] file downloaded
2025-05-27 10:32:29 - [WARNING] Suspicious activity detected: malware
2025-05-27 10:43:17 - [WARNING] Suspicious activity detected: ip_blocked
2025-05-27 10:43:23 - [WARNING] Suspicious activity detected: malware
2025-05-27 10:49:04 - [WARNING] Suspicious activity detected: intrusion
2025-05-27 10:58:16 - [INFO] user login
2025-05-27 11:21:04 - [WARNING] Suspicious activity detected: ip_blocked
2025-05-27 11:29:17 - [WARNING] Suspicious activity detected: brute_force
2025-05-27 11:30:56 - [WARNING] Suspicious activity detected: ip_blocked
2025-05-27 11:34:57 - [INFO] file uploaded
2025-05-27 11:39:38 - [INFO] config updated
2025-05-27 11:42:57 - [INFO] user login
2025-05-27 11:49:36 - [INFO] backup completed
2025-05-27 12:04:03 - [WARNING] Suspicious activity detected: intrusion
2025-05-27 12:05:31 - [INFO] file uploaded
2025-05-27 12:07:08 - [INFO] file downloaded
2025-05-27 12:11:53 - [WARNING] Suspicious activity detected: malware
2025-05-27 12:20:40 - [INFO] file uploaded
2025-05-27 12:25:42 - [INFO] config updated
2025-05-27 12:32:05 - [WARNING] Suspicious activity detected: port_scan
2025-05-27 12:34:44 - [INFO] backup completed
2025-05-27 12:36:13 - [WARNING] Suspicious activity detected: port_scan
2025-05-27 12:40:33 - [INFO] file downloaded
2025-05-27 12:43:18 - [WARNING] Suspicious activity detected: ip_blocked
2025-05-27 12:44:20 - [WARNING] Suspicious activity detected: ip_blocked
2025-05-27 12:45:33 - [WARNING] Suspicious activity detected: sql_injection
2025-05-27 12:56:29 - [WARNING] Suspicious activity detected: malware
2025-05-27 12:56:44 - [WARNING] Suspicious activity detected: unauthorized_access
2025-05-27 12:58:51 - [WARNING] Suspicious activity detected: sql_injection
2025-05-27 13:01:23 - [INFO] user login
2025-05-27 13:08:02 - [INFO] system check passed
2025-05-27 13:36:43 - [WARNING] Suspicious activity detected: ddos
2025-05-27 13:38:36 - [WARNING] Suspicious activity detected: port_scan
2025-05-27 13:40:54 - [WARNING] Suspicious activity detected: intrusion
2025-05-27 14:07:34 - [INFO] backup completed
2025-05-27 14:17:13 - [WARNING] Suspicious activity detected: ip_blocked
2025-05-27 14:26:12 - [INFO] file downloaded
2025-05-27 14:42:08 - [INFO] file downloaded
2025-05-27 14:46:14 - [WARNING] Suspicious activity detected: malware
2025-05-27 14:53:10 - [WARNING] Suspicious activity detected: port_scan
2025-05-27 15:02:08 - [INFO] config updated
2025-05-27 15:11:17 - [WARNING] Suspicious activity detected: ddos
2025-05-27 15:23:38 - [INFO] backup completed
2025-05-27 15:24:53 - [INFO] file downloaded
2025-05-27 15:46:45 - [INFO] user login
2025-05-27 15:51:38 - [WARNING] Suspicious activity detected: malware
2025-05-27 15:55:46 - [INFO] system check passed
2025-05-27 16:00:13 - [INFO] config updated
2025-05-27 16:04:31 - [WARNING] Suspicious activity detected: sql_injection
2025-05-27 16:11:42 - [WARNING] Suspicious activity detected: malware
2025-05-27 16:18:29 - [WARNING] Suspicious activity detected: ip_blocked
2025-05-27 16:20:21 - [INFO] file uploaded
2025-05-27 16:37:40 - [INFO] file uploaded
2025-05-27 16:49:40 - [INFO] config updated
2025-05-27 16:49:44 - [INFO] file uploaded
2025-05-27 16:51:21 - [INFO] email sent
2025-05-27 16:52:55 - [WARNING] Suspicious activity detected: ddos
2025-05-27 16:55:49 - [WARNING] Suspicious activity detected: sql_injection
2025-05-27 16:57:12 - [INFO] file downloaded
2025-05-27 16:59:32 - [INFO] email sent
2025-05-27 17:08:43 - [INFO] backup completed
2025-05-27 17:18:35 - [WARNING] Suspicious activity detected: sql_injection
2025-05-27 17:23:02 - [INFO] email sent
2025-05-27 17:50:45 - [WARNING] Suspicious activity detected: malware
2025-05-27 17:52:46 - [INFO] file downloaded
2025-05-27 18:02:33 - [WARNING] Suspicious activity detected: brute_force
2025-05-27 18:08:49 - [INFO] email sent
2025-05-27 18:13:38 - [INFO] user login
2025-05-27 18:19:28 - [INFO] system check passed
2025-05-27 18:24:23 - [WARNING] Suspicious activity detected: ip_blocked
2025-05-27 18:26:07 - [WARNING] Suspicious activity detected: sql_injection
2025-05-27 18:30:23 - [INFO] config updated
2025-05-27 18:31:56 - [INFO] email sent
2025-05-27 18:43:05 - [INFO] system check passed
2025-05-27 18:53:22 - [INFO] file uploaded
2025-05-27 19:02:14 - [WARNING] Suspicious activity detected: sql_injection
2025-05-27 19:03:50 - [INFO] email sent
2025-05-27 19:09:24 - [INFO] config updated
2025-05-27 19:10:43 - [INFO] user login
2025-05-27 19:19:04 - [WARNING] Suspicious activity detected: malware
2025-05-27 19:25:32 - [INFO] file downloaded
2025-05-27 19:28:32 - [INFO] backup completed
2025-05-27 19:35:31 - [WARNING] Suspicious activity detected: unauthorized_access
2025-05-27 19:39:14 - [WARNING] Suspicious activity detected: intrusion
2025-05-27 19:53:00 - [INFO] config updated
2025-05-27 20:02:09 - [INFO] user login
2025-05-27 20:09:17 - [WARNING] Suspicious activity detected: ip_blocked
2025-05-27 20:10:20 - [INFO] user login
2025-05-27 20:19:32 - [INFO] backup completed
2025-05-27 20:25:00 - [INFO] file uploaded
2025-05-27 20:29:53 - [WARNING] Suspicious activity detected: sql_injection
2025-05-27 20:35:52 - [WARNING] Suspicious activity detected: sql_injection
2025-05-27 20:46:23 - [WARNING] Suspicious activity detected: sql_injection
2025-05-27 20:47:38 - [WARNING] Suspicious activity detected: intrusion
2025-05-27 20:47:48 - [WARNING] Suspicious activity detected: malware
2025-05-27 20:49:56 - [INFO] system check passed
2025-05-27 20:55:49 - [INFO] email sent
2025-05-27 20:57:33 - [INFO] file downloaded
2025-05-27 20:59:52 - [WARNING] Suspicious activity detected: ip_blocked
2025-05-27 21:00:11 - [WARNING] Suspicious activity detected: sql_injection
2025-05-27 21:01:31 - [WARNING] Suspicious activity detected: unauthorized_access
2025-05-27 21:06:39 - [INFO] file downloaded
2025-05-27 21:06:59 - [INFO] file uploaded
2025-05-27 21:09:38 - [INFO] file downloaded
2025-05-27 21:27:06 - [INFO] config updated
2025-05-27 21:35:38 - [WARNING] Suspicious activity detected: intrusion
2025-05-27 21:37:14 - [WARNING] Suspicious activity detected: brute_force
2025-05-27 21:37:58 - [INFO] email sent
2025-05-27 21:42:21 - [WARNING] Suspicious activity detected: unauthorized_access
2025-05-27 21:46:35 - [WARNING] Suspicious activity detected: intrusion
2025-05-27 21:46:35 - [INFO] system check passed
2025-05-27 21:46:37 - [INFO] config updated
2025-05-27 21:51:01 - [INFO] file uploaded
2025-05-27 21:54:50 - [INFO] file downloaded
2025-05-27 22:02:18 - [INFO] system check passed
2025-05-27 22:05:06 - [WARNING] Suspicious activity detected: brute_force
2025-05-27 22:05:06 - [WARNING] Suspicious activity detected: sql_injection
2025-05-27 22:07:24 - [INFO] email sent
2025-05-27 22:09:24 - [WARNING] Suspicious activity detected: intrusion
2025-05-27 22:19:10 - [WARNING] Suspicious activity detected: unauthorized_access
2025-05-27 22:26:00 - [WARNING] Suspicious activity detected: sql_injection
2025-05-27 22:33:53 - [WARNING] Suspicious activity detected: ip_blocked
2025-05-27 22:42:16 - [INFO] email sent
2025-05-27 22:46:05 - [INFO] email sent
2025-05-27 22:47:01 - [INFO] file downloaded
2025-05-27 22:51:44 - [INFO] email sent
2025-05-27 22:53:34 - [INFO] system check passed
2025-05-27 22:57:13 - [INFO] backup completed
2025-05-27 23:01:17 - [INFO] file downloaded
2025-05-27 23:05:19 - [INFO] system check passed
2025-05-27 23:15:24 - [INFO] config updated
2025-05-27 23:26:40 - [WARNING] Suspicious activity detected: ip_blocked
2025-05-27 23:28:16 - [INFO] file uploaded
2025-05-27 23:30:44 - [INFO] config updated
2025-05-27 23:32:09 - [WARNING] Suspicious activity detected: sql_injection
2025-05-27 23:50:31 - [WARNING] Suspicious activity detected: ip_blocked
2025-05-27 23:54:51 - [WARNING] Suspicious activity detected: malware
2025-05-27 23:59:59 - [WARNING] Suspicious activity detected: sql_injection