2025-06-12 00:01:23 - [INFO] email sent
2025-06-12 00:02:09 - [INFO] email sent
2025-06-12 00:11:16 - [INFO] config updated
2025-06-12 00:11:51 - [INFO] file downloaded
2025-06-12 00:23:10 - [WARNING] Suspicious activity detected: ip_blocked
2025-06-12 00:44:09 - [INFO] backup completed
2025-06-12 01:02:36 - [WARNING] Suspicious activity detected: ddos
2025-06-12 01:04:07 - [WARNING] Suspicious activity detected: port_scan
2025-06-12 01:06:21 - [INFO] email sent
2025-06-12 01:07:38 - [WARNING] Suspicious activity detected: ddos
2025-06-12 01:17:06 - [INFO] backup completed
2025-06-12 01:18:57 - [INFO] file uploaded
2025-06-12 01:20:08 - [INFO] email sent
2025-06-12 01:20:42 - [INFO] backup completed
2025-06-12 01:25:29 - [INFO] file downloaded
2025-06-12 01:25:59 - [INFO] file downloaded
2025-06-12 01:26:13 - [WARNING] Suspicious activity detected: ddos
2025-06-12 01:28:36 - [INFO] file uploaded
2025-06-12 01:29:30 - [INFO] user login
2025-06-12 01:30:13 - [INFO] file downloaded
2025-06-12 01:32:15 - [WARNING] Suspicious activity detected: ddos
2025-06-12 01:35:05 - [INFO] file downloaded
2025-06-12 01:48:22 - [WARNING] Suspicious activity detected: brute_force
2025-06-12 02:09:05 - [WARNING] Suspicious activity detected: ddos
2025-06-12 02:09:16 - [INFO] backup completed
2025-06-12 02:13:44 - [INFO] backup completed
2025-06-12 02:20:28 - [INFO] file uploaded
2025-06-12 02:20:48 - [INFO] config updated
2025-06-12 02:57:03 - [INFO] user login
2025-06-12 03:00:28 - [WARNING] Suspicious activity detected: port_scan
2025-06-12 03:06:30 - [INFO] email sent
2025-06-12 03:09:46 - [INFO] system check passed
2025-06-12 03:12:06 - [WARNING] Suspicious activity detected: ddos
2025-06-12 03:19:13 - [INFO] system check passed
2025-06-12 03:24:02 - [INFO] config updated
2025-06-12 03:31:38 - [INFO] email sent
2025-06-12 03:37:53 - [INFO] user login
2025-06-12 03:38:30 - [INFO] email sent
2025-06-12 03:40:06 - [INFO] email sent
2025-06-12 03:50:41 - [INFO] user login
2025-06-12 04:04:22 - [INFO] config updated
2025-06-12 04:10:10 - [INFO] file uploaded
2025-06-12 04:16:29 - [INFO] config updated
2025-06-12 04:22:26 - [INFO] config updated
2025-06-12 04:24:26 - [INFO] system check passed
2025-06-12 04:28:49 - [WARNING] Suspicious activity detected: malware
2025-06-12 04:41:33 - [INFO] system check passed
2025-06-12 04:59:52 - [INFO] file downloaded
2025-06-12 05:02:08 - [INFO] config updated
2025-06-12 05:11:26 - [INFO] file uploaded
2025-06-12 05:22:45 - [WARNING] Suspicious activity detected: ip_blocked
2025-06-12 05:27:37 - [INFO] backup completed
2025-06-12 05:27:59 - [INFO] backup completed
2025-06-12 05:40:38 - [WARNING] Suspicious activity detected: intrusion
2025-06-12 05:45:08 - [INFO] system check passed
2025-06-12 06:02:55 - [INFO] user login
2025-06-12 06:03:28 - [INFO] file uploaded
2025-06-12 06:04:50 - [INFO] file uploaded
2025-06-12 06:13:42 - [INFO] config updated
2025-06-12 06:23:44 - [WARNING] Suspicious activity detected: malware
2025-06-12 06:40:49 - [WARNING] Suspicious activity detected: malware
2025-06-12 06:41:25 - [INFO] config updated
2025-06-12 06:47:04 - [INFO] email sent
2025-06-12 06:47:32 - [INFO] system check passed
2025-06-12 07:03:11 - [INFO] backup completed
2025-06-12 07:07:17 - [INFO] file uploaded
2025-06-12 07:07:19 - [INFO] system check passed
2025-06-12 07:07:20 - [INFO] backup completed
2025-06-12 07:13:41 - [INFO] config updated
2025-06-12 07:35:24 - [INFO] backup completed
2025-06-12 07:56:55 - [WARNING] Suspicious activity detected: ddos
2025-06-12 08:00:52 - [WARNING] Suspicious activity detected: brute_force
2025-06-12 08:15:42 - [INFO] config updated
2025-06-12 08:32:09 - [INFO] system check passed
2025-06-12 08:37:27 - [INFO] email sent
2025-06-12 08:37:37 - [INFO] file uploaded
2025-06-12 08:39:03 - [INFO] file uploaded
2025-06-12 08:39:41 - [INFO] user login
2025-06-12 08:41:08 - [WARNING] Suspicious activity detected: ddos
2025-06-12 08:51:10 - [WARNING] Suspicious activity detected: ip_blocked
2025-06-12 09:13:43 - [WARNING] Suspicious activity detected: unauthorized_access
2025-06-12 09:22:53 - [INFO] user login
2025-06-12 09:25:27 - [INFO] config updated
2025-06-12 09:27:09 - [WARNING] Suspicious activity detected: sql_injection
2025-06-12 09:40:19 - [WARNING] Suspicious activity detected: brute_force
2025-06-12 09:41:35 - [INFO] file uploaded
2025-06-12 09:42:13 - [INFO] user login
2025-06-12 09:43:41 - [INFO] user login
2025-06-12 09:50:54 - [INFO] system check passed
2025-06-12 09:53:17 - [INFO] system check passed
2025-06-12 09:59:41 - [INFO] system check passed
2025-06-12 10:02:17 - [INFO] file downloaded
2025-06-12 10:03:42 - [INFO] email sent
2025-06-12 10:08:05 - [INFO] backup completed
2025-06-12 10:11:48 - [INFO] system check passed
2025-06-12 10:14:10 - [WARNING] Suspicious activity detected: intrusion
2025-06-12 10:17:19 - [INFO] email sent
2025-06-12 10:20:05 - [INFO] file downloaded
2025-06-12 10:20:18 - [INFO] system check passed
2025-06-12 10:30:16 - [INFO] file uploaded
2025-06-12 10:39:53 - [INFO] email sent
2025-06-12 10:47:31 - [INFO] system check passed
2025-06-12 11:12:14 - [INFO] file uploaded
2025-06-12 11:13:24 - [INFO] file uploaded
2025-06-12 11:31:58 - [WARNING] Suspicious activity detected: intrusion
2025-06-12 11:34:47 - [INFO] system check passed
2025-06-12 11:41:13 - [INFO] email sent
2025-06-12 11:41:24 - [INFO] config updated
2025-06-12 11:42:49 - [WARNING] Suspicious activity detected: brute_force
2025-06-12 11:44:36 - [WARNING] Suspicious activity detected: port_scan
2025-06-12 11:53:31 - [INFO] email sent
2025-06-12 11:56:52 - [INFO] email sent
2025-06-12 12:04:55 - [WARNING] Suspicious activity detected: port_scan
2025-06-12 12:12:20 - [INFO] system check passed
2025-06-12 12:15:35 - [INFO] file downloaded
2025-06-12 12:23:18 - [INFO] system check passed
2025-06-12 12:30:57 - [WARNING] Suspicious activity detected: brute_force
2025-06-12 12:31:23 - [INFO] config updated
2025-06-12 12:36:42 - [INFO] file downloaded
2025-06-12 12:44:37 - [INFO] backup completed
2025-06-12 12:50:54 - [INFO] file downloaded
2025-06-12 12:55:42 - [INFO] file uploaded
2025-06-12 13:01:21 - [WARNING] Suspicious activity detected: sql_injection
2025-06-12 13:03:09 - [WARNING] Suspicious activity detected: sql_injection
2025-06-12 13:12:37 - [INFO] backup completed
2025-06-12 13:15:17 - [WARNING] Suspicious activity detected: intrusion
2025-06-12 13:30:21 - [INFO] system check passed
2025-06-12 13:55:16 - [WARNING] Suspicious activity detected: sql_injection
2025-06-12 13:55:24 - [INFO] file downloaded
2025-06-12 13:57:50 - [WARNING] Suspicious activity detected: ddos
2025-06-12 14:05:26 - [INFO] file uploaded
2025-06-12 14:05:56 - [INFO] email sent
2025-06-12 14:06:57 - [INFO] config updated
2025-06-12 14:10:47 - [WARNING] Suspicious activity detected: ddos
2025-06-12 14:12:53 - [INFO] file uploaded
2025-06-12 14:19:04 - [INFO] backup completed
2025-06-12 14:22:28 - [INFO] backup completed
2025-06-12 14:27:10 - [WARNING] Suspicious activity detected: brute_force
2025-06-12 14:29:01 - [INFO] config updated
2025-06-12 14:36:31 - [INFO] backup completed
2025-06-12 14:40:13 - [INFO] user login
2025-06-12 14:42:53 - [INFO] file uploaded
2025-06-12 14:48:49 - [INFO] file downloaded
2025-06-12 14:49:44 - [INFO] user login
2025-06-12 15:03:50 - [INFO] email sent
2025-06-12 15:06:15 - [INFO] file uploaded
2025-06-12 15:09:57 - [INFO] config updated
2025-06-12 15:13:03 - [INFO] config updated
2025-06-12 15:15:35 - [WARNING] Suspicious activity detected: ddos
2025-06-12 15:15:47 - [INFO] backup completed
2025-06-12 15:18:25 - [INFO] config updated
2025-06-12 15:35:57 - [WARNING] Suspicious activity detected: sql_injection
2025-06-12 15:37:53 - [WARNING] Suspicious activity detected: brute_force
2025-06-12 15:49:03 - [WARNING] Suspicious activity detected: malware
2025-06-12 15:54:56 - [INFO] system check passed
2025-06-12 15:56:12 - [INFO] backup completed
2025-06-12 15:58:56 - [INFO] email sent
2025-06-12 15:59:52 - [INFO] system check passed
2025-06-12 16:09:41 - [INFO] system check passed
2025-06-12 16:16:14 - [WARNING] Suspicious activity detected: unauthorized_access
2025-06-12 16:23:40 - [INFO] email sent
2025-06-12 16:24:29 - [WARNING] Suspicious activity detected: ip_blocked
2025-06-12 16:30:22 - [INFO] file downloaded
2025-06-12 16:32:38 - [INFO] backup completed
2025-06-12 16:50:59 - [INFO] backup completed
2025-06-12 17:06:36 - [WARNING] Suspicious activity detected: ip_blocked
2025-06-12 17:07:07 - [INFO] email sent
2025-06-12 17:09:36 - [INFO] file uploaded
2025-06-12 17:13:36 - [INFO] user login
2025-06-12 17:20:50 - [INFO] backup completed
2025-06-12 17:22:44 - [INFO] system check passed
2025-06-12 17:24:58 - [WARNING] Suspicious activity detected: port_scan
2025-06-12 17:25:46 - [INFO] file downloaded
2025-06-12 17:30:43 - [INFO] email sent
2025-06-12 17:31:19 - [WARNING] Suspicious activity detected: ip_blocked
2025-06-12 17:40:18 - [INFO] email sent
2025-06-12 17:44:51 - [INFO] file downloaded
2025-06-12 17:49:23 - [INFO] user login
2025-06-12 17:55:11 - [INFO] config updated
2025-06-12 17:57:03 - [INFO] config updated
2025-06-12 17:57:08 - [INFO] config updated
2025-06-12 17:59:37 - [WARNING] Suspicious activity detected: ddos
2025-06-12 18:09:31 - [INFO] user login
2025-06-12 18:10:46 - [INFO] user login
2025-06-12 18:19:24 - [INFO] user login
2025-06-12 18:25:12 - [INFO] file uploaded
2025-06-12 18:29:29 - [INFO] system check passed
2025-06-12 19:00:34 - [INFO] email sent
2025-06-12 19:00:40 - [INFO] user login
2025-06-12 19:06:18 - [WARNING] Suspicious activity detected: malware
2025-06-12 19:16:31 - [INFO] config updated
2025-06-12 19:23:29 - [INFO] file uploaded
2025-06-12 19:26:26 - [INFO] config updated
2025-06-12 19:31:24 - [INFO] email sent
2025-06-12 19:34:59 - [INFO] email sent
2025-06-12 19:35:16 - [INFO] backup completed
2025-06-12 19:36:16 - [INFO] file uploaded
2025-06-12 19:53:15 - [INFO] email sent
2025-06-12 19:56:12 - [WARNING] Suspicious activity detected: ddos
2025-06-12 20:04:11 - [INFO] system check passed
2025-06-12 20:14:14 - [INFO] system check passed
2025-06-12 20:21:26 - [INFO] file downloaded
2025-06-12 20:39:20 - [WARNING] Suspicious activity detected: unauthorized_access
2025-06-12 20:40:54 - [WARNING] Suspicious activity detected: ddos
2025-06-12 20:43:10 - [INFO] system check passed
2025-06-12 20:51:11 - [INFO] backup completed
2025-06-12 20:52:15 - [INFO] system check passed
2025-06-12 21:02:32 - [WARNING] Suspicious activity detected: intrusion
2025-06-12 21:05:45 - [WARNING] Suspicious activity detected: ddos
2025-06-12 21:07:54 - [INFO] backup completed
2025-06-12 21:09:44 - [WARNING] Suspicious activity detected: port_scan
2025-06-12 21:33:22 - [WARNING] Suspicious activity detected: port_scan
2025-06-12 21:43:20 - [WARNING] Suspicious activity detected: brute_force
2025-06-12 21:52:50 - [INFO] file downloaded
2025-06-12 21:55:48 - [WARNING] Suspicious activity detected: ip_blocked
2025-06-12 21:56:30 - [INFO] system check passed
2025-06-12 21:58:39 - [INFO] config updated
2025-06-12 22:06:52 - [WARNING] Suspicious activity detected: intrusion
2025-06-12 22:11:49 - [INFO] email sent
2025-06-12 22:23:01 - [INFO] email sent
2025-06-12 22:29:28 - [WARNING] Suspicious activity detected: port_scan
2025-06-12 22:32:23 - [INFO] file downloaded
2025-06-12 22:34:28 - [INFO] file uploaded
2025-06-12 22:37:16 - [INFO] system check passed
2025-06-12 22:37:37 - [INFO] email sent
2025-06-12 22:37:54 - [INFO] file uploaded
2025-06-12 22:42:37 - [INFO] email sent
2025-06-12 22:43:34 - [WARNING] Suspicious activity detected: ddos
2025-06-12 23:01:38 - [INFO] backup completed
2025-06-12 23:09:39 - [INFO] email sent
2025-06-12 23:18:03 - [INFO] backup completed
2025-06-12 23:19:51 - [INFO] file downloaded
2025-06-12 23:22:30 - [INFO] file downloaded
2025-06-12 23:27:38 - [INFO] user login
2025-06-12 23:30:03 - [INFO] email sent
2025-06-12 23:32:21 - [WARNING] Suspicious activity detected: ip_blocked
2025-06-12 23:35:27 - [INFO] email sent
2025-06-12 23:39:06 - [INFO] backup completed
2025-06-12 23:39:49 - [INFO] user login
2025-06-12 23:50:02 - [INFO] user login
2025-06-12 23:51:59 - [INFO] user login
2025-06-12 23:54:02 - [WARNING] Suspicious activity detected: sql_injection
2025-06-12 23:55:35 - [INFO] file downloaded
2025-06-12 23:56:43 - [INFO] backup completed