2025-06-11 00:00:41 - [WARNING] Suspicious activity detected: malware
2025-06-11 00:04:40 - [INFO] user login
2025-06-11 00:07:01 - [INFO] file downloaded
2025-06-11 00:09:16 - [INFO] config updated
2025-06-11 00:13:10 - [INFO] config updated
2025-06-11 00:17:25 - [WARNING] Suspicious activity detected: sql_injection
2025-06-11 00:40:39 - [INFO] config updated
2025-06-11 01:03:28 - [INFO] file uploaded
2025-06-11 01:07:42 - [WARNING] Suspicious activity detected: port_scan
2025-06-11 01:08:44 - [WARNING] Suspicious activity detected: unauthorized_access
2025-06-11 01:10:19 - [INFO] file downloaded
2025-06-11 01:10:45 - [INFO] file uploaded
2025-06-11 01:11:17 - [WARNING] Suspicious activity detected: unauthorized_access
2025-06-11 01:19:49 - [WARNING] Suspicious activity detected: ddos
2025-06-11 01:45:18 - [WARNING] Suspicious activity detected: brute_force
2025-06-11 01:53:43 - [INFO] user login
2025-06-11 02:03:21 - [WARNING] Suspicious activity detected: ddos
2025-06-11 02:11:54 - [INFO] config updated
2025-06-11 02:15:17 - [INFO] system check passed
2025-06-11 02:26:22 - [WARNING] Suspicious activity detected: port_scan
2025-06-11 02:27:59 - [WARNING] Suspicious activity detected: ddos
2025-06-11 02:29:30 - [INFO] email sent
2025-06-11 02:31:39 - [INFO] file downloaded
2025-06-11 02:33:46 - [WARNING] Suspicious activity detected: intrusion
2025-06-11 02:42:55 - [INFO] backup completed
2025-06-11 02:44:26 - [WARNING] Suspicious activity detected: brute_force
2025-06-11 03:03:10 - [INFO] file downloaded
2025-06-11 03:06:28 - [WARNING] Suspicious activity detected: ddos
2025-06-11 03:14:52 - [INFO] config updated
2025-06-11 03:16:01 - [INFO] backup completed
2025-06-11 03:18:58 - [INFO] email sent
2025-06-11 03:36:29 - [WARNING] Suspicious activity detected: ddos
2025-06-11 03:54:32 - [INFO] email sent
2025-06-11 04:07:21 - [INFO] email sent
2025-06-11 04:11:23 - [WARNING] Suspicious activity detected: port_scan
2025-06-11 04:21:50 - [INFO] backup completed
2025-06-11 04:23:40 - [INFO] file uploaded
2025-06-11 04:31:17 - [INFO] backup completed
2025-06-11 04:44:18 - [INFO] user login
2025-06-11 04:52:03 - [INFO] system check passed
2025-06-11 04:57:45 - [WARNING] Suspicious activity detected: port_scan
2025-06-11 04:57:56 - [INFO] system check passed
2025-06-11 05:04:00 - [INFO] email sent
2025-06-11 05:20:21 - [WARNING] Suspicious activity detected: intrusion
2025-06-11 05:20:35 - [WARNING] Suspicious activity detected: malware
2025-06-11 05:24:02 - [WARNING] Suspicious activity detected: brute_force
2025-06-11 05:25:22 - [INFO] file uploaded
2025-06-11 05:32:03 - [WARNING] Suspicious activity detected: sql_injection
2025-06-11 05:49:12 - [WARNING] Suspicious activity detected: ip_blocked
2025-06-11 05:52:37 - [INFO] backup completed
2025-06-11 05:58:29 - [INFO] email sent
2025-06-11 06:00:28 - [INFO] user login
2025-06-11 06:00:49 - [INFO] user login
2025-06-11 06:12:32 - [WARNING] Suspicious activity detected: ddos
2025-06-11 06:13:06 - [WARNING] Suspicious activity detected: port_scan
2025-06-11 06:20:09 - [INFO] file downloaded
2025-06-11 06:20:59 - [WARNING] Suspicious activity detected: ip_blocked
2025-06-11 06:23:29 - [INFO] email sent
2025-06-11 06:25:23 - [WARNING] Suspicious activity detected: port_scan
2025-06-11 06:49:20 - [INFO] file downloaded
2025-06-11 06:49:55 - [WARNING] Suspicious activity detected: unauthorized_access
2025-06-11 06:54:33 - [INFO] config updated
2025-06-11 06:56:49 - [WARNING] Suspicious activity detected: unauthorized_access
2025-06-11 07:03:12 - [INFO] email sent
2025-06-11 07:18:22 - [INFO] email sent
2025-06-11 07:18:56 - [WARNING] Suspicious activity detected: sql_injection
2025-06-11 07:28:45 - [INFO] config updated
2025-06-11 07:36:34 - [WARNING] Suspicious activity detected: brute_force
2025-06-11 07:37:55 - [INFO] email sent
2025-06-11 07:51:04 - [WARNING] Suspicious activity detected: port_scan
2025-06-11 07:52:15 - [INFO] backup completed
2025-06-11 07:54:28 - [WARNING] Suspicious activity detected: ddos
2025-06-11 08:19:16 - [INFO] file downloaded
2025-06-11 08:24:25 - [INFO] backup completed
2025-06-11 08:41:01 - [INFO] email sent
2025-06-11 08:59:36 - [INFO] user login
2025-06-11 09:04:50 - [INFO] email sent
2025-06-11 09:08:17 - [INFO] config updated
2025-06-11 09:08:44 - [INFO] user login
2025-06-11 09:11:11 - [INFO] backup completed
2025-06-11 09:20:06 - [WARNING] Suspicious activity detected: intrusion
2025-06-11 09:42:29 - [WARNING] Suspicious activity detected: port_scan
2025-06-11 09:52:11 - [WARNING] Suspicious activity detected: ip_blocked
2025-06-11 09:58:15 - [WARNING] Suspicious activity detected: malware
2025-06-11 10:13:11 - [INFO] file downloaded
2025-06-11 10:14:41 - [WARNING] Suspicious activity detected: malware
2025-06-11 10:22:32 - [WARNING] Suspicious activity detected: port_scan
2025-06-11 10:30:21 - [WARNING] Suspicious activity detected: ddos
2025-06-11 10:35:24 - [WARNING] Suspicious activity detected: sql_injection
2025-06-11 10:37:11 - [WARNING] Suspicious activity detected: brute_force
2025-06-11 10:37:59 - [INFO] backup completed
2025-06-11 10:38:50 - [INFO] file uploaded
2025-06-11 10:42:33 - [INFO] system check passed
2025-06-11 10:55:43 - [WARNING] Suspicious activity detected: brute_force
2025-06-11 11:02:16 - [INFO] config updated
2025-06-11 11:03:15 - [INFO] email sent
2025-06-11 11:07:37 - [WARNING] Suspicious activity detected: unauthorized_access
2025-06-11 11:11:15 - [INFO] file uploaded
2025-06-11 11:23:51 - [INFO] backup completed
2025-06-11 11:34:44 - [WARNING] Suspicious activity detected: malware
2025-06-11 11:37:22 - [INFO] file uploaded
2025-06-11 11:38:30 - [WARNING] Suspicious activity detected: malware
2025-06-11 11:41:41 - [INFO] system check passed
2025-06-11 11:51:15 - [WARNING] Suspicious activity detected: ip_blocked
2025-06-11 11:55:32 - [WARNING] Suspicious activity detected: ip_blocked
2025-06-11 12:07:40 - [INFO] email sent
2025-06-11 12:21:51 - [INFO] email sent
2025-06-11 12:23:28 - [INFO] system check passed
2025-06-11 12:26:23 - [WARNING] Suspicious activity detected: malware
2025-06-11 12:32:50 - [WARNING] Suspicious activity detected: port_scan
2025-06-11 12:35:56 - [INFO] email sent
2025-06-11 12:38:28 - [WARNING] Suspicious activity detected: brute_force
2025-06-11 12:39:31 - [INFO] user login
2025-06-11 12:44:37 - [INFO] file uploaded
2025-06-11 12:49:43 - [WARNING] Suspicious activity detected: ip_blocked
2025-06-11 12:55:01 - [INFO] user login
2025-06-11 13:17:01 - [INFO] file downloaded
2025-06-11 13:17:05 - [WARNING] Suspicious activity detected: unauthorized_access
2025-06-11 13:17:28 - [WARNING] Suspicious activity detected: unauthorized_access
2025-06-11 13:19:58 - [INFO] config updated
2025-06-11 13:35:54 - [WARNING] Suspicious activity detected: ip_blocked
2025-06-11 13:37:25 - [INFO] system check passed
2025-06-11 13:39:18 - [WARNING] Suspicious activity detected: ip_blocked
2025-06-11 13:55:38 - [WARNING] Suspicious activity detected: ip_blocked
2025-06-11 14:03:33 - [INFO] config updated
2025-06-11 14:06:13 - [INFO] user login
2025-06-11 14:14:43 - [INFO] file uploaded
2025-06-11 14:15:59 - [INFO] file uploaded
2025-06-11 14:19:17 - [INFO] system check passed
2025-06-11 14:37:22 - [WARNING] Suspicious activity detected: brute_force
2025-06-11 14:42:14 - [INFO] system check passed
2025-06-11 14:45:08 - [WARNING] Suspicious activity detected: unauthorized_access
2025-06-11 14:52:38 - [INFO] email sent
2025-06-11 14:53:04 - [WARNING] Suspicious activity detected: intrusion
2025-06-11 14:53:30 - [INFO] email sent
2025-06-11 14:57:09 - [INFO] config updated
2025-06-11 15:05:58 - [INFO] email sent
2025-06-11 15:28:44 - [WARNING] Suspicious activity detected: brute_force
2025-06-11 15:34:41 - [INFO] system check passed
2025-06-11 15:49:43 - [INFO] user login
2025-06-11 15:53:18 - [INFO] system check passed
2025-06-11 15:53:21 - [INFO] config updated
2025-06-11 15:56:18 - [INFO] file uploaded
2025-06-11 16:02:57 - [WARNING] Suspicious activity detected: port_scan
2025-06-11 16:03:07 - [INFO] system check passed
2025-06-11 16:11:34 - [WARNING] Suspicious activity detected: intrusion
2025-06-11 16:19:28 - [INFO] file downloaded
2025-06-11 16:22:23 - [INFO] user login
2025-06-11 16:24:57 - [WARNING] Suspicious activity detected: brute_force
2025-06-11 16:25:11 - [INFO] system check passed
2025-06-11 16:32:47 - [WARNING] Suspicious activity detected: ddos
2025-06-11 16:34:29 - [WARNING] Suspicious activity detected: malware
2025-06-11 16:35:39 - [WARNING] Suspicious activity detected: brute_force
2025-06-11 16:36:08 - [INFO] user login
2025-06-11 16:37:58 - [WARNING] Suspicious activity detected: port_scan
2025-06-11 16:39:15 - [WARNING] Suspicious activity detected: intrusion
2025-06-11 16:41:11 - [WARNING] Suspicious activity detected: ddos
2025-06-11 17:03:18 - [INFO] backup completed
2025-06-11 17:04:21 - [WARNING] Suspicious activity detected: ddos
2025-06-11 17:10:32 - [INFO] file downloaded
2025-06-11 17:13:40 - [INFO] file downloaded
2025-06-11 17:18:48 - [WARNING] Suspicious activity detected: intrusion
2025-06-11 17:19:23 - [WARNING] Suspicious activity detected: intrusion
2025-06-11 17:20:30 - [WARNING] Suspicious activity detected: malware
2025-06-11 17:26:58 - [INFO] config updated
2025-06-11 17:27:13 - [WARNING] Suspicious activity detected: ip_blocked
2025-06-11 17:35:20 - [INFO] user login
2025-06-11 17:40:29 - [WARNING] Suspicious activity detected: ddos
2025-06-11 17:42:38 - [WARNING] Suspicious activity detected: port_scan
2025-06-11 17:42:44 - [WARNING] Suspicious activity detected: malware
2025-06-11 17:48:17 - [INFO] config updated
2025-06-11 17:48:59 - [INFO] system check passed
2025-06-11 17:49:16 - [INFO] file uploaded
2025-06-11 17:54:42 - [WARNING] Suspicious activity detected: intrusion
2025-06-11 17:54:45 - [INFO] file downloaded
2025-06-11 18:03:15 - [WARNING] Suspicious activity detected: brute_force
2025-06-11 18:03:49 - [WARNING] Suspicious activity detected: sql_injection
2025-06-11 18:12:43 - [WARNING] Suspicious activity detected: unauthorized_access
2025-06-11 18:21:05 - [INFO] system check passed
2025-06-11 18:33:55 - [INFO] file downloaded
2025-06-11 18:34:30 - [INFO] system check passed
2025-06-11 18:37:21 - [WARNING] Suspicious activity detected: sql_injection
2025-06-11 18:37:43 - [INFO] backup completed
2025-06-11 18:49:28 - [WARNING] Suspicious activity detected: sql_injection
2025-06-11 18:54:28 - [INFO] system check passed
2025-06-11 18:57:38 - [INFO] backup completed
2025-06-11 19:00:29 - [WARNING] Suspicious activity detected: ip_blocked
2025-06-11 19:04:06 - [INFO] file downloaded
2025-06-11 19:06:40 - [INFO] email sent
2025-06-11 19:06:57 - [INFO] backup completed
2025-06-11 19:21:33 - [WARNING] Suspicious activity detected: brute_force
2025-06-11 19:29:38 - [WARNING] Suspicious activity detected: sql_injection
2025-06-11 19:31:19 - [WARNING] Suspicious activity detected: port_scan
2025-06-11 19:34:29 - [INFO] backup completed
2025-06-11 19:47:39 - [WARNING] Suspicious activity detected: ddos
2025-06-11 19:56:56 - [INFO] backup completed
2025-06-11 19:57:46 - [INFO] system check passed
2025-06-11 20:16:01 - [INFO] backup completed
2025-06-11 20:16:39 - [INFO] system check passed
2025-06-11 20:19:33 - [INFO] email sent
2025-06-11 20:21:13 - [WARNING] Suspicious activity detected: ddos
2025-06-11 20:30:49 - [INFO] user login
2025-06-11 20:37:05 - [INFO] file downloaded
2025-06-11 20:37:44 - [INFO] config updated
2025-06-11 20:39:31 - [INFO] user login
2025-06-11 21:04:19 - [INFO] file downloaded
2025-06-11 21:33:27 - [WARNING] Suspicious activity detected: sql_injection
2025-06-11 21:35:33 - [INFO] user login
2025-06-11 21:38:24 - [INFO] file downloaded
2025-06-11 21:46:15 - [WARNING] Suspicious activity detected: ip_blocked
2025-06-11 22:02:07 - [INFO] file uploaded
2025-06-11 22:07:18 - [INFO] file uploaded
2025-06-11 22:10:48 - [INFO] file downloaded
2025-06-11 22:21:01 - [INFO] system check passed
2025-06-11 22:31:49 - [INFO] user login
2025-06-11 22:46:58 - [INFO] config updated
2025-06-11 22:54:00 - [INFO] user login
2025-06-11 22:56:58 - [WARNING] Suspicious activity detected: port_scan
2025-06-11 22:57:08 - [INFO] file downloaded
2025-06-11 23:01:50 - [WARNING] Suspicious activity detected: ip_blocked
2025-06-11 23:03:16 - [WARNING] Suspicious activity detected: port_scan
2025-06-11 23:14:03 - [WARNING] Suspicious activity detected: unauthorized_access
2025-06-11 23:14:06 - [WARNING] Suspicious activity detected: ip_blocked
2025-06-11 23:27:55 - [WARNING] Suspicious activity detected: brute_force
2025-06-11 23:31:18 - [WARNING] Suspicious activity detected: ddos
2025-06-11 23:36:54 - [WARNING] Suspicious activity detected: intrusion
2025-06-11 23:44:56 - [INFO] file uploaded
2025-06-11 23:45:32 - [INFO] email sent
2025-06-11 23:46:26 - [WARNING] Suspicious activity detected: brute_force
2025-06-11 23:46:31 - [WARNING] Suspicious activity detected: unauthorized_access
2025-06-11 23:49:06 - [WARNING] Suspicious activity detected: brute_force
2025-06-11 23:49:37 - [WARNING] Suspicious activity detected: ddos
2025-06-11 23:49:43 - [INFO] file uploaded
2025-06-11 23:57:45 - [INFO] user login
2025-06-11 23:59:07 - [WARNING] Suspicious activity detected: ddos
2025-06-11 23:59:24 - [INFO] file uploaded