2025-07-12 00:01:04 - [WARNING] Suspicious activity detected: ddos
2025-07-12 00:07:59 - [WARNING] Suspicious activity detected: brute_force
2025-07-12 00:10:22 - [INFO] user login
2025-07-12 00:15:50 - [WARNING] Suspicious activity detected: ddos
2025-07-12 00:24:46 - [WARNING] Suspicious activity detected: ip_blocked
2025-07-12 00:32:17 - [INFO] config updated
2025-07-12 00:33:40 - [INFO] system check passed
2025-07-12 00:36:10 - [INFO] backup completed
2025-07-12 00:39:46 - [INFO] backup completed
2025-07-12 00:41:54 - [WARNING] Suspicious activity detected: sql_injection
2025-07-12 01:01:14 - [INFO] user login
2025-07-12 01:05:48 - [INFO] file downloaded
2025-07-12 01:07:28 - [WARNING] Suspicious activity detected: ddos
2025-07-12 01:10:24 - [WARNING] Suspicious activity detected: port_scan
2025-07-12 01:17:42 - [INFO] file downloaded
2025-07-12 01:31:17 - [INFO] backup completed
2025-07-12 01:45:14 - [INFO] config updated
2025-07-12 01:52:50 - [INFO] config updated
2025-07-12 01:58:00 - [INFO] backup completed
2025-07-12 01:58:29 - [INFO] file downloaded
2025-07-12 02:00:05 - [WARNING] Suspicious activity detected: brute_force
2025-07-12 02:02:32 - [INFO] file downloaded
2025-07-12 02:02:37 - [WARNING] Suspicious activity detected: brute_force
2025-07-12 02:06:01 - [INFO] file uploaded
2025-07-12 02:08:04 - [INFO] backup completed
2025-07-12 02:11:36 - [WARNING] Suspicious activity detected: ip_blocked
2025-07-12 02:12:24 - [WARNING] Suspicious activity detected: ddos
2025-07-12 02:24:56 - [INFO] file downloaded
2025-07-12 02:29:30 - [INFO] user login
2025-07-12 02:29:45 - [WARNING] Suspicious activity detected: malware
2025-07-12 02:38:00 - [WARNING] Suspicious activity detected: intrusion
2025-07-12 02:56:43 - [WARNING] Suspicious activity detected: brute_force
2025-07-12 03:01:55 - [INFO] system check passed
2025-07-12 03:13:17 - [WARNING] Suspicious activity detected: ip_blocked
2025-07-12 03:17:27 - [INFO] email sent
2025-07-12 03:22:38 - [WARNING] Suspicious activity detected: ip_blocked
2025-07-12 03:31:30 - [WARNING] Suspicious activity detected: ddos
2025-07-12 03:32:25 - [INFO] config updated
2025-07-12 03:33:27 - [WARNING] Suspicious activity detected: intrusion
2025-07-12 03:34:32 - [WARNING] Suspicious activity detected: ip_blocked
2025-07-12 03:35:42 - [WARNING] Suspicious activity detected: port_scan
2025-07-12 03:35:47 - [INFO] email sent
2025-07-12 03:35:50 - [WARNING] Suspicious activity detected: sql_injection
2025-07-12 03:38:44 - [WARNING] Suspicious activity detected: unauthorized_access
2025-07-12 03:39:26 - [INFO] system check passed
2025-07-12 03:51:33 - [WARNING] Suspicious activity detected: intrusion
2025-07-12 03:54:42 - [INFO] backup completed
2025-07-12 03:56:47 - [INFO] file downloaded
2025-07-12 04:04:13 - [INFO] file uploaded
2025-07-12 04:09:26 - [WARNING] Suspicious activity detected: brute_force
2025-07-12 04:11:10 - [INFO] backup completed
2025-07-12 04:13:29 - [WARNING] Suspicious activity detected: intrusion
2025-07-12 04:23:11 - [WARNING] Suspicious activity detected: ip_blocked
2025-07-12 04:26:57 - [WARNING] Suspicious activity detected: unauthorized_access
2025-07-12 04:31:31 - [INFO] system check passed
2025-07-12 04:45:48 - [INFO] file downloaded
2025-07-12 04:50:46 - [INFO] user login
2025-07-12 04:52:23 - [INFO] file uploaded
2025-07-12 04:54:25 - [INFO] file downloaded
2025-07-12 04:59:14 - [INFO] config updated
2025-07-12 05:07:45 - [WARNING] Suspicious activity detected: malware
2025-07-12 05:09:15 - [INFO] file downloaded
2025-07-12 05:10:31 - [WARNING] Suspicious activity detected: ddos
2025-07-12 05:12:11 - [INFO] file downloaded
2025-07-12 05:14:12 - [WARNING] Suspicious activity detected: unauthorized_access
2025-07-12 05:14:54 - [INFO] file uploaded
2025-07-12 05:23:18 - [INFO] file uploaded
2025-07-12 05:44:25 - [WARNING] Suspicious activity detected: unauthorized_access
2025-07-12 05:56:32 - [INFO] email sent
2025-07-12 06:03:20 - [INFO] system check passed
2025-07-12 06:05:42 - [INFO] system check passed
2025-07-12 06:06:30 - [INFO] system check passed
2025-07-12 06:08:32 - [INFO] file uploaded
2025-07-12 06:10:45 - [WARNING] Suspicious activity detected: intrusion
2025-07-12 06:15:26 - [WARNING] Suspicious activity detected: intrusion
2025-07-12 06:15:31 - [WARNING] Suspicious activity detected: brute_force
2025-07-12 06:17:03 - [INFO] user login
2025-07-12 06:27:58 - [WARNING] Suspicious activity detected: unauthorized_access
2025-07-12 06:31:39 - [WARNING] Suspicious activity detected: unauthorized_access
2025-07-12 06:35:58 - [INFO] user login
2025-07-12 06:47:18 - [INFO] email sent
2025-07-12 06:51:59 - [INFO] email sent
2025-07-12 07:10:00 - [INFO] config updated
2025-07-12 07:24:36 - [WARNING] Suspicious activity detected: ddos
2025-07-12 07:30:12 - [WARNING] Suspicious activity detected: unauthorized_access
2025-07-12 07:31:23 - [INFO] backup completed
2025-07-12 07:33:34 - [INFO] backup completed
2025-07-12 07:34:35 - [INFO] user login
2025-07-12 07:36:02 - [INFO] file downloaded
2025-07-12 07:37:56 - [INFO] system check passed
2025-07-12 07:49:42 - [WARNING] Suspicious activity detected: ddos
2025-07-12 07:54:22 - [INFO] email sent
2025-07-12 07:55:21 - [WARNING] Suspicious activity detected: intrusion
2025-07-12 08:03:44 - [WARNING] Suspicious activity detected: ddos
2025-07-12 08:05:45 - [INFO] backup completed
2025-07-12 08:30:45 - [WARNING] Suspicious activity detected: malware
2025-07-12 08:32:42 - [INFO] user login
2025-07-12 08:42:44 - [INFO] user login
2025-07-12 08:52:34 - [INFO] config updated
2025-07-12 08:58:20 - [INFO] backup completed
2025-07-12 09:25:22 - [INFO] email sent
2025-07-12 09:33:44 - [WARNING] Suspicious activity detected: ip_blocked
2025-07-12 09:36:40 - [WARNING] Suspicious activity detected: ip_blocked
2025-07-12 09:41:26 - [INFO] file downloaded
2025-07-12 09:45:27 - [WARNING] Suspicious activity detected: intrusion
2025-07-12 10:01:31 - [INFO] system check passed
2025-07-12 10:11:12 - [WARNING] Suspicious activity detected: ddos
2025-07-12 10:19:20 - [WARNING] Suspicious activity detected: unauthorized_access
2025-07-12 10:21:22 - [WARNING] Suspicious activity detected: unauthorized_access
2025-07-12 10:26:20 - [WARNING] Suspicious activity detected: unauthorized_access
2025-07-12 10:31:11 - [INFO] file uploaded
2025-07-12 10:32:38 - [WARNING] Suspicious activity detected: malware
2025-07-12 10:40:26 - [WARNING] Suspicious activity detected: port_scan
2025-07-12 10:50:18 - [INFO] file downloaded
2025-07-12 11:00:56 - [WARNING] Suspicious activity detected: ddos
2025-07-12 11:01:30 - [INFO] system check passed
2025-07-12 11:04:21 - [WARNING] Suspicious activity detected: malware
2025-07-12 11:10:35 - [INFO] file downloaded
2025-07-12 11:10:45 - [INFO] user login
2025-07-12 11:16:30 - [WARNING] Suspicious activity detected: port_scan
2025-07-12 11:21:04 - [INFO] backup completed
2025-07-12 11:22:48 - [WARNING] Suspicious activity detected: port_scan
2025-07-12 11:25:13 - [INFO] email sent
2025-07-12 11:27:12 - [WARNING] Suspicious activity detected: malware
2025-07-12 11:35:16 - [INFO] email sent
2025-07-12 11:36:37 - [INFO] config updated
2025-07-12 11:36:42 - [INFO] file uploaded
2025-07-12 11:38:37 - [INFO] system check passed
2025-07-12 11:39:23 - [INFO] config updated
2025-07-12 11:45:29 - [WARNING] Suspicious activity detected: sql_injection
2025-07-12 11:56:50 - [WARNING] Suspicious activity detected: intrusion
2025-07-12 12:04:03 - [WARNING] Suspicious activity detected: ddos
2025-07-12 12:05:25 - [INFO] config updated
2025-07-12 12:07:47 - [WARNING] Suspicious activity detected: port_scan
2025-07-12 12:11:11 - [WARNING] Suspicious activity detected: brute_force
2025-07-12 12:12:56 - [WARNING] Suspicious activity detected: intrusion
2025-07-12 12:18:27 - [INFO] email sent
2025-07-12 12:20:07 - [INFO] system check passed
2025-07-12 12:25:56 - [WARNING] Suspicious activity detected: intrusion
2025-07-12 12:34:13 - [INFO] config updated
2025-07-12 12:51:44 - [INFO] file downloaded
2025-07-12 12:52:01 - [WARNING] Suspicious activity detected: brute_force
2025-07-12 12:52:24 - [INFO] email sent
2025-07-12 12:58:04 - [WARNING] Suspicious activity detected: intrusion
2025-07-12 13:00:32 - [WARNING] Suspicious activity detected: malware
2025-07-12 13:01:36 - [WARNING] Suspicious activity detected: port_scan
2025-07-12 13:05:07 - [WARNING] Suspicious activity detected: intrusion
2025-07-12 13:22:25 - [INFO] system check passed
2025-07-12 13:24:30 - [WARNING] Suspicious activity detected: port_scan
2025-07-12 13:34:57 - [INFO] file downloaded
2025-07-12 13:43:44 - [WARNING] Suspicious activity detected: ddos
2025-07-12 13:45:46 - [WARNING] Suspicious activity detected: intrusion
2025-07-12 13:56:10 - [WARNING] Suspicious activity detected: port_scan
2025-07-12 14:00:36 - [INFO] user login
2025-07-12 14:09:25 - [INFO] user login
2025-07-12 14:28:27 - [INFO] system check passed
2025-07-12 14:33:17 - [INFO] file uploaded
2025-07-12 14:34:03 - [INFO] system check passed
2025-07-12 14:51:54 - [WARNING] Suspicious activity detected: ddos
2025-07-12 14:57:30 - [WARNING] Suspicious activity detected: malware
2025-07-12 14:59:25 - [WARNING] Suspicious activity detected: ddos
2025-07-12 15:09:35 - [WARNING] Suspicious activity detected: malware
2025-07-12 15:11:45 - [INFO] config updated
2025-07-12 15:19:00 - [INFO] system check passed
2025-07-12 15:21:34 - [WARNING] Suspicious activity detected: malware
2025-07-12 15:21:35 - [WARNING] Suspicious activity detected: intrusion
2025-07-12 15:30:39 - [WARNING] Suspicious activity detected: ddos
2025-07-12 15:41:05 - [WARNING] Suspicious activity detected: port_scan
2025-07-12 15:43:42 - [WARNING] Suspicious activity detected: brute_force
2025-07-12 15:59:10 - [INFO] user login
2025-07-12 16:00:18 - [INFO] email sent
2025-07-12 16:03:25 - [INFO] system check passed
2025-07-12 16:19:46 - [INFO] system check passed
2025-07-12 16:20:33 - [INFO] file uploaded
2025-07-12 16:23:07 - [INFO] user login
2025-07-12 16:23:21 - [WARNING] Suspicious activity detected: ddos
2025-07-12 16:36:19 - [WARNING] Suspicious activity detected: brute_force
2025-07-12 16:53:09 - [INFO] file downloaded
2025-07-12 16:59:16 - [INFO] file uploaded
2025-07-12 17:13:28 - [WARNING] Suspicious activity detected: ip_blocked
2025-07-12 17:28:11 - [WARNING] Suspicious activity detected: sql_injection
2025-07-12 17:34:56 - [INFO] system check passed
2025-07-12 17:43:17 - [INFO] backup completed
2025-07-12 17:54:15 - [INFO] file uploaded
2025-07-12 18:22:48 - [INFO] config updated
2025-07-12 18:44:26 - [WARNING] Suspicious activity detected: port_scan
2025-07-12 18:45:38 - [WARNING] Suspicious activity detected: intrusion
2025-07-12 18:48:31 - [WARNING] Suspicious activity detected: port_scan
2025-07-12 18:56:54 - [INFO] file uploaded
2025-07-12 19:01:08 - [INFO] backup completed
2025-07-12 19:05:13 - [INFO] backup completed
2025-07-12 19:06:25 - [WARNING] Suspicious activity detected: malware
2025-07-12 19:06:35 - [INFO] backup completed
2025-07-12 19:12:56 - [WARNING] Suspicious activity detected: port_scan
2025-07-12 19:14:40 - [INFO] email sent
2025-07-12 19:25:02 - [INFO] user login
2025-07-12 19:28:23 - [INFO] file downloaded
2025-07-12 19:34:54 - [WARNING] Suspicious activity detected: sql_injection
2025-07-12 19:36:04 - [INFO] config updated
2025-07-12 19:40:12 - [INFO] config updated
2025-07-12 19:47:13 - [WARNING] Suspicious activity detected: sql_injection
2025-07-12 20:06:29 - [WARNING] Suspicious activity detected: malware
2025-07-12 20:28:40 - [INFO] system check passed
2025-07-12 21:00:10 - [INFO] user login
2025-07-12 21:09:21 - [INFO] user login
2025-07-12 21:16:40 - [INFO] config updated
2025-07-12 21:23:43 - [INFO] system check passed
2025-07-12 21:25:39 - [WARNING] Suspicious activity detected: unauthorized_access
2025-07-12 21:28:03 - [WARNING] Suspicious activity detected: port_scan
2025-07-12 21:37:34 - [INFO] backup completed
2025-07-12 21:39:13 - [INFO] backup completed
2025-07-12 21:44:18 - [INFO] email sent
2025-07-12 21:48:02 - [INFO] config updated
2025-07-12 21:53:47 - [WARNING] Suspicious activity detected: port_scan
2025-07-12 21:54:12 - [INFO] config updated
2025-07-12 22:05:31 - [WARNING] Suspicious activity detected: intrusion
2025-07-12 22:11:54 - [WARNING] Suspicious activity detected: intrusion
2025-07-12 22:12:54 - [WARNING] Suspicious activity detected: intrusion
2025-07-12 22:14:25 - [WARNING] Suspicious activity detected: intrusion
2025-07-12 22:16:47 - [INFO] user login
2025-07-12 22:21:56 - [INFO] config updated
2025-07-12 22:34:05 - [INFO] file downloaded
2025-07-12 22:37:21 - [WARNING] Suspicious activity detected: ip_blocked
2025-07-12 22:37:37 - [INFO] email sent
2025-07-12 22:38:00 - [WARNING] Suspicious activity detected: malware
2025-07-12 22:38:14 - [INFO] backup completed
2025-07-12 23:05:28 - [WARNING] Suspicious activity detected: malware
2025-07-12 23:19:11 - [INFO] file uploaded
2025-07-12 23:30:38 - [INFO] file uploaded
2025-07-12 23:31:41 - [INFO] file uploaded
2025-07-12 23:57:14 - [INFO] email sent
2025-07-12 23:59:55 - [INFO] file downloaded