2025-06-18 00:11:49 - [INFO] system check passed
2025-06-18 00:14:20 - [WARNING] Suspicious activity detected: unauthorized_access
2025-06-18 00:15:21 - [INFO] user login
2025-06-18 00:25:20 - [INFO] file downloaded
2025-06-18 00:27:44 - [WARNING] Suspicious activity detected: malware
2025-06-18 00:35:06 - [INFO] system check passed
2025-06-18 00:35:28 - [INFO] user login
2025-06-18 00:37:33 - [INFO] backup completed
2025-06-18 00:40:29 - [INFO] config updated
2025-06-18 00:44:47 - [WARNING] Suspicious activity detected: port_scan
2025-06-18 00:54:22 - [WARNING] Suspicious activity detected: intrusion
2025-06-18 00:58:30 - [INFO] backup completed
2025-06-18 01:11:51 - [INFO] file downloaded
2025-06-18 01:17:21 - [INFO] backup completed
2025-06-18 01:17:40 - [INFO] file uploaded
2025-06-18 01:32:02 - [INFO] file downloaded
2025-06-18 01:42:39 - [INFO] config updated
2025-06-18 01:44:53 - [WARNING] Suspicious activity detected: intrusion
2025-06-18 01:58:29 - [WARNING] Suspicious activity detected: unauthorized_access
2025-06-18 02:04:07 - [INFO] backup completed
2025-06-18 02:06:48 - [WARNING] Suspicious activity detected: ddos
2025-06-18 02:23:47 - [INFO] config updated
2025-06-18 02:38:28 - [INFO] file uploaded
2025-06-18 02:46:20 - [INFO] backup completed
2025-06-18 02:52:16 - [INFO] email sent
2025-06-18 02:53:53 - [INFO] system check passed
2025-06-18 03:00:39 - [INFO] email sent
2025-06-18 03:01:34 - [INFO] system check passed
2025-06-18 03:09:02 - [INFO] backup completed
2025-06-18 03:11:21 - [INFO] system check passed
2025-06-18 03:24:45 - [WARNING] Suspicious activity detected: malware
2025-06-18 03:27:11 - [INFO] user login
2025-06-18 03:30:50 - [WARNING] Suspicious activity detected: brute_force
2025-06-18 03:35:03 - [WARNING] Suspicious activity detected: intrusion
2025-06-18 03:36:08 - [INFO] config updated
2025-06-18 03:36:09 - [INFO] email sent
2025-06-18 03:55:10 - [INFO] user login
2025-06-18 03:57:51 - [WARNING] Suspicious activity detected: unauthorized_access
2025-06-18 03:59:36 - [INFO] email sent
2025-06-18 04:01:38 - [WARNING] Suspicious activity detected: ip_blocked
2025-06-18 04:01:55 - [INFO] file downloaded
2025-06-18 04:03:44 - [WARNING] Suspicious activity detected: sql_injection
2025-06-18 04:05:25 - [INFO] email sent
2025-06-18 04:13:58 - [INFO] system check passed
2025-06-18 04:18:10 - [INFO] config updated
2025-06-18 04:22:49 - [WARNING] Suspicious activity detected: sql_injection
2025-06-18 04:34:48 - [INFO] file uploaded
2025-06-18 04:38:13 - [INFO] user login
2025-06-18 04:39:57 - [INFO] file downloaded
2025-06-18 04:40:14 - [WARNING] Suspicious activity detected: malware
2025-06-18 04:47:55 - [WARNING] Suspicious activity detected: sql_injection
2025-06-18 04:48:59 - [INFO] file uploaded
2025-06-18 04:50:15 - [INFO] config updated
2025-06-18 04:52:29 - [WARNING] Suspicious activity detected: sql_injection
2025-06-18 04:52:58 - [INFO] system check passed
2025-06-18 04:59:04 - [WARNING] Suspicious activity detected: brute_force
2025-06-18 05:10:30 - [INFO] config updated
2025-06-18 05:28:57 - [INFO] email sent
2025-06-18 05:48:10 - [INFO] user login
2025-06-18 05:48:25 - [INFO] config updated
2025-06-18 05:48:56 - [WARNING] Suspicious activity detected: malware
2025-06-18 05:51:21 - [INFO] email sent
2025-06-18 06:01:22 - [INFO] system check passed
2025-06-18 06:04:14 - [WARNING] Suspicious activity detected: ddos
2025-06-18 06:09:27 - [WARNING] Suspicious activity detected: unauthorized_access
2025-06-18 06:23:10 - [INFO] file uploaded
2025-06-18 06:23:17 - [INFO] config updated
2025-06-18 06:24:59 - [INFO] file downloaded
2025-06-18 06:46:31 - [INFO] user login
2025-06-18 06:59:25 - [WARNING] Suspicious activity detected: port_scan
2025-06-18 07:01:13 - [WARNING] Suspicious activity detected: intrusion
2025-06-18 07:04:09 - [INFO] system check passed
2025-06-18 07:07:00 - [INFO] file downloaded
2025-06-18 07:07:22 - [INFO] backup completed
2025-06-18 07:09:49 - [WARNING] Suspicious activity detected: unauthorized_access
2025-06-18 07:17:24 - [INFO] file uploaded
2025-06-18 07:28:53 - [WARNING] Suspicious activity detected: unauthorized_access
2025-06-18 07:36:25 - [INFO] user login
2025-06-18 07:42:12 - [INFO] email sent
2025-06-18 07:54:15 - [INFO] user login
2025-06-18 08:06:52 - [INFO] user login
2025-06-18 08:11:55 - [INFO] user login
2025-06-18 08:16:43 - [WARNING] Suspicious activity detected: ddos
2025-06-18 08:24:29 - [WARNING] Suspicious activity detected: unauthorized_access
2025-06-18 08:36:30 - [WARNING] Suspicious activity detected: malware
2025-06-18 08:43:16 - [INFO] config updated
2025-06-18 08:45:58 - [WARNING] Suspicious activity detected: port_scan
2025-06-18 08:53:28 - [INFO] config updated
2025-06-18 08:57:16 - [WARNING] Suspicious activity detected: sql_injection
2025-06-18 09:07:37 - [INFO] backup completed
2025-06-18 09:16:11 - [WARNING] Suspicious activity detected: port_scan
2025-06-18 09:18:08 - [INFO] email sent
2025-06-18 09:37:14 - [INFO] config updated
2025-06-18 09:38:21 - [WARNING] Suspicious activity detected: brute_force
2025-06-18 09:41:06 - [WARNING] Suspicious activity detected: ip_blocked
2025-06-18 09:42:48 - [INFO] user login
2025-06-18 09:43:28 - [WARNING] Suspicious activity detected: malware
2025-06-18 09:53:21 - [INFO] config updated
2025-06-18 09:54:34 - [INFO] system check passed
2025-06-18 10:14:30 - [INFO] backup completed
2025-06-18 10:16:36 - [INFO] file downloaded
2025-06-18 10:21:58 - [INFO] system check passed
2025-06-18 10:44:34 - [INFO] user login
2025-06-18 10:46:22 - [WARNING] Suspicious activity detected: intrusion
2025-06-18 10:49:56 - [INFO] system check passed
2025-06-18 10:54:48 - [INFO] file uploaded
2025-06-18 11:00:11 - [INFO] file downloaded
2025-06-18 11:01:23 - [INFO] config updated
2025-06-18 11:15:46 - [INFO] backup completed
2025-06-18 11:17:10 - [INFO] file downloaded
2025-06-18 11:24:22 - [INFO] file downloaded
2025-06-18 11:33:48 - [INFO] system check passed
2025-06-18 11:40:09 - [WARNING] Suspicious activity detected: port_scan
2025-06-18 11:48:43 - [INFO] user login
2025-06-18 11:58:30 - [INFO] file downloaded
2025-06-18 11:59:43 - [INFO] system check passed
2025-06-18 12:07:24 - [INFO] user login
2025-06-18 12:10:13 - [WARNING] Suspicious activity detected: sql_injection
2025-06-18 12:19:10 - [INFO] file downloaded
2025-06-18 12:25:27 - [INFO] email sent
2025-06-18 12:32:57 - [INFO] system check passed
2025-06-18 12:42:04 - [INFO] config updated
2025-06-18 12:56:48 - [INFO] backup completed
2025-06-18 13:22:41 - [WARNING] Suspicious activity detected: intrusion
2025-06-18 13:27:20 - [INFO] system check passed
2025-06-18 13:27:32 - [INFO] user login
2025-06-18 13:27:37 - [INFO] file downloaded
2025-06-18 13:31:22 - [INFO] system check passed
2025-06-18 13:33:07 - [WARNING] Suspicious activity detected: ddos
2025-06-18 13:38:44 - [WARNING] Suspicious activity detected: malware
2025-06-18 13:41:14 - [INFO] user login
2025-06-18 13:42:51 - [WARNING] Suspicious activity detected: unauthorized_access
2025-06-18 13:46:46 - [INFO] system check passed
2025-06-18 13:48:53 - [INFO] file downloaded
2025-06-18 13:50:17 - [INFO] config updated
2025-06-18 13:55:10 - [WARNING] Suspicious activity detected: ip_blocked
2025-06-18 14:12:06 - [INFO] file downloaded
2025-06-18 14:15:31 - [INFO] config updated
2025-06-18 14:31:50 - [WARNING] Suspicious activity detected: malware
2025-06-18 14:55:22 - [INFO] file uploaded
2025-06-18 14:58:56 - [INFO] config updated
2025-06-18 14:59:51 - [WARNING] Suspicious activity detected: intrusion
2025-06-18 15:02:31 - [INFO] email sent
2025-06-18 15:05:46 - [INFO] backup completed
2025-06-18 15:33:18 - [WARNING] Suspicious activity detected: unauthorized_access
2025-06-18 15:33:31 - [INFO] system check passed
2025-06-18 15:40:16 - [WARNING] Suspicious activity detected: brute_force
2025-06-18 15:41:31 - [WARNING] Suspicious activity detected: ip_blocked
2025-06-18 15:56:00 - [INFO] user login
2025-06-18 16:02:37 - [INFO] system check passed
2025-06-18 16:03:28 - [WARNING] Suspicious activity detected: intrusion
2025-06-18 16:12:38 - [INFO] system check passed
2025-06-18 16:13:29 - [INFO] config updated
2025-06-18 16:16:20 - [WARNING] Suspicious activity detected: port_scan
2025-06-18 16:23:30 - [INFO] config updated
2025-06-18 16:30:36 - [INFO] email sent
2025-06-18 16:37:47 - [INFO] file uploaded
2025-06-18 16:45:25 - [INFO] user login
2025-06-18 16:52:52 - [INFO] file uploaded
2025-06-18 17:03:09 - [INFO] system check passed
2025-06-18 17:04:00 - [INFO] backup completed
2025-06-18 17:08:10 - [INFO] config updated
2025-06-18 17:10:07 - [INFO] system check passed
2025-06-18 17:12:57 - [INFO] user login
2025-06-18 17:30:45 - [WARNING] Suspicious activity detected: port_scan
2025-06-18 17:39:19 - [INFO] backup completed
2025-06-18 17:45:38 - [INFO] email sent
2025-06-18 17:54:30 - [WARNING] Suspicious activity detected: port_scan
2025-06-18 18:07:21 - [INFO] backup completed
2025-06-18 18:19:47 - [INFO] email sent
2025-06-18 18:23:12 - [INFO] file downloaded
2025-06-18 18:26:15 - [WARNING] Suspicious activity detected: ip_blocked
2025-06-18 18:46:47 - [WARNING] Suspicious activity detected: ddos
2025-06-18 18:56:28 - [WARNING] Suspicious activity detected: malware
2025-06-18 19:14:57 - [INFO] file uploaded
2025-06-18 19:16:15 - [INFO] file uploaded
2025-06-18 19:16:27 - [INFO] config updated
2025-06-18 19:34:24 - [INFO] file downloaded
2025-06-18 19:37:39 - [INFO] config updated
2025-06-18 19:43:21 - [WARNING] Suspicious activity detected: ip_blocked
2025-06-18 19:43:51 - [INFO] file uploaded
2025-06-18 20:09:10 - [INFO] config updated
2025-06-18 20:14:48 - [INFO] file downloaded
2025-06-18 20:21:49 - [INFO] config updated
2025-06-18 20:40:16 - [WARNING] Suspicious activity detected: intrusion
2025-06-18 20:40:42 - [INFO] user login
2025-06-18 20:46:58 - [INFO] user login
2025-06-18 20:55:22 - [WARNING] Suspicious activity detected: ip_blocked
2025-06-18 21:05:16 - [WARNING] Suspicious activity detected: malware
2025-06-18 21:08:01 - [INFO] file downloaded
2025-06-18 21:10:06 - [INFO] system check passed
2025-06-18 21:49:33 - [WARNING] Suspicious activity detected: unauthorized_access
2025-06-18 21:51:14 - [INFO] file uploaded
2025-06-18 21:52:26 - [WARNING] Suspicious activity detected: malware
2025-06-18 21:56:31 - [INFO] file downloaded
2025-06-18 21:56:51 - [INFO] config updated
2025-06-18 22:12:56 - [WARNING] Suspicious activity detected: brute_force
2025-06-18 22:27:41 - [INFO] system check passed
2025-06-18 22:33:51 - [INFO] backup completed
2025-06-18 22:46:51 - [INFO] file uploaded
2025-06-18 22:51:46 - [WARNING] Suspicious activity detected: intrusion
2025-06-18 23:08:38 - [WARNING] Suspicious activity detected: brute_force
2025-06-18 23:09:59 - [INFO] file uploaded
2025-06-18 23:13:11 - [WARNING] Suspicious activity detected: port_scan
2025-06-18 23:14:01 - [INFO] user login
2025-06-18 23:23:33 - [INFO] email sent
2025-06-18 23:30:53 - [INFO] backup completed
2025-06-18 23:57:56 - [WARNING] Suspicious activity detected: sql_injection
2025-06-18 23:59:49 - [INFO] email sent