2025-06-07 00:04:51 - [INFO] system check passed
2025-06-07 00:25:52 - [INFO] email sent
2025-06-07 00:28:35 - [INFO] file uploaded
2025-06-07 00:29:39 - [INFO] file uploaded
2025-06-07 00:37:51 - [WARNING] Suspicious activity detected: brute_force
2025-06-07 00:38:38 - [INFO] file uploaded
2025-06-07 00:49:56 - [WARNING] Suspicious activity detected: malware
2025-06-07 00:56:08 - [INFO] user login
2025-06-07 01:07:26 - [INFO] system check passed
2025-06-07 01:12:48 - [INFO] user login
2025-06-07 01:23:47 - [INFO] file uploaded
2025-06-07 01:28:21 - [INFO] email sent
2025-06-07 01:28:32 - [INFO] user login
2025-06-07 01:31:12 - [WARNING] Suspicious activity detected: port_scan
2025-06-07 01:33:50 - [INFO] file uploaded
2025-06-07 01:39:52 - [INFO] backup completed
2025-06-07 01:46:11 - [INFO] user login
2025-06-07 01:50:08 - [INFO] file downloaded
2025-06-07 02:14:54 - [WARNING] Suspicious activity detected: brute_force
2025-06-07 02:30:45 - [INFO] file downloaded
2025-06-07 02:33:18 - [WARNING] Suspicious activity detected: intrusion
2025-06-07 02:37:06 - [WARNING] Suspicious activity detected: ddos
2025-06-07 02:43:30 - [INFO] backup completed
2025-06-07 02:44:10 - [INFO] file downloaded
2025-06-07 02:49:51 - [WARNING] Suspicious activity detected: brute_force
2025-06-07 03:04:22 - [INFO] email sent
2025-06-07 03:07:17 - [INFO] backup completed
2025-06-07 03:08:04 - [INFO] system check passed
2025-06-07 03:15:31 - [INFO] backup completed
2025-06-07 03:37:34 - [WARNING] Suspicious activity detected: sql_injection
2025-06-07 03:38:54 - [WARNING] Suspicious activity detected: unauthorized_access
2025-06-07 03:48:49 - [WARNING] Suspicious activity detected: ip_blocked
2025-06-07 03:54:03 - [INFO] user login
2025-06-07 03:56:37 - [INFO] file downloaded
2025-06-07 03:58:25 - [INFO] user login
2025-06-07 04:03:56 - [WARNING] Suspicious activity detected: unauthorized_access
2025-06-07 04:08:10 - [INFO] user login
2025-06-07 04:14:46 - [INFO] email sent
2025-06-07 04:16:33 - [INFO] system check passed
2025-06-07 04:20:01 - [INFO] email sent
2025-06-07 04:26:49 - [INFO] system check passed
2025-06-07 04:32:26 - [INFO] backup completed
2025-06-07 04:36:17 - [INFO] email sent
2025-06-07 04:42:59 - [WARNING] Suspicious activity detected: malware
2025-06-07 04:51:49 - [INFO] file downloaded
2025-06-07 04:53:12 - [INFO] config updated
2025-06-07 04:54:41 - [WARNING] Suspicious activity detected: sql_injection
2025-06-07 04:56:20 - [INFO] backup completed
2025-06-07 04:58:10 - [INFO] user login
2025-06-07 05:10:44 - [INFO] file uploaded
2025-06-07 05:16:22 - [INFO] backup completed
2025-06-07 05:18:07 - [INFO] file downloaded
2025-06-07 05:43:00 - [WARNING] Suspicious activity detected: brute_force
2025-06-07 05:44:32 - [INFO] file downloaded
2025-06-07 05:44:59 - [WARNING] Suspicious activity detected: intrusion
2025-06-07 05:49:00 - [INFO] email sent
2025-06-07 05:55:40 - [INFO] file downloaded
2025-06-07 05:57:05 - [WARNING] Suspicious activity detected: intrusion
2025-06-07 05:59:35 - [INFO] email sent
2025-06-07 06:03:11 - [INFO] file downloaded
2025-06-07 06:10:41 - [INFO] user login
2025-06-07 06:21:59 - [INFO] backup completed
2025-06-07 06:24:44 - [WARNING] Suspicious activity detected: port_scan
2025-06-07 06:27:38 - [INFO] user login
2025-06-07 06:32:04 - [INFO] backup completed
2025-06-07 06:34:27 - [INFO] user login
2025-06-07 06:34:50 - [INFO] config updated
2025-06-07 06:35:34 - [INFO] config updated
2025-06-07 06:36:44 - [INFO] file uploaded
2025-06-07 06:47:33 - [INFO] config updated
2025-06-07 06:54:53 - [INFO] file uploaded
2025-06-07 07:07:16 - [INFO] file uploaded
2025-06-07 07:09:16 - [INFO] user login
2025-06-07 07:18:17 - [WARNING] Suspicious activity detected: brute_force
2025-06-07 07:36:04 - [WARNING] Suspicious activity detected: port_scan
2025-06-07 07:42:12 - [INFO] file downloaded
2025-06-07 07:43:27 - [INFO] backup completed
2025-06-07 07:45:34 - [INFO] email sent
2025-06-07 07:47:09 - [INFO] user login
2025-06-07 07:50:34 - [INFO] user login
2025-06-07 07:52:18 - [INFO] config updated
2025-06-07 08:00:27 - [INFO] file uploaded
2025-06-07 08:03:31 - [INFO] email sent
2025-06-07 08:10:29 - [INFO] config updated
2025-06-07 08:11:27 - [INFO] config updated
2025-06-07 08:23:44 - [INFO] file downloaded
2025-06-07 08:30:47 - [INFO] file downloaded
2025-06-07 08:31:43 - [INFO] file downloaded
2025-06-07 08:34:17 - [INFO] file downloaded
2025-06-07 08:35:34 - [INFO] file downloaded
2025-06-07 08:35:37 - [INFO] user login
2025-06-07 08:36:05 - [INFO] user login
2025-06-07 08:42:13 - [WARNING] Suspicious activity detected: intrusion
2025-06-07 08:48:56 - [INFO] email sent
2025-06-07 08:50:53 - [WARNING] Suspicious activity detected: port_scan
2025-06-07 08:51:12 - [INFO] file uploaded
2025-06-07 08:54:45 - [WARNING] Suspicious activity detected: brute_force
2025-06-07 08:59:31 - [INFO] config updated
2025-06-07 09:00:05 - [INFO] email sent
2025-06-07 09:00:27 - [INFO] system check passed
2025-06-07 09:14:12 - [INFO] email sent
2025-06-07 09:18:13 - [INFO] file uploaded
2025-06-07 09:22:09 - [WARNING] Suspicious activity detected: ddos
2025-06-07 09:26:54 - [WARNING] Suspicious activity detected: intrusion
2025-06-07 09:27:55 - [INFO] backup completed
2025-06-07 09:52:55 - [WARNING] Suspicious activity detected: malware
2025-06-07 09:54:19 - [WARNING] Suspicious activity detected: intrusion
2025-06-07 09:56:03 - [INFO] file downloaded
2025-06-07 10:02:44 - [INFO] backup completed
2025-06-07 10:04:27 - [INFO] system check passed
2025-06-07 10:06:24 - [INFO] user login
2025-06-07 10:35:35 - [INFO] system check passed
2025-06-07 10:36:12 - [INFO] file downloaded
2025-06-07 10:52:54 - [WARNING] Suspicious activity detected: intrusion
2025-06-07 10:54:10 - [INFO] file downloaded
2025-06-07 10:56:39 - [INFO] email sent
2025-06-07 11:05:09 - [INFO] system check passed
2025-06-07 11:12:47 - [INFO] file downloaded
2025-06-07 11:14:33 - [INFO] email sent
2025-06-07 11:27:33 - [INFO] config updated
2025-06-07 11:32:50 - [INFO] config updated
2025-06-07 11:36:50 - [INFO] file uploaded
2025-06-07 11:38:42 - [INFO] email sent
2025-06-07 11:41:09 - [WARNING] Suspicious activity detected: brute_force
2025-06-07 11:50:48 - [INFO] system check passed
2025-06-07 11:50:59 - [INFO] file uploaded
2025-06-07 11:52:03 - [WARNING] Suspicious activity detected: intrusion
2025-06-07 11:57:31 - [INFO] backup completed
2025-06-07 11:59:12 - [INFO] system check passed
2025-06-07 12:01:35 - [INFO] user login
2025-06-07 12:10:37 - [WARNING] Suspicious activity detected: intrusion
2025-06-07 12:11:44 - [INFO] file downloaded
2025-06-07 12:15:11 - [INFO] email sent
2025-06-07 12:17:08 - [INFO] system check passed
2025-06-07 12:19:35 - [INFO] system check passed
2025-06-07 12:22:12 - [INFO] file uploaded
2025-06-07 12:24:20 - [WARNING] Suspicious activity detected: malware
2025-06-07 12:25:51 - [WARNING] Suspicious activity detected: malware
2025-06-07 12:26:29 - [INFO] system check passed
2025-06-07 12:28:47 - [INFO] email sent
2025-06-07 12:29:36 - [INFO] system check passed
2025-06-07 12:30:05 - [INFO] file downloaded
2025-06-07 12:31:15 - [INFO] config updated
2025-06-07 12:32:04 - [INFO] system check passed
2025-06-07 12:46:07 - [WARNING] Suspicious activity detected: intrusion
2025-06-07 12:59:58 - [INFO] user login
2025-06-07 13:00:21 - [INFO] system check passed
2025-06-07 13:12:21 - [WARNING] Suspicious activity detected: intrusion
2025-06-07 13:15:10 - [INFO] file uploaded
2025-06-07 13:18:40 - [INFO] system check passed
2025-06-07 13:27:04 - [INFO] user login
2025-06-07 13:36:01 - [INFO] file uploaded
2025-06-07 13:51:41 - [WARNING] Suspicious activity detected: ddos
2025-06-07 13:52:53 - [INFO] config updated
2025-06-07 13:59:42 - [INFO] user login
2025-06-07 14:03:08 - [INFO] file downloaded
2025-06-07 14:11:03 - [WARNING] Suspicious activity detected: intrusion
2025-06-07 14:13:45 - [INFO] backup completed
2025-06-07 14:16:11 - [INFO] file uploaded
2025-06-07 14:20:15 - [INFO] file downloaded
2025-06-07 14:37:06 - [INFO] backup completed
2025-06-07 14:49:14 - [INFO] system check passed
2025-06-07 14:57:02 - [INFO] file uploaded
2025-06-07 14:57:24 - [INFO] backup completed
2025-06-07 15:03:42 - [INFO] file downloaded
2025-06-07 15:11:10 - [WARNING] Suspicious activity detected: ddos
2025-06-07 15:14:46 - [WARNING] Suspicious activity detected: brute_force
2025-06-07 15:18:59 - [INFO] system check passed
2025-06-07 15:27:41 - [WARNING] Suspicious activity detected: malware
2025-06-07 15:33:44 - [INFO] backup completed
2025-06-07 15:36:29 - [INFO] config updated
2025-06-07 15:44:09 - [INFO] file downloaded
2025-06-07 15:45:48 - [INFO] backup completed
2025-06-07 15:46:47 - [INFO] config updated
2025-06-07 15:52:36 - [INFO] config updated
2025-06-07 15:55:58 - [INFO] user login
2025-06-07 16:04:19 - [WARNING] Suspicious activity detected: malware
2025-06-07 16:06:16 - [INFO] email sent
2025-06-07 16:20:32 - [WARNING] Suspicious activity detected: sql_injection
2025-06-07 16:20:38 - [WARNING] Suspicious activity detected: ip_blocked
2025-06-07 16:28:36 - [INFO] email sent
2025-06-07 16:30:20 - [INFO] file downloaded
2025-06-07 16:46:05 - [INFO] config updated
2025-06-07 17:05:27 - [INFO] email sent
2025-06-07 17:06:45 - [INFO] file downloaded
2025-06-07 17:12:03 - [INFO] config updated
2025-06-07 17:30:09 - [WARNING] Suspicious activity detected: unauthorized_access
2025-06-07 17:31:13 - [INFO] file downloaded
2025-06-07 17:38:25 - [INFO] system check passed
2025-06-07 17:48:21 - [INFO] config updated
2025-06-07 17:49:28 - [INFO] config updated
2025-06-07 17:50:08 - [INFO] email sent
2025-06-07 17:50:20 - [INFO] file uploaded
2025-06-07 17:52:15 - [INFO] email sent
2025-06-07 17:58:27 - [INFO] config updated
2025-06-07 17:59:58 - [INFO] file uploaded
2025-06-07 18:02:18 - [INFO] system check passed
2025-06-07 18:06:08 - [INFO] file downloaded
2025-06-07 18:17:04 - [INFO] file uploaded
2025-06-07 18:22:08 - [INFO] email sent
2025-06-07 18:33:15 - [INFO] system check passed
2025-06-07 18:44:02 - [INFO] user login
2025-06-07 18:59:30 - [WARNING] Suspicious activity detected: port_scan
2025-06-07 19:06:17 - [INFO] file downloaded
2025-06-07 19:12:33 - [WARNING] Suspicious activity detected: intrusion
2025-06-07 19:14:20 - [WARNING] Suspicious activity detected: ddos
2025-06-07 19:23:53 - [INFO] config updated
2025-06-07 19:24:49 - [INFO] email sent
2025-06-07 19:28:40 - [INFO] email sent
2025-06-07 19:28:47 - [WARNING] Suspicious activity detected: port_scan
2025-06-07 19:32:58 - [INFO] file downloaded
2025-06-07 19:49:05 - [INFO] file uploaded
2025-06-07 19:51:05 - [INFO] config updated
2025-06-07 20:02:48 - [INFO] config updated
2025-06-07 20:04:39 - [INFO] system check passed
2025-06-07 20:05:25 - [WARNING] Suspicious activity detected: intrusion
2025-06-07 20:13:44 - [INFO] backup completed
2025-06-07 20:15:20 - [INFO] user login
2025-06-07 20:16:36 - [WARNING] Suspicious activity detected: malware
2025-06-07 20:32:43 - [INFO] config updated
2025-06-07 20:35:05 - [INFO] file uploaded
2025-06-07 20:48:07 - [INFO] backup completed
2025-06-07 20:50:56 - [INFO] user login
2025-06-07 20:51:57 - [WARNING] Suspicious activity detected: intrusion
2025-06-07 20:52:08 - [INFO] file downloaded
2025-06-07 20:54:09 - [INFO] file downloaded
2025-06-07 20:55:31 - [INFO] email sent
2025-06-07 21:05:06 - [INFO] config updated
2025-06-07 21:08:54 - [INFO] user login
2025-06-07 21:15:20 - [INFO] config updated
2025-06-07 21:15:48 - [INFO] email sent
2025-06-07 21:18:03 - [INFO] email sent
2025-06-07 21:28:45 - [INFO] user login
2025-06-07 21:29:31 - [INFO] user login
2025-06-07 21:29:50 - [INFO] user login
2025-06-07 21:30:25 - [INFO] file uploaded
2025-06-07 21:33:07 - [INFO] email sent
2025-06-07 21:55:26 - [INFO] file downloaded
2025-06-07 22:02:14 - [INFO] file downloaded
2025-06-07 22:06:46 - [INFO] user login
2025-06-07 22:14:01 - [INFO] config updated
2025-06-07 22:24:34 - [INFO] file downloaded
2025-06-07 22:24:44 - [INFO] user login
2025-06-07 22:30:40 - [INFO] backup completed
2025-06-07 22:31:56 - [WARNING] Suspicious activity detected: ip_blocked
2025-06-07 22:43:03 - [INFO] backup completed
2025-06-07 22:46:37 - [INFO] system check passed
2025-06-07 22:56:32 - [INFO] file uploaded
2025-06-07 23:05:40 - [INFO] backup completed
2025-06-07 23:10:04 - [WARNING] Suspicious activity detected: brute_force
2025-06-07 23:20:57 - [INFO] file downloaded
2025-06-07 23:25:33 - [WARNING] Suspicious activity detected: intrusion
2025-06-07 23:27:20 - [INFO] config updated
2025-06-07 23:27:54 - [INFO] config updated
2025-06-07 23:35:00 - [INFO] file downloaded
2025-06-07 23:45:24 - [INFO] backup completed
2025-06-07 23:52:28 - [WARNING] Suspicious activity detected: ip_blocked
2025-06-07 23:56:34 - [INFO] user login
2025-06-07 23:58:42 - [INFO] user login
2025-06-07 23:59:37 - [INFO] email sent