2025-05-01 00:02:46 - [WARNING] Suspicious activity detected: ddos
2025-05-01 00:03:05 - [INFO] file uploaded
2025-05-01 00:21:57 - [INFO] file uploaded
2025-05-01 00:26:33 - [INFO] system check passed
2025-05-01 00:27:42 - [WARNING] Suspicious activity detected: malware
2025-05-01 00:27:54 - [INFO] system check passed
2025-05-01 00:30:13 - [WARNING] Suspicious activity detected: brute_force
2025-05-01 00:35:39 - [WARNING] Suspicious activity detected: malware
2025-05-01 00:37:49 - [INFO] file downloaded
2025-05-01 00:42:23 - [WARNING] Suspicious activity detected: brute_force
2025-05-01 00:42:44 - [WARNING] Suspicious activity detected: malware
2025-05-01 00:53:12 - [INFO] backup completed
2025-05-01 00:57:24 - [WARNING] Suspicious activity detected: port_scan
2025-05-01 00:59:51 - [INFO] file uploaded
2025-05-01 01:04:02 - [WARNING] Suspicious activity detected: intrusion
2025-05-01 01:04:13 - [WARNING] Suspicious activity detected: intrusion
2025-05-01 01:05:09 - [INFO] user login
2025-05-01 01:11:56 - [INFO] system check passed
2025-05-01 01:22:11 - [INFO] backup completed
2025-05-01 01:32:29 - [INFO] email sent
2025-05-01 01:37:06 - [WARNING] Suspicious activity detected: sql_injection
2025-05-01 01:37:58 - [WARNING] Suspicious activity detected: port_scan
2025-05-01 01:38:41 - [INFO] user login
2025-05-01 01:40:59 - [INFO] config updated
2025-05-01 01:43:28 - [WARNING] Suspicious activity detected: ip_blocked
2025-05-01 01:46:22 - [WARNING] Suspicious activity detected: brute_force
2025-05-01 01:47:28 - [INFO] file downloaded
2025-05-01 01:49:38 - [WARNING] Suspicious activity detected: port_scan
2025-05-01 01:51:47 - [WARNING] Suspicious activity detected: ip_blocked
2025-05-01 01:54:51 - [INFO] config updated
2025-05-01 01:57:28 - [INFO] file downloaded
2025-05-01 02:02:36 - [WARNING] Suspicious activity detected: ip_blocked
2025-05-01 02:07:10 - [WARNING] Suspicious activity detected: intrusion
2025-05-01 02:08:16 - [WARNING] Suspicious activity detected: ddos
2025-05-01 02:15:49 - [INFO] email sent
2025-05-01 02:18:41 - [WARNING] Suspicious activity detected: ddos
2025-05-01 02:38:40 - [WARNING] Suspicious activity detected: intrusion
2025-05-01 02:40:05 - [WARNING] Suspicious activity detected: port_scan
2025-05-01 02:40:09 - [WARNING] Suspicious activity detected: sql_injection
2025-05-01 02:44:04 - [WARNING] Suspicious activity detected: ip_blocked
2025-05-01 02:58:39 - [INFO] user login
2025-05-01 03:07:15 - [INFO] backup completed
2025-05-01 03:10:52 - [WARNING] Suspicious activity detected: sql_injection
2025-05-01 03:20:32 - [WARNING] Suspicious activity detected: brute_force
2025-05-01 03:21:37 - [WARNING] Suspicious activity detected: malware
2025-05-01 03:31:20 - [INFO] backup completed
2025-05-01 03:34:58 - [WARNING] Suspicious activity detected: brute_force
2025-05-01 03:37:01 - [INFO] file uploaded
2025-05-01 03:46:48 - [INFO] system check passed
2025-05-01 03:47:51 - [WARNING] Suspicious activity detected: ddos
2025-05-01 03:54:54 - [INFO] system check passed
2025-05-01 03:58:51 - [INFO] email sent
2025-05-01 03:58:56 - [INFO] email sent
2025-05-01 04:14:01 - [WARNING] Suspicious activity detected: ip_blocked
2025-05-01 04:22:21 - [INFO] config updated
2025-05-01 04:27:03 - [WARNING] Suspicious activity detected: brute_force
2025-05-01 04:31:55 - [WARNING] Suspicious activity detected: ip_blocked
2025-05-01 04:38:31 - [WARNING] Suspicious activity detected: brute_force
2025-05-01 04:45:50 - [INFO] user login
2025-05-01 04:58:29 - [INFO] user login
2025-05-01 05:03:00 - [INFO] email sent
2025-05-01 05:03:30 - [INFO] config updated
2025-05-01 05:10:01 - [WARNING] Suspicious activity detected: unauthorized_access
2025-05-01 05:26:49 - [INFO] file uploaded
2025-05-01 05:27:19 - [WARNING] Suspicious activity detected: sql_injection
2025-05-01 05:37:41 - [WARNING] Suspicious activity detected: sql_injection
2025-05-01 05:39:32 - [WARNING] Suspicious activity detected: ddos
2025-05-01 05:40:49 - [WARNING] Suspicious activity detected: ddos
2025-05-01 05:47:27 - [WARNING] Suspicious activity detected: ip_blocked
2025-05-01 05:49:48 - [INFO] user login
2025-05-01 05:54:32 - [WARNING] Suspicious activity detected: sql_injection
2025-05-01 05:55:32 - [INFO] system check passed
2025-05-01 05:58:57 - [WARNING] Suspicious activity detected: ddos
2025-05-01 06:10:57 - [WARNING] Suspicious activity detected: unauthorized_access
2025-05-01 06:23:34 - [INFO] system check passed
2025-05-01 06:28:09 - [WARNING] Suspicious activity detected: malware
2025-05-01 06:36:03 - [WARNING] Suspicious activity detected: intrusion
2025-05-01 06:48:03 - [INFO] user login
2025-05-01 07:01:30 - [INFO] file uploaded
2025-05-01 07:02:36 - [INFO] backup completed
2025-05-01 07:12:17 - [INFO] config updated
2025-05-01 07:20:31 - [INFO] system check passed
2025-05-01 07:21:54 - [INFO] email sent
2025-05-01 07:28:00 - [INFO] user login
2025-05-01 07:28:09 - [WARNING] Suspicious activity detected: port_scan
2025-05-01 07:29:13 - [WARNING] Suspicious activity detected: intrusion
2025-05-01 07:32:50 - [WARNING] Suspicious activity detected: intrusion
2025-05-01 07:35:00 - [WARNING] Suspicious activity detected: intrusion
2025-05-01 07:43:12 - [INFO] config updated
2025-05-01 07:51:29 - [INFO] backup completed
2025-05-01 07:55:19 - [WARNING] Suspicious activity detected: brute_force
2025-05-01 07:57:32 - [INFO] file uploaded
2025-05-01 07:59:21 - [WARNING] Suspicious activity detected: unauthorized_access
2025-05-01 08:17:26 - [INFO] config updated
2025-05-01 08:19:13 - [INFO] file downloaded
2025-05-01 08:24:45 - [WARNING] Suspicious activity detected: port_scan
2025-05-01 08:33:23 - [INFO] config updated
2025-05-01 08:35:36 - [WARNING] Suspicious activity detected: unauthorized_access
2025-05-01 08:52:07 - [INFO] email sent
2025-05-01 08:54:06 - [WARNING] Suspicious activity detected: unauthorized_access
2025-05-01 09:13:47 - [WARNING] Suspicious activity detected: ddos
2025-05-01 09:15:48 - [INFO] system check passed
2025-05-01 09:17:36 - [WARNING] Suspicious activity detected: intrusion
2025-05-01 09:21:31 - [WARNING] Suspicious activity detected: malware
2025-05-01 09:25:11 - [WARNING] Suspicious activity detected: brute_force
2025-05-01 09:42:19 - [WARNING] Suspicious activity detected: intrusion
2025-05-01 10:00:51 - [INFO] backup completed
2025-05-01 10:02:10 - [INFO] file uploaded
2025-05-01 10:03:33 - [WARNING] Suspicious activity detected: sql_injection
2025-05-01 10:35:19 - [INFO] user login
2025-05-01 10:37:38 - [INFO] user login
2025-05-01 10:47:04 - [WARNING] Suspicious activity detected: unauthorized_access
2025-05-01 10:51:09 - [INFO] email sent
2025-05-01 10:58:21 - [INFO] file uploaded
2025-05-01 11:06:07 - [INFO] user login
2025-05-01 11:06:40 - [WARNING] Suspicious activity detected: sql_injection
2025-05-01 11:07:19 - [WARNING] Suspicious activity detected: port_scan
2025-05-01 11:08:52 - [WARNING] Suspicious activity detected: port_scan
2025-05-01 11:29:33 - [WARNING] Suspicious activity detected: ddos
2025-05-01 11:45:51 - [WARNING] Suspicious activity detected: ip_blocked
2025-05-01 11:47:23 - [INFO] config updated
2025-05-01 11:47:54 - [WARNING] Suspicious activity detected: malware
2025-05-01 12:00:21 - [INFO] backup completed
2025-05-01 12:01:26 - [INFO] user login
2025-05-01 12:04:00 - [WARNING] Suspicious activity detected: ip_blocked
2025-05-01 12:06:02 - [INFO] file downloaded
2025-05-01 12:20:55 - [WARNING] Suspicious activity detected: malware
2025-05-01 12:22:03 - [INFO] file uploaded
2025-05-01 12:29:51 - [WARNING] Suspicious activity detected: brute_force
2025-05-01 12:38:08 - [WARNING] Suspicious activity detected: malware
2025-05-01 12:58:37 - [WARNING] Suspicious activity detected: ip_blocked
2025-05-01 12:59:53 - [INFO] file downloaded
2025-05-01 13:11:40 - [INFO] file downloaded
2025-05-01 13:12:58 - [INFO] config updated
2025-05-01 13:14:26 - [WARNING] Suspicious activity detected: port_scan
2025-05-01 13:17:03 - [INFO] backup completed
2025-05-01 13:18:28 - [INFO] user login
2025-05-01 13:24:46 - [INFO] config updated
2025-05-01 13:27:46 - [INFO] user login
2025-05-01 13:34:09 - [INFO] backup completed
2025-05-01 13:38:10 - [WARNING] Suspicious activity detected: brute_force
2025-05-01 13:41:27 - [WARNING] Suspicious activity detected: intrusion
2025-05-01 13:45:24 - [INFO] config updated
2025-05-01 13:47:11 - [INFO] file downloaded
2025-05-01 13:48:33 - [INFO] file uploaded
2025-05-01 13:49:05 - [WARNING] Suspicious activity detected: malware
2025-05-01 13:53:14 - [WARNING] Suspicious activity detected: intrusion
2025-05-01 13:56:38 - [INFO] backup completed
2025-05-01 14:00:02 - [WARNING] Suspicious activity detected: intrusion
2025-05-01 14:04:51 - [INFO] system check passed
2025-05-01 14:08:12 - [INFO] email sent
2025-05-01 14:09:23 - [INFO] user login
2025-05-01 14:15:27 - [INFO] file downloaded
2025-05-01 14:21:56 - [WARNING] Suspicious activity detected: ddos
2025-05-01 14:30:09 - [INFO] backup completed
2025-05-01 14:30:47 - [WARNING] Suspicious activity detected: malware
2025-05-01 14:34:01 - [INFO] user login
2025-05-01 14:42:00 - [INFO] file downloaded
2025-05-01 14:42:45 - [INFO] system check passed
2025-05-01 14:53:28 - [INFO] file downloaded
2025-05-01 15:05:30 - [INFO] user login
2025-05-01 15:06:20 - [INFO] config updated
2025-05-01 15:07:54 - [INFO] file downloaded
2025-05-01 15:16:35 - [INFO] system check passed
2025-05-01 15:20:43 - [INFO] email sent
2025-05-01 15:20:48 - [WARNING] Suspicious activity detected: unauthorized_access
2025-05-01 15:26:23 - [INFO] system check passed
2025-05-01 15:27:57 - [INFO] email sent
2025-05-01 15:32:12 - [INFO] user login
2025-05-01 15:34:10 - [INFO] backup completed
2025-05-01 15:35:51 - [WARNING] Suspicious activity detected: sql_injection
2025-05-01 15:36:23 - [INFO] config updated
2025-05-01 15:36:28 - [WARNING] Suspicious activity detected: ip_blocked
2025-05-01 15:39:39 - [INFO] config updated
2025-05-01 15:42:38 - [INFO] backup completed
2025-05-01 15:43:29 - [INFO] user login
2025-05-01 15:51:06 - [WARNING] Suspicious activity detected: ip_blocked
2025-05-01 16:04:20 - [INFO] system check passed
2025-05-01 16:05:33 - [INFO] backup completed
2025-05-01 16:06:16 - [INFO] file downloaded
2025-05-01 16:20:15 - [INFO] file downloaded
2025-05-01 16:21:44 - [INFO] backup completed
2025-05-01 16:28:51 - [INFO] config updated
2025-05-01 16:34:15 - [WARNING] Suspicious activity detected: unauthorized_access
2025-05-01 16:35:04 - [INFO] user login
2025-05-01 16:51:23 - [WARNING] Suspicious activity detected: port_scan
2025-05-01 16:56:51 - [INFO] backup completed
2025-05-01 16:59:36 - [WARNING] Suspicious activity detected: ip_blocked
2025-05-01 17:03:14 - [WARNING] Suspicious activity detected: port_scan
2025-05-01 17:12:17 - [INFO] config updated
2025-05-01 17:12:22 - [INFO] config updated
2025-05-01 17:14:50 - [WARNING] Suspicious activity detected: malware
2025-05-01 17:16:36 - [INFO] file uploaded
2025-05-01 17:23:22 - [INFO] email sent
2025-05-01 17:24:33 - [INFO] file uploaded
2025-05-01 17:26:52 - [WARNING] Suspicious activity detected: port_scan
2025-05-01 17:46:15 - [WARNING] Suspicious activity detected: ip_blocked
2025-05-01 17:50:08 - [WARNING] Suspicious activity detected: intrusion
2025-05-01 18:03:59 - [INFO] backup completed
2025-05-01 18:40:28 - [INFO] backup completed
2025-05-01 18:43:34 - [WARNING] Suspicious activity detected: intrusion
2025-05-01 18:44:09 - [INFO] backup completed
2025-05-01 18:44:12 - [INFO] config updated
2025-05-01 18:44:33 - [INFO] user login
2025-05-01 18:47:54 - [INFO] backup completed
2025-05-01 18:54:04 - [INFO] email sent
2025-05-01 18:54:15 - [INFO] user login
2025-05-01 19:00:03 - [INFO] backup completed
2025-05-01 19:00:26 - [WARNING] Suspicious activity detected: brute_force
2025-05-01 19:04:52 - [WARNING] Suspicious activity detected: sql_injection
2025-05-01 19:05:02 - [WARNING] Suspicious activity detected: malware
2025-05-01 19:07:51 - [INFO] config updated
2025-05-01 19:10:25 - [INFO] email sent
2025-05-01 19:10:29 - [INFO] email sent
2025-05-01 19:15:31 - [WARNING] Suspicious activity detected: port_scan
2025-05-01 19:18:01 - [WARNING] Suspicious activity detected: ip_blocked
2025-05-01 19:25:12 - [WARNING] Suspicious activity detected: brute_force
2025-05-01 19:29:12 - [INFO] email sent
2025-05-01 19:37:06 - [WARNING] Suspicious activity detected: malware
2025-05-01 19:41:19 - [INFO] user login
2025-05-01 19:52:41 - [INFO] email sent
2025-05-01 19:57:22 - [INFO] user login
2025-05-01 20:17:21 - [WARNING] Suspicious activity detected: sql_injection
2025-05-01 20:35:05 - [INFO] backup completed
2025-05-01 20:35:16 - [INFO] user login
2025-05-01 20:44:28 - [INFO] user login
2025-05-01 20:45:37 - [INFO] file downloaded
2025-05-01 20:50:10 - [WARNING] Suspicious activity detected: intrusion
2025-05-01 20:50:33 - [WARNING] Suspicious activity detected: port_scan
2025-05-01 20:54:35 - [INFO] email sent
2025-05-01 20:54:37 - [INFO] file uploaded
2025-05-01 21:13:04 - [WARNING] Suspicious activity detected: port_scan
2025-05-01 21:13:07 - [INFO] config updated
2025-05-01 21:23:33 - [INFO] file downloaded
2025-05-01 21:25:21 - [INFO] file downloaded
2025-05-01 21:37:10 - [INFO] file downloaded
2025-05-01 21:40:31 - [INFO] system check passed
2025-05-01 21:46:19 - [INFO] email sent
2025-05-01 21:49:06 - [INFO] email sent
2025-05-01 21:49:27 - [INFO] config updated
2025-05-01 22:05:46 - [WARNING] Suspicious activity detected: brute_force
2025-05-01 22:14:09 - [WARNING] Suspicious activity detected: ip_blocked
2025-05-01 22:29:20 - [INFO] file downloaded
2025-05-01 22:36:55 - [WARNING] Suspicious activity detected: ip_blocked
2025-05-01 22:41:37 - [WARNING] Suspicious activity detected: sql_injection
2025-05-01 22:46:22 - [INFO] file uploaded
2025-05-01 22:50:28 - [WARNING] Suspicious activity detected: intrusion
2025-05-01 22:52:14 - [INFO] system check passed
2025-05-01 22:58:01 - [INFO] user login
2025-05-01 22:59:22 - [WARNING] Suspicious activity detected: intrusion
2025-05-01 23:07:10 - [WARNING] Suspicious activity detected: sql_injection
2025-05-01 23:13:35 - [INFO] config updated
2025-05-01 23:18:45 - [INFO] file downloaded
2025-05-01 23:22:31 - [WARNING] Suspicious activity detected: port_scan
2025-05-01 23:29:59 - [INFO] backup completed
2025-05-01 23:32:04 - [INFO] system check passed
2025-05-01 23:49:48 - [WARNING] Suspicious activity detected: unauthorized_access
2025-05-01 23:54:21 - [WARNING] Suspicious activity detected: brute_force
2025-05-01 23:58:36 - [WARNING] Suspicious activity detected: ddos