2025-06-01 00:13:13 - [INFO] file downloaded
2025-06-01 00:28:34 - [WARNING] Suspicious activity detected: unauthorized_access
2025-06-01 00:31:40 - [WARNING] Suspicious activity detected: malware
2025-06-01 00:35:26 - [INFO] config updated
2025-06-01 00:37:36 - [INFO] user login
2025-06-01 00:43:42 - [WARNING] Suspicious activity detected: intrusion
2025-06-01 00:48:43 - [INFO] user login
2025-06-01 01:05:54 - [INFO] email sent
2025-06-01 01:12:27 - [INFO] user login
2025-06-01 01:19:28 - [INFO] email sent
2025-06-01 01:19:39 - [INFO] file uploaded
2025-06-01 01:21:53 - [INFO] config updated
2025-06-01 01:24:01 - [INFO] file uploaded
2025-06-01 01:49:25 - [WARNING] Suspicious activity detected: ip_blocked
2025-06-01 02:06:48 - [INFO] file downloaded
2025-06-01 02:21:23 - [WARNING] Suspicious activity detected: sql_injection
2025-06-01 02:23:37 - [INFO] email sent
2025-06-01 02:24:00 - [INFO] file downloaded
2025-06-01 02:25:03 - [INFO] email sent
2025-06-01 02:25:13 - [INFO] file downloaded
2025-06-01 02:27:38 - [INFO] email sent
2025-06-01 02:37:43 - [INFO] file downloaded
2025-06-01 02:46:47 - [INFO] backup completed
2025-06-01 02:53:18 - [INFO] system check passed
2025-06-01 03:04:48 - [INFO] user login
2025-06-01 03:05:34 - [INFO] file downloaded
2025-06-01 03:08:15 - [INFO] user login
2025-06-01 03:11:30 - [INFO] config updated
2025-06-01 03:14:33 - [INFO] backup completed
2025-06-01 03:30:04 - [INFO] file uploaded
2025-06-01 03:33:23 - [WARNING] Suspicious activity detected: ddos
2025-06-01 03:36:39 - [INFO] user login
2025-06-01 03:47:38 - [INFO] file downloaded
2025-06-01 03:50:12 - [INFO] user login
2025-06-01 03:52:42 - [WARNING] Suspicious activity detected: port_scan
2025-06-01 03:55:38 - [INFO] config updated
2025-06-01 04:02:52 - [INFO] config updated
2025-06-01 04:14:26 - [INFO] backup completed
2025-06-01 04:26:05 - [INFO] backup completed
2025-06-01 04:32:08 - [INFO] file uploaded
2025-06-01 04:34:59 - [INFO] file uploaded
2025-06-01 04:35:31 - [INFO] file downloaded
2025-06-01 04:53:33 - [INFO] file uploaded
2025-06-01 05:06:00 - [INFO] backup completed
2025-06-01 05:06:38 - [INFO] config updated
2025-06-01 05:09:25 - [WARNING] Suspicious activity detected: brute_force
2025-06-01 05:12:12 - [WARNING] Suspicious activity detected: unauthorized_access
2025-06-01 05:16:16 - [INFO] file uploaded
2025-06-01 05:17:49 - [INFO] user login
2025-06-01 05:18:02 - [INFO] file downloaded
2025-06-01 05:18:40 - [WARNING] Suspicious activity detected: brute_force
2025-06-01 05:25:15 - [INFO] file downloaded
2025-06-01 05:31:55 - [INFO] user login
2025-06-01 05:41:39 - [INFO] system check passed
2025-06-01 05:49:47 - [WARNING] Suspicious activity detected: brute_force
2025-06-01 06:09:14 - [INFO] system check passed
2025-06-01 06:37:57 - [WARNING] Suspicious activity detected: ip_blocked
2025-06-01 06:53:04 - [INFO] file uploaded
2025-06-01 06:59:03 - [WARNING] Suspicious activity detected: brute_force
2025-06-01 07:04:53 - [WARNING] Suspicious activity detected: unauthorized_access
2025-06-01 07:11:34 - [WARNING] Suspicious activity detected: ip_blocked
2025-06-01 07:19:34 - [INFO] file uploaded
2025-06-01 07:24:51 - [INFO] user login
2025-06-01 07:25:26 - [WARNING] Suspicious activity detected: ip_blocked
2025-06-01 07:26:15 - [INFO] file uploaded
2025-06-01 07:28:19 - [INFO] backup completed
2025-06-01 07:30:50 - [INFO] file downloaded
2025-06-01 07:34:51 - [INFO] user login
2025-06-01 07:42:42 - [INFO] system check passed
2025-06-01 07:45:49 - [INFO] file uploaded
2025-06-01 08:00:08 - [INFO] config updated
2025-06-01 08:03:49 - [INFO] backup completed
2025-06-01 08:07:20 - [INFO] user login
2025-06-01 08:08:30 - [INFO] file downloaded
2025-06-01 08:11:44 - [WARNING] Suspicious activity detected: port_scan
2025-06-01 08:26:05 - [INFO] email sent
2025-06-01 08:26:33 - [INFO] file downloaded
2025-06-01 08:29:08 - [INFO] config updated
2025-06-01 08:29:38 - [WARNING] Suspicious activity detected: malware
2025-06-01 08:38:14 - [INFO] system check passed
2025-06-01 08:48:52 - [INFO] user login
2025-06-01 08:50:56 - [INFO] email sent
2025-06-01 09:02:00 - [INFO] file uploaded
2025-06-01 09:13:00 - [INFO] file downloaded
2025-06-01 09:25:43 - [WARNING] Suspicious activity detected: port_scan
2025-06-01 09:27:11 - [INFO] file downloaded
2025-06-01 09:32:30 - [INFO] file downloaded
2025-06-01 09:34:47 - [INFO] email sent
2025-06-01 09:37:24 - [INFO] config updated
2025-06-01 09:40:27 - [INFO] email sent
2025-06-01 09:41:20 - [INFO] email sent
2025-06-01 09:53:24 - [INFO] system check passed
2025-06-01 10:01:24 - [INFO] email sent
2025-06-01 10:10:12 - [INFO] file uploaded
2025-06-01 10:12:37 - [INFO] file downloaded
2025-06-01 10:14:13 - [INFO] file downloaded
2025-06-01 10:15:36 - [INFO] file downloaded
2025-06-01 10:21:24 - [WARNING] Suspicious activity detected: malware
2025-06-01 10:26:04 - [INFO] config updated
2025-06-01 10:27:16 - [WARNING] Suspicious activity detected: sql_injection
2025-06-01 10:31:51 - [INFO] user login
2025-06-01 10:43:36 - [WARNING] Suspicious activity detected: unauthorized_access
2025-06-01 10:49:27 - [INFO] system check passed
2025-06-01 10:54:02 - [INFO] user login
2025-06-01 10:57:59 - [WARNING] Suspicious activity detected: sql_injection
2025-06-01 11:00:35 - [INFO] file uploaded
2025-06-01 11:01:25 - [INFO] file downloaded
2025-06-01 11:05:23 - [WARNING] Suspicious activity detected: malware
2025-06-01 11:05:42 - [INFO] backup completed
2025-06-01 11:06:28 - [INFO] backup completed
2025-06-01 11:06:58 - [INFO] file uploaded
2025-06-01 11:08:17 - [INFO] system check passed
2025-06-01 11:21:10 - [INFO] system check passed
2025-06-01 11:32:54 - [WARNING] Suspicious activity detected: port_scan
2025-06-01 11:38:29 - [WARNING] Suspicious activity detected: brute_force
2025-06-01 11:41:46 - [INFO] backup completed
2025-06-01 11:44:56 - [INFO] file downloaded
2025-06-01 11:47:25 - [INFO] file downloaded
2025-06-01 11:55:12 - [INFO] file uploaded
2025-06-01 11:55:16 - [INFO] email sent
2025-06-01 11:58:42 - [INFO] file uploaded
2025-06-01 12:00:33 - [INFO] file uploaded
2025-06-01 12:06:18 - [INFO] file uploaded
2025-06-01 12:08:50 - [INFO] system check passed
2025-06-01 12:10:37 - [INFO] user login
2025-06-01 12:15:52 - [INFO] config updated
2025-06-01 12:29:36 - [WARNING] Suspicious activity detected: sql_injection
2025-06-01 12:30:38 - [INFO] file downloaded
2025-06-01 12:33:46 - [INFO] backup completed
2025-06-01 12:35:08 - [INFO] config updated
2025-06-01 13:02:10 - [INFO] config updated
2025-06-01 13:07:41 - [INFO] email sent
2025-06-01 13:32:36 - [WARNING] Suspicious activity detected: ip_blocked
2025-06-01 13:40:22 - [INFO] config updated
2025-06-01 13:43:58 - [INFO] config updated
2025-06-01 13:44:36 - [INFO] system check passed
2025-06-01 13:59:32 - [INFO] file uploaded
2025-06-01 14:00:47 - [INFO] config updated
2025-06-01 14:07:41 - [WARNING] Suspicious activity detected: brute_force
2025-06-01 14:10:20 - [WARNING] Suspicious activity detected: port_scan
2025-06-01 14:12:55 - [WARNING] Suspicious activity detected: port_scan
2025-06-01 14:14:02 - [INFO] user login
2025-06-01 14:22:41 - [WARNING] Suspicious activity detected: brute_force
2025-06-01 14:28:09 - [INFO] config updated
2025-06-01 14:35:08 - [INFO] backup completed
2025-06-01 14:44:59 - [INFO] backup completed
2025-06-01 14:56:06 - [INFO] file downloaded
2025-06-01 15:01:18 - [WARNING] Suspicious activity detected: port_scan
2025-06-01 15:02:06 - [INFO] system check passed
2025-06-01 15:02:28 - [INFO] file uploaded
2025-06-01 15:04:41 - [INFO] user login
2025-06-01 15:10:58 - [WARNING] Suspicious activity detected: brute_force
2025-06-01 15:29:45 - [WARNING] Suspicious activity detected: unauthorized_access
2025-06-01 15:45:49 - [INFO] backup completed
2025-06-01 15:49:45 - [INFO] user login
2025-06-01 15:55:14 - [INFO] file downloaded
2025-06-01 15:57:02 - [INFO] system check passed
2025-06-01 16:11:29 - [INFO] user login
2025-06-01 16:25:26 - [WARNING] Suspicious activity detected: intrusion
2025-06-01 16:32:51 - [INFO] system check passed
2025-06-01 16:46:50 - [WARNING] Suspicious activity detected: brute_force
2025-06-01 16:50:26 - [INFO] file uploaded
2025-06-01 16:56:26 - [INFO] file uploaded
2025-06-01 16:56:50 - [INFO] user login
2025-06-01 16:58:33 - [WARNING] Suspicious activity detected: sql_injection
2025-06-01 17:08:21 - [INFO] user login
2025-06-01 17:09:35 - [WARNING] Suspicious activity detected: intrusion
2025-06-01 17:13:23 - [INFO] system check passed
2025-06-01 17:24:14 - [WARNING] Suspicious activity detected: sql_injection
2025-06-01 17:27:58 - [INFO] backup completed
2025-06-01 17:29:37 - [INFO] backup completed
2025-06-01 17:45:11 - [INFO] file uploaded
2025-06-01 17:45:50 - [WARNING] Suspicious activity detected: intrusion
2025-06-01 17:49:55 - [INFO] backup completed
2025-06-01 18:00:32 - [WARNING] Suspicious activity detected: brute_force
2025-06-01 18:05:38 - [INFO] system check passed
2025-06-01 18:05:46 - [WARNING] Suspicious activity detected: intrusion
2025-06-01 18:06:02 - [INFO] user login
2025-06-01 18:09:17 - [INFO] user login
2025-06-01 18:29:16 - [WARNING] Suspicious activity detected: sql_injection
2025-06-01 18:33:36 - [INFO] email sent
2025-06-01 18:39:44 - [INFO] backup completed
2025-06-01 18:41:00 - [INFO] config updated
2025-06-01 18:48:44 - [INFO] file uploaded
2025-06-01 18:49:41 - [WARNING] Suspicious activity detected: brute_force
2025-06-01 18:50:52 - [WARNING] Suspicious activity detected: malware
2025-06-01 18:51:54 - [INFO] file downloaded
2025-06-01 18:59:22 - [INFO] email sent
2025-06-01 19:21:41 - [INFO] file downloaded
2025-06-01 19:30:18 - [INFO] email sent
2025-06-01 19:30:47 - [INFO] backup completed
2025-06-01 19:38:37 - [INFO] email sent
2025-06-01 19:42:45 - [WARNING] Suspicious activity detected: unauthorized_access
2025-06-01 19:53:27 - [WARNING] Suspicious activity detected: ddos
2025-06-01 19:59:06 - [INFO] email sent
2025-06-01 20:04:17 - [WARNING] Suspicious activity detected: port_scan
2025-06-01 20:10:20 - [INFO] system check passed
2025-06-01 20:18:02 - [INFO] backup completed
2025-06-01 20:30:02 - [INFO] system check passed
2025-06-01 20:34:19 - [INFO] email sent
2025-06-01 20:35:05 - [INFO] email sent
2025-06-01 20:36:37 - [INFO] email sent
2025-06-01 20:42:41 - [WARNING] Suspicious activity detected: sql_injection
2025-06-01 20:42:47 - [INFO] file downloaded
2025-06-01 20:43:30 - [INFO] config updated
2025-06-01 20:50:56 - [INFO] file uploaded
2025-06-01 20:52:43 - [INFO] config updated
2025-06-01 21:00:41 - [WARNING] Suspicious activity detected: malware
2025-06-01 21:03:28 - [INFO] system check passed
2025-06-01 21:05:05 - [INFO] file downloaded
2025-06-01 21:13:55 - [INFO] file downloaded
2025-06-01 21:18:02 - [INFO] backup completed
2025-06-01 21:32:18 - [WARNING] Suspicious activity detected: unauthorized_access
2025-06-01 21:34:07 - [WARNING] Suspicious activity detected: intrusion
2025-06-01 21:45:17 - [INFO] system check passed
2025-06-01 21:51:37 - [INFO] email sent
2025-06-01 21:58:37 - [INFO] file uploaded
2025-06-01 22:03:47 - [INFO] file downloaded
2025-06-01 22:04:55 - [INFO] config updated
2025-06-01 22:07:54 - [INFO] file uploaded
2025-06-01 22:09:46 - [INFO] file downloaded
2025-06-01 22:21:38 - [INFO] backup completed
2025-06-01 22:22:58 - [INFO] file uploaded
2025-06-01 22:30:14 - [INFO] config updated
2025-06-01 22:32:47 - [INFO] config updated
2025-06-01 22:47:14 - [INFO] system check passed
2025-06-01 22:55:21 - [INFO] email sent
2025-06-01 22:55:53 - [INFO] system check passed
2025-06-01 22:57:53 - [INFO] user login
2025-06-01 23:12:07 - [WARNING] Suspicious activity detected: port_scan
2025-06-01 23:58:20 - [INFO] email sent