2025-06-24 00:01:31 - [WARNING] Suspicious activity detected: ddos
2025-06-24 00:09:30 - [INFO] config updated
2025-06-24 00:17:39 - [INFO] file uploaded
2025-06-24 00:25:16 - [INFO] email sent
2025-06-24 00:40:46 - [INFO] backup completed
2025-06-24 00:41:41 - [WARNING] Suspicious activity detected: port_scan
2025-06-24 00:52:03 - [INFO] config updated
2025-06-24 00:55:12 - [INFO] system check passed
2025-06-24 01:03:06 - [INFO] email sent
2025-06-24 01:03:21 - [INFO] file downloaded
2025-06-24 01:07:08 - [INFO] file uploaded
2025-06-24 01:07:52 - [INFO] file uploaded
2025-06-24 01:09:22 - [INFO] config updated
2025-06-24 01:15:14 - [INFO] email sent
2025-06-24 01:18:03 - [INFO] config updated
2025-06-24 01:18:40 - [WARNING] Suspicious activity detected: ddos
2025-06-24 01:19:14 - [INFO] config updated
2025-06-24 01:29:20 - [INFO] system check passed
2025-06-24 01:39:41 - [WARNING] Suspicious activity detected: intrusion
2025-06-24 01:42:26 - [INFO] user login
2025-06-24 01:43:26 - [INFO] config updated
2025-06-24 01:47:07 - [WARNING] Suspicious activity detected: sql_injection
2025-06-24 01:52:33 - [WARNING] Suspicious activity detected: unauthorized_access
2025-06-24 02:00:48 - [WARNING] Suspicious activity detected: ip_blocked
2025-06-24 02:08:07 - [INFO] file uploaded
2025-06-24 02:11:20 - [INFO] config updated
2025-06-24 02:12:57 - [INFO] file downloaded
2025-06-24 02:14:04 - [INFO] email sent
2025-06-24 02:20:43 - [WARNING] Suspicious activity detected: unauthorized_access
2025-06-24 02:44:40 - [INFO] file uploaded
2025-06-24 02:54:04 - [INFO] file downloaded
2025-06-24 03:00:11 - [INFO] system check passed
2025-06-24 03:00:24 - [INFO] backup completed
2025-06-24 03:05:03 - [INFO] system check passed
2025-06-24 03:08:03 - [WARNING] Suspicious activity detected: ddos
2025-06-24 03:08:08 - [INFO] email sent
2025-06-24 03:08:14 - [INFO] file downloaded
2025-06-24 03:09:02 - [INFO] file downloaded
2025-06-24 03:10:12 - [INFO] file downloaded
2025-06-24 03:18:46 - [INFO] file uploaded
2025-06-24 03:30:30 - [INFO] config updated
2025-06-24 03:34:27 - [INFO] file downloaded
2025-06-24 03:41:40 - [INFO] user login
2025-06-24 03:42:17 - [WARNING] Suspicious activity detected: malware
2025-06-24 03:44:52 - [WARNING] Suspicious activity detected: port_scan
2025-06-24 03:45:59 - [INFO] email sent
2025-06-24 03:51:01 - [INFO] user login
2025-06-24 04:00:51 - [INFO] user login
2025-06-24 04:01:38 - [INFO] user login
2025-06-24 04:06:54 - [WARNING] Suspicious activity detected: ip_blocked
2025-06-24 04:06:58 - [WARNING] Suspicious activity detected: sql_injection
2025-06-24 04:17:58 - [WARNING] Suspicious activity detected: ip_blocked
2025-06-24 04:21:20 - [WARNING] Suspicious activity detected: port_scan
2025-06-24 04:23:05 - [INFO] file uploaded
2025-06-24 04:23:28 - [INFO] file uploaded
2025-06-24 04:35:21 - [WARNING] Suspicious activity detected: unauthorized_access
2025-06-24 04:43:01 - [INFO] config updated
2025-06-24 04:44:12 - [INFO] system check passed
2025-06-24 04:47:57 - [INFO] backup completed
2025-06-24 04:58:01 - [INFO] email sent
2025-06-24 05:02:31 - [INFO] user login
2025-06-24 05:05:33 - [WARNING] Suspicious activity detected: ip_blocked
2025-06-24 05:13:24 - [INFO] file downloaded
2025-06-24 05:24:39 - [INFO] user login
2025-06-24 05:29:38 - [INFO] file downloaded
2025-06-24 05:36:35 - [WARNING] Suspicious activity detected: brute_force
2025-06-24 06:00:22 - [INFO] backup completed
2025-06-24 06:02:25 - [INFO] system check passed
2025-06-24 06:24:21 - [WARNING] Suspicious activity detected: unauthorized_access
2025-06-24 06:35:34 - [INFO] user login
2025-06-24 06:36:39 - [INFO] email sent
2025-06-24 06:55:11 - [INFO] system check passed
2025-06-24 07:03:12 - [INFO] user login
2025-06-24 07:04:12 - [INFO] config updated
2025-06-24 07:05:05 - [INFO] user login
2025-06-24 07:12:01 - [INFO] email sent
2025-06-24 07:17:36 - [INFO] email sent
2025-06-24 07:34:27 - [INFO] backup completed
2025-06-24 07:53:30 - [INFO] file uploaded
2025-06-24 07:56:17 - [INFO] user login
2025-06-24 08:05:18 - [INFO] file downloaded
2025-06-24 08:18:39 - [INFO] file downloaded
2025-06-24 08:20:35 - [INFO] email sent
2025-06-24 08:29:17 - [INFO] backup completed
2025-06-24 08:35:07 - [INFO] config updated
2025-06-24 08:41:39 - [INFO] file uploaded
2025-06-24 08:58:53 - [INFO] email sent
2025-06-24 09:07:05 - [WARNING] Suspicious activity detected: ip_blocked
2025-06-24 09:09:33 - [INFO] file uploaded
2025-06-24 09:11:46 - [INFO] file uploaded
2025-06-24 09:15:27 - [WARNING] Suspicious activity detected: malware
2025-06-24 09:52:24 - [INFO] email sent
2025-06-24 09:57:14 - [WARNING] Suspicious activity detected: ip_blocked
2025-06-24 09:59:27 - [INFO] config updated
2025-06-24 10:01:53 - [INFO] system check passed
2025-06-24 10:05:18 - [INFO] file uploaded
2025-06-24 10:11:31 - [INFO] user login
2025-06-24 10:12:15 - [INFO] system check passed
2025-06-24 10:29:42 - [INFO] user login
2025-06-24 10:30:12 - [INFO] user login
2025-06-24 10:33:45 - [INFO] email sent
2025-06-24 10:40:33 - [INFO] file uploaded
2025-06-24 10:48:40 - [INFO] system check passed
2025-06-24 11:00:19 - [WARNING] Suspicious activity detected: malware
2025-06-24 11:06:38 - [INFO] file downloaded
2025-06-24 11:10:15 - [WARNING] Suspicious activity detected: malware
2025-06-24 11:13:19 - [INFO] email sent
2025-06-24 11:18:09 - [WARNING] Suspicious activity detected: ip_blocked
2025-06-24 11:18:27 - [INFO] system check passed
2025-06-24 11:19:58 - [INFO] backup completed
2025-06-24 11:25:08 - [INFO] config updated
2025-06-24 11:25:43 - [WARNING] Suspicious activity detected: ddos
2025-06-24 11:27:44 - [INFO] backup completed
2025-06-24 11:41:19 - [INFO] config updated
2025-06-24 11:57:45 - [INFO] backup completed
2025-06-24 12:05:00 - [WARNING] Suspicious activity detected: port_scan
2025-06-24 12:05:26 - [INFO] backup completed
2025-06-24 12:09:40 - [INFO] file uploaded
2025-06-24 12:19:00 - [INFO] file uploaded
2025-06-24 12:26:45 - [INFO] user login
2025-06-24 12:26:59 - [WARNING] Suspicious activity detected: port_scan
2025-06-24 12:36:59 - [INFO] email sent
2025-06-24 12:47:17 - [INFO] config updated
2025-06-24 12:57:28 - [INFO] config updated
2025-06-24 13:01:22 - [WARNING] Suspicious activity detected: sql_injection
2025-06-24 13:11:02 - [INFO] file uploaded
2025-06-24 13:12:37 - [INFO] email sent
2025-06-24 13:21:48 - [WARNING] Suspicious activity detected: ddos
2025-06-24 13:47:51 - [INFO] file downloaded
2025-06-24 13:52:59 - [INFO] config updated
2025-06-24 13:59:00 - [INFO] system check passed
2025-06-24 14:05:31 - [INFO] file uploaded
2025-06-24 14:13:29 - [INFO] backup completed
2025-06-24 14:18:30 - [INFO] file uploaded
2025-06-24 14:20:46 - [INFO] backup completed
2025-06-24 14:20:53 - [INFO] email sent
2025-06-24 14:45:28 - [WARNING] Suspicious activity detected: brute_force
2025-06-24 14:45:52 - [WARNING] Suspicious activity detected: port_scan
2025-06-24 14:47:57 - [INFO] backup completed
2025-06-24 14:51:43 - [INFO] system check passed
2025-06-24 15:05:46 - [INFO] file uploaded
2025-06-24 15:25:00 - [INFO] config updated
2025-06-24 15:27:37 - [INFO] config updated
2025-06-24 15:31:08 - [INFO] config updated
2025-06-24 15:52:43 - [INFO] email sent
2025-06-24 16:09:20 - [WARNING] Suspicious activity detected: ip_blocked
2025-06-24 16:35:02 - [WARNING] Suspicious activity detected: intrusion
2025-06-24 16:37:40 - [INFO] file downloaded
2025-06-24 16:45:08 - [WARNING] Suspicious activity detected: sql_injection
2025-06-24 16:53:23 - [WARNING] Suspicious activity detected: unauthorized_access
2025-06-24 16:57:30 - [INFO] system check passed
2025-06-24 17:13:07 - [INFO] file uploaded
2025-06-24 17:13:41 - [INFO] email sent
2025-06-24 17:29:52 - [INFO] file uploaded
2025-06-24 17:34:39 - [WARNING] Suspicious activity detected: ip_blocked
2025-06-24 17:38:15 - [INFO] backup completed
2025-06-24 17:50:19 - [INFO] file uploaded
2025-06-24 17:50:28 - [INFO] user login
2025-06-24 17:56:00 - [WARNING] Suspicious activity detected: ip_blocked
2025-06-24 17:59:35 - [WARNING] Suspicious activity detected: brute_force
2025-06-24 18:23:00 - [WARNING] Suspicious activity detected: ip_blocked
2025-06-24 18:30:25 - [INFO] backup completed
2025-06-24 18:40:18 - [INFO] email sent
2025-06-24 18:43:44 - [WARNING] Suspicious activity detected: brute_force
2025-06-24 18:47:33 - [INFO] email sent
2025-06-24 18:52:13 - [WARNING] Suspicious activity detected: port_scan
2025-06-24 18:58:41 - [INFO] user login
2025-06-24 19:07:06 - [INFO] backup completed
2025-06-24 19:09:27 - [INFO] email sent
2025-06-24 19:14:12 - [INFO] email sent
2025-06-24 19:18:53 - [INFO] backup completed
2025-06-24 19:23:57 - [WARNING] Suspicious activity detected: ip_blocked
2025-06-24 19:25:53 - [INFO] file uploaded
2025-06-24 19:33:40 - [INFO] user login
2025-06-24 19:49:40 - [WARNING] Suspicious activity detected: ip_blocked
2025-06-24 20:00:50 - [INFO] email sent
2025-06-24 20:07:57 - [INFO] file downloaded
2025-06-24 20:11:00 - [WARNING] Suspicious activity detected: intrusion
2025-06-24 20:12:12 - [INFO] user login
2025-06-24 20:16:25 - [INFO] user login
2025-06-24 20:21:05 - [INFO] config updated
2025-06-24 20:24:53 - [WARNING] Suspicious activity detected: sql_injection
2025-06-24 20:37:09 - [INFO] email sent
2025-06-24 20:37:23 - [INFO] system check passed
2025-06-24 20:56:42 - [INFO] user login
2025-06-24 21:01:17 - [WARNING] Suspicious activity detected: ip_blocked
2025-06-24 21:03:50 - [INFO] file uploaded
2025-06-24 21:10:26 - [INFO] file downloaded
2025-06-24 21:13:56 - [INFO] file uploaded
2025-06-24 21:27:32 - [INFO] backup completed
2025-06-24 21:47:36 - [INFO] email sent
2025-06-24 21:51:28 - [INFO] system check passed
2025-06-24 21:58:17 - [INFO] user login
2025-06-24 22:01:04 - [INFO] backup completed
2025-06-24 22:02:51 - [INFO] email sent
2025-06-24 22:04:25 - [INFO] file downloaded
2025-06-24 22:14:03 - [INFO] config updated
2025-06-24 22:18:20 - [WARNING] Suspicious activity detected: brute_force
2025-06-24 22:32:23 - [INFO] file downloaded
2025-06-24 22:34:52 - [INFO] file uploaded
2025-06-24 22:47:08 - [WARNING] Suspicious activity detected: malware
2025-06-24 22:48:15 - [WARNING] Suspicious activity detected: unauthorized_access
2025-06-24 22:50:48 - [INFO] system check passed
2025-06-24 22:56:04 - [INFO] file uploaded
2025-06-24 22:56:07 - [INFO] file uploaded
2025-06-24 23:01:41 - [WARNING] Suspicious activity detected: intrusion
2025-06-24 23:05:22 - [INFO] email sent
2025-06-24 23:15:51 - [INFO] file downloaded
2025-06-24 23:24:02 - [INFO] config updated
2025-06-24 23:39:00 - [INFO] email sent
2025-06-24 23:42:03 - [INFO] email sent
2025-06-24 23:44:27 - [WARNING] Suspicious activity detected: ip_blocked
2025-06-24 23:44:36 - [WARNING] Suspicious activity detected: ddos
2025-06-24 23:47:05 - [INFO] file uploaded
2025-06-24 23:54:32 - [INFO] file uploaded
2025-06-24 23:58:48 - [INFO] backup completed