2025-07-04 00:01:42 - [INFO] backup completed
2025-07-04 00:09:37 - [WARNING] Suspicious activity detected: ddos
2025-07-04 00:11:01 - [WARNING] Suspicious activity detected: malware
2025-07-04 00:11:44 - [WARNING] Suspicious activity detected: brute_force
2025-07-04 00:29:28 - [WARNING] Suspicious activity detected: ip_blocked
2025-07-04 00:33:59 - [WARNING] Suspicious activity detected: ddos
2025-07-04 00:36:49 - [WARNING] Suspicious activity detected: sql_injection
2025-07-04 00:40:11 - [INFO] user login
2025-07-04 00:45:08 - [INFO] config updated
2025-07-04 01:18:28 - [WARNING] Suspicious activity detected: ddos
2025-07-04 01:22:10 - [WARNING] Suspicious activity detected: ddos
2025-07-04 01:37:03 - [WARNING] Suspicious activity detected: ddos
2025-07-04 01:38:44 - [INFO] file downloaded
2025-07-04 01:42:16 - [INFO] system check passed
2025-07-04 01:42:20 - [INFO] file downloaded
2025-07-04 01:42:38 - [INFO] backup completed
2025-07-04 01:51:10 - [INFO] file uploaded
2025-07-04 02:08:47 - [INFO] backup completed
2025-07-04 02:16:52 - [INFO] system check passed
2025-07-04 02:19:14 - [WARNING] Suspicious activity detected: malware
2025-07-04 02:21:22 - [INFO] user login
2025-07-04 02:22:35 - [WARNING] Suspicious activity detected: port_scan
2025-07-04 02:23:36 - [WARNING] Suspicious activity detected: intrusion
2025-07-04 02:26:18 - [INFO] system check passed
2025-07-04 02:28:40 - [WARNING] Suspicious activity detected: brute_force
2025-07-04 02:29:24 - [INFO] file downloaded
2025-07-04 02:32:21 - [INFO] backup completed
2025-07-04 02:34:41 - [INFO] backup completed
2025-07-04 02:44:05 - [INFO] backup completed
2025-07-04 03:04:26 - [INFO] system check passed
2025-07-04 03:05:49 - [INFO] backup completed
2025-07-04 03:12:40 - [INFO] user login
2025-07-04 03:17:06 - [INFO] user login
2025-07-04 03:24:36 - [WARNING] Suspicious activity detected: ip_blocked
2025-07-04 03:28:17 - [WARNING] Suspicious activity detected: brute_force
2025-07-04 03:35:14 - [WARNING] Suspicious activity detected: ip_blocked
2025-07-04 03:43:27 - [WARNING] Suspicious activity detected: sql_injection
2025-07-04 03:54:00 - [INFO] backup completed
2025-07-04 03:54:03 - [INFO] system check passed
2025-07-04 04:01:44 - [WARNING] Suspicious activity detected: brute_force
2025-07-04 04:02:08 - [INFO] config updated
2025-07-04 04:04:34 - [INFO] email sent
2025-07-04 04:06:33 - [WARNING] Suspicious activity detected: intrusion
2025-07-04 04:15:59 - [WARNING] Suspicious activity detected: ip_blocked
2025-07-04 04:22:03 - [INFO] file uploaded
2025-07-04 04:30:41 - [INFO] file uploaded
2025-07-04 04:33:25 - [WARNING] Suspicious activity detected: ddos
2025-07-04 04:36:06 - [WARNING] Suspicious activity detected: ip_blocked
2025-07-04 04:45:23 - [WARNING] Suspicious activity detected: ip_blocked
2025-07-04 04:46:10 - [INFO] user login
2025-07-04 04:46:17 - [WARNING] Suspicious activity detected: sql_injection
2025-07-04 04:52:37 - [WARNING] Suspicious activity detected: ip_blocked
2025-07-04 04:57:58 - [INFO] config updated
2025-07-04 05:00:07 - [INFO] user login
2025-07-04 05:01:27 - [INFO] system check passed
2025-07-04 05:16:15 - [INFO] system check passed
2025-07-04 05:18:55 - [WARNING] Suspicious activity detected: port_scan
2025-07-04 05:22:19 - [INFO] backup completed
2025-07-04 05:24:47 - [INFO] file uploaded
2025-07-04 05:29:16 - [INFO] email sent
2025-07-04 05:29:44 - [INFO] file uploaded
2025-07-04 05:39:49 - [WARNING] Suspicious activity detected: brute_force
2025-07-04 05:40:33 - [WARNING] Suspicious activity detected: intrusion
2025-07-04 05:41:06 - [INFO] backup completed
2025-07-04 05:43:25 - [INFO] backup completed
2025-07-04 05:46:00 - [INFO] file uploaded
2025-07-04 05:51:25 - [WARNING] Suspicious activity detected: port_scan
2025-07-04 05:51:28 - [WARNING] Suspicious activity detected: ip_blocked
2025-07-04 05:52:30 - [WARNING] Suspicious activity detected: port_scan
2025-07-04 05:54:17 - [WARNING] Suspicious activity detected: brute_force
2025-07-04 06:03:03 - [WARNING] Suspicious activity detected: ddos
2025-07-04 06:10:17 - [WARNING] Suspicious activity detected: intrusion
2025-07-04 06:24:49 - [WARNING] Suspicious activity detected: sql_injection
2025-07-04 06:28:08 - [INFO] system check passed
2025-07-04 06:30:30 - [WARNING] Suspicious activity detected: brute_force
2025-07-04 06:37:40 - [INFO] email sent
2025-07-04 06:39:06 - [WARNING] Suspicious activity detected: ddos
2025-07-04 06:47:37 - [INFO] system check passed
2025-07-04 06:52:17 - [INFO] email sent
2025-07-04 07:01:56 - [INFO] file uploaded
2025-07-04 07:08:47 - [WARNING] Suspicious activity detected: brute_force
2025-07-04 07:12:47 - [INFO] system check passed
2025-07-04 07:14:03 - [INFO] email sent
2025-07-04 07:14:41 - [INFO] email sent
2025-07-04 07:19:28 - [INFO] email sent
2025-07-04 07:27:30 - [INFO] backup completed
2025-07-04 07:32:04 - [INFO] config updated
2025-07-04 07:32:14 - [WARNING] Suspicious activity detected: ddos
2025-07-04 07:33:15 - [INFO] file downloaded
2025-07-04 07:36:29 - [WARNING] Suspicious activity detected: malware
2025-07-04 07:46:00 - [INFO] user login
2025-07-04 08:02:55 - [INFO] email sent
2025-07-04 08:12:30 - [WARNING] Suspicious activity detected: brute_force
2025-07-04 08:16:25 - [INFO] backup completed
2025-07-04 08:28:26 - [WARNING] Suspicious activity detected: ip_blocked
2025-07-04 08:54:48 - [WARNING] Suspicious activity detected: intrusion
2025-07-04 08:56:52 - [INFO] config updated
2025-07-04 09:01:05 - [WARNING] Suspicious activity detected: intrusion
2025-07-04 09:23:15 - [WARNING] Suspicious activity detected: port_scan
2025-07-04 09:23:21 - [WARNING] Suspicious activity detected: brute_force
2025-07-04 09:24:15 - [INFO] file downloaded
2025-07-04 09:25:57 - [INFO] system check passed
2025-07-04 09:39:30 - [WARNING] Suspicious activity detected: unauthorized_access
2025-07-04 09:40:04 - [INFO] backup completed
2025-07-04 09:41:11 - [WARNING] Suspicious activity detected: intrusion
2025-07-04 09:46:24 - [WARNING] Suspicious activity detected: ip_blocked
2025-07-04 09:48:15 - [WARNING] Suspicious activity detected: ddos
2025-07-04 09:53:07 - [WARNING] Suspicious activity detected: sql_injection
2025-07-04 09:57:09 - [INFO] system check passed
2025-07-04 09:57:22 - [WARNING] Suspicious activity detected: port_scan
2025-07-04 10:02:10 - [WARNING] Suspicious activity detected: port_scan
2025-07-04 10:07:33 - [WARNING] Suspicious activity detected: brute_force
2025-07-04 10:21:29 - [WARNING] Suspicious activity detected: malware
2025-07-04 10:27:36 - [INFO] backup completed
2025-07-04 10:30:54 - [WARNING] Suspicious activity detected: brute_force
2025-07-04 10:35:01 - [INFO] system check passed
2025-07-04 10:35:20 - [WARNING] Suspicious activity detected: ddos
2025-07-04 10:50:30 - [INFO] backup completed
2025-07-04 10:56:48 - [WARNING] Suspicious activity detected: sql_injection
2025-07-04 11:00:12 - [INFO] system check passed
2025-07-04 11:01:26 - [WARNING] Suspicious activity detected: intrusion
2025-07-04 11:04:26 - [WARNING] Suspicious activity detected: port_scan
2025-07-04 11:25:07 - [INFO] file downloaded
2025-07-04 11:39:26 - [WARNING] Suspicious activity detected: ddos
2025-07-04 12:04:58 - [WARNING] Suspicious activity detected: malware
2025-07-04 12:06:34 - [INFO] file downloaded
2025-07-04 12:10:04 - [INFO] config updated
2025-07-04 12:11:28 - [INFO] backup completed
2025-07-04 12:15:57 - [WARNING] Suspicious activity detected: sql_injection
2025-07-04 12:17:40 - [WARNING] Suspicious activity detected: ddos
2025-07-04 12:20:44 - [INFO] file uploaded
2025-07-04 12:24:06 - [INFO] config updated
2025-07-04 12:29:02 - [INFO] email sent
2025-07-04 12:38:51 - [WARNING] Suspicious activity detected: ddos
2025-07-04 12:39:41 - [WARNING] Suspicious activity detected: brute_force
2025-07-04 12:41:06 - [WARNING] Suspicious activity detected: ddos
2025-07-04 12:43:54 - [INFO] backup completed
2025-07-04 12:46:01 - [INFO] user login
2025-07-04 12:50:07 - [INFO] file downloaded
2025-07-04 13:06:12 - [INFO] system check passed
2025-07-04 13:26:48 - [INFO] file downloaded
2025-07-04 13:40:50 - [WARNING] Suspicious activity detected: ddos
2025-07-04 13:41:46 - [INFO] config updated
2025-07-04 13:47:12 - [WARNING] Suspicious activity detected: port_scan
2025-07-04 13:53:35 - [INFO] user login
2025-07-04 13:58:50 - [INFO] system check passed
2025-07-04 14:03:51 - [WARNING] Suspicious activity detected: malware
2025-07-04 14:05:31 - [WARNING] Suspicious activity detected: unauthorized_access
2025-07-04 14:06:32 - [INFO] system check passed
2025-07-04 14:14:07 - [WARNING] Suspicious activity detected: brute_force
2025-07-04 14:15:50 - [INFO] file downloaded
2025-07-04 14:16:07 - [WARNING] Suspicious activity detected: intrusion
2025-07-04 14:17:11 - [WARNING] Suspicious activity detected: sql_injection
2025-07-04 14:27:47 - [WARNING] Suspicious activity detected: brute_force
2025-07-04 14:33:10 - [INFO] config updated
2025-07-04 14:35:01 - [WARNING] Suspicious activity detected: unauthorized_access
2025-07-04 14:49:15 - [INFO] config updated
2025-07-04 15:05:16 - [INFO] backup completed
2025-07-04 15:06:44 - [WARNING] Suspicious activity detected: sql_injection
2025-07-04 15:08:11 - [INFO] config updated
2025-07-04 15:15:51 - [INFO] user login
2025-07-04 15:19:18 - [INFO] file uploaded
2025-07-04 15:23:34 - [WARNING] Suspicious activity detected: ip_blocked
2025-07-04 15:25:15 - [INFO] file uploaded
2025-07-04 15:25:21 - [INFO] system check passed
2025-07-04 15:34:14 - [WARNING] Suspicious activity detected: port_scan
2025-07-04 15:38:48 - [INFO] email sent
2025-07-04 15:40:18 - [INFO] file uploaded
2025-07-04 15:41:57 - [WARNING] Suspicious activity detected: unauthorized_access
2025-07-04 15:48:08 - [INFO] config updated
2025-07-04 15:56:40 - [INFO] config updated
2025-07-04 16:06:57 - [INFO] backup completed
2025-07-04 16:17:22 - [INFO] email sent
2025-07-04 16:17:48 - [INFO] file downloaded
2025-07-04 16:19:56 - [INFO] email sent
2025-07-04 16:20:40 - [INFO] config updated
2025-07-04 16:34:53 - [INFO] user login
2025-07-04 16:41:02 - [INFO] backup completed
2025-07-04 16:41:17 - [WARNING] Suspicious activity detected: port_scan
2025-07-04 16:41:48 - [INFO] email sent
2025-07-04 16:42:32 - [WARNING] Suspicious activity detected: malware
2025-07-04 16:44:46 - [INFO] config updated
2025-07-04 16:57:27 - [INFO] email sent
2025-07-04 17:17:07 - [WARNING] Suspicious activity detected: sql_injection
2025-07-04 17:29:07 - [INFO] config updated
2025-07-04 17:39:13 - [INFO] system check passed
2025-07-04 17:40:30 - [WARNING] Suspicious activity detected: brute_force
2025-07-04 17:43:38 - [INFO] system check passed
2025-07-04 17:46:23 - [INFO] backup completed
2025-07-04 17:47:45 - [WARNING] Suspicious activity detected: ip_blocked
2025-07-04 18:07:06 - [WARNING] Suspicious activity detected: intrusion
2025-07-04 18:10:41 - [WARNING] Suspicious activity detected: sql_injection
2025-07-04 18:17:42 - [INFO] config updated
2025-07-04 18:18:53 - [INFO] file downloaded
2025-07-04 18:26:15 - [WARNING] Suspicious activity detected: ip_blocked
2025-07-04 18:33:52 - [WARNING] Suspicious activity detected: ddos
2025-07-04 18:54:17 - [INFO] config updated
2025-07-04 18:58:56 - [WARNING] Suspicious activity detected: unauthorized_access
2025-07-04 19:09:04 - [WARNING] Suspicious activity detected: malware
2025-07-04 19:10:20 - [WARNING] Suspicious activity detected: malware
2025-07-04 19:21:11 - [WARNING] Suspicious activity detected: unauthorized_access
2025-07-04 19:34:07 - [INFO] system check passed
2025-07-04 19:34:38 - [INFO] backup completed
2025-07-04 19:42:20 - [WARNING] Suspicious activity detected: ip_blocked
2025-07-04 19:45:23 - [WARNING] Suspicious activity detected: ip_blocked
2025-07-04 19:52:13 - [INFO] user login
2025-07-04 19:52:33 - [INFO] config updated
2025-07-04 19:53:44 - [WARNING] Suspicious activity detected: unauthorized_access
2025-07-04 19:59:34 - [INFO] backup completed
2025-07-04 20:02:41 - [INFO] file downloaded
2025-07-04 20:03:57 - [INFO] file downloaded
2025-07-04 20:08:37 - [INFO] file downloaded
2025-07-04 20:13:36 - [INFO] config updated
2025-07-04 20:31:23 - [WARNING] Suspicious activity detected: brute_force
2025-07-04 20:33:56 - [WARNING] Suspicious activity detected: intrusion
2025-07-04 20:50:27 - [WARNING] Suspicious activity detected: port_scan
2025-07-04 20:52:16 - [INFO] config updated
2025-07-04 20:53:49 - [INFO] user login
2025-07-04 21:05:44 - [INFO] backup completed
2025-07-04 21:10:31 - [INFO] user login
2025-07-04 21:11:05 - [INFO] file downloaded
2025-07-04 21:11:51 - [WARNING] Suspicious activity detected: sql_injection
2025-07-04 21:16:27 - [WARNING] Suspicious activity detected: intrusion
2025-07-04 21:17:34 - [INFO] file uploaded
2025-07-04 21:33:48 - [INFO] file downloaded
2025-07-04 21:34:56 - [WARNING] Suspicious activity detected: malware
2025-07-04 21:40:23 - [INFO] email sent
2025-07-04 21:41:17 - [WARNING] Suspicious activity detected: malware
2025-07-04 21:48:42 - [WARNING] Suspicious activity detected: port_scan
2025-07-04 21:56:42 - [INFO] user login
2025-07-04 21:57:42 - [WARNING] Suspicious activity detected: ip_blocked
2025-07-04 21:59:12 - [INFO] user login
2025-07-04 22:03:17 - [INFO] email sent
2025-07-04 22:23:13 - [WARNING] Suspicious activity detected: sql_injection
2025-07-04 22:26:37 - [INFO] backup completed
2025-07-04 22:27:12 - [WARNING] Suspicious activity detected: brute_force
2025-07-04 22:29:06 - [WARNING] Suspicious activity detected: ddos
2025-07-04 22:30:04 - [INFO] config updated
2025-07-04 22:32:45 - [INFO] user login
2025-07-04 22:39:38 - [INFO] email sent
2025-07-04 22:40:26 - [WARNING] Suspicious activity detected: malware
2025-07-04 22:43:11 - [INFO] system check passed
2025-07-04 22:44:06 - [INFO] user login
2025-07-04 22:49:52 - [WARNING] Suspicious activity detected: malware
2025-07-04 23:01:28 - [WARNING] Suspicious activity detected: sql_injection
2025-07-04 23:05:54 - [INFO] backup completed
2025-07-04 23:08:42 - [INFO] system check passed
2025-07-04 23:11:05 - [INFO] file downloaded
2025-07-04 23:16:08 - [INFO] system check passed
2025-07-04 23:17:16 - [INFO] user login
2025-07-04 23:41:18 - [INFO] file uploaded
2025-07-04 23:45:38 - [WARNING] Suspicious activity detected: ddos
2025-07-04 23:49:46 - [WARNING] Suspicious activity detected: ddos
2025-07-04 23:54:42 - [WARNING] Suspicious activity detected: malware
2025-07-04 23:55:16 - [INFO] system check passed
2025-07-04 23:58:18 - [INFO] backup completed