2025-06-27 00:10:02 - [INFO] system check passed
2025-06-27 00:20:12 - [INFO] system check passed
2025-06-27 00:21:32 - [WARNING] Suspicious activity detected: sql_injection
2025-06-27 00:26:17 - [INFO] system check passed
2025-06-27 00:26:59 - [WARNING] Suspicious activity detected: ddos
2025-06-27 00:30:19 - [WARNING] Suspicious activity detected: unauthorized_access
2025-06-27 00:36:20 - [WARNING] Suspicious activity detected: unauthorized_access
2025-06-27 00:40:27 - [INFO] file uploaded
2025-06-27 00:44:54 - [INFO] email sent
2025-06-27 00:52:23 - [INFO] system check passed
2025-06-27 00:54:20 - [INFO] backup completed
2025-06-27 00:56:48 - [INFO] user login
2025-06-27 01:16:02 - [INFO] email sent
2025-06-27 01:26:40 - [INFO] backup completed
2025-06-27 01:30:15 - [INFO] email sent
2025-06-27 01:44:16 - [WARNING] Suspicious activity detected: port_scan
2025-06-27 01:44:34 - [INFO] backup completed
2025-06-27 01:55:02 - [INFO] system check passed
2025-06-27 02:06:12 - [INFO] backup completed
2025-06-27 02:15:26 - [INFO] config updated
2025-06-27 02:17:21 - [WARNING] Suspicious activity detected: intrusion
2025-06-27 02:52:55 - [INFO] system check passed
2025-06-27 02:57:11 - [WARNING] Suspicious activity detected: ip_blocked
2025-06-27 03:03:56 - [WARNING] Suspicious activity detected: ip_blocked
2025-06-27 03:11:23 - [INFO] config updated
2025-06-27 03:49:10 - [INFO] backup completed
2025-06-27 03:55:25 - [INFO] email sent
2025-06-27 03:56:27 - [WARNING] Suspicious activity detected: port_scan
2025-06-27 04:03:25 - [WARNING] Suspicious activity detected: brute_force
2025-06-27 04:26:20 - [WARNING] Suspicious activity detected: malware
2025-06-27 04:27:07 - [INFO] config updated
2025-06-27 05:04:44 - [INFO] user login
2025-06-27 05:13:48 - [INFO] user login
2025-06-27 05:14:40 - [INFO] file downloaded
2025-06-27 05:22:56 - [INFO] user login
2025-06-27 05:33:25 - [WARNING] Suspicious activity detected: port_scan
2025-06-27 05:56:07 - [INFO] file downloaded
2025-06-27 05:58:20 - [INFO] config updated
2025-06-27 05:59:38 - [INFO] config updated
2025-06-27 06:19:52 - [INFO] config updated
2025-06-27 06:32:25 - [INFO] backup completed
2025-06-27 06:36:29 - [INFO] file downloaded
2025-06-27 06:40:29 - [INFO] backup completed
2025-06-27 06:41:00 - [INFO] user login
2025-06-27 06:45:18 - [INFO] system check passed
2025-06-27 06:48:47 - [INFO] backup completed
2025-06-27 06:55:56 - [INFO] email sent
2025-06-27 07:06:16 - [INFO] user login
2025-06-27 07:06:21 - [INFO] config updated
2025-06-27 07:10:08 - [INFO] user login
2025-06-27 07:12:02 - [INFO] config updated
2025-06-27 07:14:39 - [WARNING] Suspicious activity detected: brute_force
2025-06-27 07:18:44 - [WARNING] Suspicious activity detected: ip_blocked
2025-06-27 07:31:26 - [WARNING] Suspicious activity detected: intrusion
2025-06-27 07:39:33 - [INFO] system check passed
2025-06-27 07:41:55 - [INFO] email sent
2025-06-27 08:00:16 - [WARNING] Suspicious activity detected: port_scan
2025-06-27 08:04:24 - [INFO] system check passed
2025-06-27 08:13:29 - [INFO] file uploaded
2025-06-27 08:41:03 - [WARNING] Suspicious activity detected: ip_blocked
2025-06-27 08:43:47 - [INFO] user login
2025-06-27 08:52:45 - [WARNING] Suspicious activity detected: port_scan
2025-06-27 08:57:10 - [INFO] user login
2025-06-27 08:59:33 - [INFO] backup completed
2025-06-27 09:01:01 - [WARNING] Suspicious activity detected: malware
2025-06-27 09:03:56 - [INFO] email sent
2025-06-27 09:27:38 - [INFO] email sent
2025-06-27 09:32:28 - [INFO] user login
2025-06-27 09:41:16 - [INFO] config updated
2025-06-27 10:07:00 - [WARNING] Suspicious activity detected: unauthorized_access
2025-06-27 10:07:06 - [INFO] email sent
2025-06-27 10:07:47 - [INFO] config updated
2025-06-27 10:11:26 - [INFO] backup completed
2025-06-27 10:26:25 - [INFO] email sent
2025-06-27 10:28:38 - [WARNING] Suspicious activity detected: ddos
2025-06-27 10:46:11 - [INFO] user login
2025-06-27 10:58:18 - [INFO] user login
2025-06-27 11:13:44 - [INFO] email sent
2025-06-27 11:22:09 - [INFO] file uploaded
2025-06-27 11:23:11 - [WARNING] Suspicious activity detected: ip_blocked
2025-06-27 11:32:44 - [WARNING] Suspicious activity detected: intrusion
2025-06-27 11:44:57 - [WARNING] Suspicious activity detected: malware
2025-06-27 11:48:41 - [INFO] system check passed
2025-06-27 11:51:31 - [INFO] email sent
2025-06-27 12:00:02 - [INFO] email sent
2025-06-27 12:02:22 - [INFO] email sent
2025-06-27 12:11:27 - [INFO] file downloaded
2025-06-27 12:23:17 - [INFO] user login
2025-06-27 12:24:10 - [INFO] email sent
2025-06-27 12:40:07 - [INFO] system check passed
2025-06-27 12:41:08 - [INFO] user login
2025-06-27 12:42:01 - [INFO] config updated
2025-06-27 12:51:15 - [WARNING] Suspicious activity detected: brute_force
2025-06-27 12:59:03 - [WARNING] Suspicious activity detected: unauthorized_access
2025-06-27 13:15:22 - [INFO] email sent
2025-06-27 13:39:32 - [INFO] email sent
2025-06-27 13:49:20 - [INFO] email sent
2025-06-27 14:01:33 - [INFO] file uploaded
2025-06-27 14:05:48 - [INFO] user login
2025-06-27 14:05:56 - [INFO] system check passed
2025-06-27 14:39:52 - [INFO] file uploaded
2025-06-27 14:47:18 - [INFO] file downloaded
2025-06-27 14:52:16 - [INFO] user login
2025-06-27 14:58:55 - [INFO] file uploaded
2025-06-27 15:03:36 - [INFO] backup completed
2025-06-27 15:23:20 - [WARNING] Suspicious activity detected: brute_force
2025-06-27 15:24:25 - [WARNING] Suspicious activity detected: ddos
2025-06-27 15:30:11 - [INFO] backup completed
2025-06-27 15:38:11 - [WARNING] Suspicious activity detected: unauthorized_access
2025-06-27 15:39:10 - [INFO] email sent
2025-06-27 15:43:12 - [INFO] backup completed
2025-06-27 15:43:39 - [WARNING] Suspicious activity detected: port_scan
2025-06-27 15:47:20 - [INFO] file downloaded
2025-06-27 15:48:45 - [INFO] user login
2025-06-27 16:02:02 - [INFO] file downloaded
2025-06-27 16:03:04 - [INFO] config updated
2025-06-27 16:04:18 - [WARNING] Suspicious activity detected: port_scan
2025-06-27 16:15:45 - [INFO] file downloaded
2025-06-27 16:18:05 - [INFO] system check passed
2025-06-27 16:26:12 - [INFO] config updated
2025-06-27 16:34:57 - [INFO] file uploaded
2025-06-27 16:35:32 - [WARNING] Suspicious activity detected: ddos
2025-06-27 16:49:00 - [INFO] config updated
2025-06-27 16:58:47 - [WARNING] Suspicious activity detected: ip_blocked
2025-06-27 16:59:00 - [WARNING] Suspicious activity detected: unauthorized_access
2025-06-27 17:00:10 - [INFO] file downloaded
2025-06-27 17:03:11 - [WARNING] Suspicious activity detected: brute_force
2025-06-27 17:07:46 - [INFO] backup completed
2025-06-27 17:36:40 - [INFO] email sent
2025-06-27 17:59:11 - [INFO] backup completed
2025-06-27 18:23:40 - [INFO] backup completed
2025-06-27 18:29:46 - [INFO] user login
2025-06-27 18:30:27 - [INFO] file downloaded
2025-06-27 18:30:38 - [INFO] file downloaded
2025-06-27 18:35:10 - [INFO] config updated
2025-06-27 18:52:28 - [INFO] config updated
2025-06-27 19:06:18 - [INFO] file uploaded
2025-06-27 20:12:28 - [WARNING] Suspicious activity detected: unauthorized_access
2025-06-27 20:16:56 - [INFO] file uploaded
2025-06-27 20:22:18 - [INFO] backup completed
2025-06-27 20:29:40 - [INFO] user login
2025-06-27 20:34:12 - [INFO] backup completed
2025-06-27 20:37:54 - [INFO] file downloaded
2025-06-27 20:45:05 - [INFO] file uploaded
2025-06-27 20:54:33 - [INFO] email sent
2025-06-27 21:02:27 - [INFO] file uploaded
2025-06-27 21:04:02 - [INFO] file downloaded
2025-06-27 21:04:54 - [INFO] file downloaded
2025-06-27 21:11:58 - [INFO] user login
2025-06-27 21:23:20 - [INFO] email sent
2025-06-27 21:28:05 - [INFO] file uploaded
2025-06-27 21:38:35 - [WARNING] Suspicious activity detected: unauthorized_access
2025-06-27 21:49:59 - [INFO] config updated
2025-06-27 21:51:57 - [WARNING] Suspicious activity detected: malware
2025-06-27 22:11:04 - [WARNING] Suspicious activity detected: malware
2025-06-27 22:36:56 - [INFO] file downloaded
2025-06-27 22:37:03 - [WARNING] Suspicious activity detected: ip_blocked
2025-06-27 22:39:26 - [WARNING] Suspicious activity detected: ddos
2025-06-27 22:39:43 - [INFO] backup completed
2025-06-27 22:40:21 - [INFO] backup completed
2025-06-27 22:42:10 - [INFO] backup completed
2025-06-27 22:49:48 - [INFO] file downloaded
2025-06-27 22:53:46 - [INFO] file downloaded
2025-06-27 22:55:03 - [INFO] file downloaded
2025-06-27 23:05:47 - [INFO] user login
2025-06-27 23:08:41 - [INFO] config updated
2025-06-27 23:09:27 - [INFO] file downloaded
2025-06-27 23:22:46 - [WARNING] Suspicious activity detected: intrusion
2025-06-27 23:25:16 - [INFO] email sent
2025-06-27 23:29:17 - [INFO] file downloaded
2025-06-27 23:31:32 - [WARNING] Suspicious activity detected: port_scan
2025-06-27 23:35:43 - [WARNING] Suspicious activity detected: unauthorized_access
2025-06-27 23:47:27 - [INFO] config updated
2025-06-27 23:47:59 - [INFO] config updated
2025-06-27 23:54:32 - [INFO] system check passed
2025-06-27 23:58:44 - [INFO] email sent