2025-05-18 00:08:36 - [WARNING] Suspicious activity detected: port_scan
2025-05-18 00:10:20 - [INFO] file downloaded
2025-05-18 00:39:28 - [INFO] email sent
2025-05-18 00:42:43 - [WARNING] Suspicious activity detected: intrusion
2025-05-18 00:45:49 - [WARNING] Suspicious activity detected: malware
2025-05-18 01:02:20 - [WARNING] Suspicious activity detected: malware
2025-05-18 01:07:43 - [INFO] user login
2025-05-18 01:18:42 - [WARNING] Suspicious activity detected: brute_force
2025-05-18 01:25:14 - [INFO] backup completed
2025-05-18 01:28:37 - [INFO] file downloaded
2025-05-18 01:41:47 - [INFO] system check passed
2025-05-18 01:42:19 - [INFO] config updated
2025-05-18 01:42:34 - [WARNING] Suspicious activity detected: unauthorized_access
2025-05-18 01:46:51 - [WARNING] Suspicious activity detected: unauthorized_access
2025-05-18 01:47:06 - [INFO] user login
2025-05-18 02:13:54 - [INFO] system check passed
2025-05-18 02:25:10 - [INFO] backup completed
2025-05-18 03:02:40 - [INFO] config updated
2025-05-18 03:12:58 - [WARNING] Suspicious activity detected: intrusion
2025-05-18 03:20:15 - [WARNING] Suspicious activity detected: ip_blocked
2025-05-18 03:36:01 - [INFO] file downloaded
2025-05-18 03:36:06 - [INFO] email sent
2025-05-18 03:40:20 - [WARNING] Suspicious activity detected: intrusion
2025-05-18 03:45:11 - [WARNING] Suspicious activity detected: malware
2025-05-18 03:56:30 - [WARNING] Suspicious activity detected: unauthorized_access
2025-05-18 03:57:58 - [INFO] config updated
2025-05-18 04:03:45 - [WARNING] Suspicious activity detected: sql_injection
2025-05-18 04:04:48 - [WARNING] Suspicious activity detected: unauthorized_access
2025-05-18 04:08:24 - [WARNING] Suspicious activity detected: malware
2025-05-18 04:09:03 - [INFO] file downloaded
2025-05-18 04:21:23 - [WARNING] Suspicious activity detected: port_scan
2025-05-18 04:25:12 - [INFO] file downloaded
2025-05-18 04:30:22 - [INFO] user login
2025-05-18 04:38:52 - [INFO] file uploaded
2025-05-18 04:46:23 - [WARNING] Suspicious activity detected: ddos
2025-05-18 04:46:55 - [INFO] user login
2025-05-18 04:55:01 - [INFO] email sent
2025-05-18 04:56:15 - [WARNING] Suspicious activity detected: sql_injection
2025-05-18 05:07:15 - [WARNING] Suspicious activity detected: unauthorized_access
2025-05-18 05:18:31 - [INFO] email sent
2025-05-18 05:24:25 - [WARNING] Suspicious activity detected: port_scan
2025-05-18 05:30:34 - [INFO] user login
2025-05-18 05:35:30 - [INFO] config updated
2025-05-18 05:41:17 - [INFO] config updated
2025-05-18 05:55:11 - [WARNING] Suspicious activity detected: malware
2025-05-18 06:04:49 - [INFO] backup completed
2025-05-18 06:13:08 - [WARNING] Suspicious activity detected: sql_injection
2025-05-18 06:37:11 - [INFO] backup completed
2025-05-18 06:46:33 - [INFO] system check passed
2025-05-18 06:49:33 - [WARNING] Suspicious activity detected: unauthorized_access
2025-05-18 06:56:26 - [INFO] file downloaded
2025-05-18 07:00:44 - [WARNING] Suspicious activity detected: port_scan
2025-05-18 07:17:09 - [WARNING] Suspicious activity detected: malware
2025-05-18 07:28:28 - [INFO] file downloaded
2025-05-18 07:30:20 - [INFO] user login
2025-05-18 07:30:46 - [INFO] config updated
2025-05-18 07:40:29 - [INFO] config updated
2025-05-18 07:47:06 - [INFO] system check passed
2025-05-18 07:55:29 - [INFO] email sent
2025-05-18 07:58:52 - [INFO] file uploaded
2025-05-18 08:05:06 - [INFO] file uploaded
2025-05-18 08:11:58 - [INFO] file uploaded
2025-05-18 08:22:37 - [INFO] email sent
2025-05-18 08:29:52 - [WARNING] Suspicious activity detected: brute_force
2025-05-18 08:45:02 - [INFO] user login
2025-05-18 08:52:12 - [WARNING] Suspicious activity detected: port_scan
2025-05-18 08:52:59 - [WARNING] Suspicious activity detected: sql_injection
2025-05-18 08:53:33 - [WARNING] Suspicious activity detected: unauthorized_access
2025-05-18 08:56:05 - [WARNING] Suspicious activity detected: unauthorized_access
2025-05-18 09:07:14 - [INFO] config updated
2025-05-18 09:09:47 - [WARNING] Suspicious activity detected: sql_injection
2025-05-18 09:20:01 - [INFO] system check passed
2025-05-18 09:24:12 - [INFO] backup completed
2025-05-18 09:35:23 - [INFO] config updated
2025-05-18 09:36:12 - [WARNING] Suspicious activity detected: ddos
2025-05-18 09:46:10 - [INFO] config updated
2025-05-18 09:55:19 - [INFO] file uploaded
2025-05-18 10:01:31 - [INFO] email sent
2025-05-18 10:07:09 - [INFO] email sent
2025-05-18 10:17:40 - [INFO] user login
2025-05-18 10:19:40 - [INFO] config updated
2025-05-18 10:21:19 - [INFO] file downloaded
2025-05-18 10:23:45 - [INFO] user login
2025-05-18 10:32:44 - [INFO] config updated
2025-05-18 10:32:48 - [INFO] user login
2025-05-18 10:33:47 - [INFO] email sent
2025-05-18 10:41:48 - [WARNING] Suspicious activity detected: sql_injection
2025-05-18 10:58:41 - [INFO] config updated
2025-05-18 10:59:34 - [INFO] backup completed
2025-05-18 11:06:37 - [INFO] email sent
2025-05-18 11:12:21 - [INFO] file uploaded
2025-05-18 11:15:13 - [INFO] file downloaded
2025-05-18 11:15:39 - [INFO] file uploaded
2025-05-18 11:44:37 - [WARNING] Suspicious activity detected: malware
2025-05-18 11:49:32 - [INFO] user login
2025-05-18 11:53:23 - [INFO] config updated
2025-05-18 12:01:01 - [INFO] file uploaded
2025-05-18 12:16:13 - [INFO] config updated
2025-05-18 12:24:16 - [INFO] backup completed
2025-05-18 12:24:28 - [INFO] user login
2025-05-18 12:36:48 - [INFO] system check passed
2025-05-18 12:44:14 - [INFO] file downloaded
2025-05-18 12:46:19 - [WARNING] Suspicious activity detected: intrusion
2025-05-18 12:48:54 - [INFO] file downloaded
2025-05-18 13:00:20 - [INFO] file downloaded
2025-05-18 13:01:10 - [WARNING] Suspicious activity detected: sql_injection
2025-05-18 13:22:54 - [WARNING] Suspicious activity detected: brute_force
2025-05-18 13:23:53 - [INFO] system check passed
2025-05-18 13:33:19 - [INFO] config updated
2025-05-18 13:44:11 - [INFO] config updated
2025-05-18 13:45:21 - [INFO] user login
2025-05-18 13:51:30 - [INFO] backup completed
2025-05-18 14:10:38 - [WARNING] Suspicious activity detected: intrusion
2025-05-18 14:19:00 - [INFO] config updated
2025-05-18 14:21:38 - [INFO] backup completed
2025-05-18 14:25:17 - [WARNING] Suspicious activity detected: sql_injection
2025-05-18 14:39:54 - [INFO] file downloaded
2025-05-18 15:27:47 - [INFO] user login
2025-05-18 15:27:54 - [WARNING] Suspicious activity detected: brute_force
2025-05-18 15:30:53 - [WARNING] Suspicious activity detected: ddos
2025-05-18 15:32:54 - [INFO] email sent
2025-05-18 15:40:37 - [INFO] file uploaded
2025-05-18 15:41:34 - [WARNING] Suspicious activity detected: sql_injection
2025-05-18 15:47:02 - [INFO] file downloaded
2025-05-18 15:47:05 - [INFO] config updated
2025-05-18 16:00:06 - [WARNING] Suspicious activity detected: sql_injection
2025-05-18 16:15:51 - [INFO] backup completed
2025-05-18 16:23:50 - [INFO] file downloaded
2025-05-18 16:24:19 - [WARNING] Suspicious activity detected: brute_force
2025-05-18 16:30:51 - [WARNING] Suspicious activity detected: brute_force
2025-05-18 16:31:17 - [WARNING] Suspicious activity detected: malware
2025-05-18 16:38:10 - [INFO] email sent
2025-05-18 16:43:01 - [INFO] file downloaded
2025-05-18 16:45:13 - [INFO] email sent
2025-05-18 16:58:37 - [WARNING] Suspicious activity detected: unauthorized_access
2025-05-18 17:05:57 - [WARNING] Suspicious activity detected: ddos
2025-05-18 17:06:26 - [INFO] file downloaded
2025-05-18 17:08:44 - [INFO] config updated
2025-05-18 17:14:41 - [WARNING] Suspicious activity detected: ip_blocked
2025-05-18 17:20:03 - [INFO] email sent
2025-05-18 17:21:56 - [INFO] system check passed
2025-05-18 17:25:10 - [INFO] backup completed
2025-05-18 17:44:58 - [INFO] email sent
2025-05-18 18:01:50 - [INFO] config updated
2025-05-18 18:11:03 - [INFO] file uploaded
2025-05-18 18:25:14 - [WARNING] Suspicious activity detected: port_scan
2025-05-18 18:25:29 - [INFO] config updated
2025-05-18 18:27:30 - [INFO] email sent
2025-05-18 18:32:27 - [INFO] email sent
2025-05-18 18:41:05 - [INFO] system check passed
2025-05-18 18:52:29 - [INFO] email sent
2025-05-18 18:58:16 - [INFO] email sent
2025-05-18 19:35:52 - [WARNING] Suspicious activity detected: sql_injection
2025-05-18 19:42:44 - [INFO] file downloaded
2025-05-18 19:44:01 - [WARNING] Suspicious activity detected: unauthorized_access
2025-05-18 20:00:06 - [INFO] config updated
2025-05-18 20:01:56 - [WARNING] Suspicious activity detected: intrusion
2025-05-18 20:02:36 - [INFO] backup completed
2025-05-18 20:35:10 - [INFO] file uploaded
2025-05-18 20:38:21 - [WARNING] Suspicious activity detected: brute_force
2025-05-18 20:41:22 - [WARNING] Suspicious activity detected: brute_force
2025-05-18 20:47:15 - [INFO] file uploaded
2025-05-18 21:04:58 - [INFO] file uploaded
2025-05-18 21:11:17 - [WARNING] Suspicious activity detected: unauthorized_access
2025-05-18 21:29:42 - [INFO] system check passed
2025-05-18 21:29:50 - [WARNING] Suspicious activity detected: ddos
2025-05-18 21:38:12 - [INFO] backup completed
2025-05-18 21:47:41 - [INFO] config updated
2025-05-18 22:05:20 - [WARNING] Suspicious activity detected: sql_injection
2025-05-18 22:15:54 - [INFO] user login
2025-05-18 22:17:22 - [INFO] file downloaded
2025-05-18 22:17:38 - [WARNING] Suspicious activity detected: sql_injection
2025-05-18 22:26:24 - [WARNING] Suspicious activity detected: ddos
2025-05-18 22:34:26 - [INFO] user login
2025-05-18 22:39:41 - [WARNING] Suspicious activity detected: unauthorized_access
2025-05-18 22:41:59 - [INFO] config updated
2025-05-18 22:46:43 - [WARNING] Suspicious activity detected: brute_force
2025-05-18 23:04:08 - [INFO] system check passed
2025-05-18 23:14:06 - [INFO] config updated
2025-05-18 23:18:39 - [WARNING] Suspicious activity detected: malware
2025-05-18 23:20:55 - [INFO] user login
2025-05-18 23:31:00 - [INFO] backup completed
2025-05-18 23:32:22 - [INFO] config updated
2025-05-18 23:33:26 - [WARNING] Suspicious activity detected: ddos
2025-05-18 23:43:13 - [WARNING] Suspicious activity detected: malware