2025-07-25 00:05:02 - [INFO] user login
2025-07-25 00:05:30 - [INFO] file uploaded
2025-07-25 00:11:33 - [INFO] file downloaded
2025-07-25 00:12:14 - [INFO] backup completed
2025-07-25 00:15:33 - [WARNING] Suspicious activity detected: intrusion
2025-07-25 00:17:41 - [INFO] system check passed
2025-07-25 00:28:02 - [INFO] config updated
2025-07-25 00:35:09 - [INFO] system check passed
2025-07-25 00:50:39 - [WARNING] Suspicious activity detected: malware
2025-07-25 00:50:42 - [WARNING] Suspicious activity detected: intrusion
2025-07-25 00:54:29 - [INFO] system check passed
2025-07-25 01:10:27 - [WARNING] Suspicious activity detected: malware
2025-07-25 01:13:56 - [WARNING] Suspicious activity detected: intrusion
2025-07-25 01:19:56 - [INFO] email sent
2025-07-25 01:33:23 - [WARNING] Suspicious activity detected: sql_injection
2025-07-25 01:34:28 - [INFO] system check passed
2025-07-25 01:38:18 - [WARNING] Suspicious activity detected: ddos
2025-07-25 01:45:50 - [WARNING] Suspicious activity detected: brute_force
2025-07-25 01:51:16 - [INFO] config updated
2025-07-25 02:01:24 - [WARNING] Suspicious activity detected: brute_force
2025-07-25 02:06:36 - [INFO] backup completed
2025-07-25 02:09:05 - [WARNING] Suspicious activity detected: ddos
2025-07-25 02:10:01 - [INFO] file downloaded
2025-07-25 02:19:30 - [WARNING] Suspicious activity detected: unauthorized_access
2025-07-25 02:19:37 - [INFO] email sent
2025-07-25 02:44:17 - [INFO] email sent
2025-07-25 02:54:47 - [INFO] config updated
2025-07-25 02:57:55 - [INFO] config updated
2025-07-25 03:13:55 - [WARNING] Suspicious activity detected: unauthorized_access
2025-07-25 03:15:28 - [INFO] file downloaded
2025-07-25 03:17:34 - [INFO] backup completed
2025-07-25 03:33:18 - [WARNING] Suspicious activity detected: unauthorized_access
2025-07-25 03:42:57 - [INFO] file downloaded
2025-07-25 03:43:14 - [INFO] email sent
2025-07-25 04:00:49 - [INFO] backup completed
2025-07-25 04:08:51 - [INFO] config updated
2025-07-25 04:14:08 - [WARNING] Suspicious activity detected: unauthorized_access
2025-07-25 04:27:38 - [INFO] file uploaded
2025-07-25 04:30:05 - [INFO] user login
2025-07-25 04:41:22 - [INFO] email sent
2025-07-25 04:48:10 - [WARNING] Suspicious activity detected: malware
2025-07-25 04:56:32 - [INFO] user login
2025-07-25 04:58:22 - [INFO] system check passed
2025-07-25 04:59:11 - [WARNING] Suspicious activity detected: sql_injection
2025-07-25 05:13:31 - [WARNING] Suspicious activity detected: intrusion
2025-07-25 05:34:07 - [INFO] file uploaded
2025-07-25 05:45:38 - [WARNING] Suspicious activity detected: port_scan
2025-07-25 06:19:24 - [WARNING] Suspicious activity detected: intrusion
2025-07-25 06:26:42 - [INFO] user login
2025-07-25 06:30:10 - [INFO] config updated
2025-07-25 06:50:37 - [INFO] backup completed
2025-07-25 06:51:43 - [WARNING] Suspicious activity detected: malware
2025-07-25 07:04:08 - [INFO] email sent
2025-07-25 07:26:19 - [INFO] email sent
2025-07-25 07:36:43 - [INFO] system check passed
2025-07-25 07:39:19 - [INFO] config updated
2025-07-25 07:49:17 - [WARNING] Suspicious activity detected: malware
2025-07-25 07:56:01 - [INFO] file downloaded
2025-07-25 08:07:03 - [INFO] email sent
2025-07-25 08:25:10 - [WARNING] Suspicious activity detected: ddos
2025-07-25 08:25:17 - [WARNING] Suspicious activity detected: intrusion
2025-07-25 08:25:38 - [INFO] file uploaded
2025-07-25 08:34:25 - [WARNING] Suspicious activity detected: ddos
2025-07-25 08:35:33 - [WARNING] Suspicious activity detected: brute_force
2025-07-25 08:36:48 - [WARNING] Suspicious activity detected: sql_injection
2025-07-25 08:40:59 - [WARNING] Suspicious activity detected: brute_force
2025-07-25 08:43:27 - [WARNING] Suspicious activity detected: malware
2025-07-25 08:47:49 - [INFO] email sent
2025-07-25 08:52:06 - [INFO] file uploaded
2025-07-25 08:55:02 - [WARNING] Suspicious activity detected: ddos
2025-07-25 09:14:09 - [INFO] config updated
2025-07-25 09:15:00 - [WARNING] Suspicious activity detected: brute_force
2025-07-25 09:15:04 - [INFO] backup completed
2025-07-25 09:29:36 - [WARNING] Suspicious activity detected: unauthorized_access
2025-07-25 09:53:33 - [WARNING] Suspicious activity detected: intrusion
2025-07-25 09:57:25 - [WARNING] Suspicious activity detected: brute_force
2025-07-25 10:19:02 - [INFO] file uploaded
2025-07-25 10:22:13 - [WARNING] Suspicious activity detected: malware
2025-07-25 10:32:24 - [INFO] file downloaded
2025-07-25 10:43:12 - [WARNING] Suspicious activity detected: unauthorized_access
2025-07-25 10:53:36 - [WARNING] Suspicious activity detected: intrusion
2025-07-25 11:00:55 - [WARNING] Suspicious activity detected: unauthorized_access
2025-07-25 11:01:47 - [INFO] backup completed
2025-07-25 11:03:13 - [INFO] backup completed
2025-07-25 11:03:49 - [INFO] system check passed
2025-07-25 11:06:48 - [INFO] email sent
2025-07-25 11:18:59 - [INFO] config updated
2025-07-25 11:26:06 - [WARNING] Suspicious activity detected: unauthorized_access
2025-07-25 11:30:11 - [WARNING] Suspicious activity detected: ddos
2025-07-25 11:42:42 - [INFO] config updated
2025-07-25 11:45:51 - [INFO] email sent
2025-07-25 11:48:44 - [INFO] email sent
2025-07-25 11:51:38 - [WARNING] Suspicious activity detected: unauthorized_access
2025-07-25 11:56:06 - [WARNING] Suspicious activity detected: sql_injection
2025-07-25 11:58:24 - [INFO] email sent
2025-07-25 12:03:16 - [INFO] config updated
2025-07-25 12:13:28 - [INFO] user login
2025-07-25 12:32:14 - [INFO] file uploaded
2025-07-25 12:43:09 - [INFO] backup completed
2025-07-25 12:43:35 - [INFO] user login
2025-07-25 12:49:53 - [INFO] system check passed
2025-07-25 12:58:16 - [INFO] user login
2025-07-25 12:59:31 - [INFO] backup completed
2025-07-25 13:07:43 - [INFO] backup completed
2025-07-25 13:31:38 - [INFO] backup completed
2025-07-25 13:34:52 - [WARNING] Suspicious activity detected: ip_blocked
2025-07-25 13:42:00 - [WARNING] Suspicious activity detected: ddos
2025-07-25 13:50:36 - [INFO] file uploaded
2025-07-25 13:53:57 - [INFO] user login
2025-07-25 13:54:21 - [WARNING] Suspicious activity detected: unauthorized_access
2025-07-25 13:58:53 - [WARNING] Suspicious activity detected: intrusion
2025-07-25 14:01:48 - [INFO] email sent
2025-07-25 14:04:21 - [INFO] email sent
2025-07-25 14:08:18 - [WARNING] Suspicious activity detected: ddos
2025-07-25 14:09:55 - [INFO] backup completed
2025-07-25 14:11:11 - [INFO] system check passed
2025-07-25 14:12:25 - [WARNING] Suspicious activity detected: port_scan
2025-07-25 14:32:50 - [INFO] system check passed
2025-07-25 14:40:16 - [WARNING] Suspicious activity detected: brute_force
2025-07-25 14:58:09 - [WARNING] Suspicious activity detected: port_scan
2025-07-25 15:05:29 - [INFO] email sent
2025-07-25 15:16:26 - [INFO] user login
2025-07-25 15:19:38 - [INFO] file uploaded
2025-07-25 15:23:13 - [WARNING] Suspicious activity detected: ddos
2025-07-25 15:23:56 - [WARNING] Suspicious activity detected: ip_blocked
2025-07-25 15:28:46 - [INFO] config updated
2025-07-25 15:30:25 - [INFO] file uploaded
2025-07-25 15:35:20 - [WARNING] Suspicious activity detected: port_scan
2025-07-25 15:42:41 - [WARNING] Suspicious activity detected: ip_blocked
2025-07-25 16:03:07 - [INFO] file uploaded
2025-07-25 16:16:31 - [INFO] backup completed
2025-07-25 16:22:49 - [WARNING] Suspicious activity detected: malware
2025-07-25 16:31:16 - [WARNING] Suspicious activity detected: unauthorized_access
2025-07-25 16:46:11 - [WARNING] Suspicious activity detected: ddos
2025-07-25 16:48:11 - [INFO] user login
2025-07-25 16:50:47 - [INFO] config updated
2025-07-25 16:51:35 - [INFO] file uploaded
2025-07-25 17:07:46 - [INFO] file downloaded
2025-07-25 17:11:27 - [INFO] file uploaded
2025-07-25 17:20:37 - [INFO] file downloaded
2025-07-25 17:31:07 - [INFO] backup completed
2025-07-25 17:39:51 - [INFO] email sent
2025-07-25 17:57:18 - [WARNING] Suspicious activity detected: sql_injection
2025-07-25 17:57:33 - [WARNING] Suspicious activity detected: ip_blocked
2025-07-25 18:12:00 - [WARNING] Suspicious activity detected: brute_force
2025-07-25 18:21:39 - [INFO] email sent
2025-07-25 18:25:51 - [INFO] backup completed
2025-07-25 18:27:25 - [WARNING] Suspicious activity detected: sql_injection
2025-07-25 18:28:51 - [INFO] backup completed
2025-07-25 18:30:46 - [INFO] file uploaded
2025-07-25 18:31:09 - [INFO] file downloaded
2025-07-25 18:44:52 - [INFO] user login
2025-07-25 18:46:28 - [WARNING] Suspicious activity detected: ip_blocked
2025-07-25 18:57:28 - [INFO] config updated
2025-07-25 18:58:47 - [INFO] system check passed
2025-07-25 19:07:40 - [WARNING] Suspicious activity detected: port_scan
2025-07-25 19:08:10 - [INFO] email sent
2025-07-25 19:08:45 - [INFO] user login
2025-07-25 19:14:47 - [INFO] email sent
2025-07-25 19:19:59 - [INFO] file downloaded
2025-07-25 19:30:31 - [INFO] user login
2025-07-25 19:36:09 - [INFO] system check passed
2025-07-25 19:59:16 - [INFO] file uploaded
2025-07-25 19:59:33 - [INFO] backup completed
2025-07-25 20:03:29 - [WARNING] Suspicious activity detected: unauthorized_access
2025-07-25 20:06:12 - [INFO] backup completed
2025-07-25 20:07:48 - [INFO] user login
2025-07-25 20:09:33 - [INFO] backup completed
2025-07-25 20:10:21 - [WARNING] Suspicious activity detected: unauthorized_access
2025-07-25 20:11:40 - [WARNING] Suspicious activity detected: ddos
2025-07-25 20:12:13 - [WARNING] Suspicious activity detected: port_scan
2025-07-25 20:17:57 - [INFO] file downloaded
2025-07-25 20:18:53 - [WARNING] Suspicious activity detected: sql_injection
2025-07-25 20:51:54 - [INFO] file uploaded
2025-07-25 20:53:00 - [INFO] system check passed
2025-07-25 21:06:25 - [INFO] user login
2025-07-25 21:15:47 - [INFO] file uploaded
2025-07-25 21:24:46 - [INFO] email sent
2025-07-25 21:24:53 - [INFO] file downloaded
2025-07-25 21:34:00 - [INFO] user login
2025-07-25 21:37:45 - [WARNING] Suspicious activity detected: intrusion
2025-07-25 21:39:07 - [WARNING] Suspicious activity detected: brute_force
2025-07-25 21:53:05 - [INFO] user login
2025-07-25 22:01:21 - [WARNING] Suspicious activity detected: intrusion
2025-07-25 22:10:46 - [INFO] user login
2025-07-25 22:10:53 - [INFO] email sent
2025-07-25 22:17:54 - [INFO] file downloaded
2025-07-25 22:34:08 - [INFO] user login
2025-07-25 22:39:36 - [INFO] file downloaded
2025-07-25 22:40:50 - [WARNING] Suspicious activity detected: ddos
2025-07-25 23:01:24 - [WARNING] Suspicious activity detected: ip_blocked
2025-07-25 23:02:23 - [INFO] user login
2025-07-25 23:05:40 - [WARNING] Suspicious activity detected: intrusion
2025-07-25 23:11:17 - [INFO] file uploaded
2025-07-25 23:15:55 - [INFO] config updated
2025-07-25 23:32:24 - [WARNING] Suspicious activity detected: sql_injection
2025-07-25 23:44:17 - [INFO] file downloaded
2025-07-25 23:46:15 - [WARNING] Suspicious activity detected: brute_force
2025-07-25 23:59:02 - [INFO] backup completed