2025-05-17 00:01:04 - [INFO] config updated
2025-05-17 00:03:00 - [INFO] user login
2025-05-17 00:12:45 - [INFO] email sent
2025-05-17 00:14:08 - [INFO] file uploaded
2025-05-17 00:51:43 - [INFO] file uploaded
2025-05-17 00:56:21 - [INFO] email sent
2025-05-17 00:59:06 - [INFO] config updated
2025-05-17 01:00:56 - [INFO] config updated
2025-05-17 01:09:13 - [WARNING] Suspicious activity detected: sql_injection
2025-05-17 01:13:57 - [WARNING] Suspicious activity detected: ip_blocked
2025-05-17 01:23:51 - [WARNING] Suspicious activity detected: port_scan
2025-05-17 01:39:09 - [INFO] user login
2025-05-17 01:45:03 - [INFO] file uploaded
2025-05-17 01:46:26 - [INFO] user login
2025-05-17 01:58:17 - [WARNING] Suspicious activity detected: port_scan
2025-05-17 01:59:33 - [INFO] backup completed
2025-05-17 02:00:22 - [INFO] user login
2025-05-17 02:02:24 - [INFO] config updated
2025-05-17 02:09:16 - [WARNING] Suspicious activity detected: unauthorized_access
2025-05-17 02:20:29 - [INFO] file downloaded
2025-05-17 02:26:48 - [INFO] backup completed
2025-05-17 02:29:57 - [INFO] file downloaded
2025-05-17 02:38:57 - [WARNING] Suspicious activity detected: port_scan
2025-05-17 02:41:14 - [WARNING] Suspicious activity detected: malware
2025-05-17 02:42:57 - [WARNING] Suspicious activity detected: unauthorized_access
2025-05-17 02:45:14 - [INFO] config updated
2025-05-17 02:47:23 - [INFO] file downloaded
2025-05-17 02:49:23 - [INFO] config updated
2025-05-17 03:16:37 - [INFO] file uploaded
2025-05-17 03:16:37 - [INFO] file uploaded
2025-05-17 03:19:41 - [WARNING] Suspicious activity detected: sql_injection
2025-05-17 03:26:31 - [WARNING] Suspicious activity detected: port_scan
2025-05-17 03:29:32 - [WARNING] Suspicious activity detected: unauthorized_access
2025-05-17 03:33:13 - [INFO] backup completed
2025-05-17 03:48:48 - [INFO] file downloaded
2025-05-17 03:52:25 - [INFO] system check passed
2025-05-17 03:54:11 - [INFO] user login
2025-05-17 04:00:38 - [INFO] file uploaded
2025-05-17 04:06:32 - [INFO] email sent
2025-05-17 04:07:07 - [WARNING] Suspicious activity detected: brute_force
2025-05-17 04:11:15 - [INFO] config updated
2025-05-17 04:17:09 - [INFO] file uploaded
2025-05-17 04:23:42 - [INFO] user login
2025-05-17 04:25:56 - [INFO] user login
2025-05-17 04:42:09 - [INFO] backup completed
2025-05-17 04:43:32 - [INFO] file uploaded
2025-05-17 04:45:59 - [INFO] config updated
2025-05-17 04:54:23 - [INFO] system check passed
2025-05-17 05:00:24 - [WARNING] Suspicious activity detected: sql_injection
2025-05-17 05:07:03 - [WARNING] Suspicious activity detected: malware
2025-05-17 05:10:14 - [INFO] system check passed
2025-05-17 05:13:23 - [INFO] config updated
2025-05-17 05:16:23 - [INFO] email sent
2025-05-17 05:31:16 - [INFO] user login
2025-05-17 05:38:14 - [INFO] backup completed
2025-05-17 05:42:22 - [INFO] backup completed
2025-05-17 05:46:17 - [INFO] backup completed
2025-05-17 05:49:53 - [INFO] email sent
2025-05-17 05:52:39 - [INFO] config updated
2025-05-17 05:54:33 - [INFO] email sent
2025-05-17 06:01:37 - [INFO] backup completed
2025-05-17 06:02:02 - [WARNING] Suspicious activity detected: ip_blocked
2025-05-17 06:07:27 - [INFO] system check passed
2025-05-17 06:09:22 - [INFO] file uploaded
2025-05-17 06:10:03 - [INFO] system check passed
2025-05-17 06:11:28 - [WARNING] Suspicious activity detected: port_scan
2025-05-17 06:36:27 - [INFO] config updated
2025-05-17 06:42:10 - [INFO] file uploaded
2025-05-17 06:42:47 - [INFO] system check passed
2025-05-17 06:43:42 - [WARNING] Suspicious activity detected: malware
2025-05-17 06:44:31 - [INFO] config updated
2025-05-17 07:03:00 - [INFO] file uploaded
2025-05-17 07:03:37 - [INFO] file uploaded
2025-05-17 07:04:13 - [WARNING] Suspicious activity detected: unauthorized_access
2025-05-17 07:04:21 - [INFO] file uploaded
2025-05-17 07:22:52 - [WARNING] Suspicious activity detected: sql_injection
2025-05-17 07:25:18 - [INFO] system check passed
2025-05-17 07:28:35 - [WARNING] Suspicious activity detected: port_scan
2025-05-17 07:29:03 - [WARNING] Suspicious activity detected: ddos
2025-05-17 07:30:43 - [INFO] system check passed
2025-05-17 07:41:00 - [WARNING] Suspicious activity detected: port_scan
2025-05-17 07:47:28 - [INFO] user login
2025-05-17 07:51:09 - [INFO] config updated
2025-05-17 07:53:58 - [WARNING] Suspicious activity detected: port_scan
2025-05-17 07:56:34 - [WARNING] Suspicious activity detected: ddos
2025-05-17 08:01:59 - [INFO] email sent
2025-05-17 08:05:34 - [INFO] system check passed
2025-05-17 08:20:13 - [INFO] backup completed
2025-05-17 08:20:37 - [INFO] email sent
2025-05-17 08:36:42 - [INFO] file uploaded
2025-05-17 08:57:45 - [INFO] email sent
2025-05-17 08:59:18 - [WARNING] Suspicious activity detected: port_scan
2025-05-17 08:59:21 - [INFO] system check passed
2025-05-17 08:59:26 - [WARNING] Suspicious activity detected: port_scan
2025-05-17 09:04:07 - [WARNING] Suspicious activity detected: ip_blocked
2025-05-17 09:07:23 - [INFO] user login
2025-05-17 09:09:25 - [INFO] system check passed
2025-05-17 09:12:24 - [INFO] file downloaded
2025-05-17 09:23:24 - [INFO] email sent
2025-05-17 09:29:23 - [INFO] user login
2025-05-17 09:35:05 - [WARNING] Suspicious activity detected: malware
2025-05-17 09:35:12 - [INFO] config updated
2025-05-17 09:35:18 - [INFO] email sent
2025-05-17 09:40:55 - [INFO] config updated
2025-05-17 09:52:08 - [WARNING] Suspicious activity detected: ddos
2025-05-17 09:56:51 - [WARNING] Suspicious activity detected: intrusion
2025-05-17 09:58:25 - [WARNING] Suspicious activity detected: intrusion
2025-05-17 10:08:49 - [INFO] config updated
2025-05-17 10:20:48 - [INFO] user login
2025-05-17 10:25:44 - [INFO] config updated
2025-05-17 10:27:18 - [INFO] file downloaded
2025-05-17 10:29:06 - [INFO] email sent
2025-05-17 10:36:45 - [INFO] config updated
2025-05-17 10:48:14 - [INFO] file uploaded
2025-05-17 10:52:01 - [WARNING] Suspicious activity detected: ip_blocked
2025-05-17 11:04:31 - [INFO] file uploaded
2025-05-17 11:05:23 - [INFO] user login
2025-05-17 11:12:44 - [INFO] backup completed
2025-05-17 11:19:58 - [INFO] user login
2025-05-17 11:20:21 - [INFO] system check passed
2025-05-17 11:30:08 - [INFO] file uploaded
2025-05-17 11:30:12 - [INFO] user login
2025-05-17 11:39:00 - [INFO] file uploaded
2025-05-17 11:40:01 - [INFO] config updated
2025-05-17 11:45:19 - [INFO] file uploaded
2025-05-17 11:46:52 - [INFO] file downloaded
2025-05-17 12:02:23 - [INFO] config updated
2025-05-17 12:02:50 - [INFO] file uploaded
2025-05-17 12:14:32 - [INFO] file uploaded
2025-05-17 12:30:14 - [INFO] file uploaded
2025-05-17 12:30:45 - [INFO] file downloaded
2025-05-17 12:33:52 - [WARNING] Suspicious activity detected: port_scan
2025-05-17 12:45:04 - [INFO] email sent
2025-05-17 13:01:00 - [INFO] config updated
2025-05-17 13:08:38 - [WARNING] Suspicious activity detected: unauthorized_access
2025-05-17 13:17:53 - [WARNING] Suspicious activity detected: brute_force
2025-05-17 13:20:57 - [INFO] file uploaded
2025-05-17 13:29:51 - [INFO] user login
2025-05-17 13:38:14 - [WARNING] Suspicious activity detected: malware
2025-05-17 13:39:02 - [WARNING] Suspicious activity detected: malware
2025-05-17 13:44:54 - [INFO] file downloaded
2025-05-17 13:45:48 - [INFO] file downloaded
2025-05-17 13:46:18 - [WARNING] Suspicious activity detected: port_scan
2025-05-17 13:53:19 - [INFO] file downloaded
2025-05-17 13:53:43 - [INFO] system check passed
2025-05-17 13:54:23 - [INFO] user login
2025-05-17 13:57:03 - [WARNING] Suspicious activity detected: unauthorized_access
2025-05-17 14:04:40 - [INFO] backup completed
2025-05-17 14:06:57 - [INFO] system check passed
2025-05-17 14:11:14 - [WARNING] Suspicious activity detected: ip_blocked
2025-05-17 14:14:10 - [INFO] file uploaded
2025-05-17 14:25:11 - [WARNING] Suspicious activity detected: ip_blocked
2025-05-17 14:37:18 - [INFO] system check passed
2025-05-17 14:43:57 - [INFO] email sent
2025-05-17 14:51:57 - [INFO] backup completed
2025-05-17 15:09:28 - [INFO] system check passed
2025-05-17 15:11:01 - [WARNING] Suspicious activity detected: sql_injection
2025-05-17 15:16:00 - [WARNING] Suspicious activity detected: brute_force
2025-05-17 15:19:53 - [INFO] config updated
2025-05-17 15:26:48 - [INFO] file uploaded
2025-05-17 15:38:03 - [INFO] file uploaded
2025-05-17 15:39:41 - [WARNING] Suspicious activity detected: ddos
2025-05-17 15:47:31 - [INFO] config updated
2025-05-17 15:47:51 - [WARNING] Suspicious activity detected: port_scan
2025-05-17 15:47:52 - [WARNING] Suspicious activity detected: ip_blocked
2025-05-17 15:51:15 - [INFO] system check passed
2025-05-17 15:51:17 - [INFO] file uploaded
2025-05-17 16:07:01 - [INFO] user login
2025-05-17 16:09:55 - [INFO] system check passed
2025-05-17 16:10:14 - [WARNING] Suspicious activity detected: ddos
2025-05-17 16:20:48 - [WARNING] Suspicious activity detected: brute_force
2025-05-17 16:26:05 - [INFO] system check passed
2025-05-17 16:27:36 - [INFO] email sent
2025-05-17 16:29:45 - [WARNING] Suspicious activity detected: ddos
2025-05-17 16:32:12 - [INFO] backup completed
2025-05-17 16:41:09 - [INFO] backup completed
2025-05-17 16:46:55 - [INFO] backup completed
2025-05-17 16:49:36 - [INFO] backup completed
2025-05-17 16:55:59 - [INFO] file downloaded
2025-05-17 16:57:36 - [INFO] email sent
2025-05-17 17:08:05 - [INFO] system check passed
2025-05-17 17:11:16 - [INFO] user login
2025-05-17 17:17:51 - [INFO] file downloaded
2025-05-17 17:22:22 - [WARNING] Suspicious activity detected: port_scan
2025-05-17 17:23:46 - [INFO] config updated
2025-05-17 17:30:44 - [INFO] file uploaded
2025-05-17 17:31:32 - [WARNING] Suspicious activity detected: malware
2025-05-17 17:58:06 - [WARNING] Suspicious activity detected: port_scan
2025-05-17 18:07:08 - [INFO] file uploaded
2025-05-17 18:08:13 - [WARNING] Suspicious activity detected: ip_blocked
2025-05-17 18:08:31 - [WARNING] Suspicious activity detected: port_scan
2025-05-17 18:12:37 - [INFO] backup completed
2025-05-17 18:14:53 - [INFO] file downloaded
2025-05-17 18:20:35 - [INFO] user login
2025-05-17 18:43:17 - [INFO] file downloaded
2025-05-17 18:51:29 - [INFO] backup completed
2025-05-17 18:52:40 - [INFO] user login
2025-05-17 19:08:57 - [INFO] config updated
2025-05-17 19:18:00 - [WARNING] Suspicious activity detected: malware
2025-05-17 19:24:19 - [INFO] file downloaded
2025-05-17 19:27:56 - [INFO] file uploaded
2025-05-17 19:28:11 - [INFO] user login
2025-05-17 19:29:55 - [WARNING] Suspicious activity detected: brute_force
2025-05-17 19:41:48 - [INFO] backup completed
2025-05-17 19:44:29 - [WARNING] Suspicious activity detected: unauthorized_access
2025-05-17 19:45:06 - [INFO] backup completed
2025-05-17 19:46:23 - [INFO] file uploaded
2025-05-17 19:49:57 - [WARNING] Suspicious activity detected: ddos
2025-05-17 19:50:10 - [INFO] config updated
2025-05-17 19:54:25 - [INFO] file uploaded
2025-05-17 19:57:37 - [INFO] email sent
2025-05-17 20:02:24 - [INFO] email sent
2025-05-17 20:24:20 - [INFO] config updated
2025-05-17 20:28:41 - [INFO] email sent
2025-05-17 20:31:09 - [INFO] file downloaded
2025-05-17 20:37:46 - [INFO] config updated
2025-05-17 20:39:01 - [INFO] system check passed
2025-05-17 20:48:03 - [INFO] email sent
2025-05-17 20:50:14 - [INFO] user login
2025-05-17 21:06:20 - [WARNING] Suspicious activity detected: unauthorized_access
2025-05-17 21:12:46 - [INFO] user login
2025-05-17 21:16:56 - [INFO] user login
2025-05-17 21:18:00 - [INFO] email sent
2025-05-17 21:29:49 - [WARNING] Suspicious activity detected: ip_blocked
2025-05-17 21:36:09 - [INFO] config updated
2025-05-17 21:48:57 - [INFO] backup completed
2025-05-17 21:59:29 - [INFO] email sent
2025-05-17 22:03:50 - [INFO] email sent
2025-05-17 22:17:57 - [INFO] backup completed
2025-05-17 22:22:45 - [WARNING] Suspicious activity detected: intrusion
2025-05-17 22:28:05 - [INFO] file downloaded
2025-05-17 22:33:17 - [INFO] backup completed
2025-05-17 22:34:17 - [INFO] system check passed
2025-05-17 22:34:52 - [INFO] file downloaded
2025-05-17 22:43:44 - [WARNING] Suspicious activity detected: sql_injection
2025-05-17 22:48:44 - [INFO] file downloaded
2025-05-17 22:55:14 - [WARNING] Suspicious activity detected: malware
2025-05-17 22:57:06 - [WARNING] Suspicious activity detected: brute_force
2025-05-17 23:14:36 - [INFO] user login
2025-05-17 23:17:01 - [WARNING] Suspicious activity detected: ddos
2025-05-17 23:17:38 - [WARNING] Suspicious activity detected: ddos
2025-05-17 23:18:49 - [INFO] system check passed
2025-05-17 23:27:53 - [INFO] file downloaded
2025-05-17 23:40:42 - [INFO] email sent
2025-05-17 23:44:46 - [INFO] user login
2025-05-17 23:45:33 - [INFO] system check passed
2025-05-17 23:47:56 - [WARNING] Suspicious activity detected: ip_blocked
2025-05-17 23:57:44 - [WARNING] Suspicious activity detected: port_scan
2025-05-17 23:59:12 - [INFO] user login