2025-07-15 00:06:21 - [INFO] config updated
2025-07-15 00:28:52 - [INFO] file downloaded
2025-07-15 00:33:53 - [INFO] file uploaded
2025-07-15 00:34:31 - [WARNING] Suspicious activity detected: sql_injection
2025-07-15 00:37:58 - [WARNING] Suspicious activity detected: port_scan
2025-07-15 00:38:23 - [INFO] user login
2025-07-15 00:49:54 - [INFO] file downloaded
2025-07-15 00:53:10 - [WARNING] Suspicious activity detected: sql_injection
2025-07-15 01:09:28 - [WARNING] Suspicious activity detected: malware
2025-07-15 01:19:31 - [WARNING] Suspicious activity detected: unauthorized_access
2025-07-15 01:21:45 - [WARNING] Suspicious activity detected: intrusion
2025-07-15 01:30:04 - [INFO] file downloaded
2025-07-15 01:31:04 - [INFO] user login
2025-07-15 01:44:40 - [INFO] email sent
2025-07-15 01:48:28 - [INFO] user login
2025-07-15 01:49:59 - [WARNING] Suspicious activity detected: unauthorized_access
2025-07-15 01:50:38 - [INFO] file uploaded
2025-07-15 01:51:41 - [INFO] file uploaded
2025-07-15 02:01:16 - [WARNING] Suspicious activity detected: port_scan
2025-07-15 02:09:54 - [INFO] file uploaded
2025-07-15 02:12:34 - [INFO] user login
2025-07-15 02:13:12 - [INFO] config updated
2025-07-15 02:13:17 - [INFO] user login
2025-07-15 02:14:57 - [WARNING] Suspicious activity detected: unauthorized_access
2025-07-15 02:19:08 - [INFO] email sent
2025-07-15 02:32:18 - [INFO] email sent
2025-07-15 02:45:23 - [INFO] user login
2025-07-15 02:54:25 - [INFO] file uploaded
2025-07-15 02:55:01 - [INFO] file downloaded
2025-07-15 03:04:26 - [INFO] system check passed
2025-07-15 03:10:14 - [INFO] file downloaded
2025-07-15 03:11:56 - [WARNING] Suspicious activity detected: intrusion
2025-07-15 03:15:21 - [INFO] system check passed
2025-07-15 03:40:56 - [INFO] email sent
2025-07-15 03:45:44 - [INFO] user login
2025-07-15 03:52:05 - [INFO] system check passed
2025-07-15 03:52:22 - [INFO] system check passed
2025-07-15 03:52:56 - [WARNING] Suspicious activity detected: intrusion
2025-07-15 03:54:06 - [WARNING] Suspicious activity detected: brute_force
2025-07-15 03:54:43 - [INFO] user login
2025-07-15 03:55:22 - [INFO] file uploaded
2025-07-15 03:56:10 - [INFO] system check passed
2025-07-15 03:56:51 - [INFO] file uploaded
2025-07-15 03:58:59 - [INFO] file uploaded
2025-07-15 04:11:02 - [WARNING] Suspicious activity detected: intrusion
2025-07-15 04:11:13 - [INFO] file uploaded
2025-07-15 04:12:49 - [INFO] file downloaded
2025-07-15 04:19:06 - [WARNING] Suspicious activity detected: brute_force
2025-07-15 04:24:31 - [INFO] backup completed
2025-07-15 04:25:45 - [INFO] config updated
2025-07-15 04:26:01 - [INFO] system check passed
2025-07-15 04:27:28 - [INFO] config updated
2025-07-15 04:50:30 - [INFO] system check passed
2025-07-15 04:54:46 - [INFO] backup completed
2025-07-15 05:04:23 - [INFO] file downloaded
2025-07-15 05:05:56 - [INFO] file downloaded
2025-07-15 05:06:56 - [INFO] config updated
2025-07-15 05:09:26 - [WARNING] Suspicious activity detected: malware
2025-07-15 05:09:29 - [WARNING] Suspicious activity detected: intrusion
2025-07-15 05:12:49 - [INFO] backup completed
2025-07-15 05:14:42 - [WARNING] Suspicious activity detected: unauthorized_access
2025-07-15 05:16:57 - [INFO] backup completed
2025-07-15 05:20:15 - [INFO] system check passed
2025-07-15 05:28:21 - [INFO] user login
2025-07-15 05:29:31 - [INFO] user login
2025-07-15 05:30:04 - [WARNING] Suspicious activity detected: brute_force
2025-07-15 05:33:34 - [INFO] file downloaded
2025-07-15 05:51:11 - [INFO] backup completed
2025-07-15 06:02:53 - [INFO] user login
2025-07-15 06:12:49 - [INFO] system check passed
2025-07-15 06:16:19 - [INFO] file downloaded
2025-07-15 06:25:49 - [INFO] backup completed
2025-07-15 06:28:26 - [WARNING] Suspicious activity detected: ddos
2025-07-15 06:29:10 - [INFO] user login
2025-07-15 06:31:46 - [INFO] user login
2025-07-15 06:36:13 - [WARNING] Suspicious activity detected: malware
2025-07-15 06:48:23 - [INFO] file downloaded
2025-07-15 06:52:59 - [INFO] email sent
2025-07-15 06:55:09 - [INFO] backup completed
2025-07-15 07:02:27 - [INFO] file uploaded
2025-07-15 07:14:50 - [INFO] system check passed
2025-07-15 07:16:02 - [WARNING] Suspicious activity detected: sql_injection
2025-07-15 07:19:04 - [INFO] config updated
2025-07-15 07:36:01 - [INFO] config updated
2025-07-15 08:03:56 - [INFO] backup completed
2025-07-15 08:04:56 - [WARNING] Suspicious activity detected: ip_blocked
2025-07-15 08:21:40 - [WARNING] Suspicious activity detected: port_scan
2025-07-15 08:31:59 - [INFO] file downloaded
2025-07-15 08:43:42 - [INFO] backup completed
2025-07-15 08:44:24 - [INFO] user login
2025-07-15 08:50:07 - [INFO] file uploaded
2025-07-15 08:50:21 - [INFO] config updated
2025-07-15 08:52:21 - [WARNING] Suspicious activity detected: ip_blocked
2025-07-15 08:52:24 - [WARNING] Suspicious activity detected: ddos
2025-07-15 09:06:19 - [WARNING] Suspicious activity detected: malware
2025-07-15 09:13:06 - [WARNING] Suspicious activity detected: malware
2025-07-15 09:14:13 - [WARNING] Suspicious activity detected: intrusion
2025-07-15 09:17:55 - [WARNING] Suspicious activity detected: intrusion
2025-07-15 09:25:54 - [WARNING] Suspicious activity detected: intrusion
2025-07-15 09:26:00 - [INFO] email sent
2025-07-15 09:34:27 - [INFO] email sent
2025-07-15 09:58:07 - [INFO] system check passed
2025-07-15 10:01:50 - [INFO] config updated
2025-07-15 10:04:54 - [INFO] backup completed
2025-07-15 10:05:11 - [INFO] file downloaded
2025-07-15 10:18:25 - [INFO] file uploaded
2025-07-15 10:18:47 - [WARNING] Suspicious activity detected: sql_injection
2025-07-15 10:20:39 - [INFO] user login
2025-07-15 10:22:21 - [INFO] user login
2025-07-15 10:27:37 - [INFO] email sent
2025-07-15 10:57:01 - [WARNING] Suspicious activity detected: sql_injection
2025-07-15 10:58:18 - [INFO] file uploaded
2025-07-15 11:03:27 - [WARNING] Suspicious activity detected: unauthorized_access
2025-07-15 11:09:02 - [WARNING] Suspicious activity detected: brute_force
2025-07-15 11:11:48 - [INFO] file downloaded
2025-07-15 11:23:40 - [INFO] email sent
2025-07-15 11:24:23 - [INFO] email sent
2025-07-15 11:32:36 - [WARNING] Suspicious activity detected: port_scan
2025-07-15 11:39:04 - [INFO] file uploaded
2025-07-15 11:40:03 - [INFO] email sent
2025-07-15 11:56:07 - [INFO] email sent
2025-07-15 12:05:46 - [INFO] backup completed
2025-07-15 12:05:58 - [INFO] config updated
2025-07-15 12:32:03 - [WARNING] Suspicious activity detected: ddos
2025-07-15 12:49:04 - [WARNING] Suspicious activity detected: unauthorized_access
2025-07-15 12:54:07 - [INFO] file uploaded
2025-07-15 12:59:39 - [INFO] config updated
2025-07-15 13:00:13 - [INFO] config updated
2025-07-15 13:01:54 - [INFO] file downloaded
2025-07-15 13:02:54 - [INFO] user login
2025-07-15 13:05:32 - [INFO] config updated
2025-07-15 13:06:33 - [INFO] file downloaded
2025-07-15 13:11:09 - [INFO] email sent
2025-07-15 13:12:04 - [INFO] user login
2025-07-15 13:17:10 - [INFO] system check passed
2025-07-15 13:22:39 - [INFO] system check passed
2025-07-15 13:45:32 - [WARNING] Suspicious activity detected: ip_blocked
2025-07-15 14:10:05 - [INFO] file uploaded
2025-07-15 14:11:14 - [INFO] system check passed
2025-07-15 14:17:12 - [INFO] backup completed
2025-07-15 14:28:07 - [INFO] file uploaded
2025-07-15 14:33:28 - [INFO] file downloaded
2025-07-15 14:41:25 - [WARNING] Suspicious activity detected: intrusion
2025-07-15 14:42:37 - [INFO] user login
2025-07-15 14:44:24 - [INFO] file uploaded
2025-07-15 14:47:21 - [INFO] file downloaded
2025-07-15 15:00:36 - [INFO] user login
2025-07-15 15:02:13 - [INFO] system check passed
2025-07-15 15:17:08 - [INFO] email sent
2025-07-15 15:18:46 - [INFO] email sent
2025-07-15 15:27:17 - [INFO] file uploaded
2025-07-15 15:27:23 - [INFO] user login
2025-07-15 15:32:44 - [INFO] email sent
2025-07-15 15:47:07 - [INFO] file uploaded
2025-07-15 15:51:40 - [INFO] file uploaded
2025-07-15 15:56:48 - [INFO] file downloaded
2025-07-15 16:06:07 - [WARNING] Suspicious activity detected: port_scan
2025-07-15 16:08:36 - [INFO] config updated
2025-07-15 16:17:38 - [INFO] file downloaded
2025-07-15 16:23:20 - [INFO] file downloaded
2025-07-15 16:32:19 - [WARNING] Suspicious activity detected: unauthorized_access
2025-07-15 16:40:03 - [INFO] backup completed
2025-07-15 16:47:27 - [INFO] file uploaded
2025-07-15 16:47:38 - [WARNING] Suspicious activity detected: intrusion
2025-07-15 16:57:28 - [INFO] email sent
2025-07-15 16:57:33 - [WARNING] Suspicious activity detected: ddos
2025-07-15 17:05:54 - [INFO] email sent
2025-07-15 17:05:59 - [INFO] email sent
2025-07-15 17:09:29 - [INFO] system check passed
2025-07-15 17:12:23 - [INFO] user login
2025-07-15 17:17:25 - [WARNING] Suspicious activity detected: intrusion
2025-07-15 17:25:46 - [WARNING] Suspicious activity detected: port_scan
2025-07-15 17:28:20 - [INFO] config updated
2025-07-15 17:30:57 - [INFO] email sent
2025-07-15 17:32:57 - [INFO] file uploaded
2025-07-15 17:35:47 - [WARNING] Suspicious activity detected: sql_injection
2025-07-15 17:49:36 - [INFO] email sent
2025-07-15 17:55:44 - [WARNING] Suspicious activity detected: sql_injection
2025-07-15 18:01:08 - [WARNING] Suspicious activity detected: port_scan
2025-07-15 18:08:44 - [WARNING] Suspicious activity detected: port_scan
2025-07-15 18:16:26 - [INFO] system check passed
2025-07-15 18:30:03 - [INFO] config updated
2025-07-15 18:35:49 - [INFO] file downloaded
2025-07-15 18:50:54 - [INFO] config updated
2025-07-15 18:55:19 - [INFO] email sent
2025-07-15 18:59:34 - [INFO] file uploaded
2025-07-15 19:00:13 - [INFO] system check passed
2025-07-15 19:04:35 - [INFO] file uploaded
2025-07-15 19:10:07 - [INFO] email sent
2025-07-15 19:15:45 - [INFO] system check passed
2025-07-15 19:22:22 - [INFO] system check passed
2025-07-15 19:22:42 - [INFO] system check passed
2025-07-15 19:25:15 - [INFO] backup completed
2025-07-15 19:43:24 - [INFO] system check passed
2025-07-15 19:50:22 - [INFO] system check passed
2025-07-15 19:54:31 - [INFO] file uploaded
2025-07-15 20:07:11 - [INFO] file uploaded
2025-07-15 20:15:51 - [INFO] backup completed
2025-07-15 20:17:06 - [INFO] user login
2025-07-15 20:26:37 - [WARNING] Suspicious activity detected: ddos
2025-07-15 20:27:28 - [WARNING] Suspicious activity detected: ip_blocked
2025-07-15 20:28:09 - [WARNING] Suspicious activity detected: port_scan
2025-07-15 20:29:43 - [INFO] config updated
2025-07-15 20:39:12 - [INFO] system check passed
2025-07-15 20:41:46 - [INFO] file downloaded
2025-07-15 20:43:36 - [INFO] file uploaded
2025-07-15 20:52:47 - [INFO] file downloaded
2025-07-15 20:56:41 - [INFO] system check passed
2025-07-15 20:59:59 - [INFO] system check passed
2025-07-15 21:05:05 - [INFO] email sent
2025-07-15 21:12:24 - [INFO] config updated
2025-07-15 21:21:06 - [INFO] user login
2025-07-15 21:25:11 - [WARNING] Suspicious activity detected: ip_blocked
2025-07-15 21:30:04 - [INFO] system check passed
2025-07-15 21:31:34 - [INFO] system check passed
2025-07-15 21:31:52 - [INFO] backup completed
2025-07-15 21:52:00 - [WARNING] Suspicious activity detected: malware
2025-07-15 21:58:40 - [INFO] file downloaded
2025-07-15 22:17:25 - [INFO] user login
2025-07-15 22:23:25 - [INFO] email sent
2025-07-15 22:24:42 - [INFO] file uploaded
2025-07-15 22:27:30 - [INFO] user login
2025-07-15 22:40:23 - [WARNING] Suspicious activity detected: brute_force
2025-07-15 22:42:54 - [INFO] backup completed
2025-07-15 22:51:07 - [INFO] file downloaded
2025-07-15 22:51:43 - [WARNING] Suspicious activity detected: ip_blocked
2025-07-15 22:54:34 - [INFO] user login
2025-07-15 22:55:31 - [WARNING] Suspicious activity detected: malware
2025-07-15 23:01:37 - [WARNING] Suspicious activity detected: intrusion
2025-07-15 23:09:29 - [INFO] backup completed
2025-07-15 23:30:29 - [WARNING] Suspicious activity detected: malware
2025-07-15 23:34:05 - [WARNING] Suspicious activity detected: unauthorized_access
2025-07-15 23:36:27 - [WARNING] Suspicious activity detected: ip_blocked
2025-07-15 23:37:39 - [INFO] user login
2025-07-15 23:39:16 - [INFO] backup completed
2025-07-15 23:39:56 - [INFO] config updated
2025-07-15 23:47:15 - [INFO] file uploaded
2025-07-15 23:52:48 - [WARNING] Suspicious activity detected: brute_force
2025-07-15 23:58:20 - [WARNING] Suspicious activity detected: intrusion
2025-07-15 23:58:22 - [INFO] file downloaded