2025-05-29 00:05:00 - [WARNING] Suspicious activity detected: intrusion
2025-05-29 00:13:25 - [INFO] user login
2025-05-29 00:16:32 - [INFO] config updated
2025-05-29 00:17:47 - [INFO] backup completed
2025-05-29 00:23:29 - [INFO] email sent
2025-05-29 00:26:49 - [WARNING] Suspicious activity detected: malware
2025-05-29 00:37:42 - [WARNING] Suspicious activity detected: malware
2025-05-29 00:39:17 - [INFO] system check passed
2025-05-29 00:56:23 - [INFO] email sent
2025-05-29 01:01:02 - [INFO] backup completed
2025-05-29 01:03:22 - [INFO] user login
2025-05-29 01:09:33 - [INFO] system check passed
2025-05-29 01:09:34 - [WARNING] Suspicious activity detected: unauthorized_access
2025-05-29 01:39:06 - [INFO] file uploaded
2025-05-29 01:49:17 - [INFO] user login
2025-05-29 01:50:04 - [INFO] user login
2025-05-29 01:53:17 - [WARNING] Suspicious activity detected: intrusion
2025-05-29 02:03:46 - [INFO] file downloaded
2025-05-29 02:35:44 - [INFO] file downloaded
2025-05-29 02:44:30 - [INFO] file downloaded
2025-05-29 02:45:16 - [WARNING] Suspicious activity detected: port_scan
2025-05-29 02:48:52 - [WARNING] Suspicious activity detected: port_scan
2025-05-29 02:49:46 - [INFO] system check passed
2025-05-29 02:51:06 - [INFO] file downloaded
2025-05-29 02:59:15 - [INFO] user login
2025-05-29 03:04:58 - [INFO] config updated
2025-05-29 03:11:56 - [WARNING] Suspicious activity detected: sql_injection
2025-05-29 03:14:48 - [WARNING] Suspicious activity detected: brute_force
2025-05-29 03:17:19 - [INFO] file uploaded
2025-05-29 03:18:03 - [INFO] file uploaded
2025-05-29 03:18:26 - [INFO] backup completed
2025-05-29 03:26:45 - [INFO] email sent
2025-05-29 03:38:21 - [INFO] system check passed
2025-05-29 03:43:08 - [INFO] file downloaded
2025-05-29 03:44:13 - [INFO] config updated
2025-05-29 03:45:39 - [INFO] file uploaded
2025-05-29 03:50:37 - [WARNING] Suspicious activity detected: unauthorized_access
2025-05-29 04:06:04 - [INFO] system check passed
2025-05-29 04:08:54 - [INFO] file uploaded
2025-05-29 04:21:02 - [INFO] email sent
2025-05-29 04:30:44 - [WARNING] Suspicious activity detected: ip_blocked
2025-05-29 04:36:44 - [WARNING] Suspicious activity detected: ip_blocked
2025-05-29 04:37:43 - [WARNING] Suspicious activity detected: unauthorized_access
2025-05-29 04:42:41 - [WARNING] Suspicious activity detected: intrusion
2025-05-29 04:45:20 - [INFO] email sent
2025-05-29 04:48:38 - [INFO] config updated
2025-05-29 04:51:13 - [INFO] system check passed
2025-05-29 05:11:46 - [INFO] file uploaded
2025-05-29 05:13:13 - [WARNING] Suspicious activity detected: unauthorized_access
2025-05-29 05:21:28 - [INFO] user login
2025-05-29 05:24:38 - [INFO] file downloaded
2025-05-29 05:33:09 - [INFO] user login
2025-05-29 05:48:50 - [WARNING] Suspicious activity detected: ip_blocked
2025-05-29 05:59:06 - [WARNING] Suspicious activity detected: ip_blocked
2025-05-29 06:00:56 - [INFO] email sent
2025-05-29 06:02:32 - [WARNING] Suspicious activity detected: malware
2025-05-29 06:05:19 - [INFO] email sent
2025-05-29 06:05:43 - [INFO] backup completed
2025-05-29 06:07:47 - [INFO] file downloaded
2025-05-29 06:08:47 - [INFO] email sent
2025-05-29 06:13:02 - [WARNING] Suspicious activity detected: ddos
2025-05-29 06:16:26 - [INFO] email sent
2025-05-29 06:25:42 - [INFO] file downloaded
2025-05-29 06:30:30 - [INFO] backup completed
2025-05-29 06:37:08 - [WARNING] Suspicious activity detected: unauthorized_access
2025-05-29 06:38:30 - [INFO] file uploaded
2025-05-29 06:40:58 - [INFO] config updated
2025-05-29 06:49:19 - [WARNING] Suspicious activity detected: intrusion
2025-05-29 06:56:09 - [WARNING] Suspicious activity detected: brute_force
2025-05-29 07:01:47 - [WARNING] Suspicious activity detected: brute_force
2025-05-29 07:08:56 - [INFO] backup completed
2025-05-29 07:11:04 - [INFO] backup completed
2025-05-29 07:40:47 - [WARNING] Suspicious activity detected: unauthorized_access
2025-05-29 07:48:05 - [WARNING] Suspicious activity detected: ip_blocked
2025-05-29 08:18:36 - [WARNING] Suspicious activity detected: port_scan
2025-05-29 08:21:52 - [INFO] system check passed
2025-05-29 08:22:12 - [INFO] file downloaded
2025-05-29 08:23:42 - [INFO] config updated
2025-05-29 08:34:43 - [INFO] file uploaded
2025-05-29 08:38:51 - [WARNING] Suspicious activity detected: brute_force
2025-05-29 08:39:31 - [WARNING] Suspicious activity detected: brute_force
2025-05-29 08:43:52 - [INFO] system check passed
2025-05-29 08:44:41 - [INFO] config updated
2025-05-29 08:45:43 - [WARNING] Suspicious activity detected: sql_injection
2025-05-29 08:49:17 - [INFO] file downloaded
2025-05-29 09:01:53 - [WARNING] Suspicious activity detected: unauthorized_access
2025-05-29 09:03:53 - [WARNING] Suspicious activity detected: sql_injection
2025-05-29 09:05:29 - [INFO] file uploaded
2025-05-29 09:06:38 - [INFO] email sent
2025-05-29 09:08:06 - [WARNING] Suspicious activity detected: intrusion
2025-05-29 09:21:34 - [WARNING] Suspicious activity detected: malware
2025-05-29 09:22:14 - [INFO] backup completed
2025-05-29 09:37:45 - [INFO] system check passed
2025-05-29 09:45:41 - [INFO] email sent
2025-05-29 09:56:07 - [INFO] email sent
2025-05-29 09:57:34 - [INFO] file downloaded
2025-05-29 09:59:00 - [INFO] system check passed
2025-05-29 10:14:38 - [INFO] backup completed
2025-05-29 10:19:43 - [WARNING] Suspicious activity detected: intrusion
2025-05-29 11:02:01 - [WARNING] Suspicious activity detected: brute_force
2025-05-29 11:06:48 - [INFO] user login
2025-05-29 11:10:13 - [INFO] backup completed
2025-05-29 11:24:43 - [WARNING] Suspicious activity detected: unauthorized_access
2025-05-29 11:26:09 - [INFO] config updated
2025-05-29 11:38:45 - [INFO] email sent
2025-05-29 11:47:37 - [INFO] email sent
2025-05-29 11:50:49 - [WARNING] Suspicious activity detected: malware
2025-05-29 11:57:39 - [WARNING] Suspicious activity detected: malware
2025-05-29 11:59:09 - [INFO] file uploaded
2025-05-29 11:59:42 - [WARNING] Suspicious activity detected: sql_injection
2025-05-29 12:16:42 - [INFO] system check passed
2025-05-29 12:17:15 - [WARNING] Suspicious activity detected: intrusion
2025-05-29 12:19:31 - [WARNING] Suspicious activity detected: brute_force
2025-05-29 12:34:44 - [INFO] file downloaded
2025-05-29 12:39:37 - [INFO] config updated
2025-05-29 12:42:25 - [INFO] file uploaded
2025-05-29 12:48:57 - [INFO] config updated
2025-05-29 12:50:53 - [INFO] backup completed
2025-05-29 13:00:18 - [INFO] system check passed
2025-05-29 13:26:45 - [WARNING] Suspicious activity detected: malware
2025-05-29 13:28:07 - [INFO] file downloaded
2025-05-29 13:31:19 - [WARNING] Suspicious activity detected: brute_force
2025-05-29 13:33:17 - [WARNING] Suspicious activity detected: ip_blocked
2025-05-29 13:33:33 - [INFO] config updated
2025-05-29 13:38:23 - [WARNING] Suspicious activity detected: intrusion
2025-05-29 13:50:01 - [WARNING] Suspicious activity detected: intrusion
2025-05-29 13:51:11 - [INFO] config updated
2025-05-29 13:54:53 - [INFO] config updated
2025-05-29 14:02:53 - [INFO] file uploaded
2025-05-29 14:06:12 - [WARNING] Suspicious activity detected: intrusion
2025-05-29 14:07:55 - [INFO] user login
2025-05-29 14:09:14 - [INFO] email sent
2025-05-29 14:10:56 - [INFO] email sent
2025-05-29 14:28:38 - [INFO] user login
2025-05-29 14:31:15 - [INFO] user login
2025-05-29 14:53:33 - [INFO] config updated
2025-05-29 15:01:37 - [INFO] backup completed
2025-05-29 15:08:19 - [WARNING] Suspicious activity detected: unauthorized_access
2025-05-29 15:16:46 - [WARNING] Suspicious activity detected: port_scan
2025-05-29 15:21:17 - [WARNING] Suspicious activity detected: ip_blocked
2025-05-29 15:22:06 - [WARNING] Suspicious activity detected: malware
2025-05-29 15:40:46 - [INFO] email sent
2025-05-29 15:44:12 - [WARNING] Suspicious activity detected: brute_force
2025-05-29 15:47:14 - [WARNING] Suspicious activity detected: port_scan
2025-05-29 15:55:43 - [WARNING] Suspicious activity detected: brute_force
2025-05-29 15:57:57 - [INFO] user login
2025-05-29 16:20:10 - [WARNING] Suspicious activity detected: intrusion
2025-05-29 16:22:02 - [INFO] email sent
2025-05-29 16:29:22 - [INFO] user login
2025-05-29 16:33:22 - [WARNING] Suspicious activity detected: malware
2025-05-29 16:34:48 - [INFO] file downloaded
2025-05-29 16:47:23 - [INFO] file uploaded
2025-05-29 17:06:35 - [INFO] file uploaded
2025-05-29 17:06:54 - [INFO] config updated
2025-05-29 17:23:32 - [INFO] system check passed
2025-05-29 17:32:08 - [WARNING] Suspicious activity detected: unauthorized_access
2025-05-29 17:32:08 - [INFO] file uploaded
2025-05-29 17:33:28 - [WARNING] Suspicious activity detected: brute_force
2025-05-29 17:35:08 - [WARNING] Suspicious activity detected: ip_blocked
2025-05-29 17:36:23 - [INFO] config updated
2025-05-29 17:38:26 - [INFO] email sent
2025-05-29 17:41:48 - [INFO] email sent
2025-05-29 17:44:35 - [INFO] file downloaded
2025-05-29 17:47:45 - [WARNING] Suspicious activity detected: port_scan
2025-05-29 17:50:42 - [WARNING] Suspicious activity detected: intrusion
2025-05-29 17:54:31 - [INFO] backup completed
2025-05-29 17:55:34 - [INFO] system check passed
2025-05-29 18:19:47 - [INFO] email sent
2025-05-29 18:21:12 - [WARNING] Suspicious activity detected: ip_blocked
2025-05-29 18:21:20 - [INFO] file uploaded
2025-05-29 18:35:41 - [INFO] backup completed
2025-05-29 18:35:59 - [WARNING] Suspicious activity detected: sql_injection
2025-05-29 18:35:59 - [INFO] file uploaded
2025-05-29 18:38:03 - [WARNING] Suspicious activity detected: malware
2025-05-29 18:40:51 - [WARNING] Suspicious activity detected: intrusion
2025-05-29 18:40:54 - [INFO] system check passed
2025-05-29 18:44:42 - [WARNING] Suspicious activity detected: ddos
2025-05-29 18:55:25 - [WARNING] Suspicious activity detected: port_scan
2025-05-29 19:03:17 - [INFO] file downloaded
2025-05-29 19:03:31 - [INFO] user login
2025-05-29 19:08:49 - [INFO] user login
2025-05-29 19:10:59 - [INFO] file uploaded
2025-05-29 19:22:01 - [INFO] file uploaded
2025-05-29 19:27:47 - [WARNING] Suspicious activity detected: brute_force
2025-05-29 19:31:49 - [INFO] file uploaded
2025-05-29 19:38:50 - [INFO] file uploaded
2025-05-29 19:40:21 - [WARNING] Suspicious activity detected: port_scan
2025-05-29 19:43:31 - [WARNING] Suspicious activity detected: intrusion
2025-05-29 19:50:42 - [WARNING] Suspicious activity detected: malware
2025-05-29 19:59:02 - [WARNING] Suspicious activity detected: ip_blocked
2025-05-29 20:00:08 - [INFO] user login
2025-05-29 20:10:24 - [WARNING] Suspicious activity detected: brute_force
2025-05-29 20:15:02 - [INFO] system check passed
2025-05-29 20:25:12 - [INFO] user login
2025-05-29 20:26:42 - [WARNING] Suspicious activity detected: brute_force
2025-05-29 20:30:10 - [INFO] config updated
2025-05-29 20:33:12 - [WARNING] Suspicious activity detected: intrusion
2025-05-29 20:34:31 - [WARNING] Suspicious activity detected: malware
2025-05-29 20:44:30 - [INFO] file downloaded
2025-05-29 20:48:18 - [WARNING] Suspicious activity detected: brute_force
2025-05-29 20:49:48 - [INFO] system check passed
2025-05-29 21:13:24 - [WARNING] Suspicious activity detected: ip_blocked
2025-05-29 21:23:57 - [INFO] user login
2025-05-29 21:29:27 - [INFO] config updated
2025-05-29 21:34:02 - [INFO] backup completed
2025-05-29 21:35:03 - [INFO] email sent
2025-05-29 21:37:16 - [WARNING] Suspicious activity detected: port_scan
2025-05-29 21:41:34 - [INFO] system check passed
2025-05-29 21:45:32 - [INFO] user login
2025-05-29 21:54:46 - [WARNING] Suspicious activity detected: port_scan
2025-05-29 22:00:12 - [WARNING] Suspicious activity detected: malware
2025-05-29 22:03:30 - [WARNING] Suspicious activity detected: port_scan
2025-05-29 22:04:31 - [WARNING] Suspicious activity detected: port_scan
2025-05-29 22:08:46 - [WARNING] Suspicious activity detected: malware
2025-05-29 22:11:23 - [WARNING] Suspicious activity detected: malware
2025-05-29 22:13:55 - [WARNING] Suspicious activity detected: intrusion
2025-05-29 22:24:27 - [WARNING] Suspicious activity detected: ip_blocked
2025-05-29 22:31:14 - [INFO] file uploaded
2025-05-29 22:33:08 - [INFO] backup completed
2025-05-29 22:37:18 - [WARNING] Suspicious activity detected: ip_blocked
2025-05-29 22:45:06 - [INFO] system check passed
2025-05-29 22:51:43 - [INFO] file uploaded
2025-05-29 23:04:13 - [INFO] file uploaded
2025-05-29 23:08:38 - [INFO] file uploaded
2025-05-29 23:21:08 - [WARNING] Suspicious activity detected: ip_blocked
2025-05-29 23:24:13 - [WARNING] Suspicious activity detected: malware
2025-05-29 23:36:47 - [INFO] config updated
2025-05-29 23:48:08 - [WARNING] Suspicious activity detected: intrusion
2025-05-29 23:51:28 - [WARNING] Suspicious activity detected: brute_force