2025-06-08 00:09:58 - [WARNING] Suspicious activity detected: intrusion
2025-06-08 00:12:26 - [INFO] user login
2025-06-08 00:13:12 - [WARNING] Suspicious activity detected: port_scan
2025-06-08 00:16:15 - [INFO] system check passed
2025-06-08 00:19:19 - [INFO] email sent
2025-06-08 00:22:17 - [WARNING] Suspicious activity detected: ddos
2025-06-08 00:27:18 - [INFO] file downloaded
2025-06-08 00:47:42 - [INFO] config updated
2025-06-08 00:47:48 - [INFO] system check passed
2025-06-08 00:58:52 - [WARNING] Suspicious activity detected: unauthorized_access
2025-06-08 01:11:49 - [WARNING] Suspicious activity detected: port_scan
2025-06-08 01:16:54 - [WARNING] Suspicious activity detected: sql_injection
2025-06-08 01:23:28 - [INFO] file downloaded
2025-06-08 01:25:11 - [INFO] system check passed
2025-06-08 01:28:51 - [WARNING] Suspicious activity detected: brute_force
2025-06-08 01:31:27 - [INFO] email sent
2025-06-08 01:36:34 - [WARNING] Suspicious activity detected: unauthorized_access
2025-06-08 01:42:58 - [INFO] file downloaded
2025-06-08 01:48:26 - [INFO] system check passed
2025-06-08 01:55:58 - [WARNING] Suspicious activity detected: unauthorized_access
2025-06-08 01:56:35 - [INFO] email sent
2025-06-08 01:59:56 - [INFO] backup completed
2025-06-08 02:00:43 - [WARNING] Suspicious activity detected: ddos
2025-06-08 02:24:52 - [WARNING] Suspicious activity detected: intrusion
2025-06-08 02:39:58 - [WARNING] Suspicious activity detected: unauthorized_access
2025-06-08 02:41:17 - [WARNING] Suspicious activity detected: sql_injection
2025-06-08 02:41:32 - [INFO] email sent
2025-06-08 02:51:47 - [INFO] system check passed
2025-06-08 03:25:23 - [INFO] user login
2025-06-08 03:34:05 - [INFO] file downloaded
2025-06-08 03:55:45 - [WARNING] Suspicious activity detected: port_scan
2025-06-08 04:07:14 - [WARNING] Suspicious activity detected: unauthorized_access
2025-06-08 04:18:31 - [WARNING] Suspicious activity detected: ip_blocked
2025-06-08 04:33:57 - [INFO] system check passed
2025-06-08 04:37:31 - [WARNING] Suspicious activity detected: ip_blocked
2025-06-08 04:37:43 - [INFO] user login
2025-06-08 04:52:51 - [INFO] user login
2025-06-08 04:56:33 - [INFO] backup completed
2025-06-08 04:56:59 - [INFO] email sent
2025-06-08 05:03:29 - [INFO] config updated
2025-06-08 05:18:29 - [WARNING] Suspicious activity detected: port_scan
2025-06-08 05:27:49 - [INFO] file downloaded
2025-06-08 05:29:44 - [INFO] email sent
2025-06-08 05:30:15 - [INFO] system check passed
2025-06-08 05:34:10 - [INFO] config updated
2025-06-08 05:40:39 - [INFO] file uploaded
2025-06-08 05:40:56 - [INFO] config updated
2025-06-08 05:55:10 - [WARNING] Suspicious activity detected: malware
2025-06-08 06:00:07 - [WARNING] Suspicious activity detected: sql_injection
2025-06-08 06:05:33 - [WARNING] Suspicious activity detected: brute_force
2025-06-08 06:06:26 - [INFO] system check passed
2025-06-08 06:09:38 - [INFO] file downloaded
2025-06-08 06:14:34 - [INFO] file downloaded
2025-06-08 06:21:50 - [INFO] file uploaded
2025-06-08 06:31:35 - [INFO] backup completed
2025-06-08 06:33:02 - [WARNING] Suspicious activity detected: brute_force
2025-06-08 06:37:22 - [WARNING] Suspicious activity detected: ip_blocked
2025-06-08 06:48:39 - [INFO] backup completed
2025-06-08 06:51:17 - [WARNING] Suspicious activity detected: intrusion
2025-06-08 06:54:49 - [WARNING] Suspicious activity detected: intrusion
2025-06-08 06:57:02 - [INFO] system check passed
2025-06-08 07:12:46 - [WARNING] Suspicious activity detected: port_scan
2025-06-08 07:47:21 - [WARNING] Suspicious activity detected: port_scan
2025-06-08 08:06:00 - [INFO] config updated
2025-06-08 08:06:01 - [INFO] user login
2025-06-08 08:07:41 - [INFO] file uploaded
2025-06-08 08:08:40 - [INFO] file downloaded
2025-06-08 08:10:18 - [INFO] user login
2025-06-08 08:14:18 - [WARNING] Suspicious activity detected: brute_force
2025-06-08 08:14:32 - [INFO] file downloaded
2025-06-08 08:14:37 - [INFO] system check passed
2025-06-08 08:24:10 - [WARNING] Suspicious activity detected: intrusion
2025-06-08 08:29:52 - [INFO] email sent
2025-06-08 08:30:58 - [WARNING] Suspicious activity detected: malware
2025-06-08 08:33:42 - [WARNING] Suspicious activity detected: ddos
2025-06-08 08:34:11 - [WARNING] Suspicious activity detected: sql_injection
2025-06-08 08:34:57 - [INFO] system check passed
2025-06-08 08:40:44 - [INFO] file uploaded
2025-06-08 08:55:33 - [INFO] backup completed
2025-06-08 08:57:54 - [INFO] user login
2025-06-08 09:05:55 - [WARNING] Suspicious activity detected: intrusion
2025-06-08 09:08:23 - [INFO] user login
2025-06-08 09:19:14 - [INFO] file uploaded
2025-06-08 09:21:49 - [INFO] file uploaded
2025-06-08 09:22:45 - [INFO] config updated
2025-06-08 09:24:06 - [INFO] system check passed
2025-06-08 09:24:59 - [INFO] user login
2025-06-08 09:38:53 - [INFO] system check passed
2025-06-08 09:42:17 - [WARNING] Suspicious activity detected: port_scan
2025-06-08 09:48:37 - [INFO] file uploaded
2025-06-08 09:56:49 - [INFO] config updated
2025-06-08 09:59:24 - [INFO] user login
2025-06-08 10:02:53 - [INFO] backup completed
2025-06-08 10:03:05 - [WARNING] Suspicious activity detected: brute_force
2025-06-08 10:05:21 - [WARNING] Suspicious activity detected: sql_injection
2025-06-08 10:09:36 - [WARNING] Suspicious activity detected: unauthorized_access
2025-06-08 10:17:18 - [INFO] system check passed
2025-06-08 10:17:56 - [WARNING] Suspicious activity detected: port_scan
2025-06-08 10:18:12 - [WARNING] Suspicious activity detected: port_scan
2025-06-08 10:23:45 - [WARNING] Suspicious activity detected: brute_force
2025-06-08 10:32:03 - [WARNING] Suspicious activity detected: brute_force
2025-06-08 10:35:44 - [INFO] file downloaded
2025-06-08 10:39:28 - [INFO] file uploaded
2025-06-08 10:47:56 - [INFO] user login
2025-06-08 10:52:04 - [INFO] user login
2025-06-08 11:10:19 - [INFO] email sent
2025-06-08 11:13:22 - [WARNING] Suspicious activity detected: ddos
2025-06-08 11:13:58 - [WARNING] Suspicious activity detected: unauthorized_access
2025-06-08 11:33:44 - [WARNING] Suspicious activity detected: intrusion
2025-06-08 11:41:20 - [WARNING] Suspicious activity detected: port_scan
2025-06-08 11:41:48 - [INFO] config updated
2025-06-08 11:52:48 - [INFO] system check passed
2025-06-08 11:54:20 - [WARNING] Suspicious activity detected: brute_force
2025-06-08 12:06:44 - [WARNING] Suspicious activity detected: ip_blocked
2025-06-08 12:14:13 - [INFO] user login
2025-06-08 12:16:02 - [WARNING] Suspicious activity detected: unauthorized_access
2025-06-08 12:24:51 - [WARNING] Suspicious activity detected: ip_blocked
2025-06-08 12:28:28 - [WARNING] Suspicious activity detected: ip_blocked
2025-06-08 12:39:13 - [INFO] user login
2025-06-08 12:52:42 - [WARNING] Suspicious activity detected: sql_injection
2025-06-08 13:01:23 - [WARNING] Suspicious activity detected: port_scan
2025-06-08 13:02:03 - [INFO] file downloaded
2025-06-08 13:02:46 - [INFO] user login
2025-06-08 13:08:06 - [INFO] system check passed
2025-06-08 13:08:54 - [WARNING] Suspicious activity detected: port_scan
2025-06-08 13:12:33 - [WARNING] Suspicious activity detected: brute_force
2025-06-08 13:13:17 - [INFO] file downloaded
2025-06-08 13:13:57 - [INFO] file downloaded
2025-06-08 13:14:10 - [INFO] config updated
2025-06-08 13:30:54 - [WARNING] Suspicious activity detected: brute_force
2025-06-08 13:45:26 - [WARNING] Suspicious activity detected: brute_force
2025-06-08 13:54:19 - [WARNING] Suspicious activity detected: sql_injection
2025-06-08 13:56:01 - [WARNING] Suspicious activity detected: unauthorized_access
2025-06-08 13:58:49 - [INFO] backup completed
2025-06-08 14:03:27 - [WARNING] Suspicious activity detected: intrusion
2025-06-08 14:16:25 - [INFO] file uploaded
2025-06-08 14:19:28 - [INFO] config updated
2025-06-08 14:27:19 - [INFO] file uploaded
2025-06-08 14:47:14 - [INFO] system check passed
2025-06-08 14:47:28 - [INFO] email sent
2025-06-08 15:12:01 - [INFO] user login
2025-06-08 15:26:04 - [INFO] user login
2025-06-08 15:29:23 - [WARNING] Suspicious activity detected: ddos
2025-06-08 15:30:32 - [INFO] system check passed
2025-06-08 15:36:58 - [INFO] user login
2025-06-08 15:40:49 - [INFO] config updated
2025-06-08 15:49:20 - [INFO] file uploaded
2025-06-08 15:53:44 - [WARNING] Suspicious activity detected: unauthorized_access
2025-06-08 16:03:29 - [WARNING] Suspicious activity detected: intrusion
2025-06-08 16:03:58 - [INFO] backup completed
2025-06-08 16:07:27 - [INFO] backup completed
2025-06-08 16:10:03 - [INFO] backup completed
2025-06-08 16:22:32 - [INFO] user login
2025-06-08 16:23:31 - [INFO] system check passed
2025-06-08 16:24:15 - [WARNING] Suspicious activity detected: brute_force
2025-06-08 16:32:27 - [INFO] config updated
2025-06-08 16:35:54 - [WARNING] Suspicious activity detected: unauthorized_access
2025-06-08 16:39:03 - [INFO] backup completed
2025-06-08 16:44:49 - [INFO] file downloaded
2025-06-08 16:48:43 - [WARNING] Suspicious activity detected: intrusion
2025-06-08 16:53:11 - [INFO] email sent
2025-06-08 16:55:23 - [WARNING] Suspicious activity detected: malware
2025-06-08 16:55:59 - [WARNING] Suspicious activity detected: port_scan
2025-06-08 16:57:42 - [INFO] file uploaded
2025-06-08 17:02:37 - [INFO] backup completed
2025-06-08 17:07:03 - [INFO] system check passed
2025-06-08 17:10:20 - [WARNING] Suspicious activity detected: ddos
2025-06-08 17:12:24 - [WARNING] Suspicious activity detected: intrusion
2025-06-08 17:15:07 - [WARNING] Suspicious activity detected: ddos
2025-06-08 17:17:21 - [WARNING] Suspicious activity detected: intrusion
2025-06-08 17:25:51 - [WARNING] Suspicious activity detected: port_scan
2025-06-08 17:34:29 - [WARNING] Suspicious activity detected: ddos
2025-06-08 17:39:10 - [WARNING] Suspicious activity detected: ddos
2025-06-08 17:48:37 - [WARNING] Suspicious activity detected: ip_blocked
2025-06-08 17:58:35 - [INFO] config updated
2025-06-08 18:11:12 - [INFO] system check passed
2025-06-08 18:19:46 - [INFO] system check passed
2025-06-08 18:21:14 - [INFO] email sent
2025-06-08 18:24:52 - [INFO] file uploaded
2025-06-08 18:26:30 - [INFO] file downloaded
2025-06-08 18:27:33 - [WARNING] Suspicious activity detected: intrusion
2025-06-08 18:29:42 - [WARNING] Suspicious activity detected: malware
2025-06-08 18:35:32 - [WARNING] Suspicious activity detected: unauthorized_access
2025-06-08 18:39:46 - [WARNING] Suspicious activity detected: sql_injection
2025-06-08 18:48:26 - [INFO] file downloaded
2025-06-08 19:03:02 - [INFO] system check passed
2025-06-08 19:14:28 - [WARNING] Suspicious activity detected: ddos
2025-06-08 19:16:53 - [INFO] system check passed
2025-06-08 19:24:09 - [INFO] user login
2025-06-08 19:26:55 - [INFO] backup completed
2025-06-08 19:31:30 - [WARNING] Suspicious activity detected: sql_injection
2025-06-08 19:33:28 - [WARNING] Suspicious activity detected: port_scan
2025-06-08 19:36:14 - [WARNING] Suspicious activity detected: port_scan
2025-06-08 19:39:20 - [WARNING] Suspicious activity detected: sql_injection
2025-06-08 19:46:45 - [INFO] backup completed
2025-06-08 19:46:48 - [INFO] user login
2025-06-08 19:46:51 - [INFO] user login
2025-06-08 19:57:48 - [INFO] system check passed
2025-06-08 20:07:13 - [INFO] user login
2025-06-08 20:09:09 - [WARNING] Suspicious activity detected: malware
2025-06-08 20:26:11 - [INFO] file uploaded
2025-06-08 20:30:12 - [INFO] user login
2025-06-08 20:38:51 - [WARNING] Suspicious activity detected: brute_force
2025-06-08 20:39:50 - [WARNING] Suspicious activity detected: brute_force
2025-06-08 20:44:12 - [INFO] config updated
2025-06-08 20:45:56 - [INFO] config updated
2025-06-08 20:56:41 - [WARNING] Suspicious activity detected: port_scan
2025-06-08 21:22:22 - [INFO] user login
2025-06-08 21:40:12 - [INFO] email sent
2025-06-08 21:43:40 - [WARNING] Suspicious activity detected: port_scan
2025-06-08 22:03:31 - [INFO] email sent
2025-06-08 22:23:34 - [INFO] config updated
2025-06-08 22:24:59 - [INFO] file downloaded
2025-06-08 22:30:55 - [WARNING] Suspicious activity detected: intrusion
2025-06-08 22:42:42 - [INFO] email sent
2025-06-08 22:53:42 - [INFO] backup completed
2025-06-08 22:58:00 - [WARNING] Suspicious activity detected: malware
2025-06-08 23:14:38 - [INFO] user login
2025-06-08 23:31:43 - [INFO] user login
2025-06-08 23:32:48 - [INFO] config updated
2025-06-08 23:35:06 - [INFO] file uploaded
2025-06-08 23:39:06 - [INFO] email sent
2025-06-08 23:39:29 - [INFO] file uploaded
2025-06-08 23:44:34 - [WARNING] Suspicious activity detected: ddos
2025-06-08 23:51:46 - [INFO] file uploaded
2025-06-08 23:58:40 - [INFO] system check passed