2025-06-16 00:00:08 - [WARNING] Suspicious activity detected: brute_force
2025-06-16 00:01:09 - [INFO] file downloaded
2025-06-16 00:01:48 - [INFO] config updated
2025-06-16 00:11:35 - [INFO] user login
2025-06-16 00:12:23 - [WARNING] Suspicious activity detected: sql_injection
2025-06-16 00:22:43 - [WARNING] Suspicious activity detected: port_scan
2025-06-16 00:24:25 - [INFO] system check passed
2025-06-16 01:03:48 - [INFO] file uploaded
2025-06-16 01:15:27 - [WARNING] Suspicious activity detected: brute_force
2025-06-16 01:16:17 - [INFO] config updated
2025-06-16 01:17:26 - [INFO] file uploaded
2025-06-16 01:18:03 - [INFO] file downloaded
2025-06-16 01:23:20 - [INFO] file uploaded
2025-06-16 01:24:04 - [INFO] file uploaded
2025-06-16 01:24:55 - [WARNING] Suspicious activity detected: ddos
2025-06-16 01:52:39 - [WARNING] Suspicious activity detected: malware
2025-06-16 01:59:37 - [WARNING] Suspicious activity detected: malware
2025-06-16 02:02:00 - [INFO] system check passed
2025-06-16 02:11:43 - [INFO] system check passed
2025-06-16 02:19:39 - [INFO] file uploaded
2025-06-16 02:26:57 - [WARNING] Suspicious activity detected: ddos
2025-06-16 02:27:07 - [INFO] file uploaded
2025-06-16 02:37:47 - [WARNING] Suspicious activity detected: ddos
2025-06-16 03:14:38 - [WARNING] Suspicious activity detected: ddos
2025-06-16 03:30:42 - [WARNING] Suspicious activity detected: unauthorized_access
2025-06-16 03:49:47 - [INFO] file downloaded
2025-06-16 03:53:24 - [INFO] backup completed
2025-06-16 04:14:40 - [WARNING] Suspicious activity detected: ddos
2025-06-16 04:19:40 - [WARNING] Suspicious activity detected: sql_injection
2025-06-16 04:22:46 - [WARNING] Suspicious activity detected: sql_injection
2025-06-16 04:29:04 - [WARNING] Suspicious activity detected: port_scan
2025-06-16 04:32:39 - [INFO] backup completed
2025-06-16 04:39:43 - [WARNING] Suspicious activity detected: ddos
2025-06-16 05:01:16 - [INFO] file uploaded
2025-06-16 05:01:33 - [WARNING] Suspicious activity detected: ddos
2025-06-16 05:20:48 - [INFO] user login
2025-06-16 05:22:41 - [INFO] config updated
2025-06-16 05:25:08 - [INFO] user login
2025-06-16 05:38:05 - [WARNING] Suspicious activity detected: ddos
2025-06-16 05:46:15 - [WARNING] Suspicious activity detected: brute_force
2025-06-16 05:47:24 - [INFO] system check passed
2025-06-16 06:00:07 - [WARNING] Suspicious activity detected: malware
2025-06-16 06:01:14 - [INFO] system check passed
2025-06-16 06:04:54 - [INFO] system check passed
2025-06-16 06:07:54 - [WARNING] Suspicious activity detected: sql_injection
2025-06-16 06:09:39 - [WARNING] Suspicious activity detected: unauthorized_access
2025-06-16 06:17:40 - [WARNING] Suspicious activity detected: port_scan
2025-06-16 06:19:14 - [INFO] email sent
2025-06-16 06:40:46 - [INFO] email sent
2025-06-16 06:51:42 - [INFO] config updated
2025-06-16 07:24:16 - [INFO] backup completed
2025-06-16 07:24:21 - [INFO] backup completed
2025-06-16 07:26:23 - [INFO] file uploaded
2025-06-16 07:31:50 - [INFO] email sent
2025-06-16 07:49:30 - [WARNING] Suspicious activity detected: ddos
2025-06-16 07:57:55 - [INFO] config updated
2025-06-16 08:07:33 - [WARNING] Suspicious activity detected: ddos
2025-06-16 08:13:03 - [WARNING] Suspicious activity detected: malware
2025-06-16 08:24:59 - [INFO] system check passed
2025-06-16 08:29:59 - [INFO] backup completed
2025-06-16 08:31:00 - [WARNING] Suspicious activity detected: port_scan
2025-06-16 08:40:34 - [WARNING] Suspicious activity detected: ddos
2025-06-16 08:42:03 - [WARNING] Suspicious activity detected: port_scan
2025-06-16 08:48:04 - [WARNING] Suspicious activity detected: intrusion
2025-06-16 08:51:26 - [WARNING] Suspicious activity detected: ip_blocked
2025-06-16 09:04:46 - [WARNING] Suspicious activity detected: port_scan
2025-06-16 09:23:53 - [INFO] system check passed
2025-06-16 09:28:13 - [WARNING] Suspicious activity detected: ip_blocked
2025-06-16 09:41:17 - [WARNING] Suspicious activity detected: ip_blocked
2025-06-16 09:46:59 - [WARNING] Suspicious activity detected: port_scan
2025-06-16 09:51:00 - [INFO] file uploaded
2025-06-16 09:55:51 - [INFO] file uploaded
2025-06-16 10:28:24 - [INFO] user login
2025-06-16 10:29:29 - [INFO] backup completed
2025-06-16 10:58:55 - [INFO] backup completed
2025-06-16 11:18:18 - [WARNING] Suspicious activity detected: intrusion
2025-06-16 11:20:41 - [INFO] user login
2025-06-16 11:28:17 - [INFO] backup completed
2025-06-16 11:34:29 - [INFO] system check passed
2025-06-16 11:34:57 - [WARNING] Suspicious activity detected: intrusion
2025-06-16 11:44:56 - [INFO] file uploaded
2025-06-16 11:56:08 - [INFO] system check passed
2025-06-16 12:04:31 - [WARNING] Suspicious activity detected: malware
2025-06-16 12:25:27 - [WARNING] Suspicious activity detected: sql_injection
2025-06-16 12:49:50 - [WARNING] Suspicious activity detected: ip_blocked
2025-06-16 12:52:15 - [INFO] user login
2025-06-16 12:59:17 - [INFO] system check passed
2025-06-16 13:05:22 - [INFO] email sent
2025-06-16 13:22:08 - [WARNING] Suspicious activity detected: ddos
2025-06-16 13:25:15 - [WARNING] Suspicious activity detected: ddos
2025-06-16 13:31:50 - [INFO] config updated
2025-06-16 13:32:48 - [INFO] config updated
2025-06-16 13:44:49 - [INFO] file downloaded
2025-06-16 13:45:13 - [WARNING] Suspicious activity detected: ddos
2025-06-16 14:02:49 - [WARNING] Suspicious activity detected: intrusion
2025-06-16 14:09:21 - [INFO] email sent
2025-06-16 14:33:02 - [INFO] config updated
2025-06-16 14:36:06 - [INFO] user login
2025-06-16 14:39:00 - [WARNING] Suspicious activity detected: unauthorized_access
2025-06-16 14:40:01 - [INFO] file downloaded
2025-06-16 14:41:10 - [INFO] file downloaded
2025-06-16 14:44:39 - [INFO] system check passed
2025-06-16 14:56:12 - [INFO] file downloaded
2025-06-16 14:56:17 - [INFO] file uploaded
2025-06-16 15:03:36 - [INFO] config updated
2025-06-16 15:04:17 - [INFO] config updated
2025-06-16 15:11:32 - [INFO] file downloaded
2025-06-16 15:12:12 - [INFO] system check passed
2025-06-16 15:19:26 - [INFO] system check passed
2025-06-16 15:27:48 - [WARNING] Suspicious activity detected: ip_blocked
2025-06-16 15:28:09 - [INFO] system check passed
2025-06-16 15:29:05 - [INFO] file downloaded
2025-06-16 15:33:57 - [INFO] email sent
2025-06-16 15:38:19 - [INFO] config updated
2025-06-16 15:42:12 - [INFO] config updated
2025-06-16 15:50:19 - [INFO] config updated
2025-06-16 15:55:55 - [INFO] user login
2025-06-16 16:04:44 - [WARNING] Suspicious activity detected: ip_blocked
2025-06-16 16:10:46 - [INFO] config updated
2025-06-16 16:13:36 - [INFO] file uploaded
2025-06-16 16:33:12 - [WARNING] Suspicious activity detected: ip_blocked
2025-06-16 16:33:40 - [INFO] user login
2025-06-16 16:34:49 - [INFO] config updated
2025-06-16 16:36:10 - [WARNING] Suspicious activity detected: port_scan
2025-06-16 16:40:49 - [WARNING] Suspicious activity detected: malware
2025-06-16 16:52:39 - [INFO] system check passed
2025-06-16 16:56:26 - [WARNING] Suspicious activity detected: malware
2025-06-16 17:39:12 - [INFO] backup completed
2025-06-16 17:49:57 - [INFO] file uploaded
2025-06-16 17:54:57 - [INFO] config updated
2025-06-16 18:05:12 - [INFO] file uploaded
2025-06-16 18:09:10 - [INFO] backup completed
2025-06-16 18:13:17 - [INFO] file downloaded
2025-06-16 18:19:21 - [INFO] file uploaded
2025-06-16 18:23:24 - [WARNING] Suspicious activity detected: port_scan
2025-06-16 18:46:21 - [INFO] email sent
2025-06-16 18:54:58 - [INFO] backup completed
2025-06-16 19:12:14 - [INFO] backup completed
2025-06-16 19:15:40 - [INFO] user login
2025-06-16 19:24:07 - [WARNING] Suspicious activity detected: malware
2025-06-16 19:27:59 - [INFO] config updated
2025-06-16 19:29:48 - [INFO] backup completed
2025-06-16 19:31:59 - [INFO] email sent
2025-06-16 19:32:04 - [WARNING] Suspicious activity detected: intrusion
2025-06-16 19:43:18 - [INFO] config updated
2025-06-16 19:45:45 - [WARNING] Suspicious activity detected: ip_blocked
2025-06-16 19:47:18 - [INFO] email sent
2025-06-16 19:57:47 - [WARNING] Suspicious activity detected: ip_blocked
2025-06-16 20:04:06 - [WARNING] Suspicious activity detected: port_scan
2025-06-16 20:06:52 - [WARNING] Suspicious activity detected: port_scan
2025-06-16 20:15:18 - [INFO] config updated
2025-06-16 20:23:06 - [INFO] system check passed
2025-06-16 20:26:11 - [INFO] config updated
2025-06-16 20:26:51 - [WARNING] Suspicious activity detected: ddos
2025-06-16 20:27:18 - [INFO] file uploaded
2025-06-16 20:33:03 - [INFO] backup completed
2025-06-16 20:46:05 - [WARNING] Suspicious activity detected: intrusion
2025-06-16 20:52:06 - [INFO] backup completed
2025-06-16 21:04:58 - [INFO] file uploaded
2025-06-16 21:20:31 - [INFO] file downloaded
2025-06-16 21:21:26 - [WARNING] Suspicious activity detected: intrusion
2025-06-16 21:24:15 - [INFO] system check passed
2025-06-16 21:26:18 - [INFO] backup completed
2025-06-16 21:38:03 - [WARNING] Suspicious activity detected: intrusion
2025-06-16 21:39:53 - [INFO] backup completed
2025-06-16 21:40:43 - [WARNING] Suspicious activity detected: malware
2025-06-16 21:55:50 - [INFO] config updated
2025-06-16 21:57:38 - [WARNING] Suspicious activity detected: brute_force
2025-06-16 22:32:17 - [INFO] config updated
2025-06-16 22:33:02 - [WARNING] Suspicious activity detected: brute_force
2025-06-16 22:34:51 - [WARNING] Suspicious activity detected: malware
2025-06-16 22:57:00 - [WARNING] Suspicious activity detected: port_scan
2025-06-16 22:59:25 - [INFO] user login
2025-06-16 23:01:52 - [INFO] user login
2025-06-16 23:03:17 - [WARNING] Suspicious activity detected: sql_injection
2025-06-16 23:23:39 - [WARNING] Suspicious activity detected: port_scan
2025-06-16 23:28:58 - [INFO] file downloaded
2025-06-16 23:34:47 - [WARNING] Suspicious activity detected: port_scan
2025-06-16 23:54:40 - [INFO] email sent
2025-06-16 23:57:30 - [WARNING] Suspicious activity detected: malware