2025-06-29 00:04:47 - [INFO] file downloaded
2025-06-29 00:06:21 - [INFO] file uploaded
2025-06-29 00:06:38 - [INFO] user login
2025-06-29 00:19:48 - [INFO] config updated
2025-06-29 00:30:04 - [INFO] system check passed
2025-06-29 00:53:43 - [INFO] system check passed
2025-06-29 01:02:50 - [WARNING] Suspicious activity detected: ip_blocked
2025-06-29 01:28:38 - [INFO] system check passed
2025-06-29 01:28:42 - [WARNING] Suspicious activity detected: port_scan
2025-06-29 01:30:24 - [INFO] user login
2025-06-29 01:32:40 - [INFO] system check passed
2025-06-29 01:44:22 - [WARNING] Suspicious activity detected: port_scan
2025-06-29 02:11:00 - [INFO] config updated
2025-06-29 02:13:41 - [INFO] system check passed
2025-06-29 02:18:46 - [INFO] config updated
2025-06-29 02:20:43 - [INFO] user login
2025-06-29 02:27:45 - [WARNING] Suspicious activity detected: malware
2025-06-29 02:30:53 - [INFO] config updated
2025-06-29 02:33:07 - [WARNING] Suspicious activity detected: unauthorized_access
2025-06-29 02:33:17 - [INFO] user login
2025-06-29 02:35:54 - [INFO] system check passed
2025-06-29 02:43:29 - [INFO] config updated
2025-06-29 02:44:06 - [INFO] user login
2025-06-29 02:48:02 - [INFO] backup completed
2025-06-29 02:58:08 - [INFO] config updated
2025-06-29 03:09:26 - [INFO] backup completed
2025-06-29 03:09:53 - [INFO] file uploaded
2025-06-29 03:31:53 - [INFO] user login
2025-06-29 03:33:00 - [INFO] file uploaded
2025-06-29 03:46:16 - [INFO] user login
2025-06-29 03:49:31 - [INFO] file downloaded
2025-06-29 04:03:50 - [WARNING] Suspicious activity detected: unauthorized_access
2025-06-29 04:06:22 - [INFO] file uploaded
2025-06-29 04:09:45 - [INFO] user login
2025-06-29 04:11:22 - [INFO] user login
2025-06-29 04:12:06 - [INFO] config updated
2025-06-29 04:14:43 - [INFO] email sent
2025-06-29 04:15:09 - [INFO] email sent
2025-06-29 04:19:14 - [INFO] backup completed
2025-06-29 04:22:14 - [WARNING] Suspicious activity detected: ddos
2025-06-29 04:30:19 - [INFO] email sent
2025-06-29 04:30:32 - [WARNING] Suspicious activity detected: port_scan
2025-06-29 04:37:46 - [INFO] file uploaded
2025-06-29 04:46:42 - [INFO] file uploaded
2025-06-29 05:04:16 - [INFO] file uploaded
2025-06-29 05:09:12 - [INFO] file downloaded
2025-06-29 05:13:28 - [INFO] backup completed
2025-06-29 05:16:15 - [INFO] file downloaded
2025-06-29 05:19:51 - [INFO] system check passed
2025-06-29 05:25:05 - [INFO] backup completed
2025-06-29 05:31:55 - [INFO] user login
2025-06-29 05:37:00 - [INFO] user login
2025-06-29 05:46:03 - [INFO] backup completed
2025-06-29 05:51:25 - [INFO] file downloaded
2025-06-29 05:54:35 - [INFO] config updated
2025-06-29 05:56:59 - [INFO] email sent
2025-06-29 06:01:29 - [WARNING] Suspicious activity detected: malware
2025-06-29 06:03:58 - [INFO] file uploaded
2025-06-29 06:04:38 - [INFO] system check passed
2025-06-29 06:15:07 - [WARNING] Suspicious activity detected: unauthorized_access
2025-06-29 06:21:34 - [INFO] user login
2025-06-29 06:34:29 - [INFO] system check passed
2025-06-29 06:35:12 - [INFO] user login
2025-06-29 06:43:26 - [WARNING] Suspicious activity detected: malware
2025-06-29 06:44:53 - [INFO] backup completed
2025-06-29 07:02:29 - [INFO] backup completed
2025-06-29 07:03:12 - [INFO] backup completed
2025-06-29 07:04:19 - [WARNING] Suspicious activity detected: malware
2025-06-29 07:05:17 - [INFO] user login
2025-06-29 07:07:20 - [INFO] file downloaded
2025-06-29 07:11:58 - [INFO] system check passed
2025-06-29 07:12:29 - [INFO] system check passed
2025-06-29 07:18:40 - [INFO] system check passed
2025-06-29 07:23:18 - [INFO] system check passed
2025-06-29 07:26:07 - [WARNING] Suspicious activity detected: brute_force
2025-06-29 07:34:28 - [WARNING] Suspicious activity detected: malware
2025-06-29 07:46:52 - [WARNING] Suspicious activity detected: malware
2025-06-29 07:50:06 - [INFO] config updated
2025-06-29 07:50:18 - [INFO] file uploaded
2025-06-29 07:54:47 - [INFO] file uploaded
2025-06-29 08:05:58 - [WARNING] Suspicious activity detected: ip_blocked
2025-06-29 08:09:22 - [INFO] email sent
2025-06-29 08:13:00 - [INFO] backup completed
2025-06-29 08:13:30 - [INFO] user login
2025-06-29 08:19:22 - [WARNING] Suspicious activity detected: unauthorized_access
2025-06-29 08:24:00 - [INFO] email sent
2025-06-29 08:44:00 - [INFO] system check passed
2025-06-29 08:44:06 - [INFO] email sent
2025-06-29 08:50:11 - [INFO] user login
2025-06-29 08:55:10 - [INFO] file uploaded
2025-06-29 09:00:44 - [WARNING] Suspicious activity detected: brute_force
2025-06-29 09:04:16 - [INFO] file downloaded
2025-06-29 09:14:52 - [INFO] email sent
2025-06-29 09:17:50 - [INFO] file uploaded
2025-06-29 09:18:25 - [INFO] file downloaded
2025-06-29 09:21:42 - [WARNING] Suspicious activity detected: ddos
2025-06-29 09:23:28 - [INFO] config updated
2025-06-29 09:25:58 - [INFO] user login
2025-06-29 09:33:52 - [INFO] email sent
2025-06-29 09:36:28 - [WARNING] Suspicious activity detected: unauthorized_access
2025-06-29 09:40:05 - [INFO] file uploaded
2025-06-29 09:42:45 - [INFO] user login
2025-06-29 09:49:23 - [INFO] email sent
2025-06-29 09:55:09 - [WARNING] Suspicious activity detected: ip_blocked
2025-06-29 10:12:11 - [INFO] user login
2025-06-29 10:38:59 - [WARNING] Suspicious activity detected: malware
2025-06-29 10:49:16 - [INFO] file downloaded
2025-06-29 10:50:15 - [WARNING] Suspicious activity detected: brute_force
2025-06-29 10:52:02 - [INFO] config updated
2025-06-29 11:04:18 - [INFO] backup completed
2025-06-29 11:13:39 - [INFO] file uploaded
2025-06-29 11:32:25 - [INFO] file downloaded
2025-06-29 11:32:36 - [WARNING] Suspicious activity detected: port_scan
2025-06-29 11:35:37 - [INFO] file uploaded
2025-06-29 11:38:03 - [INFO] backup completed
2025-06-29 11:43:05 - [WARNING] Suspicious activity detected: brute_force
2025-06-29 11:55:38 - [WARNING] Suspicious activity detected: sql_injection
2025-06-29 12:02:11 - [WARNING] Suspicious activity detected: intrusion
2025-06-29 12:07:22 - [INFO] file uploaded
2025-06-29 12:12:58 - [WARNING] Suspicious activity detected: intrusion
2025-06-29 12:17:09 - [WARNING] Suspicious activity detected: sql_injection
2025-06-29 12:19:33 - [INFO] file downloaded
2025-06-29 12:30:40 - [INFO] file uploaded
2025-06-29 12:32:00 - [INFO] user login
2025-06-29 12:36:21 - [INFO] backup completed
2025-06-29 12:41:15 - [INFO] system check passed
2025-06-29 12:41:47 - [INFO] system check passed
2025-06-29 12:51:01 - [WARNING] Suspicious activity detected: unauthorized_access
2025-06-29 12:52:02 - [INFO] email sent
2025-06-29 12:58:20 - [INFO] user login
2025-06-29 13:07:07 - [INFO] user login
2025-06-29 13:16:04 - [INFO] email sent
2025-06-29 13:21:20 - [INFO] file uploaded
2025-06-29 13:25:15 - [INFO] config updated
2025-06-29 13:25:23 - [INFO] file uploaded
2025-06-29 13:38:20 - [WARNING] Suspicious activity detected: intrusion
2025-06-29 13:38:28 - [INFO] config updated
2025-06-29 13:43:19 - [INFO] config updated
2025-06-29 13:46:04 - [INFO] system check passed
2025-06-29 13:49:44 - [INFO] backup completed
2025-06-29 13:59:29 - [INFO] file uploaded
2025-06-29 14:01:22 - [INFO] file uploaded
2025-06-29 14:11:08 - [WARNING] Suspicious activity detected: ip_blocked
2025-06-29 14:16:56 - [WARNING] Suspicious activity detected: brute_force
2025-06-29 14:20:30 - [WARNING] Suspicious activity detected: malware
2025-06-29 14:36:28 - [WARNING] Suspicious activity detected: intrusion
2025-06-29 14:49:18 - [INFO] file downloaded
2025-06-29 14:52:36 - [WARNING] Suspicious activity detected: unauthorized_access
2025-06-29 14:54:02 - [INFO] user login
2025-06-29 15:04:02 - [INFO] system check passed
2025-06-29 15:18:01 - [INFO] email sent
2025-06-29 15:21:08 - [WARNING] Suspicious activity detected: ip_blocked
2025-06-29 15:48:00 - [INFO] user login
2025-06-29 15:57:03 - [INFO] system check passed
2025-06-29 16:03:54 - [WARNING] Suspicious activity detected: ddos
2025-06-29 16:10:59 - [INFO] system check passed
2025-06-29 16:12:29 - [WARNING] Suspicious activity detected: intrusion
2025-06-29 16:16:30 - [WARNING] Suspicious activity detected: brute_force
2025-06-29 16:22:30 - [WARNING] Suspicious activity detected: brute_force
2025-06-29 16:24:24 - [WARNING] Suspicious activity detected: ddos
2025-06-29 16:45:07 - [INFO] backup completed
2025-06-29 16:53:19 - [INFO] system check passed
2025-06-29 16:57:40 - [WARNING] Suspicious activity detected: ip_blocked
2025-06-29 17:06:15 - [INFO] config updated
2025-06-29 17:18:49 - [INFO] system check passed
2025-06-29 17:19:54 - [INFO] user login
2025-06-29 17:25:45 - [INFO] file downloaded
2025-06-29 17:28:06 - [WARNING] Suspicious activity detected: unauthorized_access
2025-06-29 17:32:19 - [INFO] file downloaded
2025-06-29 17:41:54 - [INFO] backup completed
2025-06-29 17:54:23 - [INFO] file downloaded
2025-06-29 18:03:26 - [INFO] file downloaded
2025-06-29 18:20:23 - [INFO] email sent
2025-06-29 18:21:24 - [WARNING] Suspicious activity detected: port_scan
2025-06-29 18:27:01 - [INFO] file downloaded
2025-06-29 18:38:40 - [WARNING] Suspicious activity detected: ddos
2025-06-29 18:46:41 - [INFO] backup completed
2025-06-29 18:53:02 - [INFO] system check passed
2025-06-29 18:54:35 - [WARNING] Suspicious activity detected: brute_force
2025-06-29 18:55:02 - [WARNING] Suspicious activity detected: port_scan
2025-06-29 19:23:37 - [WARNING] Suspicious activity detected: ip_blocked
2025-06-29 19:25:51 - [INFO] file downloaded
2025-06-29 19:26:57 - [WARNING] Suspicious activity detected: sql_injection
2025-06-29 19:31:20 - [INFO] file downloaded
2025-06-29 19:37:15 - [INFO] user login
2025-06-29 19:39:18 - [INFO] config updated
2025-06-29 19:43:40 - [INFO] backup completed
2025-06-29 19:44:19 - [INFO] file uploaded
2025-06-29 19:54:14 - [WARNING] Suspicious activity detected: ip_blocked
2025-06-29 19:54:53 - [WARNING] Suspicious activity detected: intrusion
2025-06-29 20:11:01 - [INFO] system check passed
2025-06-29 20:16:36 - [INFO] config updated
2025-06-29 20:16:55 - [INFO] email sent
2025-06-29 20:20:52 - [INFO] backup completed
2025-06-29 20:21:06 - [INFO] system check passed
2025-06-29 20:24:32 - [INFO] file downloaded
2025-06-29 20:28:18 - [WARNING] Suspicious activity detected: unauthorized_access
2025-06-29 20:31:34 - [INFO] file uploaded
2025-06-29 20:35:28 - [WARNING] Suspicious activity detected: sql_injection
2025-06-29 20:35:42 - [WARNING] Suspicious activity detected: port_scan
2025-06-29 20:45:07 - [INFO] user login
2025-06-29 20:52:46 - [WARNING] Suspicious activity detected: intrusion
2025-06-29 21:03:46 - [INFO] email sent
2025-06-29 21:08:11 - [WARNING] Suspicious activity detected: brute_force
2025-06-29 21:09:29 - [WARNING] Suspicious activity detected: unauthorized_access
2025-06-29 21:18:01 - [INFO] system check passed
2025-06-29 21:25:39 - [INFO] file downloaded
2025-06-29 21:27:12 - [INFO] file downloaded
2025-06-29 21:31:56 - [INFO] file uploaded
2025-06-29 21:39:01 - [WARNING] Suspicious activity detected: sql_injection
2025-06-29 21:39:55 - [INFO] backup completed
2025-06-29 21:43:20 - [INFO] backup completed
2025-06-29 21:55:44 - [INFO] system check passed
2025-06-29 22:02:05 - [WARNING] Suspicious activity detected: ddos
2025-06-29 22:03:13 - [INFO] user login
2025-06-29 22:04:28 - [INFO] file downloaded
2025-06-29 22:06:30 - [WARNING] Suspicious activity detected: malware
2025-06-29 22:09:27 - [INFO] backup completed
2025-06-29 22:12:08 - [INFO] backup completed
2025-06-29 22:21:49 - [INFO] config updated
2025-06-29 22:29:44 - [INFO] backup completed
2025-06-29 22:30:38 - [INFO] email sent
2025-06-29 22:46:13 - [WARNING] Suspicious activity detected: ddos
2025-06-29 22:46:51 - [INFO] file downloaded
2025-06-29 22:54:03 - [WARNING] Suspicious activity detected: brute_force
2025-06-29 22:56:34 - [INFO] user login
2025-06-29 23:24:27 - [WARNING] Suspicious activity detected: sql_injection
2025-06-29 23:24:33 - [INFO] user login
2025-06-29 23:30:22 - [INFO] email sent
2025-06-29 23:37:45 - [WARNING] Suspicious activity detected: intrusion
2025-06-29 23:53:46 - [INFO] user login
2025-06-29 23:59:22 - [WARNING] Suspicious activity detected: malware