2025-05-07 00:04:08 - [WARNING] Suspicious activity detected: brute_force
2025-05-07 00:13:03 - [INFO] email sent
2025-05-07 00:18:32 - [WARNING] Suspicious activity detected: ddos
2025-05-07 00:23:19 - [WARNING] Suspicious activity detected: ip_blocked
2025-05-07 00:23:58 - [INFO] email sent
2025-05-07 00:27:59 - [WARNING] Suspicious activity detected: brute_force
2025-05-07 00:28:38 - [WARNING] Suspicious activity detected: unauthorized_access
2025-05-07 00:43:12 - [WARNING] Suspicious activity detected: intrusion
2025-05-07 00:43:36 - [INFO] file downloaded
2025-05-07 00:54:10 - [INFO] config updated
2025-05-07 00:54:35 - [WARNING] Suspicious activity detected: malware
2025-05-07 00:56:48 - [INFO] system check passed
2025-05-07 00:57:01 - [WARNING] Suspicious activity detected: ddos
2025-05-07 01:05:11 - [WARNING] Suspicious activity detected: ddos
2025-05-07 01:29:57 - [WARNING] Suspicious activity detected: ddos
2025-05-07 01:30:23 - [WARNING] Suspicious activity detected: sql_injection
2025-05-07 01:31:19 - [INFO] file downloaded
2025-05-07 01:34:36 - [WARNING] Suspicious activity detected: intrusion
2025-05-07 01:38:39 - [WARNING] Suspicious activity detected: unauthorized_access
2025-05-07 01:42:11 - [WARNING] Suspicious activity detected: intrusion
2025-05-07 01:47:42 - [INFO] system check passed
2025-05-07 02:06:44 - [INFO] file uploaded
2025-05-07 02:34:51 - [WARNING] Suspicious activity detected: brute_force
2025-05-07 02:42:08 - [INFO] email sent
2025-05-07 02:43:10 - [INFO] user login
2025-05-07 02:44:08 - [INFO] backup completed
2025-05-07 02:47:30 - [INFO] config updated
2025-05-07 02:54:14 - [WARNING] Suspicious activity detected: port_scan
2025-05-07 03:03:37 - [INFO] config updated
2025-05-07 03:10:28 - [INFO] email sent
2025-05-07 03:22:13 - [INFO] user login
2025-05-07 03:25:05 - [INFO] backup completed
2025-05-07 03:32:34 - [WARNING] Suspicious activity detected: ddos
2025-05-07 03:33:59 - [INFO] backup completed
2025-05-07 03:43:26 - [INFO] user login
2025-05-07 04:09:30 - [WARNING] Suspicious activity detected: sql_injection
2025-05-07 04:23:29 - [WARNING] Suspicious activity detected: port_scan
2025-05-07 04:30:02 - [INFO] file downloaded
2025-05-07 04:35:53 - [WARNING] Suspicious activity detected: brute_force
2025-05-07 04:42:09 - [INFO] backup completed
2025-05-07 04:46:38 - [INFO] file downloaded
2025-05-07 04:52:21 - [WARNING] Suspicious activity detected: ddos
2025-05-07 04:52:42 - [INFO] file uploaded
2025-05-07 05:05:58 - [INFO] user login
2025-05-07 05:12:40 - [WARNING] Suspicious activity detected: malware
2025-05-07 05:13:59 - [WARNING] Suspicious activity detected: sql_injection
2025-05-07 05:36:26 - [WARNING] Suspicious activity detected: intrusion
2025-05-07 05:37:03 - [INFO] user login
2025-05-07 05:51:07 - [INFO] config updated
2025-05-07 06:03:34 - [INFO] config updated
2025-05-07 06:17:03 - [WARNING] Suspicious activity detected: ip_blocked
2025-05-07 06:26:28 - [WARNING] Suspicious activity detected: port_scan
2025-05-07 06:34:24 - [INFO] file downloaded
2025-05-07 06:45:55 - [WARNING] Suspicious activity detected: sql_injection
2025-05-07 06:46:30 - [WARNING] Suspicious activity detected: unauthorized_access
2025-05-07 06:47:32 - [INFO] config updated
2025-05-07 06:49:00 - [INFO] email sent
2025-05-07 06:55:19 - [INFO] file uploaded
2025-05-07 06:55:20 - [INFO] user login
2025-05-07 07:07:25 - [INFO] email sent
2025-05-07 07:08:56 - [WARNING] Suspicious activity detected: port_scan
2025-05-07 07:10:48 - [INFO] config updated
2025-05-07 07:15:08 - [INFO] file uploaded
2025-05-07 07:15:57 - [INFO] file uploaded
2025-05-07 07:25:08 - [WARNING] Suspicious activity detected: port_scan
2025-05-07 07:28:08 - [INFO] backup completed
2025-05-07 07:34:25 - [WARNING] Suspicious activity detected: intrusion
2025-05-07 07:45:24 - [INFO] email sent
2025-05-07 07:49:15 - [WARNING] Suspicious activity detected: ddos
2025-05-07 07:51:11 - [INFO] config updated
2025-05-07 08:10:30 - [INFO] email sent
2025-05-07 08:16:22 - [INFO] user login
2025-05-07 08:25:51 - [INFO] backup completed
2025-05-07 08:34:54 - [WARNING] Suspicious activity detected: intrusion
2025-05-07 08:56:04 - [INFO] user login
2025-05-07 08:56:07 - [INFO] email sent
2025-05-07 08:59:23 - [INFO] file downloaded
2025-05-07 09:03:10 - [INFO] email sent
2025-05-07 09:18:46 - [WARNING] Suspicious activity detected: port_scan
2025-05-07 10:30:33 - [WARNING] Suspicious activity detected: sql_injection
2025-05-07 10:32:11 - [INFO] user login
2025-05-07 10:32:57 - [INFO] system check passed
2025-05-07 10:36:46 - [WARNING] Suspicious activity detected: malware
2025-05-07 10:50:02 - [WARNING] Suspicious activity detected: intrusion
2025-05-07 11:08:16 - [INFO] system check passed
2025-05-07 11:09:38 - [INFO] user login
2025-05-07 11:20:08 - [WARNING] Suspicious activity detected: ip_blocked
2025-05-07 11:23:58 - [INFO] backup completed
2025-05-07 11:26:54 - [INFO] file uploaded
2025-05-07 11:41:27 - [INFO] file downloaded
2025-05-07 11:44:49 - [INFO] user login
2025-05-07 12:06:38 - [INFO] file downloaded
2025-05-07 12:17:49 - [WARNING] Suspicious activity detected: unauthorized_access
2025-05-07 12:19:19 - [WARNING] Suspicious activity detected: port_scan
2025-05-07 12:32:48 - [WARNING] Suspicious activity detected: brute_force
2025-05-07 12:41:07 - [INFO] user login
2025-05-07 12:53:04 - [INFO] user login
2025-05-07 13:04:29 - [INFO] email sent
2025-05-07 13:09:04 - [INFO] config updated
2025-05-07 13:09:24 - [WARNING] Suspicious activity detected: sql_injection
2025-05-07 13:09:28 - [WARNING] Suspicious activity detected: sql_injection
2025-05-07 13:11:42 - [WARNING] Suspicious activity detected: brute_force
2025-05-07 13:15:51 - [INFO] config updated
2025-05-07 13:21:15 - [INFO] backup completed
2025-05-07 13:38:08 - [WARNING] Suspicious activity detected: ip_blocked
2025-05-07 13:59:23 - [WARNING] Suspicious activity detected: sql_injection
2025-05-07 14:00:39 - [INFO] file uploaded
2025-05-07 14:17:14 - [WARNING] Suspicious activity detected: unauthorized_access
2025-05-07 14:46:58 - [WARNING] Suspicious activity detected: ip_blocked
2025-05-07 14:53:01 - [INFO] email sent
2025-05-07 14:53:01 - [INFO] system check passed
2025-05-07 15:03:07 - [INFO] file uploaded
2025-05-07 15:07:13 - [INFO] user login
2025-05-07 15:27:20 - [INFO] backup completed
2025-05-07 15:28:59 - [WARNING] Suspicious activity detected: malware
2025-05-07 15:32:56 - [WARNING] Suspicious activity detected: ip_blocked
2025-05-07 15:33:07 - [INFO] email sent
2025-05-07 15:38:51 - [INFO] system check passed
2025-05-07 15:39:56 - [INFO] system check passed
2025-05-07 15:53:22 - [WARNING] Suspicious activity detected: ip_blocked
2025-05-07 15:57:30 - [WARNING] Suspicious activity detected: sql_injection
2025-05-07 16:30:03 - [WARNING] Suspicious activity detected: ddos
2025-05-07 16:30:32 - [WARNING] Suspicious activity detected: intrusion
2025-05-07 16:51:00 - [INFO] backup completed
2025-05-07 16:52:22 - [WARNING] Suspicious activity detected: unauthorized_access
2025-05-07 16:54:48 - [INFO] file uploaded
2025-05-07 17:06:10 - [INFO] backup completed
2025-05-07 17:12:37 - [INFO] config updated
2025-05-07 17:14:19 - [WARNING] Suspicious activity detected: brute_force
2025-05-07 17:32:08 - [INFO] file uploaded
2025-05-07 17:33:01 - [INFO] file downloaded
2025-05-07 17:36:52 - [INFO] file downloaded
2025-05-07 17:37:52 - [WARNING] Suspicious activity detected: brute_force
2025-05-07 17:46:24 - [INFO] config updated
2025-05-07 17:53:57 - [INFO] config updated
2025-05-07 18:07:56 - [WARNING] Suspicious activity detected: malware
2025-05-07 18:22:17 - [WARNING] Suspicious activity detected: malware
2025-05-07 18:39:14 - [WARNING] Suspicious activity detected: port_scan
2025-05-07 18:39:15 - [INFO] backup completed
2025-05-07 18:48:12 - [WARNING] Suspicious activity detected: sql_injection
2025-05-07 18:52:25 - [WARNING] Suspicious activity detected: intrusion
2025-05-07 19:04:26 - [INFO] config updated
2025-05-07 19:04:40 - [WARNING] Suspicious activity detected: sql_injection
2025-05-07 19:06:18 - [INFO] config updated
2025-05-07 19:16:39 - [INFO] user login
2025-05-07 19:22:05 - [INFO] file uploaded
2025-05-07 19:23:43 - [WARNING] Suspicious activity detected: ddos
2025-05-07 19:38:11 - [INFO] config updated
2025-05-07 19:47:29 - [WARNING] Suspicious activity detected: brute_force
2025-05-07 19:55:10 - [INFO] config updated
2025-05-07 20:00:12 - [INFO] file downloaded
2025-05-07 20:21:55 - [WARNING] Suspicious activity detected: ddos
2025-05-07 20:25:13 - [WARNING] Suspicious activity detected: brute_force
2025-05-07 20:26:50 - [INFO] file downloaded
2025-05-07 20:31:04 - [INFO] backup completed
2025-05-07 20:52:12 - [WARNING] Suspicious activity detected: intrusion
2025-05-07 20:55:55 - [INFO] user login
2025-05-07 20:58:22 - [INFO] config updated
2025-05-07 21:05:05 - [INFO] file downloaded
2025-05-07 21:08:04 - [INFO] file downloaded
2025-05-07 21:16:07 - [INFO] config updated
2025-05-07 21:19:32 - [WARNING] Suspicious activity detected: ip_blocked
2025-05-07 21:19:41 - [INFO] email sent
2025-05-07 21:23:25 - [INFO] file uploaded
2025-05-07 21:25:47 - [WARNING] Suspicious activity detected: ip_blocked
2025-05-07 21:42:07 - [INFO] backup completed
2025-05-07 21:42:24 - [WARNING] Suspicious activity detected: ip_blocked
2025-05-07 22:10:12 - [INFO] file uploaded
2025-05-07 22:20:32 - [INFO] system check passed
2025-05-07 22:25:28 - [WARNING] Suspicious activity detected: intrusion
2025-05-07 22:36:59 - [WARNING] Suspicious activity detected: malware
2025-05-07 22:37:18 - [WARNING] Suspicious activity detected: intrusion
2025-05-07 22:40:00 - [INFO] email sent
2025-05-07 22:59:32 - [INFO] system check passed
2025-05-07 23:13:42 - [INFO] config updated
2025-05-07 23:24:18 - [INFO] file downloaded
2025-05-07 23:25:06 - [INFO] file uploaded
2025-05-07 23:29:35 - [INFO] config updated