2025-03-17 00:05:37 - [INFO] file uploaded
2025-03-17 00:05:44 - [INFO] email sent
2025-03-17 00:16:04 - [INFO] config updated
2025-03-17 00:28:24 - [INFO] config updated
2025-03-17 00:29:51 - [INFO] user login
2025-03-17 00:33:50 - [WARNING] Suspicious activity detected: ip_blocked
2025-03-17 00:43:28 - [INFO] file uploaded
2025-03-17 00:50:40 - [INFO] file uploaded
2025-03-17 00:54:53 - [INFO] config updated
2025-03-17 00:56:00 - [WARNING] Suspicious activity detected: malware
2025-03-17 01:09:01 - [INFO] file downloaded
2025-03-17 01:10:23 - [WARNING] Suspicious activity detected: malware
2025-03-17 01:15:04 - [INFO] user login
2025-03-17 01:23:38 - [INFO] email sent
2025-03-17 01:30:38 - [INFO] backup completed
2025-03-17 01:44:39 - [WARNING] Suspicious activity detected: port_scan
2025-03-17 01:45:35 - [INFO] system check passed
2025-03-17 01:46:44 - [INFO] config updated
2025-03-17 01:47:15 - [INFO] user login
2025-03-17 01:53:21 - [INFO] file downloaded
2025-03-17 02:25:10 - [INFO] file downloaded
2025-03-17 02:29:36 - [INFO] file uploaded
2025-03-17 02:42:44 - [INFO] email sent
2025-03-17 02:54:51 - [WARNING] Suspicious activity detected: ddos
2025-03-17 03:18:39 - [INFO] email sent
2025-03-17 03:24:38 - [INFO] user login
2025-03-17 03:28:27 - [WARNING] Suspicious activity detected: intrusion
2025-03-17 03:40:02 - [WARNING] Suspicious activity detected: ddos
2025-03-17 03:47:20 - [INFO] email sent
2025-03-17 04:01:51 - [INFO] file uploaded
2025-03-17 04:17:31 - [INFO] user login
2025-03-17 04:21:36 - [WARNING] Suspicious activity detected: ddos
2025-03-17 04:33:40 - [INFO] config updated
2025-03-17 04:54:34 - [WARNING] Suspicious activity detected: intrusion
2025-03-17 05:33:32 - [INFO] file downloaded
2025-03-17 05:38:24 - [INFO] backup completed
2025-03-17 05:44:15 - [WARNING] Suspicious activity detected: port_scan
2025-03-17 05:48:49 - [INFO] file downloaded
2025-03-17 05:53:47 - [INFO] file downloaded
2025-03-17 06:10:27 - [INFO] email sent
2025-03-17 06:15:52 - [WARNING] Suspicious activity detected: ip_blocked
2025-03-17 06:28:33 - [WARNING] Suspicious activity detected: brute_force
2025-03-17 06:35:43 - [INFO] file uploaded
2025-03-17 06:44:23 - [INFO] user login
2025-03-17 07:04:42 - [INFO] system check passed
2025-03-17 07:29:03 - [INFO] file uploaded
2025-03-17 07:30:03 - [INFO] config updated
2025-03-17 07:30:25 - [WARNING] Suspicious activity detected: intrusion
2025-03-17 07:36:52 - [INFO] config updated
2025-03-17 07:51:22 - [INFO] file downloaded
2025-03-17 07:56:05 - [INFO] backup completed
2025-03-17 08:02:22 - [WARNING] Suspicious activity detected: intrusion
2025-03-17 08:15:50 - [INFO] config updated
2025-03-17 08:34:11 - [INFO] config updated
2025-03-17 08:36:12 - [INFO] user login
2025-03-17 08:43:19 - [WARNING] Suspicious activity detected: port_scan
2025-03-17 08:50:28 - [WARNING] Suspicious activity detected: intrusion
2025-03-17 08:53:55 - [INFO] file uploaded
2025-03-17 09:17:24 - [WARNING] Suspicious activity detected: unauthorized_access
2025-03-17 09:23:48 - [WARNING] Suspicious activity detected: sql_injection
2025-03-17 09:26:57 - [INFO] file downloaded
2025-03-17 09:28:27 - [WARNING] Suspicious activity detected: intrusion
2025-03-17 09:33:58 - [WARNING] Suspicious activity detected: malware
2025-03-17 10:15:17 - [WARNING] Suspicious activity detected: sql_injection
2025-03-17 10:36:07 - [WARNING] Suspicious activity detected: brute_force
2025-03-17 10:46:21 - [WARNING] Suspicious activity detected: intrusion
2025-03-17 11:06:05 - [INFO] config updated
2025-03-17 11:07:36 - [WARNING] Suspicious activity detected: port_scan
2025-03-17 11:10:24 - [WARNING] Suspicious activity detected: malware
2025-03-17 11:13:57 - [INFO] user login
2025-03-17 11:14:30 - [INFO] email sent
2025-03-17 11:23:18 - [WARNING] Suspicious activity detected: malware
2025-03-17 11:24:40 - [WARNING] Suspicious activity detected: ddos
2025-03-17 11:25:28 - [INFO] backup completed
2025-03-17 11:27:39 - [INFO] email sent
2025-03-17 11:47:01 - [WARNING] Suspicious activity detected: port_scan
2025-03-17 12:01:15 - [INFO] email sent
2025-03-17 12:06:26 - [WARNING] Suspicious activity detected: malware
2025-03-17 12:15:30 - [INFO] config updated
2025-03-17 12:15:56 - [WARNING] Suspicious activity detected: sql_injection
2025-03-17 12:21:54 - [WARNING] Suspicious activity detected: malware
2025-03-17 12:36:20 - [INFO] config updated
2025-03-17 12:51:06 - [INFO] email sent
2025-03-17 12:53:48 - [WARNING] Suspicious activity detected: unauthorized_access
2025-03-17 13:18:36 - [INFO] user login
2025-03-17 13:23:28 - [INFO] system check passed
2025-03-17 13:27:44 - [WARNING] Suspicious activity detected: unauthorized_access
2025-03-17 13:36:55 - [INFO] config updated
2025-03-17 13:43:27 - [INFO] config updated
2025-03-17 13:48:54 - [WARNING] Suspicious activity detected: intrusion
2025-03-17 13:51:16 - [WARNING] Suspicious activity detected: intrusion
2025-03-17 13:51:39 - [INFO] system check passed
2025-03-17 13:58:22 - [INFO] system check passed
2025-03-17 14:09:25 - [INFO] system check passed
2025-03-17 14:23:26 - [INFO] user login
2025-03-17 14:27:43 - [INFO] file downloaded
2025-03-17 14:40:08 - [WARNING] Suspicious activity detected: malware
2025-03-17 14:43:33 - [INFO] file downloaded
2025-03-17 14:51:20 - [WARNING] Suspicious activity detected: sql_injection
2025-03-17 14:59:03 - [WARNING] Suspicious activity detected: sql_injection
2025-03-17 15:02:42 - [WARNING] Suspicious activity detected: malware
2025-03-17 15:15:19 - [INFO] config updated
2025-03-17 15:16:58 - [WARNING] Suspicious activity detected: malware
2025-03-17 15:19:14 - [INFO] file uploaded
2025-03-17 15:37:56 - [INFO] file uploaded
2025-03-17 15:42:02 - [INFO] user login
2025-03-17 15:50:08 - [INFO] config updated
2025-03-17 15:50:34 - [INFO] email sent
2025-03-17 15:51:11 - [INFO] file downloaded
2025-03-17 15:58:52 - [WARNING] Suspicious activity detected: port_scan
2025-03-17 15:59:45 - [WARNING] Suspicious activity detected: sql_injection
2025-03-17 15:59:46 - [INFO] email sent
2025-03-17 16:03:30 - [INFO] system check passed
2025-03-17 16:04:12 - [INFO] file uploaded
2025-03-17 16:09:13 - [INFO] user login
2025-03-17 16:27:28 - [INFO] file uploaded
2025-03-17 16:31:30 - [INFO] file downloaded
2025-03-17 16:36:53 - [INFO] file downloaded
2025-03-17 16:56:35 - [INFO] email sent
2025-03-17 16:57:49 - [WARNING] Suspicious activity detected: port_scan
2025-03-17 17:01:41 - [WARNING] Suspicious activity detected: intrusion
2025-03-17 17:09:35 - [INFO] email sent
2025-03-17 17:29:07 - [WARNING] Suspicious activity detected: unauthorized_access
2025-03-17 17:40:49 - [INFO] file downloaded
2025-03-17 18:01:09 - [INFO] file uploaded
2025-03-17 18:04:08 - [INFO] system check passed
2025-03-17 18:05:45 - [WARNING] Suspicious activity detected: malware
2025-03-17 18:07:24 - [INFO] file uploaded
2025-03-17 18:07:38 - [WARNING] Suspicious activity detected: ddos
2025-03-17 18:16:09 - [INFO] file uploaded
2025-03-17 18:29:25 - [WARNING] Suspicious activity detected: intrusion
2025-03-17 18:29:47 - [WARNING] Suspicious activity detected: ip_blocked
2025-03-17 18:57:21 - [INFO] file uploaded
2025-03-17 18:59:18 - [INFO] backup completed
2025-03-17 19:05:03 - [INFO] file downloaded
2025-03-17 19:05:51 - [INFO] file uploaded
2025-03-17 19:11:22 - [INFO] user login
2025-03-17 19:18:02 - [WARNING] Suspicious activity detected: ip_blocked
2025-03-17 19:18:06 - [INFO] system check passed
2025-03-17 19:38:09 - [INFO] file downloaded
2025-03-17 19:39:07 - [INFO] user login
2025-03-17 19:50:24 - [INFO] file downloaded
2025-03-17 19:52:51 - [INFO] file downloaded
2025-03-17 19:57:06 - [INFO] file downloaded
2025-03-17 20:23:54 - [WARNING] Suspicious activity detected: unauthorized_access
2025-03-17 20:40:19 - [INFO] config updated
2025-03-17 20:44:11 - [INFO] system check passed
2025-03-17 20:47:18 - [WARNING] Suspicious activity detected: intrusion
2025-03-17 21:05:01 - [INFO] user login
2025-03-17 21:17:30 - [WARNING] Suspicious activity detected: intrusion
2025-03-17 21:27:37 - [INFO] file downloaded
2025-03-17 21:34:14 - [WARNING] Suspicious activity detected: sql_injection
2025-03-17 21:36:40 - [INFO] file downloaded
2025-03-17 21:47:56 - [INFO] file downloaded
2025-03-17 22:17:11 - [WARNING] Suspicious activity detected: brute_force
2025-03-17 22:29:48 - [INFO] config updated
2025-03-17 22:32:15 - [INFO] config updated
2025-03-17 22:49:09 - [INFO] email sent
2025-03-17 22:57:21 - [WARNING] Suspicious activity detected: brute_force
2025-03-17 23:11:55 - [INFO] email sent
2025-03-17 23:19:52 - [INFO] config updated
2025-03-17 23:20:32 - [INFO] file downloaded
2025-03-17 23:30:22 - [INFO] backup completed
2025-03-17 23:32:56 - [INFO] config updated
2025-03-17 23:35:17 - [WARNING] Suspicious activity detected: ip_blocked
2025-03-17 23:42:24 - [WARNING] Suspicious activity detected: ddos
2025-03-17 23:43:43 - [WARNING] Suspicious activity detected: malware
2025-03-17 23:50:13 - [WARNING] Suspicious activity detected: unauthorized_access
2025-03-17 23:56:41 - [INFO] email sent