2025-03-08 00:01:16 - [INFO] user login
2025-03-08 00:17:03 - [INFO] system check passed
2025-03-08 00:24:28 - [INFO] file downloaded
2025-03-08 00:29:01 - [INFO] file uploaded
2025-03-08 00:40:38 - [INFO] file uploaded
2025-03-08 01:07:57 - [INFO] config updated
2025-03-08 01:08:24 - [INFO] system check passed
2025-03-08 01:10:14 - [INFO] config updated
2025-03-08 01:18:06 - [INFO] config updated
2025-03-08 01:23:37 - [WARNING] Suspicious activity detected: ddos
2025-03-08 01:28:00 - [INFO] user login
2025-03-08 01:32:22 - [WARNING] Suspicious activity detected: ddos
2025-03-08 01:32:52 - [INFO] file downloaded
2025-03-08 01:42:11 - [INFO] config updated
2025-03-08 01:59:03 - [WARNING] Suspicious activity detected: port_scan
2025-03-08 02:03:05 - [WARNING] Suspicious activity detected: malware
2025-03-08 02:04:33 - [INFO] system check passed
2025-03-08 02:14:30 - [INFO] system check passed
2025-03-08 02:19:41 - [INFO] system check passed
2025-03-08 02:26:02 - [WARNING] Suspicious activity detected: brute_force
2025-03-08 02:32:37 - [INFO] email sent
2025-03-08 02:42:31 - [WARNING] Suspicious activity detected: ip_blocked
2025-03-08 02:45:22 - [WARNING] Suspicious activity detected: ip_blocked
2025-03-08 02:54:49 - [WARNING] Suspicious activity detected: malware
2025-03-08 03:06:57 - [WARNING] Suspicious activity detected: sql_injection
2025-03-08 03:33:01 - [WARNING] Suspicious activity detected: sql_injection
2025-03-08 03:39:21 - [INFO] backup completed
2025-03-08 03:47:52 - [INFO] file downloaded
2025-03-08 03:59:11 - [WARNING] Suspicious activity detected: brute_force
2025-03-08 04:03:52 - [WARNING] Suspicious activity detected: ddos
2025-03-08 04:12:44 - [INFO] file uploaded
2025-03-08 04:15:52 - [INFO] system check passed
2025-03-08 04:16:25 - [WARNING] Suspicious activity detected: brute_force
2025-03-08 04:18:09 - [INFO] email sent
2025-03-08 04:23:02 - [WARNING] Suspicious activity detected: intrusion
2025-03-08 04:24:10 - [WARNING] Suspicious activity detected: sql_injection
2025-03-08 04:33:22 - [WARNING] Suspicious activity detected: unauthorized_access
2025-03-08 04:51:50 - [INFO] email sent
2025-03-08 04:51:54 - [WARNING] Suspicious activity detected: port_scan
2025-03-08 04:56:56 - [INFO] backup completed
2025-03-08 05:15:45 - [WARNING] Suspicious activity detected: unauthorized_access
2025-03-08 05:22:10 - [INFO] config updated
2025-03-08 05:23:34 - [INFO] file uploaded
2025-03-08 05:33:45 - [WARNING] Suspicious activity detected: ip_blocked
2025-03-08 05:54:10 - [WARNING] Suspicious activity detected: intrusion
2025-03-08 06:15:52 - [INFO] user login
2025-03-08 06:16:57 - [INFO] system check passed
2025-03-08 06:22:19 - [WARNING] Suspicious activity detected: intrusion
2025-03-08 06:23:43 - [INFO] config updated
2025-03-08 06:36:20 - [INFO] file downloaded
2025-03-08 06:41:56 - [INFO] user login
2025-03-08 06:43:38 - [INFO] backup completed
2025-03-08 07:13:16 - [INFO] email sent
2025-03-08 07:27:31 - [INFO] file uploaded
2025-03-08 07:36:03 - [WARNING] Suspicious activity detected: ddos
2025-03-08 08:22:37 - [WARNING] Suspicious activity detected: malware
2025-03-08 08:35:51 - [WARNING] Suspicious activity detected: ip_blocked
2025-03-08 08:42:08 - [INFO] email sent
2025-03-08 08:47:44 - [WARNING] Suspicious activity detected: malware
2025-03-08 08:48:03 - [WARNING] Suspicious activity detected: sql_injection
2025-03-08 09:05:17 - [WARNING] Suspicious activity detected: malware
2025-03-08 09:18:05 - [INFO] system check passed
2025-03-08 09:22:22 - [INFO] file downloaded
2025-03-08 09:24:28 - [INFO] user login
2025-03-08 09:35:15 - [INFO] config updated
2025-03-08 09:52:32 - [INFO] email sent
2025-03-08 10:00:08 - [WARNING] Suspicious activity detected: ddos
2025-03-08 10:00:49 - [WARNING] Suspicious activity detected: malware
2025-03-08 10:04:10 - [WARNING] Suspicious activity detected: sql_injection
2025-03-08 10:10:39 - [INFO] file downloaded
2025-03-08 10:10:51 - [WARNING] Suspicious activity detected: malware
2025-03-08 10:14:53 - [INFO] config updated
2025-03-08 10:21:47 - [INFO] backup completed
2025-03-08 10:25:23 - [WARNING] Suspicious activity detected: ddos
2025-03-08 10:31:30 - [WARNING] Suspicious activity detected: intrusion
2025-03-08 10:36:45 - [INFO] user login
2025-03-08 10:39:56 - [INFO] user login
2025-03-08 10:48:29 - [INFO] email sent
2025-03-08 10:51:27 - [WARNING] Suspicious activity detected: brute_force
2025-03-08 10:52:47 - [WARNING] Suspicious activity detected: malware
2025-03-08 10:54:05 - [WARNING] Suspicious activity detected: sql_injection
2025-03-08 10:56:10 - [WARNING] Suspicious activity detected: ddos
2025-03-08 11:09:01 - [INFO] email sent
2025-03-08 11:10:19 - [INFO] backup completed
2025-03-08 11:32:39 - [INFO] file uploaded
2025-03-08 12:01:58 - [WARNING] Suspicious activity detected: intrusion
2025-03-08 12:03:15 - [INFO] file uploaded
2025-03-08 12:16:01 - [INFO] email sent
2025-03-08 12:19:53 - [WARNING] Suspicious activity detected: malware
2025-03-08 12:21:00 - [WARNING] Suspicious activity detected: unauthorized_access
2025-03-08 12:28:27 - [WARNING] Suspicious activity detected: brute_force
2025-03-08 12:42:18 - [INFO] file downloaded
2025-03-08 13:04:19 - [INFO] file uploaded
2025-03-08 13:10:06 - [INFO] email sent
2025-03-08 13:16:49 - [INFO] file downloaded
2025-03-08 13:29:50 - [WARNING] Suspicious activity detected: brute_force
2025-03-08 14:05:22 - [WARNING] Suspicious activity detected: brute_force
2025-03-08 14:09:33 - [INFO] file uploaded
2025-03-08 14:15:03 - [INFO] file uploaded
2025-03-08 14:15:54 - [INFO] email sent
2025-03-08 14:20:42 - [WARNING] Suspicious activity detected: intrusion
2025-03-08 14:29:49 - [INFO] user login
2025-03-08 14:30:57 - [INFO] config updated
2025-03-08 14:46:57 - [WARNING] Suspicious activity detected: unauthorized_access
2025-03-08 14:57:14 - [WARNING] Suspicious activity detected: intrusion
2025-03-08 15:10:35 - [WARNING] Suspicious activity detected: unauthorized_access
2025-03-08 15:19:46 - [WARNING] Suspicious activity detected: port_scan
2025-03-08 15:24:45 - [INFO] file uploaded
2025-03-08 15:29:50 - [INFO] email sent
2025-03-08 15:33:31 - [INFO] file uploaded
2025-03-08 15:38:43 - [INFO] file downloaded
2025-03-08 15:46:46 - [INFO] email sent
2025-03-08 15:56:00 - [INFO] backup completed
2025-03-08 16:14:40 - [WARNING] Suspicious activity detected: sql_injection
2025-03-08 16:56:16 - [WARNING] Suspicious activity detected: sql_injection
2025-03-08 16:58:31 - [WARNING] Suspicious activity detected: brute_force
2025-03-08 17:03:46 - [INFO] file uploaded
2025-03-08 17:16:33 - [INFO] backup completed
2025-03-08 17:16:48 - [INFO] user login
2025-03-08 17:21:04 - [INFO] config updated
2025-03-08 17:23:21 - [INFO] file downloaded
2025-03-08 17:25:56 - [WARNING] Suspicious activity detected: port_scan
2025-03-08 17:38:57 - [INFO] user login
2025-03-08 17:39:46 - [INFO] backup completed
2025-03-08 18:04:47 - [INFO] config updated
2025-03-08 18:14:01 - [WARNING] Suspicious activity detected: ip_blocked
2025-03-08 18:15:59 - [INFO] email sent
2025-03-08 18:18:03 - [INFO] email sent
2025-03-08 18:20:52 - [INFO] email sent
2025-03-08 18:42:56 - [INFO] backup completed
2025-03-08 18:47:20 - [INFO] email sent
2025-03-08 18:48:40 - [WARNING] Suspicious activity detected: sql_injection
2025-03-08 19:04:30 - [INFO] user login
2025-03-08 19:17:36 - [WARNING] Suspicious activity detected: unauthorized_access
2025-03-08 19:17:46 - [WARNING] Suspicious activity detected: port_scan
2025-03-08 19:22:05 - [INFO] email sent
2025-03-08 19:25:31 - [WARNING] Suspicious activity detected: malware
2025-03-08 19:25:48 - [WARNING] Suspicious activity detected: unauthorized_access
2025-03-08 19:38:52 - [WARNING] Suspicious activity detected: intrusion
2025-03-08 19:40:24 - [WARNING] Suspicious activity detected: unauthorized_access
2025-03-08 19:57:53 - [INFO] file uploaded
2025-03-08 20:15:30 - [WARNING] Suspicious activity detected: intrusion
2025-03-08 20:19:15 - [INFO] email sent
2025-03-08 20:21:57 - [INFO] user login
2025-03-08 20:24:57 - [INFO] file downloaded
2025-03-08 20:30:14 - [WARNING] Suspicious activity detected: intrusion
2025-03-08 20:51:55 - [INFO] email sent
2025-03-08 21:13:44 - [INFO] system check passed
2025-03-08 21:33:21 - [WARNING] Suspicious activity detected: malware
2025-03-08 21:46:21 - [INFO] system check passed
2025-03-08 21:52:38 - [WARNING] Suspicious activity detected: ddos
2025-03-08 21:55:37 - [WARNING] Suspicious activity detected: brute_force
2025-03-08 21:58:04 - [INFO] user login
2025-03-08 21:59:23 - [WARNING] Suspicious activity detected: ip_blocked
2025-03-08 22:00:54 - [WARNING] Suspicious activity detected: unauthorized_access
2025-03-08 22:01:03 - [INFO] backup completed
2025-03-08 22:06:20 - [INFO] config updated
2025-03-08 22:16:12 - [INFO] file downloaded
2025-03-08 22:19:42 - [INFO] user login
2025-03-08 22:27:13 - [WARNING] Suspicious activity detected: intrusion
2025-03-08 22:37:17 - [INFO] file downloaded
2025-03-08 22:37:19 - [INFO] backup completed
2025-03-08 22:48:38 - [WARNING] Suspicious activity detected: sql_injection
2025-03-08 22:56:53 - [INFO] system check passed
2025-03-08 23:08:58 - [INFO] system check passed
2025-03-08 23:27:47 - [INFO] file uploaded
2025-03-08 23:33:24 - [INFO] email sent
2025-03-08 23:37:21 - [WARNING] Suspicious activity detected: brute_force
2025-03-08 23:38:45 - [WARNING] Suspicious activity detected: malware
2025-03-08 23:46:07 - [INFO] user login
2025-03-08 23:51:43 - [INFO] file uploaded
2025-03-08 23:58:47 - [WARNING] Suspicious activity detected: sql_injection
2025-03-08 23:59:39 - [INFO] config updated