2025-07-10 00:03:55 - [INFO] backup completed
2025-07-10 00:07:41 - [INFO] system check passed
2025-07-10 00:08:46 - [INFO] system check passed
2025-07-10 00:20:46 - [INFO] system check passed
2025-07-10 00:20:58 - [INFO] system check passed
2025-07-10 00:22:21 - [INFO] user login
2025-07-10 00:25:41 - [INFO] file downloaded
2025-07-10 00:31:14 - [INFO] file uploaded
2025-07-10 00:35:33 - [INFO] config updated
2025-07-10 00:37:13 - [INFO] email sent
2025-07-10 00:50:10 - [WARNING] Suspicious activity detected: ddos
2025-07-10 00:54:43 - [INFO] system check passed
2025-07-10 01:03:27 - [INFO] backup completed
2025-07-10 01:45:21 - [INFO] email sent
2025-07-10 01:56:31 - [INFO] backup completed
2025-07-10 01:58:29 - [INFO] backup completed
2025-07-10 02:06:35 - [INFO] config updated
2025-07-10 02:10:13 - [INFO] config updated
2025-07-10 02:11:42 - [INFO] user login
2025-07-10 02:14:16 - [INFO] user login
2025-07-10 02:27:34 - [INFO] email sent
2025-07-10 02:31:36 - [WARNING] Suspicious activity detected: sql_injection
2025-07-10 02:32:40 - [INFO] system check passed
2025-07-10 02:33:09 - [INFO] file uploaded
2025-07-10 02:45:33 - [INFO] backup completed
2025-07-10 02:52:02 - [INFO] config updated
2025-07-10 03:19:13 - [WARNING] Suspicious activity detected: brute_force
2025-07-10 03:52:11 - [INFO] system check passed
2025-07-10 03:54:56 - [INFO] file uploaded
2025-07-10 04:10:15 - [WARNING] Suspicious activity detected: malware
2025-07-10 04:10:16 - [INFO] backup completed
2025-07-10 04:11:47 - [INFO] backup completed
2025-07-10 04:28:29 - [WARNING] Suspicious activity detected: ip_blocked
2025-07-10 04:30:07 - [INFO] system check passed
2025-07-10 04:34:56 - [INFO] backup completed
2025-07-10 04:40:24 - [INFO] file downloaded
2025-07-10 04:47:57 - [WARNING] Suspicious activity detected: unauthorized_access
2025-07-10 05:10:43 - [INFO] backup completed
2025-07-10 05:12:07 - [INFO] system check passed
2025-07-10 05:19:24 - [INFO] backup completed
2025-07-10 05:23:17 - [INFO] file uploaded
2025-07-10 05:23:23 - [INFO] file uploaded
2025-07-10 05:28:09 - [INFO] system check passed
2025-07-10 05:30:07 - [INFO] backup completed
2025-07-10 05:38:44 - [INFO] system check passed
2025-07-10 05:43:34 - [INFO] user login
2025-07-10 05:44:50 - [INFO] config updated
2025-07-10 06:02:46 - [INFO] user login
2025-07-10 06:12:37 - [WARNING] Suspicious activity detected: intrusion
2025-07-10 06:13:27 - [INFO] system check passed
2025-07-10 06:24:13 - [INFO] config updated
2025-07-10 06:27:20 - [INFO] user login
2025-07-10 06:36:16 - [INFO] user login
2025-07-10 06:37:39 - [INFO] file uploaded
2025-07-10 06:37:53 - [INFO] config updated
2025-07-10 06:43:55 - [INFO] user login
2025-07-10 07:09:18 - [INFO] file downloaded
2025-07-10 07:10:53 - [INFO] file uploaded
2025-07-10 07:12:38 - [INFO] user login
2025-07-10 07:18:52 - [WARNING] Suspicious activity detected: ip_blocked
2025-07-10 07:21:49 - [WARNING] Suspicious activity detected: malware
2025-07-10 07:23:17 - [INFO] file downloaded
2025-07-10 07:27:20 - [INFO] file downloaded
2025-07-10 07:27:52 - [WARNING] Suspicious activity detected: intrusion
2025-07-10 07:32:57 - [INFO] user login
2025-07-10 07:33:53 - [INFO] email sent
2025-07-10 07:34:11 - [WARNING] Suspicious activity detected: unauthorized_access
2025-07-10 07:36:22 - [INFO] file downloaded
2025-07-10 07:40:36 - [INFO] file uploaded
2025-07-10 08:07:17 - [WARNING] Suspicious activity detected: port_scan
2025-07-10 08:12:53 - [WARNING] Suspicious activity detected: intrusion
2025-07-10 08:15:14 - [INFO] config updated
2025-07-10 08:20:03 - [WARNING] Suspicious activity detected: intrusion
2025-07-10 08:23:48 - [INFO] backup completed
2025-07-10 08:33:54 - [INFO] system check passed
2025-07-10 08:44:56 - [INFO] system check passed
2025-07-10 08:49:22 - [INFO] user login
2025-07-10 08:54:34 - [WARNING] Suspicious activity detected: brute_force
2025-07-10 08:55:50 - [INFO] config updated
2025-07-10 09:02:33 - [INFO] system check passed
2025-07-10 09:09:57 - [WARNING] Suspicious activity detected: ip_blocked
2025-07-10 09:12:35 - [INFO] file downloaded
2025-07-10 09:12:47 - [INFO] user login
2025-07-10 09:23:08 - [INFO] email sent
2025-07-10 09:24:48 - [INFO] file uploaded
2025-07-10 09:25:40 - [INFO] email sent
2025-07-10 09:36:09 - [INFO] file uploaded
2025-07-10 09:37:47 - [INFO] file downloaded
2025-07-10 09:41:18 - [INFO] user login
2025-07-10 09:47:36 - [INFO] system check passed
2025-07-10 09:51:25 - [WARNING] Suspicious activity detected: ip_blocked
2025-07-10 09:52:12 - [WARNING] Suspicious activity detected: intrusion
2025-07-10 09:57:46 - [WARNING] Suspicious activity detected: brute_force
2025-07-10 10:12:24 - [INFO] file downloaded
2025-07-10 10:12:57 - [INFO] file uploaded
2025-07-10 10:21:34 - [INFO] system check passed
2025-07-10 10:26:48 - [INFO] file downloaded
2025-07-10 10:29:07 - [INFO] user login
2025-07-10 10:35:47 - [INFO] system check passed
2025-07-10 10:47:02 - [INFO] backup completed
2025-07-10 10:59:10 - [WARNING] Suspicious activity detected: unauthorized_access
2025-07-10 11:05:16 - [INFO] user login
2025-07-10 11:15:16 - [INFO] user login
2025-07-10 11:36:47 - [INFO] file uploaded
2025-07-10 11:38:05 - [WARNING] Suspicious activity detected: intrusion
2025-07-10 11:45:19 - [WARNING] Suspicious activity detected: unauthorized_access
2025-07-10 11:47:58 - [INFO] config updated
2025-07-10 12:01:43 - [INFO] email sent
2025-07-10 12:10:05 - [WARNING] Suspicious activity detected: sql_injection
2025-07-10 12:11:58 - [INFO] config updated
2025-07-10 12:20:41 - [INFO] email sent
2025-07-10 12:24:48 - [WARNING] Suspicious activity detected: sql_injection
2025-07-10 12:28:10 - [INFO] file downloaded
2025-07-10 12:31:18 - [WARNING] Suspicious activity detected: intrusion
2025-07-10 12:33:17 - [INFO] file uploaded
2025-07-10 12:39:04 - [WARNING] Suspicious activity detected: malware
2025-07-10 12:45:06 - [WARNING] Suspicious activity detected: sql_injection
2025-07-10 12:47:25 - [INFO] backup completed
2025-07-10 12:51:10 - [INFO] system check passed
2025-07-10 12:54:12 - [INFO] email sent
2025-07-10 13:04:00 - [INFO] backup completed
2025-07-10 13:05:48 - [WARNING] Suspicious activity detected: sql_injection
2025-07-10 13:09:13 - [INFO] backup completed
2025-07-10 13:11:49 - [INFO] config updated
2025-07-10 13:16:00 - [INFO] file downloaded
2025-07-10 13:18:02 - [INFO] email sent
2025-07-10 13:21:38 - [INFO] backup completed
2025-07-10 13:23:40 - [INFO] email sent
2025-07-10 13:26:49 - [INFO] system check passed
2025-07-10 13:28:36 - [INFO] user login
2025-07-10 13:31:12 - [INFO] config updated
2025-07-10 13:35:28 - [INFO] backup completed
2025-07-10 13:49:54 - [WARNING] Suspicious activity detected: malware
2025-07-10 13:55:50 - [INFO] system check passed
2025-07-10 14:01:30 - [INFO] system check passed
2025-07-10 14:02:18 - [WARNING] Suspicious activity detected: brute_force
2025-07-10 14:26:02 - [INFO] file uploaded
2025-07-10 14:27:42 - [INFO] file downloaded
2025-07-10 14:29:09 - [WARNING] Suspicious activity detected: unauthorized_access
2025-07-10 14:30:38 - [INFO] email sent
2025-07-10 14:45:08 - [WARNING] Suspicious activity detected: port_scan
2025-07-10 14:46:30 - [INFO] backup completed
2025-07-10 14:54:00 - [WARNING] Suspicious activity detected: brute_force
2025-07-10 15:01:33 - [INFO] system check passed
2025-07-10 15:08:33 - [INFO] user login
2025-07-10 15:18:21 - [INFO] user login
2025-07-10 15:19:38 - [INFO] file downloaded
2025-07-10 15:20:44 - [INFO] file uploaded
2025-07-10 15:21:09 - [INFO] backup completed
2025-07-10 15:24:34 - [WARNING] Suspicious activity detected: ip_blocked
2025-07-10 15:29:34 - [INFO] user login
2025-07-10 15:42:50 - [INFO] user login
2025-07-10 15:57:01 - [INFO] backup completed
2025-07-10 15:59:04 - [INFO] config updated
2025-07-10 16:00:32 - [WARNING] Suspicious activity detected: unauthorized_access
2025-07-10 16:03:26 - [WARNING] Suspicious activity detected: ddos
2025-07-10 16:06:50 - [WARNING] Suspicious activity detected: ddos
2025-07-10 16:07:06 - [INFO] user login
2025-07-10 16:10:26 - [INFO] file downloaded
2025-07-10 16:12:11 - [INFO] config updated
2025-07-10 16:18:17 - [INFO] system check passed
2025-07-10 16:25:10 - [INFO] backup completed
2025-07-10 16:31:03 - [INFO] config updated
2025-07-10 16:58:45 - [INFO] file uploaded
2025-07-10 17:07:52 - [INFO] user login
2025-07-10 17:09:07 - [WARNING] Suspicious activity detected: unauthorized_access
2025-07-10 17:10:06 - [INFO] user login
2025-07-10 17:19:13 - [WARNING] Suspicious activity detected: brute_force
2025-07-10 17:21:02 - [INFO] file downloaded
2025-07-10 17:45:45 - [WARNING] Suspicious activity detected: intrusion
2025-07-10 17:53:46 - [WARNING] Suspicious activity detected: malware
2025-07-10 17:57:00 - [INFO] config updated
2025-07-10 18:01:42 - [WARNING] Suspicious activity detected: malware
2025-07-10 18:02:49 - [INFO] email sent
2025-07-10 18:26:34 - [WARNING] Suspicious activity detected: intrusion
2025-07-10 18:52:08 - [WARNING] Suspicious activity detected: sql_injection
2025-07-10 19:06:21 - [WARNING] Suspicious activity detected: malware
2025-07-10 19:09:12 - [INFO] file uploaded
2025-07-10 19:12:58 - [INFO] file downloaded
2025-07-10 19:33:53 - [INFO] config updated
2025-07-10 19:48:09 - [WARNING] Suspicious activity detected: unauthorized_access
2025-07-10 19:49:46 - [INFO] email sent
2025-07-10 19:50:37 - [WARNING] Suspicious activity detected: malware
2025-07-10 20:04:08 - [INFO] system check passed
2025-07-10 20:25:30 - [INFO] file downloaded
2025-07-10 20:33:26 - [WARNING] Suspicious activity detected: sql_injection
2025-07-10 20:33:33 - [WARNING] Suspicious activity detected: sql_injection
2025-07-10 20:38:23 - [INFO] file uploaded
2025-07-10 20:40:42 - [INFO] email sent
2025-07-10 20:43:38 - [INFO] file uploaded
2025-07-10 20:45:07 - [WARNING] Suspicious activity detected: ddos
2025-07-10 20:49:37 - [WARNING] Suspicious activity detected: ddos
2025-07-10 20:50:17 - [INFO] file uploaded
2025-07-10 20:50:42 - [INFO] user login
2025-07-10 20:51:38 - [INFO] file uploaded
2025-07-10 20:54:19 - [WARNING] Suspicious activity detected: sql_injection
2025-07-10 20:56:30 - [INFO] user login
2025-07-10 20:56:49 - [INFO] file downloaded
2025-07-10 20:59:03 - [INFO] config updated
2025-07-10 21:09:28 - [INFO] file uploaded
2025-07-10 21:24:23 - [INFO] backup completed
2025-07-10 21:32:43 - [INFO] backup completed
2025-07-10 21:33:32 - [INFO] config updated
2025-07-10 21:41:07 - [INFO] system check passed
2025-07-10 21:47:57 - [WARNING] Suspicious activity detected: malware
2025-07-10 21:52:51 - [WARNING] Suspicious activity detected: brute_force
2025-07-10 21:59:36 - [INFO] file uploaded
2025-07-10 22:05:21 - [INFO] user login
2025-07-10 22:16:05 - [INFO] file uploaded
2025-07-10 22:17:59 - [INFO] user login
2025-07-10 22:21:05 - [WARNING] Suspicious activity detected: malware
2025-07-10 22:30:46 - [INFO] backup completed
2025-07-10 22:31:37 - [INFO] user login
2025-07-10 22:40:10 - [INFO] file uploaded
2025-07-10 22:53:10 - [INFO] system check passed
2025-07-10 22:56:15 - [WARNING] Suspicious activity detected: port_scan
2025-07-10 22:58:42 - [INFO] file downloaded
2025-07-10 23:00:04 - [INFO] file downloaded
2025-07-10 23:02:24 - [WARNING] Suspicious activity detected: unauthorized_access
2025-07-10 23:02:32 - [INFO] user login
2025-07-10 23:10:04 - [INFO] system check passed
2025-07-10 23:15:33 - [WARNING] Suspicious activity detected: port_scan
2025-07-10 23:19:28 - [INFO] config updated
2025-07-10 23:22:07 - [INFO] file downloaded
2025-07-10 23:34:37 - [INFO] email sent
2025-07-10 23:40:11 - [INFO] file uploaded
2025-07-10 23:44:14 - [INFO] config updated
2025-07-10 23:46:03 - [INFO] config updated
2025-07-10 23:48:24 - [INFO] system check passed
2025-07-10 23:48:27 - [INFO] user login
2025-07-10 23:50:28 - [INFO] backup completed
2025-07-10 23:54:22 - [INFO] config updated
2025-07-10 23:56:33 - [INFO] config updated
2025-07-10 23:59:35 - [WARNING] Suspicious activity detected: malware