2025-04-25 00:07:42 - [INFO] user login
2025-04-25 00:13:08 - [WARNING] Suspicious activity detected: brute_force
2025-04-25 00:16:23 - [INFO] file downloaded
2025-04-25 00:19:29 - [INFO] user login
2025-04-25 00:21:45 - [INFO] system check passed
2025-04-25 00:24:17 - [INFO] system check passed
2025-04-25 00:30:51 - [INFO] file uploaded
2025-04-25 00:43:00 - [INFO] email sent
2025-04-25 00:48:24 - [WARNING] Suspicious activity detected: brute_force
2025-04-25 00:55:12 - [INFO] config updated
2025-04-25 01:00:15 - [INFO] file downloaded
2025-04-25 01:01:30 - [INFO] file downloaded
2025-04-25 01:08:24 - [INFO] config updated
2025-04-25 01:11:23 - [INFO] config updated
2025-04-25 01:23:23 - [INFO] system check passed
2025-04-25 01:30:55 - [INFO] file uploaded
2025-04-25 01:44:47 - [INFO] system check passed
2025-04-25 02:00:48 - [INFO] file downloaded
2025-04-25 02:06:55 - [WARNING] Suspicious activity detected: malware
2025-04-25 02:13:15 - [INFO] file downloaded
2025-04-25 02:38:44 - [WARNING] Suspicious activity detected: intrusion
2025-04-25 02:40:07 - [INFO] system check passed
2025-04-25 02:53:18 - [WARNING] Suspicious activity detected: unauthorized_access
2025-04-25 02:56:18 - [WARNING] Suspicious activity detected: malware
2025-04-25 02:56:22 - [INFO] config updated
2025-04-25 03:09:50 - [WARNING] Suspicious activity detected: port_scan
2025-04-25 03:13:58 - [WARNING] Suspicious activity detected: unauthorized_access
2025-04-25 03:23:13 - [WARNING] Suspicious activity detected: malware
2025-04-25 03:27:25 - [WARNING] Suspicious activity detected: ip_blocked
2025-04-25 03:40:52 - [INFO] config updated
2025-04-25 03:41:40 - [INFO] backup completed
2025-04-25 03:46:08 - [INFO] user login
2025-04-25 03:49:15 - [INFO] backup completed
2025-04-25 03:51:16 - [INFO] email sent
2025-04-25 04:13:03 - [INFO] user login
2025-04-25 04:17:55 - [INFO] config updated
2025-04-25 04:22:32 - [INFO] backup completed
2025-04-25 04:37:18 - [INFO] email sent
2025-04-25 04:39:28 - [INFO] email sent
2025-04-25 05:05:18 - [INFO] file uploaded
2025-04-25 05:05:21 - [WARNING] Suspicious activity detected: ddos
2025-04-25 05:29:17 - [INFO] email sent
2025-04-25 05:35:42 - [INFO] email sent
2025-04-25 05:37:06 - [INFO] user login
2025-04-25 05:44:33 - [INFO] email sent
2025-04-25 05:46:09 - [WARNING] Suspicious activity detected: brute_force
2025-04-25 05:53:02 - [INFO] file downloaded
2025-04-25 05:54:10 - [INFO] system check passed
2025-04-25 06:05:43 - [INFO] system check passed
2025-04-25 06:34:12 - [WARNING] Suspicious activity detected: unauthorized_access
2025-04-25 06:34:45 - [INFO] file uploaded
2025-04-25 06:44:15 - [INFO] email sent
2025-04-25 06:50:49 - [INFO] email sent
2025-04-25 06:51:55 - [WARNING] Suspicious activity detected: port_scan
2025-04-25 07:13:34 - [INFO] system check passed
2025-04-25 07:23:05 - [INFO] email sent
2025-04-25 07:24:27 - [INFO] email sent
2025-04-25 07:30:00 - [WARNING] Suspicious activity detected: sql_injection
2025-04-25 07:36:16 - [INFO] file uploaded
2025-04-25 07:39:07 - [INFO] system check passed
2025-04-25 07:39:12 - [INFO] email sent
2025-04-25 07:41:01 - [INFO] file uploaded
2025-04-25 07:41:23 - [INFO] config updated
2025-04-25 07:42:53 - [INFO] backup completed
2025-04-25 07:48:04 - [INFO] system check passed
2025-04-25 07:54:23 - [INFO] system check passed
2025-04-25 08:02:08 - [WARNING] Suspicious activity detected: malware
2025-04-25 08:23:09 - [INFO] file downloaded
2025-04-25 08:32:47 - [INFO] file uploaded
2025-04-25 08:38:35 - [INFO] file downloaded
2025-04-25 08:51:23 - [INFO] email sent
2025-04-25 08:58:01 - [INFO] file downloaded
2025-04-25 08:59:28 - [INFO] file downloaded
2025-04-25 09:02:46 - [INFO] backup completed
2025-04-25 09:12:16 - [WARNING] Suspicious activity detected: unauthorized_access
2025-04-25 09:19:29 - [INFO] email sent
2025-04-25 09:43:28 - [INFO] email sent
2025-04-25 09:46:32 - [INFO] config updated
2025-04-25 09:52:31 - [INFO] user login
2025-04-25 09:53:54 - [WARNING] Suspicious activity detected: port_scan
2025-04-25 09:59:08 - [INFO] file uploaded
2025-04-25 09:59:33 - [INFO] user login
2025-04-25 10:07:54 - [INFO] system check passed
2025-04-25 10:17:57 - [WARNING] Suspicious activity detected: ip_blocked
2025-04-25 10:49:02 - [INFO] email sent
2025-04-25 10:53:18 - [INFO] file uploaded
2025-04-25 10:58:51 - [WARNING] Suspicious activity detected: ddos
2025-04-25 11:02:55 - [WARNING] Suspicious activity detected: ddos
2025-04-25 11:20:40 - [WARNING] Suspicious activity detected: unauthorized_access
2025-04-25 11:21:58 - [WARNING] Suspicious activity detected: ip_blocked
2025-04-25 11:35:51 - [INFO] file downloaded
2025-04-25 11:38:04 - [INFO] backup completed
2025-04-25 11:41:53 - [INFO] user login
2025-04-25 11:56:26 - [INFO] file downloaded
2025-04-25 11:56:53 - [INFO] email sent
2025-04-25 12:00:18 - [INFO] user login
2025-04-25 12:05:09 - [INFO] file uploaded
2025-04-25 12:07:07 - [WARNING] Suspicious activity detected: intrusion
2025-04-25 12:07:30 - [INFO] config updated
2025-04-25 12:23:37 - [INFO] file uploaded
2025-04-25 12:44:24 - [WARNING] Suspicious activity detected: sql_injection
2025-04-25 12:46:07 - [INFO] email sent
2025-04-25 12:50:32 - [INFO] file uploaded
2025-04-25 12:51:02 - [WARNING] Suspicious activity detected: port_scan
2025-04-25 12:54:26 - [INFO] file uploaded
2025-04-25 13:12:08 - [INFO] system check passed
2025-04-25 13:18:20 - [INFO] file downloaded
2025-04-25 13:25:15 - [INFO] backup completed
2025-04-25 13:35:31 - [WARNING] Suspicious activity detected: sql_injection
2025-04-25 13:40:11 - [INFO] config updated
2025-04-25 13:40:54 - [INFO] backup completed
2025-04-25 14:10:32 - [INFO] backup completed
2025-04-25 14:12:06 - [INFO] file uploaded
2025-04-25 14:14:05 - [WARNING] Suspicious activity detected: ddos
2025-04-25 14:21:19 - [INFO] email sent
2025-04-25 14:22:07 - [INFO] system check passed
2025-04-25 14:31:07 - [INFO] system check passed
2025-04-25 14:48:07 - [INFO] config updated
2025-04-25 14:59:11 - [INFO] backup completed
2025-04-25 14:59:23 - [INFO] email sent
2025-04-25 15:17:50 - [INFO] system check passed
2025-04-25 15:33:59 - [INFO] file uploaded
2025-04-25 15:37:09 - [WARNING] Suspicious activity detected: port_scan
2025-04-25 15:38:52 - [INFO] system check passed
2025-04-25 15:39:00 - [INFO] file downloaded
2025-04-25 15:57:19 - [INFO] backup completed
2025-04-25 16:06:58 - [INFO] file uploaded
2025-04-25 16:16:44 - [INFO] file downloaded
2025-04-25 16:20:24 - [INFO] backup completed
2025-04-25 16:20:49 - [INFO] file downloaded
2025-04-25 16:27:35 - [INFO] config updated
2025-04-25 16:27:42 - [INFO] config updated
2025-04-25 16:28:01 - [INFO] backup completed
2025-04-25 16:29:52 - [INFO] user login
2025-04-25 16:32:40 - [INFO] email sent
2025-04-25 16:42:44 - [INFO] config updated
2025-04-25 16:53:57 - [INFO] file uploaded
2025-04-25 17:05:06 - [WARNING] Suspicious activity detected: intrusion
2025-04-25 17:08:43 - [INFO] config updated
2025-04-25 17:09:21 - [INFO] file downloaded
2025-04-25 17:20:11 - [INFO] file uploaded
2025-04-25 17:26:32 - [INFO] backup completed
2025-04-25 17:32:18 - [INFO] backup completed
2025-04-25 17:33:19 - [INFO] file uploaded
2025-04-25 17:50:35 - [INFO] file uploaded
2025-04-25 17:55:59 - [INFO] system check passed
2025-04-25 17:56:32 - [INFO] user login
2025-04-25 18:07:11 - [INFO] system check passed
2025-04-25 18:15:37 - [INFO] backup completed
2025-04-25 18:16:43 - [INFO] config updated
2025-04-25 18:17:55 - [WARNING] Suspicious activity detected: malware
2025-04-25 18:20:00 - [WARNING] Suspicious activity detected: ddos
2025-04-25 18:21:03 - [WARNING] Suspicious activity detected: ddos
2025-04-25 18:23:07 - [INFO] file uploaded
2025-04-25 18:25:28 - [INFO] file uploaded
2025-04-25 18:29:11 - [INFO] file uploaded
2025-04-25 18:39:54 - [WARNING] Suspicious activity detected: ip_blocked
2025-04-25 18:42:39 - [INFO] system check passed
2025-04-25 18:49:11 - [WARNING] Suspicious activity detected: malware
2025-04-25 18:50:35 - [INFO] file downloaded
2025-04-25 19:07:12 - [WARNING] Suspicious activity detected: unauthorized_access
2025-04-25 19:17:04 - [INFO] backup completed
2025-04-25 19:24:01 - [INFO] email sent
2025-04-25 19:40:42 - [INFO] email sent
2025-04-25 19:42:21 - [INFO] user login
2025-04-25 19:47:25 - [INFO] config updated
2025-04-25 19:50:54 - [INFO] config updated
2025-04-25 19:54:37 - [INFO] backup completed
2025-04-25 19:55:47 - [INFO] file downloaded
2025-04-25 19:59:05 - [INFO] file uploaded
2025-04-25 20:04:28 - [INFO] user login
2025-04-25 20:11:38 - [INFO] config updated
2025-04-25 20:26:21 - [WARNING] Suspicious activity detected: port_scan
2025-04-25 20:27:47 - [INFO] file uploaded
2025-04-25 20:35:26 - [INFO] file downloaded
2025-04-25 20:51:32 - [INFO] backup completed
2025-04-25 20:58:19 - [INFO] backup completed
2025-04-25 21:06:09 - [WARNING] Suspicious activity detected: port_scan
2025-04-25 21:12:23 - [INFO] file uploaded
2025-04-25 21:15:09 - [WARNING] Suspicious activity detected: ip_blocked
2025-04-25 21:15:29 - [INFO] user login
2025-04-25 21:21:49 - [INFO] system check passed
2025-04-25 21:22:24 - [INFO] file downloaded
2025-04-25 21:29:21 - [INFO] system check passed
2025-04-25 21:30:17 - [INFO] file downloaded
2025-04-25 21:43:35 - [WARNING] Suspicious activity detected: ip_blocked
2025-04-25 22:00:35 - [INFO] file uploaded
2025-04-25 22:09:55 - [INFO] email sent
2025-04-25 22:10:12 - [INFO] backup completed
2025-04-25 22:10:23 - [INFO] user login
2025-04-25 22:22:38 - [INFO] backup completed
2025-04-25 22:43:45 - [INFO] backup completed
2025-04-25 22:45:39 - [WARNING] Suspicious activity detected: port_scan
2025-04-25 22:47:32 - [INFO] config updated
2025-04-25 23:07:44 - [INFO] file uploaded
2025-04-25 23:10:28 - [INFO] user login
2025-04-25 23:12:57 - [INFO] system check passed
2025-04-25 23:14:25 - [INFO] file downloaded
2025-04-25 23:24:13 - [INFO] email sent
2025-04-25 23:37:16 - [INFO] user login
2025-04-25 23:39:48 - [INFO] backup completed
2025-04-25 23:46:22 - [INFO] system check passed
2025-04-25 23:47:14 - [INFO] email sent
2025-04-25 23:49:09 - [INFO] backup completed
2025-04-25 23:57:54 - [WARNING] Suspicious activity detected: sql_injection