2025-05-26 00:02:05 - [INFO] backup completed
2025-05-26 00:40:21 - [INFO] email sent
2025-05-26 00:42:40 - [INFO] email sent
2025-05-26 00:47:56 - [INFO] email sent
2025-05-26 00:48:49 - [INFO] email sent
2025-05-26 00:59:43 - [WARNING] Suspicious activity detected: intrusion
2025-05-26 01:01:05 - [INFO] file uploaded
2025-05-26 01:01:20 - [INFO] backup completed
2025-05-26 01:04:34 - [WARNING] Suspicious activity detected: ddos
2025-05-26 01:09:50 - [INFO] backup completed
2025-05-26 01:13:35 - [WARNING] Suspicious activity detected: ddos
2025-05-26 01:17:54 - [INFO] backup completed
2025-05-26 01:28:45 - [INFO] email sent
2025-05-26 01:29:35 - [WARNING] Suspicious activity detected: sql_injection
2025-05-26 01:43:24 - [INFO] email sent
2025-05-26 01:45:16 - [INFO] config updated
2025-05-26 01:49:02 - [INFO] file uploaded
2025-05-26 01:50:22 - [WARNING] Suspicious activity detected: sql_injection
2025-05-26 02:09:28 - [INFO] user login
2025-05-26 02:28:53 - [INFO] system check passed
2025-05-26 02:47:12 - [INFO] backup completed
2025-05-26 02:51:15 - [INFO] config updated
2025-05-26 02:56:06 - [WARNING] Suspicious activity detected: port_scan
2025-05-26 02:58:22 - [WARNING] Suspicious activity detected: ddos
2025-05-26 03:04:27 - [INFO] backup completed
2025-05-26 03:22:15 - [INFO] user login
2025-05-26 03:38:24 - [INFO] config updated
2025-05-26 03:45:10 - [INFO] file uploaded
2025-05-26 03:48:15 - [WARNING] Suspicious activity detected: intrusion
2025-05-26 03:58:05 - [WARNING] Suspicious activity detected: unauthorized_access
2025-05-26 03:58:33 - [INFO] email sent
2025-05-26 03:59:23 - [INFO] file downloaded
2025-05-26 04:01:07 - [INFO] file uploaded
2025-05-26 04:12:36 - [INFO] backup completed
2025-05-26 04:17:13 - [INFO] file downloaded
2025-05-26 04:30:51 - [WARNING] Suspicious activity detected: port_scan
2025-05-26 04:32:19 - [INFO] email sent
2025-05-26 04:49:19 - [WARNING] Suspicious activity detected: sql_injection
2025-05-26 04:58:08 - [INFO] backup completed
2025-05-26 04:59:48 - [INFO] file uploaded
2025-05-26 05:00:04 - [INFO] email sent
2025-05-26 05:19:21 - [INFO] config updated
2025-05-26 05:21:00 - [INFO] file downloaded
2025-05-26 05:26:09 - [INFO] system check passed
2025-05-26 05:34:02 - [INFO] system check passed
2025-05-26 05:41:37 - [INFO] file downloaded
2025-05-26 05:50:19 - [INFO] user login
2025-05-26 05:55:38 - [WARNING] Suspicious activity detected: brute_force
2025-05-26 06:05:08 - [INFO] file uploaded
2025-05-26 06:23:28 - [INFO] email sent
2025-05-26 06:24:48 - [INFO] file downloaded
2025-05-26 06:26:04 - [WARNING] Suspicious activity detected: brute_force
2025-05-26 06:48:35 - [INFO] file downloaded
2025-05-26 06:57:09 - [INFO] file downloaded
2025-05-26 07:01:34 - [INFO] user login
2025-05-26 07:02:06 - [INFO] config updated
2025-05-26 07:04:32 - [WARNING] Suspicious activity detected: ip_blocked
2025-05-26 07:14:13 - [INFO] user login
2025-05-26 07:22:21 - [INFO] file uploaded
2025-05-26 07:23:19 - [INFO] user login
2025-05-26 07:25:03 - [INFO] email sent
2025-05-26 07:32:25 - [INFO] file downloaded
2025-05-26 07:47:57 - [INFO] user login
2025-05-26 07:57:16 - [INFO] file downloaded
2025-05-26 08:03:15 - [INFO] file downloaded
2025-05-26 08:18:17 - [INFO] email sent
2025-05-26 08:31:10 - [INFO] config updated
2025-05-26 08:42:02 - [WARNING] Suspicious activity detected: malware
2025-05-26 08:46:56 - [INFO] system check passed
2025-05-26 08:52:06 - [INFO] file downloaded
2025-05-26 09:01:40 - [WARNING] Suspicious activity detected: ip_blocked
2025-05-26 09:06:00 - [WARNING] Suspicious activity detected: ddos
2025-05-26 09:20:14 - [INFO] user login
2025-05-26 09:34:34 - [INFO] file uploaded
2025-05-26 09:41:28 - [INFO] file uploaded
2025-05-26 09:53:32 - [INFO] backup completed
2025-05-26 09:56:02 - [INFO] system check passed
2025-05-26 09:57:13 - [INFO] file uploaded
2025-05-26 10:06:43 - [INFO] file downloaded
2025-05-26 10:09:02 - [INFO] config updated
2025-05-26 10:09:24 - [INFO] backup completed
2025-05-26 10:13:49 - [INFO] file downloaded
2025-05-26 10:18:37 - [INFO] email sent
2025-05-26 10:35:17 - [INFO] system check passed
2025-05-26 10:39:02 - [INFO] file downloaded
2025-05-26 10:44:04 - [INFO] email sent
2025-05-26 10:57:47 - [WARNING] Suspicious activity detected: malware
2025-05-26 11:08:42 - [WARNING] Suspicious activity detected: ip_blocked
2025-05-26 11:08:43 - [INFO] file downloaded
2025-05-26 11:22:31 - [WARNING] Suspicious activity detected: intrusion
2025-05-26 11:24:00 - [INFO] config updated
2025-05-26 11:32:25 - [INFO] system check passed
2025-05-26 11:45:33 - [INFO] config updated
2025-05-26 11:49:46 - [INFO] backup completed
2025-05-26 11:58:05 - [INFO] file downloaded
2025-05-26 12:22:05 - [INFO] file downloaded
2025-05-26 12:34:41 - [WARNING] Suspicious activity detected: ip_blocked
2025-05-26 12:52:00 - [WARNING] Suspicious activity detected: malware
2025-05-26 12:55:37 - [WARNING] Suspicious activity detected: unauthorized_access
2025-05-26 13:07:57 - [WARNING] Suspicious activity detected: unauthorized_access
2025-05-26 13:10:09 - [INFO] system check passed
2025-05-26 13:17:31 - [INFO] user login
2025-05-26 13:20:04 - [INFO] file uploaded
2025-05-26 13:23:22 - [INFO] config updated
2025-05-26 13:29:24 - [WARNING] Suspicious activity detected: intrusion
2025-05-26 13:31:01 - [WARNING] Suspicious activity detected: intrusion
2025-05-26 13:52:42 - [WARNING] Suspicious activity detected: unauthorized_access
2025-05-26 13:53:38 - [WARNING] Suspicious activity detected: unauthorized_access
2025-05-26 14:05:14 - [INFO] backup completed
2025-05-26 14:06:14 - [INFO] file downloaded
2025-05-26 14:11:28 - [INFO] file uploaded
2025-05-26 14:23:18 - [INFO] config updated
2025-05-26 14:35:04 - [INFO] file uploaded
2025-05-26 14:39:27 - [INFO] user login
2025-05-26 14:49:25 - [INFO] user login
2025-05-26 14:56:04 - [INFO] system check passed
2025-05-26 14:58:14 - [INFO] email sent
2025-05-26 15:00:11 - [WARNING] Suspicious activity detected: ip_blocked
2025-05-26 15:27:38 - [INFO] user login
2025-05-26 15:30:15 - [WARNING] Suspicious activity detected: sql_injection
2025-05-26 15:34:53 - [INFO] file uploaded
2025-05-26 15:35:15 - [INFO] config updated
2025-05-26 15:38:33 - [INFO] backup completed
2025-05-26 15:40:56 - [INFO] system check passed
2025-05-26 15:56:25 - [INFO] email sent
2025-05-26 16:11:48 - [INFO] file downloaded
2025-05-26 16:14:09 - [INFO] email sent
2025-05-26 16:17:26 - [INFO] backup completed
2025-05-26 16:19:39 - [INFO] user login
2025-05-26 16:27:39 - [WARNING] Suspicious activity detected: brute_force
2025-05-26 16:32:23 - [INFO] user login
2025-05-26 16:35:14 - [INFO] backup completed
2025-05-26 16:36:27 - [INFO] system check passed
2025-05-26 16:37:18 - [WARNING] Suspicious activity detected: port_scan
2025-05-26 16:40:09 - [INFO] backup completed
2025-05-26 16:51:08 - [INFO] system check passed
2025-05-26 16:51:59 - [WARNING] Suspicious activity detected: port_scan
2025-05-26 16:57:38 - [INFO] system check passed
2025-05-26 17:00:57 - [INFO] backup completed
2025-05-26 17:14:16 - [INFO] system check passed
2025-05-26 17:15:14 - [INFO] config updated
2025-05-26 17:17:11 - [INFO] backup completed
2025-05-26 17:21:39 - [INFO] config updated
2025-05-26 17:28:39 - [WARNING] Suspicious activity detected: brute_force
2025-05-26 17:35:45 - [INFO] system check passed
2025-05-26 17:39:21 - [INFO] user login
2025-05-26 17:48:55 - [WARNING] Suspicious activity detected: port_scan
2025-05-26 17:52:22 - [INFO] email sent
2025-05-26 17:57:11 - [INFO] backup completed
2025-05-26 18:04:21 - [INFO] email sent
2025-05-26 18:06:53 - [WARNING] Suspicious activity detected: ip_blocked
2025-05-26 18:16:05 - [INFO] system check passed
2025-05-26 18:16:11 - [INFO] email sent
2025-05-26 18:20:04 - [INFO] config updated
2025-05-26 18:44:06 - [INFO] email sent
2025-05-26 18:55:45 - [WARNING] Suspicious activity detected: unauthorized_access
2025-05-26 18:56:52 - [WARNING] Suspicious activity detected: intrusion
2025-05-26 18:57:28 - [WARNING] Suspicious activity detected: unauthorized_access
2025-05-26 19:00:03 - [INFO] system check passed
2025-05-26 19:05:40 - [INFO] email sent
2025-05-26 19:06:15 - [INFO] email sent
2025-05-26 19:21:39 - [INFO] file uploaded
2025-05-26 19:24:54 - [INFO] user login
2025-05-26 19:38:09 - [INFO] email sent
2025-05-26 19:52:34 - [INFO] config updated
2025-05-26 19:59:51 - [INFO] backup completed
2025-05-26 20:06:13 - [INFO] system check passed
2025-05-26 20:15:41 - [INFO] file downloaded
2025-05-26 20:25:50 - [INFO] file downloaded
2025-05-26 20:37:30 - [INFO] config updated
2025-05-26 21:11:31 - [INFO] file downloaded
2025-05-26 21:18:36 - [INFO] email sent
2025-05-26 21:29:43 - [INFO] system check passed
2025-05-26 21:31:29 - [INFO] config updated
2025-05-26 21:37:50 - [WARNING] Suspicious activity detected: unauthorized_access
2025-05-26 21:47:24 - [WARNING] Suspicious activity detected: port_scan
2025-05-26 21:51:21 - [INFO] system check passed
2025-05-26 22:04:44 - [INFO] user login
2025-05-26 22:05:47 - [INFO] user login
2025-05-26 22:07:05 - [INFO] system check passed
2025-05-26 22:08:00 - [INFO] config updated
2025-05-26 22:15:57 - [INFO] config updated
2025-05-26 22:16:09 - [INFO] user login
2025-05-26 22:24:52 - [INFO] system check passed
2025-05-26 22:30:14 - [INFO] backup completed
2025-05-26 22:33:39 - [WARNING] Suspicious activity detected: port_scan
2025-05-26 22:39:18 - [INFO] file uploaded
2025-05-26 22:48:10 - [INFO] backup completed
2025-05-26 22:52:20 - [INFO] config updated
2025-05-26 22:56:41 - [WARNING] Suspicious activity detected: intrusion
2025-05-26 23:47:25 - [INFO] config updated
2025-05-26 23:58:14 - [INFO] file uploaded