2025-03-28 00:02:50 - [INFO] system check passed
2025-03-28 00:06:48 - [INFO] user login
2025-03-28 00:21:46 - [INFO] system check passed
2025-03-28 00:22:14 - [INFO] file uploaded
2025-03-28 00:39:55 - [INFO] config updated
2025-03-28 00:42:25 - [WARNING] Suspicious activity detected: ddos
2025-03-28 00:44:32 - [INFO] email sent
2025-03-28 00:47:31 - [INFO] file downloaded
2025-03-28 00:50:39 - [WARNING] Suspicious activity detected: ddos
2025-03-28 00:54:37 - [INFO] email sent
2025-03-28 00:55:20 - [INFO] config updated
2025-03-28 00:55:46 - [INFO] system check passed
2025-03-28 00:57:36 - [INFO] user login
2025-03-28 01:00:02 - [INFO] file downloaded
2025-03-28 01:04:57 - [WARNING] Suspicious activity detected: malware
2025-03-28 01:07:23 - [INFO] file uploaded
2025-03-28 01:12:30 - [INFO] user login
2025-03-28 01:16:44 - [INFO] file uploaded
2025-03-28 01:27:38 - [WARNING] Suspicious activity detected: intrusion
2025-03-28 01:29:16 - [INFO] system check passed
2025-03-28 01:39:12 - [INFO] config updated
2025-03-28 01:46:40 - [INFO] email sent
2025-03-28 01:53:23 - [INFO] system check passed
2025-03-28 02:05:39 - [WARNING] Suspicious activity detected: sql_injection
2025-03-28 02:08:07 - [INFO] email sent
2025-03-28 02:09:03 - [INFO] file downloaded
2025-03-28 02:10:45 - [INFO] file uploaded
2025-03-28 02:17:17 - [INFO] user login
2025-03-28 02:26:52 - [INFO] system check passed
2025-03-28 02:28:05 - [WARNING] Suspicious activity detected: brute_force
2025-03-28 02:35:07 - [WARNING] Suspicious activity detected: ip_blocked
2025-03-28 02:40:17 - [WARNING] Suspicious activity detected: ip_blocked
2025-03-28 02:44:25 - [INFO] backup completed
2025-03-28 02:58:40 - [INFO] system check passed
2025-03-28 02:58:58 - [INFO] file downloaded
2025-03-28 03:04:22 - [WARNING] Suspicious activity detected: ip_blocked
2025-03-28 03:08:59 - [WARNING] Suspicious activity detected: brute_force
2025-03-28 03:23:56 - [INFO] user login
2025-03-28 03:25:53 - [WARNING] Suspicious activity detected: intrusion
2025-03-28 03:38:24 - [INFO] backup completed
2025-03-28 03:40:00 - [INFO] file uploaded
2025-03-28 03:43:25 - [INFO] system check passed
2025-03-28 03:47:56 - [INFO] user login
2025-03-28 03:58:22 - [INFO] file downloaded
2025-03-28 03:59:17 - [INFO] user login
2025-03-28 04:07:21 - [INFO] file uploaded
2025-03-28 04:08:06 - [INFO] email sent
2025-03-28 04:16:31 - [WARNING] Suspicious activity detected: unauthorized_access
2025-03-28 04:16:49 - [INFO] system check passed
2025-03-28 04:20:49 - [INFO] backup completed
2025-03-28 04:36:05 - [INFO] backup completed
2025-03-28 04:39:39 - [WARNING] Suspicious activity detected: sql_injection
2025-03-28 04:42:45 - [INFO] backup completed
2025-03-28 04:50:26 - [WARNING] Suspicious activity detected: intrusion
2025-03-28 04:59:43 - [INFO] email sent
2025-03-28 05:11:51 - [INFO] system check passed
2025-03-28 05:14:35 - [INFO] config updated
2025-03-28 05:21:19 - [WARNING] Suspicious activity detected: unauthorized_access
2025-03-28 05:22:20 - [WARNING] Suspicious activity detected: brute_force
2025-03-28 05:29:18 - [INFO] user login
2025-03-28 05:36:34 - [INFO] user login
2025-03-28 05:59:47 - [WARNING] Suspicious activity detected: port_scan
2025-03-28 06:06:50 - [WARNING] Suspicious activity detected: unauthorized_access
2025-03-28 06:08:35 - [INFO] file downloaded
2025-03-28 06:16:01 - [INFO] config updated
2025-03-28 06:20:09 - [WARNING] Suspicious activity detected: brute_force
2025-03-28 06:21:19 - [WARNING] Suspicious activity detected: ip_blocked
2025-03-28 06:23:12 - [INFO] system check passed
2025-03-28 06:25:56 - [WARNING] Suspicious activity detected: malware
2025-03-28 06:28:30 - [INFO] file uploaded
2025-03-28 06:32:09 - [WARNING] Suspicious activity detected: ddos
2025-03-28 06:36:08 - [WARNING] Suspicious activity detected: brute_force
2025-03-28 06:41:17 - [INFO] system check passed
2025-03-28 06:47:26 - [INFO] user login
2025-03-28 07:19:18 - [INFO] email sent
2025-03-28 07:23:15 - [WARNING] Suspicious activity detected: ddos
2025-03-28 07:25:09 - [INFO] file downloaded
2025-03-28 07:44:01 - [INFO] user login
2025-03-28 08:08:18 - [WARNING] Suspicious activity detected: intrusion
2025-03-28 08:08:55 - [WARNING] Suspicious activity detected: malware
2025-03-28 08:13:58 - [INFO] file uploaded
2025-03-28 08:15:40 - [INFO] file downloaded
2025-03-28 08:26:17 - [INFO] system check passed
2025-03-28 08:28:16 - [WARNING] Suspicious activity detected: ddos
2025-03-28 08:48:45 - [INFO] user login
2025-03-28 09:02:53 - [INFO] file downloaded
2025-03-28 09:20:15 - [WARNING] Suspicious activity detected: ddos
2025-03-28 09:32:14 - [INFO] file uploaded
2025-03-28 09:37:22 - [INFO] config updated
2025-03-28 09:37:37 - [WARNING] Suspicious activity detected: ip_blocked
2025-03-28 09:38:31 - [INFO] user login
2025-03-28 09:43:20 - [INFO] file uploaded
2025-03-28 09:43:35 - [INFO] system check passed
2025-03-28 09:46:54 - [INFO] user login
2025-03-28 09:47:43 - [WARNING] Suspicious activity detected: unauthorized_access
2025-03-28 09:48:04 - [WARNING] Suspicious activity detected: ddos
2025-03-28 10:03:47 - [INFO] user login
2025-03-28 10:12:32 - [INFO] config updated
2025-03-28 10:12:51 - [INFO] config updated
2025-03-28 10:20:56 - [INFO] file uploaded
2025-03-28 10:21:05 - [INFO] system check passed
2025-03-28 10:43:32 - [INFO] backup completed
2025-03-28 10:53:23 - [INFO] email sent
2025-03-28 10:57:52 - [INFO] config updated
2025-03-28 11:00:39 - [INFO] backup completed
2025-03-28 11:09:04 - [INFO] system check passed
2025-03-28 11:10:39 - [INFO] email sent
2025-03-28 11:27:34 - [WARNING] Suspicious activity detected: sql_injection
2025-03-28 11:27:47 - [INFO] file uploaded
2025-03-28 11:35:12 - [WARNING] Suspicious activity detected: sql_injection
2025-03-28 11:36:19 - [INFO] system check passed
2025-03-28 12:18:04 - [INFO] email sent
2025-03-28 12:21:23 - [INFO] config updated
2025-03-28 12:31:28 - [INFO] config updated
2025-03-28 12:33:56 - [INFO] config updated
2025-03-28 12:41:29 - [INFO] file uploaded
2025-03-28 12:51:58 - [WARNING] Suspicious activity detected: ddos
2025-03-28 12:52:45 - [WARNING] Suspicious activity detected: brute_force
2025-03-28 12:55:30 - [WARNING] Suspicious activity detected: ddos
2025-03-28 13:00:58 - [INFO] file downloaded
2025-03-28 13:05:27 - [INFO] system check passed
2025-03-28 13:07:07 - [INFO] user login
2025-03-28 13:29:37 - [INFO] backup completed
2025-03-28 13:32:27 - [WARNING] Suspicious activity detected: ddos
2025-03-28 13:40:54 - [WARNING] Suspicious activity detected: malware
2025-03-28 13:45:36 - [INFO] file downloaded
2025-03-28 14:02:43 - [WARNING] Suspicious activity detected: intrusion
2025-03-28 14:15:16 - [WARNING] Suspicious activity detected: ip_blocked
2025-03-28 14:20:49 - [WARNING] Suspicious activity detected: port_scan
2025-03-28 14:30:41 - [WARNING] Suspicious activity detected: unauthorized_access
2025-03-28 14:31:11 - [INFO] user login
2025-03-28 14:34:23 - [WARNING] Suspicious activity detected: sql_injection
2025-03-28 14:35:04 - [INFO] backup completed
2025-03-28 14:36:40 - [WARNING] Suspicious activity detected: sql_injection
2025-03-28 14:39:09 - [WARNING] Suspicious activity detected: ip_blocked
2025-03-28 14:52:01 - [WARNING] Suspicious activity detected: unauthorized_access
2025-03-28 15:02:14 - [WARNING] Suspicious activity detected: port_scan
2025-03-28 15:13:08 - [INFO] user login
2025-03-28 15:16:12 - [INFO] file uploaded
2025-03-28 15:32:50 - [INFO] file uploaded
2025-03-28 15:56:59 - [WARNING] Suspicious activity detected: unauthorized_access
2025-03-28 15:59:41 - [INFO] config updated
2025-03-28 16:01:05 - [INFO] backup completed
2025-03-28 16:02:15 - [INFO] user login
2025-03-28 16:05:58 - [INFO] config updated
2025-03-28 16:08:11 - [WARNING] Suspicious activity detected: malware
2025-03-28 16:11:54 - [WARNING] Suspicious activity detected: sql_injection
2025-03-28 16:19:06 - [INFO] file downloaded
2025-03-28 16:22:13 - [INFO] config updated
2025-03-28 16:30:08 - [WARNING] Suspicious activity detected: port_scan
2025-03-28 16:41:49 - [INFO] system check passed
2025-03-28 16:52:22 - [INFO] file downloaded
2025-03-28 17:06:15 - [INFO] config updated
2025-03-28 17:28:03 - [INFO] user login
2025-03-28 17:50:35 - [INFO] email sent
2025-03-28 17:53:40 - [INFO] file downloaded
2025-03-28 17:57:10 - [WARNING] Suspicious activity detected: brute_force
2025-03-28 18:08:01 - [INFO] backup completed
2025-03-28 18:16:06 - [INFO] email sent
2025-03-28 18:21:39 - [INFO] config updated
2025-03-28 18:22:44 - [INFO] config updated
2025-03-28 18:32:47 - [INFO] backup completed
2025-03-28 18:32:56 - [WARNING] Suspicious activity detected: port_scan
2025-03-28 18:37:47 - [WARNING] Suspicious activity detected: ddos
2025-03-28 18:41:44 - [INFO] file downloaded
2025-03-28 18:48:52 - [WARNING] Suspicious activity detected: brute_force
2025-03-28 18:48:54 - [WARNING] Suspicious activity detected: intrusion
2025-03-28 19:04:41 - [INFO] email sent
2025-03-28 19:16:09 - [INFO] system check passed
2025-03-28 19:19:23 - [INFO] config updated
2025-03-28 19:22:19 - [INFO] email sent
2025-03-28 19:24:18 - [INFO] file uploaded
2025-03-28 19:25:47 - [INFO] file downloaded
2025-03-28 19:45:52 - [INFO] system check passed
2025-03-28 19:46:34 - [WARNING] Suspicious activity detected: unauthorized_access
2025-03-28 19:51:42 - [INFO] user login
2025-03-28 19:55:04 - [INFO] file uploaded
2025-03-28 20:03:00 - [INFO] user login
2025-03-28 20:04:27 - [INFO] system check passed
2025-03-28 20:13:50 - [INFO] email sent
2025-03-28 20:26:20 - [INFO] config updated
2025-03-28 20:48:50 - [WARNING] Suspicious activity detected: ip_blocked
2025-03-28 20:51:12 - [INFO] email sent
2025-03-28 20:56:59 - [WARNING] Suspicious activity detected: unauthorized_access
2025-03-28 20:57:28 - [INFO] backup completed
2025-03-28 21:10:01 - [INFO] file uploaded
2025-03-28 21:16:32 - [INFO] user login
2025-03-28 21:19:46 - [WARNING] Suspicious activity detected: malware
2025-03-28 21:30:38 - [INFO] config updated
2025-03-28 21:38:12 - [WARNING] Suspicious activity detected: port_scan
2025-03-28 21:38:41 - [INFO] user login
2025-03-28 21:42:33 - [INFO] system check passed
2025-03-28 21:49:43 - [INFO] file downloaded
2025-03-28 21:50:18 - [INFO] user login
2025-03-28 22:07:27 - [WARNING] Suspicious activity detected: sql_injection
2025-03-28 22:17:55 - [INFO] email sent
2025-03-28 22:21:20 - [INFO] file downloaded
2025-03-28 22:24:04 - [INFO] email sent
2025-03-28 22:36:24 - [INFO] file uploaded
2025-03-28 22:49:12 - [INFO] user login
2025-03-28 22:49:46 - [INFO] system check passed
2025-03-28 22:51:30 - [WARNING] Suspicious activity detected: brute_force
2025-03-28 22:52:34 - [INFO] user login
2025-03-28 22:58:47 - [WARNING] Suspicious activity detected: sql_injection
2025-03-28 23:05:02 - [WARNING] Suspicious activity detected: port_scan
2025-03-28 23:08:43 - [INFO] file uploaded
2025-03-28 23:13:10 - [INFO] config updated
2025-03-28 23:17:10 - [INFO] system check passed
2025-03-28 23:29:57 - [INFO] backup completed
2025-03-28 23:36:49 - [INFO] config updated
2025-03-28 23:41:41 - [INFO] system check passed
2025-03-28 23:42:06 - [INFO] config updated
2025-03-28 23:54:35 - [INFO] config updated
2025-03-28 23:56:05 - [INFO] file downloaded