2025-05-28 00:00:31 - [INFO] system check passed
2025-05-28 00:09:04 - [WARNING] Suspicious activity detected: ip_blocked
2025-05-28 00:09:49 - [INFO] email sent
2025-05-28 00:17:25 - [INFO] email sent
2025-05-28 00:17:50 - [INFO] config updated
2025-05-28 00:17:58 - [INFO] file uploaded
2025-05-28 00:28:07 - [INFO] email sent
2025-05-28 00:28:08 - [INFO] backup completed
2025-05-28 00:39:18 - [INFO] file downloaded
2025-05-28 00:44:06 - [INFO] email sent
2025-05-28 00:46:42 - [WARNING] Suspicious activity detected: ddos
2025-05-28 00:47:28 - [INFO] user login
2025-05-28 00:53:18 - [INFO] system check passed
2025-05-28 00:53:38 - [INFO] user login
2025-05-28 01:06:19 - [INFO] file downloaded
2025-05-28 01:13:25 - [INFO] user login
2025-05-28 01:21:20 - [INFO] backup completed
2025-05-28 01:22:44 - [WARNING] Suspicious activity detected: port_scan
2025-05-28 01:30:20 - [INFO] file uploaded
2025-05-28 01:31:21 - [INFO] email sent
2025-05-28 01:39:36 - [INFO] backup completed
2025-05-28 01:46:35 - [INFO] system check passed
2025-05-28 01:49:56 - [INFO] backup completed
2025-05-28 01:53:06 - [INFO] file downloaded
2025-05-28 01:58:03 - [INFO] file uploaded
2025-05-28 01:59:32 - [INFO] backup completed
2025-05-28 02:04:52 - [INFO] file downloaded
2025-05-28 02:10:25 - [INFO] system check passed
2025-05-28 02:17:24 - [INFO] email sent
2025-05-28 02:17:49 - [INFO] system check passed
2025-05-28 02:22:48 - [INFO] file downloaded
2025-05-28 02:28:29 - [INFO] system check passed
2025-05-28 02:29:56 - [INFO] file downloaded
2025-05-28 02:40:56 - [INFO] email sent
2025-05-28 02:43:41 - [WARNING] Suspicious activity detected: port_scan
2025-05-28 02:46:48 - [INFO] backup completed
2025-05-28 02:47:10 - [WARNING] Suspicious activity detected: ddos
2025-05-28 02:56:38 - [INFO] file downloaded
2025-05-28 03:08:43 - [INFO] user login
2025-05-28 03:11:30 - [INFO] system check passed
2025-05-28 03:12:56 - [INFO] user login
2025-05-28 03:16:46 - [INFO] user login
2025-05-28 03:21:38 - [WARNING] Suspicious activity detected: port_scan
2025-05-28 03:23:37 - [WARNING] Suspicious activity detected: unauthorized_access
2025-05-28 03:30:51 - [INFO] system check passed
2025-05-28 03:31:17 - [INFO] backup completed
2025-05-28 03:32:39 - [INFO] file downloaded
2025-05-28 03:35:13 - [WARNING] Suspicious activity detected: sql_injection
2025-05-28 03:35:44 - [INFO] system check passed
2025-05-28 03:38:16 - [INFO] config updated
2025-05-28 03:42:32 - [INFO] file uploaded
2025-05-28 03:45:41 - [INFO] user login
2025-05-28 03:51:02 - [WARNING] Suspicious activity detected: ip_blocked
2025-05-28 03:57:31 - [INFO] user login
2025-05-28 04:07:47 - [INFO] system check passed
2025-05-28 04:10:32 - [WARNING] Suspicious activity detected: port_scan
2025-05-28 04:13:57 - [WARNING] Suspicious activity detected: ddos
2025-05-28 04:15:43 - [INFO] file downloaded
2025-05-28 04:19:11 - [INFO] email sent
2025-05-28 04:29:17 - [WARNING] Suspicious activity detected: sql_injection
2025-05-28 04:31:29 - [WARNING] Suspicious activity detected: intrusion
2025-05-28 04:44:59 - [INFO] email sent
2025-05-28 04:47:38 - [INFO] email sent
2025-05-28 04:51:04 - [INFO] file downloaded
2025-05-28 04:51:19 - [INFO] email sent
2025-05-28 04:58:32 - [INFO] backup completed
2025-05-28 05:03:11 - [INFO] email sent
2025-05-28 05:03:30 - [INFO] backup completed
2025-05-28 05:03:39 - [INFO] email sent
2025-05-28 05:05:56 - [INFO] file uploaded
2025-05-28 05:06:52 - [WARNING] Suspicious activity detected: intrusion
2025-05-28 05:09:07 - [INFO] file uploaded
2025-05-28 05:13:05 - [INFO] system check passed
2025-05-28 05:22:26 - [INFO] backup completed
2025-05-28 05:23:14 - [WARNING] Suspicious activity detected: port_scan
2025-05-28 05:29:09 - [INFO] file downloaded
2025-05-28 05:50:45 - [INFO] user login
2025-05-28 06:09:49 - [INFO] backup completed
2025-05-28 06:10:20 - [INFO] system check passed
2025-05-28 06:27:12 - [WARNING] Suspicious activity detected: port_scan
2025-05-28 06:32:40 - [WARNING] Suspicious activity detected: sql_injection
2025-05-28 06:33:13 - [INFO] file uploaded
2025-05-28 06:37:21 - [WARNING] Suspicious activity detected: ddos
2025-05-28 06:42:50 - [INFO] user login
2025-05-28 06:48:03 - [INFO] file uploaded
2025-05-28 06:50:37 - [WARNING] Suspicious activity detected: malware
2025-05-28 06:56:56 - [INFO] config updated
2025-05-28 07:00:06 - [INFO] user login
2025-05-28 07:05:30 - [WARNING] Suspicious activity detected: brute_force
2025-05-28 07:08:57 - [INFO] user login
2025-05-28 07:09:47 - [INFO] system check passed
2025-05-28 07:11:30 - [INFO] email sent
2025-05-28 07:18:42 - [INFO] email sent
2025-05-28 07:25:01 - [INFO] system check passed
2025-05-28 07:28:37 - [INFO] config updated
2025-05-28 07:39:24 - [WARNING] Suspicious activity detected: intrusion
2025-05-28 07:43:59 - [INFO] backup completed
2025-05-28 07:52:42 - [INFO] backup completed
2025-05-28 07:54:17 - [INFO] config updated
2025-05-28 08:06:43 - [WARNING] Suspicious activity detected: sql_injection
2025-05-28 08:07:47 - [WARNING] Suspicious activity detected: unauthorized_access
2025-05-28 08:08:44 - [INFO] system check passed
2025-05-28 08:10:01 - [INFO] user login
2025-05-28 08:17:54 - [INFO] email sent
2025-05-28 08:36:53 - [INFO] email sent
2025-05-28 08:38:06 - [INFO] file uploaded
2025-05-28 08:45:01 - [INFO] config updated
2025-05-28 08:49:59 - [INFO] file downloaded
2025-05-28 09:08:50 - [INFO] system check passed
2025-05-28 09:11:19 - [INFO] system check passed
2025-05-28 09:44:54 - [INFO] user login
2025-05-28 09:50:52 - [INFO] email sent
2025-05-28 09:54:36 - [INFO] backup completed
2025-05-28 10:00:03 - [WARNING] Suspicious activity detected: ddos
2025-05-28 10:10:00 - [INFO] email sent
2025-05-28 10:12:22 - [INFO] backup completed
2025-05-28 10:13:02 - [INFO] user login
2025-05-28 10:16:09 - [WARNING] Suspicious activity detected: ip_blocked
2025-05-28 10:18:32 - [INFO] system check passed
2025-05-28 10:22:28 - [INFO] config updated
2025-05-28 10:29:27 - [INFO] backup completed
2025-05-28 10:29:46 - [INFO] config updated
2025-05-28 10:31:25 - [WARNING] Suspicious activity detected: ddos
2025-05-28 10:36:22 - [WARNING] Suspicious activity detected: sql_injection
2025-05-28 10:49:31 - [INFO] user login
2025-05-28 10:54:39 - [INFO] email sent
2025-05-28 10:55:12 - [INFO] config updated
2025-05-28 11:17:06 - [INFO] file downloaded
2025-05-28 11:55:18 - [WARNING] Suspicious activity detected: ddos
2025-05-28 12:01:12 - [INFO] file uploaded
2025-05-28 12:08:59 - [INFO] file uploaded
2025-05-28 12:16:35 - [INFO] email sent
2025-05-28 12:17:34 - [INFO] config updated
2025-05-28 12:20:41 - [INFO] backup completed
2025-05-28 12:27:36 - [INFO] file uploaded
2025-05-28 13:03:46 - [INFO] backup completed
2025-05-28 13:14:28 - [INFO] file downloaded
2025-05-28 13:15:46 - [INFO] file uploaded
2025-05-28 13:16:26 - [INFO] file downloaded
2025-05-28 13:17:01 - [WARNING] Suspicious activity detected: sql_injection
2025-05-28 13:18:13 - [INFO] system check passed
2025-05-28 13:26:10 - [WARNING] Suspicious activity detected: ip_blocked
2025-05-28 13:35:10 - [INFO] backup completed
2025-05-28 13:37:14 - [INFO] backup completed
2025-05-28 13:41:16 - [INFO] email sent
2025-05-28 13:42:00 - [INFO] email sent
2025-05-28 13:58:42 - [INFO] backup completed
2025-05-28 13:59:34 - [INFO] email sent
2025-05-28 14:00:56 - [INFO] system check passed
2025-05-28 14:05:57 - [INFO] file downloaded
2025-05-28 14:14:52 - [INFO] system check passed
2025-05-28 14:16:14 - [INFO] user login
2025-05-28 14:22:27 - [WARNING] Suspicious activity detected: port_scan
2025-05-28 14:38:44 - [INFO] email sent
2025-05-28 14:39:27 - [INFO] user login
2025-05-28 14:47:56 - [INFO] user login
2025-05-28 14:58:50 - [INFO] file uploaded
2025-05-28 15:01:50 - [INFO] file downloaded
2025-05-28 15:17:36 - [INFO] email sent
2025-05-28 15:22:23 - [INFO] system check passed
2025-05-28 15:25:18 - [INFO] file uploaded
2025-05-28 15:26:12 - [INFO] config updated
2025-05-28 15:30:56 - [WARNING] Suspicious activity detected: brute_force
2025-05-28 15:43:38 - [INFO] file uploaded
2025-05-28 15:56:09 - [INFO] file downloaded
2025-05-28 16:06:45 - [INFO] email sent
2025-05-28 16:09:49 - [WARNING] Suspicious activity detected: unauthorized_access
2025-05-28 16:12:20 - [INFO] email sent
2025-05-28 16:32:27 - [INFO] file uploaded
2025-05-28 16:35:53 - [INFO] config updated
2025-05-28 16:37:16 - [INFO] system check passed
2025-05-28 16:51:52 - [INFO] config updated
2025-05-28 16:53:49 - [WARNING] Suspicious activity detected: intrusion
2025-05-28 16:58:36 - [INFO] system check passed
2025-05-28 16:59:52 - [INFO] user login
2025-05-28 17:03:34 - [WARNING] Suspicious activity detected: ip_blocked
2025-05-28 17:06:25 - [INFO] email sent
2025-05-28 17:21:16 - [INFO] config updated
2025-05-28 17:23:39 - [INFO] system check passed
2025-05-28 17:36:52 - [INFO] file uploaded
2025-05-28 17:39:21 - [INFO] email sent
2025-05-28 17:40:37 - [INFO] email sent
2025-05-28 17:46:21 - [WARNING] Suspicious activity detected: brute_force
2025-05-28 17:59:11 - [INFO] file uploaded
2025-05-28 17:59:36 - [INFO] file uploaded
2025-05-28 18:04:39 - [INFO] config updated
2025-05-28 18:05:20 - [INFO] file downloaded
2025-05-28 18:10:13 - [INFO] file downloaded
2025-05-28 18:13:03 - [WARNING] Suspicious activity detected: unauthorized_access
2025-05-28 18:13:58 - [WARNING] Suspicious activity detected: brute_force
2025-05-28 18:14:09 - [INFO] system check passed
2025-05-28 18:31:33 - [INFO] backup completed
2025-05-28 18:54:26 - [INFO] email sent
2025-05-28 19:04:25 - [INFO] user login
2025-05-28 19:05:15 - [WARNING] Suspicious activity detected: ip_blocked
2025-05-28 19:06:06 - [INFO] config updated
2025-05-28 19:12:14 - [WARNING] Suspicious activity detected: port_scan
2025-05-28 19:15:19 - [INFO] file downloaded
2025-05-28 19:15:44 - [INFO] file downloaded
2025-05-28 19:18:31 - [INFO] file downloaded
2025-05-28 19:21:17 - [INFO] user login
2025-05-28 19:24:38 - [INFO] user login
2025-05-28 19:35:21 - [INFO] user login
2025-05-28 19:42:58 - [INFO] system check passed
2025-05-28 19:43:04 - [WARNING] Suspicious activity detected: intrusion
2025-05-28 19:44:37 - [INFO] email sent
2025-05-28 19:44:45 - [INFO] config updated
2025-05-28 19:51:35 - [WARNING] Suspicious activity detected: unauthorized_access
2025-05-28 20:00:05 - [INFO] email sent
2025-05-28 20:09:45 - [INFO] system check passed
2025-05-28 20:23:57 - [WARNING] Suspicious activity detected: malware
2025-05-28 20:29:17 - [INFO] user login
2025-05-28 20:30:50 - [WARNING] Suspicious activity detected: intrusion
2025-05-28 20:35:11 - [INFO] email sent
2025-05-28 20:37:07 - [INFO] user login
2025-05-28 20:38:51 - [WARNING] Suspicious activity detected: ip_blocked
2025-05-28 20:45:53 - [INFO] system check passed
2025-05-28 20:47:46 - [INFO] config updated
2025-05-28 21:13:59 - [INFO] backup completed
2025-05-28 21:16:48 - [INFO] file uploaded
2025-05-28 21:18:43 - [INFO] file uploaded
2025-05-28 21:32:35 - [WARNING] Suspicious activity detected: intrusion
2025-05-28 21:37:54 - [INFO] file downloaded
2025-05-28 21:48:59 - [INFO] backup completed
2025-05-28 22:00:55 - [WARNING] Suspicious activity detected: malware
2025-05-28 22:01:24 - [INFO] system check passed
2025-05-28 22:13:07 - [INFO] file uploaded
2025-05-28 22:13:28 - [WARNING] Suspicious activity detected: ddos
2025-05-28 22:15:55 - [INFO] backup completed
2025-05-28 22:21:23 - [INFO] user login
2025-05-28 22:23:43 - [INFO] file uploaded
2025-05-28 22:25:20 - [INFO] file downloaded
2025-05-28 22:25:28 - [INFO] config updated
2025-05-28 22:37:42 - [INFO] email sent
2025-05-28 22:54:20 - [INFO] system check passed
2025-05-28 23:06:53 - [INFO] backup completed
2025-05-28 23:09:34 - [WARNING] Suspicious activity detected: intrusion
2025-05-28 23:15:27 - [INFO] file downloaded
2025-05-28 23:17:23 - [WARNING] Suspicious activity detected: intrusion
2025-05-28 23:20:03 - [INFO] file downloaded
2025-05-28 23:21:47 - [INFO] email sent
2025-05-28 23:31:21 - [INFO] file uploaded
2025-05-28 23:32:03 - [INFO] email sent
2025-05-28 23:34:14 - [INFO] file uploaded
2025-05-28 23:44:19 - [INFO] user login
2025-05-28 23:45:54 - [INFO] file uploaded