2025-05-03 00:00:36 - [INFO] system check passed
2025-05-03 00:07:16 - [INFO] config updated
2025-05-03 00:08:39 - [WARNING] Suspicious activity detected: malware
2025-05-03 00:17:57 - [INFO] email sent
2025-05-03 00:23:24 - [INFO] backup completed
2025-05-03 00:28:45 - [INFO] system check passed
2025-05-03 00:37:41 - [INFO] user login
2025-05-03 00:39:39 - [WARNING] Suspicious activity detected: unauthorized_access
2025-05-03 00:42:39 - [WARNING] Suspicious activity detected: intrusion
2025-05-03 00:46:01 - [INFO] config updated
2025-05-03 00:58:26 - [WARNING] Suspicious activity detected: brute_force
2025-05-03 01:06:12 - [INFO] email sent
2025-05-03 01:06:23 - [WARNING] Suspicious activity detected: port_scan
2025-05-03 01:09:46 - [INFO] config updated
2025-05-03 01:11:35 - [INFO] file uploaded
2025-05-03 01:11:50 - [INFO] system check passed
2025-05-03 01:12:02 - [INFO] file downloaded
2025-05-03 01:15:05 - [INFO] email sent
2025-05-03 01:18:26 - [INFO] config updated
2025-05-03 01:26:40 - [INFO] system check passed
2025-05-03 01:27:24 - [INFO] user login
2025-05-03 01:33:40 - [INFO] system check passed
2025-05-03 01:40:31 - [INFO] user login
2025-05-03 01:44:59 - [WARNING] Suspicious activity detected: port_scan
2025-05-03 01:54:36 - [INFO] system check passed
2025-05-03 02:08:58 - [INFO] user login
2025-05-03 02:21:05 - [WARNING] Suspicious activity detected: unauthorized_access
2025-05-03 03:02:03 - [WARNING] Suspicious activity detected: malware
2025-05-03 03:09:17 - [INFO] email sent
2025-05-03 03:11:12 - [INFO] file downloaded
2025-05-03 03:28:52 - [INFO] email sent
2025-05-03 03:31:16 - [INFO] file uploaded
2025-05-03 03:35:07 - [INFO] user login
2025-05-03 03:39:58 - [INFO] file downloaded
2025-05-03 03:48:10 - [WARNING] Suspicious activity detected: brute_force
2025-05-03 04:00:13 - [INFO] email sent
2025-05-03 04:08:58 - [WARNING] Suspicious activity detected: ddos
2025-05-03 04:20:21 - [INFO] file downloaded
2025-05-03 04:26:19 - [INFO] user login
2025-05-03 04:26:41 - [INFO] file uploaded
2025-05-03 04:36:20 - [INFO] backup completed
2025-05-03 04:40:39 - [INFO] backup completed
2025-05-03 04:43:16 - [INFO] file uploaded
2025-05-03 04:47:53 - [WARNING] Suspicious activity detected: ddos
2025-05-03 04:52:53 - [INFO] email sent
2025-05-03 04:54:47 - [WARNING] Suspicious activity detected: port_scan
2025-05-03 04:59:28 - [WARNING] Suspicious activity detected: ip_blocked
2025-05-03 05:04:41 - [INFO] email sent
2025-05-03 05:26:02 - [WARNING] Suspicious activity detected: brute_force
2025-05-03 05:30:05 - [WARNING] Suspicious activity detected: malware
2025-05-03 05:32:56 - [WARNING] Suspicious activity detected: sql_injection
2025-05-03 05:34:01 - [INFO] file downloaded
2025-05-03 05:43:13 - [INFO] file uploaded
2025-05-03 05:46:47 - [INFO] config updated
2025-05-03 05:50:41 - [INFO] user login
2025-05-03 05:58:27 - [INFO] file downloaded
2025-05-03 06:08:39 - [WARNING] Suspicious activity detected: unauthorized_access
2025-05-03 06:10:15 - [WARNING] Suspicious activity detected: unauthorized_access
2025-05-03 06:12:03 - [INFO] backup completed
2025-05-03 06:14:52 - [WARNING] Suspicious activity detected: sql_injection
2025-05-03 06:15:24 - [INFO] file uploaded
2025-05-03 06:17:55 - [INFO] file uploaded
2025-05-03 06:27:02 - [INFO] email sent
2025-05-03 06:29:10 - [INFO] file uploaded
2025-05-03 06:30:02 - [INFO] file downloaded
2025-05-03 06:32:55 - [INFO] config updated
2025-05-03 06:39:26 - [WARNING] Suspicious activity detected: ip_blocked
2025-05-03 06:44:17 - [WARNING] Suspicious activity detected: intrusion
2025-05-03 06:44:36 - [INFO] user login
2025-05-03 06:50:32 - [INFO] system check passed
2025-05-03 06:51:21 - [INFO] config updated
2025-05-03 06:55:43 - [WARNING] Suspicious activity detected: sql_injection
2025-05-03 06:56:02 - [INFO] backup completed
2025-05-03 07:07:56 - [WARNING] Suspicious activity detected: brute_force
2025-05-03 07:26:14 - [INFO] file downloaded
2025-05-03 07:32:34 - [INFO] file downloaded
2025-05-03 07:35:28 - [INFO] email sent
2025-05-03 07:45:06 - [INFO] email sent
2025-05-03 07:46:48 - [WARNING] Suspicious activity detected: brute_force
2025-05-03 07:47:01 - [INFO] email sent
2025-05-03 07:47:04 - [INFO] system check passed
2025-05-03 07:47:26 - [WARNING] Suspicious activity detected: port_scan
2025-05-03 07:59:38 - [WARNING] Suspicious activity detected: intrusion
2025-05-03 07:59:57 - [INFO] backup completed
2025-05-03 08:17:39 - [INFO] config updated
2025-05-03 08:17:52 - [INFO] file downloaded
2025-05-03 08:32:14 - [WARNING] Suspicious activity detected: port_scan
2025-05-03 08:45:34 - [INFO] file uploaded
2025-05-03 08:51:09 - [INFO] file uploaded
2025-05-03 08:58:30 - [INFO] backup completed
2025-05-03 09:07:23 - [INFO] file uploaded
2025-05-03 09:11:07 - [INFO] user login
2025-05-03 09:18:51 - [INFO] email sent
2025-05-03 09:20:50 - [INFO] backup completed
2025-05-03 09:26:39 - [INFO] backup completed
2025-05-03 09:34:34 - [WARNING] Suspicious activity detected: unauthorized_access
2025-05-03 09:41:12 - [INFO] config updated
2025-05-03 09:43:40 - [WARNING] Suspicious activity detected: sql_injection
2025-05-03 09:50:27 - [INFO] system check passed
2025-05-03 09:53:44 - [WARNING] Suspicious activity detected: malware
2025-05-03 09:55:56 - [WARNING] Suspicious activity detected: malware
2025-05-03 09:56:43 - [WARNING] Suspicious activity detected: port_scan
2025-05-03 09:58:48 - [INFO] file uploaded
2025-05-03 10:00:52 - [WARNING] Suspicious activity detected: ddos
2025-05-03 10:12:04 - [WARNING] Suspicious activity detected: malware
2025-05-03 10:17:58 - [INFO] file downloaded
2025-05-03 10:21:37 - [INFO] backup completed
2025-05-03 10:23:21 - [INFO] user login
2025-05-03 10:27:35 - [WARNING] Suspicious activity detected: port_scan
2025-05-03 10:29:24 - [INFO] file uploaded
2025-05-03 10:33:27 - [INFO] file uploaded
2025-05-03 10:45:18 - [INFO] backup completed
2025-05-03 11:07:40 - [INFO] config updated
2025-05-03 11:13:35 - [WARNING] Suspicious activity detected: ddos
2025-05-03 11:14:56 - [INFO] file downloaded
2025-05-03 11:56:12 - [INFO] file uploaded
2025-05-03 11:59:57 - [INFO] backup completed
2025-05-03 12:05:23 - [INFO] system check passed
2025-05-03 12:05:27 - [WARNING] Suspicious activity detected: intrusion
2025-05-03 12:12:04 - [INFO] system check passed
2025-05-03 12:13:38 - [INFO] user login
2025-05-03 12:17:45 - [INFO] email sent
2025-05-03 12:20:47 - [WARNING] Suspicious activity detected: ddos
2025-05-03 12:20:55 - [INFO] backup completed
2025-05-03 12:22:05 - [INFO] file uploaded
2025-05-03 12:26:52 - [INFO] system check passed
2025-05-03 12:28:57 - [INFO] config updated
2025-05-03 12:50:21 - [INFO] backup completed
2025-05-03 12:53:20 - [WARNING] Suspicious activity detected: ddos
2025-05-03 13:00:51 - [WARNING] Suspicious activity detected: port_scan
2025-05-03 13:02:48 - [WARNING] Suspicious activity detected: port_scan
2025-05-03 13:03:08 - [INFO] config updated
2025-05-03 13:14:00 - [WARNING] Suspicious activity detected: intrusion
2025-05-03 13:33:00 - [INFO] backup completed
2025-05-03 13:36:13 - [INFO] user login
2025-05-03 13:37:01 - [WARNING] Suspicious activity detected: brute_force
2025-05-03 13:42:52 - [WARNING] Suspicious activity detected: ddos
2025-05-03 13:51:21 - [WARNING] Suspicious activity detected: sql_injection
2025-05-03 13:53:10 - [INFO] email sent
2025-05-03 14:00:12 - [WARNING] Suspicious activity detected: sql_injection
2025-05-03 14:15:30 - [INFO] file uploaded
2025-05-03 14:28:26 - [INFO] user login
2025-05-03 14:35:33 - [INFO] file uploaded
2025-05-03 14:39:44 - [INFO] system check passed
2025-05-03 14:52:02 - [INFO] user login
2025-05-03 14:56:19 - [INFO] backup completed
2025-05-03 14:58:23 - [WARNING] Suspicious activity detected: brute_force
2025-05-03 15:08:24 - [INFO] backup completed
2025-05-03 15:18:47 - [INFO] system check passed
2025-05-03 15:24:51 - [WARNING] Suspicious activity detected: sql_injection
2025-05-03 15:25:15 - [INFO] config updated
2025-05-03 15:29:36 - [INFO] system check passed
2025-05-03 15:29:36 - [INFO] backup completed
2025-05-03 15:49:44 - [WARNING] Suspicious activity detected: sql_injection
2025-05-03 15:53:29 - [INFO] config updated
2025-05-03 15:59:59 - [WARNING] Suspicious activity detected: malware
2025-05-03 16:00:00 - [WARNING] Suspicious activity detected: malware
2025-05-03 16:04:15 - [INFO] email sent
2025-05-03 16:06:25 - [INFO] file downloaded
2025-05-03 16:31:51 - [INFO] user login
2025-05-03 16:32:49 - [WARNING] Suspicious activity detected: malware
2025-05-03 17:16:33 - [INFO] file uploaded
2025-05-03 17:19:15 - [INFO] system check passed
2025-05-03 17:20:50 - [INFO] config updated
2025-05-03 17:23:18 - [INFO] file downloaded
2025-05-03 17:34:06 - [INFO] user login
2025-05-03 17:53:32 - [INFO] system check passed
2025-05-03 18:10:39 - [WARNING] Suspicious activity detected: ip_blocked
2025-05-03 18:17:36 - [INFO] file uploaded
2025-05-03 18:29:24 - [INFO] email sent
2025-05-03 18:30:43 - [WARNING] Suspicious activity detected: brute_force
2025-05-03 18:41:13 - [WARNING] Suspicious activity detected: ddos
2025-05-03 18:42:17 - [WARNING] Suspicious activity detected: malware
2025-05-03 18:50:05 - [WARNING] Suspicious activity detected: port_scan
2025-05-03 19:04:41 - [INFO] config updated
2025-05-03 19:04:52 - [WARNING] Suspicious activity detected: port_scan
2025-05-03 19:18:54 - [WARNING] Suspicious activity detected: unauthorized_access
2025-05-03 19:26:16 - [INFO] email sent
2025-05-03 19:30:35 - [WARNING] Suspicious activity detected: sql_injection
2025-05-03 19:41:28 - [INFO] email sent
2025-05-03 19:43:57 - [INFO] config updated
2025-05-03 20:03:21 - [INFO] backup completed
2025-05-03 20:27:01 - [INFO] user login
2025-05-03 20:40:09 - [INFO] file downloaded
2025-05-03 20:43:22 - [WARNING] Suspicious activity detected: brute_force
2025-05-03 20:55:35 - [WARNING] Suspicious activity detected: unauthorized_access
2025-05-03 21:02:42 - [INFO] backup completed
2025-05-03 21:08:14 - [INFO] backup completed
2025-05-03 21:12:58 - [WARNING] Suspicious activity detected: port_scan
2025-05-03 21:14:12 - [INFO] file uploaded
2025-05-03 21:20:30 - [INFO] file downloaded
2025-05-03 21:24:32 - [INFO] file uploaded
2025-05-03 21:24:58 - [INFO] config updated
2025-05-03 21:35:10 - [INFO] user login
2025-05-03 21:35:24 - [WARNING] Suspicious activity detected: unauthorized_access
2025-05-03 21:45:44 - [INFO] email sent
2025-05-03 21:54:29 - [WARNING] Suspicious activity detected: unauthorized_access
2025-05-03 21:54:55 - [INFO] backup completed
2025-05-03 21:55:46 - [INFO] system check passed
2025-05-03 22:02:37 - [WARNING] Suspicious activity detected: intrusion
2025-05-03 22:26:20 - [INFO] user login
2025-05-03 22:34:10 - [WARNING] Suspicious activity detected: port_scan
2025-05-03 22:48:24 - [INFO] user login
2025-05-03 23:22:40 - [INFO] backup completed
2025-05-03 23:34:03 - [INFO] email sent
2025-05-03 23:37:56 - [WARNING] Suspicious activity detected: ddos
2025-05-03 23:38:31 - [WARNING] Suspicious activity detected: malware
2025-05-03 23:48:24 - [INFO] file downloaded
2025-05-03 23:48:25 - [INFO] user login
2025-05-03 23:50:52 - [WARNING] Suspicious activity detected: unauthorized_access