2025-04-13 00:23:02 - [WARNING] Suspicious activity detected: unauthorized_access
2025-04-13 00:25:40 - [INFO] config updated
2025-04-13 00:30:49 - [INFO] config updated
2025-04-13 00:36:44 - [WARNING] Suspicious activity detected: sql_injection
2025-04-13 00:47:31 - [INFO] user login
2025-04-13 00:56:28 - [INFO] system check passed
2025-04-13 01:07:10 - [INFO] file downloaded
2025-04-13 01:11:47 - [INFO] user login
2025-04-13 01:27:30 - [INFO] config updated
2025-04-13 01:35:36 - [WARNING] Suspicious activity detected: ddos
2025-04-13 01:39:43 - [WARNING] Suspicious activity detected: intrusion
2025-04-13 01:52:51 - [WARNING] Suspicious activity detected: unauthorized_access
2025-04-13 01:55:42 - [INFO] backup completed
2025-04-13 02:01:10 - [INFO] config updated
2025-04-13 02:03:05 - [INFO] user login
2025-04-13 02:03:59 - [INFO] file downloaded
2025-04-13 02:08:41 - [WARNING] Suspicious activity detected: sql_injection
2025-04-13 02:17:32 - [INFO] file uploaded
2025-04-13 02:20:44 - [INFO] email sent
2025-04-13 02:25:02 - [WARNING] Suspicious activity detected: malware
2025-04-13 02:41:29 - [INFO] backup completed
2025-04-13 02:45:54 - [WARNING] Suspicious activity detected: malware
2025-04-13 02:51:31 - [WARNING] Suspicious activity detected: unauthorized_access
2025-04-13 02:57:31 - [INFO] user login
2025-04-13 03:06:25 - [INFO] backup completed
2025-04-13 03:09:05 - [INFO] file uploaded
2025-04-13 03:16:00 - [INFO] config updated
2025-04-13 03:24:18 - [INFO] file uploaded
2025-04-13 03:27:53 - [INFO] backup completed
2025-04-13 03:49:19 - [INFO] email sent
2025-04-13 03:50:17 - [INFO] system check passed
2025-04-13 04:03:22 - [WARNING] Suspicious activity detected: ddos
2025-04-13 04:04:58 - [WARNING] Suspicious activity detected: malware
2025-04-13 04:12:49 - [INFO] system check passed
2025-04-13 04:13:46 - [WARNING] Suspicious activity detected: ip_blocked
2025-04-13 04:29:32 - [WARNING] Suspicious activity detected: ip_blocked
2025-04-13 04:37:07 - [INFO] config updated
2025-04-13 04:50:48 - [INFO] backup completed
2025-04-13 05:01:56 - [INFO] backup completed
2025-04-13 05:03:45 - [WARNING] Suspicious activity detected: intrusion
2025-04-13 05:04:30 - [WARNING] Suspicious activity detected: unauthorized_access
2025-04-13 05:06:25 - [INFO] backup completed
2025-04-13 05:07:04 - [INFO] system check passed
2025-04-13 05:07:40 - [WARNING] Suspicious activity detected: ip_blocked
2025-04-13 05:09:35 - [INFO] system check passed
2025-04-13 05:16:20 - [INFO] backup completed
2025-04-13 05:33:22 - [INFO] file downloaded
2025-04-13 05:36:29 - [INFO] file uploaded
2025-04-13 05:41:39 - [INFO] file downloaded
2025-04-13 05:43:29 - [WARNING] Suspicious activity detected: sql_injection
2025-04-13 05:49:56 - [INFO] system check passed
2025-04-13 05:56:52 - [INFO] file downloaded
2025-04-13 06:28:11 - [WARNING] Suspicious activity detected: brute_force
2025-04-13 06:29:40 - [INFO] backup completed
2025-04-13 06:37:09 - [INFO] backup completed
2025-04-13 06:41:02 - [WARNING] Suspicious activity detected: port_scan
2025-04-13 06:41:45 - [WARNING] Suspicious activity detected: malware
2025-04-13 07:13:52 - [INFO] file downloaded
2025-04-13 07:14:00 - [INFO] backup completed
2025-04-13 07:16:43 - [INFO] file uploaded
2025-04-13 07:34:16 - [WARNING] Suspicious activity detected: ip_blocked
2025-04-13 07:39:32 - [WARNING] Suspicious activity detected: malware
2025-04-13 07:41:28 - [INFO] user login
2025-04-13 07:44:07 - [INFO] config updated
2025-04-13 07:49:28 - [INFO] file downloaded
2025-04-13 08:06:27 - [INFO] file downloaded
2025-04-13 08:08:24 - [WARNING] Suspicious activity detected: brute_force
2025-04-13 08:11:43 - [INFO] file downloaded
2025-04-13 08:25:35 - [WARNING] Suspicious activity detected: unauthorized_access
2025-04-13 08:29:50 - [WARNING] Suspicious activity detected: malware
2025-04-13 08:45:08 - [INFO] user login
2025-04-13 08:46:12 - [INFO] email sent
2025-04-13 09:01:13 - [INFO] config updated
2025-04-13 09:08:29 - [INFO] email sent
2025-04-13 09:14:52 - [WARNING] Suspicious activity detected: port_scan
2025-04-13 09:16:24 - [WARNING] Suspicious activity detected: ddos
2025-04-13 09:17:55 - [WARNING] Suspicious activity detected: ip_blocked
2025-04-13 09:21:05 - [WARNING] Suspicious activity detected: malware
2025-04-13 09:29:16 - [INFO] config updated
2025-04-13 09:30:49 - [INFO] config updated
2025-04-13 09:40:02 - [INFO] file downloaded
2025-04-13 09:42:25 - [WARNING] Suspicious activity detected: port_scan
2025-04-13 09:46:12 - [INFO] user login
2025-04-13 09:50:37 - [INFO] system check passed
2025-04-13 09:51:23 - [INFO] user login
2025-04-13 10:05:00 - [INFO] user login
2025-04-13 10:11:42 - [INFO] file uploaded
2025-04-13 10:13:36 - [WARNING] Suspicious activity detected: port_scan
2025-04-13 10:16:23 - [WARNING] Suspicious activity detected: sql_injection
2025-04-13 10:18:21 - [WARNING] Suspicious activity detected: brute_force
2025-04-13 10:41:51 - [INFO] system check passed
2025-04-13 10:46:36 - [WARNING] Suspicious activity detected: port_scan
2025-04-13 10:48:44 - [INFO] email sent
2025-04-13 10:49:56 - [INFO] config updated
2025-04-13 10:58:27 - [INFO] file downloaded
2025-04-13 11:20:00 - [INFO] file uploaded
2025-04-13 11:21:58 - [INFO] file uploaded
2025-04-13 11:23:20 - [INFO] file uploaded
2025-04-13 11:33:52 - [INFO] file uploaded
2025-04-13 11:37:01 - [INFO] config updated
2025-04-13 11:42:53 - [INFO] system check passed
2025-04-13 11:49:38 - [INFO] user login
2025-04-13 11:56:08 - [INFO] file downloaded
2025-04-13 12:04:41 - [INFO] config updated
2025-04-13 12:35:33 - [INFO] file downloaded
2025-04-13 12:39:56 - [INFO] user login
2025-04-13 12:49:40 - [WARNING] Suspicious activity detected: unauthorized_access
2025-04-13 12:52:59 - [INFO] system check passed
2025-04-13 13:13:43 - [INFO] email sent
2025-04-13 13:33:31 - [INFO] file downloaded
2025-04-13 13:37:14 - [INFO] email sent
2025-04-13 13:38:40 - [INFO] file uploaded
2025-04-13 13:40:15 - [INFO] file downloaded
2025-04-13 13:46:16 - [INFO] email sent
2025-04-13 13:47:24 - [INFO] backup completed
2025-04-13 13:50:29 - [WARNING] Suspicious activity detected: intrusion
2025-04-13 13:55:52 - [WARNING] Suspicious activity detected: ip_blocked
2025-04-13 13:56:24 - [INFO] system check passed
2025-04-13 13:58:50 - [WARNING] Suspicious activity detected: intrusion
2025-04-13 14:08:39 - [WARNING] Suspicious activity detected: port_scan
2025-04-13 14:18:03 - [WARNING] Suspicious activity detected: brute_force
2025-04-13 14:35:21 - [INFO] backup completed
2025-04-13 14:40:10 - [INFO] email sent
2025-04-13 15:04:14 - [WARNING] Suspicious activity detected: ddos
2025-04-13 15:14:20 - [WARNING] Suspicious activity detected: malware
2025-04-13 15:35:10 - [INFO] file downloaded
2025-04-13 15:36:27 - [INFO] user login
2025-04-13 15:46:35 - [INFO] system check passed
2025-04-13 15:47:00 - [INFO] system check passed
2025-04-13 15:52:53 - [INFO] email sent
2025-04-13 15:54:25 - [INFO] config updated
2025-04-13 16:07:22 - [WARNING] Suspicious activity detected: port_scan
2025-04-13 16:12:44 - [WARNING] Suspicious activity detected: sql_injection
2025-04-13 16:23:37 - [INFO] user login
2025-04-13 16:23:37 - [INFO] backup completed
2025-04-13 16:29:31 - [INFO] backup completed
2025-04-13 16:41:28 - [INFO] user login
2025-04-13 16:53:46 - [WARNING] Suspicious activity detected: ddos
2025-04-13 16:55:48 - [INFO] backup completed
2025-04-13 16:56:26 - [INFO] config updated
2025-04-13 17:01:15 - [WARNING] Suspicious activity detected: ddos
2025-04-13 17:05:20 - [INFO] config updated
2025-04-13 17:06:13 - [WARNING] Suspicious activity detected: port_scan
2025-04-13 17:08:28 - [WARNING] Suspicious activity detected: unauthorized_access
2025-04-13 17:10:09 - [WARNING] Suspicious activity detected: sql_injection
2025-04-13 17:10:24 - [WARNING] Suspicious activity detected: unauthorized_access
2025-04-13 17:19:33 - [WARNING] Suspicious activity detected: ip_blocked
2025-04-13 17:33:12 - [INFO] config updated
2025-04-13 17:40:20 - [WARNING] Suspicious activity detected: ip_blocked
2025-04-13 17:46:45 - [INFO] config updated
2025-04-13 17:48:28 - [INFO] system check passed
2025-04-13 17:53:20 - [INFO] backup completed
2025-04-13 17:59:10 - [WARNING] Suspicious activity detected: port_scan
2025-04-13 18:02:40 - [INFO] user login
2025-04-13 18:05:17 - [WARNING] Suspicious activity detected: ddos
2025-04-13 18:11:29 - [INFO] system check passed
2025-04-13 18:33:00 - [INFO] user login
2025-04-13 18:38:28 - [WARNING] Suspicious activity detected: ip_blocked
2025-04-13 18:42:26 - [INFO] file uploaded
2025-04-13 18:48:22 - [INFO] backup completed
2025-04-13 18:55:51 - [INFO] file downloaded
2025-04-13 19:05:48 - [WARNING] Suspicious activity detected: ddos
2025-04-13 19:06:19 - [INFO] user login
2025-04-13 19:14:38 - [INFO] email sent
2025-04-13 19:37:53 - [INFO] file uploaded
2025-04-13 19:44:59 - [INFO] system check passed
2025-04-13 20:20:52 - [INFO] backup completed
2025-04-13 20:50:23 - [INFO] email sent
2025-04-13 20:54:22 - [INFO] user login
2025-04-13 20:55:42 - [WARNING] Suspicious activity detected: ddos
2025-04-13 20:59:11 - [WARNING] Suspicious activity detected: sql_injection
2025-04-13 21:00:19 - [INFO] config updated
2025-04-13 21:00:38 - [WARNING] Suspicious activity detected: intrusion
2025-04-13 21:05:16 - [WARNING] Suspicious activity detected: unauthorized_access
2025-04-13 21:17:40 - [WARNING] Suspicious activity detected: malware
2025-04-13 21:18:25 - [INFO] email sent
2025-04-13 21:25:49 - [WARNING] Suspicious activity detected: malware
2025-04-13 21:29:03 - [INFO] file uploaded
2025-04-13 21:49:04 - [INFO] file downloaded
2025-04-13 21:51:29 - [WARNING] Suspicious activity detected: port_scan
2025-04-13 21:55:55 - [WARNING] Suspicious activity detected: port_scan
2025-04-13 22:02:10 - [WARNING] Suspicious activity detected: malware
2025-04-13 22:18:10 - [INFO] file downloaded
2025-04-13 22:34:09 - [INFO] file downloaded
2025-04-13 23:08:02 - [INFO] backup completed
2025-04-13 23:16:58 - [INFO] backup completed
2025-04-13 23:20:00 - [WARNING] Suspicious activity detected: intrusion
2025-04-13 23:22:55 - [INFO] file downloaded
2025-04-13 23:25:03 - [INFO] email sent
2025-04-13 23:27:06 - [INFO] file downloaded
2025-04-13 23:47:13 - [INFO] file uploaded
2025-04-13 23:47:41 - [INFO] backup completed
2025-04-13 23:52:34 - [INFO] config updated