2025-06-21 00:05:29 - [INFO] email sent
2025-06-21 00:12:16 - [WARNING] Suspicious activity detected: intrusion
2025-06-21 00:13:42 - [INFO] file uploaded
2025-06-21 00:17:22 - [WARNING] Suspicious activity detected: unauthorized_access
2025-06-21 00:26:24 - [INFO] email sent
2025-06-21 00:27:39 - [INFO] user login
2025-06-21 00:29:18 - [INFO] user login
2025-06-21 00:38:27 - [INFO] backup completed
2025-06-21 00:40:26 - [INFO] email sent
2025-06-21 00:43:08 - [WARNING] Suspicious activity detected: ddos
2025-06-21 00:47:25 - [INFO] user login
2025-06-21 01:03:48 - [WARNING] Suspicious activity detected: brute_force
2025-06-21 01:04:49 - [INFO] user login
2025-06-21 01:05:15 - [INFO] email sent
2025-06-21 01:08:51 - [INFO] backup completed
2025-06-21 01:15:18 - [INFO] backup completed
2025-06-21 01:16:35 - [INFO] user login
2025-06-21 01:22:27 - [WARNING] Suspicious activity detected: intrusion
2025-06-21 01:35:43 - [INFO] email sent
2025-06-21 01:38:25 - [INFO] file downloaded
2025-06-21 01:39:00 - [INFO] email sent
2025-06-21 01:41:58 - [WARNING] Suspicious activity detected: intrusion
2025-06-21 01:47:01 - [INFO] config updated
2025-06-21 01:49:15 - [INFO] backup completed
2025-06-21 02:05:08 - [INFO] config updated
2025-06-21 02:08:34 - [INFO] config updated
2025-06-21 02:25:05 - [WARNING] Suspicious activity detected: port_scan
2025-06-21 02:27:19 - [WARNING] Suspicious activity detected: ip_blocked
2025-06-21 02:32:35 - [WARNING] Suspicious activity detected: intrusion
2025-06-21 02:43:31 - [WARNING] Suspicious activity detected: intrusion
2025-06-21 02:54:57 - [INFO] backup completed
2025-06-21 03:07:56 - [INFO] file uploaded
2025-06-21 03:11:17 - [INFO] system check passed
2025-06-21 03:33:49 - [INFO] system check passed
2025-06-21 03:35:39 - [INFO] system check passed
2025-06-21 03:35:54 - [INFO] config updated
2025-06-21 03:36:06 - [INFO] config updated
2025-06-21 03:47:47 - [INFO] backup completed
2025-06-21 03:57:49 - [INFO] config updated
2025-06-21 04:06:54 - [INFO] config updated
2025-06-21 04:10:46 - [INFO] email sent
2025-06-21 04:13:57 - [WARNING] Suspicious activity detected: brute_force
2025-06-21 04:31:15 - [INFO] file uploaded
2025-06-21 04:47:11 - [INFO] config updated
2025-06-21 04:54:28 - [INFO] system check passed
2025-06-21 05:10:30 - [WARNING] Suspicious activity detected: unauthorized_access
2025-06-21 05:11:25 - [INFO] email sent
2025-06-21 05:25:52 - [WARNING] Suspicious activity detected: intrusion
2025-06-21 05:27:44 - [INFO] backup completed
2025-06-21 05:31:47 - [INFO] config updated
2025-06-21 05:38:09 - [INFO] file uploaded
2025-06-21 05:38:41 - [INFO] config updated
2025-06-21 05:40:36 - [INFO] email sent
2025-06-21 05:44:19 - [INFO] file uploaded
2025-06-21 05:50:33 - [INFO] backup completed
2025-06-21 06:01:15 - [INFO] email sent
2025-06-21 06:01:48 - [WARNING] Suspicious activity detected: ip_blocked
2025-06-21 06:18:34 - [INFO] file uploaded
2025-06-21 06:21:52 - [INFO] backup completed
2025-06-21 06:30:06 - [INFO] user login
2025-06-21 06:34:13 - [INFO] file downloaded
2025-06-21 06:40:26 - [INFO] file uploaded
2025-06-21 06:41:45 - [INFO] backup completed
2025-06-21 06:48:32 - [WARNING] Suspicious activity detected: ddos
2025-06-21 07:05:08 - [WARNING] Suspicious activity detected: sql_injection
2025-06-21 07:06:14 - [INFO] config updated
2025-06-21 07:06:52 - [WARNING] Suspicious activity detected: port_scan
2025-06-21 07:06:54 - [INFO] config updated
2025-06-21 07:12:08 - [INFO] file uploaded
2025-06-21 07:14:24 - [INFO] file downloaded
2025-06-21 07:19:56 - [INFO] backup completed
2025-06-21 07:20:47 - [INFO] file downloaded
2025-06-21 07:33:12 - [INFO] email sent
2025-06-21 07:35:05 - [INFO] email sent
2025-06-21 07:39:06 - [INFO] system check passed
2025-06-21 07:42:51 - [INFO] config updated
2025-06-21 07:51:32 - [INFO] system check passed
2025-06-21 07:52:36 - [WARNING] Suspicious activity detected: sql_injection
2025-06-21 07:59:20 - [INFO] user login
2025-06-21 07:59:34 - [INFO] file uploaded
2025-06-21 07:59:37 - [INFO] config updated
2025-06-21 08:08:44 - [WARNING] Suspicious activity detected: intrusion
2025-06-21 08:09:01 - [INFO] config updated
2025-06-21 08:10:35 - [INFO] file downloaded
2025-06-21 08:14:14 - [WARNING] Suspicious activity detected: sql_injection
2025-06-21 08:17:14 - [INFO] file downloaded
2025-06-21 08:19:33 - [WARNING] Suspicious activity detected: brute_force
2025-06-21 08:20:28 - [INFO] backup completed
2025-06-21 08:32:47 - [INFO] user login
2025-06-21 08:38:16 - [WARNING] Suspicious activity detected: malware
2025-06-21 08:38:17 - [INFO] backup completed
2025-06-21 08:52:51 - [INFO] backup completed
2025-06-21 08:55:29 - [INFO] system check passed
2025-06-21 09:11:23 - [INFO] system check passed
2025-06-21 09:11:35 - [INFO] backup completed
2025-06-21 09:22:12 - [WARNING] Suspicious activity detected: unauthorized_access
2025-06-21 09:22:14 - [INFO] email sent
2025-06-21 09:22:19 - [INFO] backup completed
2025-06-21 09:26:43 - [INFO] file uploaded
2025-06-21 09:36:23 - [INFO] file uploaded
2025-06-21 09:56:49 - [INFO] backup completed
2025-06-21 10:04:59 - [INFO] system check passed
2025-06-21 10:05:28 - [INFO] config updated
2025-06-21 10:14:20 - [WARNING] Suspicious activity detected: unauthorized_access
2025-06-21 10:16:29 - [WARNING] Suspicious activity detected: sql_injection
2025-06-21 10:25:52 - [INFO] file downloaded
2025-06-21 10:30:38 - [INFO] backup completed
2025-06-21 10:38:36 - [INFO] file uploaded
2025-06-21 10:45:19 - [INFO] file uploaded
2025-06-21 10:50:55 - [INFO] backup completed
2025-06-21 10:56:00 - [INFO] file uploaded
2025-06-21 10:56:57 - [INFO] user login
2025-06-21 10:57:49 - [INFO] file uploaded
2025-06-21 11:02:20 - [INFO] file uploaded
2025-06-21 11:19:06 - [INFO] user login
2025-06-21 11:22:04 - [WARNING] Suspicious activity detected: intrusion
2025-06-21 11:26:17 - [INFO] user login
2025-06-21 11:30:16 - [WARNING] Suspicious activity detected: sql_injection
2025-06-21 11:30:16 - [INFO] file uploaded
2025-06-21 11:48:26 - [WARNING] Suspicious activity detected: ddos
2025-06-21 12:00:00 - [INFO] system check passed
2025-06-21 12:14:00 - [INFO] file downloaded
2025-06-21 12:17:46 - [INFO] user login
2025-06-21 12:22:22 - [INFO] file uploaded
2025-06-21 12:27:07 - [INFO] file downloaded
2025-06-21 12:28:58 - [INFO] file uploaded
2025-06-21 12:34:45 - [INFO] system check passed
2025-06-21 12:48:32 - [INFO] email sent
2025-06-21 12:49:09 - [WARNING] Suspicious activity detected: intrusion
2025-06-21 13:02:15 - [WARNING] Suspicious activity detected: port_scan
2025-06-21 13:10:25 - [WARNING] Suspicious activity detected: malware
2025-06-21 13:13:04 - [INFO] user login
2025-06-21 13:13:55 - [WARNING] Suspicious activity detected: malware
2025-06-21 13:15:24 - [INFO] system check passed
2025-06-21 13:23:02 - [WARNING] Suspicious activity detected: intrusion
2025-06-21 13:23:46 - [INFO] file downloaded
2025-06-21 13:26:40 - [INFO] file uploaded
2025-06-21 13:32:03 - [WARNING] Suspicious activity detected: sql_injection
2025-06-21 13:37:44 - [INFO] user login
2025-06-21 13:50:31 - [INFO] email sent
2025-06-21 13:54:39 - [INFO] backup completed
2025-06-21 14:02:24 - [INFO] config updated
2025-06-21 14:20:26 - [INFO] system check passed
2025-06-21 14:22:23 - [INFO] file downloaded
2025-06-21 14:33:53 - [INFO] system check passed
2025-06-21 14:34:50 - [WARNING] Suspicious activity detected: ip_blocked
2025-06-21 14:35:49 - [INFO] file uploaded
2025-06-21 14:46:28 - [WARNING] Suspicious activity detected: ddos
2025-06-21 14:56:35 - [WARNING] Suspicious activity detected: brute_force
2025-06-21 15:00:21 - [INFO] system check passed
2025-06-21 15:01:38 - [INFO] user login
2025-06-21 15:05:06 - [INFO] email sent
2025-06-21 15:06:19 - [INFO] backup completed
2025-06-21 15:06:19 - [INFO] config updated
2025-06-21 15:12:07 - [INFO] file uploaded
2025-06-21 15:32:40 - [INFO] email sent
2025-06-21 15:34:46 - [INFO] backup completed
2025-06-21 15:41:13 - [INFO] config updated
2025-06-21 15:43:55 - [INFO] config updated
2025-06-21 15:53:23 - [WARNING] Suspicious activity detected: ddos
2025-06-21 15:55:05 - [WARNING] Suspicious activity detected: malware
2025-06-21 15:56:23 - [INFO] email sent
2025-06-21 16:07:04 - [WARNING] Suspicious activity detected: malware
2025-06-21 16:13:25 - [INFO] email sent
2025-06-21 16:15:22 - [INFO] email sent
2025-06-21 16:33:29 - [INFO] email sent
2025-06-21 16:36:12 - [INFO] system check passed
2025-06-21 16:45:13 - [INFO] file uploaded
2025-06-21 16:50:20 - [INFO] backup completed
2025-06-21 16:56:05 - [WARNING] Suspicious activity detected: brute_force
2025-06-21 16:56:25 - [INFO] email sent
2025-06-21 16:57:53 - [WARNING] Suspicious activity detected: unauthorized_access
2025-06-21 17:05:24 - [INFO] file downloaded
2025-06-21 17:13:53 - [INFO] config updated
2025-06-21 17:26:37 - [INFO] file uploaded
2025-06-21 17:33:44 - [INFO] file downloaded
2025-06-21 17:35:32 - [WARNING] Suspicious activity detected: intrusion
2025-06-21 17:44:17 - [INFO] user login
2025-06-21 17:46:20 - [WARNING] Suspicious activity detected: unauthorized_access
2025-06-21 17:52:57 - [INFO] file uploaded
2025-06-21 17:53:36 - [INFO] user login
2025-06-21 18:05:52 - [INFO] system check passed
2025-06-21 18:07:09 - [INFO] file uploaded
2025-06-21 18:17:24 - [INFO] email sent
2025-06-21 18:20:52 - [INFO] system check passed
2025-06-21 18:31:32 - [INFO] file downloaded
2025-06-21 18:45:30 - [INFO] config updated
2025-06-21 18:57:45 - [INFO] file uploaded
2025-06-21 18:58:35 - [WARNING] Suspicious activity detected: intrusion
2025-06-21 19:14:35 - [WARNING] Suspicious activity detected: intrusion
2025-06-21 19:32:32 - [INFO] system check passed
2025-06-21 19:34:50 - [WARNING] Suspicious activity detected: sql_injection
2025-06-21 19:36:21 - [WARNING] Suspicious activity detected: sql_injection
2025-06-21 19:53:02 - [WARNING] Suspicious activity detected: ddos
2025-06-21 19:56:21 - [INFO] user login
2025-06-21 20:02:48 - [WARNING] Suspicious activity detected: ip_blocked
2025-06-21 20:12:55 - [INFO] system check passed
2025-06-21 20:14:39 - [INFO] file uploaded
2025-06-21 20:31:24 - [INFO] user login
2025-06-21 20:36:58 - [INFO] file downloaded
2025-06-21 20:51:55 - [WARNING] Suspicious activity detected: port_scan
2025-06-21 20:54:32 - [INFO] file uploaded
2025-06-21 21:09:55 - [INFO] backup completed
2025-06-21 21:11:51 - [WARNING] Suspicious activity detected: ddos
2025-06-21 21:22:51 - [INFO] config updated
2025-06-21 21:25:27 - [INFO] file downloaded
2025-06-21 21:25:38 - [WARNING] Suspicious activity detected: ddos
2025-06-21 21:27:56 - [INFO] user login
2025-06-21 21:31:24 - [INFO] system check passed
2025-06-21 21:32:43 - [WARNING] Suspicious activity detected: ddos
2025-06-21 21:41:50 - [INFO] system check passed
2025-06-21 21:51:55 - [INFO] email sent
2025-06-21 21:58:29 - [INFO] email sent
2025-06-21 22:03:12 - [WARNING] Suspicious activity detected: malware
2025-06-21 22:11:13 - [WARNING] Suspicious activity detected: port_scan
2025-06-21 22:12:49 - [INFO] config updated
2025-06-21 22:24:40 - [INFO] email sent
2025-06-21 22:25:14 - [INFO] system check passed
2025-06-21 22:35:38 - [INFO] file downloaded
2025-06-21 22:43:32 - [INFO] file uploaded
2025-06-21 22:44:43 - [WARNING] Suspicious activity detected: intrusion
2025-06-21 23:02:34 - [WARNING] Suspicious activity detected: ddos
2025-06-21 23:03:22 - [INFO] file uploaded
2025-06-21 23:08:25 - [INFO] email sent
2025-06-21 23:29:57 - [WARNING] Suspicious activity detected: intrusion
2025-06-21 23:36:35 - [INFO] config updated
2025-06-21 23:45:39 - [INFO] system check passed
2025-06-21 23:47:43 - [INFO] config updated
2025-06-21 23:48:56 - [INFO] email sent