2025-05-25 00:06:50 - [INFO] config updated
2025-05-25 00:08:49 - [WARNING] Suspicious activity detected: intrusion
2025-05-25 00:11:13 - [WARNING] Suspicious activity detected: intrusion
2025-05-25 00:26:33 - [WARNING] Suspicious activity detected: intrusion
2025-05-25 00:26:42 - [INFO] config updated
2025-05-25 00:38:46 - [INFO] config updated
2025-05-25 00:39:27 - [WARNING] Suspicious activity detected: sql_injection
2025-05-25 00:43:19 - [INFO] backup completed
2025-05-25 00:43:58 - [INFO] user login
2025-05-25 00:53:31 - [WARNING] Suspicious activity detected: ddos
2025-05-25 00:53:34 - [WARNING] Suspicious activity detected: port_scan
2025-05-25 00:58:09 - [INFO] backup completed
2025-05-25 00:58:43 - [WARNING] Suspicious activity detected: ddos
2025-05-25 01:01:13 - [WARNING] Suspicious activity detected: intrusion
2025-05-25 01:06:50 - [WARNING] Suspicious activity detected: port_scan
2025-05-25 01:15:14 - [WARNING] Suspicious activity detected: ip_blocked
2025-05-25 01:21:17 - [INFO] user login
2025-05-25 01:21:20 - [WARNING] Suspicious activity detected: ddos
2025-05-25 01:23:29 - [WARNING] Suspicious activity detected: ip_blocked
2025-05-25 01:36:06 - [INFO] file uploaded
2025-05-25 01:36:40 - [INFO] file downloaded
2025-05-25 01:50:22 - [WARNING] Suspicious activity detected: malware
2025-05-25 01:50:26 - [WARNING] Suspicious activity detected: malware
2025-05-25 01:56:15 - [INFO] system check passed
2025-05-25 02:01:48 - [WARNING] Suspicious activity detected: ip_blocked
2025-05-25 02:11:10 - [INFO] user login
2025-05-25 02:13:30 - [INFO] config updated
2025-05-25 02:15:08 - [INFO] email sent
2025-05-25 02:15:29 - [WARNING] Suspicious activity detected: sql_injection
2025-05-25 02:26:13 - [WARNING] Suspicious activity detected: ddos
2025-05-25 02:34:04 - [INFO] file uploaded
2025-05-25 02:36:32 - [INFO] file uploaded
2025-05-25 02:48:43 - [WARNING] Suspicious activity detected: port_scan
2025-05-25 03:00:33 - [INFO] email sent
2025-05-25 03:02:16 - [INFO] user login
2025-05-25 03:03:48 - [INFO] file downloaded
2025-05-25 03:04:48 - [WARNING] Suspicious activity detected: brute_force
2025-05-25 03:19:50 - [INFO] user login
2025-05-25 03:28:31 - [WARNING] Suspicious activity detected: unauthorized_access
2025-05-25 03:40:35 - [INFO] email sent
2025-05-25 04:05:29 - [INFO] user login
2025-05-25 04:15:33 - [INFO] email sent
2025-05-25 04:15:43 - [INFO] backup completed
2025-05-25 04:19:34 - [WARNING] Suspicious activity detected: ip_blocked
2025-05-25 04:22:34 - [INFO] backup completed
2025-05-25 04:33:58 - [WARNING] Suspicious activity detected: brute_force
2025-05-25 05:09:55 - [INFO] user login
2025-05-25 05:25:03 - [WARNING] Suspicious activity detected: malware
2025-05-25 05:25:07 - [INFO] user login
2025-05-25 05:26:49 - [INFO] backup completed
2025-05-25 05:27:05 - [WARNING] Suspicious activity detected: ip_blocked
2025-05-25 05:28:05 - [WARNING] Suspicious activity detected: unauthorized_access
2025-05-25 05:32:39 - [WARNING] Suspicious activity detected: intrusion
2025-05-25 05:34:25 - [INFO] email sent
2025-05-25 05:38:28 - [INFO] file uploaded
2025-05-25 05:42:55 - [WARNING] Suspicious activity detected: ddos
2025-05-25 05:52:33 - [WARNING] Suspicious activity detected: ip_blocked
2025-05-25 05:52:51 - [WARNING] Suspicious activity detected: ip_blocked
2025-05-25 06:03:47 - [INFO] user login
2025-05-25 06:18:26 - [INFO] email sent
2025-05-25 06:19:33 - [INFO] config updated
2025-05-25 06:27:38 - [WARNING] Suspicious activity detected: sql_injection
2025-05-25 06:33:08 - [WARNING] Suspicious activity detected: intrusion
2025-05-25 06:43:40 - [INFO] file uploaded
2025-05-25 06:49:04 - [WARNING] Suspicious activity detected: intrusion
2025-05-25 06:59:21 - [WARNING] Suspicious activity detected: unauthorized_access
2025-05-25 07:01:06 - [WARNING] Suspicious activity detected: sql_injection
2025-05-25 07:04:13 - [WARNING] Suspicious activity detected: malware
2025-05-25 07:15:38 - [INFO] system check passed
2025-05-25 07:22:17 - [INFO] backup completed
2025-05-25 07:26:50 - [INFO] config updated
2025-05-25 07:27:28 - [WARNING] Suspicious activity detected: sql_injection
2025-05-25 07:30:22 - [INFO] backup completed
2025-05-25 07:35:43 - [WARNING] Suspicious activity detected: malware
2025-05-25 07:44:05 - [WARNING] Suspicious activity detected: brute_force
2025-05-25 07:45:59 - [INFO] backup completed
2025-05-25 07:48:41 - [INFO] email sent
2025-05-25 07:51:18 - [INFO] user login
2025-05-25 08:02:26 - [INFO] file uploaded
2025-05-25 08:11:51 - [INFO] backup completed
2025-05-25 08:12:18 - [INFO] user login
2025-05-25 08:44:39 - [WARNING] Suspicious activity detected: port_scan
2025-05-25 08:46:48 - [INFO] config updated
2025-05-25 08:47:32 - [INFO] user login
2025-05-25 09:00:50 - [INFO] backup completed
2025-05-25 09:07:28 - [WARNING] Suspicious activity detected: ip_blocked
2025-05-25 09:08:41 - [INFO] user login
2025-05-25 09:12:19 - [WARNING] Suspicious activity detected: sql_injection
2025-05-25 09:14:07 - [WARNING] Suspicious activity detected: unauthorized_access
2025-05-25 09:30:06 - [WARNING] Suspicious activity detected: malware
2025-05-25 09:32:55 - [INFO] file downloaded
2025-05-25 09:37:20 - [INFO] email sent
2025-05-25 09:44:46 - [INFO] file downloaded
2025-05-25 09:46:16 - [INFO] config updated
2025-05-25 09:46:58 - [INFO] email sent
2025-05-25 09:50:51 - [INFO] email sent
2025-05-25 10:03:13 - [WARNING] Suspicious activity detected: malware
2025-05-25 10:11:35 - [WARNING] Suspicious activity detected: port_scan
2025-05-25 10:12:39 - [INFO] config updated
2025-05-25 10:23:00 - [INFO] file downloaded
2025-05-25 10:23:48 - [INFO] system check passed
2025-05-25 10:25:32 - [WARNING] Suspicious activity detected: intrusion
2025-05-25 10:29:11 - [INFO] email sent
2025-05-25 10:42:00 - [INFO] user login
2025-05-25 10:48:30 - [INFO] user login
2025-05-25 10:50:48 - [WARNING] Suspicious activity detected: sql_injection
2025-05-25 10:51:16 - [INFO] config updated
2025-05-25 10:52:40 - [WARNING] Suspicious activity detected: malware
2025-05-25 10:58:01 - [INFO] config updated
2025-05-25 11:03:05 - [INFO] file uploaded
2025-05-25 11:09:17 - [INFO] user login
2025-05-25 11:42:58 - [INFO] config updated
2025-05-25 11:43:15 - [INFO] system check passed
2025-05-25 11:45:38 - [INFO] system check passed
2025-05-25 11:46:18 - [INFO] system check passed
2025-05-25 11:50:49 - [WARNING] Suspicious activity detected: ip_blocked
2025-05-25 11:51:57 - [INFO] backup completed
2025-05-25 11:57:54 - [WARNING] Suspicious activity detected: port_scan
2025-05-25 12:02:58 - [INFO] file downloaded
2025-05-25 12:07:44 - [WARNING] Suspicious activity detected: sql_injection
2025-05-25 12:10:15 - [WARNING] Suspicious activity detected: port_scan
2025-05-25 12:12:18 - [WARNING] Suspicious activity detected: port_scan
2025-05-25 12:14:34 - [INFO] system check passed
2025-05-25 12:25:02 - [WARNING] Suspicious activity detected: brute_force
2025-05-25 12:48:39 - [INFO] file downloaded
2025-05-25 12:51:00 - [INFO] file downloaded
2025-05-25 12:51:59 - [WARNING] Suspicious activity detected: brute_force
2025-05-25 13:02:55 - [WARNING] Suspicious activity detected: sql_injection
2025-05-25 13:15:06 - [INFO] system check passed
2025-05-25 13:16:48 - [INFO] backup completed
2025-05-25 13:36:03 - [INFO] file downloaded
2025-05-25 13:45:06 - [WARNING] Suspicious activity detected: ddos
2025-05-25 13:45:30 - [INFO] config updated
2025-05-25 13:52:43 - [WARNING] Suspicious activity detected: brute_force
2025-05-25 13:59:32 - [INFO] user login
2025-05-25 14:00:39 - [INFO] system check passed
2025-05-25 14:10:38 - [INFO] email sent
2025-05-25 14:39:53 - [INFO] backup completed
2025-05-25 14:45:42 - [INFO] system check passed
2025-05-25 14:53:01 - [WARNING] Suspicious activity detected: malware
2025-05-25 14:59:22 - [INFO] user login
2025-05-25 15:12:57 - [WARNING] Suspicious activity detected: ip_blocked
2025-05-25 15:38:23 - [WARNING] Suspicious activity detected: unauthorized_access
2025-05-25 15:50:09 - [WARNING] Suspicious activity detected: sql_injection
2025-05-25 16:06:49 - [INFO] file uploaded
2025-05-25 16:19:02 - [INFO] user login
2025-05-25 16:20:39 - [INFO] user login
2025-05-25 16:21:28 - [WARNING] Suspicious activity detected: unauthorized_access
2025-05-25 16:25:30 - [INFO] file uploaded
2025-05-25 16:31:06 - [WARNING] Suspicious activity detected: brute_force
2025-05-25 16:34:02 - [WARNING] Suspicious activity detected: unauthorized_access
2025-05-25 16:36:57 - [INFO] config updated
2025-05-25 16:43:39 - [WARNING] Suspicious activity detected: port_scan
2025-05-25 17:11:39 - [WARNING] Suspicious activity detected: port_scan
2025-05-25 17:22:51 - [WARNING] Suspicious activity detected: sql_injection
2025-05-25 17:26:32 - [INFO] file downloaded
2025-05-25 17:26:37 - [WARNING] Suspicious activity detected: unauthorized_access
2025-05-25 17:34:43 - [WARNING] Suspicious activity detected: ddos
2025-05-25 17:37:09 - [INFO] file uploaded
2025-05-25 17:45:19 - [WARNING] Suspicious activity detected: ddos
2025-05-25 17:45:36 - [INFO] user login
2025-05-25 17:52:49 - [WARNING] Suspicious activity detected: brute_force
2025-05-25 17:56:12 - [WARNING] Suspicious activity detected: brute_force
2025-05-25 18:02:44 - [INFO] config updated
2025-05-25 18:03:03 - [WARNING] Suspicious activity detected: intrusion
2025-05-25 18:26:27 - [INFO] email sent
2025-05-25 18:29:22 - [WARNING] Suspicious activity detected: port_scan
2025-05-25 18:38:23 - [INFO] file uploaded
2025-05-25 18:53:10 - [INFO] user login
2025-05-25 18:58:32 - [INFO] user login
2025-05-25 19:00:16 - [INFO] file uploaded
2025-05-25 19:18:59 - [WARNING] Suspicious activity detected: ip_blocked
2025-05-25 19:19:54 - [INFO] config updated
2025-05-25 19:21:59 - [WARNING] Suspicious activity detected: brute_force
2025-05-25 19:29:08 - [INFO] system check passed
2025-05-25 19:34:37 - [INFO] system check passed
2025-05-25 19:35:05 - [WARNING] Suspicious activity detected: unauthorized_access
2025-05-25 19:36:10 - [INFO] file uploaded
2025-05-25 19:37:45 - [INFO] file downloaded
2025-05-25 19:45:10 - [INFO] backup completed
2025-05-25 19:52:26 - [WARNING] Suspicious activity detected: sql_injection
2025-05-25 19:59:43 - [INFO] config updated
2025-05-25 20:02:23 - [INFO] file uploaded
2025-05-25 20:03:55 - [WARNING] Suspicious activity detected: port_scan
2025-05-25 20:05:55 - [INFO] file downloaded
2025-05-25 20:14:20 - [INFO] system check passed
2025-05-25 20:28:50 - [WARNING] Suspicious activity detected: intrusion
2025-05-25 20:39:54 - [INFO] email sent
2025-05-25 20:42:53 - [INFO] config updated
2025-05-25 20:48:07 - [INFO] backup completed
2025-05-25 20:55:02 - [INFO] file uploaded
2025-05-25 20:55:05 - [INFO] file downloaded
2025-05-25 21:07:45 - [WARNING] Suspicious activity detected: brute_force
2025-05-25 21:19:23 - [WARNING] Suspicious activity detected: ddos
2025-05-25 21:21:40 - [INFO] email sent
2025-05-25 21:23:29 - [INFO] backup completed
2025-05-25 21:28:09 - [WARNING] Suspicious activity detected: ddos
2025-05-25 21:28:49 - [WARNING] Suspicious activity detected: port_scan
2025-05-25 21:29:49 - [INFO] system check passed
2025-05-25 21:50:46 - [WARNING] Suspicious activity detected: port_scan
2025-05-25 21:53:19 - [INFO] file downloaded
2025-05-25 22:00:44 - [INFO] user login
2025-05-25 22:04:00 - [INFO] email sent
2025-05-25 22:07:09 - [WARNING] Suspicious activity detected: port_scan
2025-05-25 22:08:10 - [INFO] file downloaded
2025-05-25 22:18:49 - [INFO] system check passed
2025-05-25 22:23:10 - [INFO] file uploaded
2025-05-25 22:25:38 - [WARNING] Suspicious activity detected: sql_injection
2025-05-25 22:51:40 - [WARNING] Suspicious activity detected: brute_force
2025-05-25 22:51:52 - [INFO] user login
2025-05-25 22:52:18 - [INFO] system check passed
2025-05-25 22:53:13 - [WARNING] Suspicious activity detected: ip_blocked
2025-05-25 22:58:49 - [INFO] config updated
2025-05-25 23:21:51 - [WARNING] Suspicious activity detected: brute_force
2025-05-25 23:31:28 - [WARNING] Suspicious activity detected: port_scan
2025-05-25 23:39:09 - [WARNING] Suspicious activity detected: intrusion
2025-05-25 23:42:26 - [INFO] config updated
2025-05-25 23:49:34 - [WARNING] Suspicious activity detected: port_scan