2025-04-08 00:01:51 - [INFO] user login
2025-04-08 00:06:15 - [INFO] file downloaded
2025-04-08 00:06:33 - [INFO] config updated
2025-04-08 00:09:53 - [INFO] file downloaded
2025-04-08 00:17:25 - [INFO] file uploaded
2025-04-08 00:17:48 - [WARNING] Suspicious activity detected: malware
2025-04-08 00:45:37 - [WARNING] Suspicious activity detected: port_scan
2025-04-08 00:59:05 - [WARNING] Suspicious activity detected: intrusion
2025-04-08 01:13:45 - [INFO] backup completed
2025-04-08 01:16:06 - [WARNING] Suspicious activity detected: ip_blocked
2025-04-08 01:23:02 - [INFO] backup completed
2025-04-08 01:28:58 - [INFO] file downloaded
2025-04-08 02:28:03 - [WARNING] Suspicious activity detected: unauthorized_access
2025-04-08 02:29:01 - [INFO] system check passed
2025-04-08 02:30:00 - [WARNING] Suspicious activity detected: unauthorized_access
2025-04-08 02:42:05 - [WARNING] Suspicious activity detected: ddos
2025-04-08 02:45:15 - [INFO] file uploaded
2025-04-08 02:47:02 - [INFO] backup completed
2025-04-08 02:50:14 - [WARNING] Suspicious activity detected: unauthorized_access
2025-04-08 03:05:52 - [INFO] user login
2025-04-08 03:22:54 - [INFO] file downloaded
2025-04-08 03:30:47 - [WARNING] Suspicious activity detected: sql_injection
2025-04-08 03:44:34 - [WARNING] Suspicious activity detected: ip_blocked
2025-04-08 03:44:44 - [INFO] user login
2025-04-08 03:47:14 - [INFO] config updated
2025-04-08 03:57:19 - [INFO] user login
2025-04-08 04:02:59 - [INFO] email sent
2025-04-08 04:04:03 - [INFO] config updated
2025-04-08 04:33:19 - [WARNING] Suspicious activity detected: port_scan
2025-04-08 04:50:20 - [WARNING] Suspicious activity detected: unauthorized_access
2025-04-08 05:00:42 - [INFO] backup completed
2025-04-08 05:01:10 - [INFO] user login
2025-04-08 05:13:26 - [INFO] config updated
2025-04-08 05:16:18 - [INFO] backup completed
2025-04-08 05:19:30 - [INFO] system check passed
2025-04-08 05:23:46 - [INFO] backup completed
2025-04-08 05:30:58 - [INFO] file uploaded
2025-04-08 05:37:38 - [INFO] backup completed
2025-04-08 05:44:24 - [INFO] system check passed
2025-04-08 05:51:56 - [INFO] email sent
2025-04-08 05:52:58 - [INFO] system check passed
2025-04-08 06:00:36 - [INFO] user login
2025-04-08 06:04:57 - [WARNING] Suspicious activity detected: brute_force
2025-04-08 06:24:28 - [INFO] config updated
2025-04-08 06:36:44 - [INFO] user login
2025-04-08 06:41:25 - [WARNING] Suspicious activity detected: sql_injection
2025-04-08 06:48:00 - [INFO] backup completed
2025-04-08 06:48:23 - [INFO] system check passed
2025-04-08 07:03:32 - [INFO] config updated
2025-04-08 07:12:22 - [INFO] backup completed
2025-04-08 07:17:23 - [WARNING] Suspicious activity detected: brute_force
2025-04-08 07:19:37 - [WARNING] Suspicious activity detected: brute_force
2025-04-08 07:48:11 - [INFO] backup completed
2025-04-08 07:49:17 - [WARNING] Suspicious activity detected: malware
2025-04-08 07:52:28 - [WARNING] Suspicious activity detected: sql_injection
2025-04-08 07:56:36 - [INFO] user login
2025-04-08 08:00:03 - [INFO] file uploaded
2025-04-08 08:03:20 - [WARNING] Suspicious activity detected: ip_blocked
2025-04-08 08:06:43 - [INFO] email sent
2025-04-08 08:06:44 - [INFO] file uploaded
2025-04-08 08:13:17 - [INFO] file uploaded
2025-04-08 08:19:17 - [INFO] user login
2025-04-08 08:20:53 - [INFO] file uploaded
2025-04-08 08:25:28 - [INFO] email sent
2025-04-08 09:01:18 - [INFO] email sent
2025-04-08 09:24:36 - [WARNING] Suspicious activity detected: intrusion
2025-04-08 09:30:02 - [WARNING] Suspicious activity detected: ip_blocked
2025-04-08 10:02:20 - [INFO] email sent
2025-04-08 10:08:22 - [INFO] email sent
2025-04-08 10:12:29 - [INFO] user login
2025-04-08 10:25:24 - [INFO] email sent
2025-04-08 10:27:21 - [INFO] config updated
2025-04-08 10:30:44 - [INFO] email sent
2025-04-08 10:49:18 - [INFO] file downloaded
2025-04-08 11:13:08 - [INFO] backup completed
2025-04-08 11:25:46 - [INFO] file uploaded
2025-04-08 11:27:54 - [INFO] backup completed
2025-04-08 11:46:28 - [INFO] file uploaded
2025-04-08 11:53:28 - [INFO] backup completed
2025-04-08 11:55:01 - [INFO] user login
2025-04-08 12:08:26 - [INFO] system check passed
2025-04-08 12:35:26 - [INFO] user login
2025-04-08 12:38:54 - [INFO] user login
2025-04-08 12:41:32 - [INFO] file downloaded
2025-04-08 12:43:15 - [INFO] user login
2025-04-08 12:54:58 - [INFO] config updated
2025-04-08 13:00:42 - [WARNING] Suspicious activity detected: malware
2025-04-08 13:05:22 - [INFO] user login
2025-04-08 13:05:26 - [INFO] config updated
2025-04-08 13:19:50 - [WARNING] Suspicious activity detected: sql_injection
2025-04-08 13:20:24 - [WARNING] Suspicious activity detected: ip_blocked
2025-04-08 13:22:35 - [INFO] file downloaded
2025-04-08 13:31:40 - [INFO] system check passed
2025-04-08 13:33:46 - [WARNING] Suspicious activity detected: ddos
2025-04-08 13:43:46 - [INFO] file uploaded
2025-04-08 13:43:48 - [INFO] config updated
2025-04-08 13:52:33 - [WARNING] Suspicious activity detected: unauthorized_access
2025-04-08 14:06:21 - [INFO] email sent
2025-04-08 14:09:54 - [WARNING] Suspicious activity detected: malware
2025-04-08 14:20:34 - [INFO] system check passed
2025-04-08 14:33:37 - [INFO] config updated
2025-04-08 14:35:31 - [INFO] user login
2025-04-08 14:47:38 - [INFO] system check passed
2025-04-08 14:48:52 - [INFO] email sent
2025-04-08 14:49:24 - [WARNING] Suspicious activity detected: unauthorized_access
2025-04-08 14:59:34 - [INFO] system check passed
2025-04-08 15:23:27 - [INFO] file uploaded
2025-04-08 15:29:51 - [INFO] config updated
2025-04-08 15:36:59 - [INFO] user login
2025-04-08 15:45:25 - [INFO] config updated
2025-04-08 15:48:29 - [WARNING] Suspicious activity detected: sql_injection
2025-04-08 15:56:04 - [INFO] email sent
2025-04-08 15:59:52 - [INFO] backup completed
2025-04-08 16:01:22 - [INFO] email sent
2025-04-08 16:06:34 - [WARNING] Suspicious activity detected: unauthorized_access
2025-04-08 16:11:19 - [WARNING] Suspicious activity detected: port_scan
2025-04-08 16:16:46 - [WARNING] Suspicious activity detected: brute_force
2025-04-08 16:26:04 - [INFO] system check passed
2025-04-08 16:26:56 - [INFO] file downloaded
2025-04-08 16:48:12 - [INFO] backup completed
2025-04-08 16:48:34 - [INFO] file uploaded
2025-04-08 16:54:51 - [INFO] backup completed
2025-04-08 17:05:34 - [INFO] config updated
2025-04-08 17:36:13 - [WARNING] Suspicious activity detected: ip_blocked
2025-04-08 17:40:37 - [WARNING] Suspicious activity detected: malware
2025-04-08 17:42:48 - [INFO] user login
2025-04-08 17:42:52 - [INFO] email sent
2025-04-08 17:51:30 - [INFO] file downloaded
2025-04-08 17:54:19 - [INFO] file uploaded
2025-04-08 17:56:47 - [INFO] file uploaded
2025-04-08 18:00:15 - [INFO] file downloaded
2025-04-08 18:12:33 - [INFO] email sent
2025-04-08 18:23:07 - [INFO] user login
2025-04-08 18:25:38 - [WARNING] Suspicious activity detected: sql_injection
2025-04-08 18:34:36 - [INFO] backup completed
2025-04-08 18:39:04 - [INFO] config updated
2025-04-08 18:42:53 - [INFO] user login
2025-04-08 18:43:58 - [WARNING] Suspicious activity detected: malware
2025-04-08 18:44:21 - [INFO] file downloaded
2025-04-08 18:45:19 - [INFO] config updated
2025-04-08 19:02:39 - [INFO] file downloaded
2025-04-08 19:03:09 - [INFO] config updated
2025-04-08 19:20:18 - [INFO] system check passed
2025-04-08 19:26:45 - [INFO] config updated
2025-04-08 19:48:36 - [INFO] user login
2025-04-08 19:51:40 - [INFO] system check passed
2025-04-08 19:52:42 - [INFO] backup completed
2025-04-08 20:01:59 - [WARNING] Suspicious activity detected: intrusion
2025-04-08 20:02:13 - [WARNING] Suspicious activity detected: brute_force
2025-04-08 20:16:34 - [INFO] user login
2025-04-08 20:33:49 - [INFO] system check passed
2025-04-08 20:38:02 - [INFO] file uploaded
2025-04-08 20:41:50 - [INFO] backup completed
2025-04-08 21:01:44 - [INFO] file downloaded
2025-04-08 21:12:03 - [INFO] backup completed
2025-04-08 21:46:25 - [WARNING] Suspicious activity detected: malware
2025-04-08 21:47:52 - [INFO] backup completed
2025-04-08 21:53:31 - [INFO] system check passed
2025-04-08 22:05:19 - [INFO] file uploaded
2025-04-08 22:05:44 - [WARNING] Suspicious activity detected: malware
2025-04-08 22:29:05 - [WARNING] Suspicious activity detected: sql_injection
2025-04-08 22:29:20 - [INFO] file uploaded
2025-04-08 22:34:40 - [INFO] system check passed
2025-04-08 22:40:33 - [INFO] config updated
2025-04-08 22:45:58 - [INFO] backup completed
2025-04-08 22:59:06 - [WARNING] Suspicious activity detected: unauthorized_access
2025-04-08 23:01:42 - [INFO] email sent
2025-04-08 23:05:42 - [INFO] config updated
2025-04-08 23:19:47 - [WARNING] Suspicious activity detected: ddos
2025-04-08 23:36:39 - [INFO] config updated
2025-04-08 23:55:46 - [INFO] system check passed
2025-04-08 23:58:57 - [INFO] config updated