2025-03-24 00:27:11 - [INFO] system check passed
2025-03-24 00:34:49 - [INFO] user login
2025-03-24 00:41:00 - [WARNING] Suspicious activity detected: port_scan
2025-03-24 00:42:12 - [INFO] file downloaded
2025-03-24 00:43:54 - [WARNING] Suspicious activity detected: port_scan
2025-03-24 00:45:40 - [INFO] backup completed
2025-03-24 00:51:18 - [WARNING] Suspicious activity detected: sql_injection
2025-03-24 00:52:37 - [WARNING] Suspicious activity detected: ddos
2025-03-24 00:56:39 - [INFO] file downloaded
2025-03-24 00:57:13 - [WARNING] Suspicious activity detected: sql_injection
2025-03-24 01:00:01 - [INFO] file uploaded
2025-03-24 01:03:29 - [WARNING] Suspicious activity detected: sql_injection
2025-03-24 01:12:53 - [INFO] backup completed
2025-03-24 01:14:46 - [INFO] file uploaded
2025-03-24 01:16:25 - [WARNING] Suspicious activity detected: brute_force
2025-03-24 01:25:20 - [INFO] config updated
2025-03-24 01:27:29 - [WARNING] Suspicious activity detected: ddos
2025-03-24 01:34:00 - [INFO] file downloaded
2025-03-24 01:35:19 - [INFO] file downloaded
2025-03-24 01:50:37 - [WARNING] Suspicious activity detected: brute_force
2025-03-24 02:01:31 - [WARNING] Suspicious activity detected: ddos
2025-03-24 02:06:08 - [INFO] email sent
2025-03-24 02:16:07 - [WARNING] Suspicious activity detected: port_scan
2025-03-24 02:21:09 - [INFO] email sent
2025-03-24 02:22:41 - [INFO] backup completed
2025-03-24 02:24:40 - [INFO] email sent
2025-03-24 02:34:32 - [WARNING] Suspicious activity detected: ip_blocked
2025-03-24 02:58:34 - [WARNING] Suspicious activity detected: brute_force
2025-03-24 03:00:36 - [INFO] system check passed
2025-03-24 03:04:11 - [WARNING] Suspicious activity detected: brute_force
2025-03-24 03:16:43 - [INFO] config updated
2025-03-24 03:25:31 - [WARNING] Suspicious activity detected: sql_injection
2025-03-24 03:30:54 - [INFO] backup completed
2025-03-24 03:39:39 - [INFO] email sent
2025-03-24 03:44:25 - [INFO] system check passed
2025-03-24 03:51:34 - [INFO] email sent
2025-03-24 03:54:42 - [INFO] backup completed
2025-03-24 04:18:52 - [INFO] backup completed
2025-03-24 04:19:25 - [INFO] backup completed
2025-03-24 04:19:40 - [WARNING] Suspicious activity detected: malware
2025-03-24 04:21:45 - [INFO] system check passed
2025-03-24 04:40:35 - [INFO] file downloaded
2025-03-24 04:42:49 - [INFO] backup completed
2025-03-24 04:52:40 - [INFO] file uploaded
2025-03-24 04:57:27 - [WARNING] Suspicious activity detected: port_scan
2025-03-24 04:58:16 - [INFO] file downloaded
2025-03-24 05:01:50 - [INFO] email sent
2025-03-24 05:05:21 - [WARNING] Suspicious activity detected: sql_injection
2025-03-24 05:21:33 - [INFO] user login
2025-03-24 05:29:27 - [INFO] user login
2025-03-24 05:35:45 - [INFO] system check passed
2025-03-24 05:39:43 - [WARNING] Suspicious activity detected: port_scan
2025-03-24 06:01:59 - [INFO] system check passed
2025-03-24 06:02:35 - [WARNING] Suspicious activity detected: unauthorized_access
2025-03-24 06:04:01 - [WARNING] Suspicious activity detected: ip_blocked
2025-03-24 06:08:25 - [INFO] system check passed
2025-03-24 06:08:54 - [WARNING] Suspicious activity detected: malware
2025-03-24 06:14:06 - [INFO] backup completed
2025-03-24 06:17:52 - [INFO] system check passed
2025-03-24 06:22:38 - [INFO] file downloaded
2025-03-24 06:26:15 - [INFO] file downloaded
2025-03-24 06:39:10 - [WARNING] Suspicious activity detected: brute_force
2025-03-24 06:48:25 - [WARNING] Suspicious activity detected: intrusion
2025-03-24 06:51:45 - [INFO] backup completed
2025-03-24 07:09:14 - [INFO] user login
2025-03-24 07:19:06 - [INFO] email sent
2025-03-24 07:22:55 - [INFO] system check passed
2025-03-24 07:23:44 - [INFO] config updated
2025-03-24 07:40:06 - [WARNING] Suspicious activity detected: intrusion
2025-03-24 07:43:15 - [INFO] backup completed
2025-03-24 07:46:19 - [INFO] system check passed
2025-03-24 07:53:51 - [WARNING] Suspicious activity detected: ddos
2025-03-24 07:58:23 - [INFO] file uploaded
2025-03-24 08:00:43 - [WARNING] Suspicious activity detected: intrusion
2025-03-24 08:06:06 - [INFO] config updated
2025-03-24 08:30:07 - [WARNING] Suspicious activity detected: brute_force
2025-03-24 08:33:50 - [INFO] file uploaded
2025-03-24 08:39:52 - [INFO] system check passed
2025-03-24 08:43:21 - [INFO] config updated
2025-03-24 08:51:06 - [INFO] system check passed
2025-03-24 08:56:13 - [INFO] user login
2025-03-24 08:58:29 - [INFO] email sent
2025-03-24 09:06:18 - [INFO] email sent
2025-03-24 09:08:38 - [INFO] config updated
2025-03-24 09:11:21 - [INFO] file uploaded
2025-03-24 09:26:06 - [INFO] backup completed
2025-03-24 09:27:35 - [INFO] system check passed
2025-03-24 09:31:09 - [INFO] file downloaded
2025-03-24 09:44:56 - [INFO] file uploaded
2025-03-24 10:00:40 - [INFO] user login
2025-03-24 10:06:26 - [INFO] config updated
2025-03-24 10:10:13 - [INFO] backup completed
2025-03-24 10:12:40 - [INFO] email sent
2025-03-24 10:16:28 - [INFO] file downloaded
2025-03-24 10:16:41 - [INFO] email sent
2025-03-24 10:29:28 - [INFO] email sent
2025-03-24 10:33:16 - [INFO] file downloaded
2025-03-24 10:45:11 - [INFO] backup completed
2025-03-24 10:46:44 - [INFO] config updated
2025-03-24 10:48:07 - [INFO] email sent
2025-03-24 10:53:13 - [INFO] file uploaded
2025-03-24 10:56:42 - [WARNING] Suspicious activity detected: sql_injection
2025-03-24 11:04:29 - [INFO] user login
2025-03-24 11:11:28 - [WARNING] Suspicious activity detected: ip_blocked
2025-03-24 11:32:01 - [INFO] file downloaded
2025-03-24 11:32:10 - [INFO] user login
2025-03-24 11:33:28 - [WARNING] Suspicious activity detected: ip_blocked
2025-03-24 11:40:41 - [WARNING] Suspicious activity detected: malware
2025-03-24 11:40:41 - [INFO] system check passed
2025-03-24 11:51:56 - [INFO] email sent
2025-03-24 12:03:50 - [WARNING] Suspicious activity detected: unauthorized_access
2025-03-24 12:08:28 - [INFO] email sent
2025-03-24 12:08:59 - [INFO] backup completed
2025-03-24 12:14:17 - [INFO] user login
2025-03-24 12:17:29 - [WARNING] Suspicious activity detected: unauthorized_access
2025-03-24 12:45:44 - [WARNING] Suspicious activity detected: malware
2025-03-24 12:48:50 - [WARNING] Suspicious activity detected: brute_force
2025-03-24 12:49:29 - [INFO] file downloaded
2025-03-24 12:53:47 - [WARNING] Suspicious activity detected: malware
2025-03-24 13:04:44 - [INFO] user login
2025-03-24 13:10:42 - [WARNING] Suspicious activity detected: ip_blocked
2025-03-24 13:17:26 - [INFO] config updated
2025-03-24 13:19:34 - [INFO] email sent
2025-03-24 13:23:08 - [WARNING] Suspicious activity detected: brute_force
2025-03-24 13:25:03 - [INFO] config updated
2025-03-24 13:29:24 - [INFO] file uploaded
2025-03-24 13:33:03 - [INFO] config updated
2025-03-24 13:44:53 - [INFO] file downloaded
2025-03-24 14:03:47 - [WARNING] Suspicious activity detected: ip_blocked
2025-03-24 14:06:34 - [WARNING] Suspicious activity detected: intrusion
2025-03-24 14:07:04 - [INFO] user login
2025-03-24 14:18:13 - [WARNING] Suspicious activity detected: brute_force
2025-03-24 14:26:57 - [INFO] email sent
2025-03-24 14:35:28 - [WARNING] Suspicious activity detected: sql_injection
2025-03-24 14:48:00 - [INFO] email sent
2025-03-24 14:48:18 - [WARNING] Suspicious activity detected: ip_blocked
2025-03-24 14:48:23 - [WARNING] Suspicious activity detected: intrusion
2025-03-24 14:50:41 - [INFO] backup completed
2025-03-24 14:55:14 - [INFO] system check passed
2025-03-24 14:55:47 - [INFO] file downloaded
2025-03-24 14:59:30 - [INFO] file uploaded
2025-03-24 15:01:38 - [INFO] config updated
2025-03-24 15:11:46 - [WARNING] Suspicious activity detected: ddos
2025-03-24 15:12:52 - [INFO] config updated
2025-03-24 15:18:04 - [WARNING] Suspicious activity detected: unauthorized_access
2025-03-24 15:34:49 - [INFO] file uploaded
2025-03-24 15:39:51 - [WARNING] Suspicious activity detected: brute_force
2025-03-24 15:47:53 - [INFO] user login
2025-03-24 15:51:11 - [INFO] email sent
2025-03-24 15:51:48 - [INFO] file uploaded
2025-03-24 15:58:29 - [WARNING] Suspicious activity detected: sql_injection
2025-03-24 15:59:38 - [WARNING] Suspicious activity detected: port_scan
2025-03-24 16:02:31 - [INFO] email sent
2025-03-24 16:08:21 - [INFO] user login
2025-03-24 16:19:07 - [INFO] file uploaded
2025-03-24 16:31:28 - [INFO] system check passed
2025-03-24 16:49:18 - [INFO] user login
2025-03-24 16:52:41 - [INFO] file uploaded
2025-03-24 16:54:00 - [WARNING] Suspicious activity detected: ip_blocked
2025-03-24 17:03:22 - [INFO] user login
2025-03-24 17:11:40 - [INFO] backup completed
2025-03-24 17:15:06 - [WARNING] Suspicious activity detected: ddos
2025-03-24 17:16:30 - [WARNING] Suspicious activity detected: intrusion
2025-03-24 17:26:33 - [INFO] config updated
2025-03-24 17:34:07 - [INFO] email sent
2025-03-24 17:37:53 - [INFO] system check passed
2025-03-24 17:38:35 - [WARNING] Suspicious activity detected: unauthorized_access
2025-03-24 17:42:15 - [INFO] user login
2025-03-24 17:45:54 - [INFO] email sent
2025-03-24 17:54:42 - [WARNING] Suspicious activity detected: ddos
2025-03-24 17:58:29 - [INFO] email sent
2025-03-24 18:01:56 - [WARNING] Suspicious activity detected: ddos
2025-03-24 18:11:04 - [INFO] email sent
2025-03-24 18:41:06 - [INFO] user login
2025-03-24 18:59:02 - [WARNING] Suspicious activity detected: brute_force
2025-03-24 19:01:32 - [WARNING] Suspicious activity detected: malware
2025-03-24 19:15:38 - [WARNING] Suspicious activity detected: malware
2025-03-24 19:25:33 - [INFO] backup completed
2025-03-24 19:26:18 - [INFO] email sent
2025-03-24 19:27:51 - [INFO] file downloaded
2025-03-24 19:28:33 - [WARNING] Suspicious activity detected: ddos
2025-03-24 20:06:18 - [INFO] config updated
2025-03-24 20:10:53 - [INFO] system check passed
2025-03-24 20:11:37 - [INFO] backup completed
2025-03-24 20:19:31 - [INFO] email sent
2025-03-24 20:25:52 - [WARNING] Suspicious activity detected: malware
2025-03-24 20:33:13 - [INFO] file downloaded
2025-03-24 20:40:00 - [INFO] system check passed
2025-03-24 20:42:43 - [INFO] user login
2025-03-24 20:44:31 - [INFO] config updated
2025-03-24 20:49:25 - [WARNING] Suspicious activity detected: unauthorized_access
2025-03-24 20:54:14 - [INFO] file uploaded
2025-03-24 20:58:48 - [INFO] file uploaded
2025-03-24 21:08:02 - [WARNING] Suspicious activity detected: intrusion
2025-03-24 21:26:17 - [WARNING] Suspicious activity detected: intrusion
2025-03-24 21:41:15 - [INFO] config updated
2025-03-24 21:47:24 - [WARNING] Suspicious activity detected: intrusion
2025-03-24 21:52:37 - [INFO] config updated
2025-03-24 21:53:36 - [INFO] file downloaded
2025-03-24 22:05:06 - [INFO] file uploaded
2025-03-24 22:05:27 - [INFO] file uploaded
2025-03-24 22:16:06 - [INFO] config updated
2025-03-24 22:22:43 - [INFO] config updated
2025-03-24 22:32:45 - [INFO] email sent
2025-03-24 22:41:03 - [INFO] config updated
2025-03-24 23:06:41 - [WARNING] Suspicious activity detected: port_scan
2025-03-24 23:14:25 - [WARNING] Suspicious activity detected: intrusion
2025-03-24 23:18:15 - [INFO] user login
2025-03-24 23:20:40 - [WARNING] Suspicious activity detected: malware
2025-03-24 23:21:34 - [WARNING] Suspicious activity detected: ip_blocked
2025-03-24 23:24:05 - [WARNING] Suspicious activity detected: ddos
2025-03-24 23:25:39 - [WARNING] Suspicious activity detected: malware
2025-03-24 23:42:40 - [INFO] config updated
2025-03-24 23:48:32 - [INFO] user login
2025-03-24 23:52:30 - [WARNING] Suspicious activity detected: malware
2025-03-24 23:58:16 - [INFO] system check passed