2025-03-04 00:04:00 - [WARNING] Suspicious activity detected: malware
2025-03-04 00:13:42 - [WARNING] Suspicious activity detected: sql_injection
2025-03-04 00:14:15 - [INFO] file uploaded
2025-03-04 00:17:12 - [WARNING] Suspicious activity detected: malware
2025-03-04 00:18:53 - [WARNING] Suspicious activity detected: unauthorized_access
2025-03-04 00:18:54 - [INFO] system check passed
2025-03-04 00:26:14 - [WARNING] Suspicious activity detected: ip_blocked
2025-03-04 00:31:06 - [INFO] file uploaded
2025-03-04 00:37:06 - [INFO] file uploaded
2025-03-04 00:49:48 - [WARNING] Suspicious activity detected: malware
2025-03-04 00:59:51 - [INFO] email sent
2025-03-04 01:05:48 - [INFO] email sent
2025-03-04 01:13:08 - [INFO] file downloaded
2025-03-04 01:16:51 - [INFO] file uploaded
2025-03-04 01:17:32 - [WARNING] Suspicious activity detected: intrusion
2025-03-04 01:23:57 - [WARNING] Suspicious activity detected: malware
2025-03-04 01:27:00 - [INFO] email sent
2025-03-04 01:28:48 - [WARNING] Suspicious activity detected: unauthorized_access
2025-03-04 01:36:53 - [INFO] system check passed
2025-03-04 01:41:52 - [INFO] file uploaded
2025-03-04 01:44:16 - [WARNING] Suspicious activity detected: unauthorized_access
2025-03-04 01:48:13 - [INFO] config updated
2025-03-04 02:33:26 - [WARNING] Suspicious activity detected: malware
2025-03-04 02:43:19 - [INFO] file downloaded
2025-03-04 02:50:54 - [INFO] email sent
2025-03-04 02:52:21 - [INFO] file downloaded
2025-03-04 03:01:56 - [INFO] backup completed
2025-03-04 03:06:59 - [INFO] config updated
2025-03-04 03:12:07 - [WARNING] Suspicious activity detected: ddos
2025-03-04 03:17:54 - [INFO] system check passed
2025-03-04 03:32:29 - [INFO] email sent
2025-03-04 03:37:16 - [WARNING] Suspicious activity detected: ip_blocked
2025-03-04 03:40:04 - [INFO] user login
2025-03-04 03:45:30 - [INFO] file downloaded
2025-03-04 03:48:59 - [WARNING] Suspicious activity detected: brute_force
2025-03-04 03:56:01 - [WARNING] Suspicious activity detected: malware
2025-03-04 04:03:47 - [WARNING] Suspicious activity detected: intrusion
2025-03-04 04:06:02 - [WARNING] Suspicious activity detected: unauthorized_access
2025-03-04 04:15:05 - [INFO] backup completed
2025-03-04 04:16:25 - [INFO] backup completed
2025-03-04 04:20:05 - [INFO] config updated
2025-03-04 04:22:56 - [INFO] email sent
2025-03-04 04:23:42 - [INFO] backup completed
2025-03-04 04:24:19 - [INFO] system check passed
2025-03-04 04:42:05 - [WARNING] Suspicious activity detected: intrusion
2025-03-04 04:50:13 - [WARNING] Suspicious activity detected: port_scan
2025-03-04 05:03:43 - [WARNING] Suspicious activity detected: ip_blocked
2025-03-04 05:17:45 - [INFO] config updated
2025-03-04 05:18:25 - [WARNING] Suspicious activity detected: port_scan
2025-03-04 05:41:55 - [INFO] email sent
2025-03-04 06:03:05 - [INFO] system check passed
2025-03-04 06:03:50 - [INFO] user login
2025-03-04 06:07:43 - [INFO] email sent
2025-03-04 06:08:12 - [INFO] file downloaded
2025-03-04 06:29:35 - [WARNING] Suspicious activity detected: malware
2025-03-04 06:31:29 - [INFO] system check passed
2025-03-04 06:42:47 - [INFO] config updated
2025-03-04 07:02:17 - [WARNING] Suspicious activity detected: ip_blocked
2025-03-04 07:09:53 - [INFO] config updated
2025-03-04 07:40:40 - [WARNING] Suspicious activity detected: port_scan
2025-03-04 07:42:25 - [WARNING] Suspicious activity detected: sql_injection
2025-03-04 07:50:48 - [INFO] user login
2025-03-04 07:50:56 - [INFO] backup completed
2025-03-04 08:01:29 - [INFO] file uploaded
2025-03-04 08:09:27 - [WARNING] Suspicious activity detected: sql_injection
2025-03-04 08:15:57 - [INFO] backup completed
2025-03-04 08:17:09 - [INFO] email sent
2025-03-04 08:18:49 - [INFO] file downloaded
2025-03-04 08:42:08 - [INFO] file downloaded
2025-03-04 08:50:50 - [INFO] backup completed
2025-03-04 08:59:22 - [INFO] config updated
2025-03-04 09:02:11 - [INFO] backup completed
2025-03-04 09:19:52 - [WARNING] Suspicious activity detected: intrusion
2025-03-04 09:36:38 - [WARNING] Suspicious activity detected: intrusion
2025-03-04 09:38:12 - [WARNING] Suspicious activity detected: ddos
2025-03-04 09:41:51 - [INFO] email sent
2025-03-04 09:46:43 - [WARNING] Suspicious activity detected: brute_force
2025-03-04 09:58:08 - [INFO] file downloaded
2025-03-04 10:02:55 - [INFO] email sent
2025-03-04 10:20:13 - [INFO] email sent
2025-03-04 10:23:21 - [WARNING] Suspicious activity detected: intrusion
2025-03-04 10:29:49 - [INFO] user login
2025-03-04 10:34:09 - [INFO] email sent
2025-03-04 10:47:32 - [WARNING] Suspicious activity detected: unauthorized_access
2025-03-04 10:56:41 - [INFO] file uploaded
2025-03-04 11:04:55 - [WARNING] Suspicious activity detected: brute_force
2025-03-04 11:16:51 - [INFO] file downloaded
2025-03-04 11:32:03 - [INFO] config updated
2025-03-04 11:43:41 - [WARNING] Suspicious activity detected: ip_blocked
2025-03-04 11:52:12 - [INFO] system check passed
2025-03-04 11:55:04 - [WARNING] Suspicious activity detected: ddos
2025-03-04 11:55:08 - [INFO] file uploaded
2025-03-04 11:56:31 - [WARNING] Suspicious activity detected: ip_blocked
2025-03-04 12:42:27 - [INFO] backup completed
2025-03-04 12:50:49 - [WARNING] Suspicious activity detected: port_scan
2025-03-04 12:52:23 - [INFO] user login
2025-03-04 13:06:43 - [INFO] file downloaded
2025-03-04 13:07:07 - [INFO] backup completed
2025-03-04 13:08:47 - [INFO] config updated
2025-03-04 13:18:51 - [INFO] user login
2025-03-04 13:46:16 - [INFO] file downloaded
2025-03-04 13:49:18 - [INFO] file uploaded
2025-03-04 13:57:29 - [WARNING] Suspicious activity detected: brute_force
2025-03-04 14:15:08 - [INFO] file downloaded
2025-03-04 14:17:12 - [INFO] config updated
2025-03-04 14:23:38 - [INFO] user login
2025-03-04 14:23:51 - [INFO] file downloaded
2025-03-04 14:29:44 - [WARNING] Suspicious activity detected: sql_injection
2025-03-04 14:36:09 - [INFO] email sent
2025-03-04 14:39:38 - [INFO] config updated
2025-03-04 14:41:15 - [INFO] config updated
2025-03-04 14:51:13 - [INFO] file downloaded
2025-03-04 15:03:01 - [INFO] file uploaded
2025-03-04 15:05:07 - [WARNING] Suspicious activity detected: brute_force
2025-03-04 15:27:30 - [WARNING] Suspicious activity detected: intrusion
2025-03-04 15:31:31 - [INFO] email sent
2025-03-04 15:37:42 - [WARNING] Suspicious activity detected: unauthorized_access
2025-03-04 15:42:57 - [INFO] file downloaded
2025-03-04 15:48:04 - [WARNING] Suspicious activity detected: port_scan
2025-03-04 16:06:51 - [INFO] email sent
2025-03-04 16:08:46 - [INFO] config updated
2025-03-04 16:21:39 - [WARNING] Suspicious activity detected: ddos
2025-03-04 16:30:29 - [WARNING] Suspicious activity detected: port_scan
2025-03-04 16:33:01 - [INFO] file downloaded
2025-03-04 16:36:39 - [INFO] backup completed
2025-03-04 16:50:07 - [INFO] file uploaded
2025-03-04 16:51:53 - [WARNING] Suspicious activity detected: port_scan
2025-03-04 16:59:37 - [INFO] system check passed
2025-03-04 17:22:57 - [INFO] config updated
2025-03-04 17:23:37 - [INFO] file uploaded
2025-03-04 17:27:26 - [WARNING] Suspicious activity detected: intrusion
2025-03-04 17:35:57 - [WARNING] Suspicious activity detected: brute_force
2025-03-04 17:36:14 - [WARNING] Suspicious activity detected: intrusion
2025-03-04 17:36:22 - [INFO] file uploaded
2025-03-04 17:44:00 - [WARNING] Suspicious activity detected: malware
2025-03-04 18:06:49 - [WARNING] Suspicious activity detected: ip_blocked
2025-03-04 18:10:18 - [INFO] email sent
2025-03-04 18:11:28 - [WARNING] Suspicious activity detected: port_scan
2025-03-04 18:15:02 - [INFO] file downloaded
2025-03-04 18:19:08 - [WARNING] Suspicious activity detected: brute_force
2025-03-04 18:19:15 - [INFO] config updated
2025-03-04 18:24:16 - [INFO] backup completed
2025-03-04 18:34:55 - [INFO] system check passed
2025-03-04 18:43:56 - [INFO] config updated
2025-03-04 18:52:54 - [INFO] config updated
2025-03-04 18:53:58 - [INFO] user login
2025-03-04 18:58:16 - [INFO] system check passed
2025-03-04 19:22:27 - [WARNING] Suspicious activity detected: intrusion
2025-03-04 19:23:03 - [INFO] system check passed
2025-03-04 19:51:51 - [INFO] config updated
2025-03-04 20:04:49 - [WARNING] Suspicious activity detected: ip_blocked
2025-03-04 20:08:01 - [INFO] email sent
2025-03-04 20:38:32 - [INFO] system check passed
2025-03-04 20:40:51 - [WARNING] Suspicious activity detected: sql_injection
2025-03-04 20:45:57 - [WARNING] Suspicious activity detected: sql_injection
2025-03-04 20:47:50 - [WARNING] Suspicious activity detected: intrusion
2025-03-04 21:09:13 - [INFO] user login
2025-03-04 21:20:17 - [WARNING] Suspicious activity detected: malware
2025-03-04 21:30:18 - [INFO] user login
2025-03-04 21:31:16 - [WARNING] Suspicious activity detected: ddos
2025-03-04 21:36:20 - [WARNING] Suspicious activity detected: malware
2025-03-04 21:42:00 - [WARNING] Suspicious activity detected: malware
2025-03-04 21:43:08 - [WARNING] Suspicious activity detected: ddos
2025-03-04 21:48:39 - [INFO] system check passed
2025-03-04 21:59:15 - [INFO] email sent
2025-03-04 22:05:34 - [INFO] file downloaded
2025-03-04 22:18:42 - [INFO] file downloaded
2025-03-04 22:21:13 - [INFO] email sent
2025-03-04 22:28:23 - [WARNING] Suspicious activity detected: intrusion
2025-03-04 22:33:51 - [WARNING] Suspicious activity detected: intrusion
2025-03-04 22:35:57 - [WARNING] Suspicious activity detected: intrusion
2025-03-04 22:39:19 - [INFO] file downloaded
2025-03-04 22:42:32 - [INFO] user login
2025-03-04 23:02:29 - [WARNING] Suspicious activity detected: sql_injection
2025-03-04 23:09:26 - [INFO] backup completed
2025-03-04 23:12:38 - [INFO] email sent
2025-03-04 23:13:19 - [WARNING] Suspicious activity detected: malware
2025-03-04 23:14:17 - [WARNING] Suspicious activity detected: port_scan
2025-03-04 23:16:29 - [INFO] user login
2025-03-04 23:21:48 - [WARNING] Suspicious activity detected: ddos
2025-03-04 23:25:41 - [INFO] system check passed
2025-03-04 23:30:48 - [WARNING] Suspicious activity detected: sql_injection
2025-03-04 23:43:44 - [INFO] backup completed