2025-05-11 00:03:59 - [WARNING] Suspicious activity detected: intrusion
2025-05-11 00:04:19 - [WARNING] Suspicious activity detected: malware
2025-05-11 00:05:56 - [INFO] file downloaded
2025-05-11 00:17:13 - [INFO] file uploaded
2025-05-11 00:52:22 - [INFO] config updated
2025-05-11 01:13:12 - [INFO] file downloaded
2025-05-11 01:19:52 - [WARNING] Suspicious activity detected: port_scan
2025-05-11 01:35:11 - [INFO] file uploaded
2025-05-11 01:56:03 - [WARNING] Suspicious activity detected: ip_blocked
2025-05-11 02:16:02 - [WARNING] Suspicious activity detected: intrusion
2025-05-11 02:16:46 - [INFO] system check passed
2025-05-11 02:17:01 - [INFO] config updated
2025-05-11 02:26:56 - [WARNING] Suspicious activity detected: malware
2025-05-11 02:46:11 - [INFO] config updated
2025-05-11 02:58:53 - [WARNING] Suspicious activity detected: ddos
2025-05-11 02:59:42 - [INFO] file uploaded
2025-05-11 03:07:34 - [INFO] file downloaded
2025-05-11 03:33:51 - [INFO] user login
2025-05-11 03:42:37 - [INFO] file downloaded
2025-05-11 03:54:27 - [WARNING] Suspicious activity detected: unauthorized_access
2025-05-11 04:06:53 - [WARNING] Suspicious activity detected: port_scan
2025-05-11 04:19:22 - [WARNING] Suspicious activity detected: ip_blocked
2025-05-11 04:20:50 - [WARNING] Suspicious activity detected: ip_blocked
2025-05-11 04:21:30 - [WARNING] Suspicious activity detected: intrusion
2025-05-11 04:27:03 - [WARNING] Suspicious activity detected: intrusion
2025-05-11 04:29:22 - [INFO] system check passed
2025-05-11 04:39:16 - [WARNING] Suspicious activity detected: sql_injection
2025-05-11 04:53:33 - [INFO] user login
2025-05-11 05:00:11 - [INFO] config updated
2025-05-11 05:08:29 - [WARNING] Suspicious activity detected: unauthorized_access
2025-05-11 05:28:00 - [INFO] email sent
2025-05-11 05:34:41 - [INFO] config updated
2025-05-11 05:42:17 - [WARNING] Suspicious activity detected: ddos
2025-05-11 05:43:30 - [INFO] system check passed
2025-05-11 05:57:32 - [INFO] file uploaded
2025-05-11 05:59:48 - [INFO] backup completed
2025-05-11 06:05:20 - [WARNING] Suspicious activity detected: malware
2025-05-11 06:30:34 - [INFO] config updated
2025-05-11 06:35:34 - [WARNING] Suspicious activity detected: port_scan
2025-05-11 06:43:27 - [WARNING] Suspicious activity detected: brute_force
2025-05-11 06:58:31 - [WARNING] Suspicious activity detected: ip_blocked
2025-05-11 07:02:34 - [INFO] backup completed
2025-05-11 07:13:24 - [INFO] email sent
2025-05-11 07:16:23 - [WARNING] Suspicious activity detected: sql_injection
2025-05-11 07:44:44 - [INFO] user login
2025-05-11 08:02:30 - [INFO] config updated
2025-05-11 08:36:36 - [INFO] file uploaded
2025-05-11 08:37:02 - [INFO] config updated
2025-05-11 09:11:37 - [INFO] backup completed
2025-05-11 09:22:06 - [WARNING] Suspicious activity detected: sql_injection
2025-05-11 09:24:04 - [INFO] file uploaded
2025-05-11 09:28:03 - [INFO] file downloaded
2025-05-11 09:41:51 - [WARNING] Suspicious activity detected: intrusion
2025-05-11 09:51:55 - [WARNING] Suspicious activity detected: intrusion
2025-05-11 10:04:06 - [WARNING] Suspicious activity detected: malware
2025-05-11 10:39:23 - [WARNING] Suspicious activity detected: unauthorized_access
2025-05-11 10:54:57 - [WARNING] Suspicious activity detected: ddos
2025-05-11 11:08:38 - [WARNING] Suspicious activity detected: ddos
2025-05-11 11:13:06 - [INFO] email sent
2025-05-11 11:19:02 - [INFO] email sent
2025-05-11 11:20:50 - [INFO] file downloaded
2025-05-11 11:24:24 - [INFO] file uploaded
2025-05-11 11:25:53 - [WARNING] Suspicious activity detected: port_scan
2025-05-11 11:27:35 - [WARNING] Suspicious activity detected: sql_injection
2025-05-11 11:40:40 - [INFO] system check passed
2025-05-11 11:41:10 - [INFO] file uploaded
2025-05-11 11:53:40 - [WARNING] Suspicious activity detected: port_scan
2025-05-11 12:16:52 - [WARNING] Suspicious activity detected: brute_force
2025-05-11 12:20:53 - [INFO] user login
2025-05-11 12:32:43 - [WARNING] Suspicious activity detected: ip_blocked
2025-05-11 12:48:56 - [WARNING] Suspicious activity detected: ddos
2025-05-11 12:52:34 - [INFO] system check passed
2025-05-11 12:54:16 - [INFO] user login
2025-05-11 13:05:52 - [INFO] email sent
2025-05-11 13:09:39 - [WARNING] Suspicious activity detected: malware
2025-05-11 13:12:27 - [WARNING] Suspicious activity detected: intrusion
2025-05-11 13:15:07 - [INFO] user login
2025-05-11 13:17:21 - [INFO] backup completed
2025-05-11 13:33:02 - [WARNING] Suspicious activity detected: intrusion
2025-05-11 13:41:15 - [INFO] file uploaded
2025-05-11 13:43:28 - [INFO] file uploaded
2025-05-11 13:50:14 - [INFO] email sent
2025-05-11 13:51:45 - [INFO] email sent
2025-05-11 13:55:32 - [INFO] file uploaded
2025-05-11 13:59:53 - [INFO] backup completed
2025-05-11 14:11:07 - [INFO] system check passed
2025-05-11 14:20:42 - [INFO] system check passed
2025-05-11 14:21:12 - [INFO] config updated
2025-05-11 14:40:11 - [WARNING] Suspicious activity detected: intrusion
2025-05-11 14:45:37 - [INFO] backup completed
2025-05-11 14:48:29 - [INFO] file downloaded
2025-05-11 14:52:19 - [WARNING] Suspicious activity detected: port_scan
2025-05-11 14:53:28 - [INFO] user login
2025-05-11 15:03:03 - [INFO] config updated
2025-05-11 15:07:23 - [WARNING] Suspicious activity detected: intrusion
2025-05-11 15:13:07 - [INFO] backup completed
2025-05-11 15:19:44 - [WARNING] Suspicious activity detected: ip_blocked
2025-05-11 15:31:29 - [INFO] email sent
2025-05-11 15:42:52 - [WARNING] Suspicious activity detected: port_scan
2025-05-11 15:49:47 - [INFO] file downloaded
2025-05-11 16:05:08 - [INFO] email sent
2025-05-11 16:06:13 - [INFO] system check passed
2025-05-11 16:18:06 - [WARNING] Suspicious activity detected: sql_injection
2025-05-11 16:20:58 - [INFO] user login
2025-05-11 16:31:07 - [WARNING] Suspicious activity detected: unauthorized_access
2025-05-11 16:33:42 - [INFO] backup completed
2025-05-11 16:37:54 - [WARNING] Suspicious activity detected: ddos
2025-05-11 16:56:10 - [WARNING] Suspicious activity detected: intrusion
2025-05-11 17:05:43 - [INFO] user login
2025-05-11 17:07:36 - [INFO] file downloaded
2025-05-11 17:14:22 - [INFO] system check passed
2025-05-11 17:26:31 - [INFO] config updated
2025-05-11 17:29:58 - [INFO] file uploaded
2025-05-11 17:30:10 - [INFO] file downloaded
2025-05-11 17:33:31 - [INFO] file uploaded
2025-05-11 17:39:34 - [WARNING] Suspicious activity detected: port_scan
2025-05-11 17:40:18 - [INFO] file downloaded
2025-05-11 17:48:58 - [WARNING] Suspicious activity detected: malware
2025-05-11 17:50:35 - [INFO] backup completed
2025-05-11 17:54:18 - [INFO] file downloaded
2025-05-11 17:55:10 - [INFO] email sent
2025-05-11 17:59:54 - [INFO] system check passed
2025-05-11 18:09:41 - [INFO] email sent
2025-05-11 18:16:24 - [WARNING] Suspicious activity detected: intrusion
2025-05-11 18:16:59 - [WARNING] Suspicious activity detected: malware
2025-05-11 18:26:41 - [INFO] file uploaded
2025-05-11 18:28:26 - [INFO] file uploaded
2025-05-11 18:37:49 - [WARNING] Suspicious activity detected: ddos
2025-05-11 18:44:30 - [INFO] email sent
2025-05-11 18:44:31 - [INFO] file uploaded
2025-05-11 19:04:29 - [INFO] backup completed
2025-05-11 19:06:48 - [WARNING] Suspicious activity detected: ddos
2025-05-11 19:36:52 - [WARNING] Suspicious activity detected: unauthorized_access
2025-05-11 19:40:52 - [WARNING] Suspicious activity detected: sql_injection
2025-05-11 19:41:49 - [INFO] file downloaded
2025-05-11 19:57:40 - [INFO] file downloaded
2025-05-11 20:08:13 - [INFO] email sent
2025-05-11 20:27:09 - [WARNING] Suspicious activity detected: port_scan
2025-05-11 20:36:55 - [INFO] file downloaded
2025-05-11 20:40:13 - [INFO] file uploaded
2025-05-11 20:45:39 - [INFO] file downloaded
2025-05-11 20:53:27 - [WARNING] Suspicious activity detected: malware
2025-05-11 20:57:58 - [WARNING] Suspicious activity detected: ddos
2025-05-11 20:58:30 - [INFO] user login
2025-05-11 21:12:45 - [WARNING] Suspicious activity detected: ddos
2025-05-11 21:14:08 - [INFO] config updated
2025-05-11 21:15:09 - [INFO] config updated
2025-05-11 21:31:24 - [WARNING] Suspicious activity detected: intrusion
2025-05-11 21:36:15 - [INFO] file uploaded
2025-05-11 21:51:57 - [INFO] file uploaded
2025-05-11 21:56:40 - [INFO] system check passed
2025-05-11 21:56:52 - [INFO] backup completed
2025-05-11 22:00:40 - [INFO] file uploaded
2025-05-11 22:24:51 - [WARNING] Suspicious activity detected: intrusion
2025-05-11 22:25:42 - [INFO] file downloaded
2025-05-11 22:32:03 - [INFO] backup completed
2025-05-11 22:37:17 - [WARNING] Suspicious activity detected: malware
2025-05-11 22:42:03 - [INFO] file downloaded
2025-05-11 22:46:06 - [INFO] system check passed
2025-05-11 23:07:53 - [INFO] config updated
2025-05-11 23:21:34 - [INFO] user login
2025-05-11 23:36:25 - [INFO] backup completed
2025-05-11 23:42:16 - [INFO] backup completed
2025-05-11 23:43:20 - [INFO] config updated
2025-05-11 23:48:54 - [INFO] user login
2025-05-11 23:50:35 - [INFO] system check passed
2025-05-11 23:54:15 - [INFO] file uploaded
2025-05-11 23:56:58 - [WARNING] Suspicious activity detected: brute_force
2025-05-11 23:59:36 - [INFO] config updated