2025-03-12 00:02:24 - [WARNING] Suspicious activity detected: sql_injection
2025-03-12 00:08:47 - [INFO] email sent
2025-03-12 00:12:13 - [INFO] file downloaded
2025-03-12 00:18:36 - [INFO] system check passed
2025-03-12 00:28:07 - [WARNING] Suspicious activity detected: sql_injection
2025-03-12 00:33:54 - [INFO] user login
2025-03-12 00:35:14 - [INFO] system check passed
2025-03-12 00:48:47 - [INFO] backup completed
2025-03-12 00:56:08 - [INFO] config updated
2025-03-12 01:10:57 - [INFO] backup completed
2025-03-12 01:29:52 - [INFO] backup completed
2025-03-12 01:34:07 - [INFO] file downloaded
2025-03-12 01:35:53 - [INFO] config updated
2025-03-12 01:42:52 - [WARNING] Suspicious activity detected: sql_injection
2025-03-12 01:53:44 - [WARNING] Suspicious activity detected: ip_blocked
2025-03-12 01:59:10 - [WARNING] Suspicious activity detected: ip_blocked
2025-03-12 02:01:47 - [INFO] file uploaded
2025-03-12 02:06:26 - [INFO] config updated
2025-03-12 02:10:58 - [INFO] file downloaded
2025-03-12 02:25:17 - [INFO] config updated
2025-03-12 02:33:48 - [INFO] system check passed
2025-03-12 02:39:35 - [INFO] system check passed
2025-03-12 02:41:34 - [INFO] email sent
2025-03-12 02:43:01 - [INFO] email sent
2025-03-12 02:51:11 - [INFO] email sent
2025-03-12 02:55:29 - [INFO] email sent
2025-03-12 03:01:28 - [WARNING] Suspicious activity detected: brute_force
2025-03-12 03:28:27 - [WARNING] Suspicious activity detected: ddos
2025-03-12 03:34:13 - [INFO] system check passed
2025-03-12 03:37:11 - [INFO] user login
2025-03-12 03:44:46 - [INFO] user login
2025-03-12 03:51:08 - [INFO] email sent
2025-03-12 03:51:54 - [WARNING] Suspicious activity detected: intrusion
2025-03-12 03:52:33 - [INFO] email sent
2025-03-12 03:56:53 - [INFO] config updated
2025-03-12 04:08:16 - [INFO] file uploaded
2025-03-12 04:08:54 - [INFO] config updated
2025-03-12 04:25:43 - [INFO] file uploaded
2025-03-12 04:26:07 - [WARNING] Suspicious activity detected: ip_blocked
2025-03-12 04:36:18 - [INFO] file downloaded
2025-03-12 04:45:04 - [INFO] user login
2025-03-12 04:45:43 - [INFO] config updated
2025-03-12 04:49:08 - [INFO] backup completed
2025-03-12 04:50:49 - [WARNING] Suspicious activity detected: brute_force
2025-03-12 04:56:46 - [INFO] config updated
2025-03-12 04:57:32 - [INFO] user login
2025-03-12 05:05:06 - [INFO] file downloaded
2025-03-12 05:06:42 - [INFO] backup completed
2025-03-12 05:06:49 - [INFO] file uploaded
2025-03-12 05:15:47 - [INFO] config updated
2025-03-12 05:24:00 - [INFO] backup completed
2025-03-12 05:26:06 - [INFO] file uploaded
2025-03-12 05:29:51 - [WARNING] Suspicious activity detected: ddos
2025-03-12 05:36:46 - [WARNING] Suspicious activity detected: brute_force
2025-03-12 05:37:46 - [INFO] email sent
2025-03-12 05:40:41 - [WARNING] Suspicious activity detected: port_scan
2025-03-12 06:17:26 - [INFO] backup completed
2025-03-12 06:25:49 - [INFO] file uploaded
2025-03-12 06:37:14 - [INFO] system check passed
2025-03-12 06:37:47 - [WARNING] Suspicious activity detected: sql_injection
2025-03-12 06:45:25 - [WARNING] Suspicious activity detected: brute_force
2025-03-12 07:01:30 - [INFO] file uploaded
2025-03-12 07:05:46 - [INFO] backup completed
2025-03-12 07:05:55 - [WARNING] Suspicious activity detected: sql_injection
2025-03-12 07:12:55 - [INFO] config updated
2025-03-12 07:21:14 - [WARNING] Suspicious activity detected: sql_injection
2025-03-12 07:23:17 - [INFO] config updated
2025-03-12 07:24:49 - [WARNING] Suspicious activity detected: intrusion
2025-03-12 07:26:34 - [INFO] file uploaded
2025-03-12 07:33:02 - [WARNING] Suspicious activity detected: ip_blocked
2025-03-12 07:43:37 - [INFO] file uploaded
2025-03-12 07:44:01 - [WARNING] Suspicious activity detected: malware
2025-03-12 07:45:24 - [INFO] file uploaded
2025-03-12 07:55:36 - [INFO] file downloaded
2025-03-12 07:59:32 - [INFO] system check passed
2025-03-12 08:01:44 - [WARNING] Suspicious activity detected: intrusion
2025-03-12 08:02:49 - [INFO] backup completed
2025-03-12 08:09:32 - [INFO] user login
2025-03-12 08:15:28 - [INFO] backup completed
2025-03-12 08:15:47 - [INFO] email sent
2025-03-12 08:28:46 - [WARNING] Suspicious activity detected: ip_blocked
2025-03-12 08:29:14 - [INFO] backup completed
2025-03-12 08:30:30 - [INFO] config updated
2025-03-12 08:33:44 - [INFO] user login
2025-03-12 08:39:32 - [INFO] backup completed
2025-03-12 08:47:27 - [INFO] file downloaded
2025-03-12 08:48:55 - [WARNING] Suspicious activity detected: malware
2025-03-12 08:53:09 - [INFO] config updated
2025-03-12 08:56:30 - [WARNING] Suspicious activity detected: sql_injection
2025-03-12 08:57:46 - [INFO] system check passed
2025-03-12 08:57:56 - [INFO] backup completed
2025-03-12 09:05:08 - [WARNING] Suspicious activity detected: ddos
2025-03-12 09:07:12 - [WARNING] Suspicious activity detected: port_scan
2025-03-12 09:09:08 - [INFO] file downloaded
2025-03-12 09:11:44 - [WARNING] Suspicious activity detected: intrusion
2025-03-12 09:11:51 - [INFO] backup completed
2025-03-12 09:15:04 - [WARNING] Suspicious activity detected: unauthorized_access
2025-03-12 09:22:21 - [WARNING] Suspicious activity detected: ip_blocked
2025-03-12 09:35:42 - [INFO] backup completed
2025-03-12 09:44:15 - [INFO] system check passed
2025-03-12 09:49:36 - [INFO] system check passed
2025-03-12 09:56:02 - [INFO] system check passed
2025-03-12 10:14:57 - [INFO] file downloaded
2025-03-12 10:15:09 - [INFO] backup completed
2025-03-12 10:19:26 - [INFO] user login
2025-03-12 10:24:45 - [INFO] file uploaded
2025-03-12 10:26:03 - [WARNING] Suspicious activity detected: malware
2025-03-12 10:32:19 - [WARNING] Suspicious activity detected: unauthorized_access
2025-03-12 10:32:34 - [INFO] backup completed
2025-03-12 10:33:41 - [INFO] user login
2025-03-12 10:38:04 - [INFO] backup completed
2025-03-12 10:40:03 - [INFO] user login
2025-03-12 10:41:33 - [INFO] config updated
2025-03-12 10:42:22 - [WARNING] Suspicious activity detected: port_scan
2025-03-12 10:54:41 - [INFO] system check passed
2025-03-12 10:59:43 - [WARNING] Suspicious activity detected: unauthorized_access
2025-03-12 11:02:33 - [INFO] email sent
2025-03-12 11:05:30 - [WARNING] Suspicious activity detected: intrusion
2025-03-12 11:21:40 - [INFO] email sent
2025-03-12 11:31:16 - [INFO] file downloaded
2025-03-12 11:35:56 - [WARNING] Suspicious activity detected: port_scan
2025-03-12 11:36:34 - [INFO] system check passed
2025-03-12 11:41:45 - [WARNING] Suspicious activity detected: brute_force
2025-03-12 11:42:13 - [INFO] file downloaded
2025-03-12 11:42:58 - [INFO] system check passed
2025-03-12 11:54:03 - [INFO] file downloaded
2025-03-12 11:56:48 - [INFO] email sent
2025-03-12 12:04:20 - [INFO] file uploaded
2025-03-12 12:15:20 - [WARNING] Suspicious activity detected: unauthorized_access
2025-03-12 12:36:44 - [INFO] config updated
2025-03-12 12:39:12 - [INFO] file uploaded
2025-03-12 12:45:49 - [INFO] system check passed
2025-03-12 12:50:03 - [WARNING] Suspicious activity detected: brute_force
2025-03-12 12:51:29 - [WARNING] Suspicious activity detected: sql_injection
2025-03-12 12:56:53 - [INFO] file downloaded
2025-03-12 12:58:04 - [WARNING] Suspicious activity detected: ddos
2025-03-12 13:25:20 - [WARNING] Suspicious activity detected: malware
2025-03-12 13:25:22 - [INFO] email sent
2025-03-12 13:28:53 - [INFO] email sent
2025-03-12 13:36:19 - [INFO] email sent
2025-03-12 13:39:01 - [WARNING] Suspicious activity detected: unauthorized_access
2025-03-12 13:39:24 - [INFO] file downloaded
2025-03-12 13:40:31 - [INFO] config updated
2025-03-12 13:40:52 - [WARNING] Suspicious activity detected: ip_blocked
2025-03-12 13:43:22 - [INFO] email sent
2025-03-12 13:43:25 - [WARNING] Suspicious activity detected: intrusion
2025-03-12 13:44:10 - [INFO] user login
2025-03-12 13:44:10 - [INFO] file uploaded
2025-03-12 13:44:51 - [WARNING] Suspicious activity detected: intrusion
2025-03-12 13:45:42 - [INFO] config updated
2025-03-12 13:47:28 - [INFO] config updated
2025-03-12 13:51:09 - [INFO] email sent
2025-03-12 14:02:09 - [WARNING] Suspicious activity detected: ip_blocked
2025-03-12 14:02:47 - [INFO] config updated
2025-03-12 14:07:35 - [WARNING] Suspicious activity detected: ip_blocked
2025-03-12 14:11:14 - [INFO] config updated
2025-03-12 14:14:11 - [WARNING] Suspicious activity detected: port_scan
2025-03-12 14:22:09 - [WARNING] Suspicious activity detected: intrusion
2025-03-12 14:25:08 - [WARNING] Suspicious activity detected: sql_injection
2025-03-12 14:29:16 - [INFO] file downloaded
2025-03-12 14:33:42 - [INFO] backup completed
2025-03-12 14:35:42 - [WARNING] Suspicious activity detected: brute_force
2025-03-12 14:36:45 - [WARNING] Suspicious activity detected: intrusion
2025-03-12 14:43:21 - [INFO] user login
2025-03-12 14:48:30 - [INFO] user login
2025-03-12 15:00:23 - [WARNING] Suspicious activity detected: sql_injection
2025-03-12 15:24:16 - [INFO] user login
2025-03-12 15:28:49 - [INFO] file uploaded
2025-03-12 15:31:36 - [INFO] email sent
2025-03-12 15:34:53 - [INFO] system check passed
2025-03-12 15:43:29 - [INFO] system check passed
2025-03-12 15:45:30 - [INFO] backup completed
2025-03-12 15:56:33 - [WARNING] Suspicious activity detected: malware
2025-03-12 15:58:46 - [WARNING] Suspicious activity detected: unauthorized_access
2025-03-12 16:06:00 - [INFO] user login
2025-03-12 16:07:31 - [INFO] backup completed
2025-03-12 16:12:36 - [INFO] file uploaded
2025-03-12 16:14:37 - [INFO] backup completed
2025-03-12 16:19:27 - [INFO] user login
2025-03-12 16:21:15 - [INFO] file uploaded
2025-03-12 16:33:56 - [INFO] file downloaded
2025-03-12 16:40:06 - [INFO] file uploaded
2025-03-12 16:47:27 - [WARNING] Suspicious activity detected: port_scan
2025-03-12 16:50:27 - [INFO] file uploaded
2025-03-12 16:50:38 - [INFO] file downloaded
2025-03-12 16:57:53 - [WARNING] Suspicious activity detected: intrusion
2025-03-12 16:58:50 - [INFO] system check passed
2025-03-12 17:11:25 - [INFO] user login
2025-03-12 17:15:23 - [INFO] config updated
2025-03-12 17:25:07 - [INFO] system check passed
2025-03-12 17:25:38 - [WARNING] Suspicious activity detected: sql_injection
2025-03-12 17:31:56 - [WARNING] Suspicious activity detected: malware
2025-03-12 17:38:56 - [INFO] config updated
2025-03-12 17:44:42 - [WARNING] Suspicious activity detected: ddos
2025-03-12 17:48:59 - [WARNING] Suspicious activity detected: unauthorized_access
2025-03-12 17:50:53 - [INFO] file downloaded
2025-03-12 17:52:47 - [INFO] backup completed
2025-03-12 18:09:00 - [INFO] file uploaded
2025-03-12 18:21:13 - [WARNING] Suspicious activity detected: port_scan
2025-03-12 18:37:02 - [INFO] config updated
2025-03-12 18:38:55 - [INFO] user login
2025-03-12 18:40:03 - [INFO] email sent
2025-03-12 18:56:20 - [INFO] file uploaded
2025-03-12 18:57:44 - [INFO] config updated
2025-03-12 19:15:00 - [INFO] config updated
2025-03-12 19:17:29 - [INFO] file uploaded
2025-03-12 19:23:02 - [WARNING] Suspicious activity detected: unauthorized_access
2025-03-12 19:45:18 - [INFO] backup completed
2025-03-12 19:48:22 - [INFO] config updated
2025-03-12 20:00:20 - [WARNING] Suspicious activity detected: ddos
2025-03-12 20:02:43 - [WARNING] Suspicious activity detected: ddos
2025-03-12 20:06:25 - [INFO] file downloaded
2025-03-12 20:06:30 - [WARNING] Suspicious activity detected: malware
2025-03-12 20:08:48 - [INFO] user login
2025-03-12 20:11:59 - [WARNING] Suspicious activity detected: ip_blocked
2025-03-12 20:14:36 - [WARNING] Suspicious activity detected: port_scan
2025-03-12 20:20:50 - [INFO] system check passed
2025-03-12 20:30:32 - [INFO] system check passed
2025-03-12 20:30:37 - [INFO] file downloaded
2025-03-12 20:40:03 - [INFO] file uploaded
2025-03-12 20:46:52 - [INFO] config updated
2025-03-12 21:04:39 - [INFO] email sent
2025-03-12 21:18:29 - [INFO] file downloaded
2025-03-12 21:27:51 - [INFO] backup completed
2025-03-12 21:30:58 - [WARNING] Suspicious activity detected: port_scan
2025-03-12 21:47:27 - [INFO] email sent
2025-03-12 21:48:25 - [INFO] file downloaded
2025-03-12 21:48:36 - [INFO] file downloaded
2025-03-12 21:55:03 - [INFO] file downloaded
2025-03-12 21:55:36 - [INFO] file downloaded
2025-03-12 22:12:51 - [WARNING] Suspicious activity detected: unauthorized_access
2025-03-12 22:18:13 - [WARNING] Suspicious activity detected: port_scan
2025-03-12 22:23:04 - [WARNING] Suspicious activity detected: ddos
2025-03-12 22:26:47 - [INFO] user login
2025-03-12 22:27:24 - [WARNING] Suspicious activity detected: intrusion
2025-03-12 22:35:21 - [INFO] config updated
2025-03-12 22:40:44 - [INFO] system check passed
2025-03-12 22:50:44 - [WARNING] Suspicious activity detected: ip_blocked
2025-03-12 22:51:58 - [INFO] email sent
2025-03-12 22:53:01 - [INFO] file downloaded
2025-03-12 22:55:26 - [WARNING] Suspicious activity detected: malware
2025-03-12 22:57:55 - [INFO] user login
2025-03-12 22:58:06 - [WARNING] Suspicious activity detected: ip_blocked
2025-03-12 22:59:06 - [INFO] user login
2025-03-12 23:00:44 - [INFO] file downloaded
2025-03-12 23:20:00 - [WARNING] Suspicious activity detected: unauthorized_access
2025-03-12 23:22:36 - [INFO] system check passed
2025-03-12 23:22:42 - [WARNING] Suspicious activity detected: ip_blocked
2025-03-12 23:38:09 - [WARNING] Suspicious activity detected: ip_blocked
2025-03-12 23:38:45 - [INFO] backup completed
2025-03-12 23:40:11 - [WARNING] Suspicious activity detected: malware