2025-04-04 00:14:38 - [INFO] system check passed
2025-04-04 00:16:04 - [INFO] file uploaded
2025-04-04 01:02:33 - [WARNING] Suspicious activity detected: ip_blocked
2025-04-04 01:09:16 - [INFO] file downloaded
2025-04-04 01:13:05 - [WARNING] Suspicious activity detected: brute_force
2025-04-04 01:13:25 - [WARNING] Suspicious activity detected: malware
2025-04-04 01:15:45 - [WARNING] Suspicious activity detected: unauthorized_access
2025-04-04 01:22:41 - [INFO] system check passed
2025-04-04 01:26:50 - [INFO] file downloaded
2025-04-04 01:30:04 - [INFO] user login
2025-04-04 01:41:14 - [WARNING] Suspicious activity detected: brute_force
2025-04-04 01:42:27 - [INFO] file uploaded
2025-04-04 01:45:15 - [INFO] file uploaded
2025-04-04 01:46:28 - [WARNING] Suspicious activity detected: unauthorized_access
2025-04-04 01:49:01 - [WARNING] Suspicious activity detected: sql_injection
2025-04-04 02:06:18 - [WARNING] Suspicious activity detected: port_scan
2025-04-04 02:31:24 - [INFO] config updated
2025-04-04 02:34:04 - [INFO] system check passed
2025-04-04 02:39:25 - [WARNING] Suspicious activity detected: unauthorized_access
2025-04-04 02:42:48 - [INFO] backup completed
2025-04-04 02:57:03 - [INFO] email sent
2025-04-04 03:01:34 - [WARNING] Suspicious activity detected: ddos
2025-04-04 03:02:52 - [WARNING] Suspicious activity detected: port_scan
2025-04-04 03:06:17 - [WARNING] Suspicious activity detected: sql_injection
2025-04-04 03:11:04 - [INFO] system check passed
2025-04-04 03:14:08 - [INFO] file uploaded
2025-04-04 03:40:54 - [WARNING] Suspicious activity detected: ddos
2025-04-04 03:51:32 - [WARNING] Suspicious activity detected: intrusion
2025-04-04 04:01:01 - [WARNING] Suspicious activity detected: ddos
2025-04-04 04:10:41 - [INFO] email sent
2025-04-04 04:17:35 - [INFO] config updated
2025-04-04 04:48:31 - [WARNING] Suspicious activity detected: unauthorized_access
2025-04-04 04:51:43 - [INFO] system check passed
2025-04-04 05:22:29 - [INFO] file downloaded
2025-04-04 05:24:35 - [INFO] backup completed
2025-04-04 05:24:51 - [WARNING] Suspicious activity detected: ip_blocked
2025-04-04 05:26:25 - [INFO] file downloaded
2025-04-04 05:30:05 - [WARNING] Suspicious activity detected: malware
2025-04-04 05:47:17 - [INFO] file downloaded
2025-04-04 05:56:15 - [WARNING] Suspicious activity detected: intrusion
2025-04-04 06:00:37 - [INFO] file uploaded
2025-04-04 06:01:58 - [INFO] system check passed
2025-04-04 06:19:52 - [WARNING] Suspicious activity detected: sql_injection
2025-04-04 06:21:11 - [WARNING] Suspicious activity detected: malware
2025-04-04 06:35:55 - [INFO] config updated
2025-04-04 06:44:11 - [INFO] user login
2025-04-04 06:44:31 - [INFO] file downloaded
2025-04-04 06:46:37 - [INFO] file uploaded
2025-04-04 06:59:18 - [INFO] file uploaded
2025-04-04 07:05:14 - [WARNING] Suspicious activity detected: sql_injection
2025-04-04 07:13:02 - [INFO] file downloaded
2025-04-04 07:21:02 - [INFO] email sent
2025-04-04 07:40:45 - [WARNING] Suspicious activity detected: ip_blocked
2025-04-04 07:44:38 - [INFO] email sent
2025-04-04 07:44:51 - [INFO] file downloaded
2025-04-04 07:59:04 - [WARNING] Suspicious activity detected: sql_injection
2025-04-04 08:06:43 - [WARNING] Suspicious activity detected: intrusion
2025-04-04 08:07:40 - [INFO] email sent
2025-04-04 08:08:24 - [INFO] user login
2025-04-04 08:43:03 - [WARNING] Suspicious activity detected: malware
2025-04-04 08:47:26 - [INFO] file downloaded
2025-04-04 08:49:38 - [INFO] user login
2025-04-04 08:53:57 - [INFO] file downloaded
2025-04-04 09:04:18 - [WARNING] Suspicious activity detected: intrusion
2025-04-04 09:12:00 - [INFO] config updated
2025-04-04 09:20:30 - [INFO] config updated
2025-04-04 09:49:20 - [WARNING] Suspicious activity detected: ddos
2025-04-04 10:11:28 - [INFO] system check passed
2025-04-04 10:19:40 - [WARNING] Suspicious activity detected: ip_blocked
2025-04-04 10:58:08 - [WARNING] Suspicious activity detected: malware
2025-04-04 10:59:44 - [WARNING] Suspicious activity detected: unauthorized_access
2025-04-04 11:06:33 - [INFO] system check passed
2025-04-04 11:11:47 - [INFO] file uploaded
2025-04-04 11:23:47 - [INFO] backup completed
2025-04-04 11:30:03 - [WARNING] Suspicious activity detected: unauthorized_access
2025-04-04 11:32:07 - [INFO] email sent
2025-04-04 11:47:12 - [WARNING] Suspicious activity detected: ddos
2025-04-04 11:47:41 - [INFO] config updated
2025-04-04 11:54:06 - [WARNING] Suspicious activity detected: ddos
2025-04-04 11:54:32 - [WARNING] Suspicious activity detected: intrusion
2025-04-04 12:01:42 - [INFO] file uploaded
2025-04-04 12:04:09 - [WARNING] Suspicious activity detected: intrusion
2025-04-04 12:10:54 - [WARNING] Suspicious activity detected: port_scan
2025-04-04 12:28:29 - [INFO] config updated
2025-04-04 12:32:30 - [INFO] user login
2025-04-04 12:33:16 - [INFO] system check passed
2025-04-04 12:33:54 - [WARNING] Suspicious activity detected: unauthorized_access
2025-04-04 12:37:45 - [WARNING] Suspicious activity detected: sql_injection
2025-04-04 12:48:04 - [WARNING] Suspicious activity detected: malware
2025-04-04 13:00:12 - [INFO] system check passed
2025-04-04 13:04:41 - [WARNING] Suspicious activity detected: brute_force
2025-04-04 13:11:09 - [INFO] backup completed
2025-04-04 13:25:25 - [WARNING] Suspicious activity detected: malware
2025-04-04 13:28:42 - [INFO] config updated
2025-04-04 13:31:24 - [WARNING] Suspicious activity detected: sql_injection
2025-04-04 13:34:06 - [INFO] email sent
2025-04-04 13:44:23 - [WARNING] Suspicious activity detected: port_scan
2025-04-04 13:57:21 - [INFO] backup completed
2025-04-04 14:06:43 - [INFO] email sent
2025-04-04 14:14:06 - [INFO] file downloaded
2025-04-04 14:16:58 - [INFO] email sent
2025-04-04 14:32:23 - [WARNING] Suspicious activity detected: intrusion
2025-04-04 14:44:37 - [WARNING] Suspicious activity detected: intrusion
2025-04-04 14:51:49 - [INFO] system check passed
2025-04-04 14:58:38 - [WARNING] Suspicious activity detected: malware
2025-04-04 15:08:31 - [WARNING] Suspicious activity detected: malware
2025-04-04 15:12:43 - [WARNING] Suspicious activity detected: sql_injection
2025-04-04 15:31:12 - [INFO] email sent
2025-04-04 15:32:40 - [INFO] backup completed
2025-04-04 15:34:23 - [INFO] backup completed
2025-04-04 15:38:15 - [INFO] config updated
2025-04-04 15:40:00 - [INFO] user login
2025-04-04 15:49:21 - [WARNING] Suspicious activity detected: brute_force
2025-04-04 15:50:56 - [WARNING] Suspicious activity detected: intrusion
2025-04-04 16:12:46 - [INFO] file uploaded
2025-04-04 16:27:10 - [WARNING] Suspicious activity detected: ddos
2025-04-04 16:27:34 - [WARNING] Suspicious activity detected: intrusion
2025-04-04 16:28:52 - [INFO] email sent
2025-04-04 16:35:32 - [WARNING] Suspicious activity detected: malware
2025-04-04 16:43:48 - [INFO] email sent
2025-04-04 16:49:54 - [INFO] config updated
2025-04-04 16:50:32 - [WARNING] Suspicious activity detected: intrusion
2025-04-04 16:50:36 - [INFO] system check passed
2025-04-04 16:59:17 - [WARNING] Suspicious activity detected: intrusion
2025-04-04 17:25:29 - [INFO] file uploaded
2025-04-04 17:26:34 - [INFO] config updated
2025-04-04 17:31:14 - [INFO] config updated
2025-04-04 17:32:13 - [INFO] system check passed
2025-04-04 17:42:38 - [WARNING] Suspicious activity detected: malware
2025-04-04 17:49:08 - [WARNING] Suspicious activity detected: port_scan
2025-04-04 18:09:42 - [INFO] email sent
2025-04-04 18:19:47 - [INFO] system check passed
2025-04-04 18:24:52 - [WARNING] Suspicious activity detected: port_scan
2025-04-04 18:36:12 - [INFO] backup completed
2025-04-04 18:38:33 - [INFO] user login
2025-04-04 18:50:33 - [INFO] file uploaded
2025-04-04 18:55:27 - [INFO] backup completed
2025-04-04 18:59:02 - [WARNING] Suspicious activity detected: malware
2025-04-04 19:23:30 - [WARNING] Suspicious activity detected: unauthorized_access
2025-04-04 19:34:52 - [INFO] email sent
2025-04-04 19:41:32 - [INFO] email sent
2025-04-04 19:46:22 - [INFO] user login
2025-04-04 19:46:56 - [WARNING] Suspicious activity detected: ip_blocked
2025-04-04 19:49:12 - [INFO] file uploaded
2025-04-04 19:53:24 - [INFO] system check passed
2025-04-04 19:54:59 - [WARNING] Suspicious activity detected: malware
2025-04-04 19:57:26 - [WARNING] Suspicious activity detected: ip_blocked
2025-04-04 19:58:53 - [INFO] backup completed
2025-04-04 20:14:48 - [INFO] backup completed
2025-04-04 20:23:08 - [INFO] user login
2025-04-04 20:27:11 - [INFO] system check passed
2025-04-04 20:37:15 - [INFO] system check passed
2025-04-04 20:38:53 - [INFO] config updated
2025-04-04 20:39:15 - [INFO] email sent
2025-04-04 20:43:13 - [INFO] email sent
2025-04-04 20:43:36 - [WARNING] Suspicious activity detected: sql_injection
2025-04-04 21:16:31 - [INFO] email sent
2025-04-04 21:56:19 - [WARNING] Suspicious activity detected: ip_blocked
2025-04-04 22:04:01 - [WARNING] Suspicious activity detected: malware
2025-04-04 22:17:38 - [INFO] config updated
2025-04-04 22:21:57 - [WARNING] Suspicious activity detected: port_scan
2025-04-04 22:37:30 - [WARNING] Suspicious activity detected: brute_force
2025-04-04 22:41:55 - [INFO] system check passed
2025-04-04 22:57:24 - [INFO] file downloaded
2025-04-04 22:57:41 - [WARNING] Suspicious activity detected: intrusion
2025-04-04 23:09:26 - [INFO] config updated
2025-04-04 23:09:41 - [WARNING] Suspicious activity detected: sql_injection
2025-04-04 23:14:54 - [WARNING] Suspicious activity detected: port_scan
2025-04-04 23:15:13 - [WARNING] Suspicious activity detected: port_scan
2025-04-04 23:30:00 - [INFO] config updated
2025-04-04 23:48:00 - [INFO] system check passed
2025-04-04 23:50:25 - [INFO] system check passed
2025-04-04 23:52:53 - [INFO] file downloaded
2025-04-04 23:59:31 - [WARNING] Suspicious activity detected: unauthorized_access