2025-04-28 00:02:44 - [INFO] config updated
2025-04-28 00:06:57 - [WARNING] Suspicious activity detected: ddos
2025-04-28 00:08:34 - [WARNING] Suspicious activity detected: sql_injection
2025-04-28 00:09:25 - [INFO] backup completed
2025-04-28 00:12:16 - [INFO] file downloaded
2025-04-28 00:22:36 - [INFO] email sent
2025-04-28 00:23:19 - [WARNING] Suspicious activity detected: unauthorized_access
2025-04-28 00:26:00 - [INFO] file downloaded
2025-04-28 00:26:16 - [INFO] config updated
2025-04-28 00:31:08 - [WARNING] Suspicious activity detected: port_scan
2025-04-28 00:31:42 - [WARNING] Suspicious activity detected: ddos
2025-04-28 00:32:23 - [INFO] file downloaded
2025-04-28 00:32:47 - [WARNING] Suspicious activity detected: ddos
2025-04-28 00:39:43 - [WARNING] Suspicious activity detected: unauthorized_access
2025-04-28 00:42:06 - [INFO] system check passed
2025-04-28 00:46:21 - [INFO] config updated
2025-04-28 00:59:19 - [INFO] config updated
2025-04-28 01:11:08 - [INFO] user login
2025-04-28 01:21:34 - [INFO] backup completed
2025-04-28 01:24:34 - [WARNING] Suspicious activity detected: malware
2025-04-28 01:41:23 - [INFO] email sent
2025-04-28 01:50:47 - [WARNING] Suspicious activity detected: unauthorized_access
2025-04-28 01:53:00 - [WARNING] Suspicious activity detected: malware
2025-04-28 02:03:44 - [INFO] backup completed
2025-04-28 02:13:25 - [WARNING] Suspicious activity detected: malware
2025-04-28 02:27:55 - [INFO] email sent
2025-04-28 02:31:26 - [INFO] file uploaded
2025-04-28 02:38:52 - [INFO] backup completed
2025-04-28 02:39:21 - [WARNING] Suspicious activity detected: sql_injection
2025-04-28 02:42:18 - [INFO] user login
2025-04-28 02:43:36 - [WARNING] Suspicious activity detected: unauthorized_access
2025-04-28 02:53:06 - [INFO] backup completed
2025-04-28 02:56:27 - [INFO] file uploaded
2025-04-28 03:06:22 - [INFO] file downloaded
2025-04-28 03:11:59 - [WARNING] Suspicious activity detected: sql_injection
2025-04-28 03:13:36 - [INFO] system check passed
2025-04-28 03:14:42 - [INFO] config updated
2025-04-28 03:15:58 - [WARNING] Suspicious activity detected: intrusion
2025-04-28 03:19:53 - [WARNING] Suspicious activity detected: intrusion
2025-04-28 03:20:52 - [INFO] file uploaded
2025-04-28 03:37:17 - [WARNING] Suspicious activity detected: sql_injection
2025-04-28 03:39:54 - [INFO] system check passed
2025-04-28 03:45:41 - [INFO] system check passed
2025-04-28 03:56:07 - [INFO] system check passed
2025-04-28 04:03:47 - [INFO] config updated
2025-04-28 04:04:51 - [WARNING] Suspicious activity detected: brute_force
2025-04-28 04:05:00 - [INFO] file downloaded
2025-04-28 04:11:10 - [INFO] file downloaded
2025-04-28 04:15:11 - [INFO] file uploaded
2025-04-28 04:20:51 - [INFO] file uploaded
2025-04-28 04:26:38 - [INFO] email sent
2025-04-28 04:29:05 - [WARNING] Suspicious activity detected: ip_blocked
2025-04-28 04:29:52 - [INFO] backup completed
2025-04-28 04:39:40 - [INFO] system check passed
2025-04-28 04:48:43 - [INFO] user login
2025-04-28 04:51:56 - [INFO] file downloaded
2025-04-28 04:59:41 - [WARNING] Suspicious activity detected: ip_blocked
2025-04-28 05:09:17 - [WARNING] Suspicious activity detected: intrusion
2025-04-28 05:21:51 - [INFO] system check passed
2025-04-28 05:25:36 - [INFO] system check passed
2025-04-28 05:28:16 - [WARNING] Suspicious activity detected: intrusion
2025-04-28 05:31:14 - [INFO] file downloaded
2025-04-28 05:42:17 - [WARNING] Suspicious activity detected: sql_injection
2025-04-28 05:45:31 - [INFO] file uploaded
2025-04-28 05:47:46 - [INFO] system check passed
2025-04-28 05:48:33 - [INFO] file uploaded
2025-04-28 05:53:32 - [INFO] file uploaded
2025-04-28 05:58:49 - [INFO] user login
2025-04-28 05:59:52 - [INFO] user login
2025-04-28 06:01:39 - [INFO] config updated
2025-04-28 06:07:03 - [INFO] config updated
2025-04-28 06:09:15 - [WARNING] Suspicious activity detected: ip_blocked
2025-04-28 06:27:28 - [WARNING] Suspicious activity detected: port_scan
2025-04-28 06:34:19 - [INFO] backup completed
2025-04-28 06:39:29 - [INFO] file uploaded
2025-04-28 06:43:32 - [WARNING] Suspicious activity detected: brute_force
2025-04-28 06:46:07 - [INFO] backup completed
2025-04-28 07:17:22 - [INFO] file uploaded
2025-04-28 07:19:51 - [WARNING] Suspicious activity detected: ddos
2025-04-28 07:28:15 - [WARNING] Suspicious activity detected: intrusion
2025-04-28 07:35:54 - [INFO] file downloaded
2025-04-28 07:40:20 - [INFO] backup completed
2025-04-28 07:40:29 - [WARNING] Suspicious activity detected: ip_blocked
2025-04-28 07:41:47 - [INFO] file uploaded
2025-04-28 07:50:54 - [WARNING] Suspicious activity detected: ddos
2025-04-28 08:07:37 - [INFO] file uploaded
2025-04-28 08:09:36 - [INFO] backup completed
2025-04-28 08:13:50 - [WARNING] Suspicious activity detected: malware
2025-04-28 08:21:39 - [INFO] system check passed
2025-04-28 08:33:07 - [INFO] system check passed
2025-04-28 08:39:54 - [INFO] file downloaded
2025-04-28 08:43:06 - [WARNING] Suspicious activity detected: malware
2025-04-28 08:43:50 - [INFO] config updated
2025-04-28 08:44:15 - [INFO] backup completed
2025-04-28 08:46:32 - [WARNING] Suspicious activity detected: malware
2025-04-28 08:56:18 - [INFO] backup completed
2025-04-28 09:09:28 - [INFO] system check passed
2025-04-28 09:28:34 - [INFO] config updated
2025-04-28 09:42:50 - [INFO] file uploaded
2025-04-28 09:49:40 - [INFO] system check passed
2025-04-28 09:55:11 - [WARNING] Suspicious activity detected: malware
2025-04-28 09:55:55 - [INFO] config updated
2025-04-28 09:57:17 - [INFO] file uploaded
2025-04-28 09:59:41 - [INFO] backup completed
2025-04-28 09:59:57 - [INFO] system check passed
2025-04-28 10:17:30 - [WARNING] Suspicious activity detected: ddos
2025-04-28 10:22:17 - [WARNING] Suspicious activity detected: sql_injection
2025-04-28 10:23:02 - [INFO] email sent
2025-04-28 10:24:00 - [WARNING] Suspicious activity detected: sql_injection
2025-04-28 10:24:22 - [INFO] email sent
2025-04-28 10:26:44 - [WARNING] Suspicious activity detected: ddos
2025-04-28 10:42:32 - [INFO] email sent
2025-04-28 10:50:36 - [WARNING] Suspicious activity detected: brute_force
2025-04-28 10:53:41 - [INFO] config updated
2025-04-28 11:03:04 - [INFO] user login
2025-04-28 11:17:38 - [INFO] user login
2025-04-28 11:18:02 - [INFO] file downloaded
2025-04-28 11:24:09 - [INFO] config updated
2025-04-28 11:27:22 - [INFO] config updated
2025-04-28 11:36:21 - [WARNING] Suspicious activity detected: malware
2025-04-28 11:40:46 - [INFO] config updated
2025-04-28 12:15:08 - [WARNING] Suspicious activity detected: intrusion
2025-04-28 12:17:06 - [INFO] file downloaded
2025-04-28 12:30:18 - [WARNING] Suspicious activity detected: malware
2025-04-28 12:40:45 - [WARNING] Suspicious activity detected: brute_force
2025-04-28 12:56:08 - [WARNING] Suspicious activity detected: malware
2025-04-28 13:14:23 - [WARNING] Suspicious activity detected: intrusion
2025-04-28 13:16:00 - [INFO] backup completed
2025-04-28 13:28:53 - [INFO] user login
2025-04-28 13:44:28 - [INFO] user login
2025-04-28 13:47:14 - [INFO] user login
2025-04-28 13:47:41 - [INFO] file uploaded
2025-04-28 13:49:23 - [INFO] file uploaded
2025-04-28 13:52:07 - [INFO] system check passed
2025-04-28 14:04:08 - [WARNING] Suspicious activity detected: ddos
2025-04-28 14:18:21 - [WARNING] Suspicious activity detected: intrusion
2025-04-28 14:20:48 - [WARNING] Suspicious activity detected: ip_blocked
2025-04-28 14:26:44 - [WARNING] Suspicious activity detected: ddos
2025-04-28 14:26:45 - [WARNING] Suspicious activity detected: brute_force
2025-04-28 14:34:56 - [WARNING] Suspicious activity detected: brute_force
2025-04-28 14:35:04 - [INFO] file downloaded
2025-04-28 14:38:50 - [INFO] system check passed
2025-04-28 14:42:44 - [WARNING] Suspicious activity detected: brute_force
2025-04-28 14:43:06 - [INFO] backup completed
2025-04-28 14:47:33 - [WARNING] Suspicious activity detected: malware
2025-04-28 14:51:02 - [INFO] email sent
2025-04-28 14:56:44 - [INFO] system check passed
2025-04-28 15:02:21 - [INFO] config updated
2025-04-28 15:09:37 - [INFO] user login
2025-04-28 15:14:33 - [WARNING] Suspicious activity detected: ip_blocked
2025-04-28 15:18:11 - [WARNING] Suspicious activity detected: brute_force
2025-04-28 15:59:34 - [WARNING] Suspicious activity detected: ddos
2025-04-28 16:21:44 - [INFO] file uploaded
2025-04-28 16:30:35 - [INFO] backup completed
2025-04-28 16:32:41 - [INFO] file uploaded
2025-04-28 16:42:16 - [INFO] file downloaded
2025-04-28 16:42:58 - [INFO] user login
2025-04-28 16:55:35 - [WARNING] Suspicious activity detected: brute_force
2025-04-28 16:57:07 - [INFO] file downloaded
2025-04-28 17:20:59 - [INFO] backup completed
2025-04-28 17:27:55 - [INFO] system check passed
2025-04-28 17:33:08 - [INFO] backup completed
2025-04-28 17:35:53 - [INFO] file uploaded
2025-04-28 17:35:55 - [WARNING] Suspicious activity detected: malware
2025-04-28 18:07:14 - [INFO] user login
2025-04-28 18:21:14 - [INFO] config updated
2025-04-28 18:23:17 - [INFO] file downloaded
2025-04-28 18:33:38 - [WARNING] Suspicious activity detected: brute_force
2025-04-28 18:36:47 - [WARNING] Suspicious activity detected: sql_injection
2025-04-28 18:44:33 - [WARNING] Suspicious activity detected: ip_blocked
2025-04-28 18:48:56 - [WARNING] Suspicious activity detected: brute_force
2025-04-28 18:52:30 - [INFO] config updated
2025-04-28 19:05:25 - [INFO] backup completed
2025-04-28 19:19:51 - [INFO] file downloaded
2025-04-28 19:30:32 - [INFO] config updated
2025-04-28 19:34:11 - [INFO] config updated
2025-04-28 19:35:12 - [INFO] config updated
2025-04-28 19:49:22 - [INFO] user login
2025-04-28 19:49:26 - [WARNING] Suspicious activity detected: ip_blocked
2025-04-28 19:52:23 - [INFO] user login
2025-04-28 19:59:12 - [WARNING] Suspicious activity detected: port_scan
2025-04-28 20:01:40 - [INFO] user login
2025-04-28 20:02:14 - [WARNING] Suspicious activity detected: sql_injection
2025-04-28 20:19:44 - [INFO] config updated
2025-04-28 20:21:01 - [INFO] system check passed
2025-04-28 20:24:53 - [INFO] user login
2025-04-28 20:34:48 - [WARNING] Suspicious activity detected: ddos
2025-04-28 20:37:12 - [INFO] file uploaded
2025-04-28 20:43:08 - [INFO] config updated
2025-04-28 20:44:42 - [INFO] system check passed
2025-04-28 20:47:54 - [INFO] backup completed
2025-04-28 20:58:44 - [WARNING] Suspicious activity detected: port_scan
2025-04-28 21:03:06 - [INFO] file downloaded
2025-04-28 21:09:46 - [WARNING] Suspicious activity detected: port_scan
2025-04-28 21:12:01 - [INFO] email sent
2025-04-28 21:24:45 - [INFO] file downloaded
2025-04-28 21:28:36 - [WARNING] Suspicious activity detected: ddos
2025-04-28 21:28:55 - [WARNING] Suspicious activity detected: port_scan
2025-04-28 21:34:05 - [INFO] backup completed
2025-04-28 21:38:36 - [WARNING] Suspicious activity detected: intrusion
2025-04-28 21:51:31 - [INFO] user login
2025-04-28 22:01:06 - [INFO] file uploaded
2025-04-28 22:06:56 - [INFO] backup completed
2025-04-28 22:09:34 - [INFO] config updated
2025-04-28 22:15:33 - [WARNING] Suspicious activity detected: port_scan
2025-04-28 22:17:50 - [INFO] backup completed
2025-04-28 22:21:58 - [WARNING] Suspicious activity detected: unauthorized_access
2025-04-28 22:26:58 - [WARNING] Suspicious activity detected: unauthorized_access
2025-04-28 22:36:46 - [INFO] backup completed
2025-04-28 22:41:52 - [WARNING] Suspicious activity detected: brute_force
2025-04-28 22:42:40 - [INFO] config updated
2025-04-28 22:43:56 - [INFO] file uploaded
2025-04-28 22:45:24 - [WARNING] Suspicious activity detected: malware
2025-04-28 22:46:29 - [INFO] system check passed
2025-04-28 22:54:36 - [WARNING] Suspicious activity detected: intrusion
2025-04-28 22:54:57 - [WARNING] Suspicious activity detected: intrusion
2025-04-28 23:06:34 - [WARNING] Suspicious activity detected: unauthorized_access
2025-04-28 23:10:46 - [INFO] backup completed
2025-04-28 23:27:19 - [INFO] system check passed
2025-04-28 23:33:08 - [INFO] config updated
2025-04-28 23:34:35 - [WARNING] Suspicious activity detected: sql_injection
2025-04-28 23:43:59 - [WARNING] Suspicious activity detected: sql_injection
2025-04-28 23:46:53 - [WARNING] Suspicious activity detected: sql_injection
2025-04-28 23:56:06 - [WARNING] Suspicious activity detected: ddos