2025-04-14 00:02:30 - [INFO] backup completed
2025-04-14 00:12:06 - [INFO] email sent
2025-04-14 00:28:36 - [INFO] file downloaded
2025-04-14 00:32:46 - [INFO] file downloaded
2025-04-14 00:35:13 - [WARNING] Suspicious activity detected: ddos
2025-04-14 00:40:29 - [WARNING] Suspicious activity detected: intrusion
2025-04-14 00:43:01 - [WARNING] Suspicious activity detected: brute_force
2025-04-14 00:43:49 - [INFO] email sent
2025-04-14 00:47:06 - [INFO] system check passed
2025-04-14 00:57:34 - [WARNING] Suspicious activity detected: sql_injection
2025-04-14 00:58:58 - [INFO] system check passed
2025-04-14 00:59:59 - [WARNING] Suspicious activity detected: sql_injection
2025-04-14 01:23:59 - [INFO] email sent
2025-04-14 01:29:41 - [INFO] email sent
2025-04-14 01:33:13 - [WARNING] Suspicious activity detected: port_scan
2025-04-14 01:39:24 - [INFO] backup completed
2025-04-14 01:39:39 - [INFO] file uploaded
2025-04-14 01:49:14 - [INFO] system check passed
2025-04-14 01:56:26 - [WARNING] Suspicious activity detected: intrusion
2025-04-14 02:02:32 - [WARNING] Suspicious activity detected: port_scan
2025-04-14 02:05:50 - [INFO] user login
2025-04-14 02:07:28 - [WARNING] Suspicious activity detected: ip_blocked
2025-04-14 02:11:32 - [INFO] user login
2025-04-14 02:29:19 - [INFO] user login
2025-04-14 02:34:10 - [INFO] system check passed
2025-04-14 02:46:46 - [WARNING] Suspicious activity detected: ip_blocked
2025-04-14 02:49:16 - [WARNING] Suspicious activity detected: ip_blocked
2025-04-14 02:54:24 - [INFO] system check passed
2025-04-14 02:58:36 - [INFO] backup completed
2025-04-14 02:58:36 - [INFO] file downloaded
2025-04-14 03:03:53 - [INFO] email sent
2025-04-14 03:13:30 - [INFO] email sent
2025-04-14 03:15:41 - [WARNING] Suspicious activity detected: ddos
2025-04-14 03:19:47 - [INFO] config updated
2025-04-14 03:27:44 - [INFO] file downloaded
2025-04-14 03:35:18 - [INFO] backup completed
2025-04-14 03:38:12 - [INFO] file uploaded
2025-04-14 03:38:37 - [WARNING] Suspicious activity detected: intrusion
2025-04-14 03:40:02 - [INFO] email sent
2025-04-14 03:41:36 - [INFO] system check passed
2025-04-14 03:42:10 - [INFO] backup completed
2025-04-14 03:44:17 - [INFO] file uploaded
2025-04-14 03:45:38 - [INFO] config updated
2025-04-14 03:49:20 - [WARNING] Suspicious activity detected: ip_blocked
2025-04-14 03:53:33 - [INFO] backup completed
2025-04-14 04:03:02 - [INFO] file downloaded
2025-04-14 04:03:05 - [WARNING] Suspicious activity detected: intrusion
2025-04-14 04:10:41 - [INFO] config updated
2025-04-14 04:15:04 - [INFO] backup completed
2025-04-14 04:17:34 - [WARNING] Suspicious activity detected: brute_force
2025-04-14 04:21:32 - [INFO] file downloaded
2025-04-14 04:29:28 - [INFO] email sent
2025-04-14 04:35:19 - [WARNING] Suspicious activity detected: malware
2025-04-14 04:36:05 - [INFO] backup completed
2025-04-14 04:46:03 - [WARNING] Suspicious activity detected: brute_force
2025-04-14 04:47:43 - [WARNING] Suspicious activity detected: brute_force
2025-04-14 04:58:11 - [INFO] file downloaded
2025-04-14 04:59:45 - [INFO] system check passed
2025-04-14 05:01:17 - [INFO] email sent
2025-04-14 05:05:10 - [INFO] email sent
2025-04-14 05:07:08 - [WARNING] Suspicious activity detected: port_scan
2025-04-14 05:10:16 - [WARNING] Suspicious activity detected: sql_injection
2025-04-14 05:15:34 - [WARNING] Suspicious activity detected: malware
2025-04-14 05:18:18 - [INFO] backup completed
2025-04-14 05:20:03 - [INFO] config updated
2025-04-14 05:22:56 - [INFO] config updated
2025-04-14 05:26:29 - [INFO] email sent
2025-04-14 05:30:10 - [INFO] file downloaded
2025-04-14 05:30:55 - [INFO] file downloaded
2025-04-14 05:31:44 - [INFO] backup completed
2025-04-14 05:32:46 - [WARNING] Suspicious activity detected: malware
2025-04-14 05:38:47 - [INFO] file downloaded
2025-04-14 05:42:21 - [WARNING] Suspicious activity detected: intrusion
2025-04-14 05:45:57 - [WARNING] Suspicious activity detected: sql_injection
2025-04-14 05:46:26 - [INFO] file uploaded
2025-04-14 05:54:14 - [INFO] user login
2025-04-14 06:02:13 - [WARNING] Suspicious activity detected: intrusion
2025-04-14 06:06:52 - [INFO] file uploaded
2025-04-14 06:20:51 - [INFO] config updated
2025-04-14 06:28:24 - [INFO] user login
2025-04-14 06:43:12 - [WARNING] Suspicious activity detected: sql_injection
2025-04-14 06:44:16 - [INFO] user login
2025-04-14 06:48:23 - [INFO] file downloaded
2025-04-14 06:58:01 - [INFO] system check passed
2025-04-14 07:01:51 - [WARNING] Suspicious activity detected: sql_injection
2025-04-14 07:08:44 - [INFO] file uploaded
2025-04-14 07:10:31 - [WARNING] Suspicious activity detected: sql_injection
2025-04-14 07:11:02 - [INFO] system check passed
2025-04-14 07:19:16 - [WARNING] Suspicious activity detected: sql_injection
2025-04-14 07:21:14 - [WARNING] Suspicious activity detected: ddos
2025-04-14 07:27:47 - [WARNING] Suspicious activity detected: unauthorized_access
2025-04-14 07:31:43 - [INFO] file uploaded
2025-04-14 07:32:54 - [WARNING] Suspicious activity detected: brute_force
2025-04-14 07:39:24 - [INFO] email sent
2025-04-14 07:39:43 - [INFO] file uploaded
2025-04-14 07:43:33 - [WARNING] Suspicious activity detected: sql_injection
2025-04-14 07:43:43 - [WARNING] Suspicious activity detected: brute_force
2025-04-14 07:48:52 - [INFO] system check passed
2025-04-14 07:50:32 - [INFO] file downloaded
2025-04-14 07:56:51 - [INFO] config updated
2025-04-14 08:01:46 - [INFO] user login
2025-04-14 08:04:57 - [WARNING] Suspicious activity detected: unauthorized_access
2025-04-14 08:17:52 - [INFO] file downloaded
2025-04-14 08:28:08 - [WARNING] Suspicious activity detected: sql_injection
2025-04-14 08:32:55 - [WARNING] Suspicious activity detected: ip_blocked
2025-04-14 08:33:58 - [WARNING] Suspicious activity detected: intrusion
2025-04-14 08:34:25 - [INFO] email sent
2025-04-14 08:35:57 - [INFO] system check passed
2025-04-14 08:42:44 - [INFO] file downloaded
2025-04-14 08:44:38 - [WARNING] Suspicious activity detected: brute_force
2025-04-14 08:48:34 - [WARNING] Suspicious activity detected: malware
2025-04-14 08:49:16 - [WARNING] Suspicious activity detected: sql_injection
2025-04-14 08:56:18 - [INFO] config updated
2025-04-14 09:04:46 - [INFO] email sent
2025-04-14 09:07:57 - [WARNING] Suspicious activity detected: intrusion
2025-04-14 09:29:20 - [WARNING] Suspicious activity detected: port_scan
2025-04-14 09:48:36 - [WARNING] Suspicious activity detected: sql_injection
2025-04-14 10:04:39 - [INFO] file uploaded
2025-04-14 10:16:42 - [INFO] file uploaded
2025-04-14 10:26:08 - [INFO] backup completed
2025-04-14 10:30:50 - [INFO] config updated
2025-04-14 10:48:53 - [INFO] config updated
2025-04-14 10:52:34 - [WARNING] Suspicious activity detected: ddos
2025-04-14 10:56:29 - [INFO] file uploaded
2025-04-14 11:05:02 - [INFO] user login
2025-04-14 11:10:07 - [INFO] config updated
2025-04-14 11:12:44 - [INFO] file downloaded
2025-04-14 11:14:37 - [WARNING] Suspicious activity detected: intrusion
2025-04-14 11:15:57 - [WARNING] Suspicious activity detected: intrusion
2025-04-14 11:40:51 - [INFO] system check passed
2025-04-14 11:50:37 - [INFO] email sent
2025-04-14 11:50:44 - [INFO] user login
2025-04-14 11:53:10 - [INFO] email sent
2025-04-14 11:55:11 - [INFO] system check passed
2025-04-14 11:55:56 - [WARNING] Suspicious activity detected: brute_force
2025-04-14 12:10:10 - [INFO] config updated
2025-04-14 12:13:55 - [INFO] system check passed
2025-04-14 12:28:36 - [INFO] backup completed
2025-04-14 12:31:36 - [INFO] system check passed
2025-04-14 12:39:01 - [WARNING] Suspicious activity detected: ddos
2025-04-14 12:42:00 - [WARNING] Suspicious activity detected: ddos
2025-04-14 12:44:54 - [WARNING] Suspicious activity detected: brute_force
2025-04-14 12:48:06 - [WARNING] Suspicious activity detected: sql_injection
2025-04-14 12:49:01 - [INFO] file downloaded
2025-04-14 12:50:10 - [INFO] system check passed
2025-04-14 12:55:14 - [INFO] system check passed
2025-04-14 12:58:46 - [INFO] file downloaded
2025-04-14 13:30:28 - [INFO] file uploaded
2025-04-14 13:48:54 - [WARNING] Suspicious activity detected: unauthorized_access
2025-04-14 13:54:55 - [INFO] backup completed
2025-04-14 13:59:25 - [INFO] system check passed
2025-04-14 14:20:27 - [WARNING] Suspicious activity detected: port_scan
2025-04-14 14:29:55 - [WARNING] Suspicious activity detected: malware
2025-04-14 14:33:12 - [WARNING] Suspicious activity detected: unauthorized_access
2025-04-14 14:35:26 - [INFO] file uploaded
2025-04-14 14:38:03 - [WARNING] Suspicious activity detected: malware
2025-04-14 14:38:40 - [WARNING] Suspicious activity detected: unauthorized_access
2025-04-14 14:45:15 - [WARNING] Suspicious activity detected: intrusion
2025-04-14 14:45:52 - [INFO] system check passed
2025-04-14 14:47:14 - [INFO] user login
2025-04-14 14:47:56 - [WARNING] Suspicious activity detected: port_scan
2025-04-14 14:49:11 - [INFO] file downloaded
2025-04-14 14:52:43 - [INFO] config updated
2025-04-14 14:53:14 - [WARNING] Suspicious activity detected: ddos
2025-04-14 14:53:17 - [WARNING] Suspicious activity detected: ddos
2025-04-14 14:59:48 - [WARNING] Suspicious activity detected: ip_blocked
2025-04-14 15:01:45 - [WARNING] Suspicious activity detected: brute_force
2025-04-14 15:04:02 - [INFO] file uploaded
2025-04-14 15:10:28 - [INFO] system check passed
2025-04-14 15:15:23 - [WARNING] Suspicious activity detected: port_scan
2025-04-14 15:22:05 - [INFO] file uploaded
2025-04-14 15:26:56 - [INFO] config updated
2025-04-14 15:30:48 - [INFO] file uploaded
2025-04-14 15:33:02 - [INFO] system check passed
2025-04-14 15:33:55 - [INFO] backup completed
2025-04-14 15:36:01 - [INFO] system check passed
2025-04-14 15:40:16 - [INFO] user login
2025-04-14 15:40:31 - [WARNING] Suspicious activity detected: brute_force
2025-04-14 15:45:38 - [INFO] backup completed
2025-04-14 15:48:23 - [WARNING] Suspicious activity detected: ip_blocked
2025-04-14 15:49:37 - [WARNING] Suspicious activity detected: brute_force
2025-04-14 15:58:39 - [INFO] email sent
2025-04-14 15:59:59 - [INFO] backup completed
2025-04-14 16:05:39 - [INFO] file uploaded
2025-04-14 16:25:12 - [WARNING] Suspicious activity detected: sql_injection
2025-04-14 16:55:18 - [INFO] file downloaded
2025-04-14 17:00:26 - [WARNING] Suspicious activity detected: intrusion
2025-04-14 17:06:49 - [INFO] system check passed
2025-04-14 17:07:23 - [INFO] email sent
2025-04-14 17:08:20 - [INFO] config updated
2025-04-14 17:08:21 - [INFO] file downloaded
2025-04-14 17:11:36 - [WARNING] Suspicious activity detected: brute_force
2025-04-14 17:11:56 - [INFO] system check passed
2025-04-14 17:14:16 - [INFO] config updated
2025-04-14 17:18:48 - [INFO] config updated
2025-04-14 17:31:44 - [INFO] file downloaded
2025-04-14 17:42:10 - [WARNING] Suspicious activity detected: sql_injection
2025-04-14 17:51:16 - [INFO] system check passed
2025-04-14 17:58:45 - [WARNING] Suspicious activity detected: malware
2025-04-14 18:00:28 - [INFO] file downloaded
2025-04-14 18:04:07 - [INFO] system check passed
2025-04-14 18:09:58 - [INFO] system check passed
2025-04-14 18:33:28 - [WARNING] Suspicious activity detected: intrusion
2025-04-14 18:34:31 - [INFO] config updated
2025-04-14 18:47:16 - [INFO] file uploaded
2025-04-14 18:51:23 - [INFO] file downloaded
2025-04-14 18:51:39 - [WARNING] Suspicious activity detected: ip_blocked
2025-04-14 18:54:36 - [INFO] email sent
2025-04-14 19:09:09 - [WARNING] Suspicious activity detected: sql_injection
2025-04-14 19:15:57 - [INFO] config updated
2025-04-14 19:30:10 - [INFO] file uploaded
2025-04-14 19:34:55 - [INFO] file uploaded
2025-04-14 19:40:12 - [WARNING] Suspicious activity detected: brute_force
2025-04-14 19:46:18 - [WARNING] Suspicious activity detected: intrusion
2025-04-14 19:47:27 - [INFO] file downloaded
2025-04-14 19:54:57 - [INFO] backup completed
2025-04-14 19:57:18 - [WARNING] Suspicious activity detected: port_scan
2025-04-14 20:00:15 - [INFO] config updated
2025-04-14 20:01:53 - [WARNING] Suspicious activity detected: unauthorized_access
2025-04-14 20:03:33 - [WARNING] Suspicious activity detected: ddos
2025-04-14 20:07:09 - [INFO] file downloaded
2025-04-14 20:17:27 - [WARNING] Suspicious activity detected: ip_blocked
2025-04-14 20:18:55 - [INFO] file downloaded
2025-04-14 20:20:12 - [WARNING] Suspicious activity detected: brute_force
2025-04-14 20:21:21 - [WARNING] Suspicious activity detected: unauthorized_access
2025-04-14 20:34:27 - [INFO] backup completed
2025-04-14 20:37:08 - [INFO] backup completed
2025-04-14 20:38:10 - [WARNING] Suspicious activity detected: unauthorized_access
2025-04-14 20:38:32 - [INFO] email sent
2025-04-14 20:54:58 - [INFO] config updated
2025-04-14 20:58:28 - [INFO] file downloaded
2025-04-14 21:01:51 - [WARNING] Suspicious activity detected: ddos
2025-04-14 21:03:20 - [WARNING] Suspicious activity detected: unauthorized_access
2025-04-14 21:22:52 - [WARNING] Suspicious activity detected: malware
2025-04-14 21:26:27 - [INFO] backup completed
2025-04-14 21:29:32 - [INFO] file uploaded
2025-04-14 21:29:59 - [INFO] backup completed
2025-04-14 21:31:33 - [INFO] file uploaded
2025-04-14 21:36:54 - [INFO] system check passed
2025-04-14 21:40:11 - [WARNING] Suspicious activity detected: intrusion
2025-04-14 21:45:20 - [INFO] user login
2025-04-14 21:56:43 - [WARNING] Suspicious activity detected: malware
2025-04-14 22:08:42 - [WARNING] Suspicious activity detected: unauthorized_access
2025-04-14 22:12:32 - [WARNING] Suspicious activity detected: ip_blocked
2025-04-14 22:17:26 - [INFO] user login
2025-04-14 22:19:55 - [WARNING] Suspicious activity detected: malware
2025-04-14 22:30:34 - [INFO] file uploaded
2025-04-14 22:31:07 - [WARNING] Suspicious activity detected: unauthorized_access
2025-04-14 22:39:34 - [INFO] config updated
2025-04-14 22:43:54 - [WARNING] Suspicious activity detected: sql_injection
2025-04-14 23:02:33 - [INFO] email sent
2025-04-14 23:03:13 - [INFO] file uploaded
2025-04-14 23:18:49 - [INFO] file downloaded
2025-04-14 23:44:53 - [WARNING] Suspicious activity detected: brute_force
2025-04-14 23:50:35 - [WARNING] Suspicious activity detected: sql_injection
2025-04-14 23:59:57 - [INFO] config updated