2025-04-19 00:01:50 - [INFO] backup completed
2025-04-19 00:02:57 - [INFO] config updated
2025-04-19 00:09:10 - [INFO] file uploaded
2025-04-19 00:12:38 - [INFO] user login
2025-04-19 00:16:10 - [WARNING] Suspicious activity detected: unauthorized_access
2025-04-19 00:16:57 - [INFO] user login
2025-04-19 00:46:52 - [INFO] file downloaded
2025-04-19 00:52:16 - [INFO] backup completed
2025-04-19 00:53:38 - [INFO] config updated
2025-04-19 00:58:54 - [INFO] backup completed
2025-04-19 00:59:05 - [INFO] email sent
2025-04-19 01:11:25 - [WARNING] Suspicious activity detected: ip_blocked
2025-04-19 01:14:20 - [INFO] config updated
2025-04-19 01:19:39 - [WARNING] Suspicious activity detected: malware
2025-04-19 01:19:58 - [INFO] file uploaded
2025-04-19 01:39:18 - [INFO] email sent
2025-04-19 01:41:55 - [WARNING] Suspicious activity detected: brute_force
2025-04-19 01:49:21 - [INFO] email sent
2025-04-19 02:06:32 - [INFO] email sent
2025-04-19 02:11:17 - [INFO] file uploaded
2025-04-19 02:19:16 - [INFO] email sent
2025-04-19 02:26:24 - [INFO] email sent
2025-04-19 02:29:59 - [INFO] file uploaded
2025-04-19 02:44:27 - [INFO] email sent
2025-04-19 03:01:32 - [WARNING] Suspicious activity detected: port_scan
2025-04-19 03:11:06 - [WARNING] Suspicious activity detected: malware
2025-04-19 03:14:49 - [INFO] file uploaded
2025-04-19 03:25:01 - [WARNING] Suspicious activity detected: ddos
2025-04-19 03:37:00 - [WARNING] Suspicious activity detected: sql_injection
2025-04-19 03:42:06 - [INFO] file uploaded
2025-04-19 03:44:27 - [INFO] file uploaded
2025-04-19 03:44:47 - [INFO] config updated
2025-04-19 03:58:33 - [INFO] file uploaded
2025-04-19 04:07:46 - [INFO] system check passed
2025-04-19 04:13:32 - [INFO] file uploaded
2025-04-19 04:13:52 - [INFO] file uploaded
2025-04-19 04:14:50 - [INFO] backup completed
2025-04-19 04:15:21 - [INFO] file downloaded
2025-04-19 04:30:15 - [INFO] email sent
2025-04-19 04:37:26 - [INFO] email sent
2025-04-19 04:39:32 - [INFO] file uploaded
2025-04-19 04:41:51 - [INFO] email sent
2025-04-19 04:47:56 - [INFO] user login
2025-04-19 04:56:04 - [WARNING] Suspicious activity detected: malware
2025-04-19 04:56:59 - [INFO] system check passed
2025-04-19 05:09:01 - [INFO] system check passed
2025-04-19 05:10:00 - [INFO] user login
2025-04-19 05:15:46 - [WARNING] Suspicious activity detected: ddos
2025-04-19 05:23:16 - [INFO] backup completed
2025-04-19 05:24:22 - [WARNING] Suspicious activity detected: ip_blocked
2025-04-19 05:26:09 - [INFO] system check passed
2025-04-19 05:32:32 - [INFO] file downloaded
2025-04-19 05:35:41 - [INFO] user login
2025-04-19 05:37:14 - [INFO] backup completed
2025-04-19 05:40:40 - [INFO] user login
2025-04-19 05:41:58 - [INFO] backup completed
2025-04-19 05:55:49 - [WARNING] Suspicious activity detected: ip_blocked
2025-04-19 05:57:05 - [INFO] user login
2025-04-19 06:09:15 - [WARNING] Suspicious activity detected: port_scan
2025-04-19 06:14:30 - [WARNING] Suspicious activity detected: ddos
2025-04-19 06:14:32 - [INFO] user login
2025-04-19 06:18:40 - [WARNING] Suspicious activity detected: port_scan
2025-04-19 06:27:04 - [INFO] system check passed
2025-04-19 06:42:40 - [INFO] file downloaded
2025-04-19 06:43:46 - [INFO] system check passed
2025-04-19 06:45:13 - [INFO] config updated
2025-04-19 06:48:36 - [INFO] file uploaded
2025-04-19 07:11:50 - [INFO] file uploaded
2025-04-19 07:41:51 - [INFO] email sent
2025-04-19 07:56:56 - [WARNING] Suspicious activity detected: sql_injection
2025-04-19 08:00:41 - [INFO] system check passed
2025-04-19 08:01:39 - [INFO] system check passed
2025-04-19 08:03:25 - [INFO] system check passed
2025-04-19 08:06:05 - [INFO] file uploaded
2025-04-19 08:06:21 - [INFO] email sent
2025-04-19 08:07:45 - [INFO] file uploaded
2025-04-19 08:07:54 - [WARNING] Suspicious activity detected: ip_blocked
2025-04-19 08:11:53 - [INFO] system check passed
2025-04-19 08:15:36 - [INFO] email sent
2025-04-19 08:15:42 - [WARNING] Suspicious activity detected: sql_injection
2025-04-19 08:21:14 - [INFO] file uploaded
2025-04-19 08:22:10 - [INFO] file downloaded
2025-04-19 08:23:26 - [WARNING] Suspicious activity detected: ip_blocked
2025-04-19 08:23:35 - [WARNING] Suspicious activity detected: brute_force
2025-04-19 08:30:51 - [WARNING] Suspicious activity detected: ddos
2025-04-19 08:36:08 - [WARNING] Suspicious activity detected: sql_injection
2025-04-19 08:42:52 - [INFO] file uploaded
2025-04-19 08:49:00 - [WARNING] Suspicious activity detected: ddos
2025-04-19 09:02:10 - [WARNING] Suspicious activity detected: intrusion
2025-04-19 09:06:10 - [INFO] file downloaded
2025-04-19 09:19:49 - [INFO] email sent
2025-04-19 09:28:41 - [INFO] file downloaded
2025-04-19 09:29:09 - [INFO] user login
2025-04-19 09:37:03 - [INFO] email sent
2025-04-19 09:48:02 - [WARNING] Suspicious activity detected: unauthorized_access
2025-04-19 09:54:38 - [INFO] file downloaded
2025-04-19 10:05:45 - [INFO] config updated
2025-04-19 10:12:42 - [INFO] system check passed
2025-04-19 10:22:48 - [WARNING] Suspicious activity detected: unauthorized_access
2025-04-19 10:41:45 - [INFO] email sent
2025-04-19 10:47:43 - [WARNING] Suspicious activity detected: port_scan
2025-04-19 10:59:03 - [INFO] system check passed
2025-04-19 11:01:31 - [WARNING] Suspicious activity detected: unauthorized_access
2025-04-19 11:08:34 - [WARNING] Suspicious activity detected: ip_blocked
2025-04-19 11:14:39 - [WARNING] Suspicious activity detected: ip_blocked
2025-04-19 11:16:28 - [WARNING] Suspicious activity detected: ddos
2025-04-19 11:26:45 - [INFO] user login
2025-04-19 11:37:17 - [INFO] backup completed
2025-04-19 11:48:14 - [WARNING] Suspicious activity detected: intrusion
2025-04-19 11:54:43 - [INFO] backup completed
2025-04-19 12:06:19 - [INFO] file uploaded
2025-04-19 12:07:29 - [INFO] file downloaded
2025-04-19 12:10:51 - [INFO] user login
2025-04-19 12:12:45 - [INFO] config updated
2025-04-19 12:14:02 - [INFO] user login
2025-04-19 12:14:55 - [INFO] file downloaded
2025-04-19 12:15:03 - [WARNING] Suspicious activity detected: intrusion
2025-04-19 12:20:26 - [INFO] config updated
2025-04-19 12:22:31 - [INFO] backup completed
2025-04-19 12:27:05 - [INFO] config updated
2025-04-19 12:29:20 - [INFO] backup completed
2025-04-19 12:42:02 - [INFO] user login
2025-04-19 12:44:20 - [INFO] backup completed
2025-04-19 12:56:38 - [INFO] user login
2025-04-19 13:06:14 - [WARNING] Suspicious activity detected: ddos
2025-04-19 13:14:39 - [INFO] file uploaded
2025-04-19 13:14:39 - [INFO] email sent
2025-04-19 13:18:54 - [WARNING] Suspicious activity detected: ddos
2025-04-19 13:20:05 - [INFO] email sent
2025-04-19 13:25:26 - [INFO] file uploaded
2025-04-19 13:27:16 - [INFO] user login
2025-04-19 13:29:54 - [INFO] user login
2025-04-19 13:55:09 - [INFO] config updated
2025-04-19 14:02:38 - [INFO] config updated
2025-04-19 14:09:31 - [INFO] file uploaded
2025-04-19 14:13:53 - [INFO] file downloaded
2025-04-19 14:17:20 - [WARNING] Suspicious activity detected: intrusion
2025-04-19 14:20:58 - [INFO] file uploaded
2025-04-19 14:23:23 - [INFO] user login
2025-04-19 14:25:09 - [INFO] backup completed
2025-04-19 14:25:49 - [INFO] file downloaded
2025-04-19 14:29:42 - [WARNING] Suspicious activity detected: port_scan
2025-04-19 14:32:20 - [INFO] system check passed
2025-04-19 14:36:09 - [INFO] file downloaded
2025-04-19 14:36:56 - [INFO] file uploaded
2025-04-19 14:37:33 - [INFO] file uploaded
2025-04-19 14:41:03 - [INFO] file uploaded
2025-04-19 14:41:49 - [INFO] email sent
2025-04-19 14:46:50 - [INFO] email sent
2025-04-19 14:56:18 - [INFO] file uploaded
2025-04-19 15:04:03 - [INFO] file downloaded
2025-04-19 15:07:32 - [INFO] system check passed
2025-04-19 15:14:10 - [INFO] config updated
2025-04-19 15:14:20 - [WARNING] Suspicious activity detected: sql_injection
2025-04-19 15:14:31 - [WARNING] Suspicious activity detected: malware
2025-04-19 15:16:43 - [WARNING] Suspicious activity detected: malware
2025-04-19 15:28:14 - [INFO] file downloaded
2025-04-19 15:30:54 - [INFO] config updated
2025-04-19 15:32:31 - [INFO] backup completed
2025-04-19 15:39:50 - [INFO] user login
2025-04-19 15:44:18 - [WARNING] Suspicious activity detected: brute_force
2025-04-19 15:47:11 - [INFO] user login
2025-04-19 15:51:21 - [INFO] file downloaded
2025-04-19 15:51:44 - [INFO] config updated
2025-04-19 16:14:49 - [INFO] system check passed
2025-04-19 16:17:07 - [INFO] backup completed
2025-04-19 16:21:51 - [INFO] user login
2025-04-19 16:22:41 - [WARNING] Suspicious activity detected: malware
2025-04-19 16:34:38 - [INFO] backup completed
2025-04-19 16:36:39 - [INFO] file downloaded
2025-04-19 17:02:31 - [INFO] file uploaded
2025-04-19 17:03:47 - [WARNING] Suspicious activity detected: intrusion
2025-04-19 17:07:35 - [INFO] system check passed
2025-04-19 17:20:39 - [WARNING] Suspicious activity detected: sql_injection
2025-04-19 17:24:11 - [INFO] config updated
2025-04-19 17:31:33 - [INFO] user login
2025-04-19 17:39:03 - [INFO] email sent
2025-04-19 17:41:08 - [INFO] user login
2025-04-19 17:51:33 - [INFO] file uploaded
2025-04-19 17:55:58 - [WARNING] Suspicious activity detected: port_scan
2025-04-19 17:57:48 - [INFO] user login
2025-04-19 18:02:37 - [WARNING] Suspicious activity detected: malware
2025-04-19 18:03:06 - [INFO] user login
2025-04-19 18:25:34 - [INFO] email sent
2025-04-19 18:30:30 - [INFO] email sent
2025-04-19 18:35:16 - [INFO] user login
2025-04-19 18:35:23 - [INFO] email sent
2025-04-19 18:41:48 - [WARNING] Suspicious activity detected: sql_injection
2025-04-19 18:42:32 - [INFO] config updated
2025-04-19 18:47:57 - [INFO] email sent
2025-04-19 18:50:25 - [INFO] file downloaded
2025-04-19 18:50:29 - [INFO] system check passed
2025-04-19 18:52:01 - [INFO] email sent
2025-04-19 19:08:27 - [INFO] file downloaded
2025-04-19 19:12:25 - [WARNING] Suspicious activity detected: unauthorized_access
2025-04-19 19:14:19 - [INFO] backup completed
2025-04-19 19:21:13 - [INFO] config updated
2025-04-19 19:21:33 - [WARNING] Suspicious activity detected: ddos
2025-04-19 19:35:14 - [INFO] email sent
2025-04-19 19:36:46 - [INFO] config updated
2025-04-19 19:43:16 - [INFO] email sent
2025-04-19 19:44:56 - [WARNING] Suspicious activity detected: unauthorized_access
2025-04-19 19:51:30 - [INFO] file downloaded
2025-04-19 19:53:27 - [WARNING] Suspicious activity detected: unauthorized_access
2025-04-19 20:06:24 - [INFO] backup completed
2025-04-19 20:19:07 - [INFO] backup completed
2025-04-19 20:25:49 - [INFO] backup completed
2025-04-19 20:30:38 - [INFO] user login
2025-04-19 20:39:29 - [INFO] file uploaded
2025-04-19 20:39:56 - [INFO] file downloaded
2025-04-19 20:48:37 - [INFO] file uploaded
2025-04-19 20:52:01 - [INFO] system check passed
2025-04-19 20:55:36 - [INFO] system check passed
2025-04-19 20:57:10 - [INFO] email sent
2025-04-19 20:58:15 - [INFO] config updated
2025-04-19 21:17:31 - [WARNING] Suspicious activity detected: port_scan
2025-04-19 21:19:18 - [INFO] backup completed
2025-04-19 21:27:16 - [INFO] email sent
2025-04-19 21:31:09 - [INFO] user login
2025-04-19 21:35:24 - [INFO] file downloaded
2025-04-19 21:37:13 - [WARNING] Suspicious activity detected: malware
2025-04-19 21:41:59 - [WARNING] Suspicious activity detected: ddos
2025-04-19 21:43:43 - [INFO] email sent
2025-04-19 21:48:55 - [INFO] system check passed
2025-04-19 21:57:03 - [INFO] backup completed
2025-04-19 21:59:06 - [INFO] backup completed
2025-04-19 22:06:40 - [WARNING] Suspicious activity detected: malware
2025-04-19 22:07:11 - [INFO] backup completed
2025-04-19 22:07:46 - [INFO] user login
2025-04-19 22:12:14 - [INFO] file downloaded
2025-04-19 22:12:54 - [INFO] user login
2025-04-19 22:13:45 - [INFO] user login
2025-04-19 22:20:06 - [INFO] email sent
2025-04-19 22:20:31 - [WARNING] Suspicious activity detected: malware
2025-04-19 22:26:46 - [INFO] config updated
2025-04-19 22:27:19 - [INFO] backup completed
2025-04-19 22:34:57 - [INFO] system check passed
2025-04-19 22:38:52 - [INFO] file downloaded
2025-04-19 22:39:02 - [INFO] system check passed
2025-04-19 22:51:26 - [INFO] file uploaded
2025-04-19 22:52:23 - [INFO] system check passed
2025-04-19 22:57:06 - [INFO] file downloaded
2025-04-19 23:12:52 - [WARNING] Suspicious activity detected: sql_injection
2025-04-19 23:15:30 - [WARNING] Suspicious activity detected: brute_force
2025-04-19 23:20:18 - [INFO] file uploaded
2025-04-19 23:24:09 - [INFO] email sent
2025-04-19 23:30:03 - [INFO] user login
2025-04-19 23:31:21 - [INFO] user login
2025-04-19 23:34:43 - [INFO] email sent
2025-04-19 23:34:46 - [WARNING] Suspicious activity detected: brute_force
2025-04-19 23:35:37 - [INFO] user login
2025-04-19 23:42:46 - [INFO] file uploaded
2025-04-19 23:43:07 - [INFO] user login
2025-04-19 23:44:32 - [INFO] config updated
2025-04-19 23:47:31 - [INFO] email sent
2025-04-19 23:48:50 - [INFO] email sent