2025-03-07 00:08:30 - [WARNING] Suspicious activity detected: sql_injection
2025-03-07 00:23:55 - [WARNING] Suspicious activity detected: ddos
2025-03-07 00:28:20 - [WARNING] Suspicious activity detected: ip_blocked
2025-03-07 00:33:16 - [WARNING] Suspicious activity detected: ip_blocked
2025-03-07 00:41:28 - [WARNING] Suspicious activity detected: unauthorized_access
2025-03-07 01:18:17 - [INFO] file downloaded
2025-03-07 01:21:29 - [INFO] backup completed
2025-03-07 01:25:20 - [INFO] user login
2025-03-07 01:29:20 - [INFO] backup completed
2025-03-07 01:58:07 - [INFO] user login
2025-03-07 02:03:42 - [WARNING] Suspicious activity detected: ip_blocked
2025-03-07 02:06:29 - [INFO] file downloaded
2025-03-07 02:10:39 - [INFO] user login
2025-03-07 02:23:25 - [INFO] config updated
2025-03-07 02:29:03 - [INFO] config updated
2025-03-07 02:30:43 - [WARNING] Suspicious activity detected: ip_blocked
2025-03-07 02:31:57 - [WARNING] Suspicious activity detected: sql_injection
2025-03-07 02:35:46 - [INFO] system check passed
2025-03-07 02:40:35 - [INFO] system check passed
2025-03-07 02:43:30 - [INFO] config updated
2025-03-07 02:48:10 - [WARNING] Suspicious activity detected: port_scan
2025-03-07 02:51:33 - [INFO] file uploaded
2025-03-07 02:56:39 - [WARNING] Suspicious activity detected: brute_force
2025-03-07 03:16:23 - [INFO] config updated
2025-03-07 03:16:44 - [INFO] file uploaded
2025-03-07 03:21:12 - [WARNING] Suspicious activity detected: unauthorized_access
2025-03-07 03:23:58 - [WARNING] Suspicious activity detected: port_scan
2025-03-07 03:24:42 - [WARNING] Suspicious activity detected: brute_force
2025-03-07 03:26:27 - [INFO] file uploaded
2025-03-07 03:27:29 - [WARNING] Suspicious activity detected: ip_blocked
2025-03-07 03:28:27 - [INFO] file downloaded
2025-03-07 03:29:40 - [WARNING] Suspicious activity detected: brute_force
2025-03-07 03:47:58 - [INFO] config updated
2025-03-07 03:51:27 - [WARNING] Suspicious activity detected: intrusion
2025-03-07 03:54:44 - [WARNING] Suspicious activity detected: ddos
2025-03-07 03:58:26 - [INFO] file downloaded
2025-03-07 04:00:23 - [WARNING] Suspicious activity detected: port_scan
2025-03-07 04:03:39 - [INFO] file downloaded
2025-03-07 04:45:15 - [INFO] system check passed
2025-03-07 04:56:09 - [INFO] config updated
2025-03-07 05:05:14 - [WARNING] Suspicious activity detected: port_scan
2025-03-07 05:10:02 - [WARNING] Suspicious activity detected: malware
2025-03-07 05:16:44 - [WARNING] Suspicious activity detected: port_scan
2025-03-07 05:23:09 - [WARNING] Suspicious activity detected: brute_force
2025-03-07 05:34:17 - [INFO] system check passed
2025-03-07 05:35:18 - [WARNING] Suspicious activity detected: unauthorized_access
2025-03-07 05:37:38 - [INFO] system check passed
2025-03-07 05:45:28 - [WARNING] Suspicious activity detected: unauthorized_access
2025-03-07 05:50:09 - [INFO] email sent
2025-03-07 05:53:13 - [WARNING] Suspicious activity detected: sql_injection
2025-03-07 05:56:24 - [WARNING] Suspicious activity detected: intrusion
2025-03-07 05:58:43 - [INFO] file uploaded
2025-03-07 06:04:38 - [WARNING] Suspicious activity detected: malware
2025-03-07 06:12:23 - [INFO] email sent
2025-03-07 06:16:01 - [WARNING] Suspicious activity detected: unauthorized_access
2025-03-07 06:16:56 - [INFO] config updated
2025-03-07 06:25:10 - [INFO] backup completed
2025-03-07 06:35:00 - [INFO] file downloaded
2025-03-07 06:40:46 - [INFO] file downloaded
2025-03-07 06:41:54 - [WARNING] Suspicious activity detected: brute_force
2025-03-07 06:52:48 - [WARNING] Suspicious activity detected: sql_injection
2025-03-07 06:54:24 - [WARNING] Suspicious activity detected: brute_force
2025-03-07 07:17:49 - [INFO] user login
2025-03-07 07:21:55 - [INFO] file uploaded
2025-03-07 07:23:45 - [INFO] system check passed
2025-03-07 07:32:07 - [INFO] file downloaded
2025-03-07 07:54:19 - [INFO] user login
2025-03-07 07:59:46 - [WARNING] Suspicious activity detected: sql_injection
2025-03-07 08:01:57 - [INFO] backup completed
2025-03-07 08:03:02 - [WARNING] Suspicious activity detected: ddos
2025-03-07 08:13:50 - [WARNING] Suspicious activity detected: intrusion
2025-03-07 08:25:19 - [INFO] file uploaded
2025-03-07 08:30:56 - [INFO] system check passed
2025-03-07 08:42:18 - [WARNING] Suspicious activity detected: brute_force
2025-03-07 08:42:24 - [INFO] file downloaded
2025-03-07 08:48:10 - [WARNING] Suspicious activity detected: unauthorized_access
2025-03-07 08:52:58 - [INFO] file downloaded
2025-03-07 08:53:03 - [INFO] email sent
2025-03-07 08:56:36 - [INFO] file downloaded
2025-03-07 09:13:17 - [INFO] backup completed
2025-03-07 09:13:47 - [INFO] user login
2025-03-07 09:27:39 - [WARNING] Suspicious activity detected: port_scan
2025-03-07 09:36:21 - [INFO] email sent
2025-03-07 09:40:19 - [INFO] system check passed
2025-03-07 09:40:45 - [WARNING] Suspicious activity detected: port_scan
2025-03-07 09:43:00 - [WARNING] Suspicious activity detected: ip_blocked
2025-03-07 09:49:24 - [INFO] file downloaded
2025-03-07 09:54:19 - [WARNING] Suspicious activity detected: ddos
2025-03-07 09:59:09 - [INFO] user login
2025-03-07 10:04:59 - [INFO] email sent
2025-03-07 10:08:17 - [INFO] system check passed
2025-03-07 10:11:55 - [INFO] email sent
2025-03-07 10:18:46 - [WARNING] Suspicious activity detected: intrusion
2025-03-07 10:20:45 - [WARNING] Suspicious activity detected: brute_force
2025-03-07 10:55:12 - [INFO] config updated
2025-03-07 10:59:32 - [WARNING] Suspicious activity detected: ddos
2025-03-07 11:01:11 - [INFO] file downloaded
2025-03-07 11:15:54 - [INFO] user login
2025-03-07 11:23:51 - [INFO] config updated
2025-03-07 12:07:46 - [INFO] user login
2025-03-07 12:17:34 - [INFO] file downloaded
2025-03-07 12:28:32 - [WARNING] Suspicious activity detected: port_scan
2025-03-07 12:40:10 - [INFO] user login
2025-03-07 12:42:27 - [INFO] file uploaded
2025-03-07 12:47:01 - [INFO] user login
2025-03-07 12:50:43 - [INFO] file downloaded
2025-03-07 12:51:55 - [INFO] system check passed
2025-03-07 13:42:29 - [INFO] email sent
2025-03-07 13:47:47 - [INFO] system check passed
2025-03-07 13:57:04 - [INFO] system check passed
2025-03-07 14:10:29 - [WARNING] Suspicious activity detected: intrusion
2025-03-07 14:11:16 - [INFO] email sent
2025-03-07 14:14:49 - [WARNING] Suspicious activity detected: brute_force
2025-03-07 14:24:55 - [WARNING] Suspicious activity detected: ip_blocked
2025-03-07 14:29:42 - [INFO] file uploaded
2025-03-07 14:32:55 - [INFO] file uploaded
2025-03-07 14:36:27 - [INFO] system check passed
2025-03-07 14:39:31 - [WARNING] Suspicious activity detected: brute_force
2025-03-07 14:48:51 - [INFO] user login
2025-03-07 14:58:19 - [INFO] system check passed
2025-03-07 15:02:36 - [INFO] file uploaded
2025-03-07 15:11:29 - [INFO] file uploaded
2025-03-07 15:28:03 - [WARNING] Suspicious activity detected: ddos
2025-03-07 15:32:16 - [WARNING] Suspicious activity detected: unauthorized_access
2025-03-07 15:41:39 - [INFO] file uploaded
2025-03-07 15:51:04 - [INFO] config updated
2025-03-07 16:35:26 - [INFO] file uploaded
2025-03-07 16:56:31 - [INFO] file downloaded
2025-03-07 17:10:16 - [INFO] file downloaded
2025-03-07 17:11:36 - [WARNING] Suspicious activity detected: brute_force
2025-03-07 17:11:57 - [WARNING] Suspicious activity detected: brute_force
2025-03-07 17:14:08 - [WARNING] Suspicious activity detected: ip_blocked
2025-03-07 17:14:20 - [INFO] config updated
2025-03-07 17:18:17 - [INFO] file uploaded
2025-03-07 17:25:12 - [INFO] config updated
2025-03-07 17:59:46 - [WARNING] Suspicious activity detected: ddos
2025-03-07 18:35:30 - [INFO] backup completed
2025-03-07 19:00:11 - [WARNING] Suspicious activity detected: ip_blocked
2025-03-07 19:15:36 - [INFO] system check passed
2025-03-07 19:38:56 - [INFO] file uploaded
2025-03-07 20:01:10 - [INFO] config updated
2025-03-07 20:04:58 - [INFO] file downloaded
2025-03-07 20:18:10 - [INFO] backup completed
2025-03-07 20:26:00 - [INFO] email sent
2025-03-07 20:26:15 - [INFO] config updated
2025-03-07 20:36:51 - [INFO] user login
2025-03-07 20:37:41 - [INFO] config updated
2025-03-07 20:48:47 - [WARNING] Suspicious activity detected: port_scan
2025-03-07 20:49:19 - [INFO] email sent
2025-03-07 20:58:39 - [INFO] system check passed
2025-03-07 21:01:06 - [WARNING] Suspicious activity detected: port_scan
2025-03-07 21:05:10 - [INFO] backup completed
2025-03-07 21:05:15 - [INFO] system check passed
2025-03-07 21:29:15 - [INFO] system check passed
2025-03-07 21:33:07 - [INFO] system check passed
2025-03-07 21:46:46 - [WARNING] Suspicious activity detected: brute_force
2025-03-07 21:52:24 - [INFO] file uploaded
2025-03-07 22:19:11 - [INFO] backup completed
2025-03-07 22:22:14 - [INFO] file downloaded
2025-03-07 22:25:29 - [INFO] email sent
2025-03-07 22:26:31 - [INFO] backup completed
2025-03-07 22:30:57 - [INFO] config updated
2025-03-07 22:38:51 - [INFO] system check passed
2025-03-07 22:44:35 - [WARNING] Suspicious activity detected: intrusion
2025-03-07 22:53:17 - [INFO] backup completed
2025-03-07 23:00:35 - [WARNING] Suspicious activity detected: ddos
2025-03-07 23:12:04 - [INFO] user login
2025-03-07 23:13:20 - [INFO] file uploaded
2025-03-07 23:18:10 - [WARNING] Suspicious activity detected: ddos
2025-03-07 23:30:34 - [INFO] config updated
2025-03-07 23:32:05 - [INFO] file uploaded
2025-03-07 23:34:26 - [WARNING] Suspicious activity detected: sql_injection
2025-03-07 23:42:38 - [INFO] user login