2025-06-26 00:04:14 - [INFO] file uploaded
2025-06-26 00:14:19 - [INFO] system check passed
2025-06-26 00:19:01 - [INFO] user login
2025-06-26 00:20:07 - [WARNING] Suspicious activity detected: malware
2025-06-26 00:37:23 - [INFO] file uploaded
2025-06-26 00:46:34 - [INFO] email sent
2025-06-26 00:48:44 - [INFO] file downloaded
2025-06-26 00:50:17 - [INFO] system check passed
2025-06-26 01:05:14 - [WARNING] Suspicious activity detected: port_scan
2025-06-26 01:13:03 - [WARNING] Suspicious activity detected: sql_injection
2025-06-26 01:15:49 - [INFO] system check passed
2025-06-26 01:16:07 - [INFO] config updated
2025-06-26 01:19:25 - [INFO] system check passed
2025-06-26 01:35:06 - [INFO] backup completed
2025-06-26 01:45:23 - [INFO] email sent
2025-06-26 01:57:24 - [INFO] user login
2025-06-26 02:01:07 - [WARNING] Suspicious activity detected: sql_injection
2025-06-26 02:08:35 - [WARNING] Suspicious activity detected: ddos
2025-06-26 02:08:47 - [WARNING] Suspicious activity detected: malware
2025-06-26 02:10:30 - [WARNING] Suspicious activity detected: sql_injection
2025-06-26 02:28:25 - [WARNING] Suspicious activity detected: ddos
2025-06-26 02:31:41 - [INFO] user login
2025-06-26 02:35:08 - [INFO] user login
2025-06-26 02:40:14 - [INFO] backup completed
2025-06-26 02:49:07 - [INFO] file downloaded
2025-06-26 02:50:04 - [WARNING] Suspicious activity detected: sql_injection
2025-06-26 02:59:27 - [INFO] file downloaded
2025-06-26 03:15:12 - [WARNING] Suspicious activity detected: malware
2025-06-26 03:18:01 - [WARNING] Suspicious activity detected: sql_injection
2025-06-26 03:25:25 - [WARNING] Suspicious activity detected: ddos
2025-06-26 03:26:38 - [INFO] system check passed
2025-06-26 03:40:54 - [INFO] config updated
2025-06-26 03:49:20 - [INFO] system check passed
2025-06-26 03:53:16 - [INFO] backup completed
2025-06-26 03:57:04 - [INFO] file downloaded
2025-06-26 04:04:14 - [INFO] file uploaded
2025-06-26 04:11:28 - [WARNING] Suspicious activity detected: ddos
2025-06-26 04:26:32 - [INFO] backup completed
2025-06-26 04:29:56 - [WARNING] Suspicious activity detected: intrusion
2025-06-26 04:37:35 - [INFO] backup completed
2025-06-26 04:38:36 - [INFO] file uploaded
2025-06-26 04:45:07 - [INFO] user login
2025-06-26 04:48:52 - [WARNING] Suspicious activity detected: malware
2025-06-26 04:52:12 - [WARNING] Suspicious activity detected: intrusion
2025-06-26 04:53:47 - [WARNING] Suspicious activity detected: brute_force
2025-06-26 04:58:55 - [INFO] user login
2025-06-26 05:10:12 - [WARNING] Suspicious activity detected: malware
2025-06-26 05:11:36 - [INFO] backup completed
2025-06-26 05:12:36 - [INFO] user login
2025-06-26 05:14:10 - [WARNING] Suspicious activity detected: sql_injection
2025-06-26 05:17:40 - [WARNING] Suspicious activity detected: sql_injection
2025-06-26 05:28:30 - [INFO] file downloaded
2025-06-26 05:31:04 - [INFO] backup completed
2025-06-26 05:36:30 - [WARNING] Suspicious activity detected: malware
2025-06-26 05:41:36 - [INFO] backup completed
2025-06-26 05:45:58 - [INFO] config updated
2025-06-26 05:58:57 - [WARNING] Suspicious activity detected: ip_blocked
2025-06-26 06:04:55 - [INFO] user login
2025-06-26 06:08:33 - [INFO] system check passed
2025-06-26 06:29:26 - [INFO] config updated
2025-06-26 06:30:10 - [WARNING] Suspicious activity detected: intrusion
2025-06-26 06:33:30 - [WARNING] Suspicious activity detected: brute_force
2025-06-26 06:37:23 - [INFO] file downloaded
2025-06-26 06:39:24 - [INFO] email sent
2025-06-26 06:49:36 - [WARNING] Suspicious activity detected: intrusion
2025-06-26 06:57:37 - [WARNING] Suspicious activity detected: sql_injection
2025-06-26 07:01:00 - [INFO] file downloaded
2025-06-26 07:06:01 - [WARNING] Suspicious activity detected: port_scan
2025-06-26 07:07:52 - [INFO] system check passed
2025-06-26 07:16:28 - [INFO] file downloaded
2025-06-26 07:18:07 - [INFO] file uploaded
2025-06-26 07:22:32 - [WARNING] Suspicious activity detected: sql_injection
2025-06-26 07:22:53 - [INFO] backup completed
2025-06-26 07:26:08 - [INFO] file uploaded
2025-06-26 07:30:18 - [INFO] email sent
2025-06-26 07:30:51 - [WARNING] Suspicious activity detected: brute_force
2025-06-26 07:39:08 - [INFO] file uploaded
2025-06-26 08:05:32 - [WARNING] Suspicious activity detected: brute_force
2025-06-26 08:14:08 - [INFO] file uploaded
2025-06-26 08:30:11 - [INFO] email sent
2025-06-26 08:31:52 - [INFO] file downloaded
2025-06-26 08:40:51 - [WARNING] Suspicious activity detected: intrusion
2025-06-26 08:45:14 - [WARNING] Suspicious activity detected: unauthorized_access
2025-06-26 08:56:58 - [INFO] file uploaded
2025-06-26 08:58:45 - [WARNING] Suspicious activity detected: malware
2025-06-26 09:02:36 - [INFO] user login
2025-06-26 09:16:23 - [INFO] user login
2025-06-26 09:22:43 - [WARNING] Suspicious activity detected: ddos
2025-06-26 09:23:52 - [INFO] email sent
2025-06-26 09:27:55 - [INFO] file downloaded
2025-06-26 09:34:40 - [INFO] file uploaded
2025-06-26 09:37:58 - [INFO] config updated
2025-06-26 09:40:00 - [INFO] config updated
2025-06-26 09:40:10 - [WARNING] Suspicious activity detected: sql_injection
2025-06-26 09:45:47 - [INFO] file uploaded
2025-06-26 09:46:03 - [INFO] file downloaded
2025-06-26 09:46:27 - [WARNING] Suspicious activity detected: sql_injection
2025-06-26 09:50:00 - [INFO] system check passed
2025-06-26 10:03:27 - [INFO] file uploaded
2025-06-26 10:10:55 - [INFO] config updated
2025-06-26 10:23:16 - [INFO] system check passed
2025-06-26 10:23:49 - [INFO] file uploaded
2025-06-26 10:35:17 - [INFO] system check passed
2025-06-26 10:36:38 - [INFO] email sent
2025-06-26 10:51:58 - [INFO] file uploaded
2025-06-26 10:53:07 - [WARNING] Suspicious activity detected: unauthorized_access
2025-06-26 10:56:54 - [INFO] system check passed
2025-06-26 11:01:42 - [WARNING] Suspicious activity detected: brute_force
2025-06-26 11:08:56 - [INFO] user login
2025-06-26 11:20:01 - [INFO] file downloaded
2025-06-26 11:22:01 - [WARNING] Suspicious activity detected: unauthorized_access
2025-06-26 11:25:06 - [INFO] config updated
2025-06-26 11:25:47 - [INFO] email sent
2025-06-26 12:09:31 - [INFO] backup completed
2025-06-26 12:11:15 - [INFO] config updated
2025-06-26 12:16:45 - [INFO] email sent
2025-06-26 12:18:19 - [INFO] user login
2025-06-26 12:18:22 - [INFO] system check passed
2025-06-26 12:29:52 - [INFO] config updated
2025-06-26 12:47:30 - [INFO] system check passed
2025-06-26 13:09:18 - [INFO] file downloaded
2025-06-26 13:09:39 - [WARNING] Suspicious activity detected: malware
2025-06-26 13:10:47 - [WARNING] Suspicious activity detected: intrusion
2025-06-26 13:12:11 - [INFO] email sent
2025-06-26 13:12:50 - [INFO] user login
2025-06-26 13:13:14 - [WARNING] Suspicious activity detected: brute_force
2025-06-26 13:14:10 - [INFO] system check passed
2025-06-26 13:15:51 - [INFO] file downloaded
2025-06-26 13:21:36 - [INFO] config updated
2025-06-26 13:23:56 - [INFO] system check passed
2025-06-26 13:41:28 - [INFO] user login
2025-06-26 13:55:29 - [INFO] backup completed
2025-06-26 14:07:18 - [INFO] file uploaded
2025-06-26 14:19:15 - [INFO] file downloaded
2025-06-26 14:28:52 - [INFO] config updated
2025-06-26 14:34:16 - [WARNING] Suspicious activity detected: port_scan
2025-06-26 14:36:45 - [WARNING] Suspicious activity detected: ddos
2025-06-26 14:38:30 - [INFO] user login
2025-06-26 14:48:13 - [WARNING] Suspicious activity detected: intrusion
2025-06-26 14:50:18 - [INFO] config updated
2025-06-26 15:03:01 - [WARNING] Suspicious activity detected: unauthorized_access
2025-06-26 15:09:18 - [INFO] user login
2025-06-26 15:11:09 - [INFO] file uploaded
2025-06-26 15:13:22 - [INFO] file uploaded
2025-06-26 15:21:30 - [INFO] backup completed
2025-06-26 15:30:20 - [INFO] config updated
2025-06-26 15:35:33 - [WARNING] Suspicious activity detected: ip_blocked
2025-06-26 15:36:31 - [INFO] system check passed
2025-06-26 15:39:49 - [INFO] config updated
2025-06-26 15:41:38 - [INFO] backup completed
2025-06-26 15:45:18 - [INFO] file uploaded
2025-06-26 15:49:54 - [WARNING] Suspicious activity detected: malware
2025-06-26 16:00:56 - [WARNING] Suspicious activity detected: intrusion
2025-06-26 16:05:49 - [WARNING] Suspicious activity detected: malware
2025-06-26 16:09:56 - [INFO] system check passed
2025-06-26 16:12:04 - [INFO] config updated
2025-06-26 16:16:36 - [INFO] system check passed
2025-06-26 16:20:57 - [INFO] user login
2025-06-26 16:21:13 - [INFO] email sent
2025-06-26 16:26:55 - [INFO] email sent
2025-06-26 16:32:54 - [INFO] system check passed
2025-06-26 16:40:48 - [INFO] user login
2025-06-26 16:44:58 - [INFO] system check passed
2025-06-26 16:47:46 - [INFO] email sent
2025-06-26 17:01:29 - [INFO] file downloaded
2025-06-26 17:08:39 - [INFO] config updated
2025-06-26 17:09:27 - [INFO] email sent
2025-06-26 17:15:01 - [INFO] file downloaded
2025-06-26 17:22:06 - [INFO] email sent
2025-06-26 17:23:19 - [INFO] file downloaded
2025-06-26 17:26:08 - [INFO] file downloaded
2025-06-26 17:33:15 - [INFO] system check passed
2025-06-26 17:35:23 - [WARNING] Suspicious activity detected: intrusion
2025-06-26 17:39:46 - [INFO] file downloaded
2025-06-26 17:40:16 - [INFO] user login
2025-06-26 17:46:32 - [INFO] file uploaded
2025-06-26 17:49:26 - [WARNING] Suspicious activity detected: malware
2025-06-26 17:55:58 - [INFO] file uploaded
2025-06-26 18:04:40 - [INFO] system check passed
2025-06-26 18:15:52 - [INFO] config updated
2025-06-26 18:55:47 - [INFO] file downloaded
2025-06-26 19:09:37 - [WARNING] Suspicious activity detected: ddos
2025-06-26 19:15:17 - [INFO] backup completed
2025-06-26 19:27:31 - [INFO] email sent
2025-06-26 19:28:00 - [INFO] system check passed
2025-06-26 19:28:33 - [INFO] file uploaded
2025-06-26 19:42:41 - [INFO] config updated
2025-06-26 19:46:11 - [INFO] file downloaded
2025-06-26 19:46:16 - [INFO] config updated
2025-06-26 20:03:44 - [WARNING] Suspicious activity detected: port_scan
2025-06-26 20:10:38 - [INFO] system check passed
2025-06-26 20:10:56 - [WARNING] Suspicious activity detected: malware
2025-06-26 20:15:20 - [INFO] file uploaded
2025-06-26 20:17:24 - [INFO] email sent
2025-06-26 20:24:35 - [INFO] backup completed
2025-06-26 20:30:26 - [INFO] user login
2025-06-26 20:35:56 - [INFO] file uploaded
2025-06-26 20:37:46 - [INFO] system check passed
2025-06-26 20:44:39 - [INFO] file uploaded
2025-06-26 20:54:27 - [INFO] file downloaded
2025-06-26 20:58:48 - [INFO] system check passed
2025-06-26 21:07:30 - [INFO] user login
2025-06-26 21:10:10 - [INFO] backup completed
2025-06-26 21:13:01 - [INFO] file downloaded
2025-06-26 21:15:35 - [INFO] user login
2025-06-26 21:31:56 - [INFO] system check passed
2025-06-26 21:37:12 - [INFO] file downloaded
2025-06-26 21:38:17 - [INFO] system check passed
2025-06-26 21:39:02 - [WARNING] Suspicious activity detected: intrusion
2025-06-26 21:40:28 - [INFO] user login
2025-06-26 21:54:40 - [INFO] user login
2025-06-26 21:58:09 - [INFO] system check passed
2025-06-26 22:11:24 - [WARNING] Suspicious activity detected: sql_injection
2025-06-26 22:13:02 - [WARNING] Suspicious activity detected: intrusion
2025-06-26 22:13:18 - [INFO] file uploaded
2025-06-26 22:16:38 - [INFO] config updated
2025-06-26 22:25:21 - [INFO] file uploaded
2025-06-26 22:28:39 - [WARNING] Suspicious activity detected: brute_force
2025-06-26 22:42:41 - [INFO] file downloaded
2025-06-26 22:50:44 - [INFO] file uploaded
2025-06-26 22:55:29 - [INFO] backup completed
2025-06-26 23:01:23 - [WARNING] Suspicious activity detected: port_scan
2025-06-26 23:04:22 - [WARNING] Suspicious activity detected: sql_injection
2025-06-26 23:18:52 - [INFO] user login
2025-06-26 23:24:37 - [INFO] file downloaded
2025-06-26 23:32:00 - [WARNING] Suspicious activity detected: ddos
2025-06-26 23:34:19 - [INFO] file downloaded
2025-06-26 23:44:50 - [WARNING] Suspicious activity detected: sql_injection
2025-06-26 23:46:57 - [INFO] email sent
2025-06-26 23:48:10 - [INFO] user login
2025-06-26 23:52:09 - [WARNING] Suspicious activity detected: sql_injection
2025-06-26 23:53:28 - [INFO] email sent