2025-05-22 00:06:37 - [INFO] file uploaded
2025-05-22 00:07:19 - [WARNING] Suspicious activity detected: ip_blocked
2025-05-22 00:16:07 - [WARNING] Suspicious activity detected: unauthorized_access
2025-05-22 00:18:33 - [INFO] system check passed
2025-05-22 00:34:13 - [INFO] config updated
2025-05-22 00:43:36 - [INFO] file uploaded
2025-05-22 00:52:09 - [INFO] config updated
2025-05-22 00:54:50 - [WARNING] Suspicious activity detected: ddos
2025-05-22 01:00:24 - [INFO] user login
2025-05-22 01:04:25 - [INFO] config updated
2025-05-22 01:06:23 - [INFO] system check passed
2025-05-22 01:15:02 - [INFO] email sent
2025-05-22 01:33:36 - [INFO] backup completed
2025-05-22 01:39:51 - [INFO] email sent
2025-05-22 01:43:56 - [WARNING] Suspicious activity detected: intrusion
2025-05-22 02:12:32 - [WARNING] Suspicious activity detected: intrusion
2025-05-22 02:20:35 - [INFO] system check passed
2025-05-22 02:20:45 - [INFO] email sent
2025-05-22 02:34:10 - [INFO] file downloaded
2025-05-22 02:40:00 - [WARNING] Suspicious activity detected: unauthorized_access
2025-05-22 02:42:28 - [INFO] file downloaded
2025-05-22 02:47:40 - [WARNING] Suspicious activity detected: brute_force
2025-05-22 02:49:23 - [INFO] file uploaded
2025-05-22 02:51:24 - [WARNING] Suspicious activity detected: sql_injection
2025-05-22 02:53:10 - [INFO] system check passed
2025-05-22 02:53:21 - [WARNING] Suspicious activity detected: port_scan
2025-05-22 02:54:00 - [INFO] system check passed
2025-05-22 03:01:49 - [WARNING] Suspicious activity detected: ddos
2025-05-22 03:05:23 - [WARNING] Suspicious activity detected: unauthorized_access
2025-05-22 03:19:35 - [WARNING] Suspicious activity detected: port_scan
2025-05-22 03:20:44 - [INFO] file uploaded
2025-05-22 03:38:14 - [INFO] backup completed
2025-05-22 03:56:30 - [WARNING] Suspicious activity detected: intrusion
2025-05-22 04:01:30 - [INFO] config updated
2025-05-22 04:16:40 - [WARNING] Suspicious activity detected: port_scan
2025-05-22 04:17:01 - [INFO] system check passed
2025-05-22 04:32:30 - [INFO] system check passed
2025-05-22 04:35:13 - [INFO] backup completed
2025-05-22 04:41:43 - [INFO] email sent
2025-05-22 04:42:52 - [INFO] system check passed
2025-05-22 04:48:32 - [WARNING] Suspicious activity detected: brute_force
2025-05-22 04:54:31 - [WARNING] Suspicious activity detected: malware
2025-05-22 04:54:36 - [INFO] config updated
2025-05-22 05:10:51 - [INFO] system check passed
2025-05-22 05:12:43 - [WARNING] Suspicious activity detected: intrusion
2025-05-22 05:15:42 - [INFO] file downloaded
2025-05-22 05:17:06 - [INFO] backup completed
2025-05-22 05:37:39 - [INFO] user login
2025-05-22 05:41:59 - [INFO] user login
2025-05-22 05:45:12 - [WARNING] Suspicious activity detected: port_scan
2025-05-22 05:54:20 - [INFO] email sent
2025-05-22 05:58:36 - [WARNING] Suspicious activity detected: intrusion
2025-05-22 06:15:22 - [INFO] user login
2025-05-22 06:16:53 - [WARNING] Suspicious activity detected: sql_injection
2025-05-22 06:22:26 - [INFO] email sent
2025-05-22 06:29:59 - [INFO] file downloaded
2025-05-22 06:40:59 - [INFO] user login
2025-05-22 06:43:27 - [INFO] email sent
2025-05-22 06:46:37 - [INFO] config updated
2025-05-22 06:48:21 - [INFO] user login
2025-05-22 06:53:58 - [INFO] backup completed
2025-05-22 07:03:32 - [WARNING] Suspicious activity detected: brute_force
2025-05-22 07:22:37 - [INFO] system check passed
2025-05-22 07:23:44 - [WARNING] Suspicious activity detected: port_scan
2025-05-22 07:25:07 - [INFO] backup completed
2025-05-22 07:26:17 - [INFO] file uploaded
2025-05-22 07:27:11 - [INFO] system check passed
2025-05-22 07:38:37 - [INFO] backup completed
2025-05-22 07:41:16 - [INFO] file uploaded
2025-05-22 07:42:39 - [INFO] user login
2025-05-22 07:50:25 - [INFO] file uploaded
2025-05-22 07:52:40 - [INFO] file uploaded
2025-05-22 07:56:08 - [INFO] backup completed
2025-05-22 08:01:06 - [WARNING] Suspicious activity detected: malware
2025-05-22 08:07:33 - [WARNING] Suspicious activity detected: ip_blocked
2025-05-22 08:08:57 - [WARNING] Suspicious activity detected: ip_blocked
2025-05-22 08:12:43 - [WARNING] Suspicious activity detected: port_scan
2025-05-22 08:23:17 - [WARNING] Suspicious activity detected: intrusion
2025-05-22 08:24:32 - [INFO] backup completed
2025-05-22 08:25:27 - [WARNING] Suspicious activity detected: intrusion
2025-05-22 08:33:25 - [WARNING] Suspicious activity detected: sql_injection
2025-05-22 08:34:42 - [WARNING] Suspicious activity detected: brute_force
2025-05-22 08:35:16 - [WARNING] Suspicious activity detected: unauthorized_access
2025-05-22 08:36:43 - [INFO] user login
2025-05-22 08:47:59 - [INFO] file uploaded
2025-05-22 08:52:10 - [WARNING] Suspicious activity detected: intrusion
2025-05-22 09:19:16 - [WARNING] Suspicious activity detected: ip_blocked
2025-05-22 09:30:14 - [INFO] user login
2025-05-22 09:33:53 - [INFO] user login
2025-05-22 10:00:58 - [WARNING] Suspicious activity detected: ddos
2025-05-22 10:09:35 - [INFO] system check passed
2025-05-22 10:11:27 - [WARNING] Suspicious activity detected: brute_force
2025-05-22 10:19:30 - [WARNING] Suspicious activity detected: intrusion
2025-05-22 10:19:41 - [WARNING] Suspicious activity detected: sql_injection
2025-05-22 10:26:38 - [INFO] config updated
2025-05-22 10:28:06 - [INFO] email sent
2025-05-22 10:32:58 - [WARNING] Suspicious activity detected: ddos
2025-05-22 10:36:21 - [WARNING] Suspicious activity detected: ddos
2025-05-22 10:44:31 - [INFO] email sent
2025-05-22 10:51:41 - [INFO] user login
2025-05-22 10:57:43 - [WARNING] Suspicious activity detected: sql_injection
2025-05-22 11:04:29 - [INFO] file downloaded
2025-05-22 11:07:42 - [WARNING] Suspicious activity detected: ip_blocked
2025-05-22 11:08:52 - [WARNING] Suspicious activity detected: intrusion
2025-05-22 11:10:02 - [WARNING] Suspicious activity detected: port_scan
2025-05-22 11:19:58 - [WARNING] Suspicious activity detected: ddos
2025-05-22 11:24:19 - [INFO] file downloaded
2025-05-22 11:28:31 - [INFO] file uploaded
2025-05-22 11:30:50 - [INFO] config updated
2025-05-22 11:34:43 - [INFO] user login
2025-05-22 11:44:30 - [WARNING] Suspicious activity detected: unauthorized_access
2025-05-22 11:50:58 - [INFO] user login
2025-05-22 11:56:44 - [INFO] system check passed
2025-05-22 12:20:36 - [WARNING] Suspicious activity detected: port_scan
2025-05-22 12:23:56 - [INFO] user login
2025-05-22 12:31:00 - [INFO] backup completed
2025-05-22 12:35:37 - [INFO] config updated
2025-05-22 12:41:38 - [INFO] user login
2025-05-22 12:43:31 - [INFO] file uploaded
2025-05-22 12:55:05 - [WARNING] Suspicious activity detected: port_scan
2025-05-22 12:55:17 - [WARNING] Suspicious activity detected: unauthorized_access
2025-05-22 13:00:02 - [WARNING] Suspicious activity detected: port_scan
2025-05-22 13:00:10 - [WARNING] Suspicious activity detected: intrusion
2025-05-22 13:06:04 - [INFO] file uploaded
2025-05-22 13:06:25 - [WARNING] Suspicious activity detected: ddos
2025-05-22 13:08:08 - [INFO] user login
2025-05-22 13:12:02 - [WARNING] Suspicious activity detected: sql_injection
2025-05-22 13:14:02 - [INFO] email sent
2025-05-22 13:15:40 - [WARNING] Suspicious activity detected: port_scan
2025-05-22 13:22:10 - [INFO] config updated
2025-05-22 13:24:18 - [WARNING] Suspicious activity detected: brute_force
2025-05-22 13:27:24 - [INFO] file uploaded
2025-05-22 13:30:06 - [INFO] system check passed
2025-05-22 13:34:26 - [INFO] email sent
2025-05-22 13:37:04 - [INFO] system check passed
2025-05-22 13:41:15 - [INFO] backup completed
2025-05-22 13:57:26 - [INFO] system check passed
2025-05-22 13:58:06 - [INFO] backup completed
2025-05-22 13:58:54 - [WARNING] Suspicious activity detected: ip_blocked
2025-05-22 14:10:55 - [WARNING] Suspicious activity detected: port_scan
2025-05-22 14:11:59 - [INFO] file uploaded
2025-05-22 14:17:32 - [INFO] system check passed
2025-05-22 14:20:57 - [INFO] config updated
2025-05-22 14:38:07 - [WARNING] Suspicious activity detected: unauthorized_access
2025-05-22 14:38:27 - [WARNING] Suspicious activity detected: intrusion
2025-05-22 14:39:57 - [WARNING] Suspicious activity detected: port_scan
2025-05-22 14:44:53 - [WARNING] Suspicious activity detected: ip_blocked
2025-05-22 14:50:25 - [INFO] file downloaded
2025-05-22 14:53:18 - [INFO] config updated
2025-05-22 15:01:48 - [WARNING] Suspicious activity detected: ddos
2025-05-22 15:04:11 - [INFO] file uploaded
2025-05-22 15:09:20 - [WARNING] Suspicious activity detected: ip_blocked
2025-05-22 15:13:14 - [INFO] system check passed
2025-05-22 15:13:29 - [WARNING] Suspicious activity detected: sql_injection
2025-05-22 15:14:21 - [WARNING] Suspicious activity detected: ip_blocked
2025-05-22 15:18:34 - [WARNING] Suspicious activity detected: unauthorized_access
2025-05-22 15:25:24 - [WARNING] Suspicious activity detected: unauthorized_access
2025-05-22 15:28:48 - [INFO] backup completed
2025-05-22 15:42:20 - [WARNING] Suspicious activity detected: brute_force
2025-05-22 15:54:19 - [INFO] system check passed
2025-05-22 15:57:53 - [INFO] user login
2025-05-22 16:02:50 - [INFO] file uploaded
2025-05-22 16:05:11 - [WARNING] Suspicious activity detected: intrusion
2025-05-22 16:06:56 - [WARNING] Suspicious activity detected: sql_injection
2025-05-22 16:35:38 - [WARNING] Suspicious activity detected: intrusion
2025-05-22 16:36:06 - [WARNING] Suspicious activity detected: ip_blocked
2025-05-22 16:41:12 - [INFO] file uploaded
2025-05-22 16:45:31 - [INFO] email sent
2025-05-22 16:51:37 - [WARNING] Suspicious activity detected: ddos
2025-05-22 16:52:08 - [INFO] user login
2025-05-22 16:53:38 - [WARNING] Suspicious activity detected: ddos
2025-05-22 16:55:17 - [INFO] file uploaded
2025-05-22 16:57:27 - [WARNING] Suspicious activity detected: unauthorized_access
2025-05-22 17:01:52 - [WARNING] Suspicious activity detected: ip_blocked
2025-05-22 17:13:00 - [INFO] user login
2025-05-22 17:13:41 - [INFO] backup completed
2025-05-22 17:23:21 - [WARNING] Suspicious activity detected: intrusion
2025-05-22 17:43:03 - [WARNING] Suspicious activity detected: port_scan
2025-05-22 17:43:52 - [INFO] config updated
2025-05-22 17:47:13 - [INFO] config updated
2025-05-22 17:50:37 - [INFO] system check passed
2025-05-22 17:53:54 - [WARNING] Suspicious activity detected: ip_blocked
2025-05-22 17:56:53 - [INFO] config updated
2025-05-22 17:57:47 - [WARNING] Suspicious activity detected: brute_force
2025-05-22 18:01:06 - [INFO] file downloaded
2025-05-22 18:01:36 - [INFO] user login
2025-05-22 18:31:46 - [WARNING] Suspicious activity detected: malware
2025-05-22 18:45:39 - [WARNING] Suspicious activity detected: ddos
2025-05-22 18:47:46 - [INFO] system check passed
2025-05-22 19:01:42 - [INFO] user login
2025-05-22 19:16:46 - [INFO] config updated
2025-05-22 19:24:20 - [WARNING] Suspicious activity detected: malware
2025-05-22 19:28:34 - [INFO] backup completed
2025-05-22 19:33:42 - [INFO] backup completed
2025-05-22 19:43:50 - [WARNING] Suspicious activity detected: ddos
2025-05-22 19:44:17 - [WARNING] Suspicious activity detected: sql_injection
2025-05-22 19:46:26 - [INFO] system check passed
2025-05-22 19:48:30 - [WARNING] Suspicious activity detected: sql_injection
2025-05-22 20:14:45 - [WARNING] Suspicious activity detected: sql_injection
2025-05-22 20:15:35 - [WARNING] Suspicious activity detected: ip_blocked
2025-05-22 20:26:18 - [INFO] email sent
2025-05-22 20:34:38 - [INFO] file downloaded
2025-05-22 20:47:44 - [WARNING] Suspicious activity detected: malware
2025-05-22 20:51:06 - [WARNING] Suspicious activity detected: intrusion
2025-05-22 21:02:58 - [WARNING] Suspicious activity detected: sql_injection
2025-05-22 21:04:51 - [INFO] config updated
2025-05-22 21:12:47 - [WARNING] Suspicious activity detected: brute_force
2025-05-22 21:12:48 - [INFO] user login
2025-05-22 21:18:40 - [INFO] email sent
2025-05-22 21:28:10 - [WARNING] Suspicious activity detected: port_scan
2025-05-22 21:34:11 - [INFO] file uploaded
2025-05-22 21:44:49 - [INFO] file uploaded
2025-05-22 21:51:24 - [INFO] email sent
2025-05-22 21:52:12 - [WARNING] Suspicious activity detected: ddos
2025-05-22 21:58:39 - [WARNING] Suspicious activity detected: intrusion
2025-05-22 22:00:10 - [INFO] config updated
2025-05-22 22:03:44 - [INFO] backup completed
2025-05-22 22:12:01 - [INFO] config updated
2025-05-22 22:17:31 - [INFO] config updated
2025-05-22 22:30:14 - [INFO] config updated
2025-05-22 22:38:41 - [WARNING] Suspicious activity detected: ddos
2025-05-22 22:39:41 - [INFO] email sent
2025-05-22 22:55:00 - [INFO] backup completed
2025-05-22 22:56:57 - [WARNING] Suspicious activity detected: port_scan
2025-05-22 23:07:30 - [INFO] file downloaded
2025-05-22 23:24:44 - [INFO] file uploaded
2025-05-22 23:47:08 - [INFO] backup completed
2025-05-22 23:51:04 - [WARNING] Suspicious activity detected: brute_force
2025-05-22 23:52:41 - [WARNING] Suspicious activity detected: ip_blocked
2025-05-22 23:52:57 - [INFO] file uploaded
2025-05-22 23:56:38 - [INFO] backup completed
2025-05-22 23:57:00 - [WARNING] Suspicious activity detected: malware
2025-05-22 23:58:58 - [WARNING] Suspicious activity detected: malware