2025-03-19 00:03:38 - [INFO] user login
2025-03-19 00:18:57 - [WARNING] Suspicious activity detected: port_scan
2025-03-19 00:41:25 - [INFO] user login
2025-03-19 00:58:41 - [INFO] file downloaded
2025-03-19 01:11:06 - [WARNING] Suspicious activity detected: ddos
2025-03-19 01:16:46 - [INFO] user login
2025-03-19 01:31:49 - [INFO] file uploaded
2025-03-19 01:38:36 - [INFO] email sent
2025-03-19 01:46:04 - [INFO] file uploaded
2025-03-19 01:54:20 - [INFO] file uploaded
2025-03-19 02:00:21 - [INFO] config updated
2025-03-19 02:26:00 - [INFO] file uploaded
2025-03-19 02:42:32 - [WARNING] Suspicious activity detected: brute_force
2025-03-19 02:55:07 - [INFO] backup completed
2025-03-19 03:02:35 - [WARNING] Suspicious activity detected: brute_force
2025-03-19 03:25:59 - [INFO] file downloaded
2025-03-19 03:53:30 - [WARNING] Suspicious activity detected: ip_blocked
2025-03-19 04:32:08 - [INFO] email sent
2025-03-19 04:37:44 - [INFO] file downloaded
2025-03-19 04:51:12 - [INFO] backup completed
2025-03-19 05:06:26 - [INFO] email sent
2025-03-19 05:08:45 - [INFO] email sent
2025-03-19 05:18:33 - [INFO] system check passed
2025-03-19 05:31:37 - [WARNING] Suspicious activity detected: brute_force
2025-03-19 05:40:18 - [WARNING] Suspicious activity detected: port_scan
2025-03-19 05:48:14 - [INFO] user login
2025-03-19 05:50:33 - [INFO] config updated
2025-03-19 05:52:45 - [INFO] file uploaded
2025-03-19 07:02:03 - [INFO] user login
2025-03-19 07:12:53 - [WARNING] Suspicious activity detected: port_scan
2025-03-19 07:14:49 - [INFO] config updated
2025-03-19 07:19:53 - [INFO] system check passed
2025-03-19 07:33:10 - [INFO] email sent
2025-03-19 07:40:08 - [INFO] system check passed
2025-03-19 07:46:51 - [WARNING] Suspicious activity detected: brute_force
2025-03-19 08:00:40 - [INFO] file uploaded
2025-03-19 08:11:09 - [INFO] email sent
2025-03-19 08:41:35 - [INFO] user login
2025-03-19 08:54:25 - [INFO] file uploaded
2025-03-19 08:57:00 - [WARNING] Suspicious activity detected: port_scan
2025-03-19 09:03:20 - [WARNING] Suspicious activity detected: intrusion
2025-03-19 09:09:16 - [INFO] file downloaded
2025-03-19 09:21:19 - [INFO] config updated
2025-03-19 09:31:56 - [INFO] email sent
2025-03-19 09:38:50 - [INFO] user login
2025-03-19 09:41:49 - [INFO] file downloaded
2025-03-19 09:46:55 - [WARNING] Suspicious activity detected: sql_injection
2025-03-19 10:22:38 - [INFO] config updated
2025-03-19 10:28:28 - [WARNING] Suspicious activity detected: malware
2025-03-19 10:42:43 - [INFO] system check passed
2025-03-19 10:49:16 - [INFO] user login
2025-03-19 10:50:20 - [WARNING] Suspicious activity detected: intrusion
2025-03-19 10:57:21 - [INFO] config updated
2025-03-19 11:02:01 - [INFO] email sent
2025-03-19 11:10:34 - [WARNING] Suspicious activity detected: malware
2025-03-19 11:12:45 - [INFO] backup completed
2025-03-19 11:25:23 - [INFO] email sent
2025-03-19 11:30:36 - [INFO] system check passed
2025-03-19 11:32:22 - [INFO] system check passed
2025-03-19 11:41:55 - [WARNING] Suspicious activity detected: intrusion
2025-03-19 11:41:56 - [INFO] file downloaded
2025-03-19 11:43:29 - [INFO] system check passed
2025-03-19 11:52:49 - [INFO] email sent
2025-03-19 12:08:17 - [WARNING] Suspicious activity detected: intrusion
2025-03-19 12:20:32 - [WARNING] Suspicious activity detected: brute_force
2025-03-19 12:40:52 - [INFO] user login
2025-03-19 12:54:50 - [WARNING] Suspicious activity detected: port_scan
2025-03-19 13:05:03 - [INFO] file uploaded
2025-03-19 13:11:36 - [INFO] email sent
2025-03-19 13:21:08 - [INFO] email sent
2025-03-19 13:21:40 - [INFO] file uploaded
2025-03-19 13:24:08 - [INFO] user login
2025-03-19 13:25:22 - [INFO] backup completed
2025-03-19 13:26:55 - [INFO] file downloaded
2025-03-19 13:27:08 - [WARNING] Suspicious activity detected: brute_force
2025-03-19 13:34:49 - [WARNING] Suspicious activity detected: port_scan
2025-03-19 13:41:32 - [INFO] config updated
2025-03-19 13:42:01 - [INFO] user login
2025-03-19 13:45:27 - [WARNING] Suspicious activity detected: unauthorized_access
2025-03-19 13:57:50 - [WARNING] Suspicious activity detected: ip_blocked
2025-03-19 13:58:50 - [INFO] file downloaded
2025-03-19 13:58:58 - [INFO] email sent
2025-03-19 14:06:08 - [WARNING] Suspicious activity detected: unauthorized_access
2025-03-19 14:11:39 - [INFO] file uploaded
2025-03-19 14:33:11 - [WARNING] Suspicious activity detected: ip_blocked
2025-03-19 14:33:17 - [WARNING] Suspicious activity detected: unauthorized_access
2025-03-19 14:40:57 - [INFO] backup completed
2025-03-19 15:05:13 - [INFO] config updated
2025-03-19 15:09:50 - [INFO] backup completed
2025-03-19 15:14:40 - [INFO] file downloaded
2025-03-19 15:29:08 - [INFO] file downloaded
2025-03-19 15:29:45 - [INFO] file downloaded
2025-03-19 15:34:10 - [WARNING] Suspicious activity detected: intrusion
2025-03-19 15:39:17 - [INFO] user login
2025-03-19 15:41:59 - [INFO] user login
2025-03-19 15:49:03 - [INFO] backup completed
2025-03-19 15:56:33 - [INFO] backup completed
2025-03-19 16:13:15 - [INFO] system check passed
2025-03-19 16:13:16 - [WARNING] Suspicious activity detected: brute_force
2025-03-19 16:19:52 - [WARNING] Suspicious activity detected: brute_force
2025-03-19 16:23:44 - [INFO] system check passed
2025-03-19 16:24:08 - [INFO] file uploaded
2025-03-19 16:42:20 - [INFO] backup completed
2025-03-19 17:15:12 - [WARNING] Suspicious activity detected: malware
2025-03-19 17:18:18 - [INFO] file uploaded
2025-03-19 17:24:58 - [WARNING] Suspicious activity detected: intrusion
2025-03-19 17:26:42 - [INFO] system check passed
2025-03-19 17:31:59 - [INFO] file downloaded
2025-03-19 17:34:46 - [INFO] email sent
2025-03-19 17:36:02 - [WARNING] Suspicious activity detected: malware
2025-03-19 17:40:06 - [WARNING] Suspicious activity detected: ddos
2025-03-19 17:42:48 - [INFO] system check passed
2025-03-19 17:43:42 - [INFO] email sent
2025-03-19 17:50:27 - [INFO] email sent
2025-03-19 17:58:19 - [INFO] file uploaded
2025-03-19 18:10:26 - [INFO] file uploaded
2025-03-19 18:15:04 - [INFO] email sent
2025-03-19 18:32:59 - [INFO] email sent
2025-03-19 18:38:03 - [INFO] email sent
2025-03-19 18:50:00 - [INFO] email sent
2025-03-19 18:51:27 - [INFO] user login
2025-03-19 18:56:06 - [INFO] user login
2025-03-19 18:58:54 - [INFO] user login
2025-03-19 18:59:47 - [INFO] file uploaded
2025-03-19 19:28:00 - [WARNING] Suspicious activity detected: ddos
2025-03-19 19:32:10 - [INFO] system check passed
2025-03-19 19:34:58 - [WARNING] Suspicious activity detected: ip_blocked
2025-03-19 19:38:17 - [WARNING] Suspicious activity detected: malware
2025-03-19 19:39:44 - [INFO] email sent
2025-03-19 20:01:33 - [WARNING] Suspicious activity detected: intrusion
2025-03-19 20:16:08 - [INFO] user login
2025-03-19 20:19:48 - [INFO] config updated
2025-03-19 20:40:48 - [INFO] email sent
2025-03-19 20:43:19 - [WARNING] Suspicious activity detected: ddos
2025-03-19 20:44:10 - [INFO] backup completed
2025-03-19 20:46:28 - [WARNING] Suspicious activity detected: ddos
2025-03-19 20:47:55 - [INFO] email sent
2025-03-19 21:22:56 - [INFO] file downloaded
2025-03-19 21:28:38 - [WARNING] Suspicious activity detected: sql_injection
2025-03-19 21:37:55 - [INFO] file downloaded
2025-03-19 21:39:39 - [WARNING] Suspicious activity detected: intrusion
2025-03-19 21:43:58 - [INFO] file downloaded
2025-03-19 21:49:18 - [INFO] user login
2025-03-19 21:54:16 - [INFO] user login
2025-03-19 21:55:04 - [INFO] user login
2025-03-19 21:59:52 - [INFO] file uploaded
2025-03-19 22:03:18 - [INFO] backup completed
2025-03-19 22:04:18 - [WARNING] Suspicious activity detected: sql_injection
2025-03-19 22:19:53 - [INFO] backup completed
2025-03-19 22:41:46 - [INFO] file downloaded
2025-03-19 22:59:53 - [WARNING] Suspicious activity detected: ddos
2025-03-19 22:59:59 - [INFO] file uploaded
2025-03-19 23:14:01 - [INFO] config updated
2025-03-19 23:16:16 - [WARNING] Suspicious activity detected: intrusion
2025-03-19 23:17:58 - [INFO] system check passed
2025-03-19 23:19:55 - [INFO] backup completed
2025-03-19 23:28:03 - [INFO] config updated
2025-03-19 23:35:00 - [WARNING] Suspicious activity detected: ddos
2025-03-19 23:40:08 - [WARNING] Suspicious activity detected: unauthorized_access
2025-03-19 23:51:32 - [INFO] file uploaded
2025-03-19 23:56:55 - [WARNING] Suspicious activity detected: intrusion