2025-03-10 00:15:13 - [INFO] config updated
2025-03-10 00:30:07 - [WARNING] Suspicious activity detected: ip_blocked
2025-03-10 00:33:06 - [WARNING] Suspicious activity detected: ddos
2025-03-10 00:34:40 - [INFO] file downloaded
2025-03-10 00:41:13 - [WARNING] Suspicious activity detected: intrusion
2025-03-10 01:11:48 - [INFO] email sent
2025-03-10 01:14:06 - [INFO] user login
2025-03-10 01:21:28 - [WARNING] Suspicious activity detected: intrusion
2025-03-10 01:28:13 - [WARNING] Suspicious activity detected: ip_blocked
2025-03-10 01:41:23 - [INFO] user login
2025-03-10 01:45:07 - [INFO] backup completed
2025-03-10 01:55:14 - [WARNING] Suspicious activity detected: brute_force
2025-03-10 01:56:14 - [INFO] file downloaded
2025-03-10 02:12:59 - [INFO] email sent
2025-03-10 02:16:49 - [INFO] user login
2025-03-10 02:20:29 - [INFO] email sent
2025-03-10 02:20:55 - [INFO] backup completed
2025-03-10 02:37:08 - [WARNING] Suspicious activity detected: sql_injection
2025-03-10 02:40:05 - [INFO] email sent
2025-03-10 02:49:18 - [WARNING] Suspicious activity detected: unauthorized_access
2025-03-10 02:52:11 - [WARNING] Suspicious activity detected: ip_blocked
2025-03-10 02:52:30 - [WARNING] Suspicious activity detected: unauthorized_access
2025-03-10 02:55:37 - [INFO] file uploaded
2025-03-10 02:57:12 - [WARNING] Suspicious activity detected: malware
2025-03-10 02:57:37 - [WARNING] Suspicious activity detected: brute_force
2025-03-10 02:58:37 - [WARNING] Suspicious activity detected: brute_force
2025-03-10 03:14:14 - [WARNING] Suspicious activity detected: port_scan
2025-03-10 03:27:53 - [INFO] backup completed
2025-03-10 03:30:10 - [INFO] config updated
2025-03-10 03:38:55 - [WARNING] Suspicious activity detected: sql_injection
2025-03-10 03:42:33 - [INFO] config updated
2025-03-10 03:44:47 - [INFO] file downloaded
2025-03-10 03:52:07 - [INFO] file downloaded
2025-03-10 03:53:20 - [WARNING] Suspicious activity detected: intrusion
2025-03-10 04:15:19 - [INFO] system check passed
2025-03-10 04:29:05 - [INFO] email sent
2025-03-10 04:33:28 - [WARNING] Suspicious activity detected: ip_blocked
2025-03-10 04:49:47 - [INFO] backup completed
2025-03-10 04:59:42 - [WARNING] Suspicious activity detected: malware
2025-03-10 05:13:01 - [INFO] system check passed
2025-03-10 05:22:28 - [INFO] config updated
2025-03-10 05:26:33 - [INFO] user login
2025-03-10 05:32:09 - [INFO] email sent
2025-03-10 05:42:36 - [WARNING] Suspicious activity detected: malware
2025-03-10 05:53:46 - [WARNING] Suspicious activity detected: ip_blocked
2025-03-10 05:54:23 - [INFO] system check passed
2025-03-10 05:54:34 - [INFO] email sent
2025-03-10 06:00:22 - [WARNING] Suspicious activity detected: malware
2025-03-10 06:06:36 - [WARNING] Suspicious activity detected: ip_blocked
2025-03-10 06:25:13 - [INFO] user login
2025-03-10 06:26:00 - [WARNING] Suspicious activity detected: unauthorized_access
2025-03-10 06:32:47 - [INFO] file uploaded
2025-03-10 06:34:34 - [INFO] user login
2025-03-10 06:48:22 - [WARNING] Suspicious activity detected: malware
2025-03-10 06:49:34 - [INFO] system check passed
2025-03-10 07:08:32 - [INFO] backup completed
2025-03-10 07:16:54 - [INFO] config updated
2025-03-10 07:34:55 - [INFO] file downloaded
2025-03-10 07:35:34 - [WARNING] Suspicious activity detected: intrusion
2025-03-10 07:43:53 - [WARNING] Suspicious activity detected: brute_force
2025-03-10 07:58:40 - [INFO] file downloaded
2025-03-10 08:04:53 - [INFO] system check passed
2025-03-10 08:25:28 - [WARNING] Suspicious activity detected: ddos
2025-03-10 08:27:20 - [INFO] config updated
2025-03-10 08:30:35 - [INFO] backup completed
2025-03-10 08:43:47 - [INFO] backup completed
2025-03-10 08:48:38 - [WARNING] Suspicious activity detected: intrusion
2025-03-10 09:15:54 - [WARNING] Suspicious activity detected: unauthorized_access
2025-03-10 09:18:42 - [WARNING] Suspicious activity detected: ddos
2025-03-10 09:28:37 - [INFO] backup completed
2025-03-10 09:35:05 - [WARNING] Suspicious activity detected: ip_blocked
2025-03-10 09:36:53 - [INFO] email sent
2025-03-10 09:47:26 - [INFO] email sent
2025-03-10 09:51:19 - [INFO] config updated
2025-03-10 09:55:39 - [INFO] user login
2025-03-10 10:08:46 - [INFO] email sent
2025-03-10 10:14:28 - [INFO] file downloaded
2025-03-10 10:19:04 - [INFO] file downloaded
2025-03-10 10:21:48 - [INFO] email sent
2025-03-10 10:28:03 - [INFO] file downloaded
2025-03-10 10:32:27 - [INFO] user login
2025-03-10 10:46:30 - [INFO] backup completed
2025-03-10 11:03:33 - [INFO] email sent
2025-03-10 11:04:48 - [INFO] backup completed
2025-03-10 11:08:17 - [INFO] backup completed
2025-03-10 11:17:21 - [INFO] file downloaded
2025-03-10 11:40:04 - [WARNING] Suspicious activity detected: port_scan
2025-03-10 12:03:43 - [INFO] config updated
2025-03-10 12:09:10 - [INFO] system check passed
2025-03-10 12:11:22 - [INFO] file uploaded
2025-03-10 12:12:15 - [INFO] user login
2025-03-10 12:12:44 - [INFO] file uploaded
2025-03-10 12:14:01 - [INFO] file uploaded
2025-03-10 12:15:32 - [WARNING] Suspicious activity detected: sql_injection
2025-03-10 12:19:38 - [INFO] user login
2025-03-10 12:53:28 - [WARNING] Suspicious activity detected: intrusion
2025-03-10 12:57:09 - [INFO] system check passed
2025-03-10 13:02:40 - [WARNING] Suspicious activity detected: unauthorized_access
2025-03-10 13:11:48 - [INFO] file uploaded
2025-03-10 13:15:10 - [WARNING] Suspicious activity detected: ddos
2025-03-10 13:15:49 - [INFO] email sent
2025-03-10 14:11:33 - [INFO] system check passed
2025-03-10 14:17:02 - [WARNING] Suspicious activity detected: ip_blocked
2025-03-10 14:31:33 - [WARNING] Suspicious activity detected: intrusion
2025-03-10 14:39:58 - [INFO] backup completed
2025-03-10 14:48:55 - [INFO] config updated
2025-03-10 14:59:56 - [INFO] config updated
2025-03-10 15:12:20 - [INFO] config updated
2025-03-10 15:16:44 - [INFO] file downloaded
2025-03-10 16:03:19 - [WARNING] Suspicious activity detected: brute_force
2025-03-10 16:14:09 - [WARNING] Suspicious activity detected: port_scan
2025-03-10 16:17:23 - [INFO] backup completed
2025-03-10 16:23:06 - [INFO] backup completed
2025-03-10 16:34:09 - [INFO] backup completed
2025-03-10 16:37:45 - [INFO] email sent
2025-03-10 16:39:48 - [WARNING] Suspicious activity detected: sql_injection
2025-03-10 16:40:08 - [INFO] email sent
2025-03-10 16:52:51 - [INFO] file downloaded
2025-03-10 16:52:55 - [INFO] system check passed
2025-03-10 16:56:59 - [INFO] file uploaded
2025-03-10 17:00:38 - [INFO] system check passed
2025-03-10 17:13:34 - [WARNING] Suspicious activity detected: intrusion
2025-03-10 17:18:24 - [INFO] user login
2025-03-10 17:20:24 - [INFO] file downloaded
2025-03-10 17:24:23 - [INFO] email sent
2025-03-10 17:38:17 - [WARNING] Suspicious activity detected: port_scan
2025-03-10 18:14:52 - [WARNING] Suspicious activity detected: brute_force
2025-03-10 18:17:05 - [INFO] backup completed
2025-03-10 18:24:31 - [WARNING] Suspicious activity detected: port_scan
2025-03-10 18:28:39 - [WARNING] Suspicious activity detected: brute_force
2025-03-10 18:55:12 - [INFO] user login
2025-03-10 19:09:11 - [INFO] config updated
2025-03-10 19:10:20 - [INFO] system check passed
2025-03-10 20:08:05 - [INFO] file uploaded
2025-03-10 20:12:51 - [INFO] file uploaded
2025-03-10 20:13:19 - [INFO] email sent
2025-03-10 20:19:46 - [WARNING] Suspicious activity detected: intrusion
2025-03-10 20:24:37 - [INFO] email sent
2025-03-10 20:30:01 - [INFO] file uploaded
2025-03-10 20:39:55 - [WARNING] Suspicious activity detected: intrusion
2025-03-10 20:40:18 - [INFO] email sent
2025-03-10 20:50:45 - [WARNING] Suspicious activity detected: sql_injection
2025-03-10 20:53:38 - [INFO] system check passed
2025-03-10 21:24:49 - [INFO] file uploaded
2025-03-10 21:26:29 - [WARNING] Suspicious activity detected: unauthorized_access
2025-03-10 21:26:48 - [INFO] backup completed
2025-03-10 21:31:18 - [INFO] system check passed
2025-03-10 21:35:22 - [INFO] config updated
2025-03-10 21:37:16 - [INFO] backup completed
2025-03-10 21:59:11 - [WARNING] Suspicious activity detected: unauthorized_access
2025-03-10 22:00:11 - [WARNING] Suspicious activity detected: unauthorized_access
2025-03-10 22:00:55 - [INFO] backup completed
2025-03-10 22:11:59 - [INFO] config updated
2025-03-10 22:14:54 - [INFO] config updated
2025-03-10 22:44:06 - [INFO] email sent
2025-03-10 22:59:44 - [INFO] system check passed
2025-03-10 23:00:02 - [WARNING] Suspicious activity detected: brute_force
2025-03-10 23:00:36 - [WARNING] Suspicious activity detected: malware
2025-03-10 23:06:58 - [INFO] system check passed
2025-03-10 23:16:30 - [INFO] email sent
2025-03-10 23:27:30 - [INFO] file uploaded
2025-03-10 23:43:14 - [WARNING] Suspicious activity detected: sql_injection
2025-03-10 23:47:57 - [INFO] file downloaded
2025-03-10 23:51:11 - [INFO] file uploaded