2025-06-04 00:03:04 - [INFO] user login
2025-06-04 00:30:23 - [WARNING] Suspicious activity detected: unauthorized_access
2025-06-04 01:06:40 - [INFO] config updated
2025-06-04 01:27:06 - [INFO] backup completed
2025-06-04 01:42:04 - [WARNING] Suspicious activity detected: intrusion
2025-06-04 01:47:54 - [INFO] backup completed
2025-06-04 01:50:16 - [INFO] system check passed
2025-06-04 01:53:08 - [INFO] system check passed
2025-06-04 02:16:09 - [INFO] file downloaded
2025-06-04 02:27:31 - [WARNING] Suspicious activity detected: malware
2025-06-04 02:29:16 - [INFO] backup completed
2025-06-04 02:29:36 - [INFO] user login
2025-06-04 02:30:30 - [WARNING] Suspicious activity detected: intrusion
2025-06-04 02:37:51 - [INFO] file uploaded
2025-06-04 02:53:06 - [INFO] system check passed
2025-06-04 03:08:07 - [INFO] system check passed
2025-06-04 03:08:24 - [WARNING] Suspicious activity detected: unauthorized_access
2025-06-04 03:10:55 - [INFO] file uploaded
2025-06-04 03:19:33 - [INFO] file downloaded
2025-06-04 03:32:08 - [INFO] backup completed
2025-06-04 03:53:33 - [INFO] config updated
2025-06-04 03:55:34 - [INFO] user login
2025-06-04 03:59:17 - [WARNING] Suspicious activity detected: unauthorized_access
2025-06-04 04:01:53 - [WARNING] Suspicious activity detected: unauthorized_access
2025-06-04 04:11:07 - [INFO] backup completed
2025-06-04 04:13:11 - [INFO] backup completed
2025-06-04 04:21:49 - [WARNING] Suspicious activity detected: ip_blocked
2025-06-04 04:33:44 - [WARNING] Suspicious activity detected: unauthorized_access
2025-06-04 04:38:30 - [INFO] backup completed
2025-06-04 04:40:20 - [INFO] system check passed
2025-06-04 04:41:09 - [INFO] file uploaded
2025-06-04 04:42:57 - [WARNING] Suspicious activity detected: ddos
2025-06-04 04:47:48 - [WARNING] Suspicious activity detected: malware
2025-06-04 05:13:41 - [WARNING] Suspicious activity detected: brute_force
2025-06-04 05:17:16 - [WARNING] Suspicious activity detected: unauthorized_access
2025-06-04 05:31:59 - [INFO] file uploaded
2025-06-04 05:45:39 - [INFO] backup completed
2025-06-04 05:47:56 - [INFO] backup completed
2025-06-04 06:03:35 - [INFO] system check passed
2025-06-04 06:09:42 - [WARNING] Suspicious activity detected: ip_blocked
2025-06-04 06:17:48 - [INFO] system check passed
2025-06-04 06:20:27 - [WARNING] Suspicious activity detected: sql_injection
2025-06-04 06:20:44 - [WARNING] Suspicious activity detected: malware
2025-06-04 06:25:58 - [INFO] user login
2025-06-04 06:30:08 - [INFO] file uploaded
2025-06-04 06:30:45 - [INFO] email sent
2025-06-04 06:43:35 - [WARNING] Suspicious activity detected: brute_force
2025-06-04 06:46:48 - [INFO] backup completed
2025-06-04 06:49:01 - [INFO] config updated
2025-06-04 06:51:48 - [INFO] config updated
2025-06-04 06:58:29 - [INFO] user login
2025-06-04 07:01:21 - [WARNING] Suspicious activity detected: unauthorized_access
2025-06-04 07:02:09 - [WARNING] Suspicious activity detected: port_scan
2025-06-04 07:14:31 - [INFO] file downloaded
2025-06-04 07:27:47 - [WARNING] Suspicious activity detected: malware
2025-06-04 07:31:57 - [WARNING] Suspicious activity detected: ip_blocked
2025-06-04 08:01:26 - [INFO] config updated
2025-06-04 08:06:47 - [INFO] email sent
2025-06-04 08:12:30 - [INFO] file uploaded
2025-06-04 08:13:10 - [INFO] backup completed
2025-06-04 08:18:20 - [INFO] user login
2025-06-04 08:22:57 - [INFO] file downloaded
2025-06-04 08:37:43 - [INFO] config updated
2025-06-04 08:44:43 - [INFO] user login
2025-06-04 09:08:43 - [INFO] file uploaded
2025-06-04 09:17:24 - [INFO] file downloaded
2025-06-04 09:33:13 - [INFO] system check passed
2025-06-04 09:39:16 - [INFO] file downloaded
2025-06-04 09:44:26 - [WARNING] Suspicious activity detected: malware
2025-06-04 09:57:44 - [INFO] email sent
2025-06-04 10:23:22 - [INFO] file downloaded
2025-06-04 10:35:16 - [INFO] email sent
2025-06-04 10:42:54 - [INFO] system check passed
2025-06-04 10:59:53 - [INFO] email sent
2025-06-04 11:05:29 - [INFO] config updated
2025-06-04 11:13:30 - [INFO] backup completed
2025-06-04 11:27:29 - [WARNING] Suspicious activity detected: port_scan
2025-06-04 11:30:35 - [WARNING] Suspicious activity detected: port_scan
2025-06-04 11:32:00 - [INFO] system check passed
2025-06-04 11:36:35 - [INFO] file downloaded
2025-06-04 11:46:30 - [INFO] user login
2025-06-04 11:54:14 - [INFO] file uploaded
2025-06-04 11:57:25 - [WARNING] Suspicious activity detected: port_scan
2025-06-04 11:57:31 - [INFO] file uploaded
2025-06-04 12:04:33 - [INFO] email sent
2025-06-04 12:04:43 - [INFO] file uploaded
2025-06-04 12:15:10 - [WARNING] Suspicious activity detected: unauthorized_access
2025-06-04 12:16:12 - [INFO] config updated
2025-06-04 12:24:32 - [WARNING] Suspicious activity detected: unauthorized_access
2025-06-04 12:30:13 - [INFO] backup completed
2025-06-04 12:35:05 - [WARNING] Suspicious activity detected: intrusion
2025-06-04 12:38:47 - [INFO] system check passed
2025-06-04 12:44:19 - [INFO] system check passed
2025-06-04 12:48:03 - [WARNING] Suspicious activity detected: unauthorized_access
2025-06-04 12:52:55 - [INFO] config updated
2025-06-04 13:04:31 - [INFO] user login
2025-06-04 13:13:34 - [WARNING] Suspicious activity detected: unauthorized_access
2025-06-04 13:15:16 - [INFO] config updated
2025-06-04 13:26:43 - [INFO] file downloaded
2025-06-04 13:32:34 - [INFO] backup completed
2025-06-04 13:42:26 - [WARNING] Suspicious activity detected: brute_force
2025-06-04 13:54:57 - [INFO] system check passed
2025-06-04 14:01:15 - [INFO] file downloaded
2025-06-04 14:19:29 - [WARNING] Suspicious activity detected: brute_force
2025-06-04 14:36:11 - [INFO] config updated
2025-06-04 14:40:27 - [WARNING] Suspicious activity detected: sql_injection
2025-06-04 14:57:14 - [WARNING] Suspicious activity detected: ip_blocked
2025-06-04 15:02:22 - [INFO] file downloaded
2025-06-04 15:27:40 - [INFO] email sent
2025-06-04 15:31:43 - [INFO] email sent
2025-06-04 15:37:18 - [WARNING] Suspicious activity detected: unauthorized_access
2025-06-04 15:42:37 - [INFO] backup completed
2025-06-04 15:59:39 - [WARNING] Suspicious activity detected: ip_blocked
2025-06-04 16:09:12 - [INFO] system check passed
2025-06-04 16:09:14 - [WARNING] Suspicious activity detected: ddos
2025-06-04 16:30:17 - [INFO] config updated
2025-06-04 16:35:11 - [INFO] file downloaded
2025-06-04 16:39:18 - [WARNING] Suspicious activity detected: ddos
2025-06-04 16:41:14 - [WARNING] Suspicious activity detected: sql_injection
2025-06-04 17:04:49 - [INFO] config updated
2025-06-04 17:14:36 - [INFO] email sent
2025-06-04 17:28:37 - [INFO] system check passed
2025-06-04 17:29:08 - [INFO] file downloaded
2025-06-04 17:31:41 - [WARNING] Suspicious activity detected: brute_force
2025-06-04 17:34:26 - [INFO] file uploaded
2025-06-04 17:35:17 - [WARNING] Suspicious activity detected: port_scan
2025-06-04 18:08:47 - [INFO] user login
2025-06-04 18:20:47 - [INFO] file downloaded
2025-06-04 18:24:14 - [WARNING] Suspicious activity detected: port_scan
2025-06-04 18:29:17 - [INFO] system check passed
2025-06-04 18:41:59 - [WARNING] Suspicious activity detected: ddos
2025-06-04 18:52:32 - [INFO] file uploaded
2025-06-04 18:59:22 - [WARNING] Suspicious activity detected: brute_force
2025-06-04 19:09:21 - [INFO] email sent
2025-06-04 19:39:22 - [INFO] backup completed
2025-06-04 19:41:32 - [INFO] backup completed
2025-06-04 19:45:10 - [INFO] system check passed
2025-06-04 19:45:12 - [INFO] backup completed
2025-06-04 19:47:43 - [INFO] user login
2025-06-04 19:53:17 - [INFO] config updated
2025-06-04 19:56:31 - [INFO] system check passed
2025-06-04 19:58:02 - [WARNING] Suspicious activity detected: malware
2025-06-04 20:09:13 - [WARNING] Suspicious activity detected: intrusion
2025-06-04 20:10:30 - [INFO] file uploaded
2025-06-04 20:26:58 - [INFO] system check passed
2025-06-04 20:30:22 - [INFO] email sent
2025-06-04 20:35:46 - [WARNING] Suspicious activity detected: ip_blocked
2025-06-04 20:35:52 - [INFO] system check passed
2025-06-04 20:37:55 - [INFO] file downloaded
2025-06-04 20:38:24 - [INFO] file uploaded
2025-06-04 20:46:21 - [WARNING] Suspicious activity detected: ip_blocked
2025-06-04 21:09:18 - [INFO] user login
2025-06-04 21:18:27 - [INFO] system check passed
2025-06-04 21:37:34 - [INFO] system check passed
2025-06-04 21:40:51 - [INFO] backup completed
2025-06-04 21:42:06 - [WARNING] Suspicious activity detected: brute_force
2025-06-04 21:51:03 - [INFO] backup completed
2025-06-04 22:17:38 - [WARNING] Suspicious activity detected: ip_blocked
2025-06-04 22:32:50 - [INFO] file uploaded
2025-06-04 22:37:00 - [INFO] file downloaded
2025-06-04 22:37:39 - [INFO] user login
2025-06-04 22:41:31 - [WARNING] Suspicious activity detected: malware
2025-06-04 22:50:59 - [INFO] user login
2025-06-04 22:57:37 - [WARNING] Suspicious activity detected: brute_force
2025-06-04 23:11:14 - [WARNING] Suspicious activity detected: ddos
2025-06-04 23:23:36 - [INFO] config updated
2025-06-04 23:30:11 - [INFO] email sent
2025-06-04 23:55:05 - [WARNING] Suspicious activity detected: unauthorized_access
2025-06-04 23:56:32 - [INFO] file downloaded