2025-03-23 00:05:35 - [INFO] file downloaded
2025-03-23 00:13:04 - [INFO] system check passed
2025-03-23 00:14:07 - [INFO] file downloaded
2025-03-23 00:14:20 - [INFO] email sent
2025-03-23 00:18:40 - [INFO] file downloaded
2025-03-23 00:23:44 - [INFO] system check passed
2025-03-23 00:38:41 - [WARNING] Suspicious activity detected: malware
2025-03-23 00:39:16 - [INFO] email sent
2025-03-23 00:43:58 - [WARNING] Suspicious activity detected: intrusion
2025-03-23 00:49:01 - [WARNING] Suspicious activity detected: unauthorized_access
2025-03-23 00:49:20 - [INFO] file uploaded
2025-03-23 00:50:43 - [INFO] system check passed
2025-03-23 00:56:54 - [INFO] file downloaded
2025-03-23 00:57:21 - [INFO] config updated
2025-03-23 00:57:46 - [INFO] email sent
2025-03-23 01:14:48 - [INFO] backup completed
2025-03-23 01:15:48 - [INFO] file downloaded
2025-03-23 01:30:11 - [WARNING] Suspicious activity detected: ip_blocked
2025-03-23 01:37:10 - [INFO] backup completed
2025-03-23 02:08:03 - [INFO] email sent
2025-03-23 02:15:47 - [INFO] backup completed
2025-03-23 02:38:10 - [INFO] file uploaded
2025-03-23 02:50:12 - [WARNING] Suspicious activity detected: malware
2025-03-23 02:55:38 - [INFO] backup completed
2025-03-23 03:03:36 - [WARNING] Suspicious activity detected: unauthorized_access
2025-03-23 03:08:51 - [WARNING] Suspicious activity detected: unauthorized_access
2025-03-23 03:15:25 - [WARNING] Suspicious activity detected: intrusion
2025-03-23 03:18:40 - [WARNING] Suspicious activity detected: brute_force
2025-03-23 03:34:44 - [INFO] file uploaded
2025-03-23 03:43:57 - [INFO] user login
2025-03-23 03:50:03 - [WARNING] Suspicious activity detected: malware
2025-03-23 03:58:36 - [WARNING] Suspicious activity detected: ddos
2025-03-23 04:01:53 - [WARNING] Suspicious activity detected: malware
2025-03-23 04:06:41 - [INFO] email sent
2025-03-23 04:13:16 - [INFO] config updated
2025-03-23 04:15:03 - [WARNING] Suspicious activity detected: unauthorized_access
2025-03-23 04:23:19 - [INFO] file downloaded
2025-03-23 04:29:27 - [INFO] system check passed
2025-03-23 04:35:01 - [INFO] config updated
2025-03-23 04:42:16 - [INFO] user login
2025-03-23 04:51:19 - [INFO] user login
2025-03-23 04:52:42 - [INFO] backup completed
2025-03-23 05:26:01 - [WARNING] Suspicious activity detected: ip_blocked
2025-03-23 05:26:26 - [INFO] config updated
2025-03-23 05:29:03 - [INFO] email sent
2025-03-23 05:30:28 - [INFO] backup completed
2025-03-23 05:34:45 - [WARNING] Suspicious activity detected: malware
2025-03-23 05:40:26 - [INFO] file downloaded
2025-03-23 05:41:47 - [WARNING] Suspicious activity detected: ddos
2025-03-23 05:52:01 - [INFO] file downloaded
2025-03-23 05:56:24 - [INFO] file uploaded
2025-03-23 06:05:28 - [WARNING] Suspicious activity detected: unauthorized_access
2025-03-23 06:05:50 - [INFO] file downloaded
2025-03-23 06:09:47 - [INFO] backup completed
2025-03-23 06:11:47 - [INFO] system check passed
2025-03-23 06:15:55 - [WARNING] Suspicious activity detected: sql_injection
2025-03-23 06:26:14 - [WARNING] Suspicious activity detected: malware
2025-03-23 06:51:15 - [INFO] file uploaded
2025-03-23 06:53:51 - [INFO] system check passed
2025-03-23 07:05:48 - [INFO] email sent
2025-03-23 07:39:07 - [INFO] file downloaded
2025-03-23 07:48:38 - [INFO] backup completed
2025-03-23 07:48:44 - [WARNING] Suspicious activity detected: unauthorized_access
2025-03-23 07:50:14 - [INFO] backup completed
2025-03-23 07:50:32 - [INFO] file downloaded
2025-03-23 07:52:16 - [INFO] system check passed
2025-03-23 07:53:21 - [INFO] email sent
2025-03-23 07:54:24 - [INFO] file downloaded
2025-03-23 08:07:15 - [INFO] config updated
2025-03-23 08:17:57 - [INFO] backup completed
2025-03-23 08:19:43 - [INFO] user login
2025-03-23 08:25:50 - [WARNING] Suspicious activity detected: brute_force
2025-03-23 08:26:45 - [INFO] file downloaded
2025-03-23 08:36:31 - [INFO] email sent
2025-03-23 08:49:02 - [INFO] email sent
2025-03-23 08:50:20 - [INFO] email sent
2025-03-23 08:55:38 - [WARNING] Suspicious activity detected: unauthorized_access
2025-03-23 08:57:03 - [INFO] email sent
2025-03-23 08:57:07 - [INFO] file downloaded
2025-03-23 09:04:40 - [INFO] config updated
2025-03-23 09:13:04 - [WARNING] Suspicious activity detected: sql_injection
2025-03-23 09:13:35 - [INFO] config updated
2025-03-23 09:16:29 - [INFO] file downloaded
2025-03-23 09:18:44 - [WARNING] Suspicious activity detected: ip_blocked
2025-03-23 09:27:47 - [INFO] user login
2025-03-23 09:33:24 - [WARNING] Suspicious activity detected: ddos
2025-03-23 09:38:31 - [INFO] file downloaded
2025-03-23 09:43:13 - [INFO] backup completed
2025-03-23 10:05:55 - [INFO] system check passed
2025-03-23 10:13:21 - [INFO] backup completed
2025-03-23 10:16:42 - [WARNING] Suspicious activity detected: brute_force
2025-03-23 10:16:43 - [INFO] user login
2025-03-23 10:25:03 - [WARNING] Suspicious activity detected: ip_blocked
2025-03-23 10:30:13 - [WARNING] Suspicious activity detected: malware
2025-03-23 10:37:02 - [INFO] config updated
2025-03-23 10:40:45 - [INFO] backup completed
2025-03-23 10:46:09 - [INFO] email sent
2025-03-23 10:49:28 - [WARNING] Suspicious activity detected: port_scan
2025-03-23 10:54:50 - [WARNING] Suspicious activity detected: ip_blocked
2025-03-23 11:01:06 - [INFO] file uploaded
2025-03-23 11:42:59 - [INFO] file downloaded
2025-03-23 11:49:45 - [INFO] file downloaded
2025-03-23 12:01:51 - [WARNING] Suspicious activity detected: sql_injection
2025-03-23 12:10:03 - [INFO] system check passed
2025-03-23 12:19:17 - [INFO] backup completed
2025-03-23 12:23:51 - [INFO] backup completed
2025-03-23 12:24:05 - [INFO] email sent
2025-03-23 12:24:31 - [INFO] file downloaded
2025-03-23 12:24:50 - [WARNING] Suspicious activity detected: intrusion
2025-03-23 12:33:27 - [INFO] system check passed
2025-03-23 12:35:12 - [WARNING] Suspicious activity detected: malware
2025-03-23 12:38:29 - [WARNING] Suspicious activity detected: port_scan
2025-03-23 12:50:22 - [INFO] config updated
2025-03-23 12:51:00 - [INFO] file uploaded
2025-03-23 12:52:07 - [WARNING] Suspicious activity detected: unauthorized_access
2025-03-23 12:52:09 - [INFO] system check passed
2025-03-23 13:08:19 - [INFO] config updated
2025-03-23 13:08:53 - [INFO] system check passed
2025-03-23 13:23:44 - [INFO] file downloaded
2025-03-23 13:38:02 - [INFO] user login
2025-03-23 13:54:05 - [INFO] config updated
2025-03-23 14:09:21 - [INFO] file uploaded
2025-03-23 14:30:24 - [WARNING] Suspicious activity detected: intrusion
2025-03-23 14:34:10 - [INFO] system check passed
2025-03-23 14:39:03 - [WARNING] Suspicious activity detected: sql_injection
2025-03-23 14:43:11 - [INFO] email sent
2025-03-23 14:44:04 - [WARNING] Suspicious activity detected: ip_blocked
2025-03-23 14:47:48 - [INFO] backup completed
2025-03-23 14:53:39 - [INFO] email sent
2025-03-23 14:55:33 - [WARNING] Suspicious activity detected: ddos
2025-03-23 15:04:33 - [INFO] email sent
2025-03-23 15:13:29 - [WARNING] Suspicious activity detected: port_scan
2025-03-23 15:33:27 - [INFO] file uploaded
2025-03-23 15:35:31 - [INFO] file uploaded
2025-03-23 15:56:15 - [INFO] config updated
2025-03-23 16:05:18 - [WARNING] Suspicious activity detected: ddos
2025-03-23 16:08:24 - [INFO] backup completed
2025-03-23 16:10:34 - [INFO] user login
2025-03-23 16:26:04 - [INFO] email sent
2025-03-23 16:28:16 - [WARNING] Suspicious activity detected: ip_blocked
2025-03-23 16:29:48 - [WARNING] Suspicious activity detected: ip_blocked
2025-03-23 16:35:02 - [WARNING] Suspicious activity detected: malware
2025-03-23 16:38:37 - [INFO] email sent
2025-03-23 16:38:38 - [INFO] config updated
2025-03-23 16:39:11 - [INFO] config updated
2025-03-23 16:55:47 - [INFO] file downloaded
2025-03-23 16:57:38 - [INFO] user login
2025-03-23 17:07:15 - [INFO] user login
2025-03-23 17:17:24 - [INFO] file downloaded
2025-03-23 17:17:47 - [INFO] email sent
2025-03-23 17:25:13 - [INFO] backup completed
2025-03-23 17:26:04 - [INFO] user login
2025-03-23 17:31:30 - [INFO] email sent
2025-03-23 17:33:27 - [INFO] backup completed
2025-03-23 17:41:41 - [INFO] file downloaded
2025-03-23 17:45:50 - [WARNING] Suspicious activity detected: port_scan
2025-03-23 18:22:59 - [INFO] user login
2025-03-23 18:25:24 - [WARNING] Suspicious activity detected: brute_force
2025-03-23 18:26:30 - [WARNING] Suspicious activity detected: ip_blocked
2025-03-23 18:28:25 - [INFO] system check passed
2025-03-23 18:29:13 - [INFO] config updated
2025-03-23 18:41:43 - [INFO] system check passed
2025-03-23 18:58:05 - [INFO] file downloaded
2025-03-23 19:01:42 - [INFO] config updated
2025-03-23 19:03:43 - [INFO] file downloaded
2025-03-23 19:15:57 - [INFO] file downloaded
2025-03-23 19:19:57 - [INFO] file uploaded
2025-03-23 19:21:16 - [INFO] email sent
2025-03-23 19:23:51 - [WARNING] Suspicious activity detected: ddos
2025-03-23 19:28:21 - [WARNING] Suspicious activity detected: intrusion
2025-03-23 19:33:26 - [INFO] file downloaded
2025-03-23 19:39:38 - [WARNING] Suspicious activity detected: brute_force
2025-03-23 19:50:46 - [INFO] file downloaded
2025-03-23 19:55:00 - [INFO] system check passed
2025-03-23 20:02:54 - [INFO] user login
2025-03-23 20:09:35 - [WARNING] Suspicious activity detected: port_scan
2025-03-23 20:10:35 - [INFO] email sent
2025-03-23 20:11:20 - [INFO] email sent
2025-03-23 20:13:26 - [WARNING] Suspicious activity detected: ip_blocked
2025-03-23 20:16:52 - [INFO] file uploaded
2025-03-23 20:19:38 - [WARNING] Suspicious activity detected: unauthorized_access
2025-03-23 20:21:18 - [INFO] user login
2025-03-23 20:27:06 - [INFO] user login
2025-03-23 20:29:20 - [INFO] system check passed
2025-03-23 20:46:48 - [INFO] config updated
2025-03-23 21:12:37 - [INFO] user login
2025-03-23 21:17:39 - [INFO] user login
2025-03-23 21:47:48 - [WARNING] Suspicious activity detected: brute_force
2025-03-23 21:51:25 - [INFO] backup completed
2025-03-23 21:55:04 - [WARNING] Suspicious activity detected: ip_blocked
2025-03-23 21:55:27 - [INFO] backup completed
2025-03-23 22:11:55 - [INFO] system check passed
2025-03-23 22:17:44 - [INFO] backup completed
2025-03-23 22:20:21 - [WARNING] Suspicious activity detected: intrusion
2025-03-23 22:22:59 - [INFO] config updated
2025-03-23 22:29:50 - [INFO] file downloaded
2025-03-23 22:32:05 - [INFO] backup completed
2025-03-23 22:42:11 - [INFO] system check passed
2025-03-23 22:49:19 - [INFO] backup completed
2025-03-23 22:49:23 - [INFO] user login
2025-03-23 23:08:46 - [WARNING] Suspicious activity detected: sql_injection
2025-03-23 23:26:18 - [INFO] user login
2025-03-23 23:41:00 - [INFO] email sent
2025-03-23 23:48:13 - [INFO] user login
2025-03-23 23:53:36 - [INFO] config updated
2025-03-23 23:57:39 - [INFO] file downloaded