2025-03-01 00:01:18 - [INFO] file uploaded
2025-03-01 00:05:02 - [INFO] file downloaded
2025-03-01 00:07:09 - [INFO] backup completed
2025-03-01 00:11:40 - [WARNING] Suspicious activity detected: intrusion
2025-03-01 00:20:06 - [WARNING] Suspicious activity detected: brute_force
2025-03-01 00:21:58 - [WARNING] Suspicious activity detected: brute_force
2025-03-01 00:24:19 - [INFO] user login
2025-03-01 00:28:59 - [INFO] backup completed
2025-03-01 00:46:25 - [WARNING] Suspicious activity detected: intrusion
2025-03-01 00:51:58 - [WARNING] Suspicious activity detected: ip_blocked
2025-03-01 00:52:37 - [WARNING] Suspicious activity detected: unauthorized_access
2025-03-01 00:52:45 - [INFO] backup completed
2025-03-01 01:03:21 - [INFO] file downloaded
2025-03-01 01:10:24 - [WARNING] Suspicious activity detected: ddos
2025-03-01 01:15:03 - [INFO] system check passed
2025-03-01 01:15:58 - [INFO] file downloaded
2025-03-01 01:18:12 - [INFO] user login
2025-03-01 01:29:33 - [WARNING] Suspicious activity detected: ddos
2025-03-01 01:30:05 - [WARNING] Suspicious activity detected: port_scan
2025-03-01 01:45:18 - [INFO] backup completed
2025-03-01 01:45:48 - [WARNING] Suspicious activity detected: malware
2025-03-01 01:49:39 - [INFO] config updated
2025-03-01 01:51:11 - [INFO] config updated
2025-03-01 01:51:56 - [WARNING] Suspicious activity detected: malware
2025-03-01 01:58:22 - [INFO] file downloaded
2025-03-01 02:02:59 - [WARNING] Suspicious activity detected: ip_blocked
2025-03-01 02:03:56 - [WARNING] Suspicious activity detected: port_scan
2025-03-01 02:11:18 - [INFO] file uploaded
2025-03-01 02:18:52 - [INFO] file downloaded
2025-03-01 02:22:00 - [WARNING] Suspicious activity detected: unauthorized_access
2025-03-01 02:35:58 - [INFO] file downloaded
2025-03-01 03:08:13 - [INFO] system check passed
2025-03-01 03:09:21 - [INFO] file downloaded
2025-03-01 03:23:53 - [INFO] file uploaded
2025-03-01 03:25:19 - [WARNING] Suspicious activity detected: malware
2025-03-01 03:27:27 - [INFO] file uploaded
2025-03-01 03:32:21 - [INFO] file uploaded
2025-03-01 03:36:27 - [INFO] config updated
2025-03-01 03:43:51 - [INFO] file downloaded
2025-03-01 03:44:40 - [INFO] file uploaded
2025-03-01 03:47:23 - [WARNING] Suspicious activity detected: sql_injection
2025-03-01 04:17:53 - [INFO] config updated
2025-03-01 04:27:39 - [WARNING] Suspicious activity detected: brute_force
2025-03-01 04:27:59 - [INFO] file downloaded
2025-03-01 04:31:25 - [WARNING] Suspicious activity detected: intrusion
2025-03-01 04:37:22 - [INFO] backup completed
2025-03-01 04:38:38 - [INFO] config updated
2025-03-01 04:44:02 - [INFO] backup completed
2025-03-01 04:47:00 - [INFO] system check passed
2025-03-01 04:51:58 - [INFO] user login
2025-03-01 04:58:49 - [INFO] file uploaded
2025-03-01 05:02:10 - [INFO] email sent
2025-03-01 05:05:40 - [INFO] config updated
2025-03-01 05:23:18 - [INFO] config updated
2025-03-01 05:31:09 - [INFO] backup completed
2025-03-01 05:38:11 - [WARNING] Suspicious activity detected: ddos
2025-03-01 05:49:28 - [INFO] email sent
2025-03-01 05:58:15 - [INFO] file downloaded
2025-03-01 06:05:42 - [INFO] system check passed
2025-03-01 06:11:40 - [WARNING] Suspicious activity detected: brute_force
2025-03-01 06:11:51 - [WARNING] Suspicious activity detected: malware
2025-03-01 06:23:50 - [INFO] config updated
2025-03-01 06:31:29 - [WARNING] Suspicious activity detected: malware
2025-03-01 06:36:07 - [WARNING] Suspicious activity detected: sql_injection
2025-03-01 06:38:05 - [INFO] user login
2025-03-01 06:43:36 - [INFO] file downloaded
2025-03-01 06:53:58 - [WARNING] Suspicious activity detected: brute_force
2025-03-01 06:54:54 - [WARNING] Suspicious activity detected: sql_injection
2025-03-01 06:56:20 - [WARNING] Suspicious activity detected: intrusion
2025-03-01 06:57:18 - [WARNING] Suspicious activity detected: unauthorized_access
2025-03-01 06:58:33 - [INFO] file downloaded
2025-03-01 07:01:28 - [INFO] system check passed
2025-03-01 07:01:38 - [INFO] backup completed
2025-03-01 07:05:51 - [INFO] file downloaded
2025-03-01 07:16:33 - [WARNING] Suspicious activity detected: ip_blocked
2025-03-01 07:19:32 - [INFO] config updated
2025-03-01 07:25:35 - [INFO] email sent
2025-03-01 07:26:38 - [WARNING] Suspicious activity detected: unauthorized_access
2025-03-01 07:28:31 - [WARNING] Suspicious activity detected: sql_injection
2025-03-01 07:30:38 - [INFO] email sent
2025-03-01 07:31:26 - [WARNING] Suspicious activity detected: intrusion
2025-03-01 07:33:53 - [INFO] user login
2025-03-01 07:34:13 - [WARNING] Suspicious activity detected: ddos
2025-03-01 07:47:05 - [WARNING] Suspicious activity detected: unauthorized_access
2025-03-01 07:55:04 - [INFO] config updated
2025-03-01 08:01:49 - [WARNING] Suspicious activity detected: ip_blocked
2025-03-01 08:06:31 - [INFO] config updated
2025-03-01 08:07:21 - [WARNING] Suspicious activity detected: sql_injection
2025-03-01 08:17:56 - [WARNING] Suspicious activity detected: intrusion
2025-03-01 08:17:56 - [WARNING] Suspicious activity detected: brute_force
2025-03-01 08:23:36 - [INFO] backup completed
2025-03-01 08:35:55 - [WARNING] Suspicious activity detected: brute_force
2025-03-01 08:39:36 - [INFO] file uploaded
2025-03-01 08:44:50 - [WARNING] Suspicious activity detected: unauthorized_access
2025-03-01 08:54:01 - [INFO] file downloaded
2025-03-01 08:54:28 - [WARNING] Suspicious activity detected: malware
2025-03-01 09:03:02 - [INFO] system check passed
2025-03-01 09:22:22 - [INFO] system check passed
2025-03-01 09:24:33 - [INFO] email sent
2025-03-01 09:26:45 - [INFO] file downloaded
2025-03-01 09:30:17 - [INFO] file uploaded
2025-03-01 09:32:35 - [INFO] file downloaded
2025-03-01 09:33:55 - [INFO] user login
2025-03-01 09:35:53 - [INFO] file downloaded
2025-03-01 09:47:33 - [WARNING] Suspicious activity detected: brute_force
2025-03-01 09:56:16 - [WARNING] Suspicious activity detected: sql_injection
2025-03-01 10:19:28 - [INFO] backup completed
2025-03-01 10:27:48 - [WARNING] Suspicious activity detected: intrusion
2025-03-01 10:40:43 - [INFO] file downloaded
2025-03-01 10:41:02 - [WARNING] Suspicious activity detected: sql_injection
2025-03-01 10:47:01 - [INFO] system check passed
2025-03-01 10:54:19 - [INFO] file downloaded
2025-03-01 10:56:01 - [WARNING] Suspicious activity detected: ddos
2025-03-01 10:56:14 - [WARNING] Suspicious activity detected: malware
2025-03-01 10:56:53 - [INFO] file downloaded
2025-03-01 10:57:21 - [INFO] system check passed
2025-03-01 10:57:23 - [INFO] system check passed
2025-03-01 11:17:51 - [INFO] backup completed
2025-03-01 11:21:35 - [INFO] file uploaded
2025-03-01 11:23:41 - [INFO] email sent
2025-03-01 11:32:24 - [WARNING] Suspicious activity detected: intrusion
2025-03-01 11:33:14 - [WARNING] Suspicious activity detected: intrusion
2025-03-01 11:38:41 - [WARNING] Suspicious activity detected: malware
2025-03-01 11:48:00 - [INFO] file downloaded
2025-03-01 11:50:22 - [INFO] system check passed
2025-03-01 11:50:48 - [INFO] system check passed
2025-03-01 11:53:40 - [WARNING] Suspicious activity detected: ddos
2025-03-01 11:54:05 - [INFO] system check passed
2025-03-01 11:55:21 - [INFO] system check passed
2025-03-01 12:15:47 - [INFO] file downloaded
2025-03-01 12:22:16 - [INFO] user login
2025-03-01 12:23:12 - [INFO] backup completed
2025-03-01 12:52:39 - [INFO] file uploaded
2025-03-01 13:00:54 - [WARNING] Suspicious activity detected: ip_blocked
2025-03-01 13:02:11 - [WARNING] Suspicious activity detected: intrusion
2025-03-01 13:02:30 - [WARNING] Suspicious activity detected: port_scan
2025-03-01 13:05:16 - [WARNING] Suspicious activity detected: malware
2025-03-01 13:15:28 - [INFO] system check passed
2025-03-01 13:17:02 - [WARNING] Suspicious activity detected: intrusion
2025-03-01 13:26:32 - [INFO] user login
2025-03-01 13:35:42 - [INFO] file uploaded
2025-03-01 13:38:59 - [INFO] file downloaded
2025-03-01 13:42:54 - [INFO] email sent
2025-03-01 13:47:02 - [WARNING] Suspicious activity detected: ddos
2025-03-01 13:49:28 - [INFO] email sent
2025-03-01 13:51:11 - [INFO] user login
2025-03-01 14:00:07 - [WARNING] Suspicious activity detected: port_scan
2025-03-01 14:09:54 - [INFO] file downloaded
2025-03-01 14:13:27 - [WARNING] Suspicious activity detected: ip_blocked
2025-03-01 14:13:59 - [INFO] file uploaded
2025-03-01 14:16:39 - [INFO] config updated
2025-03-01 14:17:41 - [WARNING] Suspicious activity detected: unauthorized_access
2025-03-01 14:33:46 - [WARNING] Suspicious activity detected: malware
2025-03-01 14:35:55 - [WARNING] Suspicious activity detected: ddos
2025-03-01 14:40:31 - [INFO] email sent
2025-03-01 14:40:56 - [WARNING] Suspicious activity detected: ip_blocked
2025-03-01 14:41:35 - [INFO] file uploaded
2025-03-01 14:43:31 - [WARNING] Suspicious activity detected: ddos
2025-03-01 14:47:05 - [WARNING] Suspicious activity detected: ip_blocked
2025-03-01 14:48:52 - [INFO] email sent
2025-03-01 14:51:52 - [WARNING] Suspicious activity detected: ip_blocked
2025-03-01 14:52:54 - [INFO] file downloaded
2025-03-01 14:57:16 - [INFO] config updated
2025-03-01 15:05:23 - [INFO] file downloaded
2025-03-01 15:09:43 - [INFO] email sent
2025-03-01 15:11:32 - [WARNING] Suspicious activity detected: brute_force
2025-03-01 15:12:52 - [WARNING] Suspicious activity detected: intrusion
2025-03-01 15:14:29 - [WARNING] Suspicious activity detected: ddos
2025-03-01 15:33:00 - [WARNING] Suspicious activity detected: ip_blocked
2025-03-01 15:37:04 - [WARNING] Suspicious activity detected: brute_force
2025-03-01 15:38:52 - [INFO] email sent
2025-03-01 15:44:55 - [INFO] backup completed
2025-03-01 15:47:33 - [WARNING] Suspicious activity detected: ip_blocked
2025-03-01 16:04:54 - [INFO] user login
2025-03-01 16:06:48 - [INFO] backup completed
2025-03-01 16:10:41 - [INFO] user login
2025-03-01 16:12:15 - [WARNING] Suspicious activity detected: brute_force
2025-03-01 16:12:51 - [WARNING] Suspicious activity detected: brute_force
2025-03-01 16:18:45 - [INFO] email sent
2025-03-01 16:19:18 - [INFO] email sent
2025-03-01 16:21:26 - [WARNING] Suspicious activity detected: unauthorized_access
2025-03-01 16:26:48 - [INFO] config updated
2025-03-01 16:37:13 - [WARNING] Suspicious activity detected: ip_blocked
2025-03-01 16:42:46 - [INFO] user login
2025-03-01 16:48:45 - [INFO] file uploaded
2025-03-01 17:22:41 - [INFO] config updated
2025-03-01 17:34:39 - [INFO] file uploaded
2025-03-01 17:35:40 - [INFO] email sent
2025-03-01 17:35:42 - [WARNING] Suspicious activity detected: ip_blocked
2025-03-01 17:43:41 - [WARNING] Suspicious activity detected: malware
2025-03-01 17:52:50 - [INFO] system check passed
2025-03-01 18:02:11 - [INFO] user login
2025-03-01 18:08:41 - [INFO] file downloaded
2025-03-01 18:12:11 - [WARNING] Suspicious activity detected: port_scan
2025-03-01 18:14:21 - [INFO] user login
2025-03-01 18:18:53 - [WARNING] Suspicious activity detected: ddos
2025-03-01 18:27:15 - [INFO] email sent
2025-03-01 18:29:37 - [INFO] file uploaded
2025-03-01 18:39:45 - [INFO] file downloaded
2025-03-01 18:40:30 - [WARNING] Suspicious activity detected: ddos
2025-03-01 18:44:47 - [INFO] email sent
2025-03-01 18:47:07 - [INFO] config updated
2025-03-01 18:51:33 - [INFO] config updated
2025-03-01 18:56:29 - [WARNING] Suspicious activity detected: intrusion
2025-03-01 18:56:33 - [INFO] system check passed
2025-03-01 19:00:12 - [WARNING] Suspicious activity detected: port_scan
2025-03-01 19:02:01 - [INFO] email sent
2025-03-01 19:16:52 - [WARNING] Suspicious activity detected: malware
2025-03-01 19:25:24 - [INFO] file uploaded
2025-03-01 19:25:51 - [WARNING] Suspicious activity detected: malware
2025-03-01 19:28:56 - [INFO] file uploaded
2025-03-01 19:41:00 - [WARNING] Suspicious activity detected: malware
2025-03-01 20:20:33 - [INFO] user login
2025-03-01 20:23:07 - [WARNING] Suspicious activity detected: brute_force
2025-03-01 20:23:17 - [WARNING] Suspicious activity detected: intrusion
2025-03-01 20:37:07 - [INFO] backup completed
2025-03-01 20:37:27 - [WARNING] Suspicious activity detected: ddos
2025-03-01 20:38:22 - [INFO] file uploaded
2025-03-01 20:47:24 - [WARNING] Suspicious activity detected: unauthorized_access
2025-03-01 20:51:11 - [WARNING] Suspicious activity detected: unauthorized_access
2025-03-01 20:51:48 - [WARNING] Suspicious activity detected: unauthorized_access
2025-03-01 21:05:19 - [INFO] file downloaded
2025-03-01 21:06:44 - [WARNING] Suspicious activity detected: ddos
2025-03-01 21:09:28 - [INFO] email sent
2025-03-01 21:12:48 - [INFO] system check passed
2025-03-01 21:18:44 - [WARNING] Suspicious activity detected: brute_force
2025-03-01 21:21:19 - [WARNING] Suspicious activity detected: port_scan
2025-03-01 21:26:02 - [INFO] system check passed
2025-03-01 21:26:49 - [INFO] system check passed
2025-03-01 21:27:56 - [WARNING] Suspicious activity detected: ip_blocked
2025-03-01 21:30:35 - [INFO] file downloaded
2025-03-01 21:38:30 - [WARNING] Suspicious activity detected: ddos
2025-03-01 21:42:56 - [INFO] file uploaded
2025-03-01 21:44:35 - [INFO] email sent
2025-03-01 21:48:10 - [INFO] backup completed
2025-03-01 21:48:49 - [WARNING] Suspicious activity detected: sql_injection
2025-03-01 21:50:24 - [WARNING] Suspicious activity detected: malware
2025-03-01 21:53:47 - [WARNING] Suspicious activity detected: unauthorized_access
2025-03-01 21:55:38 - [WARNING] Suspicious activity detected: ip_blocked
2025-03-01 22:02:36 - [INFO] file uploaded
2025-03-01 22:12:43 - [INFO] config updated
2025-03-01 22:51:49 - [INFO] file uploaded
2025-03-01 22:54:24 - [INFO] system check passed
2025-03-01 22:58:12 - [WARNING] Suspicious activity detected: unauthorized_access
2025-03-01 22:58:17 - [WARNING] Suspicious activity detected: brute_force
2025-03-01 23:15:45 - [INFO] file uploaded
2025-03-01 23:21:33 - [WARNING] Suspicious activity detected: intrusion
2025-03-01 23:25:59 - [WARNING] Suspicious activity detected: port_scan
2025-03-01 23:32:29 - [INFO] email sent
2025-03-01 23:34:23 - [WARNING] Suspicious activity detected: unauthorized_access
2025-03-01 23:37:05 - [INFO] user login
2025-03-01 23:37:13 - [WARNING] Suspicious activity detected: brute_force
2025-03-01 23:37:51 - [INFO] backup completed
2025-03-01 23:39:32 - [WARNING] Suspicious activity detected: malware
2025-03-01 23:49:25 - [INFO] email sent
2025-03-01 23:52:26 - [INFO] file downloaded
2025-03-01 23:54:53 - [INFO] system check passed
2025-03-01 23:56:09 - [WARNING] Suspicious activity detected: unauthorized_access