2025-03-13 00:03:41 - [INFO] email sent
2025-03-13 00:06:00 - [INFO] system check passed
2025-03-13 00:19:45 - [WARNING] Suspicious activity detected: intrusion
2025-03-13 00:50:01 - [WARNING] Suspicious activity detected: port_scan
2025-03-13 01:13:42 - [WARNING] Suspicious activity detected: port_scan
2025-03-13 01:22:07 - [WARNING] Suspicious activity detected: intrusion
2025-03-13 01:28:32 - [INFO] email sent
2025-03-13 01:42:08 - [INFO] system check passed
2025-03-13 01:59:34 - [INFO] email sent
2025-03-13 02:15:27 - [INFO] backup completed
2025-03-13 02:23:31 - [INFO] email sent
2025-03-13 02:28:48 - [INFO] file downloaded
2025-03-13 02:30:27 - [INFO] config updated
2025-03-13 02:37:13 - [INFO] email sent
2025-03-13 02:42:36 - [WARNING] Suspicious activity detected: brute_force
2025-03-13 02:44:08 - [INFO] config updated
2025-03-13 03:13:08 - [INFO] email sent
2025-03-13 03:16:55 - [WARNING] Suspicious activity detected: brute_force
2025-03-13 03:23:46 - [INFO] file uploaded
2025-03-13 03:35:22 - [INFO] config updated
2025-03-13 03:37:29 - [WARNING] Suspicious activity detected: sql_injection
2025-03-13 03:38:18 - [INFO] user login
2025-03-13 03:40:44 - [WARNING] Suspicious activity detected: brute_force
2025-03-13 03:49:36 - [WARNING] Suspicious activity detected: unauthorized_access
2025-03-13 03:50:03 - [INFO] file downloaded
2025-03-13 03:51:40 - [INFO] system check passed
2025-03-13 04:01:02 - [WARNING] Suspicious activity detected: port_scan
2025-03-13 04:09:50 - [INFO] backup completed
2025-03-13 05:09:14 - [INFO] config updated
2025-03-13 05:26:33 - [INFO] config updated
2025-03-13 05:33:44 - [WARNING] Suspicious activity detected: ddos
2025-03-13 05:38:59 - [INFO] file uploaded
2025-03-13 05:44:40 - [INFO] config updated
2025-03-13 05:52:30 - [INFO] user login
2025-03-13 05:55:58 - [WARNING] Suspicious activity detected: intrusion
2025-03-13 06:24:09 - [INFO] config updated
2025-03-13 06:48:15 - [WARNING] Suspicious activity detected: ip_blocked
2025-03-13 06:55:59 - [INFO] config updated
2025-03-13 07:06:48 - [INFO] user login
2025-03-13 07:13:49 - [INFO] config updated
2025-03-13 07:14:19 - [INFO] backup completed
2025-03-13 07:22:09 - [INFO] system check passed
2025-03-13 07:27:29 - [WARNING] Suspicious activity detected: ip_blocked
2025-03-13 08:10:42 - [WARNING] Suspicious activity detected: sql_injection
2025-03-13 08:14:37 - [WARNING] Suspicious activity detected: brute_force
2025-03-13 08:16:31 - [INFO] email sent
2025-03-13 08:26:01 - [INFO] file uploaded
2025-03-13 08:26:17 - [INFO] config updated
2025-03-13 08:30:08 - [INFO] backup completed
2025-03-13 09:32:47 - [INFO] system check passed
2025-03-13 09:49:14 - [WARNING] Suspicious activity detected: ip_blocked
2025-03-13 09:54:47 - [INFO] email sent
2025-03-13 10:03:20 - [INFO] file uploaded
2025-03-13 10:18:45 - [INFO] system check passed
2025-03-13 10:25:44 - [WARNING] Suspicious activity detected: malware
2025-03-13 10:25:47 - [INFO] file downloaded
2025-03-13 10:31:20 - [WARNING] Suspicious activity detected: ip_blocked
2025-03-13 10:58:40 - [INFO] user login
2025-03-13 11:00:11 - [INFO] file uploaded
2025-03-13 11:04:46 - [INFO] system check passed
2025-03-13 11:19:33 - [INFO] system check passed
2025-03-13 11:20:02 - [INFO] email sent
2025-03-13 11:20:34 - [WARNING] Suspicious activity detected: intrusion
2025-03-13 11:21:35 - [INFO] system check passed
2025-03-13 11:23:56 - [INFO] file uploaded
2025-03-13 11:28:07 - [INFO] file uploaded
2025-03-13 11:33:28 - [INFO] backup completed
2025-03-13 11:48:01 - [INFO] config updated
2025-03-13 11:48:12 - [WARNING] Suspicious activity detected: unauthorized_access
2025-03-13 11:50:26 - [INFO] backup completed
2025-03-13 11:51:57 - [INFO] system check passed
2025-03-13 12:11:20 - [WARNING] Suspicious activity detected: port_scan
2025-03-13 12:17:46 - [WARNING] Suspicious activity detected: unauthorized_access
2025-03-13 12:27:32 - [WARNING] Suspicious activity detected: ddos
2025-03-13 12:48:21 - [INFO] file uploaded
2025-03-13 12:50:40 - [INFO] file downloaded
2025-03-13 12:51:53 - [WARNING] Suspicious activity detected: ip_blocked
2025-03-13 12:56:25 - [WARNING] Suspicious activity detected: ddos
2025-03-13 12:56:45 - [WARNING] Suspicious activity detected: unauthorized_access
2025-03-13 13:01:39 - [INFO] email sent
2025-03-13 13:12:00 - [INFO] backup completed
2025-03-13 13:22:45 - [WARNING] Suspicious activity detected: sql_injection
2025-03-13 13:23:13 - [INFO] system check passed
2025-03-13 13:23:59 - [INFO] file uploaded
2025-03-13 13:24:01 - [INFO] system check passed
2025-03-13 13:31:38 - [INFO] email sent
2025-03-13 14:07:48 - [WARNING] Suspicious activity detected: sql_injection
2025-03-13 14:28:17 - [INFO] config updated
2025-03-13 14:33:39 - [INFO] email sent
2025-03-13 14:41:33 - [INFO] system check passed
2025-03-13 15:05:11 - [INFO] config updated
2025-03-13 15:09:50 - [WARNING] Suspicious activity detected: port_scan
2025-03-13 15:13:20 - [WARNING] Suspicious activity detected: brute_force
2025-03-13 15:18:13 - [INFO] system check passed
2025-03-13 15:28:13 - [WARNING] Suspicious activity detected: malware
2025-03-13 15:35:48 - [WARNING] Suspicious activity detected: port_scan
2025-03-13 15:36:57 - [INFO] backup completed
2025-03-13 15:42:01 - [INFO] backup completed
2025-03-13 15:44:03 - [INFO] file downloaded
2025-03-13 15:46:14 - [INFO] email sent
2025-03-13 15:53:16 - [WARNING] Suspicious activity detected: unauthorized_access
2025-03-13 15:54:43 - [WARNING] Suspicious activity detected: malware
2025-03-13 15:58:30 - [WARNING] Suspicious activity detected: port_scan
2025-03-13 15:59:40 - [INFO] file uploaded
2025-03-13 16:01:50 - [WARNING] Suspicious activity detected: unauthorized_access
2025-03-13 16:06:05 - [INFO] file uploaded
2025-03-13 16:07:39 - [INFO] user login
2025-03-13 16:36:12 - [INFO] email sent
2025-03-13 16:44:30 - [WARNING] Suspicious activity detected: sql_injection
2025-03-13 17:16:16 - [INFO] file downloaded
2025-03-13 17:25:28 - [INFO] email sent
2025-03-13 17:27:24 - [INFO] file uploaded
2025-03-13 17:40:40 - [WARNING] Suspicious activity detected: sql_injection
2025-03-13 17:48:47 - [INFO] file downloaded
2025-03-13 17:49:55 - [INFO] config updated
2025-03-13 17:51:49 - [INFO] config updated
2025-03-13 17:54:30 - [WARNING] Suspicious activity detected: ip_blocked
2025-03-13 17:54:34 - [INFO] file downloaded
2025-03-13 18:07:38 - [INFO] system check passed
2025-03-13 18:20:04 - [WARNING] Suspicious activity detected: ip_blocked
2025-03-13 18:23:45 - [WARNING] Suspicious activity detected: sql_injection
2025-03-13 18:26:14 - [INFO] file uploaded
2025-03-13 18:31:28 - [INFO] file uploaded
2025-03-13 18:44:25 - [WARNING] Suspicious activity detected: intrusion
2025-03-13 18:45:49 - [INFO] user login
2025-03-13 18:58:38 - [INFO] email sent
2025-03-13 19:04:17 - [INFO] file downloaded
2025-03-13 19:04:33 - [INFO] file downloaded
2025-03-13 19:05:16 - [WARNING] Suspicious activity detected: brute_force
2025-03-13 19:19:52 - [WARNING] Suspicious activity detected: ddos
2025-03-13 19:20:37 - [INFO] config updated
2025-03-13 19:44:40 - [WARNING] Suspicious activity detected: ddos
2025-03-13 19:48:31 - [WARNING] Suspicious activity detected: malware
2025-03-13 19:48:38 - [INFO] user login
2025-03-13 20:00:20 - [INFO] system check passed
2025-03-13 20:03:55 - [INFO] file downloaded
2025-03-13 20:13:55 - [WARNING] Suspicious activity detected: malware
2025-03-13 20:26:19 - [INFO] email sent
2025-03-13 20:31:15 - [INFO] file downloaded
2025-03-13 20:35:56 - [INFO] config updated
2025-03-13 20:36:27 - [INFO] file uploaded
2025-03-13 20:38:19 - [WARNING] Suspicious activity detected: intrusion
2025-03-13 20:57:43 - [WARNING] Suspicious activity detected: sql_injection
2025-03-13 21:03:33 - [INFO] system check passed
2025-03-13 21:04:24 - [INFO] file downloaded
2025-03-13 21:09:49 - [INFO] file uploaded
2025-03-13 21:09:57 - [INFO] system check passed
2025-03-13 21:21:34 - [INFO] user login
2025-03-13 21:24:05 - [WARNING] Suspicious activity detected: malware
2025-03-13 21:25:42 - [WARNING] Suspicious activity detected: ddos
2025-03-13 21:26:38 - [WARNING] Suspicious activity detected: brute_force
2025-03-13 21:28:43 - [WARNING] Suspicious activity detected: intrusion
2025-03-13 21:32:00 - [WARNING] Suspicious activity detected: brute_force
2025-03-13 21:40:15 - [INFO] system check passed
2025-03-13 21:43:22 - [INFO] config updated
2025-03-13 22:16:40 - [WARNING] Suspicious activity detected: ip_blocked
2025-03-13 22:27:58 - [INFO] file uploaded
2025-03-13 22:34:20 - [INFO] system check passed
2025-03-13 23:03:13 - [WARNING] Suspicious activity detected: sql_injection
2025-03-13 23:03:42 - [WARNING] Suspicious activity detected: intrusion
2025-03-13 23:16:11 - [WARNING] Suspicious activity detected: unauthorized_access
2025-03-13 23:21:04 - [WARNING] Suspicious activity detected: sql_injection
2025-03-13 23:30:47 - [INFO] config updated
2025-03-13 23:38:59 - [INFO] email sent
2025-03-13 23:41:23 - [INFO] backup completed
2025-03-13 23:43:04 - [WARNING] Suspicious activity detected: sql_injection
2025-03-13 23:44:37 - [WARNING] Suspicious activity detected: unauthorized_access
2025-03-13 23:47:56 - [WARNING] Suspicious activity detected: unauthorized_access
2025-03-13 23:50:52 - [WARNING] Suspicious activity detected: sql_injection
2025-03-13 23:51:45 - [INFO] backup completed