2025-03-20 00:01:17 - [INFO] email sent
2025-03-20 00:02:14 - [INFO] user login
2025-03-20 00:07:07 - [INFO] file downloaded
2025-03-20 00:12:05 - [INFO] config updated
2025-03-20 00:20:13 - [INFO] backup completed
2025-03-20 00:27:33 - [INFO] file downloaded
2025-03-20 00:30:22 - [INFO] system check passed
2025-03-20 00:31:45 - [INFO] system check passed
2025-03-20 00:51:01 - [INFO] backup completed
2025-03-20 01:09:07 - [INFO] backup completed
2025-03-20 01:10:31 - [INFO] system check passed
2025-03-20 01:20:43 - [INFO] user login
2025-03-20 01:21:36 - [INFO] user login
2025-03-20 01:27:25 - [INFO] user login
2025-03-20 01:30:07 - [INFO] backup completed
2025-03-20 01:36:17 - [INFO] config updated
2025-03-20 01:36:45 - [INFO] email sent
2025-03-20 01:39:50 - [INFO] file downloaded
2025-03-20 01:55:41 - [INFO] backup completed
2025-03-20 01:59:36 - [INFO] backup completed
2025-03-20 02:00:11 - [INFO] email sent
2025-03-20 02:04:47 - [INFO] file downloaded
2025-03-20 02:15:33 - [INFO] config updated
2025-03-20 02:17:01 - [INFO] system check passed
2025-03-20 02:26:50 - [INFO] file downloaded
2025-03-20 02:39:26 - [INFO] backup completed
2025-03-20 02:40:57 - [INFO] backup completed
2025-03-20 02:41:28 - [WARNING] Suspicious activity detected: ddos
2025-03-20 02:46:15 - [WARNING] Suspicious activity detected: ip_blocked
2025-03-20 02:48:03 - [INFO] file downloaded
2025-03-20 02:50:42 - [WARNING] Suspicious activity detected: ddos
2025-03-20 02:53:20 - [INFO] email sent
2025-03-20 02:55:09 - [INFO] file uploaded
2025-03-20 02:57:20 - [INFO] file downloaded
2025-03-20 03:17:17 - [INFO] backup completed
2025-03-20 03:19:44 - [INFO] email sent
2025-03-20 03:19:55 - [INFO] config updated
2025-03-20 03:20:38 - [WARNING] Suspicious activity detected: ip_blocked
2025-03-20 03:23:41 - [WARNING] Suspicious activity detected: ip_blocked
2025-03-20 03:37:45 - [INFO] system check passed
2025-03-20 03:39:17 - [INFO] system check passed
2025-03-20 03:41:15 - [INFO] email sent
2025-03-20 03:42:32 - [WARNING] Suspicious activity detected: port_scan
2025-03-20 03:53:24 - [INFO] backup completed
2025-03-20 04:00:49 - [WARNING] Suspicious activity detected: intrusion
2025-03-20 04:16:49 - [INFO] file uploaded
2025-03-20 04:24:42 - [WARNING] Suspicious activity detected: ddos
2025-03-20 04:27:21 - [WARNING] Suspicious activity detected: intrusion
2025-03-20 04:33:10 - [WARNING] Suspicious activity detected: port_scan
2025-03-20 04:46:42 - [INFO] user login
2025-03-20 04:49:31 - [INFO] email sent
2025-03-20 04:53:38 - [INFO] file downloaded
2025-03-20 04:55:55 - [INFO] backup completed
2025-03-20 05:00:26 - [INFO] backup completed
2025-03-20 05:15:39 - [INFO] config updated
2025-03-20 05:23:04 - [INFO] system check passed
2025-03-20 05:25:19 - [WARNING] Suspicious activity detected: sql_injection
2025-03-20 05:28:25 - [WARNING] Suspicious activity detected: sql_injection
2025-03-20 05:30:59 - [WARNING] Suspicious activity detected: malware
2025-03-20 05:42:16 - [INFO] backup completed
2025-03-20 05:49:09 - [INFO] config updated
2025-03-20 05:58:34 - [INFO] file uploaded
2025-03-20 06:05:23 - [INFO] user login
2025-03-20 06:24:28 - [INFO] backup completed
2025-03-20 06:24:36 - [WARNING] Suspicious activity detected: port_scan
2025-03-20 06:34:31 - [INFO] file uploaded
2025-03-20 06:42:06 - [INFO] file downloaded
2025-03-20 06:44:46 - [WARNING] Suspicious activity detected: port_scan
2025-03-20 06:46:08 - [INFO] system check passed
2025-03-20 06:54:48 - [INFO] backup completed
2025-03-20 07:01:32 - [INFO] config updated
2025-03-20 07:07:56 - [INFO] config updated
2025-03-20 07:18:13 - [WARNING] Suspicious activity detected: malware
2025-03-20 07:24:51 - [INFO] system check passed
2025-03-20 07:39:16 - [INFO] file uploaded
2025-03-20 08:00:36 - [INFO] config updated
2025-03-20 08:03:45 - [WARNING] Suspicious activity detected: intrusion
2025-03-20 08:03:49 - [INFO] file downloaded
2025-03-20 08:06:55 - [WARNING] Suspicious activity detected: ddos
2025-03-20 08:07:07 - [INFO] email sent
2025-03-20 08:12:44 - [INFO] file downloaded
2025-03-20 08:15:17 - [INFO] user login
2025-03-20 08:34:50 - [INFO] file uploaded
2025-03-20 08:42:12 - [INFO] system check passed
2025-03-20 08:43:22 - [WARNING] Suspicious activity detected: unauthorized_access
2025-03-20 08:45:42 - [WARNING] Suspicious activity detected: ddos
2025-03-20 08:51:50 - [INFO] backup completed
2025-03-20 08:58:32 - [INFO] file uploaded
2025-03-20 09:10:34 - [INFO] system check passed
2025-03-20 09:16:41 - [INFO] system check passed
2025-03-20 09:19:55 - [INFO] user login
2025-03-20 09:38:41 - [INFO] backup completed
2025-03-20 09:39:19 - [INFO] config updated
2025-03-20 09:48:53 - [INFO] email sent
2025-03-20 10:00:41 - [INFO] email sent
2025-03-20 10:06:38 - [INFO] backup completed
2025-03-20 10:14:32 - [INFO] config updated
2025-03-20 10:14:54 - [INFO] backup completed
2025-03-20 10:16:16 - [WARNING] Suspicious activity detected: intrusion
2025-03-20 10:39:01 - [WARNING] Suspicious activity detected: intrusion
2025-03-20 10:47:33 - [INFO] config updated
2025-03-20 10:57:24 - [WARNING] Suspicious activity detected: port_scan
2025-03-20 10:59:28 - [WARNING] Suspicious activity detected: malware
2025-03-20 11:01:07 - [INFO] backup completed
2025-03-20 11:07:40 - [INFO] file uploaded
2025-03-20 11:07:41 - [WARNING] Suspicious activity detected: sql_injection
2025-03-20 11:26:54 - [INFO] config updated
2025-03-20 11:35:09 - [INFO] file downloaded
2025-03-20 11:55:32 - [INFO] file uploaded
2025-03-20 12:14:13 - [INFO] file downloaded
2025-03-20 12:23:47 - [INFO] email sent
2025-03-20 12:38:03 - [INFO] file uploaded
2025-03-20 12:38:17 - [INFO] backup completed
2025-03-20 12:42:17 - [INFO] file downloaded
2025-03-20 12:43:03 - [INFO] system check passed
2025-03-20 12:44:19 - [INFO] email sent
2025-03-20 12:46:29 - [INFO] config updated
2025-03-20 12:49:11 - [INFO] file uploaded
2025-03-20 12:50:00 - [INFO] user login
2025-03-20 12:58:32 - [INFO] config updated
2025-03-20 13:05:28 - [INFO] file downloaded
2025-03-20 13:09:37 - [INFO] file uploaded
2025-03-20 13:12:06 - [INFO] system check passed
2025-03-20 13:19:42 - [INFO] system check passed
2025-03-20 13:43:12 - [INFO] user login
2025-03-20 13:48:44 - [INFO] file uploaded
2025-03-20 13:51:58 - [WARNING] Suspicious activity detected: ip_blocked
2025-03-20 13:54:41 - [WARNING] Suspicious activity detected: ddos
2025-03-20 13:54:55 - [INFO] email sent
2025-03-20 13:57:40 - [INFO] email sent
2025-03-20 14:01:39 - [WARNING] Suspicious activity detected: ip_blocked
2025-03-20 14:02:36 - [INFO] system check passed
2025-03-20 14:03:49 - [INFO] user login
2025-03-20 14:14:53 - [INFO] backup completed
2025-03-20 14:17:39 - [INFO] email sent
2025-03-20 14:22:39 - [INFO] email sent
2025-03-20 14:24:23 - [INFO] config updated
2025-03-20 14:26:16 - [INFO] config updated
2025-03-20 14:38:12 - [INFO] config updated
2025-03-20 14:38:59 - [WARNING] Suspicious activity detected: intrusion
2025-03-20 14:40:29 - [WARNING] Suspicious activity detected: brute_force
2025-03-20 14:48:46 - [INFO] system check passed
2025-03-20 14:54:51 - [WARNING] Suspicious activity detected: intrusion
2025-03-20 14:54:59 - [INFO] file uploaded
2025-03-20 14:58:48 - [INFO] email sent
2025-03-20 15:03:23 - [WARNING] Suspicious activity detected: brute_force
2025-03-20 15:03:35 - [INFO] user login
2025-03-20 15:18:43 - [INFO] backup completed
2025-03-20 15:34:05 - [INFO] backup completed
2025-03-20 15:34:33 - [INFO] file downloaded
2025-03-20 15:35:36 - [INFO] user login
2025-03-20 15:42:21 - [WARNING] Suspicious activity detected: sql_injection
2025-03-20 15:48:29 - [INFO] config updated
2025-03-20 15:52:21 - [INFO] system check passed
2025-03-20 15:53:57 - [INFO] email sent
2025-03-20 16:04:57 - [INFO] backup completed
2025-03-20 16:10:25 - [WARNING] Suspicious activity detected: sql_injection
2025-03-20 16:19:23 - [WARNING] Suspicious activity detected: malware
2025-03-20 16:39:50 - [WARNING] Suspicious activity detected: ddos
2025-03-20 16:42:58 - [INFO] backup completed
2025-03-20 16:46:04 - [INFO] config updated
2025-03-20 16:47:16 - [WARNING] Suspicious activity detected: ddos
2025-03-20 16:47:25 - [INFO] system check passed
2025-03-20 16:58:23 - [WARNING] Suspicious activity detected: intrusion
2025-03-20 17:09:22 - [INFO] user login
2025-03-20 17:20:36 - [INFO] file downloaded
2025-03-20 17:27:28 - [INFO] file uploaded
2025-03-20 17:29:40 - [INFO] system check passed
2025-03-20 17:32:37 - [WARNING] Suspicious activity detected: ddos
2025-03-20 17:38:03 - [INFO] user login
2025-03-20 18:02:05 - [INFO] user login
2025-03-20 18:22:56 - [INFO] backup completed
2025-03-20 18:26:40 - [INFO] file uploaded
2025-03-20 18:34:32 - [INFO] system check passed
2025-03-20 18:35:38 - [INFO] email sent
2025-03-20 19:01:50 - [INFO] backup completed
2025-03-20 19:03:19 - [INFO] email sent
2025-03-20 19:04:23 - [INFO] user login
2025-03-20 19:13:10 - [INFO] config updated
2025-03-20 19:30:20 - [INFO] file uploaded
2025-03-20 19:32:54 - [INFO] email sent
2025-03-20 19:33:03 - [WARNING] Suspicious activity detected: malware
2025-03-20 19:36:18 - [INFO] email sent
2025-03-20 19:41:18 - [WARNING] Suspicious activity detected: ddos
2025-03-20 19:53:08 - [INFO] file uploaded
2025-03-20 19:53:27 - [WARNING] Suspicious activity detected: port_scan
2025-03-20 19:55:59 - [INFO] system check passed
2025-03-20 20:01:55 - [INFO] email sent
2025-03-20 20:06:50 - [WARNING] Suspicious activity detected: port_scan
2025-03-20 20:10:42 - [INFO] backup completed
2025-03-20 20:19:52 - [WARNING] Suspicious activity detected: intrusion
2025-03-20 20:23:21 - [INFO] email sent
2025-03-20 20:24:07 - [INFO] file downloaded
2025-03-20 20:24:11 - [INFO] config updated
2025-03-20 20:30:30 - [INFO] file downloaded
2025-03-20 20:30:31 - [INFO] config updated
2025-03-20 20:46:01 - [WARNING] Suspicious activity detected: unauthorized_access
2025-03-20 20:54:21 - [INFO] email sent
2025-03-20 20:58:07 - [INFO] backup completed
2025-03-20 21:00:16 - [INFO] system check passed
2025-03-20 21:01:28 - [INFO] file downloaded
2025-03-20 21:03:40 - [INFO] email sent
2025-03-20 21:04:54 - [INFO] file downloaded
2025-03-20 21:10:27 - [INFO] backup completed
2025-03-20 21:10:27 - [INFO] system check passed
2025-03-20 21:10:45 - [INFO] backup completed
2025-03-20 21:27:11 - [INFO] email sent
2025-03-20 21:30:28 - [INFO] system check passed
2025-03-20 21:36:48 - [INFO] backup completed
2025-03-20 21:37:44 - [INFO] file downloaded
2025-03-20 21:40:26 - [INFO] system check passed
2025-03-20 21:51:34 - [INFO] user login
2025-03-20 21:53:36 - [INFO] config updated
2025-03-20 22:00:21 - [INFO] file uploaded
2025-03-20 22:01:32 - [WARNING] Suspicious activity detected: brute_force
2025-03-20 22:14:00 - [INFO] backup completed
2025-03-20 22:30:11 - [INFO] file downloaded
2025-03-20 22:30:28 - [INFO] backup completed
2025-03-20 22:40:04 - [INFO] system check passed
2025-03-20 22:41:12 - [WARNING] Suspicious activity detected: unauthorized_access
2025-03-20 22:48:30 - [INFO] user login
2025-03-20 22:56:36 - [WARNING] Suspicious activity detected: sql_injection
2025-03-20 23:09:15 - [INFO] file uploaded
2025-03-20 23:14:12 - [WARNING] Suspicious activity detected: ddos
2025-03-20 23:19:18 - [INFO] system check passed
2025-03-20 23:21:03 - [INFO] config updated
2025-03-20 23:23:26 - [INFO] email sent
2025-03-20 23:23:47 - [INFO] file downloaded
2025-03-20 23:24:06 - [INFO] user login
2025-03-20 23:31:02 - [WARNING] Suspicious activity detected: intrusion
2025-03-20 23:38:01 - [WARNING] Suspicious activity detected: port_scan
2025-03-20 23:50:33 - [INFO] backup completed