2025-03-25 00:06:21 - [WARNING] Suspicious activity detected: port_scan
2025-03-25 00:17:23 - [INFO] config updated
2025-03-25 00:21:59 - [WARNING] Suspicious activity detected: ddos
2025-03-25 00:29:04 - [WARNING] Suspicious activity detected: brute_force
2025-03-25 00:44:15 - [WARNING] Suspicious activity detected: brute_force
2025-03-25 00:53:49 - [WARNING] Suspicious activity detected: sql_injection
2025-03-25 00:58:33 - [WARNING] Suspicious activity detected: brute_force
2025-03-25 01:00:35 - [WARNING] Suspicious activity detected: brute_force
2025-03-25 01:08:33 - [INFO] config updated
2025-03-25 01:09:44 - [WARNING] Suspicious activity detected: ddos
2025-03-25 01:11:21 - [INFO] file downloaded
2025-03-25 01:35:40 - [WARNING] Suspicious activity detected: brute_force
2025-03-25 01:39:23 - [WARNING] Suspicious activity detected: intrusion
2025-03-25 01:40:50 - [INFO] user login
2025-03-25 01:40:56 - [INFO] backup completed
2025-03-25 01:43:34 - [WARNING] Suspicious activity detected: ddos
2025-03-25 01:45:44 - [WARNING] Suspicious activity detected: unauthorized_access
2025-03-25 01:48:25 - [INFO] user login
2025-03-25 01:57:20 - [INFO] config updated
2025-03-25 01:58:48 - [WARNING] Suspicious activity detected: ddos
2025-03-25 02:02:24 - [INFO] user login
2025-03-25 02:27:29 - [WARNING] Suspicious activity detected: ip_blocked
2025-03-25 02:33:49 - [INFO] file uploaded
2025-03-25 02:36:57 - [WARNING] Suspicious activity detected: intrusion
2025-03-25 02:45:25 - [INFO] config updated
2025-03-25 03:12:34 - [INFO] config updated
2025-03-25 03:14:02 - [INFO] user login
2025-03-25 03:14:39 - [INFO] user login
2025-03-25 03:23:17 - [WARNING] Suspicious activity detected: port_scan
2025-03-25 03:29:16 - [INFO] config updated
2025-03-25 03:30:08 - [INFO] config updated
2025-03-25 03:37:25 - [INFO] config updated
2025-03-25 03:40:10 - [INFO] email sent
2025-03-25 03:44:44 - [INFO] file downloaded
2025-03-25 03:49:24 - [INFO] file uploaded
2025-03-25 03:54:04 - [INFO] system check passed
2025-03-25 04:02:43 - [WARNING] Suspicious activity detected: sql_injection
2025-03-25 04:17:45 - [WARNING] Suspicious activity detected: sql_injection
2025-03-25 04:18:04 - [INFO] system check passed
2025-03-25 04:21:32 - [INFO] email sent
2025-03-25 04:26:01 - [INFO] file downloaded
2025-03-25 04:28:06 - [INFO] file downloaded
2025-03-25 04:29:30 - [WARNING] Suspicious activity detected: port_scan
2025-03-25 04:49:13 - [WARNING] Suspicious activity detected: unauthorized_access
2025-03-25 04:52:26 - [WARNING] Suspicious activity detected: ip_blocked
2025-03-25 04:52:46 - [INFO] file uploaded
2025-03-25 04:56:10 - [INFO] file downloaded
2025-03-25 04:56:28 - [WARNING] Suspicious activity detected: intrusion
2025-03-25 04:58:22 - [WARNING] Suspicious activity detected: port_scan
2025-03-25 05:12:00 - [INFO] file downloaded
2025-03-25 05:12:17 - [INFO] user login
2025-03-25 05:15:35 - [WARNING] Suspicious activity detected: unauthorized_access
2025-03-25 05:21:09 - [INFO] user login
2025-03-25 05:29:38 - [WARNING] Suspicious activity detected: port_scan
2025-03-25 05:35:58 - [WARNING] Suspicious activity detected: unauthorized_access
2025-03-25 05:36:40 - [WARNING] Suspicious activity detected: brute_force
2025-03-25 05:37:51 - [INFO] system check passed
2025-03-25 05:46:04 - [INFO] config updated
2025-03-25 05:47:15 - [INFO] backup completed
2025-03-25 05:59:32 - [INFO] backup completed
2025-03-25 06:06:50 - [INFO] system check passed
2025-03-25 06:13:17 - [INFO] config updated
2025-03-25 06:15:56 - [INFO] config updated
2025-03-25 06:21:06 - [INFO] backup completed
2025-03-25 06:24:03 - [INFO] backup completed
2025-03-25 06:30:02 - [INFO] email sent
2025-03-25 06:35:37 - [WARNING] Suspicious activity detected: intrusion
2025-03-25 06:40:19 - [INFO] backup completed
2025-03-25 06:42:24 - [INFO] system check passed
2025-03-25 06:52:53 - [WARNING] Suspicious activity detected: brute_force
2025-03-25 06:55:45 - [WARNING] Suspicious activity detected: intrusion
2025-03-25 07:17:41 - [WARNING] Suspicious activity detected: intrusion
2025-03-25 07:22:54 - [INFO] backup completed
2025-03-25 07:23:23 - [WARNING] Suspicious activity detected: ip_blocked
2025-03-25 07:43:26 - [INFO] system check passed
2025-03-25 07:53:18 - [INFO] file downloaded
2025-03-25 08:21:54 - [WARNING] Suspicious activity detected: malware
2025-03-25 08:25:41 - [WARNING] Suspicious activity detected: ddos
2025-03-25 08:25:41 - [INFO] file downloaded
2025-03-25 08:30:16 - [INFO] system check passed
2025-03-25 08:34:39 - [INFO] user login
2025-03-25 08:43:40 - [INFO] config updated
2025-03-25 09:03:08 - [INFO] config updated
2025-03-25 09:17:31 - [WARNING] Suspicious activity detected: malware
2025-03-25 09:28:39 - [INFO] system check passed
2025-03-25 09:29:00 - [INFO] file downloaded
2025-03-25 09:29:24 - [WARNING] Suspicious activity detected: ddos
2025-03-25 09:33:50 - [INFO] email sent
2025-03-25 09:34:30 - [WARNING] Suspicious activity detected: intrusion
2025-03-25 09:37:10 - [WARNING] Suspicious activity detected: unauthorized_access
2025-03-25 09:38:08 - [INFO] system check passed
2025-03-25 09:39:41 - [WARNING] Suspicious activity detected: malware
2025-03-25 09:40:49 - [WARNING] Suspicious activity detected: port_scan
2025-03-25 09:44:17 - [WARNING] Suspicious activity detected: unauthorized_access
2025-03-25 09:55:13 - [WARNING] Suspicious activity detected: ip_blocked
2025-03-25 09:55:32 - [INFO] email sent
2025-03-25 10:12:42 - [INFO] user login
2025-03-25 10:18:41 - [INFO] email sent
2025-03-25 10:22:52 - [WARNING] Suspicious activity detected: ip_blocked
2025-03-25 10:26:11 - [WARNING] Suspicious activity detected: unauthorized_access
2025-03-25 10:28:08 - [WARNING] Suspicious activity detected: brute_force
2025-03-25 10:33:43 - [INFO] user login
2025-03-25 10:34:49 - [WARNING] Suspicious activity detected: ddos
2025-03-25 10:35:47 - [WARNING] Suspicious activity detected: malware
2025-03-25 10:39:23 - [INFO] system check passed
2025-03-25 10:44:54 - [INFO] email sent
2025-03-25 10:50:33 - [WARNING] Suspicious activity detected: malware
2025-03-25 10:53:31 - [INFO] user login
2025-03-25 10:54:15 - [INFO] file uploaded
2025-03-25 11:01:46 - [INFO] email sent
2025-03-25 11:02:16 - [INFO] config updated
2025-03-25 11:02:21 - [INFO] config updated
2025-03-25 11:08:37 - [INFO] file downloaded
2025-03-25 11:13:01 - [WARNING] Suspicious activity detected: sql_injection
2025-03-25 11:20:58 - [WARNING] Suspicious activity detected: intrusion
2025-03-25 11:22:25 - [INFO] file uploaded
2025-03-25 11:26:35 - [INFO] backup completed
2025-03-25 11:29:51 - [WARNING] Suspicious activity detected: brute_force
2025-03-25 11:36:55 - [INFO] backup completed
2025-03-25 11:37:34 - [WARNING] Suspicious activity detected: brute_force
2025-03-25 11:38:05 - [WARNING] Suspicious activity detected: brute_force
2025-03-25 11:44:33 - [INFO] user login
2025-03-25 11:45:23 - [INFO] email sent
2025-03-25 11:46:22 - [INFO] file downloaded
2025-03-25 11:46:46 - [INFO] user login
2025-03-25 11:47:34 - [WARNING] Suspicious activity detected: brute_force
2025-03-25 11:51:52 - [INFO] file uploaded
2025-03-25 11:54:44 - [WARNING] Suspicious activity detected: port_scan
2025-03-25 12:16:52 - [WARNING] Suspicious activity detected: port_scan
2025-03-25 12:17:32 - [INFO] email sent
2025-03-25 12:41:25 - [WARNING] Suspicious activity detected: sql_injection
2025-03-25 12:41:32 - [WARNING] Suspicious activity detected: ip_blocked
2025-03-25 13:00:11 - [INFO] config updated
2025-03-25 13:05:42 - [WARNING] Suspicious activity detected: brute_force
2025-03-25 13:12:08 - [INFO] email sent
2025-03-25 13:35:49 - [INFO] config updated
2025-03-25 13:52:38 - [WARNING] Suspicious activity detected: brute_force
2025-03-25 14:15:13 - [INFO] backup completed
2025-03-25 14:20:43 - [WARNING] Suspicious activity detected: sql_injection
2025-03-25 14:24:19 - [INFO] config updated
2025-03-25 14:26:16 - [WARNING] Suspicious activity detected: ip_blocked
2025-03-25 14:27:36 - [INFO] file downloaded
2025-03-25 14:34:09 - [WARNING] Suspicious activity detected: unauthorized_access
2025-03-25 14:46:05 - [INFO] user login
2025-03-25 14:46:08 - [WARNING] Suspicious activity detected: sql_injection
2025-03-25 14:53:36 - [INFO] config updated
2025-03-25 14:54:09 - [WARNING] Suspicious activity detected: ddos
2025-03-25 14:54:55 - [INFO] file downloaded
2025-03-25 15:23:54 - [INFO] config updated
2025-03-25 15:24:22 - [INFO] email sent
2025-03-25 15:24:44 - [INFO] system check passed
2025-03-25 15:33:15 - [INFO] email sent
2025-03-25 15:42:11 - [WARNING] Suspicious activity detected: brute_force
2025-03-25 15:43:02 - [WARNING] Suspicious activity detected: brute_force
2025-03-25 16:00:52 - [WARNING] Suspicious activity detected: malware
2025-03-25 16:00:55 - [INFO] user login
2025-03-25 16:05:14 - [INFO] user login
2025-03-25 16:10:42 - [INFO] email sent
2025-03-25 16:23:37 - [INFO] system check passed
2025-03-25 16:26:05 - [INFO] email sent
2025-03-25 16:31:02 - [INFO] backup completed
2025-03-25 16:42:30 - [INFO] backup completed
2025-03-25 16:47:30 - [WARNING] Suspicious activity detected: sql_injection
2025-03-25 16:58:38 - [INFO] file uploaded
2025-03-25 17:04:57 - [WARNING] Suspicious activity detected: unauthorized_access
2025-03-25 17:05:51 - [WARNING] Suspicious activity detected: port_scan
2025-03-25 17:16:56 - [INFO] file uploaded
2025-03-25 17:18:12 - [INFO] user login
2025-03-25 17:20:24 - [INFO] system check passed
2025-03-25 17:23:10 - [INFO] email sent
2025-03-25 17:28:08 - [WARNING] Suspicious activity detected: brute_force
2025-03-25 17:37:13 - [INFO] config updated
2025-03-25 17:39:07 - [WARNING] Suspicious activity detected: intrusion
2025-03-25 17:47:30 - [WARNING] Suspicious activity detected: malware
2025-03-25 17:48:59 - [INFO] file downloaded
2025-03-25 18:06:43 - [WARNING] Suspicious activity detected: intrusion
2025-03-25 18:16:02 - [WARNING] Suspicious activity detected: brute_force
2025-03-25 18:17:10 - [INFO] file uploaded
2025-03-25 18:26:05 - [WARNING] Suspicious activity detected: malware
2025-03-25 18:30:56 - [INFO] file downloaded
2025-03-25 18:33:06 - [INFO] config updated
2025-03-25 18:33:21 - [INFO] system check passed
2025-03-25 18:35:02 - [INFO] user login
2025-03-25 18:35:03 - [WARNING] Suspicious activity detected: intrusion
2025-03-25 18:44:02 - [WARNING] Suspicious activity detected: unauthorized_access
2025-03-25 18:47:10 - [WARNING] Suspicious activity detected: sql_injection
2025-03-25 18:55:11 - [WARNING] Suspicious activity detected: unauthorized_access
2025-03-25 18:58:19 - [INFO] user login
2025-03-25 19:06:54 - [WARNING] Suspicious activity detected: brute_force
2025-03-25 19:09:49 - [WARNING] Suspicious activity detected: ddos
2025-03-25 19:26:40 - [INFO] file downloaded
2025-03-25 19:36:49 - [INFO] email sent
2025-03-25 19:39:48 - [WARNING] Suspicious activity detected: unauthorized_access
2025-03-25 19:58:21 - [INFO] config updated
2025-03-25 20:10:32 - [WARNING] Suspicious activity detected: malware
2025-03-25 20:26:32 - [WARNING] Suspicious activity detected: brute_force
2025-03-25 20:28:57 - [WARNING] Suspicious activity detected: sql_injection
2025-03-25 20:33:52 - [WARNING] Suspicious activity detected: port_scan
2025-03-25 20:39:22 - [INFO] file downloaded
2025-03-25 20:40:32 - [INFO] file downloaded
2025-03-25 20:41:17 - [WARNING] Suspicious activity detected: ip_blocked
2025-03-25 20:42:10 - [WARNING] Suspicious activity detected: brute_force
2025-03-25 20:47:05 - [INFO] config updated
2025-03-25 20:54:31 - [INFO] email sent
2025-03-25 21:12:01 - [WARNING] Suspicious activity detected: sql_injection
2025-03-25 21:14:14 - [INFO] file downloaded
2025-03-25 21:31:02 - [INFO] backup completed
2025-03-25 21:35:26 - [WARNING] Suspicious activity detected: ddos
2025-03-25 21:39:29 - [INFO] backup completed
2025-03-25 21:54:52 - [WARNING] Suspicious activity detected: malware
2025-03-25 21:55:07 - [WARNING] Suspicious activity detected: brute_force
2025-03-25 21:58:39 - [WARNING] Suspicious activity detected: sql_injection
2025-03-25 22:00:43 - [WARNING] Suspicious activity detected: port_scan
2025-03-25 22:03:09 - [INFO] file uploaded
2025-03-25 22:06:58 - [WARNING] Suspicious activity detected: ip_blocked
2025-03-25 22:11:12 - [INFO] file uploaded
2025-03-25 22:29:17 - [INFO] backup completed
2025-03-25 22:31:57 - [WARNING] Suspicious activity detected: sql_injection
2025-03-25 22:38:19 - [WARNING] Suspicious activity detected: sql_injection
2025-03-25 22:44:15 - [INFO] file downloaded
2025-03-25 22:44:24 - [INFO] email sent
2025-03-25 22:44:35 - [WARNING] Suspicious activity detected: malware
2025-03-25 22:50:29 - [INFO] file downloaded
2025-03-25 23:11:18 - [INFO] file downloaded
2025-03-25 23:16:20 - [INFO] system check passed
2025-03-25 23:23:25 - [INFO] file downloaded
2025-03-25 23:24:13 - [INFO] backup completed
2025-03-25 23:24:13 - [INFO] file uploaded
2025-03-25 23:37:38 - [WARNING] Suspicious activity detected: brute_force
2025-03-25 23:41:54 - [WARNING] Suspicious activity detected: sql_injection
2025-03-25 23:50:42 - [INFO] file downloaded