2025-03-29 00:00:07 - [WARNING] Suspicious activity detected: port_scan
2025-03-29 00:11:25 - [WARNING] Suspicious activity detected: malware
2025-03-29 00:27:46 - [INFO] file downloaded
2025-03-29 00:46:18 - [WARNING] Suspicious activity detected: sql_injection
2025-03-29 00:46:29 - [INFO] system check passed
2025-03-29 00:51:02 - [INFO] backup completed
2025-03-29 00:54:28 - [WARNING] Suspicious activity detected: unauthorized_access
2025-03-29 01:10:39 - [INFO] config updated
2025-03-29 01:13:03 - [WARNING] Suspicious activity detected: sql_injection
2025-03-29 01:18:19 - [INFO] system check passed
2025-03-29 01:19:30 - [INFO] config updated
2025-03-29 01:23:23 - [INFO] file downloaded
2025-03-29 01:25:57 - [INFO] system check passed
2025-03-29 01:28:07 - [WARNING] Suspicious activity detected: port_scan
2025-03-29 01:31:52 - [INFO] user login
2025-03-29 01:48:50 - [INFO] file downloaded
2025-03-29 02:00:26 - [INFO] file downloaded
2025-03-29 02:04:13 - [WARNING] Suspicious activity detected: ip_blocked
2025-03-29 02:06:57 - [INFO] config updated
2025-03-29 02:18:15 - [WARNING] Suspicious activity detected: intrusion
2025-03-29 02:26:04 - [INFO] system check passed
2025-03-29 02:31:49 - [INFO] email sent
2025-03-29 02:50:07 - [WARNING] Suspicious activity detected: port_scan
2025-03-29 02:51:13 - [INFO] user login
2025-03-29 02:56:52 - [INFO] backup completed
2025-03-29 03:04:09 - [WARNING] Suspicious activity detected: intrusion
2025-03-29 03:07:34 - [INFO] system check passed
2025-03-29 03:07:38 - [WARNING] Suspicious activity detected: ip_blocked
2025-03-29 03:18:23 - [WARNING] Suspicious activity detected: unauthorized_access
2025-03-29 03:38:24 - [INFO] email sent
2025-03-29 03:40:11 - [INFO] system check passed
2025-03-29 03:40:33 - [INFO] backup completed
2025-03-29 03:41:41 - [WARNING] Suspicious activity detected: ddos
2025-03-29 03:46:17 - [INFO] system check passed
2025-03-29 03:52:13 - [INFO] backup completed
2025-03-29 03:53:23 - [INFO] user login
2025-03-29 03:59:59 - [INFO] config updated
2025-03-29 04:07:56 - [INFO] file downloaded
2025-03-29 04:13:25 - [WARNING] Suspicious activity detected: sql_injection
2025-03-29 04:13:29 - [INFO] email sent
2025-03-29 04:15:37 - [WARNING] Suspicious activity detected: brute_force
2025-03-29 04:44:23 - [WARNING] Suspicious activity detected: ddos
2025-03-29 04:46:23 - [WARNING] Suspicious activity detected: ddos
2025-03-29 04:46:31 - [INFO] backup completed
2025-03-29 04:50:09 - [INFO] user login
2025-03-29 04:59:41 - [INFO] email sent
2025-03-29 05:03:23 - [INFO] config updated
2025-03-29 05:08:03 - [INFO] file downloaded
2025-03-29 05:22:37 - [INFO] file uploaded
2025-03-29 05:23:02 - [INFO] user login
2025-03-29 05:24:21 - [INFO] file uploaded
2025-03-29 05:26:06 - [INFO] email sent
2025-03-29 05:47:31 - [INFO] config updated
2025-03-29 06:01:01 - [INFO] user login
2025-03-29 06:04:18 - [WARNING] Suspicious activity detected: unauthorized_access
2025-03-29 06:25:24 - [INFO] email sent
2025-03-29 06:31:07 - [WARNING] Suspicious activity detected: ip_blocked
2025-03-29 06:31:29 - [INFO] backup completed
2025-03-29 06:48:35 - [WARNING] Suspicious activity detected: port_scan
2025-03-29 07:23:59 - [INFO] file uploaded
2025-03-29 07:28:38 - [INFO] backup completed
2025-03-29 07:41:40 - [INFO] config updated
2025-03-29 07:41:45 - [WARNING] Suspicious activity detected: sql_injection
2025-03-29 08:06:09 - [INFO] email sent
2025-03-29 08:10:17 - [INFO] file downloaded
2025-03-29 08:17:35 - [INFO] config updated
2025-03-29 08:43:50 - [INFO] file uploaded
2025-03-29 08:49:32 - [INFO] system check passed
2025-03-29 08:54:04 - [WARNING] Suspicious activity detected: ddos
2025-03-29 08:57:11 - [INFO] file uploaded
2025-03-29 09:05:37 - [INFO] config updated
2025-03-29 09:09:32 - [INFO] config updated
2025-03-29 09:13:05 - [INFO] backup completed
2025-03-29 09:14:13 - [WARNING] Suspicious activity detected: port_scan
2025-03-29 09:17:03 - [INFO] user login
2025-03-29 09:23:44 - [INFO] file uploaded
2025-03-29 09:39:39 - [WARNING] Suspicious activity detected: unauthorized_access
2025-03-29 09:40:21 - [WARNING] Suspicious activity detected: intrusion
2025-03-29 09:43:19 - [WARNING] Suspicious activity detected: unauthorized_access
2025-03-29 09:53:19 - [WARNING] Suspicious activity detected: sql_injection
2025-03-29 09:58:09 - [INFO] backup completed
2025-03-29 10:00:13 - [INFO] file downloaded
2025-03-29 10:02:17 - [INFO] file downloaded
2025-03-29 10:03:42 - [WARNING] Suspicious activity detected: ip_blocked
2025-03-29 10:17:40 - [INFO] backup completed
2025-03-29 10:54:53 - [INFO] user login
2025-03-29 11:21:42 - [WARNING] Suspicious activity detected: sql_injection
2025-03-29 11:31:34 - [WARNING] Suspicious activity detected: intrusion
2025-03-29 11:55:01 - [INFO] system check passed
2025-03-29 12:04:03 - [INFO] file uploaded
2025-03-29 12:16:37 - [INFO] file downloaded
2025-03-29 12:39:53 - [INFO] config updated
2025-03-29 12:47:55 - [WARNING] Suspicious activity detected: intrusion
2025-03-29 12:50:47 - [INFO] email sent
2025-03-29 12:58:40 - [INFO] user login
2025-03-29 13:01:21 - [INFO] system check passed
2025-03-29 13:02:17 - [INFO] backup completed
2025-03-29 13:03:47 - [WARNING] Suspicious activity detected: malware
2025-03-29 13:09:15 - [INFO] file uploaded
2025-03-29 13:22:14 - [INFO] user login
2025-03-29 13:28:14 - [INFO] email sent
2025-03-29 13:28:33 - [INFO] config updated
2025-03-29 13:29:59 - [INFO] user login
2025-03-29 13:49:52 - [INFO] backup completed
2025-03-29 13:57:04 - [WARNING] Suspicious activity detected: unauthorized_access
2025-03-29 14:04:51 - [WARNING] Suspicious activity detected: malware
2025-03-29 14:10:10 - [INFO] file uploaded
2025-03-29 14:10:44 - [WARNING] Suspicious activity detected: intrusion
2025-03-29 14:26:03 - [INFO] system check passed
2025-03-29 14:29:18 - [INFO] system check passed
2025-03-29 14:38:29 - [INFO] config updated
2025-03-29 14:41:14 - [INFO] file downloaded
2025-03-29 14:41:35 - [INFO] email sent
2025-03-29 14:44:08 - [INFO] file downloaded
2025-03-29 14:57:15 - [INFO] config updated
2025-03-29 15:01:42 - [WARNING] Suspicious activity detected: sql_injection
2025-03-29 15:12:06 - [INFO] backup completed
2025-03-29 15:20:54 - [INFO] file downloaded
2025-03-29 15:30:18 - [INFO] config updated
2025-03-29 15:33:16 - [INFO] config updated
2025-03-29 15:59:18 - [INFO] file uploaded
2025-03-29 16:03:07 - [INFO] user login
2025-03-29 16:06:20 - [INFO] email sent
2025-03-29 16:28:13 - [INFO] system check passed
2025-03-29 16:34:46 - [WARNING] Suspicious activity detected: malware
2025-03-29 16:48:07 - [WARNING] Suspicious activity detected: ddos
2025-03-29 16:51:01 - [INFO] email sent
2025-03-29 17:22:27 - [INFO] file downloaded
2025-03-29 17:29:16 - [INFO] system check passed
2025-03-29 17:33:16 - [INFO] file downloaded
2025-03-29 17:46:25 - [INFO] user login
2025-03-29 18:09:13 - [INFO] system check passed
2025-03-29 18:12:46 - [INFO] email sent
2025-03-29 18:15:10 - [INFO] user login
2025-03-29 18:15:12 - [INFO] config updated
2025-03-29 18:24:31 - [INFO] email sent
2025-03-29 18:25:02 - [INFO] email sent
2025-03-29 18:26:32 - [WARNING] Suspicious activity detected: brute_force
2025-03-29 18:29:25 - [WARNING] Suspicious activity detected: intrusion
2025-03-29 18:31:02 - [WARNING] Suspicious activity detected: intrusion
2025-03-29 18:36:30 - [INFO] user login
2025-03-29 18:50:11 - [INFO] system check passed
2025-03-29 19:25:35 - [INFO] file downloaded
2025-03-29 19:37:47 - [WARNING] Suspicious activity detected: intrusion
2025-03-29 19:54:27 - [INFO] config updated
2025-03-29 19:55:18 - [WARNING] Suspicious activity detected: intrusion
2025-03-29 19:55:21 - [INFO] system check passed
2025-03-29 20:03:53 - [INFO] file downloaded
2025-03-29 20:11:08 - [WARNING] Suspicious activity detected: brute_force
2025-03-29 20:15:40 - [INFO] file uploaded
2025-03-29 20:19:08 - [INFO] email sent
2025-03-29 20:22:11 - [INFO] config updated
2025-03-29 20:22:21 - [INFO] config updated
2025-03-29 20:23:59 - [WARNING] Suspicious activity detected: unauthorized_access
2025-03-29 20:30:32 - [WARNING] Suspicious activity detected: brute_force
2025-03-29 20:35:22 - [INFO] email sent
2025-03-29 20:40:23 - [INFO] file downloaded
2025-03-29 20:41:23 - [INFO] file downloaded
2025-03-29 20:58:40 - [INFO] file uploaded
2025-03-29 21:01:22 - [INFO] config updated
2025-03-29 21:02:59 - [INFO] email sent
2025-03-29 21:10:02 - [INFO] system check passed
2025-03-29 21:22:08 - [INFO] file uploaded
2025-03-29 21:24:04 - [INFO] config updated
2025-03-29 21:37:27 - [WARNING] Suspicious activity detected: malware
2025-03-29 21:46:49 - [INFO] file downloaded
2025-03-29 22:03:53 - [INFO] config updated
2025-03-29 22:11:22 - [WARNING] Suspicious activity detected: unauthorized_access
2025-03-29 22:24:47 - [WARNING] Suspicious activity detected: ddos
2025-03-29 22:25:12 - [WARNING] Suspicious activity detected: ddos
2025-03-29 22:29:40 - [INFO] user login
2025-03-29 22:41:30 - [INFO] config updated
2025-03-29 22:53:29 - [INFO] file downloaded
2025-03-29 23:02:19 - [INFO] user login
2025-03-29 23:03:30 - [INFO] email sent
2025-03-29 23:08:57 - [WARNING] Suspicious activity detected: intrusion
2025-03-29 23:16:09 - [WARNING] Suspicious activity detected: brute_force
2025-03-29 23:17:13 - [INFO] email sent
2025-03-29 23:36:21 - [INFO] email sent
2025-03-29 23:47:23 - [INFO] file downloaded
2025-03-29 23:53:19 - [WARNING] Suspicious activity detected: ip_blocked
2025-03-29 23:53:39 - [INFO] file uploaded