2025-05-02 00:45:39 - [WARNING] Suspicious activity detected: unauthorized_access
2025-05-02 00:48:07 - [INFO] email sent
2025-05-02 00:48:39 - [INFO] file uploaded
2025-05-02 00:48:44 - [INFO] email sent
2025-05-02 00:52:50 - [INFO] system check passed
2025-05-02 01:05:29 - [INFO] file uploaded
2025-05-02 01:06:14 - [WARNING] Suspicious activity detected: port_scan
2025-05-02 01:34:02 - [INFO] email sent
2025-05-02 01:44:00 - [INFO] user login
2025-05-02 01:44:01 - [INFO] email sent
2025-05-02 02:06:55 - [INFO] email sent
2025-05-02 02:14:38 - [INFO] file uploaded
2025-05-02 02:17:22 - [INFO] file downloaded
2025-05-02 02:20:22 - [WARNING] Suspicious activity detected: intrusion
2025-05-02 02:23:39 - [INFO] config updated
2025-05-02 02:41:34 - [INFO] file uploaded
2025-05-02 02:45:47 - [INFO] system check passed
2025-05-02 02:46:50 - [INFO] system check passed
2025-05-02 02:58:07 - [WARNING] Suspicious activity detected: ip_blocked
2025-05-02 02:58:46 - [INFO] file uploaded
2025-05-02 03:04:55 - [INFO] system check passed
2025-05-02 03:31:05 - [INFO] email sent
2025-05-02 03:43:15 - [WARNING] Suspicious activity detected: port_scan
2025-05-02 03:48:27 - [INFO] system check passed
2025-05-02 03:48:49 - [INFO] user login
2025-05-02 03:52:55 - [INFO] email sent
2025-05-02 04:01:59 - [INFO] config updated
2025-05-02 04:08:25 - [INFO] user login
2025-05-02 04:16:23 - [WARNING] Suspicious activity detected: ddos
2025-05-02 04:16:36 - [WARNING] Suspicious activity detected: intrusion
2025-05-02 04:17:07 - [INFO] backup completed
2025-05-02 04:18:52 - [INFO] email sent
2025-05-02 04:24:10 - [INFO] system check passed
2025-05-02 04:32:55 - [INFO] file uploaded
2025-05-02 04:37:17 - [INFO] file downloaded
2025-05-02 04:39:36 - [INFO] system check passed
2025-05-02 04:42:28 - [INFO] file downloaded
2025-05-02 04:52:15 - [INFO] system check passed
2025-05-02 05:03:02 - [INFO] email sent
2025-05-02 05:14:42 - [INFO] email sent
2025-05-02 05:38:27 - [INFO] file uploaded
2025-05-02 05:39:14 - [INFO] email sent
2025-05-02 05:40:45 - [WARNING] Suspicious activity detected: port_scan
2025-05-02 05:50:51 - [WARNING] Suspicious activity detected: sql_injection
2025-05-02 05:54:08 - [INFO] file uploaded
2025-05-02 06:10:50 - [INFO] file uploaded
2025-05-02 06:12:31 - [INFO] config updated
2025-05-02 06:20:24 - [INFO] email sent
2025-05-02 06:23:01 - [WARNING] Suspicious activity detected: ddos
2025-05-02 06:26:26 - [WARNING] Suspicious activity detected: malware
2025-05-02 06:34:50 - [INFO] file downloaded
2025-05-02 06:51:16 - [INFO] system check passed
2025-05-02 07:05:24 - [INFO] system check passed
2025-05-02 07:23:25 - [INFO] file uploaded
2025-05-02 07:31:34 - [INFO] file downloaded
2025-05-02 07:31:54 - [INFO] user login
2025-05-02 07:39:40 - [INFO] system check passed
2025-05-02 07:50:57 - [INFO] file uploaded
2025-05-02 08:05:04 - [INFO] file uploaded
2025-05-02 08:26:52 - [INFO] file downloaded
2025-05-02 08:30:10 - [INFO] email sent
2025-05-02 08:31:02 - [INFO] user login
2025-05-02 08:37:28 - [WARNING] Suspicious activity detected: ddos
2025-05-02 08:49:47 - [INFO] system check passed
2025-05-02 09:05:09 - [INFO] email sent
2025-05-02 09:09:50 - [INFO] system check passed
2025-05-02 09:10:37 - [INFO] config updated
2025-05-02 09:17:19 - [INFO] file uploaded
2025-05-02 09:18:17 - [INFO] config updated
2025-05-02 09:37:42 - [INFO] file uploaded
2025-05-02 09:52:34 - [WARNING] Suspicious activity detected: intrusion
2025-05-02 10:01:07 - [INFO] file uploaded
2025-05-02 10:13:07 - [INFO] file uploaded
2025-05-02 10:18:24 - [INFO] file downloaded
2025-05-02 10:28:07 - [INFO] system check passed
2025-05-02 10:28:35 - [INFO] user login
2025-05-02 10:48:35 - [INFO] file downloaded
2025-05-02 10:54:23 - [INFO] file downloaded
2025-05-02 11:10:08 - [INFO] system check passed
2025-05-02 11:10:52 - [INFO] file downloaded
2025-05-02 11:23:44 - [INFO] email sent
2025-05-02 11:33:13 - [INFO] file downloaded
2025-05-02 11:51:38 - [INFO] email sent
2025-05-02 11:54:26 - [WARNING] Suspicious activity detected: ip_blocked
2025-05-02 12:02:46 - [INFO] config updated
2025-05-02 12:02:49 - [INFO] config updated
2025-05-02 12:06:31 - [INFO] config updated
2025-05-02 12:13:53 - [INFO] file uploaded
2025-05-02 12:15:19 - [INFO] user login
2025-05-02 12:21:08 - [WARNING] Suspicious activity detected: sql_injection
2025-05-02 12:33:16 - [WARNING] Suspicious activity detected: unauthorized_access
2025-05-02 12:51:38 - [WARNING] Suspicious activity detected: sql_injection
2025-05-02 13:05:39 - [WARNING] Suspicious activity detected: ddos
2025-05-02 13:16:22 - [INFO] email sent
2025-05-02 13:18:59 - [INFO] email sent
2025-05-02 13:19:23 - [WARNING] Suspicious activity detected: unauthorized_access
2025-05-02 13:40:57 - [WARNING] Suspicious activity detected: malware
2025-05-02 13:53:55 - [WARNING] Suspicious activity detected: unauthorized_access
2025-05-02 14:02:22 - [INFO] email sent
2025-05-02 14:07:44 - [WARNING] Suspicious activity detected: brute_force
2025-05-02 14:12:52 - [INFO] config updated
2025-05-02 14:14:01 - [INFO] system check passed
2025-05-02 14:23:23 - [INFO] user login
2025-05-02 14:28:34 - [INFO] file downloaded
2025-05-02 14:58:22 - [INFO] backup completed
2025-05-02 15:01:04 - [INFO] backup completed
2025-05-02 15:04:10 - [WARNING] Suspicious activity detected: port_scan
2025-05-02 15:06:34 - [WARNING] Suspicious activity detected: sql_injection
2025-05-02 15:09:27 - [INFO] system check passed
2025-05-02 15:12:10 - [WARNING] Suspicious activity detected: malware
2025-05-02 15:15:32 - [INFO] user login
2025-05-02 15:16:14 - [INFO] backup completed
2025-05-02 15:30:17 - [WARNING] Suspicious activity detected: malware
2025-05-02 15:35:13 - [WARNING] Suspicious activity detected: unauthorized_access
2025-05-02 15:40:28 - [INFO] email sent
2025-05-02 15:41:43 - [WARNING] Suspicious activity detected: unauthorized_access
2025-05-02 15:51:05 - [WARNING] Suspicious activity detected: port_scan
2025-05-02 16:00:53 - [INFO] file uploaded
2025-05-02 16:31:38 - [INFO] file uploaded
2025-05-02 16:33:19 - [INFO] user login
2025-05-02 16:38:29 - [WARNING] Suspicious activity detected: sql_injection
2025-05-02 16:51:55 - [INFO] config updated
2025-05-02 17:05:30 - [INFO] email sent
2025-05-02 17:11:17 - [INFO] file uploaded
2025-05-02 17:11:54 - [INFO] file uploaded
2025-05-02 17:14:36 - [INFO] user login
2025-05-02 17:16:02 - [WARNING] Suspicious activity detected: malware
2025-05-02 17:23:02 - [INFO] system check passed
2025-05-02 17:30:44 - [INFO] file downloaded
2025-05-02 18:10:38 - [INFO] user login
2025-05-02 18:24:33 - [WARNING] Suspicious activity detected: ddos
2025-05-02 18:28:27 - [WARNING] Suspicious activity detected: intrusion
2025-05-02 18:31:49 - [INFO] file downloaded
2025-05-02 18:37:53 - [INFO] backup completed
2025-05-02 18:48:27 - [INFO] system check passed
2025-05-02 18:48:41 - [INFO] backup completed
2025-05-02 18:55:44 - [WARNING] Suspicious activity detected: brute_force
2025-05-02 19:18:38 - [WARNING] Suspicious activity detected: sql_injection
2025-05-02 19:32:20 - [INFO] system check passed
2025-05-02 19:35:02 - [INFO] backup completed
2025-05-02 19:36:03 - [INFO] file downloaded
2025-05-02 20:03:13 - [WARNING] Suspicious activity detected: intrusion
2025-05-02 20:15:14 - [INFO] file downloaded
2025-05-02 20:27:49 - [INFO] user login
2025-05-02 20:29:58 - [INFO] file uploaded
2025-05-02 20:35:12 - [INFO] system check passed
2025-05-02 20:35:31 - [INFO] file downloaded
2025-05-02 20:40:54 - [INFO] backup completed
2025-05-02 20:41:08 - [INFO] file uploaded
2025-05-02 20:41:51 - [INFO] file downloaded
2025-05-02 20:50:02 - [INFO] user login
2025-05-02 21:07:46 - [INFO] user login
2025-05-02 21:13:11 - [INFO] file uploaded
2025-05-02 21:17:42 - [INFO] user login
2025-05-02 21:23:20 - [INFO] config updated
2025-05-02 21:25:02 - [INFO] file downloaded
2025-05-02 21:28:10 - [INFO] user login
2025-05-02 21:34:15 - [INFO] backup completed
2025-05-02 21:58:56 - [INFO] backup completed
2025-05-02 22:10:19 - [WARNING] Suspicious activity detected: intrusion
2025-05-02 22:17:30 - [INFO] user login
2025-05-02 22:19:32 - [INFO] file uploaded
2025-05-02 22:30:20 - [INFO] file uploaded
2025-05-02 22:32:14 - [INFO] file uploaded
2025-05-02 22:39:05 - [WARNING] Suspicious activity detected: ddos
2025-05-02 22:46:15 - [INFO] config updated
2025-05-02 22:47:39 - [INFO] email sent
2025-05-02 22:59:09 - [INFO] file downloaded
2025-05-02 23:11:11 - [WARNING] Suspicious activity detected: brute_force
2025-05-02 23:15:10 - [INFO] config updated
2025-05-02 23:17:25 - [INFO] email sent
2025-05-02 23:23:15 - [INFO] file uploaded
2025-05-02 23:40:16 - [INFO] file uploaded
2025-05-02 23:52:42 - [WARNING] Suspicious activity detected: sql_injection
2025-05-02 23:58:55 - [INFO] config updated