2025-03-06 00:04:24 - [INFO] file uploaded
2025-03-06 00:05:49 - [INFO] config updated
2025-03-06 00:08:16 - [WARNING] Suspicious activity detected: malware
2025-03-06 00:12:34 - [WARNING] Suspicious activity detected: intrusion
2025-03-06 00:19:59 - [WARNING] Suspicious activity detected: ddos
2025-03-06 00:29:30 - [INFO] user login
2025-03-06 00:33:20 - [INFO] file downloaded
2025-03-06 00:36:10 - [INFO] file uploaded
2025-03-06 00:37:35 - [INFO] file uploaded
2025-03-06 00:40:03 - [INFO] email sent
2025-03-06 00:43:36 - [INFO] config updated
2025-03-06 00:44:00 - [INFO] config updated
2025-03-06 00:48:15 - [INFO] config updated
2025-03-06 00:48:47 - [WARNING] Suspicious activity detected: ddos
2025-03-06 00:57:54 - [INFO] file uploaded
2025-03-06 01:00:02 - [INFO] system check passed
2025-03-06 01:05:45 - [INFO] config updated
2025-03-06 01:06:25 - [WARNING] Suspicious activity detected: ip_blocked
2025-03-06 01:09:56 - [WARNING] Suspicious activity detected: malware
2025-03-06 01:24:51 - [WARNING] Suspicious activity detected: intrusion
2025-03-06 01:27:10 - [INFO] email sent
2025-03-06 01:31:17 - [WARNING] Suspicious activity detected: ip_blocked
2025-03-06 01:33:09 - [WARNING] Suspicious activity detected: malware
2025-03-06 01:54:40 - [INFO] system check passed
2025-03-06 01:57:03 - [INFO] config updated
2025-03-06 02:01:58 - [INFO] system check passed
2025-03-06 02:02:00 - [INFO] config updated
2025-03-06 02:10:31 - [INFO] user login
2025-03-06 02:14:42 - [INFO] file downloaded
2025-03-06 02:21:18 - [INFO] config updated
2025-03-06 02:22:03 - [INFO] config updated
2025-03-06 02:28:08 - [INFO] email sent
2025-03-06 02:34:03 - [INFO] email sent
2025-03-06 02:34:44 - [WARNING] Suspicious activity detected: ddos
2025-03-06 02:38:48 - [WARNING] Suspicious activity detected: brute_force
2025-03-06 02:43:17 - [WARNING] Suspicious activity detected: sql_injection
2025-03-06 02:51:08 - [INFO] config updated
2025-03-06 02:52:56 - [WARNING] Suspicious activity detected: brute_force
2025-03-06 02:53:08 - [INFO] system check passed
2025-03-06 03:13:56 - [INFO] file downloaded
2025-03-06 03:21:04 - [WARNING] Suspicious activity detected: malware
2025-03-06 03:29:20 - [INFO] email sent
2025-03-06 03:31:37 - [WARNING] Suspicious activity detected: intrusion
2025-03-06 03:32:48 - [INFO] file downloaded
2025-03-06 03:42:49 - [INFO] email sent
2025-03-06 03:49:55 - [WARNING] Suspicious activity detected: ip_blocked
2025-03-06 03:58:07 - [WARNING] Suspicious activity detected: malware
2025-03-06 04:13:51 - [INFO] backup completed
2025-03-06 04:14:31 - [INFO] email sent
2025-03-06 04:15:37 - [INFO] user login
2025-03-06 04:19:26 - [WARNING] Suspicious activity detected: unauthorized_access
2025-03-06 04:20:05 - [INFO] config updated
2025-03-06 04:20:15 - [WARNING] Suspicious activity detected: port_scan
2025-03-06 04:20:28 - [INFO] config updated
2025-03-06 04:27:33 - [WARNING] Suspicious activity detected: ip_blocked
2025-03-06 04:41:59 - [WARNING] Suspicious activity detected: intrusion
2025-03-06 05:01:00 - [INFO] config updated
2025-03-06 05:02:53 - [INFO] user login
2025-03-06 05:06:58 - [WARNING] Suspicious activity detected: sql_injection
2025-03-06 05:10:59 - [INFO] backup completed
2025-03-06 05:11:02 - [INFO] backup completed
2025-03-06 05:12:49 - [INFO] config updated
2025-03-06 05:15:07 - [INFO] system check passed
2025-03-06 05:31:15 - [INFO] config updated
2025-03-06 05:35:42 - [INFO] file downloaded
2025-03-06 05:38:40 - [INFO] file downloaded
2025-03-06 05:39:22 - [INFO] system check passed
2025-03-06 05:44:48 - [INFO] config updated
2025-03-06 05:51:55 - [WARNING] Suspicious activity detected: port_scan
2025-03-06 06:15:52 - [INFO] backup completed
2025-03-06 06:20:48 - [INFO] user login
2025-03-06 06:26:38 - [WARNING] Suspicious activity detected: intrusion
2025-03-06 06:27:30 - [WARNING] Suspicious activity detected: brute_force
2025-03-06 06:31:31 - [INFO] system check passed
2025-03-06 06:37:02 - [WARNING] Suspicious activity detected: ddos
2025-03-06 06:43:04 - [INFO] file downloaded
2025-03-06 06:46:08 - [WARNING] Suspicious activity detected: unauthorized_access
2025-03-06 06:52:10 - [INFO] config updated
2025-03-06 07:27:59 - [INFO] config updated
2025-03-06 07:31:27 - [INFO] file downloaded
2025-03-06 07:34:01 - [INFO] user login
2025-03-06 07:40:15 - [INFO] system check passed
2025-03-06 07:40:39 - [INFO] system check passed
2025-03-06 07:42:13 - [WARNING] Suspicious activity detected: ip_blocked
2025-03-06 07:52:01 - [WARNING] Suspicious activity detected: port_scan
2025-03-06 07:55:06 - [INFO] system check passed
2025-03-06 07:59:08 - [INFO] backup completed
2025-03-06 08:00:15 - [WARNING] Suspicious activity detected: brute_force
2025-03-06 08:01:29 - [INFO] backup completed
2025-03-06 08:03:54 - [INFO] system check passed
2025-03-06 08:15:03 - [WARNING] Suspicious activity detected: ddos
2025-03-06 08:21:22 - [INFO] email sent
2025-03-06 08:22:29 - [WARNING] Suspicious activity detected: ddos
2025-03-06 08:30:26 - [INFO] system check passed
2025-03-06 08:32:34 - [WARNING] Suspicious activity detected: ip_blocked
2025-03-06 08:38:57 - [INFO] file downloaded
2025-03-06 08:40:08 - [INFO] user login
2025-03-06 08:53:16 - [INFO] file uploaded
2025-03-06 08:56:56 - [INFO] email sent
2025-03-06 09:09:59 - [INFO] email sent
2025-03-06 09:13:03 - [INFO] file uploaded
2025-03-06 09:13:33 - [INFO] email sent
2025-03-06 09:17:51 - [INFO] email sent
2025-03-06 09:29:06 - [INFO] file uploaded
2025-03-06 09:45:52 - [INFO] email sent
2025-03-06 09:51:11 - [INFO] user login
2025-03-06 09:52:46 - [WARNING] Suspicious activity detected: malware
2025-03-06 10:04:59 - [WARNING] Suspicious activity detected: intrusion
2025-03-06 10:09:11 - [INFO] system check passed
2025-03-06 10:10:29 - [INFO] system check passed
2025-03-06 10:16:28 - [INFO] email sent
2025-03-06 10:18:25 - [INFO] file downloaded
2025-03-06 10:19:35 - [INFO] user login
2025-03-06 10:32:46 - [INFO] backup completed
2025-03-06 10:33:31 - [WARNING] Suspicious activity detected: ip_blocked
2025-03-06 10:43:24 - [WARNING] Suspicious activity detected: brute_force
2025-03-06 10:57:43 - [INFO] file uploaded
2025-03-06 11:05:33 - [INFO] email sent
2025-03-06 11:06:59 - [INFO] file downloaded
2025-03-06 11:08:44 - [WARNING] Suspicious activity detected: malware
2025-03-06 11:09:13 - [INFO] user login
2025-03-06 11:09:36 - [WARNING] Suspicious activity detected: unauthorized_access
2025-03-06 11:30:14 - [INFO] file downloaded
2025-03-06 11:38:15 - [INFO] system check passed
2025-03-06 11:41:50 - [INFO] backup completed
2025-03-06 12:16:56 - [INFO] file uploaded
2025-03-06 12:17:18 - [INFO] file downloaded
2025-03-06 12:26:27 - [INFO] user login
2025-03-06 12:27:25 - [INFO] email sent
2025-03-06 12:27:58 - [WARNING] Suspicious activity detected: unauthorized_access
2025-03-06 12:36:48 - [INFO] backup completed
2025-03-06 12:37:47 - [INFO] file uploaded
2025-03-06 12:40:48 - [INFO] config updated
2025-03-06 12:45:32 - [INFO] file uploaded
2025-03-06 12:47:17 - [INFO] system check passed
2025-03-06 12:57:08 - [INFO] system check passed
2025-03-06 13:00:02 - [INFO] backup completed
2025-03-06 13:02:17 - [INFO] user login
2025-03-06 13:13:40 - [INFO] file uploaded
2025-03-06 13:25:06 - [INFO] user login
2025-03-06 13:26:13 - [WARNING] Suspicious activity detected: ddos
2025-03-06 13:41:30 - [INFO] email sent
2025-03-06 13:43:41 - [INFO] config updated
2025-03-06 13:44:11 - [WARNING] Suspicious activity detected: sql_injection
2025-03-06 13:47:12 - [INFO] file downloaded
2025-03-06 13:59:38 - [WARNING] Suspicious activity detected: malware
2025-03-06 14:30:12 - [INFO] file uploaded
2025-03-06 14:34:59 - [INFO] file uploaded
2025-03-06 14:41:01 - [INFO] file uploaded
2025-03-06 14:42:58 - [INFO] user login
2025-03-06 14:58:07 - [INFO] config updated
2025-03-06 14:58:34 - [INFO] file downloaded
2025-03-06 15:09:11 - [INFO] system check passed
2025-03-06 15:25:29 - [INFO] config updated
2025-03-06 15:30:40 - [INFO] config updated
2025-03-06 15:39:10 - [INFO] file downloaded
2025-03-06 15:40:20 - [INFO] email sent
2025-03-06 15:50:11 - [INFO] email sent
2025-03-06 16:03:54 - [WARNING] Suspicious activity detected: intrusion
2025-03-06 16:09:19 - [INFO] file downloaded
2025-03-06 16:10:56 - [INFO] config updated
2025-03-06 16:11:57 - [INFO] file downloaded
2025-03-06 16:18:52 - [INFO] backup completed
2025-03-06 16:19:12 - [WARNING] Suspicious activity detected: ip_blocked
2025-03-06 16:23:06 - [INFO] backup completed
2025-03-06 16:25:10 - [INFO] system check passed
2025-03-06 17:04:14 - [INFO] backup completed
2025-03-06 17:09:07 - [INFO] user login
2025-03-06 17:14:44 - [INFO] config updated
2025-03-06 17:24:48 - [INFO] config updated
2025-03-06 17:26:07 - [INFO] email sent
2025-03-06 17:48:23 - [INFO] file uploaded
2025-03-06 17:52:45 - [INFO] system check passed
2025-03-06 18:05:16 - [INFO] file uploaded
2025-03-06 18:11:21 - [INFO] backup completed
2025-03-06 18:12:25 - [WARNING] Suspicious activity detected: malware
2025-03-06 18:13:51 - [INFO] backup completed
2025-03-06 18:26:20 - [INFO] backup completed
2025-03-06 18:40:23 - [INFO] backup completed
2025-03-06 18:43:24 - [INFO] file downloaded
2025-03-06 18:44:44 - [INFO] user login
2025-03-06 18:47:55 - [INFO] file uploaded
2025-03-06 18:51:21 - [INFO] file uploaded
2025-03-06 18:51:50 - [INFO] email sent
2025-03-06 18:52:57 - [WARNING] Suspicious activity detected: ddos
2025-03-06 18:56:34 - [WARNING] Suspicious activity detected: ddos
2025-03-06 19:01:03 - [INFO] email sent
2025-03-06 19:03:58 - [INFO] system check passed
2025-03-06 19:07:09 - [INFO] email sent
2025-03-06 19:13:43 - [WARNING] Suspicious activity detected: ip_blocked
2025-03-06 19:17:11 - [INFO] email sent
2025-03-06 19:19:44 - [INFO] system check passed
2025-03-06 19:41:56 - [INFO] file downloaded
2025-03-06 19:45:20 - [INFO] email sent
2025-03-06 19:46:47 - [INFO] email sent
2025-03-06 19:48:33 - [WARNING] Suspicious activity detected: malware
2025-03-06 19:49:12 - [INFO] file downloaded
2025-03-06 19:54:30 - [INFO] user login
2025-03-06 19:54:47 - [INFO] system check passed
2025-03-06 19:55:02 - [INFO] file uploaded
2025-03-06 19:58:13 - [INFO] file uploaded
2025-03-06 19:58:27 - [INFO] email sent
2025-03-06 20:04:36 - [WARNING] Suspicious activity detected: brute_force
2025-03-06 20:09:10 - [INFO] email sent
2025-03-06 20:13:14 - [INFO] file uploaded
2025-03-06 20:17:57 - [WARNING] Suspicious activity detected: ip_blocked
2025-03-06 20:27:10 - [INFO] system check passed
2025-03-06 20:30:26 - [WARNING] Suspicious activity detected: sql_injection
2025-03-06 20:31:20 - [WARNING] Suspicious activity detected: ip_blocked
2025-03-06 20:32:29 - [WARNING] Suspicious activity detected: port_scan
2025-03-06 20:34:59 - [WARNING] Suspicious activity detected: sql_injection
2025-03-06 20:43:58 - [INFO] system check passed
2025-03-06 20:48:09 - [INFO] file downloaded
2025-03-06 20:58:49 - [INFO] file uploaded
2025-03-06 21:01:25 - [WARNING] Suspicious activity detected: ip_blocked
2025-03-06 21:12:38 - [INFO] file uploaded
2025-03-06 21:15:16 - [INFO] config updated
2025-03-06 21:15:21 - [WARNING] Suspicious activity detected: ip_blocked
2025-03-06 21:16:04 - [WARNING] Suspicious activity detected: intrusion
2025-03-06 21:21:44 - [INFO] config updated
2025-03-06 21:26:54 - [INFO] backup completed
2025-03-06 21:30:06 - [INFO] user login
2025-03-06 21:35:11 - [INFO] file uploaded
2025-03-06 21:42:18 - [INFO] backup completed
2025-03-06 21:50:39 - [WARNING] Suspicious activity detected: ip_blocked
2025-03-06 21:59:19 - [INFO] system check passed
2025-03-06 22:03:53 - [INFO] file uploaded
2025-03-06 22:07:38 - [WARNING] Suspicious activity detected: port_scan
2025-03-06 22:10:30 - [INFO] user login
2025-03-06 22:14:28 - [INFO] config updated
2025-03-06 22:18:52 - [INFO] email sent
2025-03-06 22:25:54 - [INFO] config updated
2025-03-06 22:50:23 - [INFO] file downloaded
2025-03-06 22:52:36 - [INFO] file downloaded
2025-03-06 22:56:47 - [WARNING] Suspicious activity detected: unauthorized_access
2025-03-06 22:56:53 - [INFO] system check passed
2025-03-06 23:05:26 - [INFO] config updated
2025-03-06 23:12:29 - [INFO] config updated
2025-03-06 23:22:57 - [INFO] config updated
2025-03-06 23:27:08 - [WARNING] Suspicious activity detected: malware
2025-03-06 23:33:44 - [INFO] system check passed
2025-03-06 23:43:17 - [INFO] email sent
2025-03-06 23:43:20 - [INFO] system check passed
2025-03-06 23:47:43 - [WARNING] Suspicious activity detected: sql_injection
2025-03-06 23:50:24 - [WARNING] Suspicious activity detected: sql_injection
2025-03-06 23:53:31 - [INFO] email sent
2025-03-06 23:55:15 - [WARNING] Suspicious activity detected: sql_injection