2025-06-06 00:06:42 - [WARNING] Suspicious activity detected: brute_force
2025-06-06 00:11:15 - [INFO] email sent
2025-06-06 00:14:22 - [INFO] config updated
2025-06-06 00:18:57 - [WARNING] Suspicious activity detected: malware
2025-06-06 00:21:47 - [WARNING] Suspicious activity detected: ip_blocked
2025-06-06 00:35:45 - [INFO] file downloaded
2025-06-06 01:04:30 - [WARNING] Suspicious activity detected: port_scan
2025-06-06 01:08:48 - [WARNING] Suspicious activity detected: unauthorized_access
2025-06-06 01:30:46 - [INFO] config updated
2025-06-06 01:47:41 - [WARNING] Suspicious activity detected: ddos
2025-06-06 02:04:02 - [WARNING] Suspicious activity detected: ddos
2025-06-06 02:21:33 - [INFO] file downloaded
2025-06-06 02:25:17 - [INFO] file uploaded
2025-06-06 02:26:21 - [INFO] file downloaded
2025-06-06 02:32:04 - [INFO] user login
2025-06-06 02:48:54 - [INFO] backup completed
2025-06-06 02:53:33 - [INFO] config updated
2025-06-06 03:01:07 - [INFO] system check passed
2025-06-06 03:02:21 - [WARNING] Suspicious activity detected: unauthorized_access
2025-06-06 03:19:46 - [WARNING] Suspicious activity detected: intrusion
2025-06-06 03:28:32 - [INFO] system check passed
2025-06-06 03:46:28 - [INFO] system check passed
2025-06-06 03:56:22 - [WARNING] Suspicious activity detected: unauthorized_access
2025-06-06 03:56:29 - [INFO] config updated
2025-06-06 04:02:03 - [INFO] system check passed
2025-06-06 04:20:49 - [INFO] email sent
2025-06-06 04:21:22 - [INFO] system check passed
2025-06-06 04:24:20 - [WARNING] Suspicious activity detected: intrusion
2025-06-06 04:32:09 - [INFO] file uploaded
2025-06-06 04:32:56 - [WARNING] Suspicious activity detected: ddos
2025-06-06 04:34:00 - [INFO] email sent
2025-06-06 04:51:32 - [INFO] user login
2025-06-06 04:54:56 - [WARNING] Suspicious activity detected: unauthorized_access
2025-06-06 04:58:05 - [INFO] system check passed
2025-06-06 04:58:30 - [INFO] file downloaded
2025-06-06 05:01:00 - [WARNING] Suspicious activity detected: brute_force
2025-06-06 05:07:40 - [INFO] user login
2025-06-06 05:09:29 - [INFO] system check passed
2025-06-06 05:16:55 - [INFO] backup completed
2025-06-06 05:28:42 - [WARNING] Suspicious activity detected: ip_blocked
2025-06-06 05:43:45 - [INFO] system check passed
2025-06-06 05:58:11 - [WARNING] Suspicious activity detected: ip_blocked
2025-06-06 06:05:35 - [INFO] file downloaded
2025-06-06 06:16:39 - [INFO] config updated
2025-06-06 06:17:05 - [INFO] config updated
2025-06-06 06:17:51 - [WARNING] Suspicious activity detected: ip_blocked
2025-06-06 06:18:12 - [WARNING] Suspicious activity detected: ip_blocked
2025-06-06 06:32:57 - [WARNING] Suspicious activity detected: brute_force
2025-06-06 06:52:18 - [WARNING] Suspicious activity detected: intrusion
2025-06-06 06:52:26 - [WARNING] Suspicious activity detected: brute_force
2025-06-06 06:59:50 - [INFO] backup completed
2025-06-06 07:23:25 - [WARNING] Suspicious activity detected: ip_blocked
2025-06-06 07:24:49 - [WARNING] Suspicious activity detected: sql_injection
2025-06-06 07:32:38 - [INFO] file uploaded
2025-06-06 07:35:04 - [INFO] file uploaded
2025-06-06 07:35:23 - [INFO] file downloaded
2025-06-06 07:56:15 - [WARNING] Suspicious activity detected: unauthorized_access
2025-06-06 07:58:58 - [INFO] email sent
2025-06-06 08:04:42 - [WARNING] Suspicious activity detected: unauthorized_access
2025-06-06 08:11:15 - [WARNING] Suspicious activity detected: brute_force
2025-06-06 08:13:59 - [INFO] file downloaded
2025-06-06 08:21:12 - [INFO] system check passed
2025-06-06 08:33:27 - [INFO] file uploaded
2025-06-06 09:00:44 - [WARNING] Suspicious activity detected: sql_injection
2025-06-06 09:05:32 - [WARNING] Suspicious activity detected: intrusion
2025-06-06 09:18:26 - [INFO] config updated
2025-06-06 09:22:45 - [WARNING] Suspicious activity detected: port_scan
2025-06-06 09:34:22 - [INFO] file uploaded
2025-06-06 09:34:30 - [INFO] user login
2025-06-06 10:11:57 - [INFO] backup completed
2025-06-06 10:16:56 - [INFO] file downloaded
2025-06-06 10:23:14 - [INFO] config updated
2025-06-06 10:30:50 - [WARNING] Suspicious activity detected: malware
2025-06-06 10:35:30 - [INFO] backup completed
2025-06-06 10:39:15 - [INFO] config updated
2025-06-06 10:46:15 - [WARNING] Suspicious activity detected: brute_force
2025-06-06 10:51:02 - [INFO] email sent
2025-06-06 10:56:13 - [WARNING] Suspicious activity detected: sql_injection
2025-06-06 10:57:49 - [INFO] file uploaded
2025-06-06 11:03:11 - [INFO] file downloaded
2025-06-06 11:11:35 - [WARNING] Suspicious activity detected: sql_injection
2025-06-06 11:26:47 - [WARNING] Suspicious activity detected: intrusion
2025-06-06 11:27:29 - [WARNING] Suspicious activity detected: ddos
2025-06-06 11:30:05 - [WARNING] Suspicious activity detected: port_scan
2025-06-06 11:53:52 - [INFO] config updated
2025-06-06 12:11:21 - [INFO] config updated
2025-06-06 12:44:42 - [INFO] email sent
2025-06-06 13:24:21 - [WARNING] Suspicious activity detected: sql_injection
2025-06-06 13:29:55 - [WARNING] Suspicious activity detected: malware
2025-06-06 13:29:59 - [INFO] user login
2025-06-06 13:51:14 - [INFO] email sent
2025-06-06 14:04:33 - [INFO] system check passed
2025-06-06 14:10:17 - [INFO] backup completed
2025-06-06 14:12:01 - [INFO] email sent
2025-06-06 14:14:31 - [WARNING] Suspicious activity detected: sql_injection
2025-06-06 14:29:32 - [WARNING] Suspicious activity detected: malware
2025-06-06 14:30:32 - [WARNING] Suspicious activity detected: port_scan
2025-06-06 14:46:50 - [WARNING] Suspicious activity detected: ddos
2025-06-06 14:47:02 - [INFO] user login
2025-06-06 15:05:20 - [WARNING] Suspicious activity detected: ddos
2025-06-06 15:15:40 - [INFO] system check passed
2025-06-06 15:26:09 - [INFO] file uploaded
2025-06-06 15:36:03 - [WARNING] Suspicious activity detected: intrusion
2025-06-06 15:40:42 - [WARNING] Suspicious activity detected: ddos
2025-06-06 15:54:19 - [INFO] user login
2025-06-06 15:57:05 - [WARNING] Suspicious activity detected: malware
2025-06-06 16:07:56 - [INFO] backup completed
2025-06-06 16:10:59 - [INFO] file downloaded
2025-06-06 16:14:11 - [INFO] system check passed
2025-06-06 16:38:52 - [INFO] user login
2025-06-06 16:42:30 - [WARNING] Suspicious activity detected: ip_blocked
2025-06-06 16:55:16 - [INFO] file uploaded
2025-06-06 17:03:24 - [INFO] file uploaded
2025-06-06 17:08:57 - [INFO] file downloaded
2025-06-06 17:14:46 - [WARNING] Suspicious activity detected: intrusion
2025-06-06 17:23:54 - [WARNING] Suspicious activity detected: unauthorized_access
2025-06-06 17:45:44 - [INFO] config updated
2025-06-06 18:03:04 - [INFO] system check passed
2025-06-06 18:10:17 - [INFO] system check passed
2025-06-06 18:17:51 - [WARNING] Suspicious activity detected: ip_blocked
2025-06-06 18:21:18 - [INFO] backup completed
2025-06-06 18:28:51 - [INFO] system check passed
2025-06-06 18:37:27 - [INFO] system check passed
2025-06-06 18:39:10 - [WARNING] Suspicious activity detected: intrusion
2025-06-06 18:43:57 - [WARNING] Suspicious activity detected: brute_force
2025-06-06 18:58:59 - [INFO] email sent
2025-06-06 19:05:08 - [WARNING] Suspicious activity detected: ip_blocked
2025-06-06 19:30:28 - [INFO] file uploaded
2025-06-06 19:33:55 - [WARNING] Suspicious activity detected: malware
2025-06-06 19:37:32 - [INFO] file downloaded
2025-06-06 19:43:25 - [INFO] system check passed
2025-06-06 19:47:45 - [INFO] system check passed
2025-06-06 19:53:42 - [INFO] email sent
2025-06-06 19:58:26 - [INFO] config updated
2025-06-06 20:13:25 - [WARNING] Suspicious activity detected: ddos
2025-06-06 20:15:17 - [INFO] email sent
2025-06-06 20:19:10 - [INFO] config updated
2025-06-06 20:36:06 - [INFO] config updated
2025-06-06 20:42:38 - [INFO] file downloaded
2025-06-06 20:45:24 - [INFO] user login
2025-06-06 21:01:59 - [INFO] system check passed
2025-06-06 21:37:55 - [INFO] user login
2025-06-06 21:44:00 - [INFO] backup completed
2025-06-06 21:57:07 - [WARNING] Suspicious activity detected: port_scan
2025-06-06 22:01:14 - [WARNING] Suspicious activity detected: sql_injection
2025-06-06 22:06:56 - [INFO] user login
2025-06-06 22:08:08 - [WARNING] Suspicious activity detected: unauthorized_access
2025-06-06 22:13:23 - [INFO] email sent
2025-06-06 22:30:26 - [INFO] user login
2025-06-06 22:33:15 - [INFO] file uploaded
2025-06-06 22:53:34 - [INFO] user login
2025-06-06 22:54:18 - [WARNING] Suspicious activity detected: unauthorized_access
2025-06-06 22:54:54 - [WARNING] Suspicious activity detected: malware
2025-06-06 23:01:07 - [WARNING] Suspicious activity detected: sql_injection
2025-06-06 23:01:50 - [INFO] file downloaded
2025-06-06 23:17:46 - [WARNING] Suspicious activity detected: ip_blocked
2025-06-06 23:19:25 - [INFO] backup completed
2025-06-06 23:19:42 - [WARNING] Suspicious activity detected: brute_force
2025-06-06 23:48:35 - [WARNING] Suspicious activity detected: port_scan
2025-06-06 23:58:04 - [WARNING] Suspicious activity detected: ip_blocked