2025-04-30 00:00:17 - [INFO] backup completed
2025-04-30 00:19:39 - [INFO] backup completed
2025-04-30 01:23:59 - [INFO] file downloaded
2025-04-30 01:33:06 - [INFO] system check passed
2025-04-30 01:38:50 - [INFO] email sent
2025-04-30 01:42:32 - [INFO] file uploaded
2025-04-30 01:51:03 - [INFO] file uploaded
2025-04-30 01:53:01 - [INFO] file downloaded
2025-04-30 02:03:09 - [INFO] backup completed
2025-04-30 02:16:06 - [WARNING] Suspicious activity detected: intrusion
2025-04-30 02:22:56 - [WARNING] Suspicious activity detected: malware
2025-04-30 02:23:35 - [INFO] system check passed
2025-04-30 02:24:20 - [WARNING] Suspicious activity detected: intrusion
2025-04-30 02:32:23 - [WARNING] Suspicious activity detected: port_scan
2025-04-30 02:32:35 - [INFO] email sent
2025-04-30 02:35:01 - [INFO] file uploaded
2025-04-30 02:35:59 - [WARNING] Suspicious activity detected: malware
2025-04-30 02:52:03 - [INFO] system check passed
2025-04-30 02:55:50 - [INFO] file uploaded
2025-04-30 03:05:33 - [INFO] config updated
2025-04-30 03:17:42 - [WARNING] Suspicious activity detected: intrusion
2025-04-30 03:27:08 - [WARNING] Suspicious activity detected: ip_blocked
2025-04-30 03:33:40 - [INFO] email sent
2025-04-30 03:37:25 - [INFO] config updated
2025-04-30 03:38:33 - [INFO] email sent
2025-04-30 03:40:43 - [WARNING] Suspicious activity detected: sql_injection
2025-04-30 04:01:33 - [INFO] file downloaded
2025-04-30 04:03:06 - [INFO] file uploaded
2025-04-30 04:15:38 - [INFO] file uploaded
2025-04-30 04:17:12 - [WARNING] Suspicious activity detected: intrusion
2025-04-30 04:21:49 - [INFO] config updated
2025-04-30 04:22:25 - [INFO] file uploaded
2025-04-30 04:25:24 - [INFO] system check passed
2025-04-30 04:26:57 - [WARNING] Suspicious activity detected: sql_injection
2025-04-30 04:27:41 - [INFO] config updated
2025-04-30 04:35:33 - [INFO] file uploaded
2025-04-30 04:41:47 - [INFO] email sent
2025-04-30 04:43:19 - [INFO] backup completed
2025-04-30 04:43:56 - [INFO] system check passed
2025-04-30 04:45:37 - [INFO] system check passed
2025-04-30 04:50:29 - [INFO] file uploaded
2025-04-30 04:50:53 - [WARNING] Suspicious activity detected: brute_force
2025-04-30 04:57:04 - [INFO] config updated
2025-04-30 04:57:15 - [INFO] user login
2025-04-30 04:59:31 - [WARNING] Suspicious activity detected: sql_injection
2025-04-30 05:00:50 - [INFO] file downloaded
2025-04-30 05:32:31 - [INFO] email sent
2025-04-30 05:43:27 - [INFO] file uploaded
2025-04-30 05:45:44 - [INFO] backup completed
2025-04-30 05:46:41 - [INFO] file downloaded
2025-04-30 05:48:06 - [INFO] user login
2025-04-30 05:49:21 - [WARNING] Suspicious activity detected: intrusion
2025-04-30 05:57:14 - [INFO] email sent
2025-04-30 06:12:51 - [INFO] file uploaded
2025-04-30 06:14:44 - [WARNING] Suspicious activity detected: brute_force
2025-04-30 06:28:41 - [INFO] email sent
2025-04-30 06:29:05 - [INFO] user login
2025-04-30 06:30:50 - [INFO] system check passed
2025-04-30 06:36:07 - [INFO] backup completed
2025-04-30 06:56:33 - [INFO] email sent
2025-04-30 07:21:30 - [WARNING] Suspicious activity detected: unauthorized_access
2025-04-30 07:58:09 - [WARNING] Suspicious activity detected: port_scan
2025-04-30 08:18:14 - [INFO] email sent
2025-04-30 08:20:35 - [WARNING] Suspicious activity detected: unauthorized_access
2025-04-30 08:23:58 - [INFO] email sent
2025-04-30 08:27:13 - [WARNING] Suspicious activity detected: brute_force
2025-04-30 08:28:45 - [WARNING] Suspicious activity detected: ddos
2025-04-30 08:44:45 - [WARNING] Suspicious activity detected: port_scan
2025-04-30 08:45:17 - [INFO] config updated
2025-04-30 08:45:32 - [INFO] backup completed
2025-04-30 08:49:49 - [INFO] config updated
2025-04-30 09:07:58 - [INFO] file uploaded
2025-04-30 09:09:55 - [INFO] user login
2025-04-30 09:21:43 - [INFO] system check passed
2025-04-30 09:27:48 - [INFO] file downloaded
2025-04-30 09:28:33 - [INFO] system check passed
2025-04-30 09:40:40 - [INFO] file uploaded
2025-04-30 09:51:18 - [INFO] user login
2025-04-30 10:22:12 - [INFO] file uploaded
2025-04-30 10:25:26 - [WARNING] Suspicious activity detected: ddos
2025-04-30 10:34:47 - [WARNING] Suspicious activity detected: port_scan
2025-04-30 10:39:12 - [INFO] system check passed
2025-04-30 10:42:35 - [INFO] config updated
2025-04-30 10:44:19 - [INFO] email sent
2025-04-30 10:58:50 - [INFO] system check passed
2025-04-30 11:37:04 - [INFO] file uploaded
2025-04-30 11:39:37 - [INFO] user login
2025-04-30 11:40:16 - [INFO] system check passed
2025-04-30 11:41:19 - [INFO] user login
2025-04-30 11:45:56 - [INFO] file downloaded
2025-04-30 11:54:25 - [INFO] backup completed
2025-04-30 11:54:59 - [INFO] config updated
2025-04-30 11:56:26 - [INFO] config updated
2025-04-30 12:08:32 - [INFO] user login
2025-04-30 12:12:07 - [INFO] config updated
2025-04-30 12:42:19 - [INFO] backup completed
2025-04-30 12:43:01 - [INFO] config updated
2025-04-30 12:49:33 - [WARNING] Suspicious activity detected: unauthorized_access
2025-04-30 13:25:29 - [WARNING] Suspicious activity detected: ddos
2025-04-30 13:26:59 - [INFO] file downloaded
2025-04-30 13:31:48 - [INFO] file downloaded
2025-04-30 13:41:21 - [INFO] email sent
2025-04-30 13:51:09 - [INFO] backup completed
2025-04-30 13:53:39 - [INFO] user login
2025-04-30 13:53:49 - [WARNING] Suspicious activity detected: brute_force
2025-04-30 13:54:13 - [INFO] system check passed
2025-04-30 13:56:04 - [INFO] file downloaded
2025-04-30 14:01:02 - [INFO] user login
2025-04-30 14:03:28 - [INFO] user login
2025-04-30 14:20:14 - [INFO] backup completed
2025-04-30 14:20:19 - [INFO] user login
2025-04-30 14:29:53 - [WARNING] Suspicious activity detected: port_scan
2025-04-30 14:33:17 - [INFO] user login
2025-04-30 14:35:16 - [INFO] config updated
2025-04-30 14:40:18 - [INFO] file uploaded
2025-04-30 14:42:21 - [INFO] email sent
2025-04-30 14:58:00 - [INFO] system check passed
2025-04-30 15:00:05 - [INFO] file uploaded
2025-04-30 15:02:50 - [INFO] backup completed
2025-04-30 15:03:59 - [INFO] file uploaded
2025-04-30 15:07:01 - [WARNING] Suspicious activity detected: ip_blocked
2025-04-30 15:09:12 - [INFO] backup completed
2025-04-30 15:27:14 - [INFO] user login
2025-04-30 15:39:36 - [WARNING] Suspicious activity detected: malware
2025-04-30 15:41:49 - [INFO] user login
2025-04-30 15:42:32 - [INFO] email sent
2025-04-30 15:45:50 - [INFO] user login
2025-04-30 15:49:22 - [INFO] file uploaded
2025-04-30 15:53:52 - [INFO] system check passed
2025-04-30 15:55:06 - [INFO] email sent
2025-04-30 15:58:56 - [INFO] config updated
2025-04-30 16:04:19 - [INFO] file downloaded
2025-04-30 16:09:58 - [WARNING] Suspicious activity detected: ddos
2025-04-30 16:21:51 - [INFO] system check passed
2025-04-30 16:26:26 - [INFO] system check passed
2025-04-30 16:34:21 - [INFO] file uploaded
2025-04-30 16:36:12 - [WARNING] Suspicious activity detected: port_scan
2025-04-30 16:41:29 - [INFO] user login
2025-04-30 16:48:25 - [INFO] backup completed
2025-04-30 16:50:20 - [INFO] backup completed
2025-04-30 16:52:48 - [INFO] file uploaded
2025-04-30 16:56:33 - [INFO] config updated
2025-04-30 17:07:46 - [INFO] file uploaded
2025-04-30 17:14:43 - [INFO] config updated
2025-04-30 17:18:10 - [INFO] backup completed
2025-04-30 17:29:32 - [INFO] system check passed
2025-04-30 17:36:03 - [INFO] backup completed
2025-04-30 17:43:22 - [WARNING] Suspicious activity detected: port_scan
2025-04-30 17:43:28 - [WARNING] Suspicious activity detected: malware
2025-04-30 17:47:26 - [WARNING] Suspicious activity detected: ip_blocked
2025-04-30 17:47:36 - [INFO] email sent
2025-04-30 18:03:24 - [INFO] file uploaded
2025-04-30 18:04:36 - [INFO] file uploaded
2025-04-30 18:08:05 - [INFO] file downloaded
2025-04-30 18:23:30 - [INFO] user login
2025-04-30 18:24:58 - [WARNING] Suspicious activity detected: intrusion
2025-04-30 18:26:00 - [WARNING] Suspicious activity detected: sql_injection
2025-04-30 18:27:05 - [INFO] backup completed
2025-04-30 18:39:07 - [INFO] file downloaded
2025-04-30 18:48:18 - [INFO] user login
2025-04-30 19:09:46 - [INFO] user login
2025-04-30 19:38:26 - [WARNING] Suspicious activity detected: ddos
2025-04-30 19:46:16 - [WARNING] Suspicious activity detected: unauthorized_access
2025-04-30 20:13:48 - [INFO] system check passed
2025-04-30 20:19:19 - [INFO] file downloaded
2025-04-30 20:25:39 - [INFO] user login
2025-04-30 20:48:14 - [INFO] system check passed
2025-04-30 20:59:40 - [INFO] email sent
2025-04-30 21:06:00 - [INFO] config updated
2025-04-30 21:17:02 - [INFO] backup completed
2025-04-30 21:44:56 - [INFO] system check passed
2025-04-30 21:45:07 - [WARNING] Suspicious activity detected: brute_force
2025-04-30 21:50:08 - [INFO] backup completed
2025-04-30 22:02:22 - [WARNING] Suspicious activity detected: intrusion
2025-04-30 22:04:45 - [INFO] config updated
2025-04-30 22:10:30 - [WARNING] Suspicious activity detected: unauthorized_access
2025-04-30 22:33:57 - [INFO] file uploaded
2025-04-30 22:58:10 - [INFO] system check passed
2025-04-30 23:13:44 - [INFO] email sent
2025-04-30 23:22:59 - [INFO] system check passed
2025-04-30 23:55:57 - [INFO] file downloaded
2025-04-30 23:56:12 - [INFO] email sent