2025-03-27 00:02:49 - [INFO] file downloaded
2025-03-27 00:10:18 - [WARNING] Suspicious activity detected: sql_injection
2025-03-27 00:14:49 - [INFO] file downloaded
2025-03-27 00:19:44 - [INFO] email sent
2025-03-27 00:29:51 - [INFO] file downloaded
2025-03-27 00:30:01 - [INFO] email sent
2025-03-27 00:32:09 - [WARNING] Suspicious activity detected: ddos
2025-03-27 00:38:43 - [WARNING] Suspicious activity detected: brute_force
2025-03-27 00:49:08 - [INFO] system check passed
2025-03-27 01:05:01 - [WARNING] Suspicious activity detected: unauthorized_access
2025-03-27 01:17:54 - [INFO] file uploaded
2025-03-27 01:23:00 - [WARNING] Suspicious activity detected: sql_injection
2025-03-27 01:32:45 - [INFO] backup completed
2025-03-27 01:34:45 - [INFO] email sent
2025-03-27 01:50:18 - [INFO] config updated
2025-03-27 01:52:12 - [INFO] system check passed
2025-03-27 01:54:37 - [INFO] file downloaded
2025-03-27 01:58:12 - [WARNING] Suspicious activity detected: brute_force
2025-03-27 02:15:47 - [INFO] system check passed
2025-03-27 02:22:42 - [INFO] file uploaded
2025-03-27 02:28:28 - [WARNING] Suspicious activity detected: malware
2025-03-27 02:36:01 - [WARNING] Suspicious activity detected: intrusion
2025-03-27 02:53:27 - [INFO] config updated
2025-03-27 02:54:08 - [WARNING] Suspicious activity detected: malware
2025-03-27 03:00:15 - [WARNING] Suspicious activity detected: sql_injection
2025-03-27 03:16:18 - [INFO] system check passed
2025-03-27 03:18:22 - [INFO] user login
2025-03-27 03:48:52 - [WARNING] Suspicious activity detected: unauthorized_access
2025-03-27 03:49:30 - [WARNING] Suspicious activity detected: unauthorized_access
2025-03-27 03:56:25 - [WARNING] Suspicious activity detected: unauthorized_access
2025-03-27 04:14:19 - [INFO] email sent
2025-03-27 04:27:06 - [WARNING] Suspicious activity detected: brute_force
2025-03-27 04:39:57 - [INFO] backup completed
2025-03-27 04:44:10 - [WARNING] Suspicious activity detected: intrusion
2025-03-27 04:47:23 - [WARNING] Suspicious activity detected: unauthorized_access
2025-03-27 04:55:55 - [INFO] system check passed
2025-03-27 05:03:29 - [WARNING] Suspicious activity detected: brute_force
2025-03-27 05:19:28 - [INFO] backup completed
2025-03-27 05:38:33 - [INFO] file uploaded
2025-03-27 05:39:20 - [WARNING] Suspicious activity detected: brute_force
2025-03-27 05:46:24 - [WARNING] Suspicious activity detected: brute_force
2025-03-27 05:51:17 - [INFO] user login
2025-03-27 05:54:12 - [WARNING] Suspicious activity detected: malware
2025-03-27 06:06:33 - [WARNING] Suspicious activity detected: ddos
2025-03-27 06:13:24 - [INFO] user login
2025-03-27 06:26:04 - [WARNING] Suspicious activity detected: unauthorized_access
2025-03-27 06:27:31 - [WARNING] Suspicious activity detected: malware
2025-03-27 06:28:17 - [INFO] config updated
2025-03-27 06:42:37 - [WARNING] Suspicious activity detected: intrusion
2025-03-27 06:47:20 - [INFO] email sent
2025-03-27 06:57:04 - [INFO] system check passed
2025-03-27 06:57:54 - [INFO] config updated
2025-03-27 07:01:08 - [INFO] backup completed
2025-03-27 07:09:39 - [INFO] file downloaded
2025-03-27 07:16:42 - [WARNING] Suspicious activity detected: intrusion
2025-03-27 07:24:49 - [WARNING] Suspicious activity detected: brute_force
2025-03-27 07:25:42 - [INFO] file downloaded
2025-03-27 07:25:54 - [INFO] email sent
2025-03-27 07:33:54 - [INFO] file uploaded
2025-03-27 07:58:42 - [INFO] email sent
2025-03-27 08:05:22 - [INFO] backup completed
2025-03-27 08:11:16 - [INFO] email sent
2025-03-27 08:12:52 - [WARNING] Suspicious activity detected: intrusion
2025-03-27 08:22:12 - [WARNING] Suspicious activity detected: port_scan
2025-03-27 08:31:55 - [INFO] email sent
2025-03-27 08:42:11 - [INFO] email sent
2025-03-27 08:51:20 - [INFO] user login
2025-03-27 08:52:56 - [INFO] system check passed
2025-03-27 08:55:39 - [WARNING] Suspicious activity detected: ddos
2025-03-27 08:58:06 - [WARNING] Suspicious activity detected: unauthorized_access
2025-03-27 09:01:44 - [INFO] config updated
2025-03-27 09:12:38 - [WARNING] Suspicious activity detected: sql_injection
2025-03-27 09:16:14 - [WARNING] Suspicious activity detected: ddos
2025-03-27 09:19:51 - [WARNING] Suspicious activity detected: port_scan
2025-03-27 09:41:31 - [INFO] backup completed
2025-03-27 10:04:50 - [WARNING] Suspicious activity detected: sql_injection
2025-03-27 10:04:56 - [WARNING] Suspicious activity detected: ip_blocked
2025-03-27 10:14:11 - [INFO] config updated
2025-03-27 10:17:49 - [WARNING] Suspicious activity detected: brute_force
2025-03-27 10:41:55 - [WARNING] Suspicious activity detected: ddos
2025-03-27 10:43:52 - [INFO] file downloaded
2025-03-27 10:56:26 - [INFO] user login
2025-03-27 10:59:38 - [INFO] config updated
2025-03-27 11:17:48 - [INFO] user login
2025-03-27 11:32:56 - [INFO] config updated
2025-03-27 11:35:08 - [WARNING] Suspicious activity detected: ddos
2025-03-27 11:39:22 - [INFO] file downloaded
2025-03-27 11:51:52 - [INFO] config updated
2025-03-27 11:52:43 - [INFO] user login
2025-03-27 12:01:05 - [INFO] email sent
2025-03-27 12:04:16 - [INFO] backup completed
2025-03-27 12:10:04 - [INFO] config updated
2025-03-27 12:12:56 - [INFO] backup completed
2025-03-27 12:16:19 - [WARNING] Suspicious activity detected: malware
2025-03-27 12:21:16 - [INFO] user login
2025-03-27 12:30:23 - [WARNING] Suspicious activity detected: ddos
2025-03-27 12:34:32 - [WARNING] Suspicious activity detected: unauthorized_access
2025-03-27 12:45:03 - [INFO] config updated
2025-03-27 12:46:42 - [WARNING] Suspicious activity detected: port_scan
2025-03-27 12:49:44 - [INFO] backup completed
2025-03-27 13:01:04 - [INFO] file downloaded
2025-03-27 13:05:50 - [WARNING] Suspicious activity detected: malware
2025-03-27 13:21:11 - [INFO] system check passed
2025-03-27 13:22:46 - [WARNING] Suspicious activity detected: ip_blocked
2025-03-27 13:26:45 - [INFO] user login
2025-03-27 13:31:33 - [WARNING] Suspicious activity detected: malware
2025-03-27 13:43:32 - [INFO] backup completed
2025-03-27 13:53:08 - [INFO] email sent
2025-03-27 13:55:20 - [WARNING] Suspicious activity detected: intrusion
2025-03-27 14:02:21 - [INFO] file downloaded
2025-03-27 14:04:54 - [INFO] file downloaded
2025-03-27 14:06:07 - [INFO] file downloaded
2025-03-27 14:21:14 - [WARNING] Suspicious activity detected: intrusion
2025-03-27 14:21:23 - [WARNING] Suspicious activity detected: brute_force
2025-03-27 14:22:41 - [WARNING] Suspicious activity detected: sql_injection
2025-03-27 14:23:48 - [INFO] file downloaded
2025-03-27 14:25:05 - [WARNING] Suspicious activity detected: port_scan
2025-03-27 14:32:27 - [INFO] email sent
2025-03-27 14:35:29 - [INFO] file uploaded
2025-03-27 14:55:21 - [INFO] file downloaded
2025-03-27 14:57:45 - [INFO] file uploaded
2025-03-27 15:00:33 - [WARNING] Suspicious activity detected: port_scan
2025-03-27 15:12:03 - [INFO] backup completed
2025-03-27 15:13:24 - [INFO] email sent
2025-03-27 15:23:24 - [INFO] file uploaded
2025-03-27 15:25:47 - [WARNING] Suspicious activity detected: brute_force
2025-03-27 15:35:33 - [INFO] user login
2025-03-27 15:50:34 - [INFO] user login
2025-03-27 16:10:44 - [INFO] email sent
2025-03-27 16:13:12 - [INFO] backup completed
2025-03-27 16:15:40 - [INFO] backup completed
2025-03-27 16:25:02 - [INFO] file uploaded
2025-03-27 16:33:24 - [INFO] config updated
2025-03-27 16:34:21 - [INFO] config updated
2025-03-27 16:43:10 - [WARNING] Suspicious activity detected: malware
2025-03-27 16:44:31 - [INFO] system check passed
2025-03-27 16:56:57 - [INFO] file uploaded
2025-03-27 16:59:38 - [WARNING] Suspicious activity detected: unauthorized_access
2025-03-27 17:02:11 - [WARNING] Suspicious activity detected: ddos
2025-03-27 17:05:54 - [WARNING] Suspicious activity detected: brute_force
2025-03-27 17:18:35 - [WARNING] Suspicious activity detected: intrusion
2025-03-27 17:20:19 - [INFO] file downloaded
2025-03-27 17:21:04 - [INFO] email sent
2025-03-27 17:27:28 - [WARNING] Suspicious activity detected: ip_blocked
2025-03-27 17:30:30 - [INFO] email sent
2025-03-27 17:45:57 - [INFO] file uploaded
2025-03-27 17:46:41 - [INFO] email sent
2025-03-27 17:52:21 - [WARNING] Suspicious activity detected: malware
2025-03-27 18:09:57 - [WARNING] Suspicious activity detected: port_scan
2025-03-27 18:15:38 - [INFO] email sent
2025-03-27 18:18:47 - [WARNING] Suspicious activity detected: unauthorized_access
2025-03-27 18:29:22 - [WARNING] Suspicious activity detected: intrusion
2025-03-27 18:35:25 - [WARNING] Suspicious activity detected: ddos
2025-03-27 18:36:47 - [WARNING] Suspicious activity detected: malware
2025-03-27 18:39:44 - [INFO] config updated
2025-03-27 18:40:32 - [INFO] backup completed
2025-03-27 18:53:44 - [WARNING] Suspicious activity detected: port_scan
2025-03-27 19:00:15 - [WARNING] Suspicious activity detected: sql_injection
2025-03-27 19:03:17 - [WARNING] Suspicious activity detected: ddos
2025-03-27 19:10:53 - [INFO] email sent
2025-03-27 19:19:28 - [WARNING] Suspicious activity detected: unauthorized_access
2025-03-27 19:24:19 - [INFO] user login
2025-03-27 19:40:48 - [WARNING] Suspicious activity detected: brute_force
2025-03-27 19:41:47 - [INFO] file downloaded
2025-03-27 19:45:25 - [INFO] backup completed
2025-03-27 19:48:01 - [INFO] system check passed
2025-03-27 19:51:06 - [INFO] system check passed
2025-03-27 19:54:03 - [WARNING] Suspicious activity detected: ip_blocked
2025-03-27 19:56:34 - [WARNING] Suspicious activity detected: ddos
2025-03-27 20:10:11 - [INFO] config updated
2025-03-27 20:15:26 - [INFO] file downloaded
2025-03-27 20:16:11 - [WARNING] Suspicious activity detected: brute_force
2025-03-27 20:17:32 - [INFO] backup completed
2025-03-27 20:21:01 - [WARNING] Suspicious activity detected: ddos
2025-03-27 20:31:34 - [WARNING] Suspicious activity detected: ip_blocked
2025-03-27 20:32:07 - [WARNING] Suspicious activity detected: malware
2025-03-27 20:40:57 - [INFO] backup completed
2025-03-27 20:41:49 - [INFO] file downloaded
2025-03-27 20:42:19 - [WARNING] Suspicious activity detected: malware
2025-03-27 20:45:51 - [INFO] user login
2025-03-27 20:50:10 - [INFO] email sent
2025-03-27 20:51:14 - [INFO] file uploaded
2025-03-27 21:16:49 - [INFO] user login
2025-03-27 21:23:47 - [INFO] email sent
2025-03-27 21:43:49 - [WARNING] Suspicious activity detected: intrusion
2025-03-27 22:01:13 - [WARNING] Suspicious activity detected: intrusion
2025-03-27 22:04:27 - [WARNING] Suspicious activity detected: sql_injection
2025-03-27 22:10:44 - [INFO] file downloaded
2025-03-27 22:12:39 - [INFO] config updated
2025-03-27 22:19:09 - [INFO] file downloaded
2025-03-27 22:33:14 - [INFO] file downloaded
2025-03-27 22:33:34 - [WARNING] Suspicious activity detected: ip_blocked
2025-03-27 22:33:37 - [WARNING] Suspicious activity detected: ip_blocked
2025-03-27 22:34:15 - [WARNING] Suspicious activity detected: unauthorized_access
2025-03-27 22:35:40 - [INFO] system check passed
2025-03-27 22:40:58 - [WARNING] Suspicious activity detected: brute_force
2025-03-27 22:42:50 - [WARNING] Suspicious activity detected: brute_force
2025-03-27 22:53:07 - [INFO] email sent
2025-03-27 22:53:56 - [WARNING] Suspicious activity detected: intrusion
2025-03-27 22:54:00 - [INFO] user login
2025-03-27 23:03:03 - [INFO] backup completed
2025-03-27 23:16:24 - [INFO] email sent
2025-03-27 23:31:12 - [INFO] user login
2025-03-27 23:37:09 - [INFO] file downloaded
2025-03-27 23:54:11 - [WARNING] Suspicious activity detected: malware
2025-03-27 23:55:06 - [WARNING] Suspicious activity detected: ip_blocked
2025-03-27 23:56:40 - [INFO] system check passed