2025-03-18 00:00:26 - [WARNING] Suspicious activity detected: port_scan
2025-03-18 00:11:06 - [WARNING] Suspicious activity detected: intrusion
2025-03-18 00:16:00 - [INFO] user login
2025-03-18 00:17:27 - [INFO] user login
2025-03-18 00:22:13 - [INFO] email sent
2025-03-18 00:22:47 - [INFO] user login
2025-03-18 00:34:18 - [INFO] file uploaded
2025-03-18 00:46:23 - [INFO] user login
2025-03-18 00:57:28 - [WARNING] Suspicious activity detected: intrusion
2025-03-18 01:03:40 - [INFO] user login
2025-03-18 01:08:12 - [INFO] user login
2025-03-18 01:16:17 - [WARNING] Suspicious activity detected: malware
2025-03-18 01:16:30 - [INFO] user login
2025-03-18 01:19:21 - [WARNING] Suspicious activity detected: brute_force
2025-03-18 01:20:58 - [INFO] config updated
2025-03-18 01:23:26 - [INFO] file uploaded
2025-03-18 01:34:13 - [WARNING] Suspicious activity detected: unauthorized_access
2025-03-18 01:36:29 - [INFO] user login
2025-03-18 01:36:59 - [INFO] file uploaded
2025-03-18 01:40:53 - [INFO] file downloaded
2025-03-18 01:51:31 - [INFO] config updated
2025-03-18 01:53:09 - [WARNING] Suspicious activity detected: intrusion
2025-03-18 01:54:20 - [WARNING] Suspicious activity detected: malware
2025-03-18 01:57:54 - [INFO] user login
2025-03-18 02:08:41 - [INFO] file downloaded
2025-03-18 02:09:19 - [INFO] backup completed
2025-03-18 02:11:42 - [WARNING] Suspicious activity detected: sql_injection
2025-03-18 02:17:15 - [WARNING] Suspicious activity detected: ip_blocked
2025-03-18 02:21:52 - [WARNING] Suspicious activity detected: port_scan
2025-03-18 02:36:31 - [WARNING] Suspicious activity detected: ip_blocked
2025-03-18 02:38:51 - [INFO] system check passed
2025-03-18 02:42:19 - [INFO] config updated
2025-03-18 02:45:07 - [WARNING] Suspicious activity detected: ip_blocked
2025-03-18 02:52:51 - [WARNING] Suspicious activity detected: sql_injection
2025-03-18 02:53:56 - [WARNING] Suspicious activity detected: brute_force
2025-03-18 02:54:25 - [WARNING] Suspicious activity detected: sql_injection
2025-03-18 02:57:19 - [WARNING] Suspicious activity detected: malware
2025-03-18 02:57:20 - [WARNING] Suspicious activity detected: ddos
2025-03-18 03:00:36 - [INFO] system check passed
2025-03-18 03:12:00 - [INFO] config updated
2025-03-18 03:12:21 - [INFO] file uploaded
2025-03-18 03:13:30 - [INFO] file uploaded
2025-03-18 03:23:02 - [INFO] backup completed
2025-03-18 03:23:10 - [WARNING] Suspicious activity detected: intrusion
2025-03-18 03:33:40 - [WARNING] Suspicious activity detected: unauthorized_access
2025-03-18 03:42:56 - [WARNING] Suspicious activity detected: malware
2025-03-18 03:47:00 - [WARNING] Suspicious activity detected: brute_force
2025-03-18 03:49:46 - [WARNING] Suspicious activity detected: intrusion
2025-03-18 03:55:29 - [WARNING] Suspicious activity detected: port_scan
2025-03-18 04:11:20 - [INFO] backup completed
2025-03-18 04:16:04 - [WARNING] Suspicious activity detected: unauthorized_access
2025-03-18 04:22:31 - [WARNING] Suspicious activity detected: brute_force
2025-03-18 04:24:02 - [INFO] config updated
2025-03-18 04:30:26 - [INFO] config updated
2025-03-18 04:31:41 - [INFO] system check passed
2025-03-18 04:34:23 - [INFO] user login
2025-03-18 04:42:59 - [WARNING] Suspicious activity detected: ddos
2025-03-18 04:47:25 - [WARNING] Suspicious activity detected: intrusion
2025-03-18 04:49:23 - [WARNING] Suspicious activity detected: ddos
2025-03-18 04:51:03 - [INFO] system check passed
2025-03-18 05:00:23 - [INFO] config updated
2025-03-18 05:11:19 - [WARNING] Suspicious activity detected: unauthorized_access
2025-03-18 05:22:20 - [INFO] file uploaded
2025-03-18 05:26:32 - [WARNING] Suspicious activity detected: malware
2025-03-18 05:29:20 - [INFO] email sent
2025-03-18 05:32:10 - [INFO] system check passed
2025-03-18 05:35:48 - [WARNING] Suspicious activity detected: ddos
2025-03-18 05:43:49 - [WARNING] Suspicious activity detected: brute_force
2025-03-18 05:46:43 - [WARNING] Suspicious activity detected: malware
2025-03-18 05:47:23 - [WARNING] Suspicious activity detected: intrusion
2025-03-18 06:12:56 - [INFO] backup completed
2025-03-18 06:13:51 - [INFO] backup completed
2025-03-18 06:15:52 - [INFO] file uploaded
2025-03-18 06:25:29 - [INFO] system check passed
2025-03-18 06:29:13 - [WARNING] Suspicious activity detected: ddos
2025-03-18 06:33:03 - [INFO] backup completed
2025-03-18 06:33:24 - [WARNING] Suspicious activity detected: ip_blocked
2025-03-18 06:38:03 - [INFO] email sent
2025-03-18 06:52:57 - [INFO] config updated
2025-03-18 06:55:39 - [INFO] config updated
2025-03-18 06:57:34 - [INFO] system check passed
2025-03-18 07:06:42 - [INFO] system check passed
2025-03-18 07:15:43 - [INFO] backup completed
2025-03-18 07:27:23 - [WARNING] Suspicious activity detected: intrusion
2025-03-18 07:28:42 - [WARNING] Suspicious activity detected: unauthorized_access
2025-03-18 07:44:51 - [INFO] file downloaded
2025-03-18 07:57:23 - [WARNING] Suspicious activity detected: ip_blocked
2025-03-18 07:57:27 - [INFO] email sent
2025-03-18 08:09:51 - [INFO] backup completed
2025-03-18 08:13:00 - [WARNING] Suspicious activity detected: sql_injection
2025-03-18 08:23:02 - [INFO] backup completed
2025-03-18 08:23:26 - [INFO] system check passed
2025-03-18 08:28:14 - [INFO] system check passed
2025-03-18 08:29:05 - [INFO] user login
2025-03-18 08:47:23 - [INFO] user login
2025-03-18 08:48:03 - [WARNING] Suspicious activity detected: unauthorized_access
2025-03-18 08:54:44 - [WARNING] Suspicious activity detected: unauthorized_access
2025-03-18 09:06:08 - [INFO] user login
2025-03-18 09:09:55 - [WARNING] Suspicious activity detected: brute_force
2025-03-18 09:15:49 - [INFO] backup completed
2025-03-18 09:24:44 - [INFO] file uploaded
2025-03-18 09:29:56 - [INFO] system check passed
2025-03-18 09:32:18 - [INFO] file uploaded
2025-03-18 09:35:35 - [WARNING] Suspicious activity detected: port_scan
2025-03-18 09:37:55 - [WARNING] Suspicious activity detected: port_scan
2025-03-18 09:44:29 - [WARNING] Suspicious activity detected: unauthorized_access
2025-03-18 09:57:07 - [INFO] backup completed
2025-03-18 10:01:39 - [INFO] config updated
2025-03-18 10:02:01 - [WARNING] Suspicious activity detected: intrusion
2025-03-18 10:07:25 - [WARNING] Suspicious activity detected: intrusion
2025-03-18 10:27:37 - [INFO] system check passed
2025-03-18 10:44:38 - [INFO] backup completed
2025-03-18 10:48:25 - [WARNING] Suspicious activity detected: sql_injection
2025-03-18 10:50:00 - [INFO] email sent
2025-03-18 10:53:23 - [INFO] user login
2025-03-18 10:54:16 - [WARNING] Suspicious activity detected: port_scan
2025-03-18 11:00:53 - [WARNING] Suspicious activity detected: malware
2025-03-18 11:23:29 - [WARNING] Suspicious activity detected: unauthorized_access
2025-03-18 11:34:55 - [WARNING] Suspicious activity detected: unauthorized_access
2025-03-18 11:37:37 - [WARNING] Suspicious activity detected: malware
2025-03-18 11:43:44 - [INFO] file uploaded
2025-03-18 11:48:07 - [WARNING] Suspicious activity detected: brute_force
2025-03-18 11:58:31 - [WARNING] Suspicious activity detected: brute_force
2025-03-18 12:00:49 - [INFO] file uploaded
2025-03-18 12:03:10 - [WARNING] Suspicious activity detected: ip_blocked
2025-03-18 12:03:23 - [WARNING] Suspicious activity detected: brute_force
2025-03-18 12:09:20 - [WARNING] Suspicious activity detected: intrusion
2025-03-18 12:17:36 - [INFO] backup completed
2025-03-18 12:26:47 - [WARNING] Suspicious activity detected: port_scan
2025-03-18 12:32:31 - [INFO] file uploaded
2025-03-18 12:35:36 - [INFO] system check passed
2025-03-18 12:38:49 - [WARNING] Suspicious activity detected: ddos
2025-03-18 12:48:04 - [WARNING] Suspicious activity detected: unauthorized_access
2025-03-18 13:00:05 - [WARNING] Suspicious activity detected: intrusion
2025-03-18 13:12:26 - [INFO] system check passed
2025-03-18 13:19:13 - [INFO] email sent
2025-03-18 13:24:20 - [INFO] system check passed
2025-03-18 13:27:31 - [WARNING] Suspicious activity detected: sql_injection
2025-03-18 13:32:19 - [INFO] email sent
2025-03-18 13:34:04 - [WARNING] Suspicious activity detected: malware
2025-03-18 13:51:02 - [INFO] email sent
2025-03-18 14:23:06 - [INFO] system check passed
2025-03-18 14:24:42 - [WARNING] Suspicious activity detected: port_scan
2025-03-18 14:27:16 - [INFO] file downloaded
2025-03-18 14:35:32 - [INFO] email sent
2025-03-18 14:35:51 - [INFO] email sent
2025-03-18 14:39:35 - [INFO] system check passed
2025-03-18 14:41:00 - [WARNING] Suspicious activity detected: brute_force
2025-03-18 14:53:39 - [INFO] file uploaded
2025-03-18 14:58:17 - [WARNING] Suspicious activity detected: brute_force
2025-03-18 15:03:40 - [INFO] config updated
2025-03-18 15:05:04 - [WARNING] Suspicious activity detected: brute_force
2025-03-18 15:06:50 - [WARNING] Suspicious activity detected: port_scan
2025-03-18 15:16:40 - [INFO] user login
2025-03-18 15:19:01 - [INFO] email sent
2025-03-18 15:21:19 - [INFO] email sent
2025-03-18 15:30:51 - [WARNING] Suspicious activity detected: brute_force
2025-03-18 15:38:27 - [WARNING] Suspicious activity detected: unauthorized_access
2025-03-18 15:56:26 - [INFO] backup completed
2025-03-18 16:43:36 - [WARNING] Suspicious activity detected: port_scan
2025-03-18 16:53:57 - [WARNING] Suspicious activity detected: ip_blocked
2025-03-18 17:10:18 - [INFO] email sent
2025-03-18 17:10:25 - [WARNING] Suspicious activity detected: intrusion
2025-03-18 17:14:12 - [WARNING] Suspicious activity detected: unauthorized_access
2025-03-18 17:16:11 - [WARNING] Suspicious activity detected: malware
2025-03-18 17:31:58 - [INFO] user login
2025-03-18 17:36:24 - [INFO] user login
2025-03-18 17:37:20 - [INFO] user login
2025-03-18 17:46:02 - [WARNING] Suspicious activity detected: malware
2025-03-18 17:49:33 - [INFO] file uploaded
2025-03-18 17:52:04 - [INFO] system check passed
2025-03-18 17:58:01 - [INFO] email sent
2025-03-18 17:58:12 - [INFO] config updated
2025-03-18 17:58:27 - [INFO] email sent
2025-03-18 18:01:10 - [INFO] backup completed
2025-03-18 18:10:26 - [WARNING] Suspicious activity detected: sql_injection
2025-03-18 18:14:01 - [INFO] backup completed
2025-03-18 18:18:55 - [INFO] file uploaded
2025-03-18 18:47:54 - [WARNING] Suspicious activity detected: brute_force
2025-03-18 18:56:16 - [WARNING] Suspicious activity detected: unauthorized_access
2025-03-18 19:09:50 - [INFO] backup completed
2025-03-18 19:17:01 - [INFO] system check passed
2025-03-18 19:22:56 - [WARNING] Suspicious activity detected: port_scan
2025-03-18 19:28:02 - [WARNING] Suspicious activity detected: malware
2025-03-18 19:30:51 - [WARNING] Suspicious activity detected: brute_force
2025-03-18 19:34:59 - [INFO] file downloaded
2025-03-18 19:47:41 - [WARNING] Suspicious activity detected: intrusion
2025-03-18 19:50:00 - [INFO] file downloaded
2025-03-18 19:54:19 - [INFO] system check passed
2025-03-18 19:58:57 - [WARNING] Suspicious activity detected: unauthorized_access
2025-03-18 20:01:33 - [WARNING] Suspicious activity detected: brute_force
2025-03-18 20:04:56 - [INFO] email sent
2025-03-18 20:17:05 - [INFO] system check passed
2025-03-18 20:31:56 - [INFO] user login
2025-03-18 20:45:26 - [INFO] user login
2025-03-18 20:53:57 - [INFO] email sent
2025-03-18 20:59:06 - [INFO] system check passed
2025-03-18 21:03:20 - [WARNING] Suspicious activity detected: malware
2025-03-18 21:11:32 - [INFO] config updated
2025-03-18 21:15:30 - [INFO] file downloaded
2025-03-18 21:23:11 - [INFO] backup completed
2025-03-18 21:40:56 - [INFO] backup completed
2025-03-18 21:48:49 - [INFO] file downloaded
2025-03-18 22:03:47 - [WARNING] Suspicious activity detected: unauthorized_access
2025-03-18 22:05:38 - [WARNING] Suspicious activity detected: sql_injection
2025-03-18 22:07:56 - [INFO] system check passed
2025-03-18 22:15:29 - [WARNING] Suspicious activity detected: brute_force
2025-03-18 22:22:54 - [WARNING] Suspicious activity detected: brute_force
2025-03-18 22:26:09 - [WARNING] Suspicious activity detected: unauthorized_access
2025-03-18 22:33:33 - [INFO] config updated
2025-03-18 22:34:38 - [INFO] config updated
2025-03-18 22:42:09 - [INFO] email sent
2025-03-18 22:48:51 - [INFO] backup completed
2025-03-18 22:55:17 - [WARNING] Suspicious activity detected: intrusion
2025-03-18 22:59:25 - [INFO] file uploaded
2025-03-18 22:59:52 - [INFO] user login
2025-03-18 23:08:39 - [WARNING] Suspicious activity detected: malware
2025-03-18 23:12:24 - [WARNING] Suspicious activity detected: brute_force
2025-03-18 23:32:38 - [INFO] email sent
2025-03-18 23:33:10 - [WARNING] Suspicious activity detected: intrusion
2025-03-18 23:35:24 - [WARNING] Suspicious activity detected: ip_blocked
2025-03-18 23:35:52 - [INFO] file uploaded
2025-03-18 23:36:42 - [WARNING] Suspicious activity detected: port_scan