2025-03-14 00:20:47 - [INFO] backup completed
2025-03-14 00:21:39 - [WARNING] Suspicious activity detected: malware
2025-03-14 00:25:55 - [INFO] system check passed
2025-03-14 00:31:21 - [WARNING] Suspicious activity detected: ip_blocked
2025-03-14 00:36:31 - [WARNING] Suspicious activity detected: intrusion
2025-03-14 00:40:34 - [INFO] file downloaded
2025-03-14 00:50:56 - [WARNING] Suspicious activity detected: brute_force
2025-03-14 00:52:59 - [WARNING] Suspicious activity detected: sql_injection
2025-03-14 01:37:59 - [WARNING] Suspicious activity detected: intrusion
2025-03-14 01:41:35 - [INFO] system check passed
2025-03-14 01:53:33 - [INFO] file downloaded
2025-03-14 02:09:14 - [WARNING] Suspicious activity detected: malware
2025-03-14 02:23:03 - [INFO] backup completed
2025-03-14 02:31:52 - [INFO] user login
2025-03-14 02:51:12 - [WARNING] Suspicious activity detected: brute_force
2025-03-14 03:01:50 - [INFO] file downloaded
2025-03-14 03:08:12 - [WARNING] Suspicious activity detected: ddos
2025-03-14 03:14:57 - [INFO] user login
2025-03-14 03:18:46 - [WARNING] Suspicious activity detected: sql_injection
2025-03-14 03:30:15 - [INFO] user login
2025-03-14 04:08:40 - [INFO] email sent
2025-03-14 04:27:33 - [WARNING] Suspicious activity detected: ddos
2025-03-14 04:28:25 - [INFO] system check passed
2025-03-14 04:28:33 - [WARNING] Suspicious activity detected: sql_injection
2025-03-14 04:46:11 - [WARNING] Suspicious activity detected: brute_force
2025-03-14 05:04:49 - [WARNING] Suspicious activity detected: sql_injection
2025-03-14 05:16:17 - [INFO] config updated
2025-03-14 05:17:51 - [WARNING] Suspicious activity detected: ip_blocked
2025-03-14 05:18:26 - [WARNING] Suspicious activity detected: sql_injection
2025-03-14 05:19:23 - [INFO] file downloaded
2025-03-14 05:21:30 - [WARNING] Suspicious activity detected: malware
2025-03-14 05:21:44 - [INFO] backup completed
2025-03-14 05:39:57 - [WARNING] Suspicious activity detected: brute_force
2025-03-14 05:50:48 - [INFO] system check passed
2025-03-14 06:21:31 - [INFO] system check passed
2025-03-14 06:35:13 - [INFO] email sent
2025-03-14 06:37:58 - [INFO] config updated
2025-03-14 06:44:35 - [WARNING] Suspicious activity detected: brute_force
2025-03-14 06:55:27 - [INFO] backup completed
2025-03-14 07:07:09 - [INFO] backup completed
2025-03-14 07:15:22 - [INFO] user login
2025-03-14 07:28:36 - [WARNING] Suspicious activity detected: sql_injection
2025-03-14 07:28:40 - [WARNING] Suspicious activity detected: sql_injection
2025-03-14 07:47:58 - [INFO] backup completed
2025-03-14 07:50:41 - [INFO] email sent
2025-03-14 07:54:36 - [WARNING] Suspicious activity detected: ip_blocked
2025-03-14 07:54:40 - [INFO] system check passed
2025-03-14 07:56:58 - [WARNING] Suspicious activity detected: brute_force
2025-03-14 08:20:16 - [INFO] email sent
2025-03-14 08:28:42 - [INFO] config updated
2025-03-14 09:05:14 - [INFO] email sent
2025-03-14 09:21:35 - [INFO] file downloaded
2025-03-14 09:22:47 - [WARNING] Suspicious activity detected: port_scan
2025-03-14 09:24:38 - [INFO] user login
2025-03-14 09:31:08 - [INFO] backup completed
2025-03-14 09:37:15 - [INFO] user login
2025-03-14 09:39:15 - [INFO] file downloaded
2025-03-14 09:48:23 - [INFO] backup completed
2025-03-14 09:55:41 - [INFO] config updated
2025-03-14 10:06:19 - [INFO] user login
2025-03-14 10:18:06 - [INFO] backup completed
2025-03-14 10:23:31 - [WARNING] Suspicious activity detected: ddos
2025-03-14 10:33:28 - [INFO] file uploaded
2025-03-14 10:37:00 - [WARNING] Suspicious activity detected: ip_blocked
2025-03-14 10:39:40 - [WARNING] Suspicious activity detected: intrusion
2025-03-14 10:40:23 - [INFO] config updated
2025-03-14 10:46:36 - [WARNING] Suspicious activity detected: port_scan
2025-03-14 10:49:31 - [INFO] user login
2025-03-14 10:59:58 - [WARNING] Suspicious activity detected: brute_force
2025-03-14 11:00:18 - [INFO] user login
2025-03-14 11:02:02 - [INFO] user login
2025-03-14 11:03:06 - [INFO] email sent
2025-03-14 11:12:47 - [WARNING] Suspicious activity detected: unauthorized_access
2025-03-14 11:14:26 - [INFO] user login
2025-03-14 11:18:24 - [WARNING] Suspicious activity detected: ddos
2025-03-14 11:42:02 - [WARNING] Suspicious activity detected: intrusion
2025-03-14 11:56:50 - [WARNING] Suspicious activity detected: ddos
2025-03-14 11:59:31 - [INFO] backup completed
2025-03-14 12:09:23 - [INFO] email sent
2025-03-14 12:19:38 - [INFO] backup completed
2025-03-14 12:24:00 - [INFO] system check passed
2025-03-14 12:27:05 - [INFO] file uploaded
2025-03-14 12:27:21 - [INFO] config updated
2025-03-14 12:44:15 - [INFO] config updated
2025-03-14 12:57:52 - [WARNING] Suspicious activity detected: port_scan
2025-03-14 13:02:59 - [INFO] email sent
2025-03-14 13:21:15 - [WARNING] Suspicious activity detected: ddos
2025-03-14 13:31:07 - [WARNING] Suspicious activity detected: port_scan
2025-03-14 13:34:58 - [INFO] system check passed
2025-03-14 13:38:26 - [WARNING] Suspicious activity detected: intrusion
2025-03-14 13:41:22 - [INFO] config updated
2025-03-14 13:44:12 - [INFO] system check passed
2025-03-14 13:54:24 - [WARNING] Suspicious activity detected: unauthorized_access
2025-03-14 14:07:29 - [INFO] file uploaded
2025-03-14 14:10:12 - [INFO] system check passed
2025-03-14 14:14:24 - [WARNING] Suspicious activity detected: ip_blocked
2025-03-14 14:14:37 - [WARNING] Suspicious activity detected: ddos
2025-03-14 14:28:20 - [WARNING] Suspicious activity detected: ddos
2025-03-14 14:47:59 - [INFO] backup completed
2025-03-14 14:54:27 - [WARNING] Suspicious activity detected: ddos
2025-03-14 15:02:33 - [INFO] config updated
2025-03-14 15:17:23 - [INFO] user login
2025-03-14 15:30:23 - [INFO] file downloaded
2025-03-14 15:30:30 - [WARNING] Suspicious activity detected: malware
2025-03-14 15:40:09 - [INFO] user login
2025-03-14 15:40:10 - [INFO] backup completed
2025-03-14 15:55:33 - [WARNING] Suspicious activity detected: ip_blocked
2025-03-14 15:57:42 - [INFO] file uploaded
2025-03-14 16:01:09 - [INFO] file downloaded
2025-03-14 16:02:58 - [INFO] config updated
2025-03-14 16:11:46 - [WARNING] Suspicious activity detected: port_scan
2025-03-14 16:13:02 - [INFO] email sent
2025-03-14 16:28:25 - [INFO] file uploaded
2025-03-14 16:29:28 - [WARNING] Suspicious activity detected: ip_blocked
2025-03-14 16:31:35 - [WARNING] Suspicious activity detected: intrusion
2025-03-14 16:41:55 - [WARNING] Suspicious activity detected: sql_injection
2025-03-14 16:51:20 - [WARNING] Suspicious activity detected: ip_blocked
2025-03-14 16:58:47 - [INFO] user login
2025-03-14 16:59:07 - [INFO] email sent
2025-03-14 17:01:17 - [INFO] config updated
2025-03-14 17:03:40 - [INFO] system check passed
2025-03-14 17:05:45 - [WARNING] Suspicious activity detected: intrusion
2025-03-14 17:06:20 - [WARNING] Suspicious activity detected: unauthorized_access
2025-03-14 17:15:35 - [WARNING] Suspicious activity detected: intrusion
2025-03-14 17:16:43 - [INFO] system check passed
2025-03-14 17:23:18 - [WARNING] Suspicious activity detected: brute_force
2025-03-14 17:51:47 - [INFO] email sent
2025-03-14 18:14:17 - [WARNING] Suspicious activity detected: malware
2025-03-14 18:22:28 - [INFO] backup completed
2025-03-14 18:25:51 - [WARNING] Suspicious activity detected: sql_injection
2025-03-14 18:32:07 - [INFO] email sent
2025-03-14 18:32:28 - [INFO] file uploaded
2025-03-14 18:35:53 - [WARNING] Suspicious activity detected: intrusion
2025-03-14 19:02:49 - [INFO] user login
2025-03-14 19:05:59 - [WARNING] Suspicious activity detected: intrusion
2025-03-14 19:14:45 - [WARNING] Suspicious activity detected: sql_injection
2025-03-14 19:23:02 - [WARNING] Suspicious activity detected: intrusion
2025-03-14 19:25:58 - [WARNING] Suspicious activity detected: brute_force
2025-03-14 19:43:02 - [INFO] config updated
2025-03-14 20:14:05 - [INFO] backup completed
2025-03-14 20:18:01 - [INFO] config updated
2025-03-14 20:20:40 - [WARNING] Suspicious activity detected: intrusion
2025-03-14 20:32:39 - [INFO] backup completed
2025-03-14 20:42:56 - [INFO] email sent
2025-03-14 20:49:01 - [WARNING] Suspicious activity detected: brute_force
2025-03-14 20:53:45 - [INFO] email sent
2025-03-14 20:55:50 - [INFO] system check passed
2025-03-14 21:02:32 - [WARNING] Suspicious activity detected: malware
2025-03-14 21:05:01 - [WARNING] Suspicious activity detected: intrusion
2025-03-14 21:05:47 - [WARNING] Suspicious activity detected: ip_blocked
2025-03-14 21:07:27 - [INFO] backup completed
2025-03-14 21:11:35 - [INFO] user login
2025-03-14 21:36:24 - [INFO] user login
2025-03-14 21:41:18 - [WARNING] Suspicious activity detected: malware
2025-03-14 21:47:55 - [WARNING] Suspicious activity detected: intrusion
2025-03-14 21:52:07 - [INFO] user login
2025-03-14 22:08:38 - [WARNING] Suspicious activity detected: unauthorized_access
2025-03-14 22:09:25 - [WARNING] Suspicious activity detected: ip_blocked
2025-03-14 22:23:39 - [WARNING] Suspicious activity detected: intrusion
2025-03-14 22:50:30 - [WARNING] Suspicious activity detected: ddos
2025-03-14 22:54:57 - [INFO] config updated
2025-03-14 23:02:16 - [INFO] file downloaded
2025-03-14 23:28:03 - [INFO] system check passed
2025-03-14 23:32:35 - [INFO] user login
2025-03-14 23:34:41 - [INFO] system check passed
2025-03-14 23:35:55 - [INFO] backup completed
2025-03-14 23:40:37 - [INFO] file downloaded
2025-03-14 23:44:01 - [WARNING] Suspicious activity detected: ip_blocked