2025-06-03 00:07:35 - [INFO] backup completed
2025-06-03 00:38:50 - [INFO] config updated
2025-06-03 00:42:40 - [WARNING] Suspicious activity detected: intrusion
2025-06-03 01:00:01 - [INFO] file downloaded
2025-06-03 01:04:55 - [INFO] backup completed
2025-06-03 01:06:41 - [INFO] file uploaded
2025-06-03 01:14:32 - [WARNING] Suspicious activity detected: ddos
2025-06-03 01:36:08 - [INFO] system check passed
2025-06-03 01:38:34 - [INFO] email sent
2025-06-03 01:53:55 - [WARNING] Suspicious activity detected: port_scan
2025-06-03 02:01:05 - [INFO] config updated
2025-06-03 02:01:28 - [INFO] system check passed
2025-06-03 02:05:10 - [WARNING] Suspicious activity detected: intrusion
2025-06-03 02:05:22 - [INFO] system check passed
2025-06-03 02:07:50 - [INFO] file uploaded
2025-06-03 02:14:02 - [WARNING] Suspicious activity detected: unauthorized_access
2025-06-03 02:16:44 - [INFO] backup completed
2025-06-03 02:45:49 - [INFO] config updated
2025-06-03 02:50:13 - [INFO] file downloaded
2025-06-03 03:09:48 - [INFO] config updated
2025-06-03 03:16:38 - [INFO] file uploaded
2025-06-03 03:22:08 - [INFO] email sent
2025-06-03 03:42:50 - [INFO] file uploaded
2025-06-03 04:00:21 - [INFO] user login
2025-06-03 04:12:46 - [WARNING] Suspicious activity detected: ip_blocked
2025-06-03 04:15:37 - [WARNING] Suspicious activity detected: port_scan
2025-06-03 04:17:31 - [WARNING] Suspicious activity detected: port_scan
2025-06-03 04:23:55 - [WARNING] Suspicious activity detected: ip_blocked
2025-06-03 04:32:11 - [WARNING] Suspicious activity detected: ddos
2025-06-03 04:32:52 - [INFO] backup completed
2025-06-03 04:35:41 - [INFO] file uploaded
2025-06-03 04:37:47 - [INFO] file uploaded
2025-06-03 04:42:18 - [WARNING] Suspicious activity detected: brute_force
2025-06-03 04:49:37 - [INFO] system check passed
2025-06-03 04:51:16 - [WARNING] Suspicious activity detected: ddos
2025-06-03 04:52:19 - [INFO] email sent
2025-06-03 04:53:13 - [WARNING] Suspicious activity detected: port_scan
2025-06-03 04:54:51 - [WARNING] Suspicious activity detected: ip_blocked
2025-06-03 05:05:04 - [INFO] user login
2025-06-03 05:06:11 - [INFO] config updated
2025-06-03 05:07:46 - [INFO] config updated
2025-06-03 05:37:01 - [INFO] user login
2025-06-03 05:46:43 - [INFO] config updated
2025-06-03 05:50:17 - [WARNING] Suspicious activity detected: ddos
2025-06-03 06:11:46 - [INFO] system check passed
2025-06-03 06:12:52 - [WARNING] Suspicious activity detected: ip_blocked
2025-06-03 06:22:09 - [INFO] config updated
2025-06-03 06:43:58 - [WARNING] Suspicious activity detected: malware
2025-06-03 06:45:58 - [WARNING] Suspicious activity detected: intrusion
2025-06-03 06:46:03 - [INFO] file uploaded
2025-06-03 06:47:12 - [INFO] file downloaded
2025-06-03 06:53:27 - [INFO] file downloaded
2025-06-03 06:53:29 - [INFO] system check passed
2025-06-03 07:05:14 - [INFO] file uploaded
2025-06-03 07:07:51 - [WARNING] Suspicious activity detected: sql_injection
2025-06-03 07:12:35 - [WARNING] Suspicious activity detected: ddos
2025-06-03 07:22:13 - [WARNING] Suspicious activity detected: brute_force
2025-06-03 07:33:33 - [INFO] file uploaded
2025-06-03 07:43:08 - [INFO] file downloaded
2025-06-03 07:45:58 - [INFO] file uploaded
2025-06-03 07:53:51 - [INFO] file downloaded
2025-06-03 08:01:50 - [INFO] config updated
2025-06-03 08:07:41 - [INFO] file uploaded
2025-06-03 08:21:11 - [WARNING] Suspicious activity detected: intrusion
2025-06-03 08:32:38 - [INFO] file uploaded
2025-06-03 08:35:53 - [WARNING] Suspicious activity detected: port_scan
2025-06-03 08:39:54 - [INFO] config updated
2025-06-03 09:01:17 - [INFO] file uploaded
2025-06-03 09:07:13 - [WARNING] Suspicious activity detected: ip_blocked
2025-06-03 09:15:03 - [WARNING] Suspicious activity detected: unauthorized_access
2025-06-03 09:18:26 - [INFO] backup completed
2025-06-03 09:55:50 - [INFO] user login
2025-06-03 09:57:31 - [INFO] email sent
2025-06-03 10:44:51 - [INFO] email sent
2025-06-03 11:08:35 - [INFO] file downloaded
2025-06-03 11:10:33 - [INFO] file downloaded
2025-06-03 11:11:47 - [INFO] user login
2025-06-03 11:13:51 - [INFO] system check passed
2025-06-03 11:40:44 - [INFO] config updated
2025-06-03 11:47:46 - [INFO] config updated
2025-06-03 11:49:58 - [INFO] file uploaded
2025-06-03 11:57:30 - [INFO] user login
2025-06-03 12:15:41 - [INFO] backup completed
2025-06-03 12:25:38 - [INFO] user login
2025-06-03 12:43:11 - [WARNING] Suspicious activity detected: malware
2025-06-03 12:53:44 - [INFO] file downloaded
2025-06-03 12:59:31 - [WARNING] Suspicious activity detected: port_scan
2025-06-03 13:15:29 - [WARNING] Suspicious activity detected: port_scan
2025-06-03 13:17:08 - [INFO] file downloaded
2025-06-03 13:21:36 - [INFO] file downloaded
2025-06-03 13:22:10 - [INFO] config updated
2025-06-03 13:25:06 - [WARNING] Suspicious activity detected: malware
2025-06-03 13:30:06 - [WARNING] Suspicious activity detected: sql_injection
2025-06-03 13:40:38 - [WARNING] Suspicious activity detected: sql_injection
2025-06-03 13:40:49 - [INFO] email sent
2025-06-03 13:41:58 - [INFO] file uploaded
2025-06-03 13:47:29 - [WARNING] Suspicious activity detected: ip_blocked
2025-06-03 14:10:30 - [INFO] system check passed
2025-06-03 14:15:40 - [WARNING] Suspicious activity detected: ip_blocked
2025-06-03 14:16:29 - [INFO] file downloaded
2025-06-03 14:32:34 - [WARNING] Suspicious activity detected: ddos
2025-06-03 14:49:03 - [WARNING] Suspicious activity detected: port_scan
2025-06-03 14:49:08 - [WARNING] Suspicious activity detected: port_scan
2025-06-03 15:00:27 - [INFO] config updated
2025-06-03 15:02:46 - [INFO] user login
2025-06-03 15:04:36 - [WARNING] Suspicious activity detected: ip_blocked
2025-06-03 15:05:37 - [INFO] file uploaded
2025-06-03 15:08:19 - [WARNING] Suspicious activity detected: ddos
2025-06-03 15:09:06 - [WARNING] Suspicious activity detected: ip_blocked
2025-06-03 15:25:06 - [INFO] config updated
2025-06-03 15:27:25 - [WARNING] Suspicious activity detected: ddos
2025-06-03 15:35:52 - [INFO] email sent
2025-06-03 15:39:24 - [INFO] config updated
2025-06-03 15:55:18 - [WARNING] Suspicious activity detected: port_scan
2025-06-03 16:03:09 - [INFO] file uploaded
2025-06-03 16:14:36 - [WARNING] Suspicious activity detected: intrusion
2025-06-03 16:15:15 - [INFO] backup completed
2025-06-03 16:29:06 - [WARNING] Suspicious activity detected: unauthorized_access
2025-06-03 16:39:38 - [WARNING] Suspicious activity detected: intrusion
2025-06-03 16:47:53 - [INFO] backup completed
2025-06-03 16:56:43 - [INFO] user login
2025-06-03 17:16:11 - [INFO] config updated
2025-06-03 17:21:09 - [WARNING] Suspicious activity detected: malware
2025-06-03 17:25:18 - [INFO] config updated
2025-06-03 17:26:35 - [WARNING] Suspicious activity detected: malware
2025-06-03 17:33:49 - [INFO] user login
2025-06-03 17:47:21 - [INFO] file downloaded
2025-06-03 17:49:57 - [INFO] file uploaded
2025-06-03 18:06:26 - [INFO] file downloaded
2025-06-03 18:33:57 - [WARNING] Suspicious activity detected: intrusion
2025-06-03 18:33:58 - [INFO] system check passed
2025-06-03 18:52:11 - [INFO] file uploaded
2025-06-03 19:03:37 - [WARNING] Suspicious activity detected: malware
2025-06-03 19:08:19 - [WARNING] Suspicious activity detected: ip_blocked
2025-06-03 19:24:33 - [WARNING] Suspicious activity detected: intrusion
2025-06-03 19:29:41 - [WARNING] Suspicious activity detected: malware
2025-06-03 19:32:12 - [INFO] config updated
2025-06-03 19:45:47 - [INFO] file downloaded
2025-06-03 19:48:16 - [INFO] email sent
2025-06-03 20:13:44 - [WARNING] Suspicious activity detected: intrusion
2025-06-03 20:21:03 - [INFO] email sent
2025-06-03 20:24:59 - [INFO] email sent
2025-06-03 20:27:42 - [WARNING] Suspicious activity detected: unauthorized_access
2025-06-03 20:32:08 - [WARNING] Suspicious activity detected: port_scan
2025-06-03 20:49:10 - [INFO] email sent
2025-06-03 20:50:31 - [WARNING] Suspicious activity detected: malware
2025-06-03 20:52:13 - [WARNING] Suspicious activity detected: ddos
2025-06-03 20:56:44 - [INFO] config updated
2025-06-03 20:58:42 - [WARNING] Suspicious activity detected: brute_force
2025-06-03 21:12:18 - [WARNING] Suspicious activity detected: ip_blocked
2025-06-03 21:21:26 - [INFO] backup completed
2025-06-03 21:22:42 - [WARNING] Suspicious activity detected: malware
2025-06-03 21:25:00 - [INFO] user login
2025-06-03 21:25:59 - [INFO] system check passed
2025-06-03 21:45:50 - [INFO] config updated
2025-06-03 22:06:01 - [WARNING] Suspicious activity detected: sql_injection
2025-06-03 22:20:38 - [WARNING] Suspicious activity detected: intrusion
2025-06-03 22:22:24 - [WARNING] Suspicious activity detected: ddos
2025-06-03 22:27:47 - [WARNING] Suspicious activity detected: malware
2025-06-03 22:30:17 - [INFO] user login
2025-06-03 22:35:00 - [INFO] system check passed
2025-06-03 22:53:34 - [WARNING] Suspicious activity detected: sql_injection
2025-06-03 23:00:10 - [INFO] file downloaded
2025-06-03 23:07:09 - [INFO] system check passed
2025-06-03 23:21:47 - [INFO] system check passed
2025-06-03 23:26:04 - [WARNING] Suspicious activity detected: ddos
2025-06-03 23:29:16 - [INFO] config updated
2025-06-03 23:36:31 - [WARNING] Suspicious activity detected: ddos
2025-06-03 23:39:27 - [WARNING] Suspicious activity detected: sql_injection
2025-06-03 23:51:46 - [INFO] backup completed
2025-06-03 23:56:33 - [INFO] config updated
2025-06-03 23:56:49 - [WARNING] Suspicious activity detected: intrusion