2025-04-11 00:00:50 - [INFO] config updated
2025-04-11 00:10:20 - [INFO] user login
2025-04-11 00:36:16 - [INFO] user login
2025-04-11 00:44:12 - [WARNING] Suspicious activity detected: unauthorized_access
2025-04-11 00:48:06 - [INFO] file uploaded
2025-04-11 00:56:01 - [INFO] email sent
2025-04-11 01:00:14 - [INFO] email sent
2025-04-11 01:02:19 - [WARNING] Suspicious activity detected: port_scan
2025-04-11 01:20:02 - [WARNING] Suspicious activity detected: ddos
2025-04-11 01:24:44 - [INFO] file downloaded
2025-04-11 01:35:00 - [INFO] backup completed
2025-04-11 02:00:22 - [INFO] email sent
2025-04-11 02:17:26 - [WARNING] Suspicious activity detected: ip_blocked
2025-04-11 02:34:41 - [INFO] file uploaded
2025-04-11 02:43:55 - [WARNING] Suspicious activity detected: port_scan
2025-04-11 02:49:11 - [INFO] file uploaded
2025-04-11 02:57:23 - [INFO] file uploaded
2025-04-11 02:58:33 - [WARNING] Suspicious activity detected: brute_force
2025-04-11 03:00:17 - [WARNING] Suspicious activity detected: ip_blocked
2025-04-11 03:00:41 - [INFO] config updated
2025-04-11 03:06:49 - [INFO] email sent
2025-04-11 03:22:11 - [INFO] system check passed
2025-04-11 03:23:37 - [INFO] user login
2025-04-11 03:35:37 - [WARNING] Suspicious activity detected: unauthorized_access
2025-04-11 03:36:37 - [INFO] file downloaded
2025-04-11 03:44:55 - [WARNING] Suspicious activity detected: sql_injection
2025-04-11 03:49:57 - [WARNING] Suspicious activity detected: ddos
2025-04-11 04:11:05 - [WARNING] Suspicious activity detected: ddos
2025-04-11 04:15:14 - [INFO] config updated
2025-04-11 04:17:19 - [INFO] backup completed
2025-04-11 04:20:37 - [WARNING] Suspicious activity detected: ddos
2025-04-11 04:22:11 - [INFO] config updated
2025-04-11 04:32:49 - [WARNING] Suspicious activity detected: ddos
2025-04-11 04:37:54 - [INFO] system check passed
2025-04-11 04:45:19 - [INFO] file downloaded
2025-04-11 04:46:03 - [INFO] backup completed
2025-04-11 04:54:06 - [WARNING] Suspicious activity detected: ip_blocked
2025-04-11 04:55:35 - [WARNING] Suspicious activity detected: unauthorized_access
2025-04-11 04:58:29 - [WARNING] Suspicious activity detected: port_scan
2025-04-11 04:59:33 - [INFO] backup completed
2025-04-11 05:01:46 - [INFO] email sent
2025-04-11 05:02:37 - [INFO] backup completed
2025-04-11 05:10:30 - [INFO] system check passed
2025-04-11 05:15:55 - [WARNING] Suspicious activity detected: ddos
2025-04-11 05:27:49 - [WARNING] Suspicious activity detected: malware
2025-04-11 05:37:15 - [INFO] config updated
2025-04-11 05:48:22 - [INFO] file uploaded
2025-04-11 05:52:58 - [INFO] user login
2025-04-11 05:53:10 - [INFO] file downloaded
2025-04-11 05:55:15 - [INFO] backup completed
2025-04-11 05:57:51 - [WARNING] Suspicious activity detected: ip_blocked
2025-04-11 06:03:46 - [INFO] file uploaded
2025-04-11 06:14:32 - [WARNING] Suspicious activity detected: unauthorized_access
2025-04-11 06:16:04 - [WARNING] Suspicious activity detected: malware
2025-04-11 06:22:47 - [WARNING] Suspicious activity detected: port_scan
2025-04-11 06:22:58 - [WARNING] Suspicious activity detected: brute_force
2025-04-11 06:28:55 - [INFO] system check passed
2025-04-11 06:38:09 - [WARNING] Suspicious activity detected: malware
2025-04-11 06:40:22 - [INFO] config updated
2025-04-11 06:57:08 - [INFO] file uploaded
2025-04-11 07:09:45 - [INFO] file uploaded
2025-04-11 07:17:46 - [INFO] file downloaded
2025-04-11 07:21:50 - [INFO] system check passed
2025-04-11 07:25:18 - [INFO] backup completed
2025-04-11 07:33:16 - [WARNING] Suspicious activity detected: intrusion
2025-04-11 08:06:18 - [INFO] file downloaded
2025-04-11 08:10:54 - [INFO] email sent
2025-04-11 08:16:29 - [INFO] file downloaded
2025-04-11 08:29:01 - [WARNING] Suspicious activity detected: unauthorized_access
2025-04-11 08:31:08 - [INFO] config updated
2025-04-11 08:31:36 - [INFO] user login
2025-04-11 08:37:08 - [INFO] email sent
2025-04-11 08:42:34 - [INFO] backup completed
2025-04-11 08:45:59 - [INFO] config updated
2025-04-11 08:50:28 - [INFO] config updated
2025-04-11 08:59:13 - [INFO] file uploaded
2025-04-11 09:12:42 - [INFO] backup completed
2025-04-11 09:13:17 - [INFO] file downloaded
2025-04-11 09:16:13 - [WARNING] Suspicious activity detected: ip_blocked
2025-04-11 09:18:24 - [INFO] system check passed
2025-04-11 09:24:06 - [WARNING] Suspicious activity detected: port_scan
2025-04-11 09:41:55 - [INFO] config updated
2025-04-11 10:01:03 - [WARNING] Suspicious activity detected: intrusion
2025-04-11 10:09:17 - [WARNING] Suspicious activity detected: malware
2025-04-11 10:23:37 - [WARNING] Suspicious activity detected: port_scan
2025-04-11 10:36:07 - [INFO] file uploaded
2025-04-11 10:38:36 - [INFO] email sent
2025-04-11 10:42:28 - [INFO] user login
2025-04-11 10:48:27 - [INFO] system check passed
2025-04-11 10:58:00 - [INFO] backup completed
2025-04-11 11:03:57 - [INFO] email sent
2025-04-11 11:03:59 - [WARNING] Suspicious activity detected: port_scan
2025-04-11 11:07:26 - [INFO] email sent
2025-04-11 11:19:20 - [WARNING] Suspicious activity detected: port_scan
2025-04-11 11:27:10 - [INFO] config updated
2025-04-11 11:31:47 - [WARNING] Suspicious activity detected: port_scan
2025-04-11 11:53:29 - [INFO] system check passed
2025-04-11 12:00:32 - [INFO] system check passed
2025-04-11 12:02:01 - [INFO] system check passed
2025-04-11 12:07:43 - [INFO] config updated
2025-04-11 12:12:24 - [INFO] file uploaded
2025-04-11 12:27:28 - [WARNING] Suspicious activity detected: brute_force
2025-04-11 12:54:13 - [WARNING] Suspicious activity detected: ddos
2025-04-11 13:11:11 - [INFO] user login
2025-04-11 13:23:14 - [WARNING] Suspicious activity detected: unauthorized_access
2025-04-11 13:27:11 - [INFO] file downloaded
2025-04-11 13:35:10 - [INFO] system check passed
2025-04-11 13:50:02 - [INFO] file uploaded
2025-04-11 13:50:48 - [WARNING] Suspicious activity detected: malware
2025-04-11 14:28:07 - [INFO] file downloaded
2025-04-11 14:30:20 - [INFO] backup completed
2025-04-11 15:03:05 - [WARNING] Suspicious activity detected: ddos
2025-04-11 15:05:48 - [INFO] backup completed
2025-04-11 15:08:44 - [INFO] file downloaded
2025-04-11 15:09:39 - [INFO] backup completed
2025-04-11 15:10:18 - [INFO] system check passed
2025-04-11 15:15:18 - [WARNING] Suspicious activity detected: port_scan
2025-04-11 15:22:39 - [INFO] user login
2025-04-11 15:32:40 - [WARNING] Suspicious activity detected: port_scan
2025-04-11 15:52:34 - [INFO] file downloaded
2025-04-11 15:55:49 - [INFO] system check passed
2025-04-11 15:57:45 - [WARNING] Suspicious activity detected: malware
2025-04-11 16:17:02 - [WARNING] Suspicious activity detected: unauthorized_access
2025-04-11 16:27:54 - [INFO] config updated
2025-04-11 16:29:07 - [WARNING] Suspicious activity detected: intrusion
2025-04-11 16:46:31 - [INFO] file uploaded
2025-04-11 17:06:31 - [INFO] user login
2025-04-11 17:07:32 - [INFO] file uploaded
2025-04-11 17:20:07 - [INFO] file downloaded
2025-04-11 17:20:09 - [INFO] file downloaded
2025-04-11 17:41:44 - [INFO] system check passed
2025-04-11 17:50:07 - [INFO] config updated
2025-04-11 17:50:37 - [INFO] file downloaded
2025-04-11 17:54:03 - [INFO] system check passed
2025-04-11 17:54:29 - [INFO] config updated
2025-04-11 17:59:27 - [WARNING] Suspicious activity detected: malware
2025-04-11 17:59:51 - [INFO] file uploaded
2025-04-11 18:01:42 - [WARNING] Suspicious activity detected: malware
2025-04-11 18:04:43 - [WARNING] Suspicious activity detected: ip_blocked
2025-04-11 18:05:31 - [INFO] email sent
2025-04-11 18:10:43 - [INFO] user login
2025-04-11 18:17:49 - [INFO] file uploaded
2025-04-11 18:19:42 - [INFO] config updated
2025-04-11 18:27:00 - [INFO] email sent
2025-04-11 18:39:45 - [INFO] email sent
2025-04-11 18:43:47 - [WARNING] Suspicious activity detected: sql_injection
2025-04-11 18:51:10 - [WARNING] Suspicious activity detected: brute_force
2025-04-11 18:53:32 - [INFO] system check passed
2025-04-11 19:31:00 - [INFO] file uploaded
2025-04-11 19:32:32 - [INFO] file uploaded
2025-04-11 19:43:51 - [INFO] config updated
2025-04-11 19:51:05 - [INFO] user login
2025-04-11 19:55:18 - [INFO] system check passed
2025-04-11 20:00:04 - [WARNING] Suspicious activity detected: port_scan
2025-04-11 20:26:25 - [WARNING] Suspicious activity detected: ddos
2025-04-11 20:27:39 - [WARNING] Suspicious activity detected: unauthorized_access
2025-04-11 20:29:30 - [INFO] config updated
2025-04-11 20:32:54 - [INFO] user login
2025-04-11 20:39:10 - [INFO] file downloaded
2025-04-11 20:46:25 - [WARNING] Suspicious activity detected: ip_blocked
2025-04-11 20:49:43 - [WARNING] Suspicious activity detected: intrusion
2025-04-11 20:55:32 - [INFO] email sent
2025-04-11 21:15:52 - [WARNING] Suspicious activity detected: unauthorized_access
2025-04-11 21:39:34 - [INFO] file uploaded
2025-04-11 21:40:41 - [INFO] email sent
2025-04-11 21:43:15 - [INFO] user login
2025-04-11 22:00:06 - [INFO] config updated
2025-04-11 22:01:46 - [WARNING] Suspicious activity detected: port_scan
2025-04-11 22:05:28 - [INFO] email sent
2025-04-11 22:18:36 - [WARNING] Suspicious activity detected: port_scan
2025-04-11 22:18:36 - [INFO] file downloaded
2025-04-11 22:19:32 - [WARNING] Suspicious activity detected: unauthorized_access
2025-04-11 22:39:36 - [WARNING] Suspicious activity detected: sql_injection
2025-04-11 22:51:47 - [INFO] config updated
2025-04-11 22:53:40 - [INFO] user login
2025-04-11 22:56:02 - [WARNING] Suspicious activity detected: intrusion
2025-04-11 23:05:10 - [INFO] file downloaded
2025-04-11 23:13:23 - [INFO] file uploaded
2025-04-11 23:13:25 - [INFO] system check passed
2025-04-11 23:39:05 - [WARNING] Suspicious activity detected: ip_blocked