2025-05-20 00:00:25 - [INFO] file uploaded
2025-05-20 00:02:47 - [INFO] config updated
2025-05-20 00:03:28 - [INFO] email sent
2025-05-20 00:21:27 - [INFO] config updated
2025-05-20 00:21:46 - [WARNING] Suspicious activity detected: brute_force
2025-05-20 00:24:21 - [INFO] email sent
2025-05-20 00:32:59 - [INFO] config updated
2025-05-20 00:44:38 - [INFO] system check passed
2025-05-20 00:49:15 - [INFO] backup completed
2025-05-20 00:52:03 - [INFO] backup completed
2025-05-20 01:01:35 - [INFO] config updated
2025-05-20 01:29:31 - [INFO] file downloaded
2025-05-20 01:34:31 - [INFO] config updated
2025-05-20 01:41:42 - [WARNING] Suspicious activity detected: ip_blocked
2025-05-20 02:05:43 - [WARNING] Suspicious activity detected: ip_blocked
2025-05-20 02:16:27 - [INFO] file downloaded
2025-05-20 02:17:12 - [INFO] user login
2025-05-20 02:22:18 - [WARNING] Suspicious activity detected: brute_force
2025-05-20 02:23:47 - [WARNING] Suspicious activity detected: intrusion
2025-05-20 02:30:47 - [INFO] file downloaded
2025-05-20 02:35:40 - [INFO] backup completed
2025-05-20 02:36:29 - [INFO] backup completed
2025-05-20 02:48:23 - [INFO] user login
2025-05-20 02:53:44 - [INFO] config updated
2025-05-20 02:55:07 - [INFO] file uploaded
2025-05-20 02:55:46 - [WARNING] Suspicious activity detected: port_scan
2025-05-20 03:01:08 - [INFO] config updated
2025-05-20 03:02:35 - [INFO] system check passed
2025-05-20 03:11:56 - [INFO] config updated
2025-05-20 03:19:43 - [INFO] file downloaded
2025-05-20 03:45:17 - [INFO] backup completed
2025-05-20 03:47:02 - [WARNING] Suspicious activity detected: intrusion
2025-05-20 03:48:07 - [INFO] config updated
2025-05-20 03:52:46 - [INFO] config updated
2025-05-20 03:57:38 - [INFO] file downloaded
2025-05-20 04:05:55 - [INFO] file uploaded
2025-05-20 04:26:47 - [INFO] backup completed
2025-05-20 04:26:50 - [INFO] backup completed
2025-05-20 04:43:58 - [INFO] backup completed
2025-05-20 04:57:41 - [INFO] backup completed
2025-05-20 05:03:29 - [WARNING] Suspicious activity detected: port_scan
2025-05-20 05:05:09 - [WARNING] Suspicious activity detected: ip_blocked
2025-05-20 05:06:44 - [WARNING] Suspicious activity detected: sql_injection
2025-05-20 05:14:10 - [INFO] system check passed
2025-05-20 05:20:51 - [INFO] system check passed
2025-05-20 05:33:26 - [INFO] user login
2025-05-20 05:49:33 - [INFO] email sent
2025-05-20 05:51:17 - [INFO] system check passed
2025-05-20 05:52:55 - [INFO] file downloaded
2025-05-20 06:09:58 - [WARNING] Suspicious activity detected: malware
2025-05-20 06:12:20 - [INFO] user login
2025-05-20 06:17:42 - [WARNING] Suspicious activity detected: sql_injection
2025-05-20 06:29:33 - [INFO] config updated
2025-05-20 06:32:23 - [WARNING] Suspicious activity detected: port_scan
2025-05-20 06:40:33 - [INFO] file uploaded
2025-05-20 06:44:44 - [INFO] file downloaded
2025-05-20 07:04:39 - [INFO] user login
2025-05-20 07:17:06 - [INFO] config updated
2025-05-20 07:21:25 - [INFO] backup completed
2025-05-20 07:32:36 - [INFO] backup completed
2025-05-20 07:36:07 - [INFO] email sent
2025-05-20 07:48:24 - [INFO] user login
2025-05-20 07:52:54 - [WARNING] Suspicious activity detected: intrusion
2025-05-20 07:59:48 - [WARNING] Suspicious activity detected: ddos
2025-05-20 08:10:33 - [INFO] system check passed
2025-05-20 08:19:20 - [INFO] email sent
2025-05-20 08:25:23 - [INFO] email sent
2025-05-20 08:31:46 - [INFO] user login
2025-05-20 08:42:38 - [INFO] config updated
2025-05-20 08:55:09 - [INFO] file uploaded
2025-05-20 09:02:11 - [INFO] system check passed
2025-05-20 09:02:37 - [INFO] email sent
2025-05-20 09:38:59 - [INFO] system check passed
2025-05-20 09:45:13 - [WARNING] Suspicious activity detected: sql_injection
2025-05-20 09:56:53 - [WARNING] Suspicious activity detected: intrusion
2025-05-20 09:58:15 - [WARNING] Suspicious activity detected: ddos
2025-05-20 09:59:07 - [INFO] config updated
2025-05-20 10:03:34 - [WARNING] Suspicious activity detected: malware
2025-05-20 10:05:14 - [INFO] backup completed
2025-05-20 10:19:07 - [INFO] config updated
2025-05-20 10:51:13 - [WARNING] Suspicious activity detected: malware
2025-05-20 11:03:48 - [INFO] backup completed
2025-05-20 11:08:59 - [INFO] system check passed
2025-05-20 11:10:48 - [INFO] backup completed
2025-05-20 11:21:54 - [INFO] file downloaded
2025-05-20 11:22:10 - [INFO] file uploaded
2025-05-20 11:26:38 - [INFO] user login
2025-05-20 11:30:04 - [INFO] email sent
2025-05-20 11:37:32 - [WARNING] Suspicious activity detected: port_scan
2025-05-20 11:43:32 - [INFO] file uploaded
2025-05-20 11:48:26 - [INFO] file uploaded
2025-05-20 12:15:53 - [INFO] file uploaded
2025-05-20 12:22:08 - [INFO] backup completed
2025-05-20 12:26:51 - [INFO] file downloaded
2025-05-20 12:29:53 - [INFO] file uploaded
2025-05-20 12:32:59 - [INFO] user login
2025-05-20 12:37:15 - [WARNING] Suspicious activity detected: ip_blocked
2025-05-20 12:40:29 - [WARNING] Suspicious activity detected: sql_injection
2025-05-20 12:53:43 - [WARNING] Suspicious activity detected: intrusion
2025-05-20 12:56:15 - [WARNING] Suspicious activity detected: unauthorized_access
2025-05-20 13:00:21 - [INFO] config updated
2025-05-20 13:10:25 - [INFO] system check passed
2025-05-20 13:12:50 - [INFO] email sent
2025-05-20 13:15:48 - [INFO] backup completed
2025-05-20 13:18:59 - [INFO] file uploaded
2025-05-20 13:20:43 - [INFO] system check passed
2025-05-20 13:21:41 - [INFO] config updated
2025-05-20 13:30:09 - [INFO] system check passed
2025-05-20 13:32:10 - [INFO] backup completed
2025-05-20 13:50:34 - [INFO] user login
2025-05-20 14:01:47 - [INFO] user login
2025-05-20 14:15:11 - [INFO] config updated
2025-05-20 14:16:57 - [INFO] system check passed
2025-05-20 14:17:23 - [INFO] file downloaded
2025-05-20 14:37:29 - [INFO] email sent
2025-05-20 14:49:56 - [INFO] file downloaded
2025-05-20 15:16:38 - [INFO] config updated
2025-05-20 15:17:35 - [INFO] file downloaded
2025-05-20 15:27:50 - [INFO] backup completed
2025-05-20 15:32:43 - [INFO] system check passed
2025-05-20 15:48:29 - [INFO] system check passed
2025-05-20 15:53:32 - [INFO] user login
2025-05-20 15:56:50 - [WARNING] Suspicious activity detected: malware
2025-05-20 16:04:31 - [WARNING] Suspicious activity detected: sql_injection
2025-05-20 16:20:02 - [INFO] email sent
2025-05-20 16:23:23 - [INFO] backup completed
2025-05-20 16:24:03 - [INFO] file uploaded
2025-05-20 16:25:56 - [INFO] email sent
2025-05-20 16:31:06 - [INFO] config updated
2025-05-20 17:10:20 - [INFO] system check passed
2025-05-20 17:20:29 - [INFO] system check passed
2025-05-20 17:25:00 - [INFO] email sent
2025-05-20 17:33:47 - [WARNING] Suspicious activity detected: sql_injection
2025-05-20 17:36:08 - [INFO] file downloaded
2025-05-20 17:37:09 - [INFO] backup completed
2025-05-20 17:37:28 - [INFO] email sent
2025-05-20 17:37:35 - [WARNING] Suspicious activity detected: malware
2025-05-20 17:48:02 - [INFO] user login
2025-05-20 17:49:07 - [INFO] file downloaded
2025-05-20 17:59:41 - [INFO] file downloaded
2025-05-20 18:06:16 - [WARNING] Suspicious activity detected: ip_blocked
2025-05-20 18:18:05 - [INFO] config updated
2025-05-20 18:21:59 - [INFO] user login
2025-05-20 18:36:10 - [INFO] email sent
2025-05-20 18:36:36 - [INFO] config updated
2025-05-20 18:37:14 - [INFO] backup completed
2025-05-20 18:44:22 - [WARNING] Suspicious activity detected: malware
2025-05-20 18:45:01 - [INFO] config updated
2025-05-20 18:48:05 - [WARNING] Suspicious activity detected: ddos
2025-05-20 19:09:34 - [WARNING] Suspicious activity detected: brute_force
2025-05-20 19:19:26 - [INFO] user login
2025-05-20 19:29:32 - [INFO] config updated
2025-05-20 19:31:06 - [WARNING] Suspicious activity detected: ddos
2025-05-20 19:33:08 - [INFO] email sent
2025-05-20 19:33:23 - [INFO] file uploaded
2025-05-20 19:37:32 - [INFO] file uploaded
2025-05-20 19:50:45 - [INFO] backup completed
2025-05-20 20:13:23 - [WARNING] Suspicious activity detected: unauthorized_access
2025-05-20 20:19:48 - [INFO] config updated
2025-05-20 20:21:14 - [INFO] user login
2025-05-20 20:24:37 - [INFO] user login
2025-05-20 20:25:05 - [INFO] backup completed
2025-05-20 20:37:32 - [INFO] config updated
2025-05-20 20:45:06 - [INFO] email sent
2025-05-20 20:56:01 - [INFO] user login
2025-05-20 20:59:19 - [INFO] email sent
2025-05-20 21:33:41 - [WARNING] Suspicious activity detected: ip_blocked
2025-05-20 21:34:08 - [WARNING] Suspicious activity detected: malware
2025-05-20 21:38:28 - [INFO] file uploaded
2025-05-20 22:09:44 - [INFO] file downloaded
2025-05-20 22:27:28 - [INFO] system check passed
2025-05-20 22:39:28 - [INFO] config updated
2025-05-20 22:39:58 - [INFO] system check passed
2025-05-20 23:12:09 - [INFO] config updated
2025-05-20 23:21:11 - [INFO] file uploaded
2025-05-20 23:32:52 - [WARNING] Suspicious activity detected: sql_injection
2025-05-20 23:47:03 - [WARNING] Suspicious activity detected: port_scan
2025-05-20 23:54:00 - [INFO] system check passed